
#############################################################################

1、时间：2016-11-24 14:07:29,623
2、优先级别：INFO
3、线程ID：7
4、耗时：20297
5、行号：120
6、文件名：f:\Net_Project.DosORM\Project\Dos.ORM\Dos.ORM.Common\Helpers\LogHelper.cs
7、详细信息：登录登出
    日志描述：秦波对【登录系统】进行“登录”操作
    操作人员：秦波[0ad06755-9fde-4ddd-9dcb-448462155a03]
    操作地址：/MsSys/Login/CheckLogin
    操作结果：登录成功
    操作描述：登录成功！
    IP地址：127.0.0.1
    浏览器：Chrome 54.0
    操作系统：Windows 10
    记录时间：2016 11 24 14:07:29:2536
    详细数据：【{"LogId":"6c22f6d8-7893-4d3a-bdc4-424f09df4e7c","LogTypeId":100,"LogTypeName":"登录登出","CompanyId":"078736e6-0cc2-48dc-80f1-6330419b4af1","DataId":null,"OptUserId":"0ad06755-9fde-4ddd-9dcb-448462155a03","OptUserName":"秦波","OptTime":"2016-11-24 14:07:29","OptModuleName":"登录系统","OptModulePath":"/MsSys/Login/CheckLogin","OptTypeId":2001,"OptTypeName":"登录","OptResultId":300,"OptResultName":"登录成功","OptSystem":"Windows 10","Browser":"Chrome 54.0","IP":"127.0.0.1","Mac":"40:8D:5C:30:F1:7D","Desc":"登录成功！","Status":1}】

#############################################################################

1、时间：2016-11-24 14:07:38,974
2、优先级别：INFO
3、线程ID：9
4、耗时：29648
5、行号：120
6、文件名：f:\Net_Project.DosORM\Project\Dos.ORM\Dos.ORM.Common\Helpers\LogHelper.cs
7、详细信息：数据操作
    日志描述：秦波对【部门管理】进行“查询”操作
    操作人员：秦波[0ad06755-9fde-4ddd-9dcb-448462155a03]
    操作地址：/MsSys/Department/GetList
    操作结果：操作成功
    操作描述：数据查询成功！
    IP地址：127.0.0.1
    浏览器：Chrome 54.0
    操作系统：Windows 10
    记录时间：2016 11 24 14:07:38:9123
    详细数据：【{"LogId":"1808025e-391c-48ad-99c0-dd2d0c02b5d5","LogTypeId":101,"LogTypeName":"数据操作","CompanyId":"078736e6-0cc2-48dc-80f1-6330419b4af1","DataId":null,"OptUserId":"0ad06755-9fde-4ddd-9dcb-448462155a03","OptUserName":"秦波","OptTime":"2016-11-24 14:07:38","OptModuleName":"部门管理","OptModulePath":"/MsSys/Department/GetList","OptTypeId":1003,"OptTypeName":"查询","OptResultId":100,"OptResultName":"操作成功","OptSystem":"Windows 10","Browser":"Chrome 54.0","IP":"127.0.0.1","Mac":"40:8D:5C:30:F1:7D","Desc":"数据查询成功！","Status":1}】

#############################################################################

1、时间：2016-11-24 14:07:43,324
2、优先级别：INFO
3、线程ID：8
4、耗时：33997
5、行号：120
6、文件名：f:\Net_Project.DosORM\Project\Dos.ORM\Dos.ORM.Common\Helpers\LogHelper.cs
7、详细信息：数据操作
    日志描述：秦波对【管理员管理】进行“查询”操作
    操作人员：秦波[0ad06755-9fde-4ddd-9dcb-448462155a03]
    操作地址：/MsSys/Operator/GetList
    操作结果：操作成功
    操作描述：数据查询成功！
    IP地址：127.0.0.1
    浏览器：Chrome 54.0
    操作系统：Windows 10
    记录时间：2016 11 24 14:07:43:2738
    详细数据：【{"LogId":"da045164-c7b0-407b-9038-74fbc274108e","LogTypeId":101,"LogTypeName":"数据操作","CompanyId":"078736e6-0cc2-48dc-80f1-6330419b4af1","DataId":null,"OptUserId":"0ad06755-9fde-4ddd-9dcb-448462155a03","OptUserName":"秦波","OptTime":"2016-11-24 14:07:43","OptModuleName":"管理员管理","OptModulePath":"/MsSys/Operator/GetList","OptTypeId":1003,"OptTypeName":"查询","OptResultId":100,"OptResultName":"操作成功","OptSystem":"Windows 10","Browser":"Chrome 54.0","IP":"127.0.0.1","Mac":"40:8D:5C:30:F1:7D","Desc":"数据查询成功！","Status":1}】

#############################################################################

1、时间：2016-11-24 14:07:55,692
2、优先级别：INFO
3、线程ID：7
4、耗时：46366
5、行号：120
6、文件名：f:\Net_Project.DosORM\Project\Dos.ORM\Dos.ORM.Common\Helpers\LogHelper.cs
7、详细信息：数据操作
    日志描述：秦波对【管理员管理】进行“查询”操作
    操作人员：秦波[0ad06755-9fde-4ddd-9dcb-448462155a03]
    操作地址：/MsSys/Operator/GetList
    操作结果：操作成功
    操作描述：数据查询成功！
    IP地址：127.0.0.1
    浏览器：Chrome 54.0
    操作系统：Windows 10
    记录时间：2016 11 24 14:07:55:6618
    详细数据：【{"LogId":"6fdb57b4-1e2a-4284-916b-7bf95267ae2c","LogTypeId":101,"LogTypeName":"数据操作","CompanyId":"078736e6-0cc2-48dc-80f1-6330419b4af1","DataId":null,"OptUserId":"0ad06755-9fde-4ddd-9dcb-448462155a03","OptUserName":"秦波","OptTime":"2016-11-24 14:07:55","OptModuleName":"管理员管理","OptModulePath":"/MsSys/Operator/GetList","OptTypeId":1003,"OptTypeName":"查询","OptResultId":100,"OptResultName":"操作成功","OptSystem":"Windows 10","Browser":"Chrome 54.0","IP":"127.0.0.1","Mac":"40:8D:5C:30:F1:7D","Desc":"数据查询成功！","Status":1}】

#############################################################################

1、时间：2016-11-24 14:07:57,239
2、优先级别：INFO
3、线程ID：10
4、耗时：47912
5、行号：120
6、文件名：f:\Net_Project.DosORM\Project\Dos.ORM\Dos.ORM.Common\Helpers\LogHelper.cs
7、详细信息：数据操作
    日志描述：秦波对【管理员管理】进行“查询”操作
    操作人员：秦波[0ad06755-9fde-4ddd-9dcb-448462155a03]
    操作地址：/MsSys/Operator/GetList
    操作结果：操作成功
    操作描述：数据查询成功！
    IP地址：127.0.0.1
    浏览器：Chrome 54.0
    操作系统：Windows 10
    记录时间：2016 11 24 14:07:57:2285
    详细数据：【{"LogId":"b1c13617-0af0-4c1f-817e-ea4fe0ac7ca9","LogTypeId":101,"LogTypeName":"数据操作","CompanyId":"078736e6-0cc2-48dc-80f1-6330419b4af1","DataId":null,"OptUserId":"0ad06755-9fde-4ddd-9dcb-448462155a03","OptUserName":"秦波","OptTime":"2016-11-24 14:07:57","OptModuleName":"管理员管理","OptModulePath":"/MsSys/Operator/GetList","OptTypeId":1003,"OptTypeName":"查询","OptResultId":100,"OptResultName":"操作成功","OptSystem":"Windows 10","Browser":"Chrome 54.0","IP":"127.0.0.1","Mac":"40:8D:5C:30:F1:7D","Desc":"数据查询成功！","Status":1}】

#############################################################################

1、时间：2016-11-24 14:13:33,314
2、优先级别：INFO
3、线程ID：8
4、耗时：383987
5、行号：120
6、文件名：f:\Net_Project.DosORM\Project\Dos.ORM\Dos.ORM.Common\Helpers\LogHelper.cs
7、详细信息：数据操作
    日志描述：秦波对【管理员管理】进行“查询”操作
    操作人员：秦波[0ad06755-9fde-4ddd-9dcb-448462155a03]
    操作地址：/MsSys/Operator/GetList
    操作结果：操作成功
    操作描述：数据查询成功！
    IP地址：127.0.0.1
    浏览器：Chrome 54.0
    操作系统：Windows 10
    记录时间：2016 11 24 14:13:33:2432
    详细数据：【{"LogId":"0e20fc54-4cd4-45d0-a88e-5a8b575c94f3","LogTypeId":101,"LogTypeName":"数据操作","CompanyId":"078736e6-0cc2-48dc-80f1-6330419b4af1","DataId":null,"OptUserId":"0ad06755-9fde-4ddd-9dcb-448462155a03","OptUserName":"秦波","OptTime":"2016-11-24 14:13:33","OptModuleName":"管理员管理","OptModulePath":"/MsSys/Operator/GetList","OptTypeId":1003,"OptTypeName":"查询","OptResultId":100,"OptResultName":"操作成功","OptSystem":"Windows 10","Browser":"Chrome 54.0","IP":"127.0.0.1","Mac":"40:8D:5C:30:F1:7D","Desc":"数据查询成功！","Status":1}】

#############################################################################

1、时间：2016-11-24 14:14:18,598
2、优先级别：INFO
3、线程ID：18
4、耗时：429272
5、行号：120
6、文件名：f:\Net_Project.DosORM\Project\Dos.ORM\Dos.ORM.Common\Helpers\LogHelper.cs
7、详细信息：数据操作
    日志描述：秦波对【角色管理】进行“查询”操作
    操作人员：秦波[0ad06755-9fde-4ddd-9dcb-448462155a03]
    操作地址：/MsSys/Role/GetList
    操作结果：操作成功
    操作描述：数据查询成功！
    IP地址：127.0.0.1
    浏览器：Chrome 54.0
    操作系统：Windows 10
    记录时间：2016 11 24 14:14:18:5741
    详细数据：【{"LogId":"34da5e7a-e0d0-4316-9466-8f858b4e9944","LogTypeId":101,"LogTypeName":"数据操作","CompanyId":"078736e6-0cc2-48dc-80f1-6330419b4af1","DataId":null,"OptUserId":"0ad06755-9fde-4ddd-9dcb-448462155a03","OptUserName":"秦波","OptTime":"2016-11-24 14:14:18","OptModuleName":"角色管理","OptModulePath":"/MsSys/Role/GetList","OptTypeId":1003,"OptTypeName":"查询","OptResultId":100,"OptResultName":"操作成功","OptSystem":"Windows 10","Browser":"Chrome 54.0","IP":"127.0.0.1","Mac":"40:8D:5C:30:F1:7D","Desc":"数据查询成功！","Status":1}】

#############################################################################

1、时间：2016-11-24 14:14:45,410
2、优先级别：INFO
3、线程ID：24
4、耗时：456084
5、行号：120
6、文件名：f:\Net_Project.DosORM\Project\Dos.ORM\Dos.ORM.Common\Helpers\LogHelper.cs
7、详细信息：数据操作
    日志描述：秦波对【公司管理】进行“查询”操作
    操作人员：秦波[0ad06755-9fde-4ddd-9dcb-448462155a03]
    操作地址：/MsSys/Company/GetList
    操作结果：操作成功
    操作描述：数据查询成功！
    IP地址：127.0.0.1
    浏览器：Chrome 54.0
    操作系统：Windows 10
    记录时间：2016 11 24 14:14:45:3724
    详细数据：【{"LogId":"ade2bced-7ee4-4d17-bd80-3023374f7b12","LogTypeId":101,"LogTypeName":"数据操作","CompanyId":"078736e6-0cc2-48dc-80f1-6330419b4af1","DataId":null,"OptUserId":"0ad06755-9fde-4ddd-9dcb-448462155a03","OptUserName":"秦波","OptTime":"2016-11-24 14:14:45","OptModuleName":"公司管理","OptModulePath":"/MsSys/Company/GetList","OptTypeId":1003,"OptTypeName":"查询","OptResultId":100,"OptResultName":"操作成功","OptSystem":"Windows 10","Browser":"Chrome 54.0","IP":"127.0.0.1","Mac":"40:8D:5C:30:F1:7D","Desc":"数据查询成功！","Status":1}】

#############################################################################

1、时间：2016-11-24 14:14:47,040
2、优先级别：INFO
3、线程ID：25
4、耗时：457713
5、行号：120
6、文件名：f:\Net_Project.DosORM\Project\Dos.ORM\Dos.ORM.Common\Helpers\LogHelper.cs
7、详细信息：数据操作
    日志描述：秦波对【岗位管理】进行“查询”操作
    操作人员：秦波[0ad06755-9fde-4ddd-9dcb-448462155a03]
    操作地址：/MsSys/Post/GetList
    操作结果：操作成功
    操作描述：数据查询成功！
    IP地址：127.0.0.1
    浏览器：Chrome 54.0
    操作系统：Windows 10
    记录时间：2016 11 24 14:14:47:0193
    详细数据：【{"LogId":"7c5d19b0-c11c-4a6e-a4cb-d3591e51d248","LogTypeId":101,"LogTypeName":"数据操作","CompanyId":"078736e6-0cc2-48dc-80f1-6330419b4af1","DataId":null,"OptUserId":"0ad06755-9fde-4ddd-9dcb-448462155a03","OptUserName":"秦波","OptTime":"2016-11-24 14:14:47","OptModuleName":"岗位管理","OptModulePath":"/MsSys/Post/GetList","OptTypeId":1003,"OptTypeName":"查询","OptResultId":100,"OptResultName":"操作成功","OptSystem":"Windows 10","Browser":"Chrome 54.0","IP":"127.0.0.1","Mac":"40:8D:5C:30:F1:7D","Desc":"数据查询成功！","Status":1}】

#############################################################################

1、时间：2016-11-24 14:14:52,500
2、优先级别：INFO
3、线程ID：14
4、耗时：463173
5、行号：120
6、文件名：f:\Net_Project.DosORM\Project\Dos.ORM\Dos.ORM.Common\Helpers\LogHelper.cs
7、详细信息：数据操作
    日志描述：秦波对【模块管理】进行“查询”操作
    操作人员：秦波[0ad06755-9fde-4ddd-9dcb-448462155a03]
    操作地址：/MsSys/Module/GetList
    操作结果：操作成功
    操作描述：数据查询成功！
    IP地址：127.0.0.1
    浏览器：Chrome 54.0
    操作系统：Windows 10
    记录时间：2016 11 24 14:14:52:4637
    详细数据：【{"LogId":"4a8c96c4-d580-417d-bd6c-d11575393fb2","LogTypeId":101,"LogTypeName":"数据操作","CompanyId":"078736e6-0cc2-48dc-80f1-6330419b4af1","DataId":null,"OptUserId":"0ad06755-9fde-4ddd-9dcb-448462155a03","OptUserName":"秦波","OptTime":"2016-11-24 14:14:52","OptModuleName":"模块管理","OptModulePath":"/MsSys/Module/GetList","OptTypeId":1003,"OptTypeName":"查询","OptResultId":100,"OptResultName":"操作成功","OptSystem":"Windows 10","Browser":"Chrome 54.0","IP":"127.0.0.1","Mac":"40:8D:5C:30:F1:7D","Desc":"数据查询成功！","Status":1}】

#############################################################################

1、时间：2016-11-24 14:20:22,963
2、优先级别：INFO
3、线程ID：25
4、耗时：793637
5、行号：120
6、文件名：f:\Net_Project.DosORM\Project\Dos.ORM\Dos.ORM.Common\Helpers\LogHelper.cs
7、详细信息：登录登出
    日志描述：秦波对【退出系y】进行“登出”操作
    操作人员：秦波[0ad06755-9fde-4ddd-9dcb-448462155a03]
    操作地址：/MsSys/Login/LoginOut
    操作结果：退出成功
    操作描述：系统退出成功！
    IP地址：127.0.0.1
    浏览器：Chrome 54.0
    操作系统：Windows 10
    记录时间：2016 11 24 14:20:22:9304
    详细数据：【{"LogId":"9f402400-d3b6-4ba6-bc08-f58c6aa486e0","LogTypeId":100,"LogTypeName":"登录登出","CompanyId":"078736e6-0cc2-48dc-80f1-6330419b4af1","DataId":null,"OptUserId":"0ad06755-9fde-4ddd-9dcb-448462155a03","OptUserName":"秦波","OptTime":"2016-11-24 14:20:22","OptModuleName":"退出系y","OptModulePath":"/MsSys/Login/LoginOut","OptTypeId":2002,"OptTypeName":"登出","OptResultId":360,"OptResultName":"退出成功","OptSystem":"Windows 10","Browser":"Chrome 54.0","IP":"127.0.0.1","Mac":"40:8D:5C:30:F1:7D","Desc":"系统退出成功！","Status":1}】

#############################################################################

1、时间：2016-11-24 14:20:29,173
2、优先级别：INFO
3、线程ID：26
4、耗时：799847
5、行号：120
6、文件名：f:\Net_Project.DosORM\Project\Dos.ORM\Dos.ORM.Common\Helpers\LogHelper.cs
7、详细信息：登录登出
    日志描述：系统管理员对【登录系统】进行“登录”操作
    操作人员：系统管理员[0ad06755-9fde-4ddd-9dcb-448462155a02]
    操作地址：/MsSys/Login/CheckLogin
    操作结果：登录成功
    操作描述：登录成功！
    IP地址：127.0.0.1
    浏览器：Chrome 54.0
    操作系统：Windows 10
    记录时间：2016 11 24 14:20:29:1326
    详细数据：【{"LogId":"6792b225-d4b9-428b-86b4-b568cdac2b45","LogTypeId":100,"LogTypeName":"登录登出","CompanyId":null,"DataId":null,"OptUserId":"0ad06755-9fde-4ddd-9dcb-448462155a02","OptUserName":"系统管理员","OptTime":"2016-11-24 14:20:29","OptModuleName":"登录系统","OptModulePath":"/MsSys/Login/CheckLogin","OptTypeId":2001,"OptTypeName":"登录","OptResultId":300,"OptResultName":"登录成功","OptSystem":"Windows 10","Browser":"Chrome 54.0","IP":"127.0.0.1","Mac":"40:8D:5C:30:F1:7D","Desc":"登录成功！","Status":1}】

#############################################################################

1、时间：2016-11-24 14:20:34,601
2、优先级别：INFO
3、线程ID：13
4、耗时：805274
5、行号：120
6、文件名：f:\Net_Project.DosORM\Project\Dos.ORM\Dos.ORM.Common\Helpers\LogHelper.cs
7、详细信息：数据操作
    日志描述：系统管理员对【管理员管理】进行“查询”操作
    操作人员：系统管理员[0ad06755-9fde-4ddd-9dcb-448462155a02]
    操作地址：/MsSys/Operator/GetList
    操作结果：操作成功
    操作描述：数据查询成功！
    IP地址：127.0.0.1
    浏览器：Chrome 54.0
    操作系统：Windows 10
    记录时间：2016 11 24 14:20:34:5793
    详细数据：【{"LogId":"0492858e-e887-42ce-8104-407a5fa8c963","LogTypeId":101,"LogTypeName":"数据操作","CompanyId":null,"DataId":null,"OptUserId":"0ad06755-9fde-4ddd-9dcb-448462155a02","OptUserName":"系统管理员","OptTime":"2016-11-24 14:20:34","OptModuleName":"管理员管理","OptModulePath":"/MsSys/Operator/GetList","OptTypeId":1003,"OptTypeName":"查询","OptResultId":100,"OptResultName":"操作成功","OptSystem":"Windows 10","Browser":"Chrome 54.0","IP":"127.0.0.1","Mac":"40:8D:5C:30:F1:7D","Desc":"数据查询成功！","Status":1}】

#############################################################################

1、时间：2016-11-24 14:20:55,737
2、优先级别：INFO
3、线程ID：26
4、耗时：826410
5、行号：120
6、文件名：f:\Net_Project.DosORM\Project\Dos.ORM\Dos.ORM.Common\Helpers\LogHelper.cs
7、详细信息：登录登出
    日志描述：系统管理员对【退出系y】进行“登出”操作
    操作人员：系统管理员[0ad06755-9fde-4ddd-9dcb-448462155a02]
    操作地址：/MsSys/Login/LoginOut
    操作结果：退出成功
    操作描述：系统退出成功！
    IP地址：127.0.0.1
    浏览器：Chrome 54.0
    操作系统：Windows 10
    记录时间：2016 11 24 14:20:55:7018
    详细数据：【{"LogId":"bde8c79a-694e-4841-9eba-c72a638e0dc7","LogTypeId":100,"LogTypeName":"登录登出","CompanyId":null,"DataId":null,"OptUserId":"0ad06755-9fde-4ddd-9dcb-448462155a02","OptUserName":"系统管理员","OptTime":"2016-11-24 14:20:55","OptModuleName":"退出系y","OptModulePath":"/MsSys/Login/LoginOut","OptTypeId":2002,"OptTypeName":"登出","OptResultId":360,"OptResultName":"退出成功","OptSystem":"Windows 10","Browser":"Chrome 54.0","IP":"127.0.0.1","Mac":"40:8D:5C:30:F1:7D","Desc":"系统退出成功！","Status":1}】

#############################################################################

1、时间：2016-11-24 14:21:01,430
2、优先级别：INFO
3、线程ID：34
4、耗时：832103
5、行号：120
6、文件名：f:\Net_Project.DosORM\Project\Dos.ORM\Dos.ORM.Common\Helpers\LogHelper.cs
7、详细信息：登录登出
    日志描述：秦波对【登录系统】进行“登录”操作
    操作人员：秦波[0ad06755-9fde-4ddd-9dcb-448462155a03]
    操作地址：/MsSys/Login/CheckLogin
    操作结果：登录成功
    操作描述：登录成功！
    IP地址：127.0.0.1
    浏览器：Chrome 54.0
    操作系统：Windows 10
    记录时间：2016 11 24 14:21:01:3977
    详细数据：【{"LogId":"f3f26ddb-6a42-4e41-afe2-961b3e981e56","LogTypeId":100,"LogTypeName":"登录登出","CompanyId":"078736e6-0cc2-48dc-80f1-6330419b4af1","DataId":null,"OptUserId":"0ad06755-9fde-4ddd-9dcb-448462155a03","OptUserName":"秦波","OptTime":"2016-11-24 14:21:01","OptModuleName":"登录系统","OptModulePath":"/MsSys/Login/CheckLogin","OptTypeId":2001,"OptTypeName":"登录","OptResultId":300,"OptResultName":"登录成功","OptSystem":"Windows 10","Browser":"Chrome 54.0","IP":"127.0.0.1","Mac":"40:8D:5C:30:F1:7D","Desc":"登录成功！","Status":1}】

#############################################################################

1、时间：2016-11-24 14:21:05,214
2、优先级别：INFO
3、线程ID：13
4、耗时：835888
5、行号：120
6、文件名：f:\Net_Project.DosORM\Project\Dos.ORM\Dos.ORM.Common\Helpers\LogHelper.cs
7、详细信息：数据操作
    日志描述：秦波对【管理员管理】进行“查询”操作
    操作人员：秦波[0ad06755-9fde-4ddd-9dcb-448462155a03]
    操作地址：/MsSys/Operator/GetList
    操作结果：操作成功
    操作描述：数据查询成功！
    IP地址：127.0.0.1
    浏览器：Chrome 54.0
    操作系统：Windows 10
    记录时间：2016 11 24 14:21:05:1951
    详细数据：【{"LogId":"08c82cd0-a204-4b9b-9cfa-b87743bd0042","LogTypeId":101,"LogTypeName":"数据操作","CompanyId":"078736e6-0cc2-48dc-80f1-6330419b4af1","DataId":null,"OptUserId":"0ad06755-9fde-4ddd-9dcb-448462155a03","OptUserName":"秦波","OptTime":"2016-11-24 14:21:05","OptModuleName":"管理员管理","OptModulePath":"/MsSys/Operator/GetList","OptTypeId":1003,"OptTypeName":"查询","OptResultId":100,"OptResultName":"操作成功","OptSystem":"Windows 10","Browser":"Chrome 54.0","IP":"127.0.0.1","Mac":"40:8D:5C:30:F1:7D","Desc":"数据查询成功！","Status":1}】

#############################################################################

1、时间：2016-11-24 14:32:02,214
2、优先级别：INFO
3、线程ID：16
4、耗时：11326
5、行号：120
6、文件名：e:\Net_03.Personal\Net_Project.DosORM\Project\Dos.ORM\Dos.ORM.Common\Helpers\LogHelper.cs
7、详细信息：登录登出
    日志描述：秦波对【登录系统】进行“登录”操作
    操作人员：秦波[0ad06755-9fde-4ddd-9dcb-448462155a03]
    操作地址：/MsSys/Login/CheckLogin
    操作结果：登录成功
    操作描述：登录成功！
    IP地址：127.0.0.1
    浏览器：Chrome 54.0
    操作系统：Windows 10
    记录时间：2016 11 24 14:32:02:1758
    详细数据：【{"LogId":"b8ab257f-cc27-4e32-bada-02c56b73adaf","LogTypeId":100,"LogTypeName":"登录登出","CompanyId":"078736e6-0cc2-48dc-80f1-6330419b4af1","DataId":null,"OptUserId":"0ad06755-9fde-4ddd-9dcb-448462155a03","OptUserName":"秦波","OptTime":"2016-11-24 14:32:02","OptModuleName":"登录系统","OptModulePath":"/MsSys/Login/CheckLogin","OptTypeId":2001,"OptTypeName":"登录","OptResultId":300,"OptResultName":"登录成功","OptSystem":"Windows 10","Browser":"Chrome 54.0","IP":"127.0.0.1","Mac":"40:8D:5C:30:F1:7D","Desc":"登录成功！","Status":1}】

#############################################################################

1、时间：2016-11-24 14:32:08,100
2、优先级别：INFO
3、线程ID：12
4、耗时：17212
5、行号：120
6、文件名：e:\Net_03.Personal\Net_Project.DosORM\Project\Dos.ORM\Dos.ORM.Common\Helpers\LogHelper.cs
7、详细信息：数据操作
    日志描述：秦波对【管理员管理】进行“查询”操作
    操作人员：秦波[0ad06755-9fde-4ddd-9dcb-448462155a03]
    操作地址：/MsSys/Operator/GetList
    操作结果：操作成功
    操作描述：数据查询成功！
    IP地址：127.0.0.1
    浏览器：Chrome 54.0
    操作系统：Windows 10
    记录时间：2016 11 24 14:32:08:0564
    详细数据：【{"LogId":"d72d447c-630c-4c56-aa36-e4c2ed1d6c22","LogTypeId":101,"LogTypeName":"数据操作","CompanyId":"078736e6-0cc2-48dc-80f1-6330419b4af1","DataId":null,"OptUserId":"0ad06755-9fde-4ddd-9dcb-448462155a03","OptUserName":"秦波","OptTime":"2016-11-24 14:32:08","OptModuleName":"管理员管理","OptModulePath":"/MsSys/Operator/GetList","OptTypeId":1003,"OptTypeName":"查询","OptResultId":100,"OptResultName":"操作成功","OptSystem":"Windows 10","Browser":"Chrome 54.0","IP":"127.0.0.1","Mac":"40:8D:5C:30:F1:7D","Desc":"数据查询成功！","Status":1}】

#############################################################################

1、时间：2016-11-24 14:55:12,757
2、优先级别：INFO
3、线程ID：52
4、耗时：6986
5、行号：120
6、文件名：e:\Net_03.Personal\Net_Project.DosORM\Project\Dos.ORM\Dos.ORM.Common\Helpers\LogHelper.cs
7、详细信息：登录登出
    日志描述：秦波对【登录系统】进行“登录”操作
    操作人员：秦波[0ad06755-9fde-4ddd-9dcb-448462155a03]
    操作地址：/MsSys/Login/CheckLogin
    操作结果：登录成功
    操作描述：登录成功！
    IP地址：127.0.0.1
    浏览器：Chrome 54.0
    操作系统：Windows 10
    记录时间：2016 11 24 14:55:12:7043
    详细数据：【{"LogId":"bf0bbed9-161e-49a3-951c-b8fc190f0a6e","LogTypeId":100,"LogTypeName":"登录登出","CompanyId":"078736e6-0cc2-48dc-80f1-6330419b4af1","DataId":null,"OptUserId":"0ad06755-9fde-4ddd-9dcb-448462155a03","OptUserName":"秦波","OptTime":"2016-11-24 14:55:12","OptModuleName":"登录系统","OptModulePath":"/MsSys/Login/CheckLogin","OptTypeId":2001,"OptTypeName":"登录","OptResultId":300,"OptResultName":"登录成功","OptSystem":"Windows 10","Browser":"Chrome 54.0","IP":"127.0.0.1","Mac":"40:8D:5C:30:F1:7D","Desc":"登录成功！","Status":1}】

#############################################################################

1、时间：2016-11-24 14:55:19,619
2、优先级别：INFO
3、线程ID：38
4、耗时：13849
5、行号：120
6、文件名：e:\Net_03.Personal\Net_Project.DosORM\Project\Dos.ORM\Dos.ORM.Common\Helpers\LogHelper.cs
7、详细信息：数据操作
    日志描述：秦波对【管理员管理】进行“查询”操作
    操作人员：秦波[0ad06755-9fde-4ddd-9dcb-448462155a03]
    操作地址：/MsSys/Operator/GetList
    操作结果：操作成功
    操作描述：数据查询成功！
    IP地址：127.0.0.1
    浏览器：Chrome 54.0
    操作系统：Windows 10
    记录时间：2016 11 24 14:55:19:5886
    详细数据：【{"LogId":"42d62cf5-47a4-4f0c-9199-358bcf9aebaf","LogTypeId":101,"LogTypeName":"数据操作","CompanyId":"078736e6-0cc2-48dc-80f1-6330419b4af1","DataId":null,"OptUserId":"0ad06755-9fde-4ddd-9dcb-448462155a03","OptUserName":"秦波","OptTime":"2016-11-24 14:55:19","OptModuleName":"管理员管理","OptModulePath":"/MsSys/Operator/GetList","OptTypeId":1003,"OptTypeName":"查询","OptResultId":100,"OptResultName":"操作成功","OptSystem":"Windows 10","Browser":"Chrome 54.0","IP":"127.0.0.1","Mac":"40:8D:5C:30:F1:7D","Desc":"数据查询成功！","Status":1}】

#############################################################################

1、时间：2016-11-24 15:48:42,967
2、优先级别：INFO
3、线程ID：7
4、耗时：10846
5、行号：120
6、文件名：e:\Net_03.Personal\Net_Project.DosORM\Project\Dos.ORM\Dos.ORM.Common\Helpers\LogHelper.cs
7、详细信息：登录登出
    日志描述：秦波对【登录系统】进行“登录”操作
    操作人员：秦波[0ad06755-9fde-4ddd-9dcb-448462155a03]
    操作地址：/MsSys/Login/CheckLogin
    操作结果：登录成功
    操作描述：登录成功！
    IP地址：127.0.0.1
    浏览器：Chrome 54.0
    操作系统：Windows 10
    记录时间：2016 11 24 15:48:42:8219
    详细数据：【{"LogId":"2ac86600-2071-49e5-bb06-90d6138593ae","LogTypeId":100,"LogTypeName":"登录登出","CompanyId":"078736e6-0cc2-48dc-80f1-6330419b4af1","DataId":null,"OptUserId":"0ad06755-9fde-4ddd-9dcb-448462155a03","OptUserName":"秦波","OptTime":"2016-11-24 15:48:42","OptModuleName":"登录系统","OptModulePath":"/MsSys/Login/CheckLogin","OptTypeId":2001,"OptTypeName":"登录","OptResultId":300,"OptResultName":"登录成功","OptSystem":"Windows 10","Browser":"Chrome 54.0","IP":"127.0.0.1","Mac":"40:8D:5C:30:F1:7D","Desc":"登录成功！","Status":1}】

#############################################################################

1、时间：2016-11-24 15:48:47,470
2、优先级别：INFO
3、线程ID：7
4、耗时：15348
5、行号：120
6、文件名：e:\Net_03.Personal\Net_Project.DosORM\Project\Dos.ORM\Dos.ORM.Common\Helpers\LogHelper.cs
7、详细信息：数据操作
    日志描述：秦波对【管理员管理】进行“查询”操作
    操作人员：秦波[0ad06755-9fde-4ddd-9dcb-448462155a03]
    操作地址：/MsSys/Operator/GetList
    操作结果：操作成功
    操作描述：数据查询成功！
    IP地址：127.0.0.1
    浏览器：Chrome 54.0
    操作系统：Windows 10
    记录时间：2016 11 24 15:48:47:4130
    详细数据：【{"LogId":"4e930968-f00f-4f6e-8a95-902db8b21b54","LogTypeId":101,"LogTypeName":"数据操作","CompanyId":"078736e6-0cc2-48dc-80f1-6330419b4af1","DataId":null,"OptUserId":"0ad06755-9fde-4ddd-9dcb-448462155a03","OptUserName":"秦波","OptTime":"2016-11-24 15:48:47","OptModuleName":"管理员管理","OptModulePath":"/MsSys/Operator/GetList","OptTypeId":1003,"OptTypeName":"查询","OptResultId":100,"OptResultName":"操作成功","OptSystem":"Windows 10","Browser":"Chrome 54.0","IP":"127.0.0.1","Mac":"40:8D:5C:30:F1:7D","Desc":"数据查询成功！","Status":1}】

#############################################################################

1、时间：2016-11-24 15:57:45,587
2、优先级别：INFO
3、线程ID：7
4、耗时：9484
5、行号：120
6、文件名：e:\Net_03.Personal\Net_Project.DosORM\Project\Dos.ORM\Dos.ORM.Common\Helpers\LogHelper.cs
7、详细信息：登录登出
    日志描述：秦波对【登录系统】进行“登录”操作
    操作人员：秦波[0ad06755-9fde-4ddd-9dcb-448462155a03]
    操作地址：/MsSys/Login/CheckLogin
    操作结果：登录成功
    操作描述：登录成功！
    IP地址：127.0.0.1
    浏览器：Chrome 54.0
    操作系统：Windows 10
    记录时间：2016 11 24 15:57:45:5044
    详细数据：【{"LogId":"7e44b0cd-c443-4d46-a09e-154f742eb3ba","LogTypeId":100,"LogTypeName":"登录登出","CompanyId":"078736e6-0cc2-48dc-80f1-6330419b4af1","DataId":null,"OptUserId":"0ad06755-9fde-4ddd-9dcb-448462155a03","OptUserName":"秦波","OptTime":"2016-11-24 15:57:45","OptModuleName":"登录系统","OptModulePath":"/MsSys/Login/CheckLogin","OptTypeId":2001,"OptTypeName":"登录","OptResultId":300,"OptResultName":"登录成功","OptSystem":"Windows 10","Browser":"Chrome 54.0","IP":"127.0.0.1","Mac":"40:8D:5C:30:F1:7D","Desc":"登录成功！","Status":1}】

#############################################################################

1、时间：2016-11-24 15:57:50,693
2、优先级别：INFO
3、线程ID：11
4、耗时：14590
5、行号：120
6、文件名：e:\Net_03.Personal\Net_Project.DosORM\Project\Dos.ORM\Dos.ORM.Common\Helpers\LogHelper.cs
7、详细信息：数据操作
    日志描述：秦波对【管理员管理】进行“查询”操作
    操作人员：秦波[0ad06755-9fde-4ddd-9dcb-448462155a03]
    操作地址：/MsSys/Operator/GetList
    操作结果：操作成功
    操作描述：数据查询成功！
    IP地址：127.0.0.1
    浏览器：Chrome 54.0
    操作系统：Windows 10
    记录时间：2016 11 24 15:57:50:6585
    详细数据：【{"LogId":"e4097062-48a1-427b-9d6a-f309def6983a","LogTypeId":101,"LogTypeName":"数据操作","CompanyId":"078736e6-0cc2-48dc-80f1-6330419b4af1","DataId":null,"OptUserId":"0ad06755-9fde-4ddd-9dcb-448462155a03","OptUserName":"秦波","OptTime":"2016-11-24 15:57:50","OptModuleName":"管理员管理","OptModulePath":"/MsSys/Operator/GetList","OptTypeId":1003,"OptTypeName":"查询","OptResultId":100,"OptResultName":"操作成功","OptSystem":"Windows 10","Browser":"Chrome 54.0","IP":"127.0.0.1","Mac":"40:8D:5C:30:F1:7D","Desc":"数据查询成功！","Status":1}】

#############################################################################

1、时间：2016-11-24 16:02:11,935
2、优先级别：INFO
3、线程ID：16
4、耗时：5827
5、行号：120
6、文件名：e:\Net_03.Personal\Net_Project.DosORM\Project\Dos.ORM\Dos.ORM.Common\Helpers\LogHelper.cs
7、详细信息：登录登出
    日志描述：秦波对【登录系统】进行“登录”操作
    操作人员：秦波[0ad06755-9fde-4ddd-9dcb-448462155a03]
    操作地址：/MsSys/Login/CheckLogin
    操作结果：登录成功
    操作描述：登录成功！
    IP地址：127.0.0.1
    浏览器：Chrome 54.0
    操作系统：Windows 10
    记录时间：2016 11 24 16:02:11:8980
    详细数据：【{"LogId":"1be8895e-3cd5-48c6-b972-9bc6e39736ce","LogTypeId":100,"LogTypeName":"登录登出","CompanyId":"078736e6-0cc2-48dc-80f1-6330419b4af1","DataId":null,"OptUserId":"0ad06755-9fde-4ddd-9dcb-448462155a03","OptUserName":"秦波","OptTime":"2016-11-24 16:02:11","OptModuleName":"登录系统","OptModulePath":"/MsSys/Login/CheckLogin","OptTypeId":2001,"OptTypeName":"登录","OptResultId":300,"OptResultName":"登录成功","OptSystem":"Windows 10","Browser":"Chrome 54.0","IP":"127.0.0.1","Mac":"40:8D:5C:30:F1:7D","Desc":"登录成功！","Status":1}】

#############################################################################

1、时间：2016-11-24 16:02:18,240
2、优先级别：INFO
3、线程ID：22
4、耗时：12132
5、行号：120
6、文件名：e:\Net_03.Personal\Net_Project.DosORM\Project\Dos.ORM\Dos.ORM.Common\Helpers\LogHelper.cs
7、详细信息：数据操作
    日志描述：秦波对【管理员管理】进行“查询”操作
    操作人员：秦波[0ad06755-9fde-4ddd-9dcb-448462155a03]
    操作地址：/MsSys/Operator/GetList
    操作结果：操作成功
    操作描述：数据查询成功！
    IP地址：127.0.0.1
    浏览器：Chrome 54.0
    操作系统：Windows 10
    记录时间：2016 11 24 16:02:18:1767
    详细数据：【{"LogId":"fef8e938-b4af-4d86-a43d-de1d8f98b0c4","LogTypeId":101,"LogTypeName":"数据操作","CompanyId":"078736e6-0cc2-48dc-80f1-6330419b4af1","DataId":null,"OptUserId":"0ad06755-9fde-4ddd-9dcb-448462155a03","OptUserName":"秦波","OptTime":"2016-11-24 16:02:18","OptModuleName":"管理员管理","OptModulePath":"/MsSys/Operator/GetList","OptTypeId":1003,"OptTypeName":"查询","OptResultId":100,"OptResultName":"操作成功","OptSystem":"Windows 10","Browser":"Chrome 54.0","IP":"127.0.0.1","Mac":"40:8D:5C:30:F1:7D","Desc":"数据查询成功！","Status":1}】

#############################################################################

1、时间：2016-11-24 16:09:45,899
2、优先级别：INFO
3、线程ID：8
4、耗时：13775
5、行号：120
6、文件名：e:\Net_03.Personal\Net_Project.DosORM\Project\Dos.ORM\Dos.ORM.Common\Helpers\LogHelper.cs
7、详细信息：登录登出
    日志描述：秦波对【登录系统】进行“登录”操作
    操作人员：秦波[0ad06755-9fde-4ddd-9dcb-448462155a03]
    操作地址：/MsSys/Login/CheckLogin
    操作结果：登录成功
    操作描述：登录成功！
    IP地址：127.0.0.1
    浏览器：Chrome 54.0
    操作系统：Windows 10
    记录时间：2016 11 24 16:09:45:8068
    详细数据：【{"LogId":"bfa8bcea-63cf-4a5a-987f-217dba56e7ef","LogTypeId":100,"LogTypeName":"登录登出","CompanyId":"078736e6-0cc2-48dc-80f1-6330419b4af1","DataId":null,"OptUserId":"0ad06755-9fde-4ddd-9dcb-448462155a03","OptUserName":"秦波","OptTime":"2016-11-24 16:09:45","OptModuleName":"登录系统","OptModulePath":"/MsSys/Login/CheckLogin","OptTypeId":2001,"OptTypeName":"登录","OptResultId":300,"OptResultName":"登录成功","OptSystem":"Windows 10","Browser":"Chrome 54.0","IP":"127.0.0.1","Mac":"40:8D:5C:30:F1:7D","Desc":"登录成功！","Status":1}】

#############################################################################

1、时间：2016-11-24 16:09:51,293
2、优先级别：INFO
3、线程ID：10
4、耗时：19169
5、行号：120
6、文件名：e:\Net_03.Personal\Net_Project.DosORM\Project\Dos.ORM\Dos.ORM.Common\Helpers\LogHelper.cs
7、详细信息：数据操作
    日志描述：秦波对【管理员管理】进行“查询”操作
    操作人员：秦波[0ad06755-9fde-4ddd-9dcb-448462155a03]
    操作地址：/MsSys/Operator/GetList
    操作结果：操作成功
    操作描述：数据查询成功！
    IP地址：127.0.0.1
    浏览器：Chrome 54.0
    操作系统：Windows 10
    记录时间：2016 11 24 16:09:51:2681
    详细数据：【{"LogId":"f0728440-c813-4483-b50c-f1d6ccbf5dec","LogTypeId":101,"LogTypeName":"数据操作","CompanyId":"078736e6-0cc2-48dc-80f1-6330419b4af1","DataId":null,"OptUserId":"0ad06755-9fde-4ddd-9dcb-448462155a03","OptUserName":"秦波","OptTime":"2016-11-24 16:09:51","OptModuleName":"管理员管理","OptModulePath":"/MsSys/Operator/GetList","OptTypeId":1003,"OptTypeName":"查询","OptResultId":100,"OptResultName":"操作成功","OptSystem":"Windows 10","Browser":"Chrome 54.0","IP":"127.0.0.1","Mac":"40:8D:5C:30:F1:7D","Desc":"数据查询成功！","Status":1}】

#############################################################################

1、时间：2016-11-24 16:20:40,184
2、优先级别：INFO
3、线程ID：33
4、耗时：7702
5、行号：120
6、文件名：e:\Net_03.Personal\Net_Project.DosORM\Project\Dos.ORM\Dos.ORM.Common\Helpers\LogHelper.cs
7、详细信息：登录登出
    日志描述：秦波对【登录系统】进行“登录”操作
    操作人员：秦波[0ad06755-9fde-4ddd-9dcb-448462155a03]
    操作地址：/MsSys/Login/CheckLogin
    操作结果：登录成功
    操作描述：登录成功！
    IP地址：127.0.0.1
    浏览器：Chrome 54.0
    操作系统：Windows 10
    记录时间：2016 11 24 16:20:40:1453
    详细数据：【{"LogId":"07479ba7-9632-48ff-a247-5d0575bc76de","LogTypeId":100,"LogTypeName":"登录登出","CompanyId":"078736e6-0cc2-48dc-80f1-6330419b4af1","DataId":null,"OptUserId":"0ad06755-9fde-4ddd-9dcb-448462155a03","OptUserName":"秦波","OptTime":"2016-11-24 16:20:40","OptModuleName":"登录系统","OptModulePath":"/MsSys/Login/CheckLogin","OptTypeId":2001,"OptTypeName":"登录","OptResultId":300,"OptResultName":"登录成功","OptSystem":"Windows 10","Browser":"Chrome 54.0","IP":"127.0.0.1","Mac":"40:8D:5C:30:F1:7D","Desc":"登录成功！","Status":1}】

#############################################################################

1、时间：2016-11-24 16:20:44,936
2、优先级别：INFO
3、线程ID：34
4、耗时：12454
5、行号：120
6、文件名：e:\Net_03.Personal\Net_Project.DosORM\Project\Dos.ORM\Dos.ORM.Common\Helpers\LogHelper.cs
7、详细信息：数据操作
    日志描述：秦波对【管理员管理】进行“查询”操作
    操作人员：秦波[0ad06755-9fde-4ddd-9dcb-448462155a03]
    操作地址：/MsSys/Operator/GetList
    操作结果：操作成功
    操作描述：数据查询成功！
    IP地址：127.0.0.1
    浏览器：Chrome 54.0
    操作系统：Windows 10
    记录时间：2016 11 24 16:20:44:9093
    详细数据：【{"LogId":"5881f123-08b6-4d05-ad2f-aff878c905ec","LogTypeId":101,"LogTypeName":"数据操作","CompanyId":"078736e6-0cc2-48dc-80f1-6330419b4af1","DataId":null,"OptUserId":"0ad06755-9fde-4ddd-9dcb-448462155a03","OptUserName":"秦波","OptTime":"2016-11-24 16:20:44","OptModuleName":"管理员管理","OptModulePath":"/MsSys/Operator/GetList","OptTypeId":1003,"OptTypeName":"查询","OptResultId":100,"OptResultName":"操作成功","OptSystem":"Windows 10","Browser":"Chrome 54.0","IP":"127.0.0.1","Mac":"40:8D:5C:30:F1:7D","Desc":"数据查询成功！","Status":1}】

#############################################################################

1、时间：2016-11-24 16:27:32,287
2、优先级别：INFO
3、线程ID：25
4、耗时：50278
5、行号：120
6、文件名：e:\Net_03.Personal\Net_Project.DosORM\Project\Dos.ORM\Dos.ORM.Common\Helpers\LogHelper.cs
7、详细信息：登录登出
    日志描述：秦波对【登录系统】进行“登录”操作
    操作人员：秦波[0ad06755-9fde-4ddd-9dcb-448462155a03]
    操作地址：/MsSys/Login/CheckLogin
    操作结果：登录成功
    操作描述：登录成功！
    IP地址：127.0.0.1
    浏览器：Chrome 54.0
    操作系统：Windows 10
    记录时间：2016 11 24 16:27:32:2520
    详细数据：【{"LogId":"79524b27-5cb1-42bb-ab3d-d4840ff85a18","LogTypeId":100,"LogTypeName":"登录登出","CompanyId":"078736e6-0cc2-48dc-80f1-6330419b4af1","DataId":null,"OptUserId":"0ad06755-9fde-4ddd-9dcb-448462155a03","OptUserName":"秦波","OptTime":"2016-11-24 16:27:32","OptModuleName":"登录系统","OptModulePath":"/MsSys/Login/CheckLogin","OptTypeId":2001,"OptTypeName":"登录","OptResultId":300,"OptResultName":"登录成功","OptSystem":"Windows 10","Browser":"Chrome 54.0","IP":"127.0.0.1","Mac":"40:8D:5C:30:F1:7D","Desc":"登录成功！","Status":1}】

#############################################################################

1、时间：2016-11-24 16:27:36,827
2、优先级别：INFO
3、线程ID：6
4、耗时：54818
5、行号：120
6、文件名：e:\Net_03.Personal\Net_Project.DosORM\Project\Dos.ORM\Dos.ORM.Common\Helpers\LogHelper.cs
7、详细信息：数据操作
    日志描述：秦波对【管理员管理】进行“查询”操作
    操作人员：秦波[0ad06755-9fde-4ddd-9dcb-448462155a03]
    操作地址：/MsSys/Operator/GetList
    操作结果：操作成功
    操作描述：数据查询成功！
    IP地址：127.0.0.1
    浏览器：Chrome 54.0
    操作系统：Windows 10
    记录时间：2016 11 24 16:27:36:7983
    详细数据：【{"LogId":"5a4b6e8a-2440-4cdf-9e6d-eecccee9b65d","LogTypeId":101,"LogTypeName":"数据操作","CompanyId":"078736e6-0cc2-48dc-80f1-6330419b4af1","DataId":null,"OptUserId":"0ad06755-9fde-4ddd-9dcb-448462155a03","OptUserName":"秦波","OptTime":"2016-11-24 16:27:36","OptModuleName":"管理员管理","OptModulePath":"/MsSys/Operator/GetList","OptTypeId":1003,"OptTypeName":"查询","OptResultId":100,"OptResultName":"操作成功","OptSystem":"Windows 10","Browser":"Chrome 54.0","IP":"127.0.0.1","Mac":"40:8D:5C:30:F1:7D","Desc":"数据查询成功！","Status":1}】

#############################################################################

1、时间：2016-11-24 16:28:00,628
2、优先级别：INFO
3、线程ID：10
4、耗时：78619
5、行号：120
6、文件名：e:\Net_03.Personal\Net_Project.DosORM\Project\Dos.ORM\Dos.ORM.Common\Helpers\LogHelper.cs
7、详细信息：数据操作
    日志描述：秦波对【管理员管理】进行“修改”操作
    数据主键：0ad06755-9fde-4ddd-9dcb-448462155a03
    操作人员：秦波[0ad06755-9fde-4ddd-9dcb-448462155a03]
    操作地址：/MsSys/Operator/SaveData
    操作结果：操作成功
    操作描述：数据保存成功！
    IP地址：127.0.0.1
    浏览器：Chrome 54.0
    操作系统：Windows 10
    记录时间：2016 11 24 16:28:00:5534
    详细数据：【{"LogId":"c618a062-1fe1-4cca-9467-2328d27531e7","LogTypeId":101,"LogTypeName":"数据操作","CompanyId":"078736e6-0cc2-48dc-80f1-6330419b4af1","DataId":"0ad06755-9fde-4ddd-9dcb-448462155a03","OptUserId":"0ad06755-9fde-4ddd-9dcb-448462155a03","OptUserName":"秦波","OptTime":"2016-11-24 16:28:00","OptModuleName":"管理员管理","OptModulePath":"/MsSys/Operator/SaveData","OptTypeId":1002,"OptTypeName":"修改","OptResultId":100,"OptResultName":"操作成功","OptSystem":"Windows 10","Browser":"Chrome 54.0","IP":"127.0.0.1","Mac":"40:8D:5C:30:F1:7D","Desc":"数据保存成功！","Status":1}】

#############################################################################

1、时间：2016-11-24 16:28:02,242
2、优先级别：INFO
3、线程ID：9
4、耗时：80233
5、行号：120
6、文件名：e:\Net_03.Personal\Net_Project.DosORM\Project\Dos.ORM\Dos.ORM.Common\Helpers\LogHelper.cs
7、详细信息：数据操作
    日志描述：秦波对【管理员管理】进行“查询”操作
    操作人员：秦波[0ad06755-9fde-4ddd-9dcb-448462155a03]
    操作地址：/MsSys/Operator/GetList
    操作结果：操作成功
    操作描述：数据查询成功！
    IP地址：127.0.0.1
    浏览器：Chrome 54.0
    操作系统：Windows 10
    记录时间：2016 11 24 16:28:02:2035
    详细数据：【{"LogId":"e6d24331-74d2-4afc-ac05-629b881a1637","LogTypeId":101,"LogTypeName":"数据操作","CompanyId":"078736e6-0cc2-48dc-80f1-6330419b4af1","DataId":null,"OptUserId":"0ad06755-9fde-4ddd-9dcb-448462155a03","OptUserName":"秦波","OptTime":"2016-11-24 16:28:02","OptModuleName":"管理员管理","OptModulePath":"/MsSys/Operator/GetList","OptTypeId":1003,"OptTypeName":"查询","OptResultId":100,"OptResultName":"操作成功","OptSystem":"Windows 10","Browser":"Chrome 54.0","IP":"127.0.0.1","Mac":"40:8D:5C:30:F1:7D","Desc":"数据查询成功！","Status":1}】

#############################################################################

1、时间：2016-11-24 16:34:23,797
2、优先级别：INFO
3、线程ID：43
4、耗时：461788
5、行号：120
6、文件名：e:\Net_03.Personal\Net_Project.DosORM\Project\Dos.ORM\Dos.ORM.Common\Helpers\LogHelper.cs
7、详细信息：数据操作
    日志描述：秦波对【管理员管理】进行“修改”操作
    数据主键：0ad06755-9fde-4ddd-9dcb-448462155a03
    操作人员：秦波[0ad06755-9fde-4ddd-9dcb-448462155a03]
    操作地址：/MsSys/Operator/SaveData
    操作结果：操作成功
    操作描述：数据保存成功！
    IP地址：127.0.0.1
    浏览器：Chrome 54.0
    操作系统：Windows 10
    记录时间：2016 11 24 16:34:23:7673
    详细数据：【{"LogId":"ab4eb09d-462e-4e00-8bca-2f247a9c6906","LogTypeId":101,"LogTypeName":"数据操作","CompanyId":"078736e6-0cc2-48dc-80f1-6330419b4af1","DataId":"0ad06755-9fde-4ddd-9dcb-448462155a03","OptUserId":"0ad06755-9fde-4ddd-9dcb-448462155a03","OptUserName":"秦波","OptTime":"2016-11-24 16:34:23","OptModuleName":"管理员管理","OptModulePath":"/MsSys/Operator/SaveData","OptTypeId":1002,"OptTypeName":"修改","OptResultId":100,"OptResultName":"操作成功","OptSystem":"Windows 10","Browser":"Chrome 54.0","IP":"127.0.0.1","Mac":"40:8D:5C:30:F1:7D","Desc":"数据保存成功！","Status":1}】

#############################################################################

1、时间：2016-11-24 16:34:25,918
2、优先级别：INFO
3、线程ID：35
4、耗时：463909
5、行号：120
6、文件名：e:\Net_03.Personal\Net_Project.DosORM\Project\Dos.ORM\Dos.ORM.Common\Helpers\LogHelper.cs
7、详细信息：数据操作
    日志描述：秦波对【管理员管理】进行“查询”操作
    操作人员：秦波[0ad06755-9fde-4ddd-9dcb-448462155a03]
    操作地址：/MsSys/Operator/GetList
    操作结果：操作成功
    操作描述：数据查询成功！
    IP地址：127.0.0.1
    浏览器：Chrome 54.0
    操作系统：Windows 10
    记录时间：2016 11 24 16:34:25:3580
    详细数据：【{"LogId":"5ad0518d-88ca-49c0-9934-ce949d7bbfd9","LogTypeId":101,"LogTypeName":"数据操作","CompanyId":"078736e6-0cc2-48dc-80f1-6330419b4af1","DataId":null,"OptUserId":"0ad06755-9fde-4ddd-9dcb-448462155a03","OptUserName":"秦波","OptTime":"2016-11-24 16:34:25","OptModuleName":"管理员管理","OptModulePath":"/MsSys/Operator/GetList","OptTypeId":1003,"OptTypeName":"查询","OptResultId":100,"OptResultName":"操作成功","OptSystem":"Windows 10","Browser":"Chrome 54.0","IP":"127.0.0.1","Mac":"40:8D:5C:30:F1:7D","Desc":"数据查询成功！","Status":1}】

#############################################################################

1、时间：2016-11-24 16:34:33,762
2、优先级别：INFO
3、线程ID：51
4、耗时：471753
5、行号：120
6、文件名：e:\Net_03.Personal\Net_Project.DosORM\Project\Dos.ORM\Dos.ORM.Common\Helpers\LogHelper.cs
7、详细信息：数据操作
    日志描述：秦波对【管理员管理】进行“修改”操作
    数据主键：0ad06755-9fde-4ddd-9dcb-448462155a03
    操作人员：秦波[0ad06755-9fde-4ddd-9dcb-448462155a03]
    操作地址：/MsSys/Operator/SaveData
    操作结果：操作成功
    操作描述：数据保存成功！
    IP地址：127.0.0.1
    浏览器：Chrome 54.0
    操作系统：Windows 10
    记录时间：2016 11 24 16:34:33:6493
    详细数据：【{"LogId":"88552aaf-6615-4ba2-87f7-b988aecf926a","LogTypeId":101,"LogTypeName":"数据操作","CompanyId":"078736e6-0cc2-48dc-80f1-6330419b4af1","DataId":"0ad06755-9fde-4ddd-9dcb-448462155a03","OptUserId":"0ad06755-9fde-4ddd-9dcb-448462155a03","OptUserName":"秦波","OptTime":"2016-11-24 16:34:33","OptModuleName":"管理员管理","OptModulePath":"/MsSys/Operator/SaveData","OptTypeId":1002,"OptTypeName":"修改","OptResultId":100,"OptResultName":"操作成功","OptSystem":"Windows 10","Browser":"Chrome 54.0","IP":"127.0.0.1","Mac":"40:8D:5C:30:F1:7D","Desc":"数据保存成功！","Status":1}】

#############################################################################

1、时间：2016-11-24 16:34:35,311
2、优先级别：INFO
3、线程ID：55
4、耗时：473302
5、行号：120
6、文件名：e:\Net_03.Personal\Net_Project.DosORM\Project\Dos.ORM\Dos.ORM.Common\Helpers\LogHelper.cs
7、详细信息：数据操作
    日志描述：秦波对【管理员管理】进行“查询”操作
    操作人员：秦波[0ad06755-9fde-4ddd-9dcb-448462155a03]
    操作地址：/MsSys/Operator/GetList
    操作结果：操作成功
    操作描述：数据查询成功！
    IP地址：127.0.0.1
    浏览器：Chrome 54.0
    操作系统：Windows 10
    记录时间：2016 11 24 16:34:35:2943
    详细数据：【{"LogId":"5c0d5350-3b39-4508-9764-b8f5e5b9a90c","LogTypeId":101,"LogTypeName":"数据操作","CompanyId":"078736e6-0cc2-48dc-80f1-6330419b4af1","DataId":null,"OptUserId":"0ad06755-9fde-4ddd-9dcb-448462155a03","OptUserName":"秦波","OptTime":"2016-11-24 16:34:35","OptModuleName":"管理员管理","OptModulePath":"/MsSys/Operator/GetList","OptTypeId":1003,"OptTypeName":"查询","OptResultId":100,"OptResultName":"操作成功","OptSystem":"Windows 10","Browser":"Chrome 54.0","IP":"127.0.0.1","Mac":"40:8D:5C:30:F1:7D","Desc":"数据查询成功！","Status":1}】

#############################################################################

1、时间：2016-11-24 16:39:14,957
2、优先级别：INFO
3、线程ID：44
4、耗时：752948
5、行号：120
6、文件名：e:\Net_03.Personal\Net_Project.DosORM\Project\Dos.ORM\Dos.ORM.Common\Helpers\LogHelper.cs
7、详细信息：数据操作
    日志描述：秦波对【管理员管理】进行“添加”操作
    数据主键：71297421-bc57-4c3c-860e-cc3483204565
    操作人员：秦波[0ad06755-9fde-4ddd-9dcb-448462155a03]
    操作地址：/MsSys/Operator/SaveData
    操作结果：操作成功
    操作描述：数据保存成功！
    IP地址：127.0.0.1
    浏览器：Chrome 54.0
    操作系统：Windows 10
    记录时间：2016 11 24 16:39:14:9242
    详细数据：【{"LogId":"b1217bd8-3edb-4105-a53e-37a0e75ab4f5","LogTypeId":101,"LogTypeName":"数据操作","CompanyId":"078736e6-0cc2-48dc-80f1-6330419b4af1","DataId":"71297421-bc57-4c3c-860e-cc3483204565","OptUserId":"0ad06755-9fde-4ddd-9dcb-448462155a03","OptUserName":"秦波","OptTime":"2016-11-24 16:39:14","OptModuleName":"管理员管理","OptModulePath":"/MsSys/Operator/SaveData","OptTypeId":1001,"OptTypeName":"添加","OptResultId":100,"OptResultName":"操作成功","OptSystem":"Windows 10","Browser":"Chrome 54.0","IP":"127.0.0.1","Mac":"40:8D:5C:30:F1:7D","Desc":"数据保存成功！","Status":1}】

#############################################################################

1、时间：2016-11-24 16:39:16,533
2、优先级别：INFO
3、线程ID：47
4、耗时：754524
5、行号：120
6、文件名：e:\Net_03.Personal\Net_Project.DosORM\Project\Dos.ORM\Dos.ORM.Common\Helpers\LogHelper.cs
7、详细信息：数据操作
    日志描述：秦波对【管理员管理】进行“查询”操作
    操作人员：秦波[0ad06755-9fde-4ddd-9dcb-448462155a03]
    操作地址：/MsSys/Operator/GetList
    操作结果：操作成功
    操作描述：数据查询成功！
    IP地址：127.0.0.1
    浏览器：Chrome 54.0
    操作系统：Windows 10
    记录时间：2016 11 24 16:39:16:4950
    详细数据：【{"LogId":"4eaa6f3e-af6f-4926-b4a9-0405dedc8dda","LogTypeId":101,"LogTypeName":"数据操作","CompanyId":"078736e6-0cc2-48dc-80f1-6330419b4af1","DataId":null,"OptUserId":"0ad06755-9fde-4ddd-9dcb-448462155a03","OptUserName":"秦波","OptTime":"2016-11-24 16:39:16","OptModuleName":"管理员管理","OptModulePath":"/MsSys/Operator/GetList","OptTypeId":1003,"OptTypeName":"查询","OptResultId":100,"OptResultName":"操作成功","OptSystem":"Windows 10","Browser":"Chrome 54.0","IP":"127.0.0.1","Mac":"40:8D:5C:30:F1:7D","Desc":"数据查询成功！","Status":1}】

#############################################################################

1、时间：2016-11-24 16:44:42,199
2、优先级别：INFO
3、线程ID：55
4、耗时：6571
5、行号：120
6、文件名：e:\Net_03.Personal\Net_Project.DosORM\Project\Dos.ORM\Dos.ORM.Common\Helpers\LogHelper.cs
7、详细信息：登录登出
    日志描述：秦波对【登录系统】进行“登录”操作
    操作人员：秦波[0ad06755-9fde-4ddd-9dcb-448462155a03]
    操作地址：/MsSys/Login/CheckLogin
    操作结果：登录成功
    操作描述：登录成功！
    IP地址：127.0.0.1
    浏览器：Chrome 54.0
    操作系统：Windows 10
    记录时间：2016 11 24 16:44:42:1623
    详细数据：【{"LogId":"d6746c2d-8fd0-428e-90ae-22bcd6f4d4a5","LogTypeId":100,"LogTypeName":"登录登出","CompanyId":"078736e6-0cc2-48dc-80f1-6330419b4af1","DataId":null,"OptUserId":"0ad06755-9fde-4ddd-9dcb-448462155a03","OptUserName":"秦波","OptTime":"2016-11-24 16:44:42","OptModuleName":"登录系统","OptModulePath":"/MsSys/Login/CheckLogin","OptTypeId":2001,"OptTypeName":"登录","OptResultId":300,"OptResultName":"登录成功","OptSystem":"Windows 10","Browser":"Chrome 54.0","IP":"127.0.0.1","Mac":"40:8D:5C:30:F1:7D","Desc":"登录成功！","Status":1}】

#############################################################################

1、时间：2016-11-24 16:44:46,512
2、优先级别：INFO
3、线程ID：53
4、耗时：10883
5、行号：120
6、文件名：e:\Net_03.Personal\Net_Project.DosORM\Project\Dos.ORM\Dos.ORM.Common\Helpers\LogHelper.cs
7、详细信息：数据操作
    日志描述：秦波对【管理员管理】进行“查询”操作
    操作人员：秦波[0ad06755-9fde-4ddd-9dcb-448462155a03]
    操作地址：/MsSys/Operator/GetList
    操作结果：操作成功
    操作描述：数据查询成功！
    IP地址：127.0.0.1
    浏览器：Chrome 54.0
    操作系统：Windows 10
    记录时间：2016 11 24 16:44:46:4582
    详细数据：【{"LogId":"e22102e0-3d4e-4d9b-8bbf-064202ab2b24","LogTypeId":101,"LogTypeName":"数据操作","CompanyId":"078736e6-0cc2-48dc-80f1-6330419b4af1","DataId":null,"OptUserId":"0ad06755-9fde-4ddd-9dcb-448462155a03","OptUserName":"秦波","OptTime":"2016-11-24 16:44:46","OptModuleName":"管理员管理","OptModulePath":"/MsSys/Operator/GetList","OptTypeId":1003,"OptTypeName":"查询","OptResultId":100,"OptResultName":"操作成功","OptSystem":"Windows 10","Browser":"Chrome 54.0","IP":"127.0.0.1","Mac":"40:8D:5C:30:F1:7D","Desc":"数据查询成功！","Status":1}】

#############################################################################

1、时间：2016-11-24 16:55:51,287
2、优先级别：INFO
3、线程ID：45
4、耗时：675659
5、行号：120
6、文件名：e:\Net_03.Personal\Net_Project.DosORM\Project\Dos.ORM\Dos.ORM.Common\Helpers\LogHelper.cs
7、详细信息：数据操作
    日志描述：秦波对【管理员管理】进行“修改”操作
    数据主键：71297421-bc57-4c3c-860e-cc3483204565
    操作人员：秦波[0ad06755-9fde-4ddd-9dcb-448462155a03]
    操作地址：/MsSys/Operator/SaveData
    操作结果：操作成功
    操作描述：数据保存成功！
    IP地址：127.0.0.1
    浏览器：Chrome 54.0
    操作系统：Windows 10
    记录时间：2016 11 24 16:55:51:2097
    详细数据：【{"LogId":"fab986b6-d85a-4953-9009-bb39dfca5ad9","LogTypeId":101,"LogTypeName":"数据操作","CompanyId":"078736e6-0cc2-48dc-80f1-6330419b4af1","DataId":"71297421-bc57-4c3c-860e-cc3483204565","OptUserId":"0ad06755-9fde-4ddd-9dcb-448462155a03","OptUserName":"秦波","OptTime":"2016-11-24 16:55:51","OptModuleName":"管理员管理","OptModulePath":"/MsSys/Operator/SaveData","OptTypeId":1002,"OptTypeName":"修改","OptResultId":100,"OptResultName":"操作成功","OptSystem":"Windows 10","Browser":"Chrome 54.0","IP":"127.0.0.1","Mac":"40:8D:5C:30:F1:7D","Desc":"数据保存成功！","Status":1}】

#############################################################################

1、时间：2016-11-24 16:55:52,864
2、优先级别：INFO
3、线程ID：42
4、耗时：677235
5、行号：120
6、文件名：e:\Net_03.Personal\Net_Project.DosORM\Project\Dos.ORM\Dos.ORM.Common\Helpers\LogHelper.cs
7、详细信息：数据操作
    日志描述：秦波对【管理员管理】进行“查询”操作
    操作人员：秦波[0ad06755-9fde-4ddd-9dcb-448462155a03]
    操作地址：/MsSys/Operator/GetList
    操作结果：操作成功
    操作描述：数据查询成功！
    IP地址：127.0.0.1
    浏览器：Chrome 54.0
    操作系统：Windows 10
    记录时间：2016 11 24 16:55:52:8472
    详细数据：【{"LogId":"952b1cf2-1b3e-4b80-ba22-55733d276519","LogTypeId":101,"LogTypeName":"数据操作","CompanyId":"078736e6-0cc2-48dc-80f1-6330419b4af1","DataId":null,"OptUserId":"0ad06755-9fde-4ddd-9dcb-448462155a03","OptUserName":"秦波","OptTime":"2016-11-24 16:55:52","OptModuleName":"管理员管理","OptModulePath":"/MsSys/Operator/GetList","OptTypeId":1003,"OptTypeName":"查询","OptResultId":100,"OptResultName":"操作成功","OptSystem":"Windows 10","Browser":"Chrome 54.0","IP":"127.0.0.1","Mac":"40:8D:5C:30:F1:7D","Desc":"数据查询成功！","Status":1}】

#############################################################################

1、时间：2016-11-24 16:55:58,818
2、优先级别：INFO
3、线程ID：27
4、耗时：683189
5、行号：120
6、文件名：e:\Net_03.Personal\Net_Project.DosORM\Project\Dos.ORM\Dos.ORM.Common\Helpers\LogHelper.cs
7、详细信息：数据操作
    日志描述：秦波对【角色管理】进行“查询”操作
    操作人员：秦波[0ad06755-9fde-4ddd-9dcb-448462155a03]
    操作地址：/MsSys/Role/GetList
    操作结果：操作成功
    操作描述：数据查询成功！
    IP地址：127.0.0.1
    浏览器：Chrome 54.0
    操作系统：Windows 10
    记录时间：2016 11 24 16:55:58:8008
    详细数据：【{"LogId":"d1039bb6-efa7-4a7d-9fe0-cce0bb96bf35","LogTypeId":101,"LogTypeName":"数据操作","CompanyId":"078736e6-0cc2-48dc-80f1-6330419b4af1","DataId":null,"OptUserId":"0ad06755-9fde-4ddd-9dcb-448462155a03","OptUserName":"秦波","OptTime":"2016-11-24 16:55:58","OptModuleName":"角色管理","OptModulePath":"/MsSys/Role/GetList","OptTypeId":1003,"OptTypeName":"查询","OptResultId":100,"OptResultName":"操作成功","OptSystem":"Windows 10","Browser":"Chrome 54.0","IP":"127.0.0.1","Mac":"40:8D:5C:30:F1:7D","Desc":"数据查询成功！","Status":1}】

#############################################################################

1、时间：2016-11-24 16:56:05,777
2、优先级别：INFO
3、线程ID：45
4、耗时：690148
5、行号：120
6、文件名：e:\Net_03.Personal\Net_Project.DosORM\Project\Dos.ORM\Dos.ORM.Common\Helpers\LogHelper.cs
7、详细信息：数据操作
    日志描述：秦波对【公司管理】进行“查询”操作
    操作人员：秦波[0ad06755-9fde-4ddd-9dcb-448462155a03]
    操作地址：/MsSys/Company/GetList
    操作结果：操作成功
    操作描述：数据查询成功！
    IP地址：127.0.0.1
    浏览器：Chrome 54.0
    操作系统：Windows 10
    记录时间：2016 11 24 16:56:05:7434
    详细数据：【{"LogId":"7dfa7845-8ae4-45fd-b48d-e1fb3228349c","LogTypeId":101,"LogTypeName":"数据操作","CompanyId":"078736e6-0cc2-48dc-80f1-6330419b4af1","DataId":null,"OptUserId":"0ad06755-9fde-4ddd-9dcb-448462155a03","OptUserName":"秦波","OptTime":"2016-11-24 16:56:05","OptModuleName":"公司管理","OptModulePath":"/MsSys/Company/GetList","OptTypeId":1003,"OptTypeName":"查询","OptResultId":100,"OptResultName":"操作成功","OptSystem":"Windows 10","Browser":"Chrome 54.0","IP":"127.0.0.1","Mac":"40:8D:5C:30:F1:7D","Desc":"数据查询成功！","Status":1}】

#############################################################################

1、时间：2016-11-24 16:58:32,678
2、优先级别：INFO
3、线程ID：59
4、耗时：9439
5、行号：120
6、文件名：e:\Net_03.Personal\Net_Project.DosORM\Project\Dos.ORM\Dos.ORM.Common\Helpers\LogHelper.cs
7、详细信息：登录登出
    日志描述：秦波对【登录系统】进行“登录”操作
    操作人员：秦波[0ad06755-9fde-4ddd-9dcb-448462155a03]
    操作地址：/MsSys/Login/CheckLogin
    操作结果：登录成功
    操作描述：登录成功！
    IP地址：127.0.0.1
    浏览器：Chrome 54.0
    操作系统：Windows 10
    记录时间：2016 11 24 16:58:32:6389
    详细数据：【{"LogId":"2441c1ec-67bc-4c95-acdd-48487f1d641a","LogTypeId":100,"LogTypeName":"登录登出","CompanyId":"078736e6-0cc2-48dc-80f1-6330419b4af1","DataId":null,"OptUserId":"0ad06755-9fde-4ddd-9dcb-448462155a03","OptUserName":"秦波","OptTime":"2016-11-24 16:58:32","OptModuleName":"登录系统","OptModulePath":"/MsSys/Login/CheckLogin","OptTypeId":2001,"OptTypeName":"登录","OptResultId":300,"OptResultName":"登录成功","OptSystem":"Windows 10","Browser":"Chrome 54.0","IP":"127.0.0.1","Mac":"40:8D:5C:30:F1:7D","Desc":"登录成功！","Status":1}】

#############################################################################

1、时间：2016-11-24 16:58:37,926
2、优先级别：INFO
3、线程ID：48
4、耗时：14687
5、行号：120
6、文件名：e:\Net_03.Personal\Net_Project.DosORM\Project\Dos.ORM\Dos.ORM.Common\Helpers\LogHelper.cs
7、详细信息：数据操作
    日志描述：秦波对【公司管理】进行“查询”操作
    操作人员：秦波[0ad06755-9fde-4ddd-9dcb-448462155a03]
    操作地址：/MsSys/Company/GetList
    操作结果：操作成功
    操作描述：数据查询成功！
    IP地址：127.0.0.1
    浏览器：Chrome 54.0
    操作系统：Windows 10
    记录时间：2016 11 24 16:58:37:9115
    详细数据：【{"LogId":"36273647-d9aa-4817-a7f6-342df595ea4e","LogTypeId":101,"LogTypeName":"数据操作","CompanyId":"078736e6-0cc2-48dc-80f1-6330419b4af1","DataId":null,"OptUserId":"0ad06755-9fde-4ddd-9dcb-448462155a03","OptUserName":"秦波","OptTime":"2016-11-24 16:58:37","OptModuleName":"公司管理","OptModulePath":"/MsSys/Company/GetList","OptTypeId":1003,"OptTypeName":"查询","OptResultId":100,"OptResultName":"操作成功","OptSystem":"Windows 10","Browser":"Chrome 54.0","IP":"127.0.0.1","Mac":"40:8D:5C:30:F1:7D","Desc":"数据查询成功！","Status":1}】

#############################################################################

1、时间：2016-11-24 17:00:26,529
2、优先级别：INFO
3、线程ID：46
4、耗时：11918
5、行号：120
6、文件名：e:\Net_03.Personal\Net_Project.DosORM\Project\Dos.ORM\Dos.ORM.Common\Helpers\LogHelper.cs
7、详细信息：登录登出
    日志描述：秦波对【登录系统】进行“登录”操作
    操作人员：秦波[0ad06755-9fde-4ddd-9dcb-448462155a03]
    操作地址：/MsSys/Login/CheckLogin
    操作结果：登录成功
    操作描述：登录成功！
    IP地址：127.0.0.1
    浏览器：Chrome 54.0
    操作系统：Windows 10
    记录时间：2016 11 24 17:00:26:4756
    详细数据：【{"LogId":"3bab1e37-b062-4c0c-87e0-f71e130da1b5","LogTypeId":100,"LogTypeName":"登录登出","CompanyId":"078736e6-0cc2-48dc-80f1-6330419b4af1","DataId":null,"OptUserId":"0ad06755-9fde-4ddd-9dcb-448462155a03","OptUserName":"秦波","OptTime":"2016-11-24 17:00:26","OptModuleName":"登录系统","OptModulePath":"/MsSys/Login/CheckLogin","OptTypeId":2001,"OptTypeName":"登录","OptResultId":300,"OptResultName":"登录成功","OptSystem":"Windows 10","Browser":"Chrome 54.0","IP":"127.0.0.1","Mac":"40:8D:5C:30:F1:7D","Desc":"登录成功！","Status":1}】

#############################################################################

1、时间：2016-11-24 17:00:37,791
2、优先级别：INFO
3、线程ID：8
4、耗时：23181
5、行号：120
6、文件名：e:\Net_03.Personal\Net_Project.DosORM\Project\Dos.ORM\Dos.ORM.Common\Helpers\LogHelper.cs
7、详细信息：数据操作
    日志描述：秦波对【公司管理】进行“查询”操作
    操作人员：秦波[0ad06755-9fde-4ddd-9dcb-448462155a03]
    操作地址：/MsSys/Company/GetList
    操作结果：操作成功
    操作描述：数据查询成功！
    IP地址：127.0.0.1
    浏览器：Chrome 54.0
    操作系统：Windows 10
    记录时间：2016 11 24 17:00:37:7573
    详细数据：【{"LogId":"f326ccce-19d1-48a4-992e-28ece9bfb474","LogTypeId":101,"LogTypeName":"数据操作","CompanyId":"078736e6-0cc2-48dc-80f1-6330419b4af1","DataId":null,"OptUserId":"0ad06755-9fde-4ddd-9dcb-448462155a03","OptUserName":"秦波","OptTime":"2016-11-24 17:00:37","OptModuleName":"公司管理","OptModulePath":"/MsSys/Company/GetList","OptTypeId":1003,"OptTypeName":"查询","OptResultId":100,"OptResultName":"操作成功","OptSystem":"Windows 10","Browser":"Chrome 54.0","IP":"127.0.0.1","Mac":"40:8D:5C:30:F1:7D","Desc":"数据查询成功！","Status":1}】

#############################################################################

1、时间：2016-11-24 17:01:06,648
2、优先级别：INFO
3、线程ID：21
4、耗时：52038
5、行号：120
6、文件名：e:\Net_03.Personal\Net_Project.DosORM\Project\Dos.ORM\Dos.ORM.Common\Helpers\LogHelper.cs
7、详细信息：数据操作
    日志描述：秦波对【公司管理】进行“添加”操作
    数据主键：394ec4dc-cd47-43ff-be18-9c491fb7c23a
    操作人员：秦波[0ad06755-9fde-4ddd-9dcb-448462155a03]
    操作地址：/MsSys/Company/SaveData
    操作结果：操作成功
    操作描述：数据保存成功！
    IP地址：127.0.0.1
    浏览器：Chrome 54.0
    操作系统：Windows 10
    记录时间：2016 11 24 17:01:06:6366
    详细数据：【{"LogId":"6d617e50-d9cd-48ee-9c1f-75b211b1f91c","LogTypeId":101,"LogTypeName":"数据操作","CompanyId":"078736e6-0cc2-48dc-80f1-6330419b4af1","DataId":"394ec4dc-cd47-43ff-be18-9c491fb7c23a","OptUserId":"0ad06755-9fde-4ddd-9dcb-448462155a03","OptUserName":"秦波","OptTime":"2016-11-24 17:01:06","OptModuleName":"公司管理","OptModulePath":"/MsSys/Company/SaveData","OptTypeId":1001,"OptTypeName":"添加","OptResultId":100,"OptResultName":"操作成功","OptSystem":"Windows 10","Browser":"Chrome 54.0","IP":"127.0.0.1","Mac":"40:8D:5C:30:F1:7D","Desc":"数据保存成功！","Status":1}】

#############################################################################

1、时间：2016-11-24 17:01:08,263
2、优先级别：INFO
3、线程ID：42
4、耗时：53653
5、行号：120
6、文件名：e:\Net_03.Personal\Net_Project.DosORM\Project\Dos.ORM\Dos.ORM.Common\Helpers\LogHelper.cs
7、详细信息：数据操作
    日志描述：秦波对【公司管理】进行“查询”操作
    操作人员：秦波[0ad06755-9fde-4ddd-9dcb-448462155a03]
    操作地址：/MsSys/Company/GetList
    操作结果：操作成功
    操作描述：数据查询成功！
    IP地址：127.0.0.1
    浏览器：Chrome 54.0
    操作系统：Windows 10
    记录时间：2016 11 24 17:01:08:2447
    详细数据：【{"LogId":"f1395d09-cdc2-406b-8282-19211d750f56","LogTypeId":101,"LogTypeName":"数据操作","CompanyId":"078736e6-0cc2-48dc-80f1-6330419b4af1","DataId":null,"OptUserId":"0ad06755-9fde-4ddd-9dcb-448462155a03","OptUserName":"秦波","OptTime":"2016-11-24 17:01:08","OptModuleName":"公司管理","OptModulePath":"/MsSys/Company/GetList","OptTypeId":1003,"OptTypeName":"查询","OptResultId":100,"OptResultName":"操作成功","OptSystem":"Windows 10","Browser":"Chrome 54.0","IP":"127.0.0.1","Mac":"40:8D:5C:30:F1:7D","Desc":"数据查询成功！","Status":1}】

#############################################################################

1、时间：2016-11-24 17:01:12,023
2、优先级别：INFO
3、线程ID：42
4、耗时：57413
5、行号：120
6、文件名：e:\Net_03.Personal\Net_Project.DosORM\Project\Dos.ORM\Dos.ORM.Common\Helpers\LogHelper.cs
7、详细信息：登录登出
    日志描述：秦波对【退出系y】进行“登出”操作
    操作人员：秦波[0ad06755-9fde-4ddd-9dcb-448462155a03]
    操作地址：/MsSys/Login/LoginOut
    操作结果：退出成功
    操作描述：系统退出成功！
    IP地址：127.0.0.1
    浏览器：Chrome 54.0
    操作系统：Windows 10
    记录时间：2016 11 24 17:01:11:9833
    详细数据：【{"LogId":"922c5e78-20b6-495a-b0e6-c1b0453cb98f","LogTypeId":100,"LogTypeName":"登录登出","CompanyId":"078736e6-0cc2-48dc-80f1-6330419b4af1","DataId":null,"OptUserId":"0ad06755-9fde-4ddd-9dcb-448462155a03","OptUserName":"秦波","OptTime":"2016-11-24 17:01:11","OptModuleName":"退出系y","OptModulePath":"/MsSys/Login/LoginOut","OptTypeId":2002,"OptTypeName":"登出","OptResultId":360,"OptResultName":"退出成功","OptSystem":"Windows 10","Browser":"Chrome 54.0","IP":"127.0.0.1","Mac":"40:8D:5C:30:F1:7D","Desc":"系统退出成功！","Status":1}】

#############################################################################

1、时间：2016-11-24 17:01:18,884
2、优先级别：INFO
3、线程ID：27
4、耗时：64274
5、行号：120
6、文件名：e:\Net_03.Personal\Net_Project.DosORM\Project\Dos.ORM\Dos.ORM.Common\Helpers\LogHelper.cs
7、详细信息：登录登出
    日志描述：系统管理员对【登录系统】进行“登录”操作
    操作人员：系统管理员[0ad06755-9fde-4ddd-9dcb-448462155a02]
    操作地址：/MsSys/Login/CheckLogin
    操作结果：登录成功
    操作描述：登录成功！
    IP地址：127.0.0.1
    浏览器：Chrome 54.0
    操作系统：Windows 10
    记录时间：2016 11 24 17:01:18:6619
    详细数据：【{"LogId":"b0043e87-2e64-47d8-b45a-7e7106ef5180","LogTypeId":100,"LogTypeName":"登录登出","CompanyId":null,"DataId":null,"OptUserId":"0ad06755-9fde-4ddd-9dcb-448462155a02","OptUserName":"系统管理员","OptTime":"2016-11-24 17:01:18","OptModuleName":"登录系统","OptModulePath":"/MsSys/Login/CheckLogin","OptTypeId":2001,"OptTypeName":"登录","OptResultId":300,"OptResultName":"登录成功","OptSystem":"Windows 10","Browser":"Chrome 54.0","IP":"127.0.0.1","Mac":"40:8D:5C:30:F1:7D","Desc":"登录成功！","Status":1}】

#############################################################################

1、时间：2016-11-24 17:01:22,542
2、优先级别：INFO
3、线程ID：19
4、耗时：67932
5、行号：120
6、文件名：e:\Net_03.Personal\Net_Project.DosORM\Project\Dos.ORM\Dos.ORM.Common\Helpers\LogHelper.cs
7、详细信息：数据操作
    日志描述：系统管理员对【公司管理】进行“查询”操作
    操作人员：系统管理员[0ad06755-9fde-4ddd-9dcb-448462155a02]
    操作地址：/MsSys/Company/GetList
    操作结果：操作成功
    操作描述：数据查询成功！
    IP地址：127.0.0.1
    浏览器：Chrome 54.0
    操作系统：Windows 10
    记录时间：2016 11 24 17:01:22:5282
    详细数据：【{"LogId":"15eb3299-6604-4e5b-bc0e-e3339a27c336","LogTypeId":101,"LogTypeName":"数据操作","CompanyId":null,"DataId":null,"OptUserId":"0ad06755-9fde-4ddd-9dcb-448462155a02","OptUserName":"系统管理员","OptTime":"2016-11-24 17:01:22","OptModuleName":"公司管理","OptModulePath":"/MsSys/Company/GetList","OptTypeId":1003,"OptTypeName":"查询","OptResultId":100,"OptResultName":"操作成功","OptSystem":"Windows 10","Browser":"Chrome 54.0","IP":"127.0.0.1","Mac":"40:8D:5C:30:F1:7D","Desc":"数据查询成功！","Status":1}】

#############################################################################

1、时间：2016-11-24 17:01:48,871
2、优先级别：INFO
3、线程ID：27
4、耗时：94260
5、行号：120
6、文件名：e:\Net_03.Personal\Net_Project.DosORM\Project\Dos.ORM\Dos.ORM.Common\Helpers\LogHelper.cs
7、详细信息：数据操作
    日志描述：系统管理员对【公司管理】进行“修改”操作
    数据主键：394ec4dc-cd47-43ff-be18-9c491fb7c23a
    操作人员：系统管理员[0ad06755-9fde-4ddd-9dcb-448462155a02]
    操作地址：/MsSys/Company/SaveData
    操作结果：操作成功
    操作描述：数据保存成功！
    IP地址：127.0.0.1
    浏览器：Chrome 54.0
    操作系统：Windows 10
    记录时间：2016 11 24 17:01:48:7534
    详细数据：【{"LogId":"a236b207-e10d-4377-b8ba-21f6b69f7b5a","LogTypeId":101,"LogTypeName":"数据操作","CompanyId":null,"DataId":"394ec4dc-cd47-43ff-be18-9c491fb7c23a","OptUserId":"0ad06755-9fde-4ddd-9dcb-448462155a02","OptUserName":"系统管理员","OptTime":"2016-11-24 17:01:48","OptModuleName":"公司管理","OptModulePath":"/MsSys/Company/SaveData","OptTypeId":1002,"OptTypeName":"修改","OptResultId":100,"OptResultName":"操作成功","OptSystem":"Windows 10","Browser":"Chrome 54.0","IP":"127.0.0.1","Mac":"40:8D:5C:30:F1:7D","Desc":"数据保存成功！","Status":1}】

#############################################################################

1、时间：2016-11-24 17:01:50,560
2、优先级别：INFO
3、线程ID：42
4、耗时：95950
5、行号：120
6、文件名：e:\Net_03.Personal\Net_Project.DosORM\Project\Dos.ORM\Dos.ORM.Common\Helpers\LogHelper.cs
7、详细信息：数据操作
    日志描述：系统管理员对【公司管理】进行“查询”操作
    操作人员：系统管理员[0ad06755-9fde-4ddd-9dcb-448462155a02]
    操作地址：/MsSys/Company/GetList
    操作结果：操作成功
    操作描述：数据查询成功！
    IP地址：127.0.0.1
    浏览器：Chrome 54.0
    操作系统：Windows 10
    记录时间：2016 11 24 17:01:50:4409
    详细数据：【{"LogId":"775b0c12-e655-497c-ab8b-fdc8d6ce584d","LogTypeId":101,"LogTypeName":"数据操作","CompanyId":null,"DataId":null,"OptUserId":"0ad06755-9fde-4ddd-9dcb-448462155a02","OptUserName":"系统管理员","OptTime":"2016-11-24 17:01:50","OptModuleName":"公司管理","OptModulePath":"/MsSys/Company/GetList","OptTypeId":1003,"OptTypeName":"查询","OptResultId":100,"OptResultName":"操作成功","OptSystem":"Windows 10","Browser":"Chrome 54.0","IP":"127.0.0.1","Mac":"40:8D:5C:30:F1:7D","Desc":"数据查询成功！","Status":1}】

#############################################################################

1、时间：2016-11-24 17:02:28,608
2、优先级别：INFO
3、线程ID：45
4、耗时：133998
5、行号：120
6、文件名：e:\Net_03.Personal\Net_Project.DosORM\Project\Dos.ORM\Dos.ORM.Common\Helpers\LogHelper.cs
7、详细信息：数据操作
    日志描述：系统管理员对【管理员管理】进行“查询”操作
    操作人员：系统管理员[0ad06755-9fde-4ddd-9dcb-448462155a02]
    操作地址：/MsSys/Operator/GetList
    操作结果：操作成功
    操作描述：数据查询成功！
    IP地址：127.0.0.1
    浏览器：Chrome 54.0
    操作系统：Windows 10
    记录时间：2016 11 24 17:02:28:5301
    详细数据：【{"LogId":"fd3edfb3-dee1-44ab-b7c3-1da0d14b0b98","LogTypeId":101,"LogTypeName":"数据操作","CompanyId":null,"DataId":null,"OptUserId":"0ad06755-9fde-4ddd-9dcb-448462155a02","OptUserName":"系统管理员","OptTime":"2016-11-24 17:02:28","OptModuleName":"管理员管理","OptModulePath":"/MsSys/Operator/GetList","OptTypeId":1003,"OptTypeName":"查询","OptResultId":100,"OptResultName":"操作成功","OptSystem":"Windows 10","Browser":"Chrome 54.0","IP":"127.0.0.1","Mac":"40:8D:5C:30:F1:7D","Desc":"数据查询成功！","Status":1}】

#############################################################################

1、时间：2016-11-24 17:19:05,755
2、优先级别：INFO
3、线程ID：26
4、耗时：13673
5、行号：120
6、文件名：e:\Net_03.Personal\Net_Project.DosORM\Project\Dos.ORM\Dos.ORM.Common\Helpers\LogHelper.cs
7、详细信息：登录登出
    日志描述：秦波对【登录系统】进行“登录”操作
    操作人员：秦波[0ad06755-9fde-4ddd-9dcb-448462155a03]
    操作地址：/MsSys/Login/CheckLogin
    操作结果：登录成功
    操作描述：登录成功！
    IP地址：127.0.0.1
    浏览器：Chrome 54.0
    操作系统：Windows 10
    记录时间：2016 11 24 17:19:05:7142
    详细数据：【{"LogId":"52baf375-6eac-4042-9c32-13e9cc2d78e3","LogTypeId":100,"LogTypeName":"登录登出","CompanyId":"078736e6-0cc2-48dc-80f1-6330419b4af1","DataId":null,"OptUserId":"0ad06755-9fde-4ddd-9dcb-448462155a03","OptUserName":"秦波","OptTime":"2016-11-24 17:19:05","OptModuleName":"登录系统","OptModulePath":"/MsSys/Login/CheckLogin","OptTypeId":2001,"OptTypeName":"登录","OptResultId":300,"OptResultName":"登录成功","OptSystem":"Windows 10","Browser":"Chrome 54.0","IP":"127.0.0.1","Mac":"40:8D:5C:30:F1:7D","Desc":"登录成功！","Status":1}】
