
#############################################################################

1、时间：2016-09-01 14:00:01,461
2、优先级别：INFO
3、线程ID：33
4、耗时：12175
5、行号：120
6、文件名：e:\Net_03.Personal\Net_Project.DosORM\Project\Dos.ORM\Dos.ORM.Common\Helpers\LogHelper.cs
7、详细信息：登录登出
    日志描述：秦波对【登录系统】进行“登录”操作
    操作人员：秦波[0ad06755-9fde-4ddd-9dcb-448462155a03]
    操作地址：/MsSys/Login/CheckLogin
    操作结果：登录成功
    操作描述：登录成功！
    IP地址：192.168.0.200
    浏览器：Chrome 52.0
    操作系统：Windows 10
    记录时间：2016 09 01 14:00:01:3912
    详细数据：【{"LogId":"4cec0ce6-36e7-4c66-b930-9acbd456463b","LogTypeId":100,"CompanyId":1,"DataId":null,"OptUserId":"0ad06755-9fde-4ddd-9dcb-448462155a03","OptUserName":"秦波","OptTime":"2016-09-01 14:00:01","OptModuleName":"登录系统","OptModulePath":"/MsSys/Login/CheckLogin","OptTypeId":2001,"OptTypeName":"登录","OptResultId":300,"OptResultName":"登录成功","OptSystem":"Windows 10","Browser":"Chrome 52.0","IP":"192.168.0.200","Mac":"40:8D:5C:30:F1:7D","Desc":"登录成功！","Status":1}】

#############################################################################

1、时间：2016-09-01 14:00:10,759
2、优先级别：INFO
3、线程ID：11
4、耗时：21473
5、行号：120
6、文件名：e:\Net_03.Personal\Net_Project.DosORM\Project\Dos.ORM\Dos.ORM.Common\Helpers\LogHelper.cs
7、详细信息：数据操作
    日志描述：秦波对【部门管理】进行“查询”操作
    操作人员：秦波[0ad06755-9fde-4ddd-9dcb-448462155a03]
    操作地址：/MsSys/Department/GetList
    操作结果：操作成功
    操作描述：数据查询成功！
    IP地址：192.168.0.200
    浏览器：Chrome 52.0
    操作系统：Windows 10
    记录时间：2016 09 01 14:00:10:7464
    详细数据：【{"LogId":"0703fcdb-8a94-42d8-80b8-924af52df042","LogTypeId":101,"CompanyId":1,"DataId":null,"OptUserId":"0ad06755-9fde-4ddd-9dcb-448462155a03","OptUserName":"秦波","OptTime":"2016-09-01 14:00:10","OptModuleName":"部门管理","OptModulePath":"/MsSys/Department/GetList","OptTypeId":1003,"OptTypeName":"查询","OptResultId":100,"OptResultName":"操作成功","OptSystem":"Windows 10","Browser":"Chrome 52.0","IP":"192.168.0.200","Mac":"40:8D:5C:30:F1:7D","Desc":"数据查询成功！","Status":1}】

#############################################################################

1、时间：2016-09-01 14:00:24,251
2、优先级别：INFO
3、线程ID：35
4、耗时：34965
5、行号：120
6、文件名：e:\Net_03.Personal\Net_Project.DosORM\Project\Dos.ORM\Dos.ORM.Common\Helpers\LogHelper.cs
7、详细信息：数据操作
    日志描述：秦波对【部门管理】进行“修改”操作
    数据主键：08ef0030-3e15-4eb1-bdb4-29c1584b57de
    操作人员：秦波[0ad06755-9fde-4ddd-9dcb-448462155a03]
    操作地址：/MsSys/Department/SaveData
    操作结果：操作成功
    操作描述：数据保存成功！
    IP地址：192.168.0.200
    浏览器：Chrome 52.0
    操作系统：Windows 10
    记录时间：2016 09 01 14:00:24:1771
    详细数据：【{"LogId":"ba1170ac-fdf9-4c95-beab-9c7ae67067f9","LogTypeId":101,"CompanyId":1,"DataId":"08ef0030-3e15-4eb1-bdb4-29c1584b57de","OptUserId":"0ad06755-9fde-4ddd-9dcb-448462155a03","OptUserName":"秦波","OptTime":"2016-09-01 14:00:24","OptModuleName":"部门管理","OptModulePath":"/MsSys/Department/SaveData","OptTypeId":1002,"OptTypeName":"修改","OptResultId":100,"OptResultName":"操作成功","OptSystem":"Windows 10","Browser":"Chrome 52.0","IP":"192.168.0.200","Mac":"40:8D:5C:30:F1:7D","Desc":"数据保存成功！","Status":1}】

#############################################################################

1、时间：2016-09-01 14:00:26,338
2、优先级别：INFO
3、线程ID：27
4、耗时：37052
5、行号：120
6、文件名：e:\Net_03.Personal\Net_Project.DosORM\Project\Dos.ORM\Dos.ORM.Common\Helpers\LogHelper.cs
7、详细信息：数据操作
    日志描述：秦波对【部门管理】进行“查询”操作
    操作人员：秦波[0ad06755-9fde-4ddd-9dcb-448462155a03]
    操作地址：/MsSys/Department/GetList
    操作结果：操作成功
    操作描述：数据查询成功！
    IP地址：192.168.0.200
    浏览器：Chrome 52.0
    操作系统：Windows 10
    记录时间：2016 09 01 14:00:26:3242
    详细数据：【{"LogId":"6804a72c-8209-401f-9ce4-a9d2d8e69788","LogTypeId":101,"CompanyId":1,"DataId":null,"OptUserId":"0ad06755-9fde-4ddd-9dcb-448462155a03","OptUserName":"秦波","OptTime":"2016-09-01 14:00:26","OptModuleName":"部门管理","OptModulePath":"/MsSys/Department/GetList","OptTypeId":1003,"OptTypeName":"查询","OptResultId":100,"OptResultName":"操作成功","OptSystem":"Windows 10","Browser":"Chrome 52.0","IP":"192.168.0.200","Mac":"40:8D:5C:30:F1:7D","Desc":"数据查询成功！","Status":1}】

#############################################################################

1、时间：2016-09-01 14:31:05,659
2、优先级别：INFO
3、线程ID：10
4、耗时：48132
5、行号：120
6、文件名：e:\Net_03.Personal\Net_Project.DosORM\Project\Dos.ORM\Dos.ORM.Common\Helpers\LogHelper.cs
7、详细信息：登录登出
    日志描述：秦波对【登录系统】进行“登录”操作
    操作人员：秦波[0ad06755-9fde-4ddd-9dcb-448462155a03]
    操作地址：/MsSys/Login/CheckLogin
    操作结果：登录成功
    操作描述：登录成功！
    IP地址：192.168.0.200
    浏览器：Chrome 52.0
    操作系统：Windows 10
    记录时间：2016 09 01 14:31:05:4954
    详细数据：【{"LogId":"dfd8dd15-854c-43ea-bb72-e429b8fe981d","LogTypeId":100,"CompanyId":1,"DataId":null,"OptUserId":"0ad06755-9fde-4ddd-9dcb-448462155a03","OptUserName":"秦波","OptTime":"2016-09-01 14:31:05","OptModuleName":"登录系统","OptModulePath":"/MsSys/Login/CheckLogin","OptTypeId":2001,"OptTypeName":"登录","OptResultId":300,"OptResultName":"登录成功","OptSystem":"Windows 10","Browser":"Chrome 52.0","IP":"192.168.0.200","Mac":"40:8D:5C:30:F1:7D","Desc":"登录成功！","Status":1}】

#############################################################################

1、时间：2016-09-01 14:31:16,850
2、优先级别：INFO
3、线程ID：8
4、耗时：59323
5、行号：120
6、文件名：e:\Net_03.Personal\Net_Project.DosORM\Project\Dos.ORM\Dos.ORM.Common\Helpers\LogHelper.cs
7、详细信息：数据操作
    日志描述：秦波对【公司管理】进行“查询”操作
    操作人员：秦波[0ad06755-9fde-4ddd-9dcb-448462155a03]
    操作地址：/MsSys/Company/GetList
    操作结果：操作成功
    操作描述：数据查询成功！
    IP地址：192.168.0.200
    浏览器：Chrome 52.0
    操作系统：Windows 10
    记录时间：2016 09 01 14:31:16:7906
    详细数据：【{"LogId":"80bbf65a-545a-4a9a-9568-a154e37ebc18","LogTypeId":101,"CompanyId":1,"DataId":null,"OptUserId":"0ad06755-9fde-4ddd-9dcb-448462155a03","OptUserName":"秦波","OptTime":"2016-09-01 14:31:16","OptModuleName":"公司管理","OptModulePath":"/MsSys/Company/GetList","OptTypeId":1003,"OptTypeName":"查询","OptResultId":100,"OptResultName":"操作成功","OptSystem":"Windows 10","Browser":"Chrome 52.0","IP":"192.168.0.200","Mac":"40:8D:5C:30:F1:7D","Desc":"数据查询成功！","Status":1}】

#############################################################################

1、时间：2016-09-01 14:31:39,390
2、优先级别：INFO
3、线程ID：11
4、耗时：81863
5、行号：120
6、文件名：e:\Net_03.Personal\Net_Project.DosORM\Project\Dos.ORM\Dos.ORM.Common\Helpers\LogHelper.cs
7、详细信息：数据操作
    日志描述：秦波对【公司管理】进行“修改”操作
    数据主键：20
    操作人员：秦波[0ad06755-9fde-4ddd-9dcb-448462155a03]
    操作地址：/MsSys/Company/SaveData
    操作结果：操作成功
    操作描述：数据保存成功！
    IP地址：192.168.0.200
    浏览器：Chrome 52.0
    操作系统：Windows 10
    记录时间：2016 09 01 14:31:39:3544
    详细数据：【{"LogId":"ca06decc-e56f-46bf-9174-5866f67808e3","LogTypeId":101,"CompanyId":1,"DataId":"20","OptUserId":"0ad06755-9fde-4ddd-9dcb-448462155a03","OptUserName":"秦波","OptTime":"2016-09-01 14:31:39","OptModuleName":"公司管理","OptModulePath":"/MsSys/Company/SaveData","OptTypeId":1002,"OptTypeName":"修改","OptResultId":100,"OptResultName":"操作成功","OptSystem":"Windows 10","Browser":"Chrome 52.0","IP":"192.168.0.200","Mac":"40:8D:5C:30:F1:7D","Desc":"数据保存成功！","Status":1}】

#############################################################################

1、时间：2016-09-01 14:31:41,481
2、优先级别：INFO
3、线程ID：7
4、耗时：83954
5、行号：120
6、文件名：e:\Net_03.Personal\Net_Project.DosORM\Project\Dos.ORM\Dos.ORM.Common\Helpers\LogHelper.cs
7、详细信息：数据操作
    日志描述：秦波对【公司管理】进行“查询”操作
    操作人员：秦波[0ad06755-9fde-4ddd-9dcb-448462155a03]
    操作地址：/MsSys/Company/GetList
    操作结果：操作成功
    操作描述：数据查询成功！
    IP地址：192.168.0.200
    浏览器：Chrome 52.0
    操作系统：Windows 10
    记录时间：2016 09 01 14:31:41:4708
    详细数据：【{"LogId":"7e96baf5-db0b-4446-a618-9b0c5aa96bf6","LogTypeId":101,"CompanyId":1,"DataId":null,"OptUserId":"0ad06755-9fde-4ddd-9dcb-448462155a03","OptUserName":"秦波","OptTime":"2016-09-01 14:31:41","OptModuleName":"公司管理","OptModulePath":"/MsSys/Company/GetList","OptTypeId":1003,"OptTypeName":"查询","OptResultId":100,"OptResultName":"操作成功","OptSystem":"Windows 10","Browser":"Chrome 52.0","IP":"192.168.0.200","Mac":"40:8D:5C:30:F1:7D","Desc":"数据查询成功！","Status":1}】

#############################################################################

1、时间：2016-09-01 15:28:33,292
2、优先级别：INFO
3、线程ID：11
4、耗时：32729
5、行号：120
6、文件名：e:\Net_03.Personal\Net_Project.DosORM\Project\Dos.ORM\Dos.ORM.Common\Helpers\LogHelper.cs
7、详细信息：登录登出
    日志描述：秦波对【登录系统】进行“登录”操作
    操作人员：秦波[0ad06755-9fde-4ddd-9dcb-448462155a03]
    操作地址：/MsSys/Login/CheckLogin
    操作结果：登录成功
    操作描述：登录成功！
    IP地址：192.168.0.200
    浏览器：Chrome 52.0
    操作系统：Windows 10
    记录时间：2016 09 01 15:28:33:1773
    详细数据：【{"LogId":"026cedf3-2e2f-4266-878d-6cc5fc0a7117","LogTypeId":100,"CompanyId":null,"DataId":null,"OptUserId":"0ad06755-9fde-4ddd-9dcb-448462155a03","OptUserName":"秦波","OptTime":"2016-09-01 15:28:33","OptModuleName":"登录系统","OptModulePath":"/MsSys/Login/CheckLogin","OptTypeId":2001,"OptTypeName":"登录","OptResultId":300,"OptResultName":"登录成功","OptSystem":"Windows 10","Browser":"Chrome 52.0","IP":"192.168.0.200","Mac":"40:8D:5C:30:F1:7D","Desc":"登录成功！","Status":1}】

#############################################################################

1、时间：2016-09-01 15:52:40,703
2、优先级别：INFO
3、线程ID：13
4、耗时：58435
5、行号：120
6、文件名：e:\Net_03.Personal\Net_Project.DosORM\Project\Dos.ORM\Dos.ORM.Common\Helpers\LogHelper.cs
7、详细信息：登录登出
    日志描述：秦波对【登录系统】进行“登录”操作
    操作人员：秦波[0ad06755-9fde-4ddd-9dcb-448462155a03]
    操作地址：/MsSys/Login/CheckLogin
    操作结果：登录成功
    操作描述：登录成功！
    IP地址：192.168.0.200
    浏览器：Chrome 52.0
    操作系统：Windows 10
    记录时间：2016 09 01 15:52:40:3974
    详细数据：【{"LogId":"5ed2df49-f475-4882-b8b4-5fbdf29e1d51","LogTypeId":100,"CompanyId":"078736e6-0cc2-48dc-80f1-6330419b4af1","DataId":null,"OptUserId":"0ad06755-9fde-4ddd-9dcb-448462155a03","OptUserName":"秦波","OptTime":"2016-09-01 15:52:40","OptModuleName":"登录系统","OptModulePath":"/MsSys/Login/CheckLogin","OptTypeId":2001,"OptTypeName":"登录","OptResultId":300,"OptResultName":"登录成功","OptSystem":"Windows 10","Browser":"Chrome 52.0","IP":"192.168.0.200","Mac":"40:8D:5C:30:F1:7D","Desc":"登录成功！","Status":1}】

#############################################################################

1、时间：2016-09-01 15:52:59,429
2、优先级别：INFO
3、线程ID：17
4、耗时：77160
5、行号：120
6、文件名：e:\Net_03.Personal\Net_Project.DosORM\Project\Dos.ORM\Dos.ORM.Common\Helpers\LogHelper.cs
7、详细信息：数据操作
    日志描述：秦波对【公司管理】进行“查询”操作
    操作人员：秦波[0ad06755-9fde-4ddd-9dcb-448462155a03]
    操作地址：/MsSys/Company/GetList
    操作结果：操作成功
    操作描述：数据查询成功！
    IP地址：192.168.0.200
    浏览器：Chrome 52.0
    操作系统：Windows 10
    记录时间：2016 09 01 15:52:59:3870
    详细数据：【{"LogId":"85cf7f6e-aa27-479d-bdd0-160039d0f2a6","LogTypeId":101,"CompanyId":"078736e6-0cc2-48dc-80f1-6330419b4af1","DataId":null,"OptUserId":"0ad06755-9fde-4ddd-9dcb-448462155a03","OptUserName":"秦波","OptTime":"2016-09-01 15:52:59","OptModuleName":"公司管理","OptModulePath":"/MsSys/Company/GetList","OptTypeId":1003,"OptTypeName":"查询","OptResultId":100,"OptResultName":"操作成功","OptSystem":"Windows 10","Browser":"Chrome 52.0","IP":"192.168.0.200","Mac":"40:8D:5C:30:F1:7D","Desc":"数据查询成功！","Status":1}】

#############################################################################

1、时间：2016-09-01 15:55:56,571
2、优先级别：INFO
3、线程ID：16
4、耗时：254303
5、行号：120
6、文件名：e:\Net_03.Personal\Net_Project.DosORM\Project\Dos.ORM\Dos.ORM.Common\Helpers\LogHelper.cs
7、详细信息：数据操作
    日志描述：秦波对【公司管理】进行“查询”操作
    操作人员：秦波[0ad06755-9fde-4ddd-9dcb-448462155a03]
    操作地址：/MsSys/Company/GetList
    操作结果：操作成功
    操作描述：数据查询成功！
    IP地址：192.168.0.200
    浏览器：Chrome 52.0
    操作系统：Windows 10
    记录时间：2016 09 01 15:55:56:5554
    详细数据：【{"LogId":"75781ab4-1678-4fdb-aa1a-d277593277ee","LogTypeId":101,"CompanyId":"078736e6-0cc2-48dc-80f1-6330419b4af1","DataId":null,"OptUserId":"0ad06755-9fde-4ddd-9dcb-448462155a03","OptUserName":"秦波","OptTime":"2016-09-01 15:55:56","OptModuleName":"公司管理","OptModulePath":"/MsSys/Company/GetList","OptTypeId":1003,"OptTypeName":"查询","OptResultId":100,"OptResultName":"操作成功","OptSystem":"Windows 10","Browser":"Chrome 52.0","IP":"192.168.0.200","Mac":"40:8D:5C:30:F1:7D","Desc":"数据查询成功！","Status":1}】

#############################################################################

1、时间：2016-09-01 15:59:29,759
2、优先级别：INFO
3、线程ID：27
4、耗时：32986
5、行号：120
6、文件名：e:\Net_03.Personal\Net_Project.DosORM\Project\Dos.ORM\Dos.ORM.Common\Helpers\LogHelper.cs
7、详细信息：登录登出
    日志描述：秦波对【登录系统】进行“登录”操作
    操作人员：秦波[0ad06755-9fde-4ddd-9dcb-448462155a03]
    操作地址：/MsSys/Login/CheckLogin
    操作结果：登录成功
    操作描述：登录成功！
    IP地址：192.168.0.200
    浏览器：Chrome 52.0
    操作系统：Windows 10
    记录时间：2016 09 01 15:59:29:6630
    详细数据：【{"LogId":"de11fe2c-7222-4ce4-8175-097acc100f90","LogTypeId":100,"CompanyId":"078736e6-0cc2-48dc-80f1-6330419b4af1","DataId":null,"OptUserId":"0ad06755-9fde-4ddd-9dcb-448462155a03","OptUserName":"秦波","OptTime":"2016-09-01 15:59:29","OptModuleName":"登录系统","OptModulePath":"/MsSys/Login/CheckLogin","OptTypeId":2001,"OptTypeName":"登录","OptResultId":300,"OptResultName":"登录成功","OptSystem":"Windows 10","Browser":"Chrome 52.0","IP":"192.168.0.200","Mac":"40:8D:5C:30:F1:7D","Desc":"登录成功！","Status":1}】

#############################################################################

1、时间：2016-09-01 15:59:35,340
2、优先级别：INFO
3、线程ID：22
4、耗时：38566
5、行号：120
6、文件名：e:\Net_03.Personal\Net_Project.DosORM\Project\Dos.ORM\Dos.ORM.Common\Helpers\LogHelper.cs
7、详细信息：数据操作
    日志描述：秦波对【公司管理】进行“查询”操作
    操作人员：秦波[0ad06755-9fde-4ddd-9dcb-448462155a03]
    操作地址：/MsSys/Company/GetList
    操作结果：操作成功
    操作描述：数据查询成功！
    IP地址：192.168.0.200
    浏览器：Chrome 52.0
    操作系统：Windows 10
    记录时间：2016 09 01 15:59:35:3282
    详细数据：【{"LogId":"dafd7e77-a548-4104-8f37-2bacd7bb64c6","LogTypeId":101,"CompanyId":"078736e6-0cc2-48dc-80f1-6330419b4af1","DataId":null,"OptUserId":"0ad06755-9fde-4ddd-9dcb-448462155a03","OptUserName":"秦波","OptTime":"2016-09-01 15:59:35","OptModuleName":"公司管理","OptModulePath":"/MsSys/Company/GetList","OptTypeId":1003,"OptTypeName":"查询","OptResultId":100,"OptResultName":"操作成功","OptSystem":"Windows 10","Browser":"Chrome 52.0","IP":"192.168.0.200","Mac":"40:8D:5C:30:F1:7D","Desc":"数据查询成功！","Status":1}】

#############################################################################

1、时间：2016-09-01 16:00:04,316
2、优先级别：INFO
3、线程ID：21
4、耗时：67543
5、行号：120
6、文件名：e:\Net_03.Personal\Net_Project.DosORM\Project\Dos.ORM\Dos.ORM.Common\Helpers\LogHelper.cs
7、详细信息：数据操作
    日志描述：秦波对【公司管理】进行“添加”操作
    数据主键：a26437ea-3492-4883-a4d5-fff7cc527e6c
    操作人员：秦波[0ad06755-9fde-4ddd-9dcb-448462155a03]
    操作地址：/MsSys/Company/SaveData
    操作结果：操作成功
    操作描述：数据保存成功！
    IP地址：192.168.0.200
    浏览器：Chrome 52.0
    操作系统：Windows 10
    记录时间：2016 09 01 16:00:04:2347
    详细数据：【{"LogId":"0c87a7ef-c17f-4190-a7c1-4c2292eb859a","LogTypeId":101,"CompanyId":"078736e6-0cc2-48dc-80f1-6330419b4af1","DataId":"a26437ea-3492-4883-a4d5-fff7cc527e6c","OptUserId":"0ad06755-9fde-4ddd-9dcb-448462155a03","OptUserName":"秦波","OptTime":"2016-09-01 16:00:04","OptModuleName":"公司管理","OptModulePath":"/MsSys/Company/SaveData","OptTypeId":1001,"OptTypeName":"添加","OptResultId":100,"OptResultName":"操作成功","OptSystem":"Windows 10","Browser":"Chrome 52.0","IP":"192.168.0.200","Mac":"40:8D:5C:30:F1:7D","Desc":"数据保存成功！","Status":1}】

#############################################################################

1、时间：2016-09-01 16:00:40,795
2、优先级别：INFO
3、线程ID：25
4、耗时：104022
5、行号：120
6、文件名：e:\Net_03.Personal\Net_Project.DosORM\Project\Dos.ORM\Dos.ORM.Common\Helpers\LogHelper.cs
7、详细信息：数据操作
    日志描述：秦波对【公司管理】进行“查询”操作
    操作人员：秦波[0ad06755-9fde-4ddd-9dcb-448462155a03]
    操作地址：/MsSys/Company/GetList
    操作结果：操作成功
    操作描述：数据查询成功！
    IP地址：192.168.0.200
    浏览器：Chrome 52.0
    操作系统：Windows 10
    记录时间：2016 09 01 16:00:40:7827
    详细数据：【{"LogId":"a3ce4226-b749-4bcf-90ad-6741c3f7350e","LogTypeId":101,"CompanyId":"078736e6-0cc2-48dc-80f1-6330419b4af1","DataId":null,"OptUserId":"0ad06755-9fde-4ddd-9dcb-448462155a03","OptUserName":"秦波","OptTime":"2016-09-01 16:00:40","OptModuleName":"公司管理","OptModulePath":"/MsSys/Company/GetList","OptTypeId":1003,"OptTypeName":"查询","OptResultId":100,"OptResultName":"操作成功","OptSystem":"Windows 10","Browser":"Chrome 52.0","IP":"192.168.0.200","Mac":"40:8D:5C:30:F1:7D","Desc":"数据查询成功！","Status":1}】

#############################################################################

1、时间：2016-09-01 16:00:52,427
2、优先级别：INFO
3、线程ID：27
4、耗时：115653
5、行号：120
6、文件名：e:\Net_03.Personal\Net_Project.DosORM\Project\Dos.ORM\Dos.ORM.Common\Helpers\LogHelper.cs
7、详细信息：数据操作
    日志描述：秦波对【公司管理】进行“修改”操作
    数据主键：a26437ea-3492-4883-a4d5-fff7cc527e6c
    操作人员：秦波[0ad06755-9fde-4ddd-9dcb-448462155a03]
    操作地址：/MsSys/Company/SaveData
    操作结果：操作成功
    操作描述：数据保存成功！
    IP地址：192.168.0.200
    浏览器：Chrome 52.0
    操作系统：Windows 10
    记录时间：2016 09 01 16:00:52:3552
    详细数据：【{"LogId":"b26762af-76b0-42bb-9b79-9d343eeedfe4","LogTypeId":101,"CompanyId":"078736e6-0cc2-48dc-80f1-6330419b4af1","DataId":"a26437ea-3492-4883-a4d5-fff7cc527e6c","OptUserId":"0ad06755-9fde-4ddd-9dcb-448462155a03","OptUserName":"秦波","OptTime":"2016-09-01 16:00:52","OptModuleName":"公司管理","OptModulePath":"/MsSys/Company/SaveData","OptTypeId":1002,"OptTypeName":"修改","OptResultId":100,"OptResultName":"操作成功","OptSystem":"Windows 10","Browser":"Chrome 52.0","IP":"192.168.0.200","Mac":"40:8D:5C:30:F1:7D","Desc":"数据保存成功！","Status":1}】

#############################################################################

1、时间：2016-09-01 16:01:15,555
2、优先级别：INFO
3、线程ID：27
4、耗时：138782
5、行号：120
6、文件名：e:\Net_03.Personal\Net_Project.DosORM\Project\Dos.ORM\Dos.ORM.Common\Helpers\LogHelper.cs
7、详细信息：数据操作
    日志描述：秦波对【公司管理】进行“查询”操作
    操作人员：秦波[0ad06755-9fde-4ddd-9dcb-448462155a03]
    操作地址：/MsSys/Company/GetList
    操作结果：操作成功
    操作描述：数据查询成功！
    IP地址：192.168.0.200
    浏览器：Chrome 52.0
    操作系统：Windows 10
    记录时间：2016 09 01 16:01:15:5444
    详细数据：【{"LogId":"fac9814f-cc61-4a5e-b0d0-a782a6b9790e","LogTypeId":101,"CompanyId":"078736e6-0cc2-48dc-80f1-6330419b4af1","DataId":null,"OptUserId":"0ad06755-9fde-4ddd-9dcb-448462155a03","OptUserName":"秦波","OptTime":"2016-09-01 16:01:15","OptModuleName":"公司管理","OptModulePath":"/MsSys/Company/GetList","OptTypeId":1003,"OptTypeName":"查询","OptResultId":100,"OptResultName":"操作成功","OptSystem":"Windows 10","Browser":"Chrome 52.0","IP":"192.168.0.200","Mac":"40:8D:5C:30:F1:7D","Desc":"数据查询成功！","Status":1}】

#############################################################################

1、时间：2016-09-01 16:01:22,780
2、优先级别：INFO
3、线程ID：27
4、耗时：146007
5、行号：120
6、文件名：e:\Net_03.Personal\Net_Project.DosORM\Project\Dos.ORM\Dos.ORM.Common\Helpers\LogHelper.cs
7、详细信息：数据操作
    日志描述：秦波对【公司管理】进行“修改”操作
    数据主键：a26437ea-3492-4883-a4d5-fff7cc527e6c
    操作人员：秦波[0ad06755-9fde-4ddd-9dcb-448462155a03]
    操作地址：/MsSys/Company/SaveData
    操作结果：操作成功
    操作描述：数据保存成功！
    IP地址：192.168.0.200
    浏览器：Chrome 52.0
    操作系统：Windows 10
    记录时间：2016 09 01 16:01:22:7083
    详细数据：【{"LogId":"209526aa-e05e-4a57-802c-3eef14cd2879","LogTypeId":101,"CompanyId":"078736e6-0cc2-48dc-80f1-6330419b4af1","DataId":"a26437ea-3492-4883-a4d5-fff7cc527e6c","OptUserId":"0ad06755-9fde-4ddd-9dcb-448462155a03","OptUserName":"秦波","OptTime":"2016-09-01 16:01:22","OptModuleName":"公司管理","OptModulePath":"/MsSys/Company/SaveData","OptTypeId":1002,"OptTypeName":"修改","OptResultId":100,"OptResultName":"操作成功","OptSystem":"Windows 10","Browser":"Chrome 52.0","IP":"192.168.0.200","Mac":"40:8D:5C:30:F1:7D","Desc":"数据保存成功！","Status":1}】

#############################################################################

1、时间：2016-09-01 16:02:18,827
2、优先级别：INFO
3、线程ID：23
4、耗时：202054
5、行号：120
6、文件名：e:\Net_03.Personal\Net_Project.DosORM\Project\Dos.ORM\Dos.ORM.Common\Helpers\LogHelper.cs
7、详细信息：数据操作
    日志描述：秦波对【公司管理】进行“查询”操作
    操作人员：秦波[0ad06755-9fde-4ddd-9dcb-448462155a03]
    操作地址：/MsSys/Company/GetList
    操作结果：操作成功
    操作描述：数据查询成功！
    IP地址：192.168.0.200
    浏览器：Chrome 52.0
    操作系统：Windows 10
    记录时间：2016 09 01 16:02:18:7933
    详细数据：【{"LogId":"bda64824-f265-480a-8fd2-7957838669b0","LogTypeId":101,"CompanyId":"078736e6-0cc2-48dc-80f1-6330419b4af1","DataId":null,"OptUserId":"0ad06755-9fde-4ddd-9dcb-448462155a03","OptUserName":"秦波","OptTime":"2016-09-01 16:02:18","OptModuleName":"公司管理","OptModulePath":"/MsSys/Company/GetList","OptTypeId":1003,"OptTypeName":"查询","OptResultId":100,"OptResultName":"操作成功","OptSystem":"Windows 10","Browser":"Chrome 52.0","IP":"192.168.0.200","Mac":"40:8D:5C:30:F1:7D","Desc":"数据查询成功！","Status":1}】

#############################################################################

1、时间：2016-09-01 16:02:26,094
2、优先级别：INFO
3、线程ID：22
4、耗时：209321
5、行号：120
6、文件名：e:\Net_03.Personal\Net_Project.DosORM\Project\Dos.ORM\Dos.ORM.Common\Helpers\LogHelper.cs
7、详细信息：数据操作
    日志描述：秦波对【部门管理】进行“查询”操作
    操作人员：秦波[0ad06755-9fde-4ddd-9dcb-448462155a03]
    操作地址：/MsSys/Department/GetList
    操作结果：操作成功
    操作描述：数据查询成功！
    IP地址：192.168.0.200
    浏览器：Chrome 52.0
    操作系统：Windows 10
    记录时间：2016 09 01 16:02:26:0787
    详细数据：【{"LogId":"85c33001-a099-4503-b1fd-ece67bd5fe7e","LogTypeId":101,"CompanyId":"078736e6-0cc2-48dc-80f1-6330419b4af1","DataId":null,"OptUserId":"0ad06755-9fde-4ddd-9dcb-448462155a03","OptUserName":"秦波","OptTime":"2016-09-01 16:02:26","OptModuleName":"部门管理","OptModulePath":"/MsSys/Department/GetList","OptTypeId":1003,"OptTypeName":"查询","OptResultId":100,"OptResultName":"操作成功","OptSystem":"Windows 10","Browser":"Chrome 52.0","IP":"192.168.0.200","Mac":"40:8D:5C:30:F1:7D","Desc":"数据查询成功！","Status":1}】

#############################################################################

1、时间：2016-09-01 16:03:02,865
2、优先级别：INFO
3、线程ID：13
4、耗时：246092
5、行号：120
6、文件名：e:\Net_03.Personal\Net_Project.DosORM\Project\Dos.ORM\Dos.ORM.Common\Helpers\LogHelper.cs
7、详细信息：数据操作
    日志描述：秦波对【部门管理】进行“添加”操作
    数据主键：e78e6920-d52a-4456-ad56-be7e3dbea4dc
    操作人员：秦波[0ad06755-9fde-4ddd-9dcb-448462155a03]
    操作地址：/MsSys/Department/SaveData
    操作结果：操作成功
    操作描述：数据保存成功！
    IP地址：192.168.0.200
    浏览器：Chrome 52.0
    操作系统：Windows 10
    记录时间：2016 09 01 16:03:02:8527
    详细数据：【{"LogId":"dd9757fc-2215-4751-9ec9-098419154df4","LogTypeId":101,"CompanyId":"078736e6-0cc2-48dc-80f1-6330419b4af1","DataId":"e78e6920-d52a-4456-ad56-be7e3dbea4dc","OptUserId":"0ad06755-9fde-4ddd-9dcb-448462155a03","OptUserName":"秦波","OptTime":"2016-09-01 16:03:02","OptModuleName":"部门管理","OptModulePath":"/MsSys/Department/SaveData","OptTypeId":1001,"OptTypeName":"添加","OptResultId":100,"OptResultName":"操作成功","OptSystem":"Windows 10","Browser":"Chrome 52.0","IP":"192.168.0.200","Mac":"40:8D:5C:30:F1:7D","Desc":"数据保存成功！","Status":1}】

#############################################################################

1、时间：2016-09-01 16:03:05,008
2、优先级别：INFO
3、线程ID：5
4、耗时：248235
5、行号：120
6、文件名：e:\Net_03.Personal\Net_Project.DosORM\Project\Dos.ORM\Dos.ORM.Common\Helpers\LogHelper.cs
7、详细信息：数据操作
    日志描述：秦波对【部门管理】进行“查询”操作
    操作人员：秦波[0ad06755-9fde-4ddd-9dcb-448462155a03]
    操作地址：/MsSys/Department/GetList
    操作结果：操作成功
    操作描述：数据查询成功！
    IP地址：192.168.0.200
    浏览器：Chrome 52.0
    操作系统：Windows 10
    记录时间：2016 09 01 16:03:04:9908
    详细数据：【{"LogId":"7875a595-171a-4a81-8117-c88e656d2cc2","LogTypeId":101,"CompanyId":"078736e6-0cc2-48dc-80f1-6330419b4af1","DataId":null,"OptUserId":"0ad06755-9fde-4ddd-9dcb-448462155a03","OptUserName":"秦波","OptTime":"2016-09-01 16:03:04","OptModuleName":"部门管理","OptModulePath":"/MsSys/Department/GetList","OptTypeId":1003,"OptTypeName":"查询","OptResultId":100,"OptResultName":"操作成功","OptSystem":"Windows 10","Browser":"Chrome 52.0","IP":"192.168.0.200","Mac":"40:8D:5C:30:F1:7D","Desc":"数据查询成功！","Status":1}】

#############################################################################

1、时间：2016-09-01 16:03:13,674
2、优先级别：INFO
3、线程ID：25
4、耗时：256901
5、行号：120
6、文件名：e:\Net_03.Personal\Net_Project.DosORM\Project\Dos.ORM\Dos.ORM.Common\Helpers\LogHelper.cs
7、详细信息：数据操作
    日志描述：秦波对【部门管理】进行“查询”操作
    操作人员：秦波[0ad06755-9fde-4ddd-9dcb-448462155a03]
    操作地址：/MsSys/Department/GetList
    操作结果：操作成功
    操作描述：数据查询成功！
    IP地址：192.168.0.200
    浏览器：Chrome 52.0
    操作系统：Windows 10
    记录时间：2016 09 01 16:03:13:6653
    详细数据：【{"LogId":"6df856ae-69dd-4588-8ccf-7d16a31c3f4f","LogTypeId":101,"CompanyId":"078736e6-0cc2-48dc-80f1-6330419b4af1","DataId":null,"OptUserId":"0ad06755-9fde-4ddd-9dcb-448462155a03","OptUserName":"秦波","OptTime":"2016-09-01 16:03:13","OptModuleName":"部门管理","OptModulePath":"/MsSys/Department/GetList","OptTypeId":1003,"OptTypeName":"查询","OptResultId":100,"OptResultName":"操作成功","OptSystem":"Windows 10","Browser":"Chrome 52.0","IP":"192.168.0.200","Mac":"40:8D:5C:30:F1:7D","Desc":"数据查询成功！","Status":1}】

#############################################################################

1、时间：2016-09-01 16:03:15,284
2、优先级别：INFO
3、线程ID：23
4、耗时：258510
5、行号：120
6、文件名：e:\Net_03.Personal\Net_Project.DosORM\Project\Dos.ORM\Dos.ORM.Common\Helpers\LogHelper.cs
7、详细信息：数据操作
    日志描述：秦波对【部门管理】进行“查询”操作
    操作人员：秦波[0ad06755-9fde-4ddd-9dcb-448462155a03]
    操作地址：/MsSys/Department/GetList
    操作结果：操作成功
    操作描述：数据查询成功！
    IP地址：192.168.0.200
    浏览器：Chrome 52.0
    操作系统：Windows 10
    记录时间：2016 09 01 16:03:15:2661
    详细数据：【{"LogId":"abf691a8-1b5d-486b-b1e9-622d6375b47b","LogTypeId":101,"CompanyId":"078736e6-0cc2-48dc-80f1-6330419b4af1","DataId":null,"OptUserId":"0ad06755-9fde-4ddd-9dcb-448462155a03","OptUserName":"秦波","OptTime":"2016-09-01 16:03:15","OptModuleName":"部门管理","OptModulePath":"/MsSys/Department/GetList","OptTypeId":1003,"OptTypeName":"查询","OptResultId":100,"OptResultName":"操作成功","OptSystem":"Windows 10","Browser":"Chrome 52.0","IP":"192.168.0.200","Mac":"40:8D:5C:30:F1:7D","Desc":"数据查询成功！","Status":1}】

#############################################################################

1、时间：2016-09-01 16:03:16,570
2、优先级别：INFO
3、线程ID：12
4、耗时：259796
5、行号：120
6、文件名：e:\Net_03.Personal\Net_Project.DosORM\Project\Dos.ORM\Dos.ORM.Common\Helpers\LogHelper.cs
7、详细信息：数据操作
    日志描述：秦波对【部门管理】进行“查询”操作
    操作人员：秦波[0ad06755-9fde-4ddd-9dcb-448462155a03]
    操作地址：/MsSys/Department/GetList
    操作结果：操作成功
    操作描述：数据查询成功！
    IP地址：192.168.0.200
    浏览器：Chrome 52.0
    操作系统：Windows 10
    记录时间：2016 09 01 16:03:16:5591
    详细数据：【{"LogId":"f80a1784-b0ca-44bb-a14d-071ec4824ec1","LogTypeId":101,"CompanyId":"078736e6-0cc2-48dc-80f1-6330419b4af1","DataId":null,"OptUserId":"0ad06755-9fde-4ddd-9dcb-448462155a03","OptUserName":"秦波","OptTime":"2016-09-01 16:03:16","OptModuleName":"部门管理","OptModulePath":"/MsSys/Department/GetList","OptTypeId":1003,"OptTypeName":"查询","OptResultId":100,"OptResultName":"操作成功","OptSystem":"Windows 10","Browser":"Chrome 52.0","IP":"192.168.0.200","Mac":"40:8D:5C:30:F1:7D","Desc":"数据查询成功！","Status":1}】

#############################################################################

1、时间：2016-09-01 17:14:28,007
2、优先级别：INFO
3、线程ID：15
4、耗时：120245
5、行号：120
6、文件名：e:\Net_03.Personal\Net_Project.DosORM\Project\Dos.ORM\Dos.ORM.Common\Helpers\LogHelper.cs
7、详细信息：登录登出
    日志描述：秦波对【登录系统】进行“登录”操作
    操作人员：秦波[0ad06755-9fde-4ddd-9dcb-448462155a03]
    操作地址：/MsSys/Login/CheckLogin
    操作结果：登录成功
    操作描述：登录成功！
    IP地址：192.168.0.200
    浏览器：Chrome 52.0
    操作系统：Windows 10
    记录时间：2016 09 01 17:14:27:5221
    详细数据：【{"LogId":"be7015fd-d786-412f-87ea-e36168661f44","LogTypeId":100,"CompanyId":"078736e6-0cc2-48dc-80f1-6330419b4af1","DataId":null,"OptUserId":"0ad06755-9fde-4ddd-9dcb-448462155a03","OptUserName":"秦波","OptTime":"2016-09-01 17:14:27","OptModuleName":"登录系统","OptModulePath":"/MsSys/Login/CheckLogin","OptTypeId":2001,"OptTypeName":"登录","OptResultId":300,"OptResultName":"登录成功","OptSystem":"Windows 10","Browser":"Chrome 52.0","IP":"192.168.0.200","Mac":"40:8D:5C:30:F1:7D","Desc":"登录成功！","Status":1}】

#############################################################################

1、时间：2016-09-01 17:14:42,433
2、优先级别：INFO
3、线程ID：10
4、耗时：134672
5、行号：120
6、文件名：e:\Net_03.Personal\Net_Project.DosORM\Project\Dos.ORM\Dos.ORM.Common\Helpers\LogHelper.cs
7、详细信息：数据操作
    日志描述：秦波对【公司管理】进行“查询”操作
    操作人员：秦波[0ad06755-9fde-4ddd-9dcb-448462155a03]
    操作地址：/MsSys/Company/GetList
    操作结果：操作成功
    操作描述：数据查询成功！
    IP地址：192.168.0.200
    浏览器：Chrome 52.0
    操作系统：Windows 10
    记录时间：2016 09 01 17:14:42:3589
    详细数据：【{"LogId":"ec3cb07a-34eb-4829-90cb-41a23963327f","LogTypeId":101,"CompanyId":"078736e6-0cc2-48dc-80f1-6330419b4af1","DataId":null,"OptUserId":"0ad06755-9fde-4ddd-9dcb-448462155a03","OptUserName":"秦波","OptTime":"2016-09-01 17:14:42","OptModuleName":"公司管理","OptModulePath":"/MsSys/Company/GetList","OptTypeId":1003,"OptTypeName":"查询","OptResultId":100,"OptResultName":"操作成功","OptSystem":"Windows 10","Browser":"Chrome 52.0","IP":"192.168.0.200","Mac":"40:8D:5C:30:F1:7D","Desc":"数据查询成功！","Status":1}】

#############################################################################

1、时间：2016-09-01 17:15:28,765
2、优先级别：INFO
3、线程ID：11
4、耗时：181004
5、行号：120
6、文件名：e:\Net_03.Personal\Net_Project.DosORM\Project\Dos.ORM\Dos.ORM.Common\Helpers\LogHelper.cs
7、详细信息：数据操作
    日志描述：秦波对【公司管理】进行“添加”操作
    数据主键：5e024721-8efd-48cb-bd8a-570bfba0b143
    操作人员：秦波[0ad06755-9fde-4ddd-9dcb-448462155a03]
    操作地址：/MsSys/Company/SaveData
    操作结果：操作成功
    操作描述：数据保存成功！
    IP地址：192.168.0.200
    浏览器：Chrome 52.0
    操作系统：Windows 10
    记录时间：2016 09 01 17:15:28:6592
    详细数据：【{"LogId":"af4664e0-9118-48b4-919a-8a7a382cb05b","LogTypeId":101,"CompanyId":"078736e6-0cc2-48dc-80f1-6330419b4af1","DataId":"5e024721-8efd-48cb-bd8a-570bfba0b143","OptUserId":"0ad06755-9fde-4ddd-9dcb-448462155a03","OptUserName":"秦波","OptTime":"2016-09-01 17:15:28","OptModuleName":"公司管理","OptModulePath":"/MsSys/Company/SaveData","OptTypeId":1001,"OptTypeName":"添加","OptResultId":100,"OptResultName":"操作成功","OptSystem":"Windows 10","Browser":"Chrome 52.0","IP":"192.168.0.200","Mac":"40:8D:5C:30:F1:7D","Desc":"数据保存成功！","Status":1}】

#############################################################################

1、时间：2016-09-01 17:15:30,953
2、优先级别：INFO
3、线程ID：7
4、耗时：183191
5、行号：120
6、文件名：e:\Net_03.Personal\Net_Project.DosORM\Project\Dos.ORM\Dos.ORM.Common\Helpers\LogHelper.cs
7、详细信息：数据操作
    日志描述：秦波对【公司管理】进行“查询”操作
    操作人员：秦波[0ad06755-9fde-4ddd-9dcb-448462155a03]
    操作地址：/MsSys/Company/GetList
    操作结果：操作成功
    操作描述：数据查询成功！
    IP地址：192.168.0.200
    浏览器：Chrome 52.0
    操作系统：Windows 10
    记录时间：2016 09 01 17:15:30:9072
    详细数据：【{"LogId":"0ca133f5-02ff-4614-9535-b293d8c89b90","LogTypeId":101,"CompanyId":"078736e6-0cc2-48dc-80f1-6330419b4af1","DataId":null,"OptUserId":"0ad06755-9fde-4ddd-9dcb-448462155a03","OptUserName":"秦波","OptTime":"2016-09-01 17:15:30","OptModuleName":"公司管理","OptModulePath":"/MsSys/Company/GetList","OptTypeId":1003,"OptTypeName":"查询","OptResultId":100,"OptResultName":"操作成功","OptSystem":"Windows 10","Browser":"Chrome 52.0","IP":"192.168.0.200","Mac":"40:8D:5C:30:F1:7D","Desc":"数据查询成功！","Status":1}】

#############################################################################

1、时间：2016-09-01 17:16:22,036
2、优先级别：INFO
3、线程ID：7
4、耗时：234274
5、行号：120
6、文件名：e:\Net_03.Personal\Net_Project.DosORM\Project\Dos.ORM\Dos.ORM.Common\Helpers\LogHelper.cs
7、详细信息：数据操作
    日志描述：秦波对【公司管理】进行“修改”操作
    数据主键：5e024721-8efd-48cb-bd8a-570bfba0b143
    操作人员：秦波[0ad06755-9fde-4ddd-9dcb-448462155a03]
    操作地址：/MsSys/Company/SaveData
    操作结果：操作成功
    操作描述：数据保存成功！
    IP地址：192.168.0.200
    浏览器：Chrome 52.0
    操作系统：Windows 10
    记录时间：2016 09 01 17:16:22:0131
    详细数据：【{"LogId":"99d4f25d-e31f-4790-a706-03cb082dfabb","LogTypeId":101,"CompanyId":"078736e6-0cc2-48dc-80f1-6330419b4af1","DataId":"5e024721-8efd-48cb-bd8a-570bfba0b143","OptUserId":"0ad06755-9fde-4ddd-9dcb-448462155a03","OptUserName":"秦波","OptTime":"2016-09-01 17:16:22","OptModuleName":"公司管理","OptModulePath":"/MsSys/Company/SaveData","OptTypeId":1002,"OptTypeName":"修改","OptResultId":100,"OptResultName":"操作成功","OptSystem":"Windows 10","Browser":"Chrome 52.0","IP":"192.168.0.200","Mac":"40:8D:5C:30:F1:7D","Desc":"数据保存成功！","Status":1}】

#############################################################################

1、时间：2016-09-01 17:16:24,197
2、优先级别：INFO
3、线程ID：15
4、耗时：236435
5、行号：120
6、文件名：e:\Net_03.Personal\Net_Project.DosORM\Project\Dos.ORM\Dos.ORM.Common\Helpers\LogHelper.cs
7、详细信息：数据操作
    日志描述：秦波对【公司管理】进行“查询”操作
    操作人员：秦波[0ad06755-9fde-4ddd-9dcb-448462155a03]
    操作地址：/MsSys/Company/GetList
    操作结果：操作成功
    操作描述：数据查询成功！
    IP地址：192.168.0.200
    浏览器：Chrome 52.0
    操作系统：Windows 10
    记录时间：2016 09 01 17:16:24:1832
    详细数据：【{"LogId":"f5049f59-558f-450d-9317-6bc7c8b125ee","LogTypeId":101,"CompanyId":"078736e6-0cc2-48dc-80f1-6330419b4af1","DataId":null,"OptUserId":"0ad06755-9fde-4ddd-9dcb-448462155a03","OptUserName":"秦波","OptTime":"2016-09-01 17:16:24","OptModuleName":"公司管理","OptModulePath":"/MsSys/Company/GetList","OptTypeId":1003,"OptTypeName":"查询","OptResultId":100,"OptResultName":"操作成功","OptSystem":"Windows 10","Browser":"Chrome 52.0","IP":"192.168.0.200","Mac":"40:8D:5C:30:F1:7D","Desc":"数据查询成功！","Status":1}】

#############################################################################

1、时间：2016-09-01 17:16:55,547
2、优先级别：INFO
3、线程ID：16
4、耗时：267785
5、行号：120
6、文件名：e:\Net_03.Personal\Net_Project.DosORM\Project\Dos.ORM\Dos.ORM.Common\Helpers\LogHelper.cs
7、详细信息：数据操作
    日志描述：秦波对【公司管理】进行“修改”操作
    数据主键：5e024721-8efd-48cb-bd8a-570bfba0b143
    操作人员：秦波[0ad06755-9fde-4ddd-9dcb-448462155a03]
    操作地址：/MsSys/Company/SaveData
    操作结果：操作成功
    操作描述：数据保存成功！
    IP地址：192.168.0.200
    浏览器：Chrome 52.0
    操作系统：Windows 10
    记录时间：2016 09 01 17:16:55:4829
    详细数据：【{"LogId":"f870c162-ee03-43ae-9b9d-62a67f4d079c","LogTypeId":101,"CompanyId":"078736e6-0cc2-48dc-80f1-6330419b4af1","DataId":"5e024721-8efd-48cb-bd8a-570bfba0b143","OptUserId":"0ad06755-9fde-4ddd-9dcb-448462155a03","OptUserName":"秦波","OptTime":"2016-09-01 17:16:55","OptModuleName":"公司管理","OptModulePath":"/MsSys/Company/SaveData","OptTypeId":1002,"OptTypeName":"修改","OptResultId":100,"OptResultName":"操作成功","OptSystem":"Windows 10","Browser":"Chrome 52.0","IP":"192.168.0.200","Mac":"40:8D:5C:30:F1:7D","Desc":"数据保存成功！","Status":1}】

#############################################################################

1、时间：2016-09-01 17:22:28,409
2、优先级别：INFO
3、线程ID：6
4、耗时：600647
5、行号：120
6、文件名：e:\Net_03.Personal\Net_Project.DosORM\Project\Dos.ORM\Dos.ORM.Common\Helpers\LogHelper.cs
7、详细信息：数据操作
    日志描述：秦波对【公司管理】进行“查询”操作
    操作人员：秦波[0ad06755-9fde-4ddd-9dcb-448462155a03]
    操作地址：/MsSys/Company/GetList
    操作结果：操作成功
    操作描述：数据查询成功！
    IP地址：192.168.0.200
    浏览器：Chrome 52.0
    操作系统：Windows 10
    记录时间：2016 09 01 17:22:28:3955
    详细数据：【{"LogId":"66de9a66-0d49-4f8f-b8c9-deffc4e5e339","LogTypeId":101,"CompanyId":"078736e6-0cc2-48dc-80f1-6330419b4af1","DataId":null,"OptUserId":"0ad06755-9fde-4ddd-9dcb-448462155a03","OptUserName":"秦波","OptTime":"2016-09-01 17:22:28","OptModuleName":"公司管理","OptModulePath":"/MsSys/Company/GetList","OptTypeId":1003,"OptTypeName":"查询","OptResultId":100,"OptResultName":"操作成功","OptSystem":"Windows 10","Browser":"Chrome 52.0","IP":"192.168.0.200","Mac":"40:8D:5C:30:F1:7D","Desc":"数据查询成功！","Status":1}】

#############################################################################

1、时间：2016-09-01 17:22:37,790
2、优先级别：INFO
3、线程ID：21
4、耗时：610028
5、行号：120
6、文件名：e:\Net_03.Personal\Net_Project.DosORM\Project\Dos.ORM\Dos.ORM.Common\Helpers\LogHelper.cs
7、详细信息：数据操作
    日志描述：秦波对【公司管理】进行“修改”操作
    数据主键：5e024721-8efd-48cb-bd8a-570bfba0b143
    操作人员：秦波[0ad06755-9fde-4ddd-9dcb-448462155a03]
    操作地址：/MsSys/Company/SaveData
    操作结果：操作成功
    操作描述：数据保存成功！
    IP地址：192.168.0.200
    浏览器：Chrome 52.0
    操作系统：Windows 10
    记录时间：2016 09 01 17:22:37:7142
    详细数据：【{"LogId":"5b73288d-a1e9-48f9-8d1b-345eb57f9379","LogTypeId":101,"CompanyId":"078736e6-0cc2-48dc-80f1-6330419b4af1","DataId":"5e024721-8efd-48cb-bd8a-570bfba0b143","OptUserId":"0ad06755-9fde-4ddd-9dcb-448462155a03","OptUserName":"秦波","OptTime":"2016-09-01 17:22:37","OptModuleName":"公司管理","OptModulePath":"/MsSys/Company/SaveData","OptTypeId":1002,"OptTypeName":"修改","OptResultId":100,"OptResultName":"操作成功","OptSystem":"Windows 10","Browser":"Chrome 52.0","IP":"192.168.0.200","Mac":"40:8D:5C:30:F1:7D","Desc":"数据保存成功！","Status":1}】

#############################################################################

1、时间：2016-09-01 17:23:25,345
2、优先级别：INFO
3、线程ID：24
4、耗时：657583
5、行号：120
6、文件名：e:\Net_03.Personal\Net_Project.DosORM\Project\Dos.ORM\Dos.ORM.Common\Helpers\LogHelper.cs
7、详细信息：数据操作
    日志描述：秦波对【公司管理】进行“查询”操作
    操作人员：秦波[0ad06755-9fde-4ddd-9dcb-448462155a03]
    操作地址：/MsSys/Company/GetList
    操作结果：操作成功
    操作描述：数据查询成功！
    IP地址：192.168.0.200
    浏览器：Chrome 52.0
    操作系统：Windows 10
    记录时间：2016 09 01 17:23:25:3331
    详细数据：【{"LogId":"32be4759-73bf-4107-b980-45f2a5cd154f","LogTypeId":101,"CompanyId":"078736e6-0cc2-48dc-80f1-6330419b4af1","DataId":null,"OptUserId":"0ad06755-9fde-4ddd-9dcb-448462155a03","OptUserName":"秦波","OptTime":"2016-09-01 17:23:25","OptModuleName":"公司管理","OptModulePath":"/MsSys/Company/GetList","OptTypeId":1003,"OptTypeName":"查询","OptResultId":100,"OptResultName":"操作成功","OptSystem":"Windows 10","Browser":"Chrome 52.0","IP":"192.168.0.200","Mac":"40:8D:5C:30:F1:7D","Desc":"数据查询成功！","Status":1}】

#############################################################################

1、时间：2016-09-01 17:25:45,561
2、优先级别：INFO
3、线程ID：9
4、耗时：797799
5、行号：120
6、文件名：e:\Net_03.Personal\Net_Project.DosORM\Project\Dos.ORM\Dos.ORM.Common\Helpers\LogHelper.cs
7、详细信息：数据操作
    日志描述：秦波对【公司管理】进行“修改”操作
    数据主键：5e024721-8efd-48cb-bd8a-570bfba0b143
    操作人员：秦波[0ad06755-9fde-4ddd-9dcb-448462155a03]
    操作地址：/MsSys/Company/SaveData
    操作结果：操作成功
    操作描述：数据保存成功！
    IP地址：192.168.0.200
    浏览器：Chrome 52.0
    操作系统：Windows 10
    记录时间：2016 09 01 17:25:45:5004
    详细数据：【{"LogId":"99ef5334-a851-4e30-80f5-7f82de59d56f","LogTypeId":101,"CompanyId":"078736e6-0cc2-48dc-80f1-6330419b4af1","DataId":"5e024721-8efd-48cb-bd8a-570bfba0b143","OptUserId":"0ad06755-9fde-4ddd-9dcb-448462155a03","OptUserName":"秦波","OptTime":"2016-09-01 17:25:45","OptModuleName":"公司管理","OptModulePath":"/MsSys/Company/SaveData","OptTypeId":1002,"OptTypeName":"修改","OptResultId":100,"OptResultName":"操作成功","OptSystem":"Windows 10","Browser":"Chrome 52.0","IP":"192.168.0.200","Mac":"40:8D:5C:30:F1:7D","Desc":"数据保存成功！","Status":1}】

#############################################################################

1、时间：2016-09-01 17:27:10,005
2、优先级别：INFO
3、线程ID：18
4、耗时：12729
5、行号：120
6、文件名：e:\Net_03.Personal\Net_Project.DosORM\Project\Dos.ORM\Dos.ORM.Common\Helpers\LogHelper.cs
7、详细信息：登录登出
    日志描述：秦波对【登录系统】进行“登录”操作
    操作人员：秦波[0ad06755-9fde-4ddd-9dcb-448462155a03]
    操作地址：/MsSys/Login/CheckLogin
    操作结果：登录成功
    操作描述：登录成功！
    IP地址：192.168.0.200
    浏览器：Chrome 52.0
    操作系统：Windows 10
    记录时间：2016 09 01 17:27:09:9293
    详细数据：【{"LogId":"0ef492ac-6824-4744-a0c2-8914ef82528b","LogTypeId":100,"CompanyId":"078736e6-0cc2-48dc-80f1-6330419b4af1","DataId":null,"OptUserId":"0ad06755-9fde-4ddd-9dcb-448462155a03","OptUserName":"秦波","OptTime":"2016-09-01 17:27:09","OptModuleName":"登录系统","OptModulePath":"/MsSys/Login/CheckLogin","OptTypeId":2001,"OptTypeName":"登录","OptResultId":300,"OptResultName":"登录成功","OptSystem":"Windows 10","Browser":"Chrome 52.0","IP":"192.168.0.200","Mac":"40:8D:5C:30:F1:7D","Desc":"登录成功！","Status":1}】

#############################################################################

1、时间：2016-09-01 17:27:14,803
2、优先级别：INFO
3、线程ID：43
4、耗时：17527
5、行号：120
6、文件名：e:\Net_03.Personal\Net_Project.DosORM\Project\Dos.ORM\Dos.ORM.Common\Helpers\LogHelper.cs
7、详细信息：数据操作
    日志描述：秦波对【公司管理】进行“查询”操作
    操作人员：秦波[0ad06755-9fde-4ddd-9dcb-448462155a03]
    操作地址：/MsSys/Company/GetList
    操作结果：操作成功
    操作描述：数据查询成功！
    IP地址：192.168.0.200
    浏览器：Chrome 52.0
    操作系统：Windows 10
    记录时间：2016 09 01 17:27:14:7916
    详细数据：【{"LogId":"5c27fc85-6037-4b2a-a3f1-327c9e3028a4","LogTypeId":101,"CompanyId":"078736e6-0cc2-48dc-80f1-6330419b4af1","DataId":null,"OptUserId":"0ad06755-9fde-4ddd-9dcb-448462155a03","OptUserName":"秦波","OptTime":"2016-09-01 17:27:14","OptModuleName":"公司管理","OptModulePath":"/MsSys/Company/GetList","OptTypeId":1003,"OptTypeName":"查询","OptResultId":100,"OptResultName":"操作成功","OptSystem":"Windows 10","Browser":"Chrome 52.0","IP":"192.168.0.200","Mac":"40:8D:5C:30:F1:7D","Desc":"数据查询成功！","Status":1}】

#############################################################################

1、时间：2016-09-01 17:27:21,799
2、优先级别：INFO
3、线程ID：24
4、耗时：24523
5、行号：120
6、文件名：e:\Net_03.Personal\Net_Project.DosORM\Project\Dos.ORM\Dos.ORM.Common\Helpers\LogHelper.cs
7、详细信息：数据操作
    日志描述：秦波对【公司管理】进行“修改”操作
    数据主键：5e024721-8efd-48cb-bd8a-570bfba0b143
    操作人员：秦波[0ad06755-9fde-4ddd-9dcb-448462155a03]
    操作地址：/MsSys/Company/SaveData
    操作结果：操作成功
    操作描述：数据保存成功！
    IP地址：192.168.0.200
    浏览器：Chrome 52.0
    操作系统：Windows 10
    记录时间：2016 09 01 17:27:21:6992
    详细数据：【{"LogId":"86d0e6d1-78e0-45b2-870e-78a0074a5d98","LogTypeId":101,"CompanyId":"078736e6-0cc2-48dc-80f1-6330419b4af1","DataId":"5e024721-8efd-48cb-bd8a-570bfba0b143","OptUserId":"0ad06755-9fde-4ddd-9dcb-448462155a03","OptUserName":"秦波","OptTime":"2016-09-01 17:27:21","OptModuleName":"公司管理","OptModulePath":"/MsSys/Company/SaveData","OptTypeId":1002,"OptTypeName":"修改","OptResultId":100,"OptResultName":"操作成功","OptSystem":"Windows 10","Browser":"Chrome 52.0","IP":"192.168.0.200","Mac":"40:8D:5C:30:F1:7D","Desc":"数据保存成功！","Status":1}】

#############################################################################

1、时间：2016-09-01 17:27:23,929
2、优先级别：INFO
3、线程ID：42
4、耗时：26652
5、行号：120
6、文件名：e:\Net_03.Personal\Net_Project.DosORM\Project\Dos.ORM\Dos.ORM.Common\Helpers\LogHelper.cs
7、详细信息：数据操作
    日志描述：秦波对【公司管理】进行“查询”操作
    操作人员：秦波[0ad06755-9fde-4ddd-9dcb-448462155a03]
    操作地址：/MsSys/Company/GetList
    操作结果：操作成功
    操作描述：数据查询成功！
    IP地址：192.168.0.200
    浏览器：Chrome 52.0
    操作系统：Windows 10
    记录时间：2016 09 01 17:27:23:9101
    详细数据：【{"LogId":"c6d97849-c05c-42fb-8774-512a73236997","LogTypeId":101,"CompanyId":"078736e6-0cc2-48dc-80f1-6330419b4af1","DataId":null,"OptUserId":"0ad06755-9fde-4ddd-9dcb-448462155a03","OptUserName":"秦波","OptTime":"2016-09-01 17:27:23","OptModuleName":"公司管理","OptModulePath":"/MsSys/Company/GetList","OptTypeId":1003,"OptTypeName":"查询","OptResultId":100,"OptResultName":"操作成功","OptSystem":"Windows 10","Browser":"Chrome 52.0","IP":"192.168.0.200","Mac":"40:8D:5C:30:F1:7D","Desc":"数据查询成功！","Status":1}】

#############################################################################

1、时间：2016-09-01 17:34:12,910
2、优先级别：INFO
3、线程ID：9
4、耗时：13614
5、行号：120
6、文件名：e:\Net_03.Personal\Net_Project.DosORM\Project\Dos.ORM\Dos.ORM.Common\Helpers\LogHelper.cs
7、详细信息：登录登出
    日志描述：秦波对【登录系统】进行“登录”操作
    操作人员：秦波[0ad06755-9fde-4ddd-9dcb-448462155a03]
    操作地址：/MsSys/Login/CheckLogin
    操作结果：登录成功
    操作描述：登录成功！
    IP地址：192.168.0.200
    浏览器：Chrome 52.0
    操作系统：Windows 10
    记录时间：2016 09 01 17:34:12:6183
    详细数据：【{"LogId":"dce44686-617e-4364-8ee1-383ad7d5baad","LogTypeId":100,"CompanyId":"078736e6-0cc2-48dc-80f1-6330419b4af1","DataId":null,"OptUserId":"0ad06755-9fde-4ddd-9dcb-448462155a03","OptUserName":"秦波","OptTime":"2016-09-01 17:34:12","OptModuleName":"登录系统","OptModulePath":"/MsSys/Login/CheckLogin","OptTypeId":2001,"OptTypeName":"登录","OptResultId":300,"OptResultName":"登录成功","OptSystem":"Windows 10","Browser":"Chrome 52.0","IP":"192.168.0.200","Mac":"40:8D:5C:30:F1:7D","Desc":"登录成功！","Status":1}】

#############################################################################

1、时间：2016-09-01 17:34:21,136
2、优先级别：INFO
3、线程ID：45
4、耗时：21841
5、行号：120
6、文件名：e:\Net_03.Personal\Net_Project.DosORM\Project\Dos.ORM\Dos.ORM.Common\Helpers\LogHelper.cs
7、详细信息：数据操作
    日志描述：秦波对【管理员管理】进行“查询”操作
    操作人员：秦波[0ad06755-9fde-4ddd-9dcb-448462155a03]
    操作地址：/MsSys/Operator/GetList
    操作结果：操作成功
    操作描述：数据查询成功！
    IP地址：192.168.0.200
    浏览器：Chrome 52.0
    操作系统：Windows 10
    记录时间：2016 09 01 17:34:21:1236
    详细数据：【{"LogId":"e91bf767-ef77-4fca-9488-3b36708bb3a5","LogTypeId":101,"CompanyId":"078736e6-0cc2-48dc-80f1-6330419b4af1","DataId":null,"OptUserId":"0ad06755-9fde-4ddd-9dcb-448462155a03","OptUserName":"秦波","OptTime":"2016-09-01 17:34:21","OptModuleName":"管理员管理","OptModulePath":"/MsSys/Operator/GetList","OptTypeId":1003,"OptTypeName":"查询","OptResultId":100,"OptResultName":"操作成功","OptSystem":"Windows 10","Browser":"Chrome 52.0","IP":"192.168.0.200","Mac":"40:8D:5C:30:F1:7D","Desc":"数据查询成功！","Status":1}】

#############################################################################

1、时间：2016-09-01 22:39:42,302
2、优先级别：INFO
3、线程ID：6
4、耗时：65395
5、行号：120
6、文件名：e:\Net_03.Personal\Net_Project.DosORM\Project\Dos.ORM\Dos.ORM.Common\Helpers\LogHelper.cs
7、详细信息：登录登出
    日志描述：秦波对【登录系统】进行“登录”操作
    操作人员：秦波[0ad06755-9fde-4ddd-9dcb-448462155a03]
    操作地址：/MsSys/Login/CheckLogin
    操作结果：登录成功
    操作描述：登录成功！
    IP地址：192.168.1.102
    浏览器：Chrome 52.0
    操作系统：Windows 10
    记录时间：2016 09 01 22:39:42:0420
    详细数据：【{"LogId":"3dd19779-2902-42e9-833a-5fa28372e70c","LogTypeId":100,"CompanyId":"078736e6-0cc2-48dc-80f1-6330419b4af1","DataId":null,"OptUserId":"0ad06755-9fde-4ddd-9dcb-448462155a03","OptUserName":"秦波","OptTime":"2016-09-01 22:39:42","OptModuleName":"登录系统","OptModulePath":"/MsSys/Login/CheckLogin","OptTypeId":2001,"OptTypeName":"登录","OptResultId":300,"OptResultName":"登录成功","OptSystem":"Windows 10","Browser":"Chrome 52.0","IP":"192.168.1.102","Mac":"B8:76:3F:1F:BC:40","Desc":"登录成功！","Status":1}】

#############################################################################

1、时间：2016-09-01 22:40:07,909
2、优先级别：INFO
3、线程ID：9
4、耗时：91002
5、行号：120
6、文件名：e:\Net_03.Personal\Net_Project.DosORM\Project\Dos.ORM\Dos.ORM.Common\Helpers\LogHelper.cs
7、详细信息：数据操作
    日志描述：秦波对【公司管理】进行“查询”操作
    操作人员：秦波[0ad06755-9fde-4ddd-9dcb-448462155a03]
    操作地址：/MsSys/Company/GetList
    操作结果：操作成功
    操作描述：数据查询成功！
    IP地址：192.168.1.102
    浏览器：Chrome 52.0
    操作系统：Windows 10
    记录时间：2016 09 01 22:40:07:8771
    详细数据：【{"LogId":"d365aa0d-db79-40f7-9018-152a02229f63","LogTypeId":101,"CompanyId":"078736e6-0cc2-48dc-80f1-6330419b4af1","DataId":null,"OptUserId":"0ad06755-9fde-4ddd-9dcb-448462155a03","OptUserName":"秦波","OptTime":"2016-09-01 22:40:07","OptModuleName":"公司管理","OptModulePath":"/MsSys/Company/GetList","OptTypeId":1003,"OptTypeName":"查询","OptResultId":100,"OptResultName":"操作成功","OptSystem":"Windows 10","Browser":"Chrome 52.0","IP":"192.168.1.102","Mac":"B8:76:3F:1F:BC:40","Desc":"数据查询成功！","Status":1}】

#############################################################################

1、时间：2016-09-01 22:40:18,062
2、优先级别：INFO
3、线程ID：9
4、耗时：101156
5、行号：120
6、文件名：e:\Net_03.Personal\Net_Project.DosORM\Project\Dos.ORM\Dos.ORM.Common\Helpers\LogHelper.cs
7、详细信息：登录登出
    日志描述：秦波对【退出系y】进行“登出”操作
    操作人员：秦波[0ad06755-9fde-4ddd-9dcb-448462155a03]
    操作地址：/MsSys/Login/LoginOut
    操作结果：退出成功
    操作描述：系统退出成功！
    IP地址：192.168.1.102
    浏览器：Chrome 52.0
    操作系统：Windows 10
    记录时间：2016 09 01 22:40:18:0374
    详细数据：【{"LogId":"0d1f706c-cab4-479c-9c01-c1a7c6d5cd7a","LogTypeId":100,"CompanyId":"078736e6-0cc2-48dc-80f1-6330419b4af1","DataId":null,"OptUserId":"0ad06755-9fde-4ddd-9dcb-448462155a03","OptUserName":"秦波","OptTime":"2016-09-01 22:40:18","OptModuleName":"退出系y","OptModulePath":"/MsSys/Login/LoginOut","OptTypeId":2002,"OptTypeName":"登出","OptResultId":360,"OptResultName":"退出成功","OptSystem":"Windows 10","Browser":"Chrome 52.0","IP":"192.168.1.102","Mac":"B8:76:3F:1F:BC:40","Desc":"系统退出成功！","Status":1}】

#############################################################################

1、时间：2016-09-01 22:40:34,874
2、优先级别：INFO
3、线程ID：9
4、耗时：117967
5、行号：120
6、文件名：e:\Net_03.Personal\Net_Project.DosORM\Project\Dos.ORM\Dos.ORM.Common\Helpers\LogHelper.cs
7、详细信息：登录登出
    日志描述：对【登录系统】进行“登录”操作
    操作人员：[8adc8909-c3d5-4733-8747-67ecf974293c]
    操作地址：/MsSys/Login/CheckLogin
    操作结果：登录成功
    操作描述：登录成功！
    IP地址：192.168.1.102
    浏览器：Chrome 52.0
    操作系统：Windows 10
    记录时间：2016 09 01 22:40:34:8457
    详细数据：【{"LogId":"17fa93fa-e6c8-400b-8c6a-b3a5179e56b6","LogTypeId":100,"CompanyId":"078736e6-0cc2-48dc-80f1-6330419b4af1","DataId":null,"OptUserId":"8adc8909-c3d5-4733-8747-67ecf974293c","OptUserName":null,"OptTime":"2016-09-01 22:40:34","OptModuleName":"登录系统","OptModulePath":"/MsSys/Login/CheckLogin","OptTypeId":2001,"OptTypeName":"登录","OptResultId":300,"OptResultName":"登录成功","OptSystem":"Windows 10","Browser":"Chrome 52.0","IP":"192.168.1.102","Mac":"B8:76:3F:1F:BC:40","Desc":"登录成功！","Status":1}】

#############################################################################

1、时间：2016-09-01 22:40:51,360
2、优先级别：INFO
3、线程ID：9
4、耗时：134453
5、行号：120
6、文件名：e:\Net_03.Personal\Net_Project.DosORM\Project\Dos.ORM\Dos.ORM.Common\Helpers\LogHelper.cs
7、详细信息：登录登出
    日志描述：对【退出系y】进行“登出”操作
    操作人员：[8adc8909-c3d5-4733-8747-67ecf974293c]
    操作地址：/MsSys/Login/LoginOut
    操作结果：退出成功
    操作描述：系统退出成功！
    IP地址：192.168.1.102
    浏览器：Chrome 52.0
    操作系统：Windows 10
    记录时间：2016 09 01 22:40:51:3279
    详细数据：【{"LogId":"38555ee9-922e-4241-9fb7-10dfafdb60ca","LogTypeId":100,"CompanyId":"078736e6-0cc2-48dc-80f1-6330419b4af1","DataId":null,"OptUserId":"8adc8909-c3d5-4733-8747-67ecf974293c","OptUserName":null,"OptTime":"2016-09-01 22:40:51","OptModuleName":"退出系y","OptModulePath":"/MsSys/Login/LoginOut","OptTypeId":2002,"OptTypeName":"登出","OptResultId":360,"OptResultName":"退出成功","OptSystem":"Windows 10","Browser":"Chrome 52.0","IP":"192.168.1.102","Mac":"B8:76:3F:1F:BC:40","Desc":"系统退出成功！","Status":1}】

#############################################################################

1、时间：2016-09-01 22:40:59,947
2、优先级别：INFO
3、线程ID：12
4、耗时：143040
5、行号：120
6、文件名：e:\Net_03.Personal\Net_Project.DosORM\Project\Dos.ORM\Dos.ORM.Common\Helpers\LogHelper.cs
7、详细信息：登录登出
    日志描述：对【登录系统】进行“登录”操作
    操作人员：[028d46e4-3b75-4374-b8a7-7a49c8030ea9]
    操作地址：/MsSys/Login/CheckLogin
    操作结果：登录成功
    操作描述：登录成功！
    IP地址：192.168.1.102
    浏览器：Chrome 52.0
    操作系统：Windows 10
    记录时间：2016 09 01 22:40:59:9194
    详细数据：【{"LogId":"7ccf0e57-8dc5-4dd5-aa72-afab2b5cc068","LogTypeId":100,"CompanyId":"078736e6-0cc2-48dc-80f1-6330419b4af1","DataId":null,"OptUserId":"028d46e4-3b75-4374-b8a7-7a49c8030ea9","OptUserName":null,"OptTime":"2016-09-01 22:40:59","OptModuleName":"登录系统","OptModulePath":"/MsSys/Login/CheckLogin","OptTypeId":2001,"OptTypeName":"登录","OptResultId":300,"OptResultName":"登录成功","OptSystem":"Windows 10","Browser":"Chrome 52.0","IP":"192.168.1.102","Mac":"B8:76:3F:1F:BC:40","Desc":"登录成功！","Status":1}】

#############################################################################

1、时间：2016-09-01 22:41:41,470
2、优先级别：INFO
3、线程ID：6
4、耗时：184563
5、行号：120
6、文件名：e:\Net_03.Personal\Net_Project.DosORM\Project\Dos.ORM\Dos.ORM.Common\Helpers\LogHelper.cs
7、详细信息：登录登出
    日志描述：对【退出系y】进行“登出”操作
    操作人员：[028d46e4-3b75-4374-b8a7-7a49c8030ea9]
    操作地址：/MsSys/Login/LoginOut
    操作结果：退出成功
    操作描述：系统退出成功！
    IP地址：192.168.1.102
    浏览器：Chrome 52.0
    操作系统：Windows 10
    记录时间：2016 09 01 22:41:41:4427
    详细数据：【{"LogId":"2517e552-084b-49fb-b9f8-a5e2b3a5a67e","LogTypeId":100,"CompanyId":"078736e6-0cc2-48dc-80f1-6330419b4af1","DataId":null,"OptUserId":"028d46e4-3b75-4374-b8a7-7a49c8030ea9","OptUserName":null,"OptTime":"2016-09-01 22:41:41","OptModuleName":"退出系y","OptModulePath":"/MsSys/Login/LoginOut","OptTypeId":2002,"OptTypeName":"登出","OptResultId":360,"OptResultName":"退出成功","OptSystem":"Windows 10","Browser":"Chrome 52.0","IP":"192.168.1.102","Mac":"B8:76:3F:1F:BC:40","Desc":"系统退出成功！","Status":1}】

#############################################################################

1、时间：2016-09-01 22:41:51,076
2、优先级别：INFO
3、线程ID：9
4、耗时：194169
5、行号：120
6、文件名：e:\Net_03.Personal\Net_Project.DosORM\Project\Dos.ORM\Dos.ORM.Common\Helpers\LogHelper.cs
7、详细信息：登录登出
    日志描述：秦波对【登录系统】进行“登录”操作
    操作人员：秦波[0ad06755-9fde-4ddd-9dcb-448462155a03]
    操作地址：/MsSys/Login/CheckLogin
    操作结果：登录成功
    操作描述：登录成功！
    IP地址：192.168.1.102
    浏览器：Chrome 52.0
    操作系统：Windows 10
    记录时间：2016 09 01 22:41:51:0510
    详细数据：【{"LogId":"47b36bea-af20-4f41-ac97-1913c81b2bfa","LogTypeId":100,"CompanyId":"078736e6-0cc2-48dc-80f1-6330419b4af1","DataId":null,"OptUserId":"0ad06755-9fde-4ddd-9dcb-448462155a03","OptUserName":"秦波","OptTime":"2016-09-01 22:41:51","OptModuleName":"登录系统","OptModulePath":"/MsSys/Login/CheckLogin","OptTypeId":2001,"OptTypeName":"登录","OptResultId":300,"OptResultName":"登录成功","OptSystem":"Windows 10","Browser":"Chrome 52.0","IP":"192.168.1.102","Mac":"B8:76:3F:1F:BC:40","Desc":"登录成功！","Status":1}】

#############################################################################

1、时间：2016-09-01 22:42:03,089
2、优先级别：INFO
3、线程ID：6
4、耗时：206182
5、行号：120
6、文件名：e:\Net_03.Personal\Net_Project.DosORM\Project\Dos.ORM\Dos.ORM.Common\Helpers\LogHelper.cs
7、详细信息：数据操作
    日志描述：秦波对【公司管理】进行“查询”操作
    操作人员：秦波[0ad06755-9fde-4ddd-9dcb-448462155a03]
    操作地址：/MsSys/Company/GetList
    操作结果：操作成功
    操作描述：数据查询成功！
    IP地址：192.168.1.102
    浏览器：Chrome 52.0
    操作系统：Windows 10
    记录时间：2016 09 01 22:42:03:0631
    详细数据：【{"LogId":"1d1f9784-7b97-4eb2-936c-aac9717bbe15","LogTypeId":101,"CompanyId":"078736e6-0cc2-48dc-80f1-6330419b4af1","DataId":null,"OptUserId":"0ad06755-9fde-4ddd-9dcb-448462155a03","OptUserName":"秦波","OptTime":"2016-09-01 22:42:03","OptModuleName":"公司管理","OptModulePath":"/MsSys/Company/GetList","OptTypeId":1003,"OptTypeName":"查询","OptResultId":100,"OptResultName":"操作成功","OptSystem":"Windows 10","Browser":"Chrome 52.0","IP":"192.168.1.102","Mac":"B8:76:3F:1F:BC:40","Desc":"数据查询成功！","Status":1}】

#############################################################################

1、时间：2016-09-01 22:46:29,026
2、优先级别：INFO
3、线程ID：7
4、耗时：472119
5、行号：120
6、文件名：e:\Net_03.Personal\Net_Project.DosORM\Project\Dos.ORM\Dos.ORM.Common\Helpers\LogHelper.cs
7、详细信息：数据操作
    日志描述：秦波对【公司管理】进行“修改”操作
    数据主键：078736e6-0cc2-48dc-80f1-6330419b4af1
    操作人员：秦波[0ad06755-9fde-4ddd-9dcb-448462155a03]
    操作地址：/MsSys/Company/SaveData
    操作结果：操作成功
    操作描述：数据保存成功！
    IP地址：192.168.1.102
    浏览器：Chrome 52.0
    操作系统：Windows 10
    记录时间：2016 09 01 22:46:28:9570
    详细数据：【{"LogId":"3007d879-4cdc-4084-962c-64386c8a9f35","LogTypeId":101,"CompanyId":"078736e6-0cc2-48dc-80f1-6330419b4af1","DataId":"078736e6-0cc2-48dc-80f1-6330419b4af1","OptUserId":"0ad06755-9fde-4ddd-9dcb-448462155a03","OptUserName":"秦波","OptTime":"2016-09-01 22:46:28","OptModuleName":"公司管理","OptModulePath":"/MsSys/Company/SaveData","OptTypeId":1002,"OptTypeName":"修改","OptResultId":100,"OptResultName":"操作成功","OptSystem":"Windows 10","Browser":"Chrome 52.0","IP":"192.168.1.102","Mac":"B8:76:3F:1F:BC:40","Desc":"数据保存成功！","Status":1}】

#############################################################################

1、时间：2016-09-01 22:46:31,229
2、优先级别：INFO
3、线程ID：17
4、耗时：474323
5、行号：120
6、文件名：e:\Net_03.Personal\Net_Project.DosORM\Project\Dos.ORM\Dos.ORM.Common\Helpers\LogHelper.cs
7、详细信息：数据操作
    日志描述：秦波对【公司管理】进行“查询”操作
    操作人员：秦波[0ad06755-9fde-4ddd-9dcb-448462155a03]
    操作地址：/MsSys/Company/GetList
    操作结果：操作成功
    操作描述：数据查询成功！
    IP地址：192.168.1.102
    浏览器：Chrome 52.0
    操作系统：Windows 10
    记录时间：2016 09 01 22:46:31:2059
    详细数据：【{"LogId":"7f992a97-4db8-4e48-b733-da30bc4fd6f9","LogTypeId":101,"CompanyId":"078736e6-0cc2-48dc-80f1-6330419b4af1","DataId":null,"OptUserId":"0ad06755-9fde-4ddd-9dcb-448462155a03","OptUserName":"秦波","OptTime":"2016-09-01 22:46:31","OptModuleName":"公司管理","OptModulePath":"/MsSys/Company/GetList","OptTypeId":1003,"OptTypeName":"查询","OptResultId":100,"OptResultName":"操作成功","OptSystem":"Windows 10","Browser":"Chrome 52.0","IP":"192.168.1.102","Mac":"B8:76:3F:1F:BC:40","Desc":"数据查询成功！","Status":1}】

#############################################################################

1、时间：2016-09-01 22:47:30,317
2、优先级别：INFO
3、线程ID：28
4、耗时：533410
5、行号：120
6、文件名：e:\Net_03.Personal\Net_Project.DosORM\Project\Dos.ORM\Dos.ORM.Common\Helpers\LogHelper.cs
7、详细信息：数据操作
    日志描述：秦波对【部门管理】进行“查询”操作
    操作人员：秦波[0ad06755-9fde-4ddd-9dcb-448462155a03]
    操作地址：/MsSys/Department/GetList
    操作结果：操作成功
    操作描述：数据查询成功！
    IP地址：192.168.1.102
    浏览器：Chrome 52.0
    操作系统：Windows 10
    记录时间：2016 09 01 22:47:30:2852
    详细数据：【{"LogId":"febb3483-5893-4d8d-afb1-ab4587dde94e","LogTypeId":101,"CompanyId":"078736e6-0cc2-48dc-80f1-6330419b4af1","DataId":null,"OptUserId":"0ad06755-9fde-4ddd-9dcb-448462155a03","OptUserName":"秦波","OptTime":"2016-09-01 22:47:30","OptModuleName":"部门管理","OptModulePath":"/MsSys/Department/GetList","OptTypeId":1003,"OptTypeName":"查询","OptResultId":100,"OptResultName":"操作成功","OptSystem":"Windows 10","Browser":"Chrome 52.0","IP":"192.168.1.102","Mac":"B8:76:3F:1F:BC:40","Desc":"数据查询成功！","Status":1}】

#############################################################################

1、时间：2016-09-01 22:48:24,563
2、优先级别：INFO
3、线程ID：19
4、耗时：587656
5、行号：120
6、文件名：e:\Net_03.Personal\Net_Project.DosORM\Project\Dos.ORM\Dos.ORM.Common\Helpers\LogHelper.cs
7、详细信息：数据操作
    日志描述：秦波对【部门管理】进行“添加”操作
    数据主键：286776b1-ac81-4ed1-81d1-09588b6aa389
    操作人员：秦波[0ad06755-9fde-4ddd-9dcb-448462155a03]
    操作地址：/MsSys/Department/SaveData
    操作结果：操作成功
    操作描述：数据保存成功！
    IP地址：192.168.1.102
    浏览器：Chrome 52.0
    操作系统：Windows 10
    记录时间：2016 09 01 22:48:24:5330
    详细数据：【{"LogId":"86eeaa1c-4f57-43e5-81fd-38acecdad2db","LogTypeId":101,"CompanyId":"078736e6-0cc2-48dc-80f1-6330419b4af1","DataId":"286776b1-ac81-4ed1-81d1-09588b6aa389","OptUserId":"0ad06755-9fde-4ddd-9dcb-448462155a03","OptUserName":"秦波","OptTime":"2016-09-01 22:48:24","OptModuleName":"部门管理","OptModulePath":"/MsSys/Department/SaveData","OptTypeId":1001,"OptTypeName":"添加","OptResultId":100,"OptResultName":"操作成功","OptSystem":"Windows 10","Browser":"Chrome 52.0","IP":"192.168.1.102","Mac":"B8:76:3F:1F:BC:40","Desc":"数据保存成功！","Status":1}】

#############################################################################

1、时间：2016-09-01 22:48:26,846
2、优先级别：INFO
3、线程ID：16
4、耗时：589939
5、行号：120
6、文件名：e:\Net_03.Personal\Net_Project.DosORM\Project\Dos.ORM\Dos.ORM.Common\Helpers\LogHelper.cs
7、详细信息：数据操作
    日志描述：秦波对【部门管理】进行“查询”操作
    操作人员：秦波[0ad06755-9fde-4ddd-9dcb-448462155a03]
    操作地址：/MsSys/Department/GetList
    操作结果：操作成功
    操作描述：数据查询成功！
    IP地址：192.168.1.102
    浏览器：Chrome 52.0
    操作系统：Windows 10
    记录时间：2016 09 01 22:48:26:8254
    详细数据：【{"LogId":"5faf7033-8f4c-4515-8e7a-8f80317bfef8","LogTypeId":101,"CompanyId":"078736e6-0cc2-48dc-80f1-6330419b4af1","DataId":null,"OptUserId":"0ad06755-9fde-4ddd-9dcb-448462155a03","OptUserName":"秦波","OptTime":"2016-09-01 22:48:26","OptModuleName":"部门管理","OptModulePath":"/MsSys/Department/GetList","OptTypeId":1003,"OptTypeName":"查询","OptResultId":100,"OptResultName":"操作成功","OptSystem":"Windows 10","Browser":"Chrome 52.0","IP":"192.168.1.102","Mac":"B8:76:3F:1F:BC:40","Desc":"数据查询成功！","Status":1}】

#############################################################################

1、时间：2016-09-01 22:48:43,256
2、优先级别：INFO
3、线程ID：17
4、耗时：606349
5、行号：120
6、文件名：e:\Net_03.Personal\Net_Project.DosORM\Project\Dos.ORM\Dos.ORM.Common\Helpers\LogHelper.cs
7、详细信息：数据操作
    日志描述：秦波对【部门管理】进行“添加”操作
    数据主键：d6f84299-0fad-4986-a19d-40bee2224f52
    操作人员：秦波[0ad06755-9fde-4ddd-9dcb-448462155a03]
    操作地址：/MsSys/Department/SaveData
    操作结果：操作成功
    操作描述：数据保存成功！
    IP地址：192.168.1.102
    浏览器：Chrome 52.0
    操作系统：Windows 10
    记录时间：2016 09 01 22:48:43:2224
    详细数据：【{"LogId":"947e7fee-0f22-427b-b0bb-69be18d29726","LogTypeId":101,"CompanyId":"078736e6-0cc2-48dc-80f1-6330419b4af1","DataId":"d6f84299-0fad-4986-a19d-40bee2224f52","OptUserId":"0ad06755-9fde-4ddd-9dcb-448462155a03","OptUserName":"秦波","OptTime":"2016-09-01 22:48:43","OptModuleName":"部门管理","OptModulePath":"/MsSys/Department/SaveData","OptTypeId":1001,"OptTypeName":"添加","OptResultId":100,"OptResultName":"操作成功","OptSystem":"Windows 10","Browser":"Chrome 52.0","IP":"192.168.1.102","Mac":"B8:76:3F:1F:BC:40","Desc":"数据保存成功！","Status":1}】

#############################################################################

1、时间：2016-09-01 22:48:45,531
2、优先级别：INFO
3、线程ID：28
4、耗时：608625
5、行号：120
6、文件名：e:\Net_03.Personal\Net_Project.DosORM\Project\Dos.ORM\Dos.ORM.Common\Helpers\LogHelper.cs
7、详细信息：数据操作
    日志描述：秦波对【部门管理】进行“查询”操作
    操作人员：秦波[0ad06755-9fde-4ddd-9dcb-448462155a03]
    操作地址：/MsSys/Department/GetList
    操作结果：操作成功
    操作描述：数据查询成功！
    IP地址：192.168.1.102
    浏览器：Chrome 52.0
    操作系统：Windows 10
    记录时间：2016 09 01 22:48:45:4938
    详细数据：【{"LogId":"47e3b02a-9c53-4e5f-95b0-96629bde3949","LogTypeId":101,"CompanyId":"078736e6-0cc2-48dc-80f1-6330419b4af1","DataId":null,"OptUserId":"0ad06755-9fde-4ddd-9dcb-448462155a03","OptUserName":"秦波","OptTime":"2016-09-01 22:48:45","OptModuleName":"部门管理","OptModulePath":"/MsSys/Department/GetList","OptTypeId":1003,"OptTypeName":"查询","OptResultId":100,"OptResultName":"操作成功","OptSystem":"Windows 10","Browser":"Chrome 52.0","IP":"192.168.1.102","Mac":"B8:76:3F:1F:BC:40","Desc":"数据查询成功！","Status":1}】

#############################################################################

1、时间：2016-09-01 22:48:50,845
2、优先级别：INFO
3、线程ID：18
4、耗时：613938
5、行号：120
6、文件名：e:\Net_03.Personal\Net_Project.DosORM\Project\Dos.ORM\Dos.ORM.Common\Helpers\LogHelper.cs
7、详细信息：数据操作
    日志描述：秦波对【部门管理】进行“查询”操作
    操作人员：秦波[0ad06755-9fde-4ddd-9dcb-448462155a03]
    操作地址：/MsSys/Department/GetList
    操作结果：操作成功
    操作描述：数据查询成功！
    IP地址：192.168.1.102
    浏览器：Chrome 52.0
    操作系统：Windows 10
    记录时间：2016 09 01 22:48:50:8211
    详细数据：【{"LogId":"0ac4b25e-5277-416c-86ec-bc78af48987c","LogTypeId":101,"CompanyId":"078736e6-0cc2-48dc-80f1-6330419b4af1","DataId":null,"OptUserId":"0ad06755-9fde-4ddd-9dcb-448462155a03","OptUserName":"秦波","OptTime":"2016-09-01 22:48:50","OptModuleName":"部门管理","OptModulePath":"/MsSys/Department/GetList","OptTypeId":1003,"OptTypeName":"查询","OptResultId":100,"OptResultName":"操作成功","OptSystem":"Windows 10","Browser":"Chrome 52.0","IP":"192.168.1.102","Mac":"B8:76:3F:1F:BC:40","Desc":"数据查询成功！","Status":1}】

#############################################################################

1、时间：2016-09-01 22:49:56,585
2、优先级别：INFO
3、线程ID：8
4、耗时：679679
5、行号：120
6、文件名：e:\Net_03.Personal\Net_Project.DosORM\Project\Dos.ORM\Dos.ORM.Common\Helpers\LogHelper.cs
7、详细信息：数据操作
    日志描述：秦波对【部门管理】进行“修改”操作
    数据主键：d6f84299-0fad-4986-a19d-40bee2224f52
    操作人员：秦波[0ad06755-9fde-4ddd-9dcb-448462155a03]
    操作地址：/MsSys/Department/SaveData
    操作结果：操作成功
    操作描述：数据保存成功！
    IP地址：192.168.1.102
    浏览器：Chrome 52.0
    操作系统：Windows 10
    记录时间：2016 09 01 22:49:56:5569
    详细数据：【{"LogId":"cf18f2b4-9019-435c-866c-9f5f1b00c922","LogTypeId":101,"CompanyId":"078736e6-0cc2-48dc-80f1-6330419b4af1","DataId":"d6f84299-0fad-4986-a19d-40bee2224f52","OptUserId":"0ad06755-9fde-4ddd-9dcb-448462155a03","OptUserName":"秦波","OptTime":"2016-09-01 22:49:56","OptModuleName":"部门管理","OptModulePath":"/MsSys/Department/SaveData","OptTypeId":1002,"OptTypeName":"修改","OptResultId":100,"OptResultName":"操作成功","OptSystem":"Windows 10","Browser":"Chrome 52.0","IP":"192.168.1.102","Mac":"B8:76:3F:1F:BC:40","Desc":"数据保存成功！","Status":1}】

#############################################################################

1、时间：2016-09-01 22:49:58,818
2、优先级别：INFO
3、线程ID：22
4、耗时：681911
5、行号：120
6、文件名：e:\Net_03.Personal\Net_Project.DosORM\Project\Dos.ORM\Dos.ORM.Common\Helpers\LogHelper.cs
7、详细信息：数据操作
    日志描述：秦波对【部门管理】进行“查询”操作
    操作人员：秦波[0ad06755-9fde-4ddd-9dcb-448462155a03]
    操作地址：/MsSys/Department/GetList
    操作结果：操作成功
    操作描述：数据查询成功！
    IP地址：192.168.1.102
    浏览器：Chrome 52.0
    操作系统：Windows 10
    记录时间：2016 09 01 22:49:58:7796
    详细数据：【{"LogId":"5f827dab-4235-4dbb-8a0c-7f2e3fe43bcf","LogTypeId":101,"CompanyId":"078736e6-0cc2-48dc-80f1-6330419b4af1","DataId":null,"OptUserId":"0ad06755-9fde-4ddd-9dcb-448462155a03","OptUserName":"秦波","OptTime":"2016-09-01 22:49:58","OptModuleName":"部门管理","OptModulePath":"/MsSys/Department/GetList","OptTypeId":1003,"OptTypeName":"查询","OptResultId":100,"OptResultName":"操作成功","OptSystem":"Windows 10","Browser":"Chrome 52.0","IP":"192.168.1.102","Mac":"B8:76:3F:1F:BC:40","Desc":"数据查询成功！","Status":1}】

#############################################################################

1、时间：2016-09-01 22:51:35,959
2、优先级别：INFO
3、线程ID：7
4、耗时：779053
5、行号：120
6、文件名：e:\Net_03.Personal\Net_Project.DosORM\Project\Dos.ORM\Dos.ORM.Common\Helpers\LogHelper.cs
7、详细信息：数据操作
    日志描述：秦波对【部门管理】进行“修改”操作
    数据主键：d6f84299-0fad-4986-a19d-40bee2224f52
    操作人员：秦波[0ad06755-9fde-4ddd-9dcb-448462155a03]
    操作地址：/MsSys/Department/SaveData
    操作结果：操作成功
    操作描述：数据保存成功！
    IP地址：192.168.1.102
    浏览器：Chrome 52.0
    操作系统：Windows 10
    记录时间：2016 09 01 22:51:35:9158
    详细数据：【{"LogId":"1ede29a0-5fe4-4fd0-9f4f-6ccdc6af52ab","LogTypeId":101,"CompanyId":"078736e6-0cc2-48dc-80f1-6330419b4af1","DataId":"d6f84299-0fad-4986-a19d-40bee2224f52","OptUserId":"0ad06755-9fde-4ddd-9dcb-448462155a03","OptUserName":"秦波","OptTime":"2016-09-01 22:51:35","OptModuleName":"部门管理","OptModulePath":"/MsSys/Department/SaveData","OptTypeId":1002,"OptTypeName":"修改","OptResultId":100,"OptResultName":"操作成功","OptSystem":"Windows 10","Browser":"Chrome 52.0","IP":"192.168.1.102","Mac":"B8:76:3F:1F:BC:40","Desc":"数据保存成功！","Status":1}】

#############################################################################

1、时间：2016-09-01 22:51:38,173
2、优先级别：INFO
3、线程ID：6
4、耗时：781266
5、行号：120
6、文件名：e:\Net_03.Personal\Net_Project.DosORM\Project\Dos.ORM\Dos.ORM.Common\Helpers\LogHelper.cs
7、详细信息：数据操作
    日志描述：秦波对【部门管理】进行“查询”操作
    操作人员：秦波[0ad06755-9fde-4ddd-9dcb-448462155a03]
    操作地址：/MsSys/Department/GetList
    操作结果：操作成功
    操作描述：数据查询成功！
    IP地址：192.168.1.102
    浏览器：Chrome 52.0
    操作系统：Windows 10
    记录时间：2016 09 01 22:51:38:1409
    详细数据：【{"LogId":"a591d7e6-9f5c-409b-bea5-736a01d37803","LogTypeId":101,"CompanyId":"078736e6-0cc2-48dc-80f1-6330419b4af1","DataId":null,"OptUserId":"0ad06755-9fde-4ddd-9dcb-448462155a03","OptUserName":"秦波","OptTime":"2016-09-01 22:51:38","OptModuleName":"部门管理","OptModulePath":"/MsSys/Department/GetList","OptTypeId":1003,"OptTypeName":"查询","OptResultId":100,"OptResultName":"操作成功","OptSystem":"Windows 10","Browser":"Chrome 52.0","IP":"192.168.1.102","Mac":"B8:76:3F:1F:BC:40","Desc":"数据查询成功！","Status":1}】

#############################################################################

1、时间：2016-09-01 22:55:09,239
2、优先级别：INFO
3、线程ID：38
4、耗时：13879
5、行号：120
6、文件名：e:\Net_03.Personal\Net_Project.DosORM\Project\Dos.ORM\Dos.ORM.Common\Helpers\LogHelper.cs
7、详细信息：登录登出
    日志描述：秦波对【登录系统】进行“登录”操作
    操作人员：秦波[0ad06755-9fde-4ddd-9dcb-448462155a03]
    操作地址：/MsSys/Login/CheckLogin
    操作结果：登录成功
    操作描述：登录成功！
    IP地址：192.168.1.102
    浏览器：Chrome 52.0
    操作系统：Windows 10
    记录时间：2016 09 01 22:55:09:1325
    详细数据：【{"LogId":"c7b22c12-b6fc-4494-9080-b7b810bab44e","LogTypeId":100,"CompanyId":"078736e6-0cc2-48dc-80f1-6330419b4af1","DataId":null,"OptUserId":"0ad06755-9fde-4ddd-9dcb-448462155a03","OptUserName":"秦波","OptTime":"2016-09-01 22:55:09","OptModuleName":"登录系统","OptModulePath":"/MsSys/Login/CheckLogin","OptTypeId":2001,"OptTypeName":"登录","OptResultId":300,"OptResultName":"登录成功","OptSystem":"Windows 10","Browser":"Chrome 52.0","IP":"192.168.1.102","Mac":"B8:76:3F:1F:BC:40","Desc":"登录成功！","Status":1}】

#############################################################################

1、时间：2016-09-01 22:55:27,158
2、优先级别：INFO
3、线程ID：38
4、耗时：31798
5、行号：120
6、文件名：e:\Net_03.Personal\Net_Project.DosORM\Project\Dos.ORM\Dos.ORM.Common\Helpers\LogHelper.cs
7、详细信息：数据操作
    日志描述：秦波对【部门管理】进行“查询”操作
    操作人员：秦波[0ad06755-9fde-4ddd-9dcb-448462155a03]
    操作地址：/MsSys/Department/GetList
    操作结果：操作成功
    操作描述：数据查询成功！
    IP地址：192.168.1.102
    浏览器：Chrome 52.0
    操作系统：Windows 10
    记录时间：2016 09 01 22:55:27:1348
    详细数据：【{"LogId":"6d2d21d7-4f1c-4b79-bc3f-2425c5c5d980","LogTypeId":101,"CompanyId":"078736e6-0cc2-48dc-80f1-6330419b4af1","DataId":null,"OptUserId":"0ad06755-9fde-4ddd-9dcb-448462155a03","OptUserName":"秦波","OptTime":"2016-09-01 22:55:27","OptModuleName":"部门管理","OptModulePath":"/MsSys/Department/GetList","OptTypeId":1003,"OptTypeName":"查询","OptResultId":100,"OptResultName":"操作成功","OptSystem":"Windows 10","Browser":"Chrome 52.0","IP":"192.168.1.102","Mac":"B8:76:3F:1F:BC:40","Desc":"数据查询成功！","Status":1}】

#############################################################################

1、时间：2016-09-01 22:55:31,889
2、优先级别：INFO
3、线程ID：33
4、耗时：36529
5、行号：120
6、文件名：e:\Net_03.Personal\Net_Project.DosORM\Project\Dos.ORM\Dos.ORM.Common\Helpers\LogHelper.cs
7、详细信息：数据操作
    日志描述：秦波对【部门管理】进行“修改”操作
    数据主键：d6f84299-0fad-4986-a19d-40bee2224f52
    操作人员：秦波[0ad06755-9fde-4ddd-9dcb-448462155a03]
    操作地址：/MsSys/Department/SaveData
    操作结果：操作失败
    操作描述：部门名称已存在，不能保存！
    IP地址：192.168.1.102
    浏览器：Chrome 52.0
    操作系统：Windows 10
    记录时间：2016 09 01 22:55:31:8653
    详细数据：【{"LogId":"b6087efa-79ea-4381-a89e-25f004dd0843","LogTypeId":101,"CompanyId":"078736e6-0cc2-48dc-80f1-6330419b4af1","DataId":"d6f84299-0fad-4986-a19d-40bee2224f52","OptUserId":"0ad06755-9fde-4ddd-9dcb-448462155a03","OptUserName":"秦波","OptTime":"2016-09-01 22:55:31","OptModuleName":"部门管理","OptModulePath":"/MsSys/Department/SaveData","OptTypeId":1002,"OptTypeName":"修改","OptResultId":120,"OptResultName":"操作失败","OptSystem":"Windows 10","Browser":"Chrome 52.0","IP":"192.168.1.102","Mac":"B8:76:3F:1F:BC:40","Desc":"部门名称已存在，不能保存！","Status":1}】

#############################################################################

1、时间：2016-09-01 22:56:45,307
2、优先级别：INFO
3、线程ID：22
4、耗时：109946
5、行号：120
6、文件名：e:\Net_03.Personal\Net_Project.DosORM\Project\Dos.ORM\Dos.ORM.Common\Helpers\LogHelper.cs
7、详细信息：数据操作
    日志描述：秦波对【部门管理】进行“修改”操作
    数据主键：d6f84299-0fad-4986-a19d-40bee2224f52
    操作人员：秦波[0ad06755-9fde-4ddd-9dcb-448462155a03]
    操作地址：/MsSys/Department/SaveData
    操作结果：操作成功
    操作描述：数据保存成功！
    IP地址：192.168.1.102
    浏览器：Chrome 52.0
    操作系统：Windows 10
    记录时间：2016 09 01 22:56:45:2464
    详细数据：【{"LogId":"6e2db380-f39a-4a38-8b79-8a2725f1b4a1","LogTypeId":101,"CompanyId":"078736e6-0cc2-48dc-80f1-6330419b4af1","DataId":"d6f84299-0fad-4986-a19d-40bee2224f52","OptUserId":"0ad06755-9fde-4ddd-9dcb-448462155a03","OptUserName":"秦波","OptTime":"2016-09-01 22:56:45","OptModuleName":"部门管理","OptModulePath":"/MsSys/Department/SaveData","OptTypeId":1002,"OptTypeName":"修改","OptResultId":100,"OptResultName":"操作成功","OptSystem":"Windows 10","Browser":"Chrome 52.0","IP":"192.168.1.102","Mac":"B8:76:3F:1F:BC:40","Desc":"数据保存成功！","Status":1}】

#############################################################################

1、时间：2016-09-01 22:56:47,516
2、优先级别：INFO
3、线程ID：38
4、耗时：112156
5、行号：120
6、文件名：e:\Net_03.Personal\Net_Project.DosORM\Project\Dos.ORM\Dos.ORM.Common\Helpers\LogHelper.cs
7、详细信息：数据操作
    日志描述：秦波对【部门管理】进行“查询”操作
    操作人员：秦波[0ad06755-9fde-4ddd-9dcb-448462155a03]
    操作地址：/MsSys/Department/GetList
    操作结果：操作成功
    操作描述：数据查询成功！
    IP地址：192.168.1.102
    浏览器：Chrome 52.0
    操作系统：Windows 10
    记录时间：2016 09 01 22:56:47:4817
    详细数据：【{"LogId":"dc72ce07-4d31-41ab-bca5-2dbd01e16849","LogTypeId":101,"CompanyId":"078736e6-0cc2-48dc-80f1-6330419b4af1","DataId":null,"OptUserId":"0ad06755-9fde-4ddd-9dcb-448462155a03","OptUserName":"秦波","OptTime":"2016-09-01 22:56:47","OptModuleName":"部门管理","OptModulePath":"/MsSys/Department/GetList","OptTypeId":1003,"OptTypeName":"查询","OptResultId":100,"OptResultName":"操作成功","OptSystem":"Windows 10","Browser":"Chrome 52.0","IP":"192.168.1.102","Mac":"B8:76:3F:1F:BC:40","Desc":"数据查询成功！","Status":1}】

#############################################################################

1、时间：2016-09-01 22:56:59,891
2、优先级别：INFO
3、线程ID：24
4、耗时：124531
5、行号：120
6、文件名：e:\Net_03.Personal\Net_Project.DosORM\Project\Dos.ORM\Dos.ORM.Common\Helpers\LogHelper.cs
7、详细信息：数据操作
    日志描述：秦波对【部门管理】进行“添加”操作
    数据主键：4bd0ce5b-afd7-43f4-b03a-93dadbbfa6cc
    操作人员：秦波[0ad06755-9fde-4ddd-9dcb-448462155a03]
    操作地址：/MsSys/Department/SaveData
    操作结果：操作失败
    操作描述：部门名称已存在，不能保存！
    IP地址：192.168.1.102
    浏览器：Chrome 52.0
    操作系统：Windows 10
    记录时间：2016 09 01 22:56:59:8655
    详细数据：【{"LogId":"5dccc3fe-d2a2-46dd-aaff-1d923a3ab4c2","LogTypeId":101,"CompanyId":"078736e6-0cc2-48dc-80f1-6330419b4af1","DataId":"4bd0ce5b-afd7-43f4-b03a-93dadbbfa6cc","OptUserId":"0ad06755-9fde-4ddd-9dcb-448462155a03","OptUserName":"秦波","OptTime":"2016-09-01 22:56:59","OptModuleName":"部门管理","OptModulePath":"/MsSys/Department/SaveData","OptTypeId":1001,"OptTypeName":"添加","OptResultId":120,"OptResultName":"操作失败","OptSystem":"Windows 10","Browser":"Chrome 52.0","IP":"192.168.1.102","Mac":"B8:76:3F:1F:BC:40","Desc":"部门名称已存在，不能保存！","Status":1}】

#############################################################################

1、时间：2016-09-01 22:57:19,611
2、优先级别：INFO
3、线程ID：38
4、耗时：144251
5、行号：120
6、文件名：e:\Net_03.Personal\Net_Project.DosORM\Project\Dos.ORM\Dos.ORM.Common\Helpers\LogHelper.cs
7、详细信息：数据操作
    日志描述：秦波对【部门管理】进行“添加”操作
    数据主键：4bd0ce5b-afd7-43f4-b03a-93dadbbfa6cc
    操作人员：秦波[0ad06755-9fde-4ddd-9dcb-448462155a03]
    操作地址：/MsSys/Department/SaveData
    操作结果：操作成功
    操作描述：数据保存成功！
    IP地址：192.168.1.102
    浏览器：Chrome 52.0
    操作系统：Windows 10
    记录时间：2016 09 01 22:57:19:5803
    详细数据：【{"LogId":"53acc072-fa2e-4261-ae86-4f15e3d0c71d","LogTypeId":101,"CompanyId":"078736e6-0cc2-48dc-80f1-6330419b4af1","DataId":"4bd0ce5b-afd7-43f4-b03a-93dadbbfa6cc","OptUserId":"0ad06755-9fde-4ddd-9dcb-448462155a03","OptUserName":"秦波","OptTime":"2016-09-01 22:57:19","OptModuleName":"部门管理","OptModulePath":"/MsSys/Department/SaveData","OptTypeId":1001,"OptTypeName":"添加","OptResultId":100,"OptResultName":"操作成功","OptSystem":"Windows 10","Browser":"Chrome 52.0","IP":"192.168.1.102","Mac":"B8:76:3F:1F:BC:40","Desc":"数据保存成功！","Status":1}】

#############################################################################

1、时间：2016-09-01 22:57:21,856
2、优先级别：INFO
3、线程ID：28
4、耗时：146495
5、行号：120
6、文件名：e:\Net_03.Personal\Net_Project.DosORM\Project\Dos.ORM\Dos.ORM.Common\Helpers\LogHelper.cs
7、详细信息：数据操作
    日志描述：秦波对【部门管理】进行“查询”操作
    操作人员：秦波[0ad06755-9fde-4ddd-9dcb-448462155a03]
    操作地址：/MsSys/Department/GetList
    操作结果：操作成功
    操作描述：数据查询成功！
    IP地址：192.168.1.102
    浏览器：Chrome 52.0
    操作系统：Windows 10
    记录时间：2016 09 01 22:57:21:8218
    详细数据：【{"LogId":"a1973825-1022-4c24-86d5-7d6318d81b9c","LogTypeId":101,"CompanyId":"078736e6-0cc2-48dc-80f1-6330419b4af1","DataId":null,"OptUserId":"0ad06755-9fde-4ddd-9dcb-448462155a03","OptUserName":"秦波","OptTime":"2016-09-01 22:57:21","OptModuleName":"部门管理","OptModulePath":"/MsSys/Department/GetList","OptTypeId":1003,"OptTypeName":"查询","OptResultId":100,"OptResultName":"操作成功","OptSystem":"Windows 10","Browser":"Chrome 52.0","IP":"192.168.1.102","Mac":"B8:76:3F:1F:BC:40","Desc":"数据查询成功！","Status":1}】

#############################################################################

1、时间：2016-09-01 22:57:24,518
2、优先级别：INFO
3、线程ID：32
4、耗时：149158
5、行号：120
6、文件名：e:\Net_03.Personal\Net_Project.DosORM\Project\Dos.ORM\Dos.ORM.Common\Helpers\LogHelper.cs
7、详细信息：数据操作
    日志描述：秦波对【部门管理】进行“查询”操作
    操作人员：秦波[0ad06755-9fde-4ddd-9dcb-448462155a03]
    操作地址：/MsSys/Department/GetList
    操作结果：操作成功
    操作描述：数据查询成功！
    IP地址：192.168.1.102
    浏览器：Chrome 52.0
    操作系统：Windows 10
    记录时间：2016 09 01 22:57:24:4974
    详细数据：【{"LogId":"4048a679-3168-43e8-9973-8d60a209e4bb","LogTypeId":101,"CompanyId":"078736e6-0cc2-48dc-80f1-6330419b4af1","DataId":null,"OptUserId":"0ad06755-9fde-4ddd-9dcb-448462155a03","OptUserName":"秦波","OptTime":"2016-09-01 22:57:24","OptModuleName":"部门管理","OptModulePath":"/MsSys/Department/GetList","OptTypeId":1003,"OptTypeName":"查询","OptResultId":100,"OptResultName":"操作成功","OptSystem":"Windows 10","Browser":"Chrome 52.0","IP":"192.168.1.102","Mac":"B8:76:3F:1F:BC:40","Desc":"数据查询成功！","Status":1}】

#############################################################################

1、时间：2016-09-01 23:00:38,796
2、优先级别：INFO
3、线程ID：24
4、耗时：343436
5、行号：120
6、文件名：e:\Net_03.Personal\Net_Project.DosORM\Project\Dos.ORM\Dos.ORM.Common\Helpers\LogHelper.cs
7、详细信息：数据操作
    日志描述：秦波对【管理员管理】进行“查询”操作
    操作人员：秦波[0ad06755-9fde-4ddd-9dcb-448462155a03]
    操作地址：/MsSys/Operator/GetList
    操作结果：操作成功
    操作描述：数据查询成功！
    IP地址：192.168.1.102
    浏览器：Chrome 52.0
    操作系统：Windows 10
    记录时间：2016 09 01 23:00:38:7684
    详细数据：【{"LogId":"f5208f86-76e9-4a26-8f6a-e682806ce305","LogTypeId":101,"CompanyId":"078736e6-0cc2-48dc-80f1-6330419b4af1","DataId":null,"OptUserId":"0ad06755-9fde-4ddd-9dcb-448462155a03","OptUserName":"秦波","OptTime":"2016-09-01 23:00:38","OptModuleName":"管理员管理","OptModulePath":"/MsSys/Operator/GetList","OptTypeId":1003,"OptTypeName":"查询","OptResultId":100,"OptResultName":"操作成功","OptSystem":"Windows 10","Browser":"Chrome 52.0","IP":"192.168.1.102","Mac":"B8:76:3F:1F:BC:40","Desc":"数据查询成功！","Status":1}】

#############################################################################

1、时间：2016-09-01 23:19:37,913
2、优先级别：INFO
3、线程ID：78
4、耗时：1482553
5、行号：120
6、文件名：e:\Net_03.Personal\Net_Project.DosORM\Project\Dos.ORM\Dos.ORM.Common\Helpers\LogHelper.cs
7、详细信息：数据操作
    日志描述：秦波对【管理员管理】进行“修改”操作
    数据主键：8adc8909-c3d5-4733-8747-67ecf974293c
    操作人员：秦波[0ad06755-9fde-4ddd-9dcb-448462155a03]
    操作地址：/MsSys/Operator/SaveData
    操作结果：操作成功
    操作描述：数据保存成功！
    IP地址：192.168.1.102
    浏览器：Chrome 52.0
    操作系统：Windows 10
    记录时间：2016 09 01 23:19:37:8202
    详细数据：【{"LogId":"7cd4f80c-3687-4123-9c67-392ad4ed8bff","LogTypeId":101,"CompanyId":"078736e6-0cc2-48dc-80f1-6330419b4af1","DataId":"8adc8909-c3d5-4733-8747-67ecf974293c","OptUserId":"0ad06755-9fde-4ddd-9dcb-448462155a03","OptUserName":"秦波","OptTime":"2016-09-01 23:19:37","OptModuleName":"管理员管理","OptModulePath":"/MsSys/Operator/SaveData","OptTypeId":1002,"OptTypeName":"修改","OptResultId":100,"OptResultName":"操作成功","OptSystem":"Windows 10","Browser":"Chrome 52.0","IP":"192.168.1.102","Mac":"B8:76:3F:1F:BC:40","Desc":"数据保存成功！","Status":1}】

#############################################################################

1、时间：2016-09-01 23:19:40,156
2、优先级别：INFO
3、线程ID：73
4、耗时：1484796
5、行号：120
6、文件名：e:\Net_03.Personal\Net_Project.DosORM\Project\Dos.ORM\Dos.ORM.Common\Helpers\LogHelper.cs
7、详细信息：数据操作
    日志描述：秦波对【管理员管理】进行“查询”操作
    操作人员：秦波[0ad06755-9fde-4ddd-9dcb-448462155a03]
    操作地址：/MsSys/Operator/GetList
    操作结果：操作成功
    操作描述：数据查询成功！
    IP地址：192.168.1.102
    浏览器：Chrome 52.0
    操作系统：Windows 10
    记录时间：2016 09 01 23:19:40:1057
    详细数据：【{"LogId":"14af4dc1-1976-4dbb-9ae8-7fa9497fac82","LogTypeId":101,"CompanyId":"078736e6-0cc2-48dc-80f1-6330419b4af1","DataId":null,"OptUserId":"0ad06755-9fde-4ddd-9dcb-448462155a03","OptUserName":"秦波","OptTime":"2016-09-01 23:19:40","OptModuleName":"管理员管理","OptModulePath":"/MsSys/Operator/GetList","OptTypeId":1003,"OptTypeName":"查询","OptResultId":100,"OptResultName":"操作成功","OptSystem":"Windows 10","Browser":"Chrome 52.0","IP":"192.168.1.102","Mac":"B8:76:3F:1F:BC:40","Desc":"数据查询成功！","Status":1}】

#############################################################################

1、时间：2016-09-01 23:19:43,323
2、优先级别：INFO
3、线程ID：81
4、耗时：1487963
5、行号：120
6、文件名：e:\Net_03.Personal\Net_Project.DosORM\Project\Dos.ORM\Dos.ORM.Common\Helpers\LogHelper.cs
7、详细信息：登录登出
    日志描述：秦波对【退出系y】进行“登出”操作
    操作人员：秦波[0ad06755-9fde-4ddd-9dcb-448462155a03]
    操作地址：/MsSys/Login/LoginOut
    操作结果：退出成功
    操作描述：系统退出成功！
    IP地址：192.168.1.102
    浏览器：Chrome 52.0
    操作系统：Windows 10
    记录时间：2016 09 01 23:19:43:2963
    详细数据：【{"LogId":"e0d6e08b-58e3-4239-8a7a-a30244faf0a5","LogTypeId":100,"CompanyId":"078736e6-0cc2-48dc-80f1-6330419b4af1","DataId":null,"OptUserId":"0ad06755-9fde-4ddd-9dcb-448462155a03","OptUserName":"秦波","OptTime":"2016-09-01 23:19:43","OptModuleName":"退出系y","OptModulePath":"/MsSys/Login/LoginOut","OptTypeId":2002,"OptTypeName":"登出","OptResultId":360,"OptResultName":"退出成功","OptSystem":"Windows 10","Browser":"Chrome 52.0","IP":"192.168.1.102","Mac":"B8:76:3F:1F:BC:40","Desc":"系统退出成功！","Status":1}】

#############################################################################

1、时间：2016-09-01 23:25:40,033
2、优先级别：INFO
3、线程ID：62
4、耗时：41257
5、行号：120
6、文件名：e:\Net_03.Personal\Net_Project.DosORM\Project\Dos.ORM\Dos.ORM.Common\Helpers\LogHelper.cs
7、详细信息：登录登出
    日志描述：秦波对【登录系统】进行“登录”操作
    操作人员：秦波[0ad06755-9fde-4ddd-9dcb-448462155a03]
    操作地址：/MsSys/Login/CheckLogin
    操作结果：登录成功
    操作描述：登录成功！
    IP地址：192.168.1.102
    浏览器：Chrome 52.0
    操作系统：Windows 10
    记录时间：2016 09 01 23:25:39:9207
    详细数据：【{"LogId":"9e9134ce-5dd0-4e2c-91c9-00ca09173903","LogTypeId":100,"CompanyId":"078736e6-0cc2-48dc-80f1-6330419b4af1","DataId":null,"OptUserId":"0ad06755-9fde-4ddd-9dcb-448462155a03","OptUserName":"秦波","OptTime":"2016-09-01 23:25:39","OptModuleName":"登录系统","OptModulePath":"/MsSys/Login/CheckLogin","OptTypeId":2001,"OptTypeName":"登录","OptResultId":300,"OptResultName":"登录成功","OptSystem":"Windows 10","Browser":"Chrome 52.0","IP":"192.168.1.102","Mac":"B8:76:3F:1F:BC:40","Desc":"登录成功！","Status":1}】

#############################################################################

1、时间：2016-09-01 23:26:00,868
2、优先级别：INFO
3、线程ID：6
4、耗时：17835
5、行号：120
6、文件名：e:\Net_03.Personal\Net_Project.DosORM\Project\Dos.ORM\Dos.ORM.Common\Helpers\LogHelper.cs
7、详细信息：登录登出
    日志描述：秦波对【登录系统】进行“登录”操作
    操作人员：秦波[0ad06755-9fde-4ddd-9dcb-448462155a03]
    操作地址：/MsSys/Login/CheckLogin
    操作结果：登录成功
    操作描述：登录成功！
    IP地址：192.168.1.102
    浏览器：Chrome 52.0
    操作系统：Windows 10
    记录时间：2016 09 01 23:26:00:7295
    详细数据：【{"LogId":"24d29484-833b-4dc0-a35f-00f6471152b1","LogTypeId":100,"CompanyId":"078736e6-0cc2-48dc-80f1-6330419b4af1","DataId":null,"OptUserId":"0ad06755-9fde-4ddd-9dcb-448462155a03","OptUserName":"秦波","OptTime":"2016-09-01 23:26:00","OptModuleName":"登录系统","OptModulePath":"/MsSys/Login/CheckLogin","OptTypeId":2001,"OptTypeName":"登录","OptResultId":300,"OptResultName":"登录成功","OptSystem":"Windows 10","Browser":"Chrome 52.0","IP":"192.168.1.102","Mac":"B8:76:3F:1F:BC:40","Desc":"登录成功！","Status":1}】

#############################################################################

1、时间：2016-09-01 23:26:28,068
2、优先级别：INFO
3、线程ID：9
4、耗时：45035
5、行号：120
6、文件名：e:\Net_03.Personal\Net_Project.DosORM\Project\Dos.ORM\Dos.ORM.Common\Helpers\LogHelper.cs
7、详细信息：数据操作
    日志描述：秦波对【管理员管理】进行“查询”操作
    操作人员：秦波[0ad06755-9fde-4ddd-9dcb-448462155a03]
    操作地址：/MsSys/Operator/GetList
    操作结果：操作成功
    操作描述：数据查询成功！
    IP地址：192.168.1.102
    浏览器：Chrome 52.0
    操作系统：Windows 10
    记录时间：2016 09 01 23:26:28:0382
    详细数据：【{"LogId":"8ef16089-7601-4fc3-bb04-fb517b98123b","LogTypeId":101,"CompanyId":"078736e6-0cc2-48dc-80f1-6330419b4af1","DataId":null,"OptUserId":"0ad06755-9fde-4ddd-9dcb-448462155a03","OptUserName":"秦波","OptTime":"2016-09-01 23:26:28","OptModuleName":"管理员管理","OptModulePath":"/MsSys/Operator/GetList","OptTypeId":1003,"OptTypeName":"查询","OptResultId":100,"OptResultName":"操作成功","OptSystem":"Windows 10","Browser":"Chrome 52.0","IP":"192.168.1.102","Mac":"B8:76:3F:1F:BC:40","Desc":"数据查询成功！","Status":1}】

#############################################################################

1、时间：2016-09-01 23:26:38,417
2、优先级别：INFO
3、线程ID：6
4、耗时：55384
5、行号：120
6、文件名：e:\Net_03.Personal\Net_Project.DosORM\Project\Dos.ORM\Dos.ORM.Common\Helpers\LogHelper.cs
7、详细信息：数据操作
    日志描述：秦波对【管理员管理】进行“修改”操作
    数据主键：8adc8909-c3d5-4733-8747-67ecf974293c
    操作人员：秦波[0ad06755-9fde-4ddd-9dcb-448462155a03]
    操作地址：/MsSys/Operator/SaveData
    操作结果：操作成功
    操作描述：数据保存成功！
    IP地址：192.168.1.102
    浏览器：Chrome 52.0
    操作系统：Windows 10
    记录时间：2016 09 01 23:26:38:3905
    详细数据：【{"LogId":"9c892346-eabf-41a6-918b-d391ec1a0fff","LogTypeId":101,"CompanyId":"078736e6-0cc2-48dc-80f1-6330419b4af1","DataId":"8adc8909-c3d5-4733-8747-67ecf974293c","OptUserId":"0ad06755-9fde-4ddd-9dcb-448462155a03","OptUserName":"秦波","OptTime":"2016-09-01 23:26:38","OptModuleName":"管理员管理","OptModulePath":"/MsSys/Operator/SaveData","OptTypeId":1002,"OptTypeName":"修改","OptResultId":100,"OptResultName":"操作成功","OptSystem":"Windows 10","Browser":"Chrome 52.0","IP":"192.168.1.102","Mac":"B8:76:3F:1F:BC:40","Desc":"数据保存成功！","Status":1}】

#############################################################################

1、时间：2016-09-01 23:26:40,639
2、优先级别：INFO
3、线程ID：11
4、耗时：57606
5、行号：120
6、文件名：e:\Net_03.Personal\Net_Project.DosORM\Project\Dos.ORM\Dos.ORM.Common\Helpers\LogHelper.cs
7、详细信息：数据操作
    日志描述：秦波对【管理员管理】进行“查询”操作
    操作人员：秦波[0ad06755-9fde-4ddd-9dcb-448462155a03]
    操作地址：/MsSys/Operator/GetList
    操作结果：操作成功
    操作描述：数据查询成功！
    IP地址：192.168.1.102
    浏览器：Chrome 52.0
    操作系统：Windows 10
    记录时间：2016 09 01 23:26:40:6010
    详细数据：【{"LogId":"5f1fb30d-4ab5-483c-80e3-47c2f8ddc87b","LogTypeId":101,"CompanyId":"078736e6-0cc2-48dc-80f1-6330419b4af1","DataId":null,"OptUserId":"0ad06755-9fde-4ddd-9dcb-448462155a03","OptUserName":"秦波","OptTime":"2016-09-01 23:26:40","OptModuleName":"管理员管理","OptModulePath":"/MsSys/Operator/GetList","OptTypeId":1003,"OptTypeName":"查询","OptResultId":100,"OptResultName":"操作成功","OptSystem":"Windows 10","Browser":"Chrome 52.0","IP":"192.168.1.102","Mac":"B8:76:3F:1F:BC:40","Desc":"数据查询成功！","Status":1}】

#############################################################################

1、时间：2016-09-01 23:28:08,544
2、优先级别：INFO
3、线程ID：6
4、耗时：145511
5、行号：120
6、文件名：e:\Net_03.Personal\Net_Project.DosORM\Project\Dos.ORM\Dos.ORM.Common\Helpers\LogHelper.cs
7、详细信息：数据操作
    日志描述：秦波对【部门管理】进行“查询”操作
    操作人员：秦波[0ad06755-9fde-4ddd-9dcb-448462155a03]
    操作地址：/MsSys/Department/GetList
    操作结果：操作成功
    操作描述：数据查询成功！
    IP地址：192.168.1.102
    浏览器：Chrome 52.0
    操作系统：Windows 10
    记录时间：2016 09 01 23:28:08:5120
    详细数据：【{"LogId":"aa57dfd3-60d1-4cbb-8cce-98ec79a00866","LogTypeId":101,"CompanyId":"078736e6-0cc2-48dc-80f1-6330419b4af1","DataId":null,"OptUserId":"0ad06755-9fde-4ddd-9dcb-448462155a03","OptUserName":"秦波","OptTime":"2016-09-01 23:28:08","OptModuleName":"部门管理","OptModulePath":"/MsSys/Department/GetList","OptTypeId":1003,"OptTypeName":"查询","OptResultId":100,"OptResultName":"操作成功","OptSystem":"Windows 10","Browser":"Chrome 52.0","IP":"192.168.1.102","Mac":"B8:76:3F:1F:BC:40","Desc":"数据查询成功！","Status":1}】

#############################################################################

1、时间：2016-09-01 23:31:19,400
2、优先级别：INFO
3、线程ID：8
4、耗时：336367
5、行号：120
6、文件名：e:\Net_03.Personal\Net_Project.DosORM\Project\Dos.ORM\Dos.ORM.Common\Helpers\LogHelper.cs
7、详细信息：数据操作
    日志描述：秦波对【模块管理】进行“查询”操作
    操作人员：秦波[0ad06755-9fde-4ddd-9dcb-448462155a03]
    操作地址：/MsSys/Module/GetList
    操作结果：操作成功
    操作描述：数据查询成功！
    IP地址：192.168.1.102
    浏览器：Chrome 52.0
    操作系统：Windows 10
    记录时间：2016 09 01 23:31:19:3663
    详细数据：【{"LogId":"57ea6f1d-6219-4735-9c75-f63e61aa5747","LogTypeId":101,"CompanyId":"078736e6-0cc2-48dc-80f1-6330419b4af1","DataId":null,"OptUserId":"0ad06755-9fde-4ddd-9dcb-448462155a03","OptUserName":"秦波","OptTime":"2016-09-01 23:31:19","OptModuleName":"模块管理","OptModulePath":"/MsSys/Module/GetList","OptTypeId":1003,"OptTypeName":"查询","OptResultId":100,"OptResultName":"操作成功","OptSystem":"Windows 10","Browser":"Chrome 52.0","IP":"192.168.1.102","Mac":"B8:76:3F:1F:BC:40","Desc":"数据查询成功！","Status":1}】

#############################################################################

1、时间：2016-09-01 23:31:22,461
2、优先级别：INFO
3、线程ID：8
4、耗时：339428
5、行号：120
6、文件名：e:\Net_03.Personal\Net_Project.DosORM\Project\Dos.ORM\Dos.ORM.Common\Helpers\LogHelper.cs
7、详细信息：数据操作
    日志描述：秦波对【公司管理】进行“查询”操作
    操作人员：秦波[0ad06755-9fde-4ddd-9dcb-448462155a03]
    操作地址：/MsSys/Company/GetList
    操作结果：操作成功
    操作描述：数据查询成功！
    IP地址：192.168.1.102
    浏览器：Chrome 52.0
    操作系统：Windows 10
    记录时间：2016 09 01 23:31:22:4332
    详细数据：【{"LogId":"fba6ba2a-68c5-4831-b636-3c21926d479e","LogTypeId":101,"CompanyId":"078736e6-0cc2-48dc-80f1-6330419b4af1","DataId":null,"OptUserId":"0ad06755-9fde-4ddd-9dcb-448462155a03","OptUserName":"秦波","OptTime":"2016-09-01 23:31:22","OptModuleName":"公司管理","OptModulePath":"/MsSys/Company/GetList","OptTypeId":1003,"OptTypeName":"查询","OptResultId":100,"OptResultName":"操作成功","OptSystem":"Windows 10","Browser":"Chrome 52.0","IP":"192.168.1.102","Mac":"B8:76:3F:1F:BC:40","Desc":"数据查询成功！","Status":1}】

#############################################################################

1、时间：2016-09-01 23:35:30,075
2、优先级别：INFO
3、线程ID：17
4、耗时：587043
5、行号：120
6、文件名：e:\Net_03.Personal\Net_Project.DosORM\Project\Dos.ORM\Dos.ORM.Common\Helpers\LogHelper.cs
7、详细信息：数据操作
    日志描述：秦波对【公司管理】进行“修改”操作
    数据主键：5e024721-8efd-48cb-bd8a-570bfba0b143
    操作人员：秦波[0ad06755-9fde-4ddd-9dcb-448462155a03]
    操作地址：/MsSys/Company/SaveData
    操作结果：操作成功
    操作描述：数据保存成功！
    IP地址：192.168.1.102
    浏览器：Chrome 52.0
    操作系统：Windows 10
    记录时间：2016 09 01 23:35:30:0407
    详细数据：【{"LogId":"e6219a8f-343c-4d5f-b14c-4ce478051597","LogTypeId":101,"CompanyId":"078736e6-0cc2-48dc-80f1-6330419b4af1","DataId":"5e024721-8efd-48cb-bd8a-570bfba0b143","OptUserId":"0ad06755-9fde-4ddd-9dcb-448462155a03","OptUserName":"秦波","OptTime":"2016-09-01 23:35:30","OptModuleName":"公司管理","OptModulePath":"/MsSys/Company/SaveData","OptTypeId":1002,"OptTypeName":"修改","OptResultId":100,"OptResultName":"操作成功","OptSystem":"Windows 10","Browser":"Chrome 52.0","IP":"192.168.1.102","Mac":"B8:76:3F:1F:BC:40","Desc":"数据保存成功！","Status":1}】

#############################################################################

1、时间：2016-09-01 23:35:32,357
2、优先级别：INFO
3、线程ID：24
4、耗时：589324
5、行号：120
6、文件名：e:\Net_03.Personal\Net_Project.DosORM\Project\Dos.ORM\Dos.ORM.Common\Helpers\LogHelper.cs
7、详细信息：数据操作
    日志描述：秦波对【公司管理】进行“查询”操作
    操作人员：秦波[0ad06755-9fde-4ddd-9dcb-448462155a03]
    操作地址：/MsSys/Company/GetList
    操作结果：操作成功
    操作描述：数据查询成功！
    IP地址：192.168.1.102
    浏览器：Chrome 52.0
    操作系统：Windows 10
    记录时间：2016 09 01 23:35:32:3103
    详细数据：【{"LogId":"8b891ffd-9b4f-4187-a7f5-fd11c2563b17","LogTypeId":101,"CompanyId":"078736e6-0cc2-48dc-80f1-6330419b4af1","DataId":null,"OptUserId":"0ad06755-9fde-4ddd-9dcb-448462155a03","OptUserName":"秦波","OptTime":"2016-09-01 23:35:32","OptModuleName":"公司管理","OptModulePath":"/MsSys/Company/GetList","OptTypeId":1003,"OptTypeName":"查询","OptResultId":100,"OptResultName":"操作成功","OptSystem":"Windows 10","Browser":"Chrome 52.0","IP":"192.168.1.102","Mac":"B8:76:3F:1F:BC:40","Desc":"数据查询成功！","Status":1}】

#############################################################################

1、时间：2016-09-01 23:35:37,106
2、优先级别：INFO
3、线程ID：24
4、耗时：594073
5、行号：120
6、文件名：e:\Net_03.Personal\Net_Project.DosORM\Project\Dos.ORM\Dos.ORM.Common\Helpers\LogHelper.cs
7、详细信息：数据操作
    日志描述：秦波对【角色管理】进行“查询”操作
    操作人员：秦波[0ad06755-9fde-4ddd-9dcb-448462155a03]
    操作地址：/MsSys/Role/GetList
    操作结果：操作成功
    操作描述：数据查询成功！
    IP地址：192.168.1.102
    浏览器：Chrome 52.0
    操作系统：Windows 10
    记录时间：2016 09 01 23:35:37:0636
    详细数据：【{"LogId":"8c265bfe-df1f-4f2e-b7fc-facb45b20299","LogTypeId":101,"CompanyId":"078736e6-0cc2-48dc-80f1-6330419b4af1","DataId":null,"OptUserId":"0ad06755-9fde-4ddd-9dcb-448462155a03","OptUserName":"秦波","OptTime":"2016-09-01 23:35:37","OptModuleName":"角色管理","OptModulePath":"/MsSys/Role/GetList","OptTypeId":1003,"OptTypeName":"查询","OptResultId":100,"OptResultName":"操作成功","OptSystem":"Windows 10","Browser":"Chrome 52.0","IP":"192.168.1.102","Mac":"B8:76:3F:1F:BC:40","Desc":"数据查询成功！","Status":1}】

#############################################################################

1、时间：2016-09-01 23:47:07,607
2、优先级别：INFO
3、线程ID：26
4、耗时：23051
5、行号：120
6、文件名：e:\Net_03.Personal\Net_Project.DosORM\Project\Dos.ORM\Dos.ORM.Common\Helpers\LogHelper.cs
7、详细信息：登录登出
    日志描述：秦波对【登录系统】进行“登录”操作
    操作人员：秦波[0ad06755-9fde-4ddd-9dcb-448462155a03]
    操作地址：/MsSys/Login/CheckLogin
    操作结果：登录成功
    操作描述：登录成功！
    IP地址：192.168.1.102
    浏览器：Chrome 52.0
    操作系统：Windows 10
    记录时间：2016 09 01 23:47:07:4781
    详细数据：【{"LogId":"2cdd4f69-d25d-4071-bdcf-3a08a505e540","LogTypeId":100,"CompanyId":"078736e6-0cc2-48dc-80f1-6330419b4af1","DataId":null,"OptUserId":"0ad06755-9fde-4ddd-9dcb-448462155a03","OptUserName":"秦波","OptTime":"2016-09-01 23:47:07","OptModuleName":"登录系统","OptModulePath":"/MsSys/Login/CheckLogin","OptTypeId":2001,"OptTypeName":"登录","OptResultId":300,"OptResultName":"登录成功","OptSystem":"Windows 10","Browser":"Chrome 52.0","IP":"192.168.1.102","Mac":"B8:76:3F:1F:BC:40","Desc":"登录成功！","Status":1}】

#############################################################################

1、时间：2016-09-01 23:47:21,972
2、优先级别：INFO
3、线程ID：26
4、耗时：37416
5、行号：120
6、文件名：e:\Net_03.Personal\Net_Project.DosORM\Project\Dos.ORM\Dos.ORM.Common\Helpers\LogHelper.cs
7、详细信息：数据操作
    日志描述：秦波对【模块管理】进行“查询”操作
    操作人员：秦波[0ad06755-9fde-4ddd-9dcb-448462155a03]
    操作地址：/MsSys/Module/GetList
    操作结果：操作成功
    操作描述：数据查询成功！
    IP地址：192.168.1.102
    浏览器：Chrome 52.0
    操作系统：Windows 10
    记录时间：2016 09 01 23:47:21:9406
    详细数据：【{"LogId":"362d3c25-1df1-47e0-8605-af30689dd3e3","LogTypeId":101,"CompanyId":"078736e6-0cc2-48dc-80f1-6330419b4af1","DataId":null,"OptUserId":"0ad06755-9fde-4ddd-9dcb-448462155a03","OptUserName":"秦波","OptTime":"2016-09-01 23:47:21","OptModuleName":"模块管理","OptModulePath":"/MsSys/Module/GetList","OptTypeId":1003,"OptTypeName":"查询","OptResultId":100,"OptResultName":"操作成功","OptSystem":"Windows 10","Browser":"Chrome 52.0","IP":"192.168.1.102","Mac":"B8:76:3F:1F:BC:40","Desc":"数据查询成功！","Status":1}】

#############################################################################

1、时间：2016-09-01 23:57:32,764
2、优先级别：INFO
3、线程ID：39
4、耗时：11927
5、行号：120
6、文件名：e:\Net_03.Personal\Net_Project.DosORM\Project\Dos.ORM\Dos.ORM.Common\Helpers\LogHelper.cs
7、详细信息：登录登出
    日志描述：秦波对【登录系统】进行“登录”操作
    操作人员：秦波[0ad06755-9fde-4ddd-9dcb-448462155a03]
    操作地址：/MsSys/Login/CheckLogin
    操作结果：登录成功
    操作描述：登录成功！
    IP地址：192.168.1.102
    浏览器：Chrome 52.0
    操作系统：Windows 10
    记录时间：2016 09 01 23:57:32:6453
    详细数据：【{"LogId":"d9064d23-1620-4f8b-9922-38165e452af5","LogTypeId":100,"CompanyId":"078736e6-0cc2-48dc-80f1-6330419b4af1","DataId":null,"OptUserId":"0ad06755-9fde-4ddd-9dcb-448462155a03","OptUserName":"秦波","OptTime":"2016-09-01 23:57:32","OptModuleName":"登录系统","OptModulePath":"/MsSys/Login/CheckLogin","OptTypeId":2001,"OptTypeName":"登录","OptResultId":300,"OptResultName":"登录成功","OptSystem":"Windows 10","Browser":"Chrome 52.0","IP":"192.168.1.102","Mac":"B8:76:3F:1F:BC:40","Desc":"登录成功！","Status":1}】

#############################################################################

1、时间：2016-09-01 23:57:43,311
2、优先级别：INFO
3、线程ID：7
4、耗时：22474
5、行号：120
6、文件名：e:\Net_03.Personal\Net_Project.DosORM\Project\Dos.ORM\Dos.ORM.Common\Helpers\LogHelper.cs
7、详细信息：数据操作
    日志描述：秦波对【模块管理】进行“查询”操作
    操作人员：秦波[0ad06755-9fde-4ddd-9dcb-448462155a03]
    操作地址：/MsSys/Module/GetList
    操作结果：操作成功
    操作描述：数据查询成功！
    IP地址：192.168.1.102
    浏览器：Chrome 52.0
    操作系统：Windows 10
    记录时间：2016 09 01 23:57:43:2801
    详细数据：【{"LogId":"73615185-22ca-4846-9e8a-8d1c49bc7d9b","LogTypeId":101,"CompanyId":"078736e6-0cc2-48dc-80f1-6330419b4af1","DataId":null,"OptUserId":"0ad06755-9fde-4ddd-9dcb-448462155a03","OptUserName":"秦波","OptTime":"2016-09-01 23:57:43","OptModuleName":"模块管理","OptModulePath":"/MsSys/Module/GetList","OptTypeId":1003,"OptTypeName":"查询","OptResultId":100,"OptResultName":"操作成功","OptSystem":"Windows 10","Browser":"Chrome 52.0","IP":"192.168.1.102","Mac":"B8:76:3F:1F:BC:40","Desc":"数据查询成功！","Status":1}】
