
#############################################################################

1、时间：2016-09-10 07:55:54,993
2、优先级别：INFO
3、线程ID：14
4、耗时：267817
5、行号：120
6、文件名：e:\Net_03.Personal\Net_Project.DosORM\Project\Dos.ORM\Dos.ORM.Common\Helpers\LogHelper.cs
7、详细信息：登录登出
    日志描述：秦波对【登录系统】进行“登录”操作
    操作人员：秦波[0ad06755-9fde-4ddd-9dcb-448462155a03]
    操作地址：/MsSys/Login/CheckLogin
    操作结果：登录成功
    操作描述：登录成功！
    IP地址：192.168.1.102
    浏览器：Chrome 53.0
    操作系统：Windows 10
    记录时间：2016 09 10 07:55:54:6743
    详细数据：【{"LogId":"eccbc833-6be0-4d86-bb8f-40672b5f3b16","LogTypeId":100,"LogTypeName":"登录登出","CompanyId":"078736e6-0cc2-48dc-80f1-6330419b4af1","DataId":null,"OptUserId":"0ad06755-9fde-4ddd-9dcb-448462155a03","OptUserName":"秦波","OptTime":"2016-09-10 07:55:54","OptModuleName":"登录系统","OptModulePath":"/MsSys/Login/CheckLogin","OptTypeId":2001,"OptTypeName":"登录","OptResultId":300,"OptResultName":"登录成功","OptSystem":"Windows 10","Browser":"Chrome 53.0","IP":"192.168.1.102","Mac":"B8:76:3F:1F:BC:40","Desc":"登录成功！","Status":1}】

#############################################################################

1、时间：2016-09-10 08:11:11,509
2、优先级别：INFO
3、线程ID：20
4、耗时：18585
5、行号：120
6、文件名：e:\Net_03.Personal\Net_Project.DosORM\Project\Dos.ORM\Dos.ORM.Common\Helpers\LogHelper.cs
7、详细信息：登录登出
    日志描述：秦波对【登录系统】进行“登录”操作
    操作人员：秦波[0ad06755-9fde-4ddd-9dcb-448462155a03]
    操作地址：/MsSys/Login/CheckLogin
    操作结果：登录成功
    操作描述：登录成功！
    IP地址：192.168.1.102
    浏览器：Chrome 53.0
    操作系统：Windows 10
    记录时间：2016 09 10 08:11:11:3830
    详细数据：【{"LogId":"0a4778bc-d2dd-4bdd-9a36-601162da6b32","LogTypeId":100,"LogTypeName":"登录登出","CompanyId":"078736e6-0cc2-48dc-80f1-6330419b4af1","DataId":null,"OptUserId":"0ad06755-9fde-4ddd-9dcb-448462155a03","OptUserName":"秦波","OptTime":"2016-09-10 08:11:11","OptModuleName":"登录系统","OptModulePath":"/MsSys/Login/CheckLogin","OptTypeId":2001,"OptTypeName":"登录","OptResultId":300,"OptResultName":"登录成功","OptSystem":"Windows 10","Browser":"Chrome 53.0","IP":"192.168.1.102","Mac":"B8:76:3F:1F:BC:40","Desc":"登录成功！","Status":1}】

#############################################################################

1、时间：2016-09-10 08:17:19,181
2、优先级别：INFO
3、线程ID：17
4、耗时：7361
5、行号：120
6、文件名：e:\Net_03.Personal\Net_Project.DosORM\Project\Dos.ORM\Dos.ORM.Common\Helpers\LogHelper.cs
7、详细信息：登录登出
    日志描述：秦波对【登录系统】进行“登录”操作
    操作人员：秦波[0ad06755-9fde-4ddd-9dcb-448462155a03]
    操作地址：/MsSys/Login/CheckLogin
    操作结果：登录成功
    操作描述：登录成功！
    IP地址：192.168.1.102
    浏览器：Chrome 53.0
    操作系统：Windows 10
    记录时间：2016 09 10 08:17:19:0632
    详细数据：【{"LogId":"cdbc0de3-5e24-44d0-a3ba-8600a6335442","LogTypeId":100,"LogTypeName":"登录登出","CompanyId":"078736e6-0cc2-48dc-80f1-6330419b4af1","DataId":null,"OptUserId":"0ad06755-9fde-4ddd-9dcb-448462155a03","OptUserName":"秦波","OptTime":"2016-09-10 08:17:19","OptModuleName":"登录系统","OptModulePath":"/MsSys/Login/CheckLogin","OptTypeId":2001,"OptTypeName":"登录","OptResultId":300,"OptResultName":"登录成功","OptSystem":"Windows 10","Browser":"Chrome 53.0","IP":"192.168.1.102","Mac":"B8:76:3F:1F:BC:40","Desc":"登录成功！","Status":1}】

#############################################################################

1、时间：2016-09-10 08:18:17,841
2、优先级别：INFO
3、线程ID：16
4、耗时：7847
5、行号：120
6、文件名：e:\Net_03.Personal\Net_Project.DosORM\Project\Dos.ORM\Dos.ORM.Common\Helpers\LogHelper.cs
7、详细信息：登录登出
    日志描述：秦波对【登录系统】进行“登录”操作
    操作人员：秦波[0ad06755-9fde-4ddd-9dcb-448462155a03]
    操作地址：/MsSys/Login/CheckLogin
    操作结果：登录成功
    操作描述：登录成功！
    IP地址：192.168.1.102
    浏览器：Chrome 53.0
    操作系统：Windows 10
    记录时间：2016 09 10 08:18:17:6932
    详细数据：【{"LogId":"9bef0da6-19aa-4461-8725-a2fe6ba14e04","LogTypeId":100,"LogTypeName":"登录登出","CompanyId":"078736e6-0cc2-48dc-80f1-6330419b4af1","DataId":null,"OptUserId":"0ad06755-9fde-4ddd-9dcb-448462155a03","OptUserName":"秦波","OptTime":"2016-09-10 08:18:17","OptModuleName":"登录系统","OptModulePath":"/MsSys/Login/CheckLogin","OptTypeId":2001,"OptTypeName":"登录","OptResultId":300,"OptResultName":"登录成功","OptSystem":"Windows 10","Browser":"Chrome 53.0","IP":"192.168.1.102","Mac":"B8:76:3F:1F:BC:40","Desc":"登录成功！","Status":1}】

#############################################################################

1、时间：2016-09-10 08:20:30,454
2、优先级别：INFO
3、线程ID：13
4、耗时：11412
5、行号：120
6、文件名：e:\Net_03.Personal\Net_Project.DosORM\Project\Dos.ORM\Dos.ORM.Common\Helpers\LogHelper.cs
7、详细信息：登录登出
    日志描述：秦波对【登录系统】进行“登录”操作
    操作人员：秦波[0ad06755-9fde-4ddd-9dcb-448462155a03]
    操作地址：/MsSys/Login/CheckLogin
    操作结果：登录成功
    操作描述：登录成功！
    IP地址：192.168.1.102
    浏览器：Chrome 53.0
    操作系统：Windows 10
    记录时间：2016 09 10 08:20:30:3426
    详细数据：【{"LogId":"d0722da9-8ddb-492b-85d1-644290ac53ca","LogTypeId":100,"LogTypeName":"登录登出","CompanyId":"078736e6-0cc2-48dc-80f1-6330419b4af1","DataId":null,"OptUserId":"0ad06755-9fde-4ddd-9dcb-448462155a03","OptUserName":"秦波","OptTime":"2016-09-10 08:20:30","OptModuleName":"登录系统","OptModulePath":"/MsSys/Login/CheckLogin","OptTypeId":2001,"OptTypeName":"登录","OptResultId":300,"OptResultName":"登录成功","OptSystem":"Windows 10","Browser":"Chrome 53.0","IP":"192.168.1.102","Mac":"B8:76:3F:1F:BC:40","Desc":"登录成功！","Status":1}】

#############################################################################

1、时间：2016-09-10 08:23:50,929
2、优先级别：INFO
3、线程ID：16
4、耗时：7707
5、行号：120
6、文件名：e:\Net_03.Personal\Net_Project.DosORM\Project\Dos.ORM\Dos.ORM.Common\Helpers\LogHelper.cs
7、详细信息：登录登出
    日志描述：秦波对【登录系统】进行“登录”操作
    操作人员：秦波[0ad06755-9fde-4ddd-9dcb-448462155a03]
    操作地址：/MsSys/Login/CheckLogin
    操作结果：登录成功
    操作描述：登录成功！
    IP地址：192.168.1.102
    浏览器：Chrome 53.0
    操作系统：Windows 10
    记录时间：2016 09 10 08:23:50:8478
    详细数据：【{"LogId":"defc4035-b357-4bb9-b583-4023ca324340","LogTypeId":100,"LogTypeName":"登录登出","CompanyId":"078736e6-0cc2-48dc-80f1-6330419b4af1","DataId":null,"OptUserId":"0ad06755-9fde-4ddd-9dcb-448462155a03","OptUserName":"秦波","OptTime":"2016-09-10 08:23:50","OptModuleName":"登录系统","OptModulePath":"/MsSys/Login/CheckLogin","OptTypeId":2001,"OptTypeName":"登录","OptResultId":300,"OptResultName":"登录成功","OptSystem":"Windows 10","Browser":"Chrome 53.0","IP":"192.168.1.102","Mac":"B8:76:3F:1F:BC:40","Desc":"登录成功！","Status":1}】

#############################################################################

1、时间：2016-09-10 08:30:10,309
2、优先级别：INFO
3、线程ID：11
4、耗时：8699
5、行号：120
6、文件名：e:\Net_03.Personal\Net_Project.DosORM\Project\Dos.ORM\Dos.ORM.Common\Helpers\LogHelper.cs
7、详细信息：登录登出
    日志描述：秦波对【登录系统】进行“登录”操作
    操作人员：秦波[0ad06755-9fde-4ddd-9dcb-448462155a03]
    操作地址：/MsSys/Login/CheckLogin
    操作结果：登录成功
    操作描述：登录成功！
    IP地址：192.168.1.102
    浏览器：Chrome 53.0
    操作系统：Windows 10
    记录时间：2016 09 10 08:30:10:1646
    详细数据：【{"LogId":"7b113e11-a7f4-47e5-97fc-8457d048f95f","LogTypeId":100,"LogTypeName":"登录登出","CompanyId":"078736e6-0cc2-48dc-80f1-6330419b4af1","DataId":null,"OptUserId":"0ad06755-9fde-4ddd-9dcb-448462155a03","OptUserName":"秦波","OptTime":"2016-09-10 08:30:10","OptModuleName":"登录系统","OptModulePath":"/MsSys/Login/CheckLogin","OptTypeId":2001,"OptTypeName":"登录","OptResultId":300,"OptResultName":"登录成功","OptSystem":"Windows 10","Browser":"Chrome 53.0","IP":"192.168.1.102","Mac":"B8:76:3F:1F:BC:40","Desc":"登录成功！","Status":1}】

#############################################################################

1、时间：2016-09-10 08:30:56,393
2、优先级别：INFO
3、线程ID：15
4、耗时：8525
5、行号：120
6、文件名：e:\Net_03.Personal\Net_Project.DosORM\Project\Dos.ORM\Dos.ORM.Common\Helpers\LogHelper.cs
7、详细信息：登录登出
    日志描述：秦波对【登录系统】进行“登录”操作
    操作人员：秦波[0ad06755-9fde-4ddd-9dcb-448462155a03]
    操作地址：/MsSys/Login/CheckLogin
    操作结果：登录成功
    操作描述：登录成功！
    IP地址：192.168.1.102
    浏览器：Chrome 53.0
    操作系统：Windows 10
    记录时间：2016 09 10 08:30:56:1492
    详细数据：【{"LogId":"b63cc371-45fe-4366-ac12-d586e17bf3df","LogTypeId":100,"LogTypeName":"登录登出","CompanyId":"078736e6-0cc2-48dc-80f1-6330419b4af1","DataId":null,"OptUserId":"0ad06755-9fde-4ddd-9dcb-448462155a03","OptUserName":"秦波","OptTime":"2016-09-10 08:30:56","OptModuleName":"登录系统","OptModulePath":"/MsSys/Login/CheckLogin","OptTypeId":2001,"OptTypeName":"登录","OptResultId":300,"OptResultName":"登录成功","OptSystem":"Windows 10","Browser":"Chrome 53.0","IP":"192.168.1.102","Mac":"B8:76:3F:1F:BC:40","Desc":"登录成功！","Status":1}】

#############################################################################

1、时间：2016-09-10 08:33:28,986
2、优先级别：INFO
3、线程ID：11
4、耗时：9177
5、行号：120
6、文件名：e:\Net_03.Personal\Net_Project.DosORM\Project\Dos.ORM\Dos.ORM.Common\Helpers\LogHelper.cs
7、详细信息：登录登出
    日志描述：秦波对【登录系统】进行“登录”操作
    操作人员：秦波[0ad06755-9fde-4ddd-9dcb-448462155a03]
    操作地址：/MsSys/Login/CheckLogin
    操作结果：登录成功
    操作描述：登录成功！
    IP地址：192.168.1.102
    浏览器：Chrome 53.0
    操作系统：Windows 10
    记录时间：2016 09 10 08:33:28:8549
    详细数据：【{"LogId":"2a5d3fe7-30ce-42b1-9080-3d28bfced207","LogTypeId":100,"LogTypeName":"登录登出","CompanyId":"078736e6-0cc2-48dc-80f1-6330419b4af1","DataId":null,"OptUserId":"0ad06755-9fde-4ddd-9dcb-448462155a03","OptUserName":"秦波","OptTime":"2016-09-10 08:33:28","OptModuleName":"登录系统","OptModulePath":"/MsSys/Login/CheckLogin","OptTypeId":2001,"OptTypeName":"登录","OptResultId":300,"OptResultName":"登录成功","OptSystem":"Windows 10","Browser":"Chrome 53.0","IP":"192.168.1.102","Mac":"B8:76:3F:1F:BC:40","Desc":"登录成功！","Status":1}】

#############################################################################

1、时间：2016-09-10 08:36:45,926
2、优先级别：INFO
3、线程ID：28
4、耗时：7317
5、行号：120
6、文件名：e:\Net_03.Personal\Net_Project.DosORM\Project\Dos.ORM\Dos.ORM.Common\Helpers\LogHelper.cs
7、详细信息：登录登出
    日志描述：秦波对【登录系统】进行“登录”操作
    操作人员：秦波[0ad06755-9fde-4ddd-9dcb-448462155a03]
    操作地址：/MsSys/Login/CheckLogin
    操作结果：登录成功
    操作描述：登录成功！
    IP地址：192.168.1.102
    浏览器：Chrome 53.0
    操作系统：Windows 10
    记录时间：2016 09 10 08:36:45:7850
    详细数据：【{"LogId":"397c2c83-b32e-448d-bdd9-c782c03cef7d","LogTypeId":100,"LogTypeName":"登录登出","CompanyId":"078736e6-0cc2-48dc-80f1-6330419b4af1","DataId":null,"OptUserId":"0ad06755-9fde-4ddd-9dcb-448462155a03","OptUserName":"秦波","OptTime":"2016-09-10 08:36:45","OptModuleName":"登录系统","OptModulePath":"/MsSys/Login/CheckLogin","OptTypeId":2001,"OptTypeName":"登录","OptResultId":300,"OptResultName":"登录成功","OptSystem":"Windows 10","Browser":"Chrome 53.0","IP":"192.168.1.102","Mac":"B8:76:3F:1F:BC:40","Desc":"登录成功！","Status":1}】

#############################################################################

1、时间：2016-09-10 08:40:15,286
2、优先级别：INFO
3、线程ID：25
4、耗时：7386
5、行号：120
6、文件名：e:\Net_03.Personal\Net_Project.DosORM\Project\Dos.ORM\Dos.ORM.Common\Helpers\LogHelper.cs
7、详细信息：登录登出
    日志描述：秦波对【登录系统】进行“登录”操作
    操作人员：秦波[0ad06755-9fde-4ddd-9dcb-448462155a03]
    操作地址：/MsSys/Login/CheckLogin
    操作结果：登录成功
    操作描述：登录成功！
    IP地址：192.168.1.102
    浏览器：Chrome 53.0
    操作系统：Windows 10
    记录时间：2016 09 10 08:40:15:1789
    详细数据：【{"LogId":"8213944c-2886-4452-9bf1-03e2fc1199b6","LogTypeId":100,"LogTypeName":"登录登出","CompanyId":"078736e6-0cc2-48dc-80f1-6330419b4af1","DataId":null,"OptUserId":"0ad06755-9fde-4ddd-9dcb-448462155a03","OptUserName":"秦波","OptTime":"2016-09-10 08:40:15","OptModuleName":"登录系统","OptModulePath":"/MsSys/Login/CheckLogin","OptTypeId":2001,"OptTypeName":"登录","OptResultId":300,"OptResultName":"登录成功","OptSystem":"Windows 10","Browser":"Chrome 53.0","IP":"192.168.1.102","Mac":"B8:76:3F:1F:BC:40","Desc":"登录成功！","Status":1}】

#############################################################################

1、时间：2016-09-10 08:40:25,109
2、优先级别：INFO
3、线程ID：11
4、耗时：17209
5、行号：120
6、文件名：e:\Net_03.Personal\Net_Project.DosORM\Project\Dos.ORM\Dos.ORM.Common\Helpers\LogHelper.cs
7、详细信息：数据操作
    日志描述：秦波对【模块管理】进行“查询”操作
    操作人员：秦波[0ad06755-9fde-4ddd-9dcb-448462155a03]
    操作地址：/MsSys/Module/GetList
    操作结果：操作成功
    操作描述：数据查询成功！
    IP地址：192.168.1.102
    浏览器：Chrome 53.0
    操作系统：Windows 10
    记录时间：2016 09 10 08:40:25:0627
    详细数据：【{"LogId":"c570454f-c8b8-407a-b5e2-2b2fd44f3943","LogTypeId":101,"LogTypeName":"数据操作","CompanyId":"078736e6-0cc2-48dc-80f1-6330419b4af1","DataId":null,"OptUserId":"0ad06755-9fde-4ddd-9dcb-448462155a03","OptUserName":"秦波","OptTime":"2016-09-10 08:40:25","OptModuleName":"模块管理","OptModulePath":"/MsSys/Module/GetList","OptTypeId":1003,"OptTypeName":"查询","OptResultId":100,"OptResultName":"操作成功","OptSystem":"Windows 10","Browser":"Chrome 53.0","IP":"192.168.1.102","Mac":"B8:76:3F:1F:BC:40","Desc":"数据查询成功！","Status":1}】

#############################################################################

1、时间：2016-09-10 08:58:22,919
2、优先级别：INFO
3、线程ID：33
4、耗时：6153
5、行号：120
6、文件名：e:\Net_03.Personal\Net_Project.DosORM\Project\Dos.ORM\Dos.ORM.Common\Helpers\LogHelper.cs
7、详细信息：登录登出
    日志描述：秦波对【登录系统】进行“登录”操作
    操作人员：秦波[0ad06755-9fde-4ddd-9dcb-448462155a03]
    操作地址：/MsSys/Login/CheckLogin
    操作结果：登录成功
    操作描述：登录成功！
    IP地址：192.168.1.102
    浏览器：Chrome 53.0
    操作系统：Windows 10
    记录时间：2016 09 10 08:58:22:8054
    详细数据：【{"LogId":"6351e8ec-da94-4a3f-b8ea-2d51a3a7ebc6","LogTypeId":100,"LogTypeName":"登录登出","CompanyId":"078736e6-0cc2-48dc-80f1-6330419b4af1","DataId":null,"OptUserId":"0ad06755-9fde-4ddd-9dcb-448462155a03","OptUserName":"秦波","OptTime":"2016-09-10 08:58:22","OptModuleName":"登录系统","OptModulePath":"/MsSys/Login/CheckLogin","OptTypeId":2001,"OptTypeName":"登录","OptResultId":300,"OptResultName":"登录成功","OptSystem":"Windows 10","Browser":"Chrome 53.0","IP":"192.168.1.102","Mac":"B8:76:3F:1F:BC:40","Desc":"登录成功！","Status":1}】

#############################################################################

1、时间：2016-09-10 09:20:16,368
2、优先级别：INFO
3、线程ID：51
4、耗时：11069
5、行号：120
6、文件名：e:\Net_03.Personal\Net_Project.DosORM\Project\Dos.ORM\Dos.ORM.Common\Helpers\LogHelper.cs
7、详细信息：登录登出
    日志描述：秦波对【登录系统】进行“登录”操作
    操作人员：秦波[0ad06755-9fde-4ddd-9dcb-448462155a03]
    操作地址：/MsSys/Login/CheckLogin
    操作结果：登录成功
    操作描述：登录成功！
    IP地址：192.168.1.102
    浏览器：Chrome 53.0
    操作系统：Windows 10
    记录时间：2016 09 10 09:20:16:2648
    详细数据：【{"LogId":"8a146c55-376d-4fb1-aaf0-d42fe3abbc21","LogTypeId":100,"LogTypeName":"登录登出","CompanyId":"078736e6-0cc2-48dc-80f1-6330419b4af1","DataId":null,"OptUserId":"0ad06755-9fde-4ddd-9dcb-448462155a03","OptUserName":"秦波","OptTime":"2016-09-10 09:20:16","OptModuleName":"登录系统","OptModulePath":"/MsSys/Login/CheckLogin","OptTypeId":2001,"OptTypeName":"登录","OptResultId":300,"OptResultName":"登录成功","OptSystem":"Windows 10","Browser":"Chrome 53.0","IP":"192.168.1.102","Mac":"B8:76:3F:1F:BC:40","Desc":"登录成功！","Status":1}】

#############################################################################

1、时间：2016-09-10 09:53:25,324
2、优先级别：INFO
3、线程ID：12
4、耗时：14411
5、行号：120
6、文件名：e:\Net_03.Personal\Net_Project.DosORM\Project\Dos.ORM\Dos.ORM.Common\Helpers\LogHelper.cs
7、详细信息：登录登出
    日志描述：秦波对【登录系统】进行“登录”操作
    操作人员：秦波[0ad06755-9fde-4ddd-9dcb-448462155a03]
    操作地址：/MsSys/Login/CheckLogin
    操作结果：登录成功
    操作描述：登录成功！
    IP地址：192.168.1.102
    浏览器：Chrome 53.0
    操作系统：Windows 10
    记录时间：2016 09 10 09:53:25:1520
    详细数据：【{"LogId":"34bf8dab-638d-4b24-9437-01ce1d1102c6","LogTypeId":100,"LogTypeName":"登录登出","CompanyId":"078736e6-0cc2-48dc-80f1-6330419b4af1","DataId":null,"OptUserId":"0ad06755-9fde-4ddd-9dcb-448462155a03","OptUserName":"秦波","OptTime":"2016-09-10 09:53:25","OptModuleName":"登录系统","OptModulePath":"/MsSys/Login/CheckLogin","OptTypeId":2001,"OptTypeName":"登录","OptResultId":300,"OptResultName":"登录成功","OptSystem":"Windows 10","Browser":"Chrome 53.0","IP":"192.168.1.102","Mac":"B8:76:3F:1F:BC:40","Desc":"登录成功！","Status":1}】

#############################################################################

1、时间：2016-09-10 10:29:38,585
2、优先级别：INFO
3、线程ID：71
4、耗时：2187672
5、行号：120
6、文件名：e:\Net_03.Personal\Net_Project.DosORM\Project\Dos.ORM\Dos.ORM.Common\Helpers\LogHelper.cs
7、详细信息：数据操作
    日志描述：秦波对【公司管理】进行“查询”操作
    操作人员：秦波[0ad06755-9fde-4ddd-9dcb-448462155a03]
    操作地址：/MsSys/Company/GetList
    操作结果：操作成功
    操作描述：数据查询成功！
    IP地址：192.168.1.102
    浏览器：Chrome 53.0
    操作系统：Windows 10
    记录时间：2016 09 10 10:29:38:4471
    详细数据：【{"LogId":"ba15014e-5163-4ee7-aaaf-2f77d5cfe241","LogTypeId":101,"LogTypeName":"数据操作","CompanyId":"078736e6-0cc2-48dc-80f1-6330419b4af1","DataId":null,"OptUserId":"0ad06755-9fde-4ddd-9dcb-448462155a03","OptUserName":"秦波","OptTime":"2016-09-10 10:29:38","OptModuleName":"公司管理","OptModulePath":"/MsSys/Company/GetList","OptTypeId":1003,"OptTypeName":"查询","OptResultId":100,"OptResultName":"操作成功","OptSystem":"Windows 10","Browser":"Chrome 53.0","IP":"192.168.1.102","Mac":"B8:76:3F:1F:BC:40","Desc":"数据查询成功！","Status":1}】

#############################################################################

1、时间：2016-09-10 10:31:29,774
2、优先级别：INFO
3、线程ID：79
4、耗时：2298861
5、行号：120
6、文件名：e:\Net_03.Personal\Net_Project.DosORM\Project\Dos.ORM\Dos.ORM.Common\Helpers\LogHelper.cs
7、详细信息：数据操作
    日志描述：秦波对【角色管理】进行“查询”操作
    操作人员：秦波[0ad06755-9fde-4ddd-9dcb-448462155a03]
    操作地址：/MsSys/Role/GetList
    操作结果：操作成功
    操作描述：数据查询成功！
    IP地址：192.168.1.102
    浏览器：Chrome 53.0
    操作系统：Windows 10
    记录时间：2016 09 10 10:31:29:7459
    详细数据：【{"LogId":"d2ed5c07-437f-4717-9727-e4fa50e60ff5","LogTypeId":101,"LogTypeName":"数据操作","CompanyId":"078736e6-0cc2-48dc-80f1-6330419b4af1","DataId":null,"OptUserId":"0ad06755-9fde-4ddd-9dcb-448462155a03","OptUserName":"秦波","OptTime":"2016-09-10 10:31:29","OptModuleName":"角色管理","OptModulePath":"/MsSys/Role/GetList","OptTypeId":1003,"OptTypeName":"查询","OptResultId":100,"OptResultName":"操作成功","OptSystem":"Windows 10","Browser":"Chrome 53.0","IP":"192.168.1.102","Mac":"B8:76:3F:1F:BC:40","Desc":"数据查询成功！","Status":1}】
