
#############################################################################

1、时间：2016-09-16 10:38:11,958
2、优先级别：INFO
3、线程ID：7
4、耗时：85145
5、行号：120
6、文件名：e:\Net_03.Personal\Net_Project.DosORM\Project\Dos.ORM\Dos.ORM.Common\Helpers\LogHelper.cs
7、详细信息：登录登出
    日志描述：秦波对【登录系统】进行“登录”操作
    操作人员：秦波[0ad06755-9fde-4ddd-9dcb-448462155a03]
    操作地址：/MsSys/Login/CheckLogin
    操作结果：登录成功
    操作描述：登录成功！
    IP地址：192.168.1.100
    浏览器：Chrome 53.0
    操作系统：Windows 10
    记录时间：2016 09 16 10:38:11:6833
    详细数据：【{"LogId":"e577f5ec-b39e-47c8-a2db-1ec5725cde66","LogTypeId":100,"LogTypeName":"登录登出","CompanyId":"078736e6-0cc2-48dc-80f1-6330419b4af1","DataId":null,"OptUserId":"0ad06755-9fde-4ddd-9dcb-448462155a03","OptUserName":"秦波","OptTime":"2016-09-16 10:38:11","OptModuleName":"登录系统","OptModulePath":"/MsSys/Login/CheckLogin","OptTypeId":2001,"OptTypeName":"登录","OptResultId":300,"OptResultName":"登录成功","OptSystem":"Windows 10","Browser":"Chrome 53.0","IP":"192.168.1.100","Mac":"B8:76:3F:1F:BC:40","Desc":"登录成功！","Status":1}】

#############################################################################

1、时间：2016-09-16 10:38:35,555
2、优先级别：INFO
3、线程ID：11
4、耗时：108741
5、行号：120
6、文件名：e:\Net_03.Personal\Net_Project.DosORM\Project\Dos.ORM\Dos.ORM.Common\Helpers\LogHelper.cs
7、详细信息：数据操作
    日志描述：秦波对【公司管理】进行“查询”操作
    操作人员：秦波[0ad06755-9fde-4ddd-9dcb-448462155a03]
    操作地址：/MsSys/Company/GetList
    操作结果：操作成功
    操作描述：数据查询成功！
    IP地址：192.168.1.100
    浏览器：Chrome 53.0
    操作系统：Windows 10
    记录时间：2016 09 16 10:38:35:4997
    详细数据：【{"LogId":"e0190fca-ae74-426d-8b18-02bbb01c9019","LogTypeId":101,"LogTypeName":"数据操作","CompanyId":"078736e6-0cc2-48dc-80f1-6330419b4af1","DataId":null,"OptUserId":"0ad06755-9fde-4ddd-9dcb-448462155a03","OptUserName":"秦波","OptTime":"2016-09-16 10:38:35","OptModuleName":"公司管理","OptModulePath":"/MsSys/Company/GetList","OptTypeId":1003,"OptTypeName":"查询","OptResultId":100,"OptResultName":"操作成功","OptSystem":"Windows 10","Browser":"Chrome 53.0","IP":"192.168.1.100","Mac":"B8:76:3F:1F:BC:40","Desc":"数据查询成功！","Status":1}】

#############################################################################

1、时间：2016-09-16 10:46:24,572
2、优先级别：INFO
3、线程ID：24
4、耗时：9849
5、行号：120
6、文件名：e:\Net_03.Personal\Net_Project.DosORM\Project\Dos.ORM\Dos.ORM.Common\Helpers\LogHelper.cs
7、详细信息：登录登出
    日志描述：秦波对【登录系统】进行“登录”操作
    操作人员：秦波[0ad06755-9fde-4ddd-9dcb-448462155a03]
    操作地址：/MsSys/Login/CheckLogin
    操作结果：登录成功
    操作描述：登录成功！
    IP地址：192.168.1.100
    浏览器：Chrome 53.0
    操作系统：Windows 10
    记录时间：2016 09 16 10:46:24:4412
    详细数据：【{"LogId":"17e60f29-2ade-4db5-ae8d-e7a412413480","LogTypeId":100,"LogTypeName":"登录登出","CompanyId":"078736e6-0cc2-48dc-80f1-6330419b4af1","DataId":null,"OptUserId":"0ad06755-9fde-4ddd-9dcb-448462155a03","OptUserName":"秦波","OptTime":"2016-09-16 10:46:24","OptModuleName":"登录系统","OptModulePath":"/MsSys/Login/CheckLogin","OptTypeId":2001,"OptTypeName":"登录","OptResultId":300,"OptResultName":"登录成功","OptSystem":"Windows 10","Browser":"Chrome 53.0","IP":"192.168.1.100","Mac":"B8:76:3F:1F:BC:40","Desc":"登录成功！","Status":1}】

#############################################################################

1、时间：2016-09-16 10:46:56,027
2、优先级别：INFO
3、线程ID：26
4、耗时：41304
5、行号：120
6、文件名：e:\Net_03.Personal\Net_Project.DosORM\Project\Dos.ORM\Dos.ORM.Common\Helpers\LogHelper.cs
7、详细信息：数据操作
    日志描述：秦波对【公司管理】进行“查询”操作
    操作人员：秦波[0ad06755-9fde-4ddd-9dcb-448462155a03]
    操作地址：/MsSys/Company/GetList
    操作结果：操作成功
    操作描述：数据查询成功！
    IP地址：192.168.1.100
    浏览器：Chrome 53.0
    操作系统：Windows 10
    记录时间：2016 09 16 10:46:55:8991
    详细数据：【{"LogId":"4c38b08c-2800-4dee-8610-961859c53349","LogTypeId":101,"LogTypeName":"数据操作","CompanyId":"078736e6-0cc2-48dc-80f1-6330419b4af1","DataId":null,"OptUserId":"0ad06755-9fde-4ddd-9dcb-448462155a03","OptUserName":"秦波","OptTime":"2016-09-16 10:46:55","OptModuleName":"公司管理","OptModulePath":"/MsSys/Company/GetList","OptTypeId":1003,"OptTypeName":"查询","OptResultId":100,"OptResultName":"操作成功","OptSystem":"Windows 10","Browser":"Chrome 53.0","IP":"192.168.1.100","Mac":"B8:76:3F:1F:BC:40","Desc":"数据查询成功！","Status":1}】

#############################################################################

1、时间：2016-09-16 10:47:04,515
2、优先级别：INFO
3、线程ID：22
4、耗时：49792
5、行号：120
6、文件名：e:\Net_03.Personal\Net_Project.DosORM\Project\Dos.ORM\Dos.ORM.Common\Helpers\LogHelper.cs
7、详细信息：登录登出
    日志描述：秦波对【退出系y】进行“登出”操作
    操作人员：秦波[0ad06755-9fde-4ddd-9dcb-448462155a03]
    操作地址：/MsSys/Login/LoginOut
    操作结果：退出成功
    操作描述：系统退出成功！
    IP地址：192.168.1.100
    浏览器：Chrome 53.0
    操作系统：Windows 10
    记录时间：2016 09 16 10:47:04:4270
    详细数据：【{"LogId":"d0a31228-b5be-43bc-96f0-3ab60c616ef0","LogTypeId":100,"LogTypeName":"登录登出","CompanyId":"078736e6-0cc2-48dc-80f1-6330419b4af1","DataId":null,"OptUserId":"0ad06755-9fde-4ddd-9dcb-448462155a03","OptUserName":"秦波","OptTime":"2016-09-16 10:47:04","OptModuleName":"退出系y","OptModulePath":"/MsSys/Login/LoginOut","OptTypeId":2002,"OptTypeName":"登出","OptResultId":360,"OptResultName":"退出成功","OptSystem":"Windows 10","Browser":"Chrome 53.0","IP":"192.168.1.100","Mac":"B8:76:3F:1F:BC:40","Desc":"系统退出成功！","Status":1}】

#############################################################################

1、时间：2016-09-16 10:47:17,718
2、优先级别：INFO
3、线程ID：29
4、耗时：62995
5、行号：120
6、文件名：e:\Net_03.Personal\Net_Project.DosORM\Project\Dos.ORM\Dos.ORM.Common\Helpers\LogHelper.cs
7、详细信息：登录登出
    日志描述：对【登录系统】进行“登录”操作
    操作人员：[8adc8909-c3d5-4733-8747-67ecf974293c]
    操作地址：/MsSys/Login/CheckLogin
    操作结果：登录成功
    操作描述：登录成功！
    IP地址：192.168.1.100
    浏览器：Chrome 53.0
    操作系统：Windows 10
    记录时间：2016 09 16 10:47:17:6916
    详细数据：【{"LogId":"5fe699ee-d5ef-4ef9-9ce2-4870a260cb2c","LogTypeId":100,"LogTypeName":"登录登出","CompanyId":"078736e6-0cc2-48dc-80f1-6330419b4af1","DataId":null,"OptUserId":"8adc8909-c3d5-4733-8747-67ecf974293c","OptUserName":null,"OptTime":"2016-09-16 10:47:17","OptModuleName":"登录系统","OptModulePath":"/MsSys/Login/CheckLogin","OptTypeId":2001,"OptTypeName":"登录","OptResultId":300,"OptResultName":"登录成功","OptSystem":"Windows 10","Browser":"Chrome 53.0","IP":"192.168.1.100","Mac":"B8:76:3F:1F:BC:40","Desc":"登录成功！","Status":1}】

#############################################################################

1、时间：2016-09-16 10:48:32,059
2、优先级别：INFO
3、线程ID：31
4、耗时：137336
5、行号：120
6、文件名：e:\Net_03.Personal\Net_Project.DosORM\Project\Dos.ORM\Dos.ORM.Common\Helpers\LogHelper.cs
7、详细信息：登录登出
    日志描述：对【退出系y】进行“登出”操作
    操作人员：[8adc8909-c3d5-4733-8747-67ecf974293c]
    操作地址：/MsSys/Login/LoginOut
    操作结果：退出成功
    操作描述：系统退出成功！
    IP地址：192.168.1.100
    浏览器：Chrome 53.0
    操作系统：Windows 10
    记录时间：2016 09 16 10:48:32:0225
    详细数据：【{"LogId":"6683408e-ecee-47e7-bec6-f6f976c00e8d","LogTypeId":100,"LogTypeName":"登录登出","CompanyId":"078736e6-0cc2-48dc-80f1-6330419b4af1","DataId":null,"OptUserId":"8adc8909-c3d5-4733-8747-67ecf974293c","OptUserName":null,"OptTime":"2016-09-16 10:48:32","OptModuleName":"退出系y","OptModulePath":"/MsSys/Login/LoginOut","OptTypeId":2002,"OptTypeName":"登出","OptResultId":360,"OptResultName":"退出成功","OptSystem":"Windows 10","Browser":"Chrome 53.0","IP":"192.168.1.100","Mac":"B8:76:3F:1F:BC:40","Desc":"系统退出成功！","Status":1}】

#############################################################################

1、时间：2016-09-16 10:48:59,518
2、优先级别：INFO
3、线程ID：24
4、耗时：14207
5、行号：120
6、文件名：e:\Net_03.Personal\Net_Project.DosORM\Project\Dos.ORM\Dos.ORM.Common\Helpers\LogHelper.cs
7、详细信息：登录登出
    日志描述：对【登录系统】进行“登录”操作
    操作人员：[8adc8909-c3d5-4733-8747-67ecf974293c]
    操作地址：/MsSys/Login/CheckLogin
    操作结果：登录成功
    操作描述：登录成功！
    IP地址：192.168.1.100
    浏览器：Chrome 53.0
    操作系统：Windows 10
    记录时间：2016 09 16 10:48:59:4162
    详细数据：【{"LogId":"18126bf7-1aa7-4efe-861e-84817ff5b0da","LogTypeId":100,"LogTypeName":"登录登出","CompanyId":"078736e6-0cc2-48dc-80f1-6330419b4af1","DataId":null,"OptUserId":"8adc8909-c3d5-4733-8747-67ecf974293c","OptUserName":null,"OptTime":"2016-09-16 10:48:59","OptModuleName":"登录系统","OptModulePath":"/MsSys/Login/CheckLogin","OptTypeId":2001,"OptTypeName":"登录","OptResultId":300,"OptResultName":"登录成功","OptSystem":"Windows 10","Browser":"Chrome 53.0","IP":"192.168.1.100","Mac":"B8:76:3F:1F:BC:40","Desc":"登录成功！","Status":1}】

#############################################################################

1、时间：2016-09-16 10:49:07,566
2、优先级别：INFO
3、线程ID：38
4、耗时：22255
5、行号：120
6、文件名：e:\Net_03.Personal\Net_Project.DosORM\Project\Dos.ORM\Dos.ORM.Common\Helpers\LogHelper.cs
7、详细信息：数据操作
    日志描述：对【公司管理】进行“查询”操作
    操作人员：[8adc8909-c3d5-4733-8747-67ecf974293c]
    操作地址：/MsSys/Company/GetList
    操作结果：操作成功
    操作描述：数据查询成功！
    IP地址：192.168.1.100
    浏览器：Chrome 53.0
    操作系统：Windows 10
    记录时间：2016 09 16 10:49:07:4934
    详细数据：【{"LogId":"6cc7eeca-c4e2-41ef-9536-711493c79174","LogTypeId":101,"LogTypeName":"数据操作","CompanyId":"078736e6-0cc2-48dc-80f1-6330419b4af1","DataId":null,"OptUserId":"8adc8909-c3d5-4733-8747-67ecf974293c","OptUserName":null,"OptTime":"2016-09-16 10:49:07","OptModuleName":"公司管理","OptModulePath":"/MsSys/Company/GetList","OptTypeId":1003,"OptTypeName":"查询","OptResultId":100,"OptResultName":"操作成功","OptSystem":"Windows 10","Browser":"Chrome 53.0","IP":"192.168.1.100","Mac":"B8:76:3F:1F:BC:40","Desc":"数据查询成功！","Status":1}】

#############################################################################

1、时间：2016-09-16 10:49:14,813
2、优先级别：INFO
3、线程ID：36
4、耗时：29503
5、行号：120
6、文件名：e:\Net_03.Personal\Net_Project.DosORM\Project\Dos.ORM\Dos.ORM.Common\Helpers\LogHelper.cs
7、详细信息：登录登出
    日志描述：对【退出系y】进行“登出”操作
    操作人员：[8adc8909-c3d5-4733-8747-67ecf974293c]
    操作地址：/MsSys/Login/LoginOut
    操作结果：退出成功
    操作描述：系统退出成功！
    IP地址：192.168.1.100
    浏览器：Chrome 53.0
    操作系统：Windows 10
    记录时间：2016 09 16 10:49:14:7893
    详细数据：【{"LogId":"b5668611-01df-473f-97a3-58ef9db89ba9","LogTypeId":100,"LogTypeName":"登录登出","CompanyId":"078736e6-0cc2-48dc-80f1-6330419b4af1","DataId":null,"OptUserId":"8adc8909-c3d5-4733-8747-67ecf974293c","OptUserName":null,"OptTime":"2016-09-16 10:49:14","OptModuleName":"退出系y","OptModulePath":"/MsSys/Login/LoginOut","OptTypeId":2002,"OptTypeName":"登出","OptResultId":360,"OptResultName":"退出成功","OptSystem":"Windows 10","Browser":"Chrome 53.0","IP":"192.168.1.100","Mac":"B8:76:3F:1F:BC:40","Desc":"系统退出成功！","Status":1}】

#############################################################################

1、时间：2016-09-16 10:49:19,683
2、优先级别：INFO
3、线程ID：31
4、耗时：34372
5、行号：120
6、文件名：e:\Net_03.Personal\Net_Project.DosORM\Project\Dos.ORM\Dos.ORM.Common\Helpers\LogHelper.cs
7、详细信息：登录登出
    日志描述：秦波对【登录系统】进行“登录”操作
    操作人员：秦波[0ad06755-9fde-4ddd-9dcb-448462155a03]
    操作地址：/MsSys/Login/CheckLogin
    操作结果：登录成功
    操作描述：登录成功！
    IP地址：192.168.1.100
    浏览器：Chrome 53.0
    操作系统：Windows 10
    记录时间：2016 09 16 10:49:19:6574
    详细数据：【{"LogId":"be610f01-7158-4ff1-a850-98c85a44dc3b","LogTypeId":100,"LogTypeName":"登录登出","CompanyId":"078736e6-0cc2-48dc-80f1-6330419b4af1","DataId":null,"OptUserId":"0ad06755-9fde-4ddd-9dcb-448462155a03","OptUserName":"秦波","OptTime":"2016-09-16 10:49:19","OptModuleName":"登录系统","OptModulePath":"/MsSys/Login/CheckLogin","OptTypeId":2001,"OptTypeName":"登录","OptResultId":300,"OptResultName":"登录成功","OptSystem":"Windows 10","Browser":"Chrome 53.0","IP":"192.168.1.100","Mac":"B8:76:3F:1F:BC:40","Desc":"登录成功！","Status":1}】

#############################################################################

1、时间：2016-09-16 10:50:24,609
2、优先级别：INFO
3、线程ID：22
4、耗时：99298
5、行号：120
6、文件名：e:\Net_03.Personal\Net_Project.DosORM\Project\Dos.ORM\Dos.ORM.Common\Helpers\LogHelper.cs
7、详细信息：数据操作
    日志描述：秦波对【公司管理】进行“查询”操作
    操作人员：秦波[0ad06755-9fde-4ddd-9dcb-448462155a03]
    操作地址：/MsSys/Company/GetList
    操作结果：操作成功
    操作描述：数据查询成功！
    IP地址：192.168.1.100
    浏览器：Chrome 53.0
    操作系统：Windows 10
    记录时间：2016 09 16 10:50:24:5807
    详细数据：【{"LogId":"b4816d72-b66b-4e77-937b-3f063c312b3f","LogTypeId":101,"LogTypeName":"数据操作","CompanyId":"078736e6-0cc2-48dc-80f1-6330419b4af1","DataId":null,"OptUserId":"0ad06755-9fde-4ddd-9dcb-448462155a03","OptUserName":"秦波","OptTime":"2016-09-16 10:50:24","OptModuleName":"公司管理","OptModulePath":"/MsSys/Company/GetList","OptTypeId":1003,"OptTypeName":"查询","OptResultId":100,"OptResultName":"操作成功","OptSystem":"Windows 10","Browser":"Chrome 53.0","IP":"192.168.1.100","Mac":"B8:76:3F:1F:BC:40","Desc":"数据查询成功！","Status":1}】

#############################################################################

1、时间：2016-09-16 10:50:44,139
2、优先级别：INFO
3、线程ID：38
4、耗时：118828
5、行号：120
6、文件名：e:\Net_03.Personal\Net_Project.DosORM\Project\Dos.ORM\Dos.ORM.Common\Helpers\LogHelper.cs
7、详细信息：数据操作
    日志描述：秦波对【公司管理】进行“修改”操作
    数据主键：078736e6-0cc2-48dc-80f1-6330419b4af1
    操作人员：秦波[0ad06755-9fde-4ddd-9dcb-448462155a03]
    操作地址：/MsSys/Company/SaveData
    操作结果：操作成功
    操作描述：数据保存成功！
    IP地址：192.168.1.100
    浏览器：Chrome 53.0
    操作系统：Windows 10
    记录时间：2016 09 16 10:50:44:1063
    详细数据：【{"LogId":"442c95de-b905-4973-b132-890d7f08fdb1","LogTypeId":101,"LogTypeName":"数据操作","CompanyId":"078736e6-0cc2-48dc-80f1-6330419b4af1","DataId":"078736e6-0cc2-48dc-80f1-6330419b4af1","OptUserId":"0ad06755-9fde-4ddd-9dcb-448462155a03","OptUserName":"秦波","OptTime":"2016-09-16 10:50:44","OptModuleName":"公司管理","OptModulePath":"/MsSys/Company/SaveData","OptTypeId":1002,"OptTypeName":"修改","OptResultId":100,"OptResultName":"操作成功","OptSystem":"Windows 10","Browser":"Chrome 53.0","IP":"192.168.1.100","Mac":"B8:76:3F:1F:BC:40","Desc":"数据保存成功！","Status":1}】

#############################################################################

1、时间：2016-09-16 10:50:46,279
2、优先级别：INFO
3、线程ID：33
4、耗时：120969
5、行号：120
6、文件名：e:\Net_03.Personal\Net_Project.DosORM\Project\Dos.ORM\Dos.ORM.Common\Helpers\LogHelper.cs
7、详细信息：数据操作
    日志描述：秦波对【公司管理】进行“查询”操作
    操作人员：秦波[0ad06755-9fde-4ddd-9dcb-448462155a03]
    操作地址：/MsSys/Company/GetList
    操作结果：操作成功
    操作描述：数据查询成功！
    IP地址：192.168.1.100
    浏览器：Chrome 53.0
    操作系统：Windows 10
    记录时间：2016 09 16 10:50:46:2423
    详细数据：【{"LogId":"ce13eb7a-151e-4ef3-840b-490bc531fd27","LogTypeId":101,"LogTypeName":"数据操作","CompanyId":"078736e6-0cc2-48dc-80f1-6330419b4af1","DataId":null,"OptUserId":"0ad06755-9fde-4ddd-9dcb-448462155a03","OptUserName":"秦波","OptTime":"2016-09-16 10:50:46","OptModuleName":"公司管理","OptModulePath":"/MsSys/Company/GetList","OptTypeId":1003,"OptTypeName":"查询","OptResultId":100,"OptResultName":"操作成功","OptSystem":"Windows 10","Browser":"Chrome 53.0","IP":"192.168.1.100","Mac":"B8:76:3F:1F:BC:40","Desc":"数据查询成功！","Status":1}】

#############################################################################

1、时间：2016-09-16 10:50:55,564
2、优先级别：INFO
3、线程ID：35
4、耗时：130254
5、行号：120
6、文件名：e:\Net_03.Personal\Net_Project.DosORM\Project\Dos.ORM\Dos.ORM.Common\Helpers\LogHelper.cs
7、详细信息：数据操作
    日志描述：秦波对【部门管理】进行“查询”操作
    操作人员：秦波[0ad06755-9fde-4ddd-9dcb-448462155a03]
    操作地址：/MsSys/Department/GetList
    操作结果：操作成功
    操作描述：数据查询成功！
    IP地址：192.168.1.100
    浏览器：Chrome 53.0
    操作系统：Windows 10
    记录时间：2016 09 16 10:50:55:5319
    详细数据：【{"LogId":"d4557e42-e4f3-4253-91a0-0cb5d03475fb","LogTypeId":101,"LogTypeName":"数据操作","CompanyId":"078736e6-0cc2-48dc-80f1-6330419b4af1","DataId":null,"OptUserId":"0ad06755-9fde-4ddd-9dcb-448462155a03","OptUserName":"秦波","OptTime":"2016-09-16 10:50:55","OptModuleName":"部门管理","OptModulePath":"/MsSys/Department/GetList","OptTypeId":1003,"OptTypeName":"查询","OptResultId":100,"OptResultName":"操作成功","OptSystem":"Windows 10","Browser":"Chrome 53.0","IP":"192.168.1.100","Mac":"B8:76:3F:1F:BC:40","Desc":"数据查询成功！","Status":1}】

#############################################################################

1、时间：2016-09-16 10:51:07,697
2、优先级别：INFO
3、线程ID：37
4、耗时：142387
5、行号：120
6、文件名：e:\Net_03.Personal\Net_Project.DosORM\Project\Dos.ORM\Dos.ORM.Common\Helpers\LogHelper.cs
7、详细信息：数据操作
    日志描述：秦波对【角色管理】进行“查询”操作
    操作人员：秦波[0ad06755-9fde-4ddd-9dcb-448462155a03]
    操作地址：/MsSys/Role/GetList
    操作结果：操作成功
    操作描述：数据查询成功！
    IP地址：192.168.1.100
    浏览器：Chrome 53.0
    操作系统：Windows 10
    记录时间：2016 09 16 10:51:07:6699
    详细数据：【{"LogId":"439959c3-b9b6-48e4-b0ae-67bed2cf769e","LogTypeId":101,"LogTypeName":"数据操作","CompanyId":"078736e6-0cc2-48dc-80f1-6330419b4af1","DataId":null,"OptUserId":"0ad06755-9fde-4ddd-9dcb-448462155a03","OptUserName":"秦波","OptTime":"2016-09-16 10:51:07","OptModuleName":"角色管理","OptModulePath":"/MsSys/Role/GetList","OptTypeId":1003,"OptTypeName":"查询","OptResultId":100,"OptResultName":"操作成功","OptSystem":"Windows 10","Browser":"Chrome 53.0","IP":"192.168.1.100","Mac":"B8:76:3F:1F:BC:40","Desc":"数据查询成功！","Status":1}】

#############################################################################

1、时间：2016-09-16 10:51:15,297
2、优先级别：INFO
3、线程ID：37
4、耗时：149987
5、行号：120
6、文件名：e:\Net_03.Personal\Net_Project.DosORM\Project\Dos.ORM\Dos.ORM.Common\Helpers\LogHelper.cs
7、详细信息：数据操作
    日志描述：秦波对【角色管理】进行“修改”操作
    数据主键：d3b7e798-6181-4412-8f77-c9f530a3d18e
    操作人员：秦波[0ad06755-9fde-4ddd-9dcb-448462155a03]
    操作地址：/MsSys/Role/SaveData
    操作结果：操作成功
    操作描述：数据保存成功！
    IP地址：192.168.1.100
    浏览器：Chrome 53.0
    操作系统：Windows 10
    记录时间：2016 09 16 10:51:15:2737
    详细数据：【{"LogId":"743d53af-2d94-418f-908b-1ef6df1d316c","LogTypeId":101,"LogTypeName":"数据操作","CompanyId":"078736e6-0cc2-48dc-80f1-6330419b4af1","DataId":"d3b7e798-6181-4412-8f77-c9f530a3d18e","OptUserId":"0ad06755-9fde-4ddd-9dcb-448462155a03","OptUserName":"秦波","OptTime":"2016-09-16 10:51:15","OptModuleName":"角色管理","OptModulePath":"/MsSys/Role/SaveData","OptTypeId":1002,"OptTypeName":"修改","OptResultId":100,"OptResultName":"操作成功","OptSystem":"Windows 10","Browser":"Chrome 53.0","IP":"192.168.1.100","Mac":"B8:76:3F:1F:BC:40","Desc":"数据保存成功！","Status":1}】

#############################################################################

1、时间：2016-09-16 10:51:17,417
2、优先级别：INFO
3、线程ID：37
4、耗时：152106
5、行号：120
6、文件名：e:\Net_03.Personal\Net_Project.DosORM\Project\Dos.ORM\Dos.ORM.Common\Helpers\LogHelper.cs
7、详细信息：数据操作
    日志描述：秦波对【角色管理】进行“查询”操作
    操作人员：秦波[0ad06755-9fde-4ddd-9dcb-448462155a03]
    操作地址：/MsSys/Role/GetList
    操作结果：操作成功
    操作描述：数据查询成功！
    IP地址：192.168.1.100
    浏览器：Chrome 53.0
    操作系统：Windows 10
    记录时间：2016 09 16 10:51:17:3843
    详细数据：【{"LogId":"1507d039-86e5-4f1c-b9a6-7d786bf03829","LogTypeId":101,"LogTypeName":"数据操作","CompanyId":"078736e6-0cc2-48dc-80f1-6330419b4af1","DataId":null,"OptUserId":"0ad06755-9fde-4ddd-9dcb-448462155a03","OptUserName":"秦波","OptTime":"2016-09-16 10:51:17","OptModuleName":"角色管理","OptModulePath":"/MsSys/Role/GetList","OptTypeId":1003,"OptTypeName":"查询","OptResultId":100,"OptResultName":"操作成功","OptSystem":"Windows 10","Browser":"Chrome 53.0","IP":"192.168.1.100","Mac":"B8:76:3F:1F:BC:40","Desc":"数据查询成功！","Status":1}】

#############################################################################

1、时间：2016-09-16 10:51:22,320
2、优先级别：INFO
3、线程ID：37
4、耗时：157009
5、行号：120
6、文件名：e:\Net_03.Personal\Net_Project.DosORM\Project\Dos.ORM\Dos.ORM.Common\Helpers\LogHelper.cs
7、详细信息：数据操作
    日志描述：秦波对【管理员管理】进行“查询”操作
    操作人员：秦波[0ad06755-9fde-4ddd-9dcb-448462155a03]
    操作地址：/MsSys/Operator/GetList
    操作结果：操作成功
    操作描述：数据查询成功！
    IP地址：192.168.1.100
    浏览器：Chrome 53.0
    操作系统：Windows 10
    记录时间：2016 09 16 10:51:22:2920
    详细数据：【{"LogId":"48272c4b-16cd-45d7-94f9-1eaf1889dbfc","LogTypeId":101,"LogTypeName":"数据操作","CompanyId":"078736e6-0cc2-48dc-80f1-6330419b4af1","DataId":null,"OptUserId":"0ad06755-9fde-4ddd-9dcb-448462155a03","OptUserName":"秦波","OptTime":"2016-09-16 10:51:22","OptModuleName":"管理员管理","OptModulePath":"/MsSys/Operator/GetList","OptTypeId":1003,"OptTypeName":"查询","OptResultId":100,"OptResultName":"操作成功","OptSystem":"Windows 10","Browser":"Chrome 53.0","IP":"192.168.1.100","Mac":"B8:76:3F:1F:BC:40","Desc":"数据查询成功！","Status":1}】

#############################################################################

1、时间：2016-09-16 10:51:27,215
2、优先级别：INFO
3、线程ID：33
4、耗时：161904
5、行号：120
6、文件名：e:\Net_03.Personal\Net_Project.DosORM\Project\Dos.ORM\Dos.ORM.Common\Helpers\LogHelper.cs
7、详细信息：数据操作
    日志描述：秦波对【管理员管理】进行“查询”操作
    操作人员：秦波[0ad06755-9fde-4ddd-9dcb-448462155a03]
    操作地址：/MsSys/Operator/GetList
    操作结果：操作成功
    操作描述：数据查询成功！
    IP地址：192.168.1.100
    浏览器：Chrome 53.0
    操作系统：Windows 10
    记录时间：2016 09 16 10:51:27:1920
    详细数据：【{"LogId":"9047ed84-0083-463b-83f4-04181fd6d6e8","LogTypeId":101,"LogTypeName":"数据操作","CompanyId":"078736e6-0cc2-48dc-80f1-6330419b4af1","DataId":null,"OptUserId":"0ad06755-9fde-4ddd-9dcb-448462155a03","OptUserName":"秦波","OptTime":"2016-09-16 10:51:27","OptModuleName":"管理员管理","OptModulePath":"/MsSys/Operator/GetList","OptTypeId":1003,"OptTypeName":"查询","OptResultId":100,"OptResultName":"操作成功","OptSystem":"Windows 10","Browser":"Chrome 53.0","IP":"192.168.1.100","Mac":"B8:76:3F:1F:BC:40","Desc":"数据查询成功！","Status":1}】

#############################################################################

1、时间：2016-09-16 10:51:28,842
2、优先级别：INFO
3、线程ID：44
4、耗时：163531
5、行号：120
6、文件名：e:\Net_03.Personal\Net_Project.DosORM\Project\Dos.ORM\Dos.ORM.Common\Helpers\LogHelper.cs
7、详细信息：数据操作
    日志描述：秦波对【管理员管理】进行“查询”操作
    操作人员：秦波[0ad06755-9fde-4ddd-9dcb-448462155a03]
    操作地址：/MsSys/Operator/GetList
    操作结果：操作成功
    操作描述：数据查询成功！
    IP地址：192.168.1.100
    浏览器：Chrome 53.0
    操作系统：Windows 10
    记录时间：2016 09 16 10:51:28:8197
    详细数据：【{"LogId":"144c6bd8-20f5-44ff-ab0f-04aba8be23dd","LogTypeId":101,"LogTypeName":"数据操作","CompanyId":"078736e6-0cc2-48dc-80f1-6330419b4af1","DataId":null,"OptUserId":"0ad06755-9fde-4ddd-9dcb-448462155a03","OptUserName":"秦波","OptTime":"2016-09-16 10:51:28","OptModuleName":"管理员管理","OptModulePath":"/MsSys/Operator/GetList","OptTypeId":1003,"OptTypeName":"查询","OptResultId":100,"OptResultName":"操作成功","OptSystem":"Windows 10","Browser":"Chrome 53.0","IP":"192.168.1.100","Mac":"B8:76:3F:1F:BC:40","Desc":"数据查询成功！","Status":1}】

#############################################################################

1、时间：2016-09-16 10:51:30,398
2、优先级别：INFO
3、线程ID：37
4、耗时：165087
5、行号：120
6、文件名：e:\Net_03.Personal\Net_Project.DosORM\Project\Dos.ORM\Dos.ORM.Common\Helpers\LogHelper.cs
7、详细信息：数据操作
    日志描述：秦波对【管理员管理】进行“查询”操作
    操作人员：秦波[0ad06755-9fde-4ddd-9dcb-448462155a03]
    操作地址：/MsSys/Operator/GetList
    操作结果：操作成功
    操作描述：数据查询成功！
    IP地址：192.168.1.100
    浏览器：Chrome 53.0
    操作系统：Windows 10
    记录时间：2016 09 16 10:51:30:3761
    详细数据：【{"LogId":"6da2ea43-9c5b-4527-85b9-7633720e6c98","LogTypeId":101,"LogTypeName":"数据操作","CompanyId":"078736e6-0cc2-48dc-80f1-6330419b4af1","DataId":null,"OptUserId":"0ad06755-9fde-4ddd-9dcb-448462155a03","OptUserName":"秦波","OptTime":"2016-09-16 10:51:30","OptModuleName":"管理员管理","OptModulePath":"/MsSys/Operator/GetList","OptTypeId":1003,"OptTypeName":"查询","OptResultId":100,"OptResultName":"操作成功","OptSystem":"Windows 10","Browser":"Chrome 53.0","IP":"192.168.1.100","Mac":"B8:76:3F:1F:BC:40","Desc":"数据查询成功！","Status":1}】

#############################################################################

1、时间：2016-09-16 10:51:44,087
2、优先级别：INFO
3、线程ID：38
4、耗时：178776
5、行号：120
6、文件名：e:\Net_03.Personal\Net_Project.DosORM\Project\Dos.ORM\Dos.ORM.Common\Helpers\LogHelper.cs
7、详细信息：登录登出
    日志描述：秦波对【退出系y】进行“登出”操作
    操作人员：秦波[0ad06755-9fde-4ddd-9dcb-448462155a03]
    操作地址：/MsSys/Login/LoginOut
    操作结果：退出成功
    操作描述：系统退出成功！
    IP地址：192.168.1.100
    浏览器：Chrome 53.0
    操作系统：Windows 10
    记录时间：2016 09 16 10:51:44:0583
    详细数据：【{"LogId":"15b9222c-a703-4baa-81d9-fb6ec3cef591","LogTypeId":100,"LogTypeName":"登录登出","CompanyId":"078736e6-0cc2-48dc-80f1-6330419b4af1","DataId":null,"OptUserId":"0ad06755-9fde-4ddd-9dcb-448462155a03","OptUserName":"秦波","OptTime":"2016-09-16 10:51:44","OptModuleName":"退出系y","OptModulePath":"/MsSys/Login/LoginOut","OptTypeId":2002,"OptTypeName":"登出","OptResultId":360,"OptResultName":"退出成功","OptSystem":"Windows 10","Browser":"Chrome 53.0","IP":"192.168.1.100","Mac":"B8:76:3F:1F:BC:40","Desc":"系统退出成功！","Status":1}】

#############################################################################

1、时间：2016-09-16 10:51:55,123
2、优先级别：INFO
3、线程ID：35
4、耗时：189813
5、行号：120
6、文件名：e:\Net_03.Personal\Net_Project.DosORM\Project\Dos.ORM\Dos.ORM.Common\Helpers\LogHelper.cs
7、详细信息：登录登出
    日志描述：对【登录系统】进行“登录”操作
    操作人员：[0ad06755-9fde-4ddd-9dcb-448462155a02]
    操作地址：/MsSys/Login/CheckLogin
    操作结果：登录成功
    操作描述：登录成功！
    IP地址：192.168.1.100
    浏览器：Chrome 53.0
    操作系统：Windows 10
    记录时间：2016 09 16 10:51:55:1001
    详细数据：【{"LogId":"9f424ce2-727c-450d-8676-e8b5b1125bb9","LogTypeId":100,"LogTypeName":"登录登出","CompanyId":null,"DataId":null,"OptUserId":"0ad06755-9fde-4ddd-9dcb-448462155a02","OptUserName":null,"OptTime":"2016-09-16 10:51:55","OptModuleName":"登录系统","OptModulePath":"/MsSys/Login/CheckLogin","OptTypeId":2001,"OptTypeName":"登录","OptResultId":300,"OptResultName":"登录成功","OptSystem":"Windows 10","Browser":"Chrome 53.0","IP":"192.168.1.100","Mac":"B8:76:3F:1F:BC:40","Desc":"登录成功！","Status":1}】

#############################################################################

1、时间：2016-09-16 10:52:00,557
2、优先级别：INFO
3、线程ID：33
4、耗时：195246
5、行号：120
6、文件名：e:\Net_03.Personal\Net_Project.DosORM\Project\Dos.ORM\Dos.ORM.Common\Helpers\LogHelper.cs
7、详细信息：数据操作
    日志描述：对【公司管理】进行“查询”操作
    操作人员：[0ad06755-9fde-4ddd-9dcb-448462155a02]
    操作地址：/MsSys/Company/GetList
    操作结果：操作成功
    操作描述：数据查询成功！
    IP地址：192.168.1.100
    浏览器：Chrome 53.0
    操作系统：Windows 10
    记录时间：2016 09 16 10:52:00:5298
    详细数据：【{"LogId":"04926166-c3b6-4240-ad23-51fd7ba27292","LogTypeId":101,"LogTypeName":"数据操作","CompanyId":null,"DataId":null,"OptUserId":"0ad06755-9fde-4ddd-9dcb-448462155a02","OptUserName":null,"OptTime":"2016-09-16 10:52:00","OptModuleName":"公司管理","OptModulePath":"/MsSys/Company/GetList","OptTypeId":1003,"OptTypeName":"查询","OptResultId":100,"OptResultName":"操作成功","OptSystem":"Windows 10","Browser":"Chrome 53.0","IP":"192.168.1.100","Mac":"B8:76:3F:1F:BC:40","Desc":"数据查询成功！","Status":1}】

#############################################################################

1、时间：2016-09-16 10:52:23,010
2、优先级别：INFO
3、线程ID：44
4、耗时：217699
5、行号：120
6、文件名：e:\Net_03.Personal\Net_Project.DosORM\Project\Dos.ORM\Dos.ORM.Common\Helpers\LogHelper.cs
7、详细信息：数据操作
    日志描述：对【公司管理】进行“修改”操作
    数据主键：685412bb-ac83-438a-9bbd-02ab1c0005f0
    操作人员：[0ad06755-9fde-4ddd-9dcb-448462155a02]
    操作地址：/MsSys/Company/SaveData
    操作结果：操作成功
    操作描述：数据保存成功！
    IP地址：192.168.1.100
    浏览器：Chrome 53.0
    操作系统：Windows 10
    记录时间：2016 09 16 10:52:22:9853
    详细数据：【{"LogId":"83821201-81e9-412e-8143-df4c3707a785","LogTypeId":101,"LogTypeName":"数据操作","CompanyId":null,"DataId":"685412bb-ac83-438a-9bbd-02ab1c0005f0","OptUserId":"0ad06755-9fde-4ddd-9dcb-448462155a02","OptUserName":null,"OptTime":"2016-09-16 10:52:22","OptModuleName":"公司管理","OptModulePath":"/MsSys/Company/SaveData","OptTypeId":1002,"OptTypeName":"修改","OptResultId":100,"OptResultName":"操作成功","OptSystem":"Windows 10","Browser":"Chrome 53.0","IP":"192.168.1.100","Mac":"B8:76:3F:1F:BC:40","Desc":"数据保存成功！","Status":1}】

#############################################################################

1、时间：2016-09-16 10:52:25,159
2、优先级别：INFO
3、线程ID：38
4、耗时：219848
5、行号：120
6、文件名：e:\Net_03.Personal\Net_Project.DosORM\Project\Dos.ORM\Dos.ORM.Common\Helpers\LogHelper.cs
7、详细信息：数据操作
    日志描述：对【公司管理】进行“查询”操作
    操作人员：[0ad06755-9fde-4ddd-9dcb-448462155a02]
    操作地址：/MsSys/Company/GetList
    操作结果：操作成功
    操作描述：数据查询成功！
    IP地址：192.168.1.100
    浏览器：Chrome 53.0
    操作系统：Windows 10
    记录时间：2016 09 16 10:52:25:1266
    详细数据：【{"LogId":"1bb93423-8ac7-47cb-b40e-f7d5017f6bcd","LogTypeId":101,"LogTypeName":"数据操作","CompanyId":null,"DataId":null,"OptUserId":"0ad06755-9fde-4ddd-9dcb-448462155a02","OptUserName":null,"OptTime":"2016-09-16 10:52:25","OptModuleName":"公司管理","OptModulePath":"/MsSys/Company/GetList","OptTypeId":1003,"OptTypeName":"查询","OptResultId":100,"OptResultName":"操作成功","OptSystem":"Windows 10","Browser":"Chrome 53.0","IP":"192.168.1.100","Mac":"B8:76:3F:1F:BC:40","Desc":"数据查询成功！","Status":1}】

#############################################################################

1、时间：2016-09-16 10:52:34,972
2、优先级别：INFO
3、线程ID：39
4、耗时：229661
5、行号：120
6、文件名：e:\Net_03.Personal\Net_Project.DosORM\Project\Dos.ORM\Dos.ORM.Common\Helpers\LogHelper.cs
7、详细信息：数据操作
    日志描述：对【公司管理】进行“修改”操作
    数据主键：685412bb-ac83-438a-9bbd-02ab1c0005f0
    操作人员：[0ad06755-9fde-4ddd-9dcb-448462155a02]
    操作地址：/MsSys/Company/SaveData
    操作结果：操作成功
    操作描述：数据保存成功！
    IP地址：192.168.1.100
    浏览器：Chrome 53.0
    操作系统：Windows 10
    记录时间：2016 09 16 10:52:34:9477
    详细数据：【{"LogId":"d9b55c23-937d-4ea0-bdd5-75a982e4d1ef","LogTypeId":101,"LogTypeName":"数据操作","CompanyId":null,"DataId":"685412bb-ac83-438a-9bbd-02ab1c0005f0","OptUserId":"0ad06755-9fde-4ddd-9dcb-448462155a02","OptUserName":null,"OptTime":"2016-09-16 10:52:34","OptModuleName":"公司管理","OptModulePath":"/MsSys/Company/SaveData","OptTypeId":1002,"OptTypeName":"修改","OptResultId":100,"OptResultName":"操作成功","OptSystem":"Windows 10","Browser":"Chrome 53.0","IP":"192.168.1.100","Mac":"B8:76:3F:1F:BC:40","Desc":"数据保存成功！","Status":1}】

#############################################################################

1、时间：2016-09-16 10:52:37,085
2、优先级别：INFO
3、线程ID：44
4、耗时：231774
5、行号：120
6、文件名：e:\Net_03.Personal\Net_Project.DosORM\Project\Dos.ORM\Dos.ORM.Common\Helpers\LogHelper.cs
7、详细信息：数据操作
    日志描述：对【公司管理】进行“查询”操作
    操作人员：[0ad06755-9fde-4ddd-9dcb-448462155a02]
    操作地址：/MsSys/Company/GetList
    操作结果：操作成功
    操作描述：数据查询成功！
    IP地址：192.168.1.100
    浏览器：Chrome 53.0
    操作系统：Windows 10
    记录时间：2016 09 16 10:52:37:0533
    详细数据：【{"LogId":"b527d636-cf6e-420a-bb61-bf692e03bf81","LogTypeId":101,"LogTypeName":"数据操作","CompanyId":null,"DataId":null,"OptUserId":"0ad06755-9fde-4ddd-9dcb-448462155a02","OptUserName":null,"OptTime":"2016-09-16 10:52:37","OptModuleName":"公司管理","OptModulePath":"/MsSys/Company/GetList","OptTypeId":1003,"OptTypeName":"查询","OptResultId":100,"OptResultName":"操作成功","OptSystem":"Windows 10","Browser":"Chrome 53.0","IP":"192.168.1.100","Mac":"B8:76:3F:1F:BC:40","Desc":"数据查询成功！","Status":1}】

#############################################################################

1、时间：2016-09-16 10:52:46,263
2、优先级别：INFO
3、线程ID：39
4、耗时：240953
5、行号：120
6、文件名：e:\Net_03.Personal\Net_Project.DosORM\Project\Dos.ORM\Dos.ORM.Common\Helpers\LogHelper.cs
7、详细信息：数据操作
    日志描述：对【公司管理】进行“查询”操作
    操作人员：[0ad06755-9fde-4ddd-9dcb-448462155a02]
    操作地址：/MsSys/Company/GetList
    操作结果：操作成功
    操作描述：数据查询成功！
    IP地址：192.168.1.100
    浏览器：Chrome 53.0
    操作系统：Windows 10
    记录时间：2016 09 16 10:52:46:2430
    详细数据：【{"LogId":"2ea6b276-1294-4775-8c1d-f5c9ac730083","LogTypeId":101,"LogTypeName":"数据操作","CompanyId":null,"DataId":null,"OptUserId":"0ad06755-9fde-4ddd-9dcb-448462155a02","OptUserName":null,"OptTime":"2016-09-16 10:52:46","OptModuleName":"公司管理","OptModulePath":"/MsSys/Company/GetList","OptTypeId":1003,"OptTypeName":"查询","OptResultId":100,"OptResultName":"操作成功","OptSystem":"Windows 10","Browser":"Chrome 53.0","IP":"192.168.1.100","Mac":"B8:76:3F:1F:BC:40","Desc":"数据查询成功！","Status":1}】

#############################################################################

1、时间：2016-09-16 10:52:48,656
2、优先级别：INFO
3、线程ID：38
4、耗时：243346
5、行号：120
6、文件名：e:\Net_03.Personal\Net_Project.DosORM\Project\Dos.ORM\Dos.ORM.Common\Helpers\LogHelper.cs
7、详细信息：数据操作
    日志描述：对【公司管理】进行“查询”操作
    操作人员：[0ad06755-9fde-4ddd-9dcb-448462155a02]
    操作地址：/MsSys/Company/GetList
    操作结果：操作成功
    操作描述：数据查询成功！
    IP地址：192.168.1.100
    浏览器：Chrome 53.0
    操作系统：Windows 10
    记录时间：2016 09 16 10:52:48:6360
    详细数据：【{"LogId":"b02a9de1-f7f5-43ee-b80a-d9c6c4ab80a4","LogTypeId":101,"LogTypeName":"数据操作","CompanyId":null,"DataId":null,"OptUserId":"0ad06755-9fde-4ddd-9dcb-448462155a02","OptUserName":null,"OptTime":"2016-09-16 10:52:48","OptModuleName":"公司管理","OptModulePath":"/MsSys/Company/GetList","OptTypeId":1003,"OptTypeName":"查询","OptResultId":100,"OptResultName":"操作成功","OptSystem":"Windows 10","Browser":"Chrome 53.0","IP":"192.168.1.100","Mac":"B8:76:3F:1F:BC:40","Desc":"数据查询成功！","Status":1}】

#############################################################################

1、时间：2016-09-16 11:06:56,634
2、优先级别：INFO
3、线程ID：63
4、耗时：17763
5、行号：120
6、文件名：e:\Net_03.Personal\Net_Project.DosORM\Project\Dos.ORM\Dos.ORM.Common\Helpers\LogHelper.cs
7、详细信息：登录登出
    日志描述：对【登录系统】进行“登录”操作
    操作人员：[0ad06755-9fde-4ddd-9dcb-448462155a02]
    操作地址：/MsSys/Login/CheckLogin
    操作结果：登录成功
    操作描述：登录成功！
    IP地址：192.168.1.100
    浏览器：Chrome 53.0
    操作系统：Windows 10
    记录时间：2016 09 16 11:06:56:4746
    详细数据：【{"LogId":"43fa2ac6-8d8a-499e-8bd5-38f63e8066ed","LogTypeId":100,"LogTypeName":"登录登出","CompanyId":null,"DataId":null,"OptUserId":"0ad06755-9fde-4ddd-9dcb-448462155a02","OptUserName":null,"OptTime":"2016-09-16 11:06:56","OptModuleName":"登录系统","OptModulePath":"/MsSys/Login/CheckLogin","OptTypeId":2001,"OptTypeName":"登录","OptResultId":300,"OptResultName":"登录成功","OptSystem":"Windows 10","Browser":"Chrome 53.0","IP":"192.168.1.100","Mac":"B8:76:3F:1F:BC:40","Desc":"登录成功！","Status":1}】

#############################################################################

1、时间：2016-09-16 11:07:04,305
2、优先级别：INFO
3、线程ID：62
4、耗时：25434
5、行号：120
6、文件名：e:\Net_03.Personal\Net_Project.DosORM\Project\Dos.ORM\Dos.ORM.Common\Helpers\LogHelper.cs
7、详细信息：数据操作
    日志描述：对【公司管理】进行“查询”操作
    操作人员：[0ad06755-9fde-4ddd-9dcb-448462155a02]
    操作地址：/MsSys/Company/GetList
    操作结果：操作成功
    操作描述：数据查询成功！
    IP地址：192.168.1.100
    浏览器：Chrome 53.0
    操作系统：Windows 10
    记录时间：2016 09 16 11:07:04:2734
    详细数据：【{"LogId":"f07cf362-ae0f-4e4b-b47d-f4e3bca9b673","LogTypeId":101,"LogTypeName":"数据操作","CompanyId":null,"DataId":null,"OptUserId":"0ad06755-9fde-4ddd-9dcb-448462155a02","OptUserName":null,"OptTime":"2016-09-16 11:07:04","OptModuleName":"公司管理","OptModulePath":"/MsSys/Company/GetList","OptTypeId":1003,"OptTypeName":"查询","OptResultId":100,"OptResultName":"操作成功","OptSystem":"Windows 10","Browser":"Chrome 53.0","IP":"192.168.1.100","Mac":"B8:76:3F:1F:BC:40","Desc":"数据查询成功！","Status":1}】

#############################################################################

1、时间：2016-09-16 11:07:08,057
2、优先级别：INFO
3、线程ID：56
4、耗时：29186
5、行号：120
6、文件名：e:\Net_03.Personal\Net_Project.DosORM\Project\Dos.ORM\Dos.ORM.Common\Helpers\LogHelper.cs
7、详细信息：数据操作
    日志描述：对【公司管理】进行“查询”操作
    操作人员：[0ad06755-9fde-4ddd-9dcb-448462155a02]
    操作地址：/MsSys/Company/GetList
    操作结果：操作成功
    操作描述：数据查询成功！
    IP地址：192.168.1.100
    浏览器：Chrome 53.0
    操作系统：Windows 10
    记录时间：2016 09 16 11:07:08:0373
    详细数据：【{"LogId":"59aad8cc-3b96-4ee8-875e-d726f4e203b4","LogTypeId":101,"LogTypeName":"数据操作","CompanyId":null,"DataId":null,"OptUserId":"0ad06755-9fde-4ddd-9dcb-448462155a02","OptUserName":null,"OptTime":"2016-09-16 11:07:08","OptModuleName":"公司管理","OptModulePath":"/MsSys/Company/GetList","OptTypeId":1003,"OptTypeName":"查询","OptResultId":100,"OptResultName":"操作成功","OptSystem":"Windows 10","Browser":"Chrome 53.0","IP":"192.168.1.100","Mac":"B8:76:3F:1F:BC:40","Desc":"数据查询成功！","Status":1}】

#############################################################################

1、时间：2016-09-16 11:07:11,068
2、优先级别：INFO
3、线程ID：64
4、耗时：32197
5、行号：120
6、文件名：e:\Net_03.Personal\Net_Project.DosORM\Project\Dos.ORM\Dos.ORM.Common\Helpers\LogHelper.cs
7、详细信息：数据操作
    日志描述：对【公司管理】进行“查询”操作
    操作人员：[0ad06755-9fde-4ddd-9dcb-448462155a02]
    操作地址：/MsSys/Company/GetList
    操作结果：操作成功
    操作描述：数据查询成功！
    IP地址：192.168.1.100
    浏览器：Chrome 53.0
    操作系统：Windows 10
    记录时间：2016 09 16 11:07:11:0449
    详细数据：【{"LogId":"71d27faf-8390-45c5-998f-15ad5a15de2a","LogTypeId":101,"LogTypeName":"数据操作","CompanyId":null,"DataId":null,"OptUserId":"0ad06755-9fde-4ddd-9dcb-448462155a02","OptUserName":null,"OptTime":"2016-09-16 11:07:11","OptModuleName":"公司管理","OptModulePath":"/MsSys/Company/GetList","OptTypeId":1003,"OptTypeName":"查询","OptResultId":100,"OptResultName":"操作成功","OptSystem":"Windows 10","Browser":"Chrome 53.0","IP":"192.168.1.100","Mac":"B8:76:3F:1F:BC:40","Desc":"数据查询成功！","Status":1}】

#############################################################################

1、时间：2016-09-16 11:07:13,374
2、优先级别：INFO
3、线程ID：59
4、耗时：34503
5、行号：120
6、文件名：e:\Net_03.Personal\Net_Project.DosORM\Project\Dos.ORM\Dos.ORM.Common\Helpers\LogHelper.cs
7、详细信息：数据操作
    日志描述：对【公司管理】进行“查询”操作
    操作人员：[0ad06755-9fde-4ddd-9dcb-448462155a02]
    操作地址：/MsSys/Company/GetList
    操作结果：操作成功
    操作描述：数据查询成功！
    IP地址：192.168.1.100
    浏览器：Chrome 53.0
    操作系统：Windows 10
    记录时间：2016 09 16 11:07:13:3536
    详细数据：【{"LogId":"dbc51826-9132-4b67-8da5-2ea511e7002a","LogTypeId":101,"LogTypeName":"数据操作","CompanyId":null,"DataId":null,"OptUserId":"0ad06755-9fde-4ddd-9dcb-448462155a02","OptUserName":null,"OptTime":"2016-09-16 11:07:13","OptModuleName":"公司管理","OptModulePath":"/MsSys/Company/GetList","OptTypeId":1003,"OptTypeName":"查询","OptResultId":100,"OptResultName":"操作成功","OptSystem":"Windows 10","Browser":"Chrome 53.0","IP":"192.168.1.100","Mac":"B8:76:3F:1F:BC:40","Desc":"数据查询成功！","Status":1}】

#############################################################################

1、时间：2016-09-16 11:07:17,215
2、优先级别：INFO
3、线程ID：56
4、耗时：38343
5、行号：120
6、文件名：e:\Net_03.Personal\Net_Project.DosORM\Project\Dos.ORM\Dos.ORM.Common\Helpers\LogHelper.cs
7、详细信息：数据操作
    日志描述：对【公司管理】进行“查询”操作
    操作人员：[0ad06755-9fde-4ddd-9dcb-448462155a02]
    操作地址：/MsSys/Company/GetList
    操作结果：操作成功
    操作描述：数据查询成功！
    IP地址：192.168.1.100
    浏览器：Chrome 53.0
    操作系统：Windows 10
    记录时间：2016 09 16 11:07:17:1921
    详细数据：【{"LogId":"a4119519-49b8-46cd-89f2-ce852e40af4b","LogTypeId":101,"LogTypeName":"数据操作","CompanyId":null,"DataId":null,"OptUserId":"0ad06755-9fde-4ddd-9dcb-448462155a02","OptUserName":null,"OptTime":"2016-09-16 11:07:17","OptModuleName":"公司管理","OptModulePath":"/MsSys/Company/GetList","OptTypeId":1003,"OptTypeName":"查询","OptResultId":100,"OptResultName":"操作成功","OptSystem":"Windows 10","Browser":"Chrome 53.0","IP":"192.168.1.100","Mac":"B8:76:3F:1F:BC:40","Desc":"数据查询成功！","Status":1}】

#############################################################################

1、时间：2016-09-16 11:07:18,709
2、优先级别：INFO
3、线程ID：59
4、耗时：39838
5、行号：120
6、文件名：e:\Net_03.Personal\Net_Project.DosORM\Project\Dos.ORM\Dos.ORM.Common\Helpers\LogHelper.cs
7、详细信息：数据操作
    日志描述：对【公司管理】进行“查询”操作
    操作人员：[0ad06755-9fde-4ddd-9dcb-448462155a02]
    操作地址：/MsSys/Company/GetList
    操作结果：操作成功
    操作描述：数据查询成功！
    IP地址：192.168.1.100
    浏览器：Chrome 53.0
    操作系统：Windows 10
    记录时间：2016 09 16 11:07:18:6865
    详细数据：【{"LogId":"e1ba706e-1318-4904-bfa5-1db2aa31af78","LogTypeId":101,"LogTypeName":"数据操作","CompanyId":null,"DataId":null,"OptUserId":"0ad06755-9fde-4ddd-9dcb-448462155a02","OptUserName":null,"OptTime":"2016-09-16 11:07:18","OptModuleName":"公司管理","OptModulePath":"/MsSys/Company/GetList","OptTypeId":1003,"OptTypeName":"查询","OptResultId":100,"OptResultName":"操作成功","OptSystem":"Windows 10","Browser":"Chrome 53.0","IP":"192.168.1.100","Mac":"B8:76:3F:1F:BC:40","Desc":"数据查询成功！","Status":1}】

#############################################################################

1、时间：2016-09-16 11:07:21,328
2、优先级别：INFO
3、线程ID：62
4、耗时：42457
5、行号：120
6、文件名：e:\Net_03.Personal\Net_Project.DosORM\Project\Dos.ORM\Dos.ORM.Common\Helpers\LogHelper.cs
7、详细信息：数据操作
    日志描述：对【公司管理】进行“查询”操作
    操作人员：[0ad06755-9fde-4ddd-9dcb-448462155a02]
    操作地址：/MsSys/Company/GetList
    操作结果：操作成功
    操作描述：数据查询成功！
    IP地址：192.168.1.100
    浏览器：Chrome 53.0
    操作系统：Windows 10
    记录时间：2016 09 16 11:07:21:3058
    详细数据：【{"LogId":"6f3443be-febc-45bd-822b-8ea471d06f9d","LogTypeId":101,"LogTypeName":"数据操作","CompanyId":null,"DataId":null,"OptUserId":"0ad06755-9fde-4ddd-9dcb-448462155a02","OptUserName":null,"OptTime":"2016-09-16 11:07:21","OptModuleName":"公司管理","OptModulePath":"/MsSys/Company/GetList","OptTypeId":1003,"OptTypeName":"查询","OptResultId":100,"OptResultName":"操作成功","OptSystem":"Windows 10","Browser":"Chrome 53.0","IP":"192.168.1.100","Mac":"B8:76:3F:1F:BC:40","Desc":"数据查询成功！","Status":1}】

#############################################################################

1、时间：2016-09-16 11:07:35,442
2、优先级别：INFO
3、线程ID：64
4、耗时：56571
5、行号：120
6、文件名：e:\Net_03.Personal\Net_Project.DosORM\Project\Dos.ORM\Dos.ORM.Common\Helpers\LogHelper.cs
7、详细信息：数据操作
    日志描述：对【公司管理】进行“查询”操作
    操作人员：[0ad06755-9fde-4ddd-9dcb-448462155a02]
    操作地址：/MsSys/Company/GetList
    操作结果：操作成功
    操作描述：数据查询成功！
    IP地址：192.168.1.100
    浏览器：Chrome 53.0
    操作系统：Windows 10
    记录时间：2016 09 16 11:07:35:4205
    详细数据：【{"LogId":"5fc7766a-1a57-47e4-9423-b3d0a243a69d","LogTypeId":101,"LogTypeName":"数据操作","CompanyId":null,"DataId":null,"OptUserId":"0ad06755-9fde-4ddd-9dcb-448462155a02","OptUserName":null,"OptTime":"2016-09-16 11:07:35","OptModuleName":"公司管理","OptModulePath":"/MsSys/Company/GetList","OptTypeId":1003,"OptTypeName":"查询","OptResultId":100,"OptResultName":"操作成功","OptSystem":"Windows 10","Browser":"Chrome 53.0","IP":"192.168.1.100","Mac":"B8:76:3F:1F:BC:40","Desc":"数据查询成功！","Status":1}】

#############################################################################

1、时间：2016-09-16 11:07:36,889
2、优先级别：INFO
3、线程ID：59
4、耗时：58017
5、行号：120
6、文件名：e:\Net_03.Personal\Net_Project.DosORM\Project\Dos.ORM\Dos.ORM.Common\Helpers\LogHelper.cs
7、详细信息：数据操作
    日志描述：对【公司管理】进行“查询”操作
    操作人员：[0ad06755-9fde-4ddd-9dcb-448462155a02]
    操作地址：/MsSys/Company/GetList
    操作结果：操作成功
    操作描述：数据查询成功！
    IP地址：192.168.1.100
    浏览器：Chrome 53.0
    操作系统：Windows 10
    记录时间：2016 09 16 11:07:36:8650
    详细数据：【{"LogId":"e716bc1f-c1b1-4f93-987f-153a9f82185c","LogTypeId":101,"LogTypeName":"数据操作","CompanyId":null,"DataId":null,"OptUserId":"0ad06755-9fde-4ddd-9dcb-448462155a02","OptUserName":null,"OptTime":"2016-09-16 11:07:36","OptModuleName":"公司管理","OptModulePath":"/MsSys/Company/GetList","OptTypeId":1003,"OptTypeName":"查询","OptResultId":100,"OptResultName":"操作成功","OptSystem":"Windows 10","Browser":"Chrome 53.0","IP":"192.168.1.100","Mac":"B8:76:3F:1F:BC:40","Desc":"数据查询成功！","Status":1}】

#############################################################################

1、时间：2016-09-16 11:07:38,778
2、优先级别：INFO
3、线程ID：62
4、耗时：59907
5、行号：120
6、文件名：e:\Net_03.Personal\Net_Project.DosORM\Project\Dos.ORM\Dos.ORM.Common\Helpers\LogHelper.cs
7、详细信息：数据操作
    日志描述：对【部门管理】进行“查询”操作
    操作人员：[0ad06755-9fde-4ddd-9dcb-448462155a02]
    操作地址：/MsSys/Department/GetList
    操作结果：操作成功
    操作描述：数据查询成功！
    IP地址：192.168.1.100
    浏览器：Chrome 53.0
    操作系统：Windows 10
    记录时间：2016 09 16 11:07:38:7529
    详细数据：【{"LogId":"a16305d9-84c3-4639-b00e-5b1656cc30ad","LogTypeId":101,"LogTypeName":"数据操作","CompanyId":null,"DataId":null,"OptUserId":"0ad06755-9fde-4ddd-9dcb-448462155a02","OptUserName":null,"OptTime":"2016-09-16 11:07:38","OptModuleName":"部门管理","OptModulePath":"/MsSys/Department/GetList","OptTypeId":1003,"OptTypeName":"查询","OptResultId":100,"OptResultName":"操作成功","OptSystem":"Windows 10","Browser":"Chrome 53.0","IP":"192.168.1.100","Mac":"B8:76:3F:1F:BC:40","Desc":"数据查询成功！","Status":1}】

#############################################################################

1、时间：2016-09-16 11:07:51,097
2、优先级别：INFO
3、线程ID：64
4、耗时：72226
5、行号：120
6、文件名：e:\Net_03.Personal\Net_Project.DosORM\Project\Dos.ORM\Dos.ORM.Common\Helpers\LogHelper.cs
7、详细信息：数据操作
    日志描述：对【部门管理】进行“查询”操作
    操作人员：[0ad06755-9fde-4ddd-9dcb-448462155a02]
    操作地址：/MsSys/Department/GetList
    操作结果：操作成功
    操作描述：数据查询成功！
    IP地址：192.168.1.100
    浏览器：Chrome 53.0
    操作系统：Windows 10
    记录时间：2016 09 16 11:07:51:0757
    详细数据：【{"LogId":"4188edf8-02c1-48fe-81e5-81f421af1748","LogTypeId":101,"LogTypeName":"数据操作","CompanyId":null,"DataId":null,"OptUserId":"0ad06755-9fde-4ddd-9dcb-448462155a02","OptUserName":null,"OptTime":"2016-09-16 11:07:51","OptModuleName":"部门管理","OptModulePath":"/MsSys/Department/GetList","OptTypeId":1003,"OptTypeName":"查询","OptResultId":100,"OptResultName":"操作成功","OptSystem":"Windows 10","Browser":"Chrome 53.0","IP":"192.168.1.100","Mac":"B8:76:3F:1F:BC:40","Desc":"数据查询成功！","Status":1}】

#############################################################################

1、时间：2016-09-16 11:07:52,379
2、优先级别：INFO
3、线程ID：59
4、耗时：73507
5、行号：120
6、文件名：e:\Net_03.Personal\Net_Project.DosORM\Project\Dos.ORM\Dos.ORM.Common\Helpers\LogHelper.cs
7、详细信息：数据操作
    日志描述：对【部门管理】进行“查询”操作
    操作人员：[0ad06755-9fde-4ddd-9dcb-448462155a02]
    操作地址：/MsSys/Department/GetList
    操作结果：操作成功
    操作描述：数据查询成功！
    IP地址：192.168.1.100
    浏览器：Chrome 53.0
    操作系统：Windows 10
    记录时间：2016 09 16 11:07:52:3565
    详细数据：【{"LogId":"7ef80866-ec99-43a5-a84c-311010bbe9d9","LogTypeId":101,"LogTypeName":"数据操作","CompanyId":null,"DataId":null,"OptUserId":"0ad06755-9fde-4ddd-9dcb-448462155a02","OptUserName":null,"OptTime":"2016-09-16 11:07:52","OptModuleName":"部门管理","OptModulePath":"/MsSys/Department/GetList","OptTypeId":1003,"OptTypeName":"查询","OptResultId":100,"OptResultName":"操作成功","OptSystem":"Windows 10","Browser":"Chrome 53.0","IP":"192.168.1.100","Mac":"B8:76:3F:1F:BC:40","Desc":"数据查询成功！","Status":1}】

#############################################################################

1、时间：2016-09-16 11:07:52,562
2、优先级别：INFO
3、线程ID：62
4、耗时：73691
5、行号：120
6、文件名：e:\Net_03.Personal\Net_Project.DosORM\Project\Dos.ORM\Dos.ORM.Common\Helpers\LogHelper.cs
7、详细信息：数据操作
    日志描述：对【部门管理】进行“查询”操作
    操作人员：[0ad06755-9fde-4ddd-9dcb-448462155a02]
    操作地址：/MsSys/Department/GetList
    操作结果：操作成功
    操作描述：数据查询成功！
    IP地址：192.168.1.100
    浏览器：Chrome 53.0
    操作系统：Windows 10
    记录时间：2016 09 16 11:07:52:5409
    详细数据：【{"LogId":"408d2eae-f749-40de-b4a7-1afa5685f4bd","LogTypeId":101,"LogTypeName":"数据操作","CompanyId":null,"DataId":null,"OptUserId":"0ad06755-9fde-4ddd-9dcb-448462155a02","OptUserName":null,"OptTime":"2016-09-16 11:07:52","OptModuleName":"部门管理","OptModulePath":"/MsSys/Department/GetList","OptTypeId":1003,"OptTypeName":"查询","OptResultId":100,"OptResultName":"操作成功","OptSystem":"Windows 10","Browser":"Chrome 53.0","IP":"192.168.1.100","Mac":"B8:76:3F:1F:BC:40","Desc":"数据查询成功！","Status":1}】

#############################################################################

1、时间：2016-09-16 11:07:52,798
2、优先级别：INFO
3、线程ID：64
4、耗时：73927
5、行号：120
6、文件名：e:\Net_03.Personal\Net_Project.DosORM\Project\Dos.ORM\Dos.ORM.Common\Helpers\LogHelper.cs
7、详细信息：数据操作
    日志描述：对【部门管理】进行“查询”操作
    操作人员：[0ad06755-9fde-4ddd-9dcb-448462155a02]
    操作地址：/MsSys/Department/GetList
    操作结果：操作成功
    操作描述：数据查询成功！
    IP地址：192.168.1.100
    浏览器：Chrome 53.0
    操作系统：Windows 10
    记录时间：2016 09 16 11:07:52:7734
    详细数据：【{"LogId":"319be230-8203-4329-a665-96784ee0406c","LogTypeId":101,"LogTypeName":"数据操作","CompanyId":null,"DataId":null,"OptUserId":"0ad06755-9fde-4ddd-9dcb-448462155a02","OptUserName":null,"OptTime":"2016-09-16 11:07:52","OptModuleName":"部门管理","OptModulePath":"/MsSys/Department/GetList","OptTypeId":1003,"OptTypeName":"查询","OptResultId":100,"OptResultName":"操作成功","OptSystem":"Windows 10","Browser":"Chrome 53.0","IP":"192.168.1.100","Mac":"B8:76:3F:1F:BC:40","Desc":"数据查询成功！","Status":1}】

#############################################################################

1、时间：2016-09-16 11:07:53,214
2、优先级别：INFO
3、线程ID：56
4、耗时：74343
5、行号：120
6、文件名：e:\Net_03.Personal\Net_Project.DosORM\Project\Dos.ORM\Dos.ORM.Common\Helpers\LogHelper.cs
7、详细信息：数据操作
    日志描述：对【部门管理】进行“查询”操作
    操作人员：[0ad06755-9fde-4ddd-9dcb-448462155a02]
    操作地址：/MsSys/Department/GetList
    操作结果：操作成功
    操作描述：数据查询成功！
    IP地址：192.168.1.100
    浏览器：Chrome 53.0
    操作系统：Windows 10
    记录时间：2016 09 16 11:07:53:1904
    详细数据：【{"LogId":"e2467adb-88ad-40d3-acd6-8211c586232d","LogTypeId":101,"LogTypeName":"数据操作","CompanyId":null,"DataId":null,"OptUserId":"0ad06755-9fde-4ddd-9dcb-448462155a02","OptUserName":null,"OptTime":"2016-09-16 11:07:53","OptModuleName":"部门管理","OptModulePath":"/MsSys/Department/GetList","OptTypeId":1003,"OptTypeName":"查询","OptResultId":100,"OptResultName":"操作成功","OptSystem":"Windows 10","Browser":"Chrome 53.0","IP":"192.168.1.100","Mac":"B8:76:3F:1F:BC:40","Desc":"数据查询成功！","Status":1}】

#############################################################################

1、时间：2016-09-16 11:07:55,693
2、优先级别：INFO
3、线程ID：64
4、耗时：76822
5、行号：120
6、文件名：e:\Net_03.Personal\Net_Project.DosORM\Project\Dos.ORM\Dos.ORM.Common\Helpers\LogHelper.cs
7、详细信息：数据操作
    日志描述：对【部门管理】进行“查询”操作
    操作人员：[0ad06755-9fde-4ddd-9dcb-448462155a02]
    操作地址：/MsSys/Department/GetList
    操作结果：操作成功
    操作描述：数据查询成功！
    IP地址：192.168.1.100
    浏览器：Chrome 53.0
    操作系统：Windows 10
    记录时间：2016 09 16 11:07:55:6711
    详细数据：【{"LogId":"1eb4daa7-5b06-45fa-a638-929b9bb7381d","LogTypeId":101,"LogTypeName":"数据操作","CompanyId":null,"DataId":null,"OptUserId":"0ad06755-9fde-4ddd-9dcb-448462155a02","OptUserName":null,"OptTime":"2016-09-16 11:07:55","OptModuleName":"部门管理","OptModulePath":"/MsSys/Department/GetList","OptTypeId":1003,"OptTypeName":"查询","OptResultId":100,"OptResultName":"操作成功","OptSystem":"Windows 10","Browser":"Chrome 53.0","IP":"192.168.1.100","Mac":"B8:76:3F:1F:BC:40","Desc":"数据查询成功！","Status":1}】

#############################################################################

1、时间：2016-09-16 11:08:00,844
2、优先级别：INFO
3、线程ID：62
4、耗时：81973
5、行号：120
6、文件名：e:\Net_03.Personal\Net_Project.DosORM\Project\Dos.ORM\Dos.ORM.Common\Helpers\LogHelper.cs
7、详细信息：数据操作
    日志描述：对【部门管理】进行“查询”操作
    操作人员：[0ad06755-9fde-4ddd-9dcb-448462155a02]
    操作地址：/MsSys/Department/GetList
    操作结果：操作成功
    操作描述：数据查询成功！
    IP地址：192.168.1.100
    浏览器：Chrome 53.0
    操作系统：Windows 10
    记录时间：2016 09 16 11:08:00:8220
    详细数据：【{"LogId":"b76ce78d-fd3f-4ca9-a76e-087eb720f627","LogTypeId":101,"LogTypeName":"数据操作","CompanyId":null,"DataId":null,"OptUserId":"0ad06755-9fde-4ddd-9dcb-448462155a02","OptUserName":null,"OptTime":"2016-09-16 11:08:00","OptModuleName":"部门管理","OptModulePath":"/MsSys/Department/GetList","OptTypeId":1003,"OptTypeName":"查询","OptResultId":100,"OptResultName":"操作成功","OptSystem":"Windows 10","Browser":"Chrome 53.0","IP":"192.168.1.100","Mac":"B8:76:3F:1F:BC:40","Desc":"数据查询成功！","Status":1}】

#############################################################################

1、时间：2016-09-16 11:08:02,257
2、优先级别：INFO
3、线程ID：62
4、耗时：83386
5、行号：120
6、文件名：e:\Net_03.Personal\Net_Project.DosORM\Project\Dos.ORM\Dos.ORM.Common\Helpers\LogHelper.cs
7、详细信息：数据操作
    日志描述：对【部门管理】进行“查询”操作
    操作人员：[0ad06755-9fde-4ddd-9dcb-448462155a02]
    操作地址：/MsSys/Department/GetList
    操作结果：操作成功
    操作描述：数据查询成功！
    IP地址：192.168.1.100
    浏览器：Chrome 53.0
    操作系统：Windows 10
    记录时间：2016 09 16 11:08:02:2349
    详细数据：【{"LogId":"737f57ff-e8cc-4ec9-a3c6-05117477530d","LogTypeId":101,"LogTypeName":"数据操作","CompanyId":null,"DataId":null,"OptUserId":"0ad06755-9fde-4ddd-9dcb-448462155a02","OptUserName":null,"OptTime":"2016-09-16 11:08:02","OptModuleName":"部门管理","OptModulePath":"/MsSys/Department/GetList","OptTypeId":1003,"OptTypeName":"查询","OptResultId":100,"OptResultName":"操作成功","OptSystem":"Windows 10","Browser":"Chrome 53.0","IP":"192.168.1.100","Mac":"B8:76:3F:1F:BC:40","Desc":"数据查询成功！","Status":1}】

#############################################################################

1、时间：2016-09-16 11:08:03,739
2、优先级别：INFO
3、线程ID：64
4、耗时：84867
5、行号：120
6、文件名：e:\Net_03.Personal\Net_Project.DosORM\Project\Dos.ORM\Dos.ORM.Common\Helpers\LogHelper.cs
7、详细信息：数据操作
    日志描述：对【部门管理】进行“查询”操作
    操作人员：[0ad06755-9fde-4ddd-9dcb-448462155a02]
    操作地址：/MsSys/Department/GetList
    操作结果：操作成功
    操作描述：数据查询成功！
    IP地址：192.168.1.100
    浏览器：Chrome 53.0
    操作系统：Windows 10
    记录时间：2016 09 16 11:08:03:7150
    详细数据：【{"LogId":"c94fb9b7-85a9-42dc-b366-e210e585db5b","LogTypeId":101,"LogTypeName":"数据操作","CompanyId":null,"DataId":null,"OptUserId":"0ad06755-9fde-4ddd-9dcb-448462155a02","OptUserName":null,"OptTime":"2016-09-16 11:08:03","OptModuleName":"部门管理","OptModulePath":"/MsSys/Department/GetList","OptTypeId":1003,"OptTypeName":"查询","OptResultId":100,"OptResultName":"操作成功","OptSystem":"Windows 10","Browser":"Chrome 53.0","IP":"192.168.1.100","Mac":"B8:76:3F:1F:BC:40","Desc":"数据查询成功！","Status":1}】

#############################################################################

1、时间：2016-09-16 11:08:06,042
2、优先级别：INFO
3、线程ID：59
4、耗时：87170
5、行号：120
6、文件名：e:\Net_03.Personal\Net_Project.DosORM\Project\Dos.ORM\Dos.ORM.Common\Helpers\LogHelper.cs
7、详细信息：数据操作
    日志描述：对【部门管理】进行“查询”操作
    操作人员：[0ad06755-9fde-4ddd-9dcb-448462155a02]
    操作地址：/MsSys/Department/GetList
    操作结果：操作成功
    操作描述：数据查询成功！
    IP地址：192.168.1.100
    浏览器：Chrome 53.0
    操作系统：Windows 10
    记录时间：2016 09 16 11:08:06:0217
    详细数据：【{"LogId":"6fb7e0c0-2b79-4276-b591-18365b32f2f2","LogTypeId":101,"LogTypeName":"数据操作","CompanyId":null,"DataId":null,"OptUserId":"0ad06755-9fde-4ddd-9dcb-448462155a02","OptUserName":null,"OptTime":"2016-09-16 11:08:06","OptModuleName":"部门管理","OptModulePath":"/MsSys/Department/GetList","OptTypeId":1003,"OptTypeName":"查询","OptResultId":100,"OptResultName":"操作成功","OptSystem":"Windows 10","Browser":"Chrome 53.0","IP":"192.168.1.100","Mac":"B8:76:3F:1F:BC:40","Desc":"数据查询成功！","Status":1}】

#############################################################################

1、时间：2016-09-16 11:10:21,100
2、优先级别：INFO
3、线程ID：76
4、耗时：222228
5、行号：120
6、文件名：e:\Net_03.Personal\Net_Project.DosORM\Project\Dos.ORM\Dos.ORM.Common\Helpers\LogHelper.cs
7、详细信息：数据操作
    日志描述：对【部门管理】进行“查询”操作
    操作人员：[0ad06755-9fde-4ddd-9dcb-448462155a02]
    操作地址：/MsSys/Department/GetList
    操作结果：操作成功
    操作描述：数据查询成功！
    IP地址：192.168.1.100
    浏览器：Chrome 53.0
    操作系统：Windows 10
    记录时间：2016 09 16 11:10:21:0760
    详细数据：【{"LogId":"bd7c7ccd-dcc9-4738-8548-84a6d597bb29","LogTypeId":101,"LogTypeName":"数据操作","CompanyId":null,"DataId":null,"OptUserId":"0ad06755-9fde-4ddd-9dcb-448462155a02","OptUserName":null,"OptTime":"2016-09-16 11:10:21","OptModuleName":"部门管理","OptModulePath":"/MsSys/Department/GetList","OptTypeId":1003,"OptTypeName":"查询","OptResultId":100,"OptResultName":"操作成功","OptSystem":"Windows 10","Browser":"Chrome 53.0","IP":"192.168.1.100","Mac":"B8:76:3F:1F:BC:40","Desc":"数据查询成功！","Status":1}】

#############################################################################

1、时间：2016-09-16 11:10:25,853
2、优先级别：INFO
3、线程ID：67
4、耗时：226981
5、行号：120
6、文件名：e:\Net_03.Personal\Net_Project.DosORM\Project\Dos.ORM\Dos.ORM.Common\Helpers\LogHelper.cs
7、详细信息：数据操作
    日志描述：对【部门管理】进行“查询”操作
    操作人员：[0ad06755-9fde-4ddd-9dcb-448462155a02]
    操作地址：/MsSys/Department/GetList
    操作结果：操作成功
    操作描述：数据查询成功！
    IP地址：192.168.1.100
    浏览器：Chrome 53.0
    操作系统：Windows 10
    记录时间：2016 09 16 11:10:25:8316
    详细数据：【{"LogId":"e3b784b6-3c4e-4ceb-8376-d33cbda22117","LogTypeId":101,"LogTypeName":"数据操作","CompanyId":null,"DataId":null,"OptUserId":"0ad06755-9fde-4ddd-9dcb-448462155a02","OptUserName":null,"OptTime":"2016-09-16 11:10:25","OptModuleName":"部门管理","OptModulePath":"/MsSys/Department/GetList","OptTypeId":1003,"OptTypeName":"查询","OptResultId":100,"OptResultName":"操作成功","OptSystem":"Windows 10","Browser":"Chrome 53.0","IP":"192.168.1.100","Mac":"B8:76:3F:1F:BC:40","Desc":"数据查询成功！","Status":1}】

#############################################################################

1、时间：2016-09-16 11:11:41,665
2、优先级别：INFO
3、线程ID：67
4、耗时：302794
5、行号：120
6、文件名：e:\Net_03.Personal\Net_Project.DosORM\Project\Dos.ORM\Dos.ORM.Common\Helpers\LogHelper.cs
7、详细信息：数据操作
    日志描述：对【角色管理】进行“查询”操作
    操作人员：[0ad06755-9fde-4ddd-9dcb-448462155a02]
    操作地址：/MsSys/Role/GetList
    操作结果：操作成功
    操作描述：数据查询成功！
    IP地址：192.168.1.100
    浏览器：Chrome 53.0
    操作系统：Windows 10
    记录时间：2016 09 16 11:11:41:5735
    详细数据：【{"LogId":"5dc3034e-959a-4dc8-8235-f40f1429f52d","LogTypeId":101,"LogTypeName":"数据操作","CompanyId":null,"DataId":null,"OptUserId":"0ad06755-9fde-4ddd-9dcb-448462155a02","OptUserName":null,"OptTime":"2016-09-16 11:11:41","OptModuleName":"角色管理","OptModulePath":"/MsSys/Role/GetList","OptTypeId":1003,"OptTypeName":"查询","OptResultId":100,"OptResultName":"操作成功","OptSystem":"Windows 10","Browser":"Chrome 53.0","IP":"192.168.1.100","Mac":"B8:76:3F:1F:BC:40","Desc":"数据查询成功！","Status":1}】

#############################################################################

1、时间：2016-09-16 11:12:28,338
2、优先级别：INFO
3、线程ID：75
4、耗时：349466
5、行号：120
6、文件名：e:\Net_03.Personal\Net_Project.DosORM\Project\Dos.ORM\Dos.ORM.Common\Helpers\LogHelper.cs
7、详细信息：数据操作
    日志描述：对【管理员管理】进行“查询”操作
    操作人员：[0ad06755-9fde-4ddd-9dcb-448462155a02]
    操作地址：/MsSys/Operator/GetList
    操作结果：操作成功
    操作描述：数据查询成功！
    IP地址：192.168.1.100
    浏览器：Chrome 53.0
    操作系统：Windows 10
    记录时间：2016 09 16 11:12:28:2954
    详细数据：【{"LogId":"ee3b0bf8-a3f4-490d-bdb7-cb464d3cd999","LogTypeId":101,"LogTypeName":"数据操作","CompanyId":null,"DataId":null,"OptUserId":"0ad06755-9fde-4ddd-9dcb-448462155a02","OptUserName":null,"OptTime":"2016-09-16 11:12:28","OptModuleName":"管理员管理","OptModulePath":"/MsSys/Operator/GetList","OptTypeId":1003,"OptTypeName":"查询","OptResultId":100,"OptResultName":"操作成功","OptSystem":"Windows 10","Browser":"Chrome 53.0","IP":"192.168.1.100","Mac":"B8:76:3F:1F:BC:40","Desc":"数据查询成功！","Status":1}】

#############################################################################

1、时间：2016-09-16 11:15:48,111
2、优先级别：INFO
3、线程ID：79
4、耗时：549240
5、行号：120
6、文件名：e:\Net_03.Personal\Net_Project.DosORM\Project\Dos.ORM\Dos.ORM.Common\Helpers\LogHelper.cs
7、详细信息：数据操作
    日志描述：对【模块管理】进行“查询”操作
    操作人员：[0ad06755-9fde-4ddd-9dcb-448462155a02]
    操作地址：/MsSys/Module/GetList
    操作结果：操作成功
    操作描述：数据查询成功！
    IP地址：192.168.1.100
    浏览器：Chrome 53.0
    操作系统：Windows 10
    记录时间：2016 09 16 11:15:48:0796
    详细数据：【{"LogId":"15bf82e9-ffc7-485a-9fb2-b6cdb1286492","LogTypeId":101,"LogTypeName":"数据操作","CompanyId":null,"DataId":null,"OptUserId":"0ad06755-9fde-4ddd-9dcb-448462155a02","OptUserName":null,"OptTime":"2016-09-16 11:15:48","OptModuleName":"模块管理","OptModulePath":"/MsSys/Module/GetList","OptTypeId":1003,"OptTypeName":"查询","OptResultId":100,"OptResultName":"操作成功","OptSystem":"Windows 10","Browser":"Chrome 53.0","IP":"192.168.1.100","Mac":"B8:76:3F:1F:BC:40","Desc":"数据查询成功！","Status":1}】

#############################################################################

1、时间：2016-09-16 11:19:24,615
2、优先级别：INFO
3、线程ID：92
4、耗时：11101
5、行号：120
6、文件名：e:\Net_03.Personal\Net_Project.DosORM\Project\Dos.ORM\Dos.ORM.Common\Helpers\LogHelper.cs
7、详细信息：登录登出
    日志描述：对【登录系统】进行“登录”操作
    操作人员：[0ad06755-9fde-4ddd-9dcb-448462155a02]
    操作地址：/MsSys/Login/CheckLogin
    操作结果：登录成功
    操作描述：登录成功！
    IP地址：192.168.1.100
    浏览器：Chrome 53.0
    操作系统：Windows 10
    记录时间：2016 09 16 11:19:24:5076
    详细数据：【{"LogId":"ff372044-2000-4c81-8c71-badb4fc05a57","LogTypeId":100,"LogTypeName":"登录登出","CompanyId":null,"DataId":null,"OptUserId":"0ad06755-9fde-4ddd-9dcb-448462155a02","OptUserName":null,"OptTime":"2016-09-16 11:19:24","OptModuleName":"登录系统","OptModulePath":"/MsSys/Login/CheckLogin","OptTypeId":2001,"OptTypeName":"登录","OptResultId":300,"OptResultName":"登录成功","OptSystem":"Windows 10","Browser":"Chrome 53.0","IP":"192.168.1.100","Mac":"B8:76:3F:1F:BC:40","Desc":"登录成功！","Status":1}】

#############################################################################

1、时间：2016-09-16 11:19:32,201
2、优先级别：INFO
3、线程ID：103
4、耗时：18687
5、行号：120
6、文件名：e:\Net_03.Personal\Net_Project.DosORM\Project\Dos.ORM\Dos.ORM.Common\Helpers\LogHelper.cs
7、详细信息：数据操作
    日志描述：对【公司管理】进行“查询”操作
    操作人员：[0ad06755-9fde-4ddd-9dcb-448462155a02]
    操作地址：/MsSys/Company/GetList
    操作结果：操作成功
    操作描述：数据查询成功！
    IP地址：192.168.1.100
    浏览器：Chrome 53.0
    操作系统：Windows 10
    记录时间：2016 09 16 11:19:32:1701
    详细数据：【{"LogId":"13665ea5-8053-4c39-b573-63dfd1989ec7","LogTypeId":101,"LogTypeName":"数据操作","CompanyId":null,"DataId":null,"OptUserId":"0ad06755-9fde-4ddd-9dcb-448462155a02","OptUserName":null,"OptTime":"2016-09-16 11:19:32","OptModuleName":"公司管理","OptModulePath":"/MsSys/Company/GetList","OptTypeId":1003,"OptTypeName":"查询","OptResultId":100,"OptResultName":"操作成功","OptSystem":"Windows 10","Browser":"Chrome 53.0","IP":"192.168.1.100","Mac":"B8:76:3F:1F:BC:40","Desc":"数据查询成功！","Status":1}】

#############################################################################

1、时间：2016-09-16 11:19:36,734
2、优先级别：INFO
3、线程ID：92
4、耗时：23220
5、行号：120
6、文件名：e:\Net_03.Personal\Net_Project.DosORM\Project\Dos.ORM\Dos.ORM.Common\Helpers\LogHelper.cs
7、详细信息：数据操作
    日志描述：对【部门管理】进行“查询”操作
    操作人员：[0ad06755-9fde-4ddd-9dcb-448462155a02]
    操作地址：/MsSys/Department/GetList
    操作结果：操作成功
    操作描述：数据查询成功！
    IP地址：192.168.1.100
    浏览器：Chrome 53.0
    操作系统：Windows 10
    记录时间：2016 09 16 11:19:36:7090
    详细数据：【{"LogId":"78281f26-637a-49ea-a9e1-9c8d02be7207","LogTypeId":101,"LogTypeName":"数据操作","CompanyId":null,"DataId":null,"OptUserId":"0ad06755-9fde-4ddd-9dcb-448462155a02","OptUserName":null,"OptTime":"2016-09-16 11:19:36","OptModuleName":"部门管理","OptModulePath":"/MsSys/Department/GetList","OptTypeId":1003,"OptTypeName":"查询","OptResultId":100,"OptResultName":"操作成功","OptSystem":"Windows 10","Browser":"Chrome 53.0","IP":"192.168.1.100","Mac":"B8:76:3F:1F:BC:40","Desc":"数据查询成功！","Status":1}】

#############################################################################

1、时间：2016-09-16 11:19:39,225
2、优先级别：INFO
3、线程ID：89
4、耗时：25711
5、行号：120
6、文件名：e:\Net_03.Personal\Net_Project.DosORM\Project\Dos.ORM\Dos.ORM.Common\Helpers\LogHelper.cs
7、详细信息：数据操作
    日志描述：对【部门管理】进行“查询”操作
    操作人员：[0ad06755-9fde-4ddd-9dcb-448462155a02]
    操作地址：/MsSys/Department/GetList
    操作结果：操作成功
    操作描述：数据查询成功！
    IP地址：192.168.1.100
    浏览器：Chrome 53.0
    操作系统：Windows 10
    记录时间：2016 09 16 11:19:39:2020
    详细数据：【{"LogId":"c36151c0-7d23-48c9-a495-a62b20153a71","LogTypeId":101,"LogTypeName":"数据操作","CompanyId":null,"DataId":null,"OptUserId":"0ad06755-9fde-4ddd-9dcb-448462155a02","OptUserName":null,"OptTime":"2016-09-16 11:19:39","OptModuleName":"部门管理","OptModulePath":"/MsSys/Department/GetList","OptTypeId":1003,"OptTypeName":"查询","OptResultId":100,"OptResultName":"操作成功","OptSystem":"Windows 10","Browser":"Chrome 53.0","IP":"192.168.1.100","Mac":"B8:76:3F:1F:BC:40","Desc":"数据查询成功！","Status":1}】

#############################################################################

1、时间：2016-09-16 11:19:40,437
2、优先级别：INFO
3、线程ID：89
4、耗时：26923
5、行号：120
6、文件名：e:\Net_03.Personal\Net_Project.DosORM\Project\Dos.ORM\Dos.ORM.Common\Helpers\LogHelper.cs
7、详细信息：数据操作
    日志描述：对【部门管理】进行“查询”操作
    操作人员：[0ad06755-9fde-4ddd-9dcb-448462155a02]
    操作地址：/MsSys/Department/GetList
    操作结果：操作成功
    操作描述：数据查询成功！
    IP地址：192.168.1.100
    浏览器：Chrome 53.0
    操作系统：Windows 10
    记录时间：2016 09 16 11:19:40:4132
    详细数据：【{"LogId":"c0d95460-d08a-4f75-b5f6-5c96516f2b8e","LogTypeId":101,"LogTypeName":"数据操作","CompanyId":null,"DataId":null,"OptUserId":"0ad06755-9fde-4ddd-9dcb-448462155a02","OptUserName":null,"OptTime":"2016-09-16 11:19:40","OptModuleName":"部门管理","OptModulePath":"/MsSys/Department/GetList","OptTypeId":1003,"OptTypeName":"查询","OptResultId":100,"OptResultName":"操作成功","OptSystem":"Windows 10","Browser":"Chrome 53.0","IP":"192.168.1.100","Mac":"B8:76:3F:1F:BC:40","Desc":"数据查询成功！","Status":1}】

#############################################################################

1、时间：2016-09-16 11:19:43,517
2、优先级别：INFO
3、线程ID：92
4、耗时：30003
5、行号：120
6、文件名：e:\Net_03.Personal\Net_Project.DosORM\Project\Dos.ORM\Dos.ORM.Common\Helpers\LogHelper.cs
7、详细信息：数据操作
    日志描述：对【部门管理】进行“查询”操作
    操作人员：[0ad06755-9fde-4ddd-9dcb-448462155a02]
    操作地址：/MsSys/Department/GetList
    操作结果：操作成功
    操作描述：数据查询成功！
    IP地址：192.168.1.100
    浏览器：Chrome 53.0
    操作系统：Windows 10
    记录时间：2016 09 16 11:19:43:4824
    详细数据：【{"LogId":"d41428fb-6047-4d98-9420-0fbbed996ab9","LogTypeId":101,"LogTypeName":"数据操作","CompanyId":null,"DataId":null,"OptUserId":"0ad06755-9fde-4ddd-9dcb-448462155a02","OptUserName":null,"OptTime":"2016-09-16 11:19:43","OptModuleName":"部门管理","OptModulePath":"/MsSys/Department/GetList","OptTypeId":1003,"OptTypeName":"查询","OptResultId":100,"OptResultName":"操作成功","OptSystem":"Windows 10","Browser":"Chrome 53.0","IP":"192.168.1.100","Mac":"B8:76:3F:1F:BC:40","Desc":"数据查询成功！","Status":1}】

#############################################################################

1、时间：2016-09-16 11:19:46,546
2、优先级别：INFO
3、线程ID：92
4、耗时：33033
5、行号：120
6、文件名：e:\Net_03.Personal\Net_Project.DosORM\Project\Dos.ORM\Dos.ORM.Common\Helpers\LogHelper.cs
7、详细信息：数据操作
    日志描述：对【部门管理】进行“查询”操作
    操作人员：[0ad06755-9fde-4ddd-9dcb-448462155a02]
    操作地址：/MsSys/Department/GetList
    操作结果：操作成功
    操作描述：数据查询成功！
    IP地址：192.168.1.100
    浏览器：Chrome 53.0
    操作系统：Windows 10
    记录时间：2016 09 16 11:19:46:5179
    详细数据：【{"LogId":"9136527d-43ac-4a0e-be73-90d683c94eed","LogTypeId":101,"LogTypeName":"数据操作","CompanyId":null,"DataId":null,"OptUserId":"0ad06755-9fde-4ddd-9dcb-448462155a02","OptUserName":null,"OptTime":"2016-09-16 11:19:46","OptModuleName":"部门管理","OptModulePath":"/MsSys/Department/GetList","OptTypeId":1003,"OptTypeName":"查询","OptResultId":100,"OptResultName":"操作成功","OptSystem":"Windows 10","Browser":"Chrome 53.0","IP":"192.168.1.100","Mac":"B8:76:3F:1F:BC:40","Desc":"数据查询成功！","Status":1}】

#############################################################################

1、时间：2016-09-16 11:19:48,803
2、优先级别：INFO
3、线程ID：89
4、耗时：35289
5、行号：120
6、文件名：e:\Net_03.Personal\Net_Project.DosORM\Project\Dos.ORM\Dos.ORM.Common\Helpers\LogHelper.cs
7、详细信息：数据操作
    日志描述：对【部门管理】进行“查询”操作
    操作人员：[0ad06755-9fde-4ddd-9dcb-448462155a02]
    操作地址：/MsSys/Department/GetList
    操作结果：操作成功
    操作描述：数据查询成功！
    IP地址：192.168.1.100
    浏览器：Chrome 53.0
    操作系统：Windows 10
    记录时间：2016 09 16 11:19:48:7711
    详细数据：【{"LogId":"87dbe80d-da06-4603-a3a8-b74e0620a4c4","LogTypeId":101,"LogTypeName":"数据操作","CompanyId":null,"DataId":null,"OptUserId":"0ad06755-9fde-4ddd-9dcb-448462155a02","OptUserName":null,"OptTime":"2016-09-16 11:19:48","OptModuleName":"部门管理","OptModulePath":"/MsSys/Department/GetList","OptTypeId":1003,"OptTypeName":"查询","OptResultId":100,"OptResultName":"操作成功","OptSystem":"Windows 10","Browser":"Chrome 53.0","IP":"192.168.1.100","Mac":"B8:76:3F:1F:BC:40","Desc":"数据查询成功！","Status":1}】

#############################################################################

1、时间：2016-09-16 11:19:54,074
2、优先级别：INFO
3、线程ID：103
4、耗时：40560
5、行号：120
6、文件名：e:\Net_03.Personal\Net_Project.DosORM\Project\Dos.ORM\Dos.ORM.Common\Helpers\LogHelper.cs
7、详细信息：数据操作
    日志描述：对【角色管理】进行“查询”操作
    操作人员：[0ad06755-9fde-4ddd-9dcb-448462155a02]
    操作地址：/MsSys/Role/GetList
    操作结果：操作成功
    操作描述：数据查询成功！
    IP地址：192.168.1.100
    浏览器：Chrome 53.0
    操作系统：Windows 10
    记录时间：2016 09 16 11:19:54:0489
    详细数据：【{"LogId":"eb277a16-b7dd-4458-90e4-2bfa490d217c","LogTypeId":101,"LogTypeName":"数据操作","CompanyId":null,"DataId":null,"OptUserId":"0ad06755-9fde-4ddd-9dcb-448462155a02","OptUserName":null,"OptTime":"2016-09-16 11:19:54","OptModuleName":"角色管理","OptModulePath":"/MsSys/Role/GetList","OptTypeId":1003,"OptTypeName":"查询","OptResultId":100,"OptResultName":"操作成功","OptSystem":"Windows 10","Browser":"Chrome 53.0","IP":"192.168.1.100","Mac":"B8:76:3F:1F:BC:40","Desc":"数据查询成功！","Status":1}】

#############################################################################

1、时间：2016-09-16 11:20:00,804
2、优先级别：INFO
3、线程ID：98
4、耗时：47290
5、行号：120
6、文件名：e:\Net_03.Personal\Net_Project.DosORM\Project\Dos.ORM\Dos.ORM.Common\Helpers\LogHelper.cs
7、详细信息：数据操作
    日志描述：对【角色管理】进行“查询”操作
    操作人员：[0ad06755-9fde-4ddd-9dcb-448462155a02]
    操作地址：/MsSys/Role/GetList
    操作结果：操作成功
    操作描述：数据查询成功！
    IP地址：192.168.1.100
    浏览器：Chrome 53.0
    操作系统：Windows 10
    记录时间：2016 09 16 11:20:00:7825
    详细数据：【{"LogId":"308cb3ee-ddc1-44c1-a473-cd9fdef97a38","LogTypeId":101,"LogTypeName":"数据操作","CompanyId":null,"DataId":null,"OptUserId":"0ad06755-9fde-4ddd-9dcb-448462155a02","OptUserName":null,"OptTime":"2016-09-16 11:20:00","OptModuleName":"角色管理","OptModulePath":"/MsSys/Role/GetList","OptTypeId":1003,"OptTypeName":"查询","OptResultId":100,"OptResultName":"操作成功","OptSystem":"Windows 10","Browser":"Chrome 53.0","IP":"192.168.1.100","Mac":"B8:76:3F:1F:BC:40","Desc":"数据查询成功！","Status":1}】

#############################################################################

1、时间：2016-09-16 11:20:06,108
2、优先级别：INFO
3、线程ID：103
4、耗时：52594
5、行号：120
6、文件名：e:\Net_03.Personal\Net_Project.DosORM\Project\Dos.ORM\Dos.ORM.Common\Helpers\LogHelper.cs
7、详细信息：数据操作
    日志描述：对【角色管理】进行“查询”操作
    操作人员：[0ad06755-9fde-4ddd-9dcb-448462155a02]
    操作地址：/MsSys/Role/GetList
    操作结果：操作成功
    操作描述：数据查询成功！
    IP地址：192.168.1.100
    浏览器：Chrome 53.0
    操作系统：Windows 10
    记录时间：2016 09 16 11:20:06:0835
    详细数据：【{"LogId":"6a2f3e14-b5e6-45d9-bf80-34847baaa689","LogTypeId":101,"LogTypeName":"数据操作","CompanyId":null,"DataId":null,"OptUserId":"0ad06755-9fde-4ddd-9dcb-448462155a02","OptUserName":null,"OptTime":"2016-09-16 11:20:06","OptModuleName":"角色管理","OptModulePath":"/MsSys/Role/GetList","OptTypeId":1003,"OptTypeName":"查询","OptResultId":100,"OptResultName":"操作成功","OptSystem":"Windows 10","Browser":"Chrome 53.0","IP":"192.168.1.100","Mac":"B8:76:3F:1F:BC:40","Desc":"数据查询成功！","Status":1}】

#############################################################################

1、时间：2016-09-16 11:20:08,277
2、优先级别：INFO
3、线程ID：103
4、耗时：54763
5、行号：120
6、文件名：e:\Net_03.Personal\Net_Project.DosORM\Project\Dos.ORM\Dos.ORM.Common\Helpers\LogHelper.cs
7、详细信息：数据操作
    日志描述：对【管理员管理】进行“查询”操作
    操作人员：[0ad06755-9fde-4ddd-9dcb-448462155a02]
    操作地址：/MsSys/Operator/GetList
    操作结果：操作成功
    操作描述：数据查询成功！
    IP地址：192.168.1.100
    浏览器：Chrome 53.0
    操作系统：Windows 10
    记录时间：2016 09 16 11:20:08:2441
    详细数据：【{"LogId":"c23ea5e7-c315-455a-9dcc-e7e6b827d7b9","LogTypeId":101,"LogTypeName":"数据操作","CompanyId":null,"DataId":null,"OptUserId":"0ad06755-9fde-4ddd-9dcb-448462155a02","OptUserName":null,"OptTime":"2016-09-16 11:20:08","OptModuleName":"管理员管理","OptModulePath":"/MsSys/Operator/GetList","OptTypeId":1003,"OptTypeName":"查询","OptResultId":100,"OptResultName":"操作成功","OptSystem":"Windows 10","Browser":"Chrome 53.0","IP":"192.168.1.100","Mac":"B8:76:3F:1F:BC:40","Desc":"数据查询成功！","Status":1}】

#############################################################################

1、时间：2016-09-16 11:20:17,099
2、优先级别：INFO
3、线程ID：98
4、耗时：63585
5、行号：120
6、文件名：e:\Net_03.Personal\Net_Project.DosORM\Project\Dos.ORM\Dos.ORM.Common\Helpers\LogHelper.cs
7、详细信息：数据操作
    日志描述：对【管理员管理】进行“查询”操作
    操作人员：[0ad06755-9fde-4ddd-9dcb-448462155a02]
    操作地址：/MsSys/Operator/GetList
    操作结果：操作成功
    操作描述：数据查询成功！
    IP地址：192.168.1.100
    浏览器：Chrome 53.0
    操作系统：Windows 10
    记录时间：2016 09 16 11:20:17:0737
    详细数据：【{"LogId":"04a66308-5405-4948-a789-3a4cc4ddba55","LogTypeId":101,"LogTypeName":"数据操作","CompanyId":null,"DataId":null,"OptUserId":"0ad06755-9fde-4ddd-9dcb-448462155a02","OptUserName":null,"OptTime":"2016-09-16 11:20:17","OptModuleName":"管理员管理","OptModulePath":"/MsSys/Operator/GetList","OptTypeId":1003,"OptTypeName":"查询","OptResultId":100,"OptResultName":"操作成功","OptSystem":"Windows 10","Browser":"Chrome 53.0","IP":"192.168.1.100","Mac":"B8:76:3F:1F:BC:40","Desc":"数据查询成功！","Status":1}】

#############################################################################

1、时间：2016-09-16 11:20:18,819
2、优先级别：INFO
3、线程ID：103
4、耗时：65306
5、行号：120
6、文件名：e:\Net_03.Personal\Net_Project.DosORM\Project\Dos.ORM\Dos.ORM.Common\Helpers\LogHelper.cs
7、详细信息：数据操作
    日志描述：对【管理员管理】进行“查询”操作
    操作人员：[0ad06755-9fde-4ddd-9dcb-448462155a02]
    操作地址：/MsSys/Operator/GetList
    操作结果：操作成功
    操作描述：数据查询成功！
    IP地址：192.168.1.100
    浏览器：Chrome 53.0
    操作系统：Windows 10
    记录时间：2016 09 16 11:20:18:7965
    详细数据：【{"LogId":"c46b4662-380f-4051-a1bd-0343262f5ec5","LogTypeId":101,"LogTypeName":"数据操作","CompanyId":null,"DataId":null,"OptUserId":"0ad06755-9fde-4ddd-9dcb-448462155a02","OptUserName":null,"OptTime":"2016-09-16 11:20:18","OptModuleName":"管理员管理","OptModulePath":"/MsSys/Operator/GetList","OptTypeId":1003,"OptTypeName":"查询","OptResultId":100,"OptResultName":"操作成功","OptSystem":"Windows 10","Browser":"Chrome 53.0","IP":"192.168.1.100","Mac":"B8:76:3F:1F:BC:40","Desc":"数据查询成功！","Status":1}】

#############################################################################

1、时间：2016-09-16 11:20:20,471
2、优先级别：INFO
3、线程ID：89
4、耗时：66957
5、行号：120
6、文件名：e:\Net_03.Personal\Net_Project.DosORM\Project\Dos.ORM\Dos.ORM.Common\Helpers\LogHelper.cs
7、详细信息：数据操作
    日志描述：对【管理员管理】进行“查询”操作
    操作人员：[0ad06755-9fde-4ddd-9dcb-448462155a02]
    操作地址：/MsSys/Operator/GetList
    操作结果：操作成功
    操作描述：数据查询成功！
    IP地址：192.168.1.100
    浏览器：Chrome 53.0
    操作系统：Windows 10
    记录时间：2016 09 16 11:20:20:4476
    详细数据：【{"LogId":"7705ecc4-1a7a-440f-828d-93755b659434","LogTypeId":101,"LogTypeName":"数据操作","CompanyId":null,"DataId":null,"OptUserId":"0ad06755-9fde-4ddd-9dcb-448462155a02","OptUserName":null,"OptTime":"2016-09-16 11:20:20","OptModuleName":"管理员管理","OptModulePath":"/MsSys/Operator/GetList","OptTypeId":1003,"OptTypeName":"查询","OptResultId":100,"OptResultName":"操作成功","OptSystem":"Windows 10","Browser":"Chrome 53.0","IP":"192.168.1.100","Mac":"B8:76:3F:1F:BC:40","Desc":"数据查询成功！","Status":1}】

#############################################################################

1、时间：2016-09-16 11:20:44,444
2、优先级别：INFO
3、线程ID：92
4、耗时：90930
5、行号：120
6、文件名：e:\Net_03.Personal\Net_Project.DosORM\Project\Dos.ORM\Dos.ORM.Common\Helpers\LogHelper.cs
7、详细信息：数据操作
    日志描述：对【管理员管理】进行“查询”操作
    操作人员：[0ad06755-9fde-4ddd-9dcb-448462155a02]
    操作地址：/MsSys/Operator/GetList
    操作结果：操作成功
    操作描述：数据查询成功！
    IP地址：192.168.1.100
    浏览器：Chrome 53.0
    操作系统：Windows 10
    记录时间：2016 09 16 11:20:44:4202
    详细数据：【{"LogId":"10803e45-3c2a-4835-96c3-e2ce42081cf6","LogTypeId":101,"LogTypeName":"数据操作","CompanyId":null,"DataId":null,"OptUserId":"0ad06755-9fde-4ddd-9dcb-448462155a02","OptUserName":null,"OptTime":"2016-09-16 11:20:44","OptModuleName":"管理员管理","OptModulePath":"/MsSys/Operator/GetList","OptTypeId":1003,"OptTypeName":"查询","OptResultId":100,"OptResultName":"操作成功","OptSystem":"Windows 10","Browser":"Chrome 53.0","IP":"192.168.1.100","Mac":"B8:76:3F:1F:BC:40","Desc":"数据查询成功！","Status":1}】

#############################################################################

1、时间：2016-09-16 11:20:52,985
2、优先级别：INFO
3、线程ID：92
4、耗时：99471
5、行号：120
6、文件名：e:\Net_03.Personal\Net_Project.DosORM\Project\Dos.ORM\Dos.ORM.Common\Helpers\LogHelper.cs
7、详细信息：数据操作
    日志描述：对【管理员管理】进行“查询”操作
    操作人员：[0ad06755-9fde-4ddd-9dcb-448462155a02]
    操作地址：/MsSys/Operator/GetList
    操作结果：操作成功
    操作描述：数据查询成功！
    IP地址：192.168.1.100
    浏览器：Chrome 53.0
    操作系统：Windows 10
    记录时间：2016 09 16 11:20:52:9627
    详细数据：【{"LogId":"068fc097-670b-4de1-b0ef-35e3f4048f6d","LogTypeId":101,"LogTypeName":"数据操作","CompanyId":null,"DataId":null,"OptUserId":"0ad06755-9fde-4ddd-9dcb-448462155a02","OptUserName":null,"OptTime":"2016-09-16 11:20:52","OptModuleName":"管理员管理","OptModulePath":"/MsSys/Operator/GetList","OptTypeId":1003,"OptTypeName":"查询","OptResultId":100,"OptResultName":"操作成功","OptSystem":"Windows 10","Browser":"Chrome 53.0","IP":"192.168.1.100","Mac":"B8:76:3F:1F:BC:40","Desc":"数据查询成功！","Status":1}】

#############################################################################

1、时间：2016-09-16 11:20:59,548
2、优先级别：INFO
3、线程ID：89
4、耗时：106034
5、行号：120
6、文件名：e:\Net_03.Personal\Net_Project.DosORM\Project\Dos.ORM\Dos.ORM.Common\Helpers\LogHelper.cs
7、详细信息：数据操作
    日志描述：对【管理员管理】进行“查询”操作
    操作人员：[0ad06755-9fde-4ddd-9dcb-448462155a02]
    操作地址：/MsSys/Operator/GetList
    操作结果：操作成功
    操作描述：数据查询成功！
    IP地址：192.168.1.100
    浏览器：Chrome 53.0
    操作系统：Windows 10
    记录时间：2016 09 16 11:20:59:5211
    详细数据：【{"LogId":"836598d7-86ed-4db5-a35f-c4aef25ae24d","LogTypeId":101,"LogTypeName":"数据操作","CompanyId":null,"DataId":null,"OptUserId":"0ad06755-9fde-4ddd-9dcb-448462155a02","OptUserName":null,"OptTime":"2016-09-16 11:20:59","OptModuleName":"管理员管理","OptModulePath":"/MsSys/Operator/GetList","OptTypeId":1003,"OptTypeName":"查询","OptResultId":100,"OptResultName":"操作成功","OptSystem":"Windows 10","Browser":"Chrome 53.0","IP":"192.168.1.100","Mac":"B8:76:3F:1F:BC:40","Desc":"数据查询成功！","Status":1}】

#############################################################################

1、时间：2016-09-16 11:21:05,990
2、优先级别：INFO
3、线程ID：106
4、耗时：112477
5、行号：120
6、文件名：e:\Net_03.Personal\Net_Project.DosORM\Project\Dos.ORM\Dos.ORM.Common\Helpers\LogHelper.cs
7、详细信息：数据操作
    日志描述：对【模块管理】进行“查询”操作
    操作人员：[0ad06755-9fde-4ddd-9dcb-448462155a02]
    操作地址：/MsSys/Module/GetList
    操作结果：操作成功
    操作描述：数据查询成功！
    IP地址：192.168.1.100
    浏览器：Chrome 53.0
    操作系统：Windows 10
    记录时间：2016 09 16 11:21:05:9613
    详细数据：【{"LogId":"c3147f37-91e9-4731-9698-f4bf37686634","LogTypeId":101,"LogTypeName":"数据操作","CompanyId":null,"DataId":null,"OptUserId":"0ad06755-9fde-4ddd-9dcb-448462155a02","OptUserName":null,"OptTime":"2016-09-16 11:21:05","OptModuleName":"模块管理","OptModulePath":"/MsSys/Module/GetList","OptTypeId":1003,"OptTypeName":"查询","OptResultId":100,"OptResultName":"操作成功","OptSystem":"Windows 10","Browser":"Chrome 53.0","IP":"192.168.1.100","Mac":"B8:76:3F:1F:BC:40","Desc":"数据查询成功！","Status":1}】

#############################################################################

1、时间：2016-09-16 11:21:08,381
2、优先级别：INFO
3、线程ID：89
4、耗时：114867
5、行号：120
6、文件名：e:\Net_03.Personal\Net_Project.DosORM\Project\Dos.ORM\Dos.ORM.Common\Helpers\LogHelper.cs
7、详细信息：数据操作
    日志描述：对【模块管理】进行“查询”操作
    操作人员：[0ad06755-9fde-4ddd-9dcb-448462155a02]
    操作地址：/MsSys/Module/GetList
    操作结果：操作成功
    操作描述：数据查询成功！
    IP地址：192.168.1.100
    浏览器：Chrome 53.0
    操作系统：Windows 10
    记录时间：2016 09 16 11:21:08:3166
    详细数据：【{"LogId":"05586ebb-745b-47b4-883d-f4636ba42683","LogTypeId":101,"LogTypeName":"数据操作","CompanyId":null,"DataId":null,"OptUserId":"0ad06755-9fde-4ddd-9dcb-448462155a02","OptUserName":null,"OptTime":"2016-09-16 11:21:08","OptModuleName":"模块管理","OptModulePath":"/MsSys/Module/GetList","OptTypeId":1003,"OptTypeName":"查询","OptResultId":100,"OptResultName":"操作成功","OptSystem":"Windows 10","Browser":"Chrome 53.0","IP":"192.168.1.100","Mac":"B8:76:3F:1F:BC:40","Desc":"数据查询成功！","Status":1}】

#############################################################################

1、时间：2016-09-16 11:21:15,734
2、优先级别：INFO
3、线程ID：89
4、耗时：122220
5、行号：120
6、文件名：e:\Net_03.Personal\Net_Project.DosORM\Project\Dos.ORM\Dos.ORM.Common\Helpers\LogHelper.cs
7、详细信息：数据操作
    日志描述：对【模块管理】进行“查询”操作
    操作人员：[0ad06755-9fde-4ddd-9dcb-448462155a02]
    操作地址：/MsSys/Module/GetList
    操作结果：操作成功
    操作描述：数据查询成功！
    IP地址：192.168.1.100
    浏览器：Chrome 53.0
    操作系统：Windows 10
    记录时间：2016 09 16 11:21:15:7119
    详细数据：【{"LogId":"e834c744-9d10-41c3-948a-f6957bc925e8","LogTypeId":101,"LogTypeName":"数据操作","CompanyId":null,"DataId":null,"OptUserId":"0ad06755-9fde-4ddd-9dcb-448462155a02","OptUserName":null,"OptTime":"2016-09-16 11:21:15","OptModuleName":"模块管理","OptModulePath":"/MsSys/Module/GetList","OptTypeId":1003,"OptTypeName":"查询","OptResultId":100,"OptResultName":"操作成功","OptSystem":"Windows 10","Browser":"Chrome 53.0","IP":"192.168.1.100","Mac":"B8:76:3F:1F:BC:40","Desc":"数据查询成功！","Status":1}】

#############################################################################

1、时间：2016-09-16 11:21:20,294
2、优先级别：INFO
3、线程ID：106
4、耗时：126781
5、行号：120
6、文件名：e:\Net_03.Personal\Net_Project.DosORM\Project\Dos.ORM\Dos.ORM.Common\Helpers\LogHelper.cs
7、详细信息：数据操作
    日志描述：对【模块管理】进行“查询”操作
    操作人员：[0ad06755-9fde-4ddd-9dcb-448462155a02]
    操作地址：/MsSys/Module/GetList
    操作结果：操作成功
    操作描述：数据查询成功！
    IP地址：192.168.1.100
    浏览器：Chrome 53.0
    操作系统：Windows 10
    记录时间：2016 09 16 11:21:20:2725
    详细数据：【{"LogId":"22f03d4b-208c-4fd5-ae69-142058cbc2a8","LogTypeId":101,"LogTypeName":"数据操作","CompanyId":null,"DataId":null,"OptUserId":"0ad06755-9fde-4ddd-9dcb-448462155a02","OptUserName":null,"OptTime":"2016-09-16 11:21:20","OptModuleName":"模块管理","OptModulePath":"/MsSys/Module/GetList","OptTypeId":1003,"OptTypeName":"查询","OptResultId":100,"OptResultName":"操作成功","OptSystem":"Windows 10","Browser":"Chrome 53.0","IP":"192.168.1.100","Mac":"B8:76:3F:1F:BC:40","Desc":"数据查询成功！","Status":1}】

#############################################################################

1、时间：2016-09-16 11:21:28,485
2、优先级别：INFO
3、线程ID：98
4、耗时：134972
5、行号：120
6、文件名：e:\Net_03.Personal\Net_Project.DosORM\Project\Dos.ORM\Dos.ORM.Common\Helpers\LogHelper.cs
7、详细信息：数据操作
    日志描述：对【模块管理】进行“查询”操作
    操作人员：[0ad06755-9fde-4ddd-9dcb-448462155a02]
    操作地址：/MsSys/Module/GetList
    操作结果：操作成功
    操作描述：数据查询成功！
    IP地址：192.168.1.100
    浏览器：Chrome 53.0
    操作系统：Windows 10
    记录时间：2016 09 16 11:21:28:4662
    详细数据：【{"LogId":"b739e25b-3a5d-4890-8cae-f24e9001f6c0","LogTypeId":101,"LogTypeName":"数据操作","CompanyId":null,"DataId":null,"OptUserId":"0ad06755-9fde-4ddd-9dcb-448462155a02","OptUserName":null,"OptTime":"2016-09-16 11:21:28","OptModuleName":"模块管理","OptModulePath":"/MsSys/Module/GetList","OptTypeId":1003,"OptTypeName":"查询","OptResultId":100,"OptResultName":"操作成功","OptSystem":"Windows 10","Browser":"Chrome 53.0","IP":"192.168.1.100","Mac":"B8:76:3F:1F:BC:40","Desc":"数据查询成功！","Status":1}】

#############################################################################

1、时间：2016-09-16 11:21:33,259
2、优先级别：INFO
3、线程ID：89
4、耗时：139745
5、行号：120
6、文件名：e:\Net_03.Personal\Net_Project.DosORM\Project\Dos.ORM\Dos.ORM.Common\Helpers\LogHelper.cs
7、详细信息：数据操作
    日志描述：对【模块管理】进行“查询”操作
    操作人员：[0ad06755-9fde-4ddd-9dcb-448462155a02]
    操作地址：/MsSys/Module/GetList
    操作结果：操作成功
    操作描述：数据查询成功！
    IP地址：192.168.1.100
    浏览器：Chrome 53.0
    操作系统：Windows 10
    记录时间：2016 09 16 11:21:33:2366
    详细数据：【{"LogId":"409ba59e-cec8-4288-bcc8-a60ab194896b","LogTypeId":101,"LogTypeName":"数据操作","CompanyId":null,"DataId":null,"OptUserId":"0ad06755-9fde-4ddd-9dcb-448462155a02","OptUserName":null,"OptTime":"2016-09-16 11:21:33","OptModuleName":"模块管理","OptModulePath":"/MsSys/Module/GetList","OptTypeId":1003,"OptTypeName":"查询","OptResultId":100,"OptResultName":"操作成功","OptSystem":"Windows 10","Browser":"Chrome 53.0","IP":"192.168.1.100","Mac":"B8:76:3F:1F:BC:40","Desc":"数据查询成功！","Status":1}】

#############################################################################

1、时间：2016-09-16 11:36:21,587
2、优先级别：INFO
3、线程ID：88
4、耗时：1028073
5、行号：120
6、文件名：e:\Net_03.Personal\Net_Project.DosORM\Project\Dos.ORM\Dos.ORM.Common\Helpers\LogHelper.cs
7、详细信息：登录登出
    日志描述：对【退出系y】进行“登出”操作
    操作人员：[0ad06755-9fde-4ddd-9dcb-448462155a02]
    操作地址：/MsSys/Login/LoginOut
    操作结果：退出成功
    操作描述：系统退出成功！
    IP地址：192.168.1.100
    浏览器：Chrome 53.0
    操作系统：Windows 10
    记录时间：2016 09 16 11:36:21:5481
    详细数据：【{"LogId":"ea3291f9-c148-4856-ac74-947847319a3f","LogTypeId":100,"LogTypeName":"登录登出","CompanyId":null,"DataId":null,"OptUserId":"0ad06755-9fde-4ddd-9dcb-448462155a02","OptUserName":null,"OptTime":"2016-09-16 11:36:21","OptModuleName":"退出系y","OptModulePath":"/MsSys/Login/LoginOut","OptTypeId":2002,"OptTypeName":"登出","OptResultId":360,"OptResultName":"退出成功","OptSystem":"Windows 10","Browser":"Chrome 53.0","IP":"192.168.1.100","Mac":"B8:76:3F:1F:BC:40","Desc":"系统退出成功！","Status":1}】

#############################################################################

1、时间：2016-09-16 11:36:28,008
2、优先级别：INFO
3、线程ID：105
4、耗时：1034494
5、行号：120
6、文件名：e:\Net_03.Personal\Net_Project.DosORM\Project\Dos.ORM\Dos.ORM.Common\Helpers\LogHelper.cs
7、详细信息：登录登出
    日志描述：秦波对【登录系统】进行“登录”操作
    操作人员：秦波[0ad06755-9fde-4ddd-9dcb-448462155a03]
    操作地址：/MsSys/Login/CheckLogin
    操作结果：登录成功
    操作描述：登录成功！
    IP地址：192.168.1.100
    浏览器：Chrome 53.0
    操作系统：Windows 10
    记录时间：2016 09 16 11:36:27:9736
    详细数据：【{"LogId":"0addc1fd-3123-4782-be4e-189706d1e3bd","LogTypeId":100,"LogTypeName":"登录登出","CompanyId":"078736e6-0cc2-48dc-80f1-6330419b4af1","DataId":null,"OptUserId":"0ad06755-9fde-4ddd-9dcb-448462155a03","OptUserName":"秦波","OptTime":"2016-09-16 11:36:27","OptModuleName":"登录系统","OptModulePath":"/MsSys/Login/CheckLogin","OptTypeId":2001,"OptTypeName":"登录","OptResultId":300,"OptResultName":"登录成功","OptSystem":"Windows 10","Browser":"Chrome 53.0","IP":"192.168.1.100","Mac":"B8:76:3F:1F:BC:40","Desc":"登录成功！","Status":1}】

#############################################################################

1、时间：2016-09-16 11:40:56,160
2、优先级别：INFO
3、线程ID：73
4、耗时：1302646
5、行号：120
6、文件名：e:\Net_03.Personal\Net_Project.DosORM\Project\Dos.ORM\Dos.ORM.Common\Helpers\LogHelper.cs
7、详细信息：数据操作
    日志描述：秦波对【公司管理】进行“查询”操作
    操作人员：秦波[0ad06755-9fde-4ddd-9dcb-448462155a03]
    操作地址：/MsSys/Company/GetList
    操作结果：操作成功
    操作描述：数据查询成功！
    IP地址：192.168.1.100
    浏览器：Chrome 53.0
    操作系统：Windows 10
    记录时间：2016 09 16 11:40:56:1206
    详细数据：【{"LogId":"95bfed3c-e31b-476f-920b-89984ec12de4","LogTypeId":101,"LogTypeName":"数据操作","CompanyId":"078736e6-0cc2-48dc-80f1-6330419b4af1","DataId":null,"OptUserId":"0ad06755-9fde-4ddd-9dcb-448462155a03","OptUserName":"秦波","OptTime":"2016-09-16 11:40:56","OptModuleName":"公司管理","OptModulePath":"/MsSys/Company/GetList","OptTypeId":1003,"OptTypeName":"查询","OptResultId":100,"OptResultName":"操作成功","OptSystem":"Windows 10","Browser":"Chrome 53.0","IP":"192.168.1.100","Mac":"B8:76:3F:1F:BC:40","Desc":"数据查询成功！","Status":1}】

#############################################################################

1、时间：2016-09-16 11:41:10,421
2、优先级别：INFO
3、线程ID：91
4、耗时：1316907
5、行号：120
6、文件名：e:\Net_03.Personal\Net_Project.DosORM\Project\Dos.ORM\Dos.ORM.Common\Helpers\LogHelper.cs
7、详细信息：数据操作
    日志描述：秦波对【公司管理】进行“查询”操作
    操作人员：秦波[0ad06755-9fde-4ddd-9dcb-448462155a03]
    操作地址：/MsSys/Company/GetList
    操作结果：操作成功
    操作描述：数据查询成功！
    IP地址：192.168.1.100
    浏览器：Chrome 53.0
    操作系统：Windows 10
    记录时间：2016 09 16 11:41:10:3967
    详细数据：【{"LogId":"16886ef3-85d2-4f31-b579-427ddfd6a118","LogTypeId":101,"LogTypeName":"数据操作","CompanyId":"078736e6-0cc2-48dc-80f1-6330419b4af1","DataId":null,"OptUserId":"0ad06755-9fde-4ddd-9dcb-448462155a03","OptUserName":"秦波","OptTime":"2016-09-16 11:41:10","OptModuleName":"公司管理","OptModulePath":"/MsSys/Company/GetList","OptTypeId":1003,"OptTypeName":"查询","OptResultId":100,"OptResultName":"操作成功","OptSystem":"Windows 10","Browser":"Chrome 53.0","IP":"192.168.1.100","Mac":"B8:76:3F:1F:BC:40","Desc":"数据查询成功！","Status":1}】

#############################################################################

1、时间：2016-09-16 11:41:11,092
2、优先级别：INFO
3、线程ID：88
4、耗时：1317578
5、行号：120
6、文件名：e:\Net_03.Personal\Net_Project.DosORM\Project\Dos.ORM\Dos.ORM.Common\Helpers\LogHelper.cs
7、详细信息：数据操作
    日志描述：秦波对【公司管理】进行“查询”操作
    操作人员：秦波[0ad06755-9fde-4ddd-9dcb-448462155a03]
    操作地址：/MsSys/Company/GetList
    操作结果：操作成功
    操作描述：数据查询成功！
    IP地址：192.168.1.100
    浏览器：Chrome 53.0
    操作系统：Windows 10
    记录时间：2016 09 16 11:41:11:0696
    详细数据：【{"LogId":"7ee5294a-378e-4b5d-b715-12ffe818a07c","LogTypeId":101,"LogTypeName":"数据操作","CompanyId":"078736e6-0cc2-48dc-80f1-6330419b4af1","DataId":null,"OptUserId":"0ad06755-9fde-4ddd-9dcb-448462155a03","OptUserName":"秦波","OptTime":"2016-09-16 11:41:11","OptModuleName":"公司管理","OptModulePath":"/MsSys/Company/GetList","OptTypeId":1003,"OptTypeName":"查询","OptResultId":100,"OptResultName":"操作成功","OptSystem":"Windows 10","Browser":"Chrome 53.0","IP":"192.168.1.100","Mac":"B8:76:3F:1F:BC:40","Desc":"数据查询成功！","Status":1}】

#############################################################################

1、时间：2016-09-16 15:04:38,162
2、优先级别：INFO
3、线程ID：12
4、耗时：10524
5、行号：120
6、文件名：e:\Net_03.Personal\Net_Project.DosORM\Project\Dos.ORM\Dos.ORM.Common\Helpers\LogHelper.cs
7、详细信息：登录登出
    日志描述：秦波对【登录系统】进行“登录”操作
    操作人员：秦波[0ad06755-9fde-4ddd-9dcb-448462155a03]
    操作地址：/MsSys/Login/CheckLogin
    操作结果：登录成功
    操作描述：登录成功！
    IP地址：192.168.1.100
    浏览器：Chrome 53.0
    操作系统：Windows 10
    记录时间：2016 09 16 15:04:38:0177
    详细数据：【{"LogId":"77119571-8f81-4754-b2b7-d9899a38c1b6","LogTypeId":100,"LogTypeName":"登录登出","CompanyId":"078736e6-0cc2-48dc-80f1-6330419b4af1","DataId":null,"OptUserId":"0ad06755-9fde-4ddd-9dcb-448462155a03","OptUserName":"秦波","OptTime":"2016-09-16 15:04:38","OptModuleName":"登录系统","OptModulePath":"/MsSys/Login/CheckLogin","OptTypeId":2001,"OptTypeName":"登录","OptResultId":300,"OptResultName":"登录成功","OptSystem":"Windows 10","Browser":"Chrome 53.0","IP":"192.168.1.100","Mac":"B8:76:3F:1F:BC:40","Desc":"登录成功！","Status":1}】

#############################################################################

1、时间：2016-09-16 15:06:19,359
2、优先级别：INFO
3、线程ID：8
4、耗时：9031
5、行号：120
6、文件名：e:\Net_03.Personal\Net_Project.DosORM\Project\Dos.ORM\Dos.ORM.Common\Helpers\LogHelper.cs
7、详细信息：登录登出
    日志描述：秦波对【登录系统】进行“登录”操作
    操作人员：秦波[0ad06755-9fde-4ddd-9dcb-448462155a03]
    操作地址：/MsSys/Login/CheckLogin
    操作结果：登录成功
    操作描述：登录成功！
    IP地址：192.168.1.100
    浏览器：Chrome 53.0
    操作系统：Windows 10
    记录时间：2016 09 16 15:06:19:2517
    详细数据：【{"LogId":"db122b33-66eb-466a-b233-c92d07486062","LogTypeId":100,"LogTypeName":"登录登出","CompanyId":"078736e6-0cc2-48dc-80f1-6330419b4af1","DataId":null,"OptUserId":"0ad06755-9fde-4ddd-9dcb-448462155a03","OptUserName":"秦波","OptTime":"2016-09-16 15:06:19","OptModuleName":"登录系统","OptModulePath":"/MsSys/Login/CheckLogin","OptTypeId":2001,"OptTypeName":"登录","OptResultId":300,"OptResultName":"登录成功","OptSystem":"Windows 10","Browser":"Chrome 53.0","IP":"192.168.1.100","Mac":"B8:76:3F:1F:BC:40","Desc":"登录成功！","Status":1}】

#############################################################################

1、时间：2016-09-16 15:11:32,747
2、优先级别：INFO
3、线程ID：21
4、耗时：6950
5、行号：120
6、文件名：e:\Net_03.Personal\Net_Project.DosORM\Project\Dos.ORM\Dos.ORM.Common\Helpers\LogHelper.cs
7、详细信息：登录登出
    日志描述：秦波对【登录系统】进行“登录”操作
    操作人员：秦波[0ad06755-9fde-4ddd-9dcb-448462155a03]
    操作地址：/MsSys/Login/CheckLogin
    操作结果：登录成功
    操作描述：登录成功！
    IP地址：192.168.1.100
    浏览器：Chrome 53.0
    操作系统：Windows 10
    记录时间：2016 09 16 15:11:32:5556
    详细数据：【{"LogId":"5d44728b-8ca4-415e-861e-a4c353e9deaa","LogTypeId":100,"LogTypeName":"登录登出","CompanyId":"078736e6-0cc2-48dc-80f1-6330419b4af1","DataId":null,"OptUserId":"0ad06755-9fde-4ddd-9dcb-448462155a03","OptUserName":"秦波","OptTime":"2016-09-16 15:11:32","OptModuleName":"登录系统","OptModulePath":"/MsSys/Login/CheckLogin","OptTypeId":2001,"OptTypeName":"登录","OptResultId":300,"OptResultName":"登录成功","OptSystem":"Windows 10","Browser":"Chrome 53.0","IP":"192.168.1.100","Mac":"B8:76:3F:1F:BC:40","Desc":"登录成功！","Status":1}】

#############################################################################

1、时间：2016-09-16 15:33:04,624
2、优先级别：INFO
3、线程ID：29
4、耗时：6766
5、行号：120
6、文件名：e:\Net_03.Personal\Net_Project.DosORM\Project\Dos.ORM\Dos.ORM.Common\Helpers\LogHelper.cs
7、详细信息：登录登出
    日志描述：秦波对【登录系统】进行“登录”操作
    操作人员：秦波[0ad06755-9fde-4ddd-9dcb-448462155a03]
    操作地址：/MsSys/Login/CheckLogin
    操作结果：登录成功
    操作描述：登录成功！
    IP地址：192.168.1.100
    浏览器：Chrome 53.0
    操作系统：Windows 10
    记录时间：2016 09 16 15:33:04:4949
    详细数据：【{"LogId":"16d19eb0-64cb-4a11-ab06-c99348e2352b","LogTypeId":100,"LogTypeName":"登录登出","CompanyId":"078736e6-0cc2-48dc-80f1-6330419b4af1","DataId":null,"OptUserId":"0ad06755-9fde-4ddd-9dcb-448462155a03","OptUserName":"秦波","OptTime":"2016-09-16 15:33:04","OptModuleName":"登录系统","OptModulePath":"/MsSys/Login/CheckLogin","OptTypeId":2001,"OptTypeName":"登录","OptResultId":300,"OptResultName":"登录成功","OptSystem":"Windows 10","Browser":"Chrome 53.0","IP":"192.168.1.100","Mac":"B8:76:3F:1F:BC:40","Desc":"登录成功！","Status":1}】
