
#############################################################################

1、时间：2016-10-26 13:50:33,087
2、优先级别：INFO
3、线程ID：14
4、耗时：13937
5、行号：120
6、文件名：f:\Net_Project.DosORM\Project\Dos.ORM\Dos.ORM.Common\Helpers\LogHelper.cs
7、详细信息：登录登出
    日志描述：秦波对【登录系统】进行“登录”操作
    操作人员：秦波[0ad06755-9fde-4ddd-9dcb-448462155a03]
    操作地址：/MsSys/Login/CheckLogin
    操作结果：登录成功
    操作描述：登录成功！
    IP地址：127.0.0.1
    浏览器：Chrome 54.0
    操作系统：Windows 10
    记录时间：2016 10 26 13:50:32:1755
    详细数据：【{"LogId":"3391fcf1-1b2a-48b4-81d0-281de4ec9bf2","LogTypeId":100,"LogTypeName":"登录登出","CompanyId":"078736e6-0cc2-48dc-80f1-6330419b4af1","DataId":null,"OptUserId":"0ad06755-9fde-4ddd-9dcb-448462155a03","OptUserName":"秦波","OptTime":"2016-10-26 13:50:32","OptModuleName":"登录系统","OptModulePath":"/MsSys/Login/CheckLogin","OptTypeId":2001,"OptTypeName":"登录","OptResultId":300,"OptResultName":"登录成功","OptSystem":"Windows 10","Browser":"Chrome 54.0","IP":"127.0.0.1","Mac":"40:8D:5C:30:F1:7D","Desc":"登录成功！","Status":1}】

#############################################################################

1、时间：2016-10-26 13:50:40,903
2、优先级别：INFO
3、线程ID：14
4、耗时：21752
5、行号：120
6、文件名：f:\Net_Project.DosORM\Project\Dos.ORM\Dos.ORM.Common\Helpers\LogHelper.cs
7、详细信息：数据操作
    日志描述：秦波对【公司管理】进行“查询”操作
    操作人员：秦波[0ad06755-9fde-4ddd-9dcb-448462155a03]
    操作地址：/MsSys/Company/GetList
    操作结果：操作成功
    操作描述：数据查询成功！
    IP地址：127.0.0.1
    浏览器：Chrome 54.0
    操作系统：Windows 10
    记录时间：2016 10 26 13:50:40:8531
    详细数据：【{"LogId":"50c4cea1-9906-4eae-b4f2-68b5e627e15b","LogTypeId":101,"LogTypeName":"数据操作","CompanyId":"078736e6-0cc2-48dc-80f1-6330419b4af1","DataId":null,"OptUserId":"0ad06755-9fde-4ddd-9dcb-448462155a03","OptUserName":"秦波","OptTime":"2016-10-26 13:50:40","OptModuleName":"公司管理","OptModulePath":"/MsSys/Company/GetList","OptTypeId":1003,"OptTypeName":"查询","OptResultId":100,"OptResultName":"操作成功","OptSystem":"Windows 10","Browser":"Chrome 54.0","IP":"127.0.0.1","Mac":"40:8D:5C:30:F1:7D","Desc":"数据查询成功！","Status":1}】

#############################################################################

1、时间：2016-10-26 13:50:42,676
2、优先级别：INFO
3、线程ID：7
4、耗时：23526
5、行号：120
6、文件名：f:\Net_Project.DosORM\Project\Dos.ORM\Dos.ORM.Common\Helpers\LogHelper.cs
7、详细信息：数据操作
    日志描述：秦波对【部门管理】进行“查询”操作
    操作人员：秦波[0ad06755-9fde-4ddd-9dcb-448462155a03]
    操作地址：/MsSys/Department/GetList
    操作结果：操作成功
    操作描述：数据查询成功！
    IP地址：127.0.0.1
    浏览器：Chrome 54.0
    操作系统：Windows 10
    记录时间：2016 10 26 13:50:42:6184
    详细数据：【{"LogId":"0bc26780-f5cf-46d6-bd74-5b919d60bc01","LogTypeId":101,"LogTypeName":"数据操作","CompanyId":"078736e6-0cc2-48dc-80f1-6330419b4af1","DataId":null,"OptUserId":"0ad06755-9fde-4ddd-9dcb-448462155a03","OptUserName":"秦波","OptTime":"2016-10-26 13:50:42","OptModuleName":"部门管理","OptModulePath":"/MsSys/Department/GetList","OptTypeId":1003,"OptTypeName":"查询","OptResultId":100,"OptResultName":"操作成功","OptSystem":"Windows 10","Browser":"Chrome 54.0","IP":"127.0.0.1","Mac":"40:8D:5C:30:F1:7D","Desc":"数据查询成功！","Status":1}】

#############################################################################

1、时间：2016-10-26 13:50:44,929
2、优先级别：INFO
3、线程ID：14
4、耗时：25778
5、行号：120
6、文件名：f:\Net_Project.DosORM\Project\Dos.ORM\Dos.ORM.Common\Helpers\LogHelper.cs
7、详细信息：数据操作
    日志描述：秦波对【角色管理】进行“查询”操作
    操作人员：秦波[0ad06755-9fde-4ddd-9dcb-448462155a03]
    操作地址：/MsSys/Role/GetList
    操作结果：操作成功
    操作描述：数据查询成功！
    IP地址：127.0.0.1
    浏览器：Chrome 54.0
    操作系统：Windows 10
    记录时间：2016 10 26 13:50:44:8727
    详细数据：【{"LogId":"dd1fbb51-9f7e-448e-b431-2ec4a37bef2f","LogTypeId":101,"LogTypeName":"数据操作","CompanyId":"078736e6-0cc2-48dc-80f1-6330419b4af1","DataId":null,"OptUserId":"0ad06755-9fde-4ddd-9dcb-448462155a03","OptUserName":"秦波","OptTime":"2016-10-26 13:50:44","OptModuleName":"角色管理","OptModulePath":"/MsSys/Role/GetList","OptTypeId":1003,"OptTypeName":"查询","OptResultId":100,"OptResultName":"操作成功","OptSystem":"Windows 10","Browser":"Chrome 54.0","IP":"127.0.0.1","Mac":"40:8D:5C:30:F1:7D","Desc":"数据查询成功！","Status":1}】

#############################################################################

1、时间：2016-10-26 13:50:46,580
2、优先级别：INFO
3、线程ID：7
4、耗时：27430
5、行号：120
6、文件名：f:\Net_Project.DosORM\Project\Dos.ORM\Dos.ORM.Common\Helpers\LogHelper.cs
7、详细信息：数据操作
    日志描述：秦波对【管理员管理】进行“查询”操作
    操作人员：秦波[0ad06755-9fde-4ddd-9dcb-448462155a03]
    操作地址：/MsSys/Operator/GetList
    操作结果：操作成功
    操作描述：数据查询成功！
    IP地址：127.0.0.1
    浏览器：Chrome 54.0
    操作系统：Windows 10
    记录时间：2016 10 26 13:50:46:5187
    详细数据：【{"LogId":"ddf8179f-43f5-473e-abe8-8ccaab74675f","LogTypeId":101,"LogTypeName":"数据操作","CompanyId":"078736e6-0cc2-48dc-80f1-6330419b4af1","DataId":null,"OptUserId":"0ad06755-9fde-4ddd-9dcb-448462155a03","OptUserName":"秦波","OptTime":"2016-10-26 13:50:46","OptModuleName":"管理员管理","OptModulePath":"/MsSys/Operator/GetList","OptTypeId":1003,"OptTypeName":"查询","OptResultId":100,"OptResultName":"操作成功","OptSystem":"Windows 10","Browser":"Chrome 54.0","IP":"127.0.0.1","Mac":"40:8D:5C:30:F1:7D","Desc":"数据查询成功！","Status":1}】

#############################################################################

1、时间：2016-10-26 15:41:15,332
2、优先级别：INFO
3、线程ID：7
4、耗时：7893
5、行号：120
6、文件名：f:\Net_Project.DosORM\Project\Dos.ORM\Dos.ORM.Common\Helpers\LogHelper.cs
7、详细信息：登录登出
    日志描述：秦波对【登录系统】进行“登录”操作
    操作人员：秦波[0ad06755-9fde-4ddd-9dcb-448462155a03]
    操作地址：/MsSys/Login/CheckLogin
    操作结果：登录成功
    操作描述：登录成功！
    IP地址：127.0.0.1
    浏览器：Chrome 54.0
    操作系统：Windows 10
    记录时间：2016 10 26 15:41:15:2378
    详细数据：【{"LogId":"b83e8919-4a60-4b07-8b18-c7de907b5311","LogTypeId":100,"LogTypeName":"登录登出","CompanyId":"078736e6-0cc2-48dc-80f1-6330419b4af1","DataId":null,"OptUserId":"0ad06755-9fde-4ddd-9dcb-448462155a03","OptUserName":"秦波","OptTime":"2016-10-26 15:41:15","OptModuleName":"登录系统","OptModulePath":"/MsSys/Login/CheckLogin","OptTypeId":2001,"OptTypeName":"登录","OptResultId":300,"OptResultName":"登录成功","OptSystem":"Windows 10","Browser":"Chrome 54.0","IP":"127.0.0.1","Mac":"40:8D:5C:30:F1:7D","Desc":"登录成功！","Status":1}】

#############################################################################

1、时间：2016-10-26 15:41:22,827
2、优先级别：INFO
3、线程ID：12
4、耗时：15389
5、行号：120
6、文件名：f:\Net_Project.DosORM\Project\Dos.ORM\Dos.ORM.Common\Helpers\LogHelper.cs
7、详细信息：数据操作
    日志描述：秦波对【管理员管理】进行“查询”操作
    操作人员：秦波[0ad06755-9fde-4ddd-9dcb-448462155a03]
    操作地址：/MsSys/Operator/GetList
    操作结果：操作成功
    操作描述：数据查询成功！
    IP地址：127.0.0.1
    浏览器：Chrome 54.0
    操作系统：Windows 10
    记录时间：2016 10 26 15:41:22:8026
    详细数据：【{"LogId":"738696d2-1665-48bd-b7ac-9bfd924ad12c","LogTypeId":101,"LogTypeName":"数据操作","CompanyId":"078736e6-0cc2-48dc-80f1-6330419b4af1","DataId":null,"OptUserId":"0ad06755-9fde-4ddd-9dcb-448462155a03","OptUserName":"秦波","OptTime":"2016-10-26 15:41:22","OptModuleName":"管理员管理","OptModulePath":"/MsSys/Operator/GetList","OptTypeId":1003,"OptTypeName":"查询","OptResultId":100,"OptResultName":"操作成功","OptSystem":"Windows 10","Browser":"Chrome 54.0","IP":"127.0.0.1","Mac":"40:8D:5C:30:F1:7D","Desc":"数据查询成功！","Status":1}】

#############################################################################

1、时间：2016-10-26 16:43:42,597
2、优先级别：INFO
3、线程ID：29
4、耗时：998996
5、行号：120
6、文件名：e:\Net_03.Personal\Net_Project.DosORM\Project\Dos.ORM\Dos.ORM.Common\Helpers\LogHelper.cs
7、详细信息：登录登出
    日志描述：秦波对【登录系统】进行“登录”操作
    操作人员：秦波[0ad06755-9fde-4ddd-9dcb-448462155a03]
    操作地址：/MsSys/Login/CheckLogin
    操作结果：登录成功
    操作描述：登录成功！
    IP地址：127.0.0.1
    浏览器：Chrome 54.0
    操作系统：Windows 10
    记录时间：2016 10 26 16:43:42:4969
    详细数据：【{"LogId":"ba2c0d50-3da2-4835-9cfb-9d5f3cdfbe4d","LogTypeId":100,"LogTypeName":"登录登出","CompanyId":"078736e6-0cc2-48dc-80f1-6330419b4af1","DataId":null,"OptUserId":"0ad06755-9fde-4ddd-9dcb-448462155a03","OptUserName":"秦波","OptTime":"2016-10-26 16:43:42","OptModuleName":"登录系统","OptModulePath":"/MsSys/Login/CheckLogin","OptTypeId":2001,"OptTypeName":"登录","OptResultId":300,"OptResultName":"登录成功","OptSystem":"Windows 10","Browser":"Chrome 54.0","IP":"127.0.0.1","Mac":"40:8D:5C:30:F1:7D","Desc":"登录成功！","Status":1}】

#############################################################################

1、时间：2016-10-26 16:43:49,213
2、优先级别：INFO
3、线程ID：32
4、耗时：1005612
5、行号：120
6、文件名：e:\Net_03.Personal\Net_Project.DosORM\Project\Dos.ORM\Dos.ORM.Common\Helpers\LogHelper.cs
7、详细信息：数据操作
    日志描述：秦波对【新闻信息管理】进行“查询”操作
    操作人员：秦波[0ad06755-9fde-4ddd-9dcb-448462155a03]
    操作地址：/MsBus/NewsInfo/GetList
    操作结果：操作成功
    操作描述：数据查询成功！
    IP地址：127.0.0.1
    浏览器：Chrome 54.0
    操作系统：Windows 10
    记录时间：2016 10 26 16:43:49:1842
    详细数据：【{"LogId":"fc7d5513-2969-41b6-80ba-6f28107b10a1","LogTypeId":101,"LogTypeName":"数据操作","CompanyId":"078736e6-0cc2-48dc-80f1-6330419b4af1","DataId":null,"OptUserId":"0ad06755-9fde-4ddd-9dcb-448462155a03","OptUserName":"秦波","OptTime":"2016-10-26 16:43:49","OptModuleName":"新闻信息管理","OptModulePath":"/MsBus/NewsInfo/GetList","OptTypeId":1003,"OptTypeName":"查询","OptResultId":100,"OptResultName":"操作成功","OptSystem":"Windows 10","Browser":"Chrome 54.0","IP":"127.0.0.1","Mac":"40:8D:5C:30:F1:7D","Desc":"数据查询成功！","Status":1}】

#############################################################################

1、时间：2016-10-26 17:04:37,376
2、优先级别：INFO
3、线程ID：8
4、耗时：25104
5、行号：120
6、文件名：e:\Net_03.Personal\Net_Project.DosORM\Project\Dos.ORM\Dos.ORM.Common\Helpers\LogHelper.cs
7、详细信息：登录登出
    日志描述：秦波对【登录系统】进行“登录”操作
    操作人员：秦波[0ad06755-9fde-4ddd-9dcb-448462155a03]
    操作地址：/MsSys/Login/CheckLogin
    操作结果：登录成功
    操作描述：登录成功！
    IP地址：192.168.0.160
    浏览器：Chrome 54.0
    操作系统：Windows 10
    记录时间：2016 10 26 17:04:37:3219
    详细数据：【{"LogId":"4e21271d-988c-4553-9357-023527fdda83","LogTypeId":100,"LogTypeName":"登录登出","CompanyId":"078736e6-0cc2-48dc-80f1-6330419b4af1","DataId":null,"OptUserId":"0ad06755-9fde-4ddd-9dcb-448462155a03","OptUserName":"秦波","OptTime":"2016-10-26 17:04:37","OptModuleName":"登录系统","OptModulePath":"/MsSys/Login/CheckLogin","OptTypeId":2001,"OptTypeName":"登录","OptResultId":300,"OptResultName":"登录成功","OptSystem":"Windows 10","Browser":"Chrome 54.0","IP":"192.168.0.160","Mac":"40:8D:5C:30:F1:7D","Desc":"登录成功！","Status":1}】

#############################################################################

1、时间：2016-10-26 17:04:48,335
2、优先级别：INFO
3、线程ID：8
4、耗时：36063
5、行号：120
6、文件名：e:\Net_03.Personal\Net_Project.DosORM\Project\Dos.ORM\Dos.ORM.Common\Helpers\LogHelper.cs
7、详细信息：数据操作
    日志描述：秦波对【公司管理】进行“查询”操作
    操作人员：秦波[0ad06755-9fde-4ddd-9dcb-448462155a03]
    操作地址：/MsSys/Company/GetList
    操作结果：操作成功
    操作描述：数据查询成功！
    IP地址：192.168.0.160
    浏览器：Chrome 54.0
    操作系统：Windows 10
    记录时间：2016 10 26 17:04:48:3103
    详细数据：【{"LogId":"adc7d37a-e278-4512-920f-97f60a60b531","LogTypeId":101,"LogTypeName":"数据操作","CompanyId":"078736e6-0cc2-48dc-80f1-6330419b4af1","DataId":null,"OptUserId":"0ad06755-9fde-4ddd-9dcb-448462155a03","OptUserName":"秦波","OptTime":"2016-10-26 17:04:48","OptModuleName":"公司管理","OptModulePath":"/MsSys/Company/GetList","OptTypeId":1003,"OptTypeName":"查询","OptResultId":100,"OptResultName":"操作成功","OptSystem":"Windows 10","Browser":"Chrome 54.0","IP":"192.168.0.160","Mac":"40:8D:5C:30:F1:7D","Desc":"数据查询成功！","Status":1}】

#############################################################################

1、时间：2016-10-26 17:04:51,716
2、优先级别：INFO
3、线程ID：12
4、耗时：39445
5、行号：120
6、文件名：e:\Net_03.Personal\Net_Project.DosORM\Project\Dos.ORM\Dos.ORM.Common\Helpers\LogHelper.cs
7、详细信息：数据操作
    日志描述：秦波对【部门管理】进行“查询”操作
    操作人员：秦波[0ad06755-9fde-4ddd-9dcb-448462155a03]
    操作地址：/MsSys/Department/GetList
    操作结果：操作成功
    操作描述：数据查询成功！
    IP地址：192.168.0.160
    浏览器：Chrome 54.0
    操作系统：Windows 10
    记录时间：2016 10 26 17:04:51:7011
    详细数据：【{"LogId":"fbdb7379-78a1-4602-afe4-3c1675619771","LogTypeId":101,"LogTypeName":"数据操作","CompanyId":"078736e6-0cc2-48dc-80f1-6330419b4af1","DataId":null,"OptUserId":"0ad06755-9fde-4ddd-9dcb-448462155a03","OptUserName":"秦波","OptTime":"2016-10-26 17:04:51","OptModuleName":"部门管理","OptModulePath":"/MsSys/Department/GetList","OptTypeId":1003,"OptTypeName":"查询","OptResultId":100,"OptResultName":"操作成功","OptSystem":"Windows 10","Browser":"Chrome 54.0","IP":"192.168.0.160","Mac":"40:8D:5C:30:F1:7D","Desc":"数据查询成功！","Status":1}】

#############################################################################

1、时间：2016-10-26 17:04:59,938
2、优先级别：INFO
3、线程ID：12
4、耗时：47667
5、行号：120
6、文件名：e:\Net_03.Personal\Net_Project.DosORM\Project\Dos.ORM\Dos.ORM.Common\Helpers\LogHelper.cs
7、详细信息：登录登出
    日志描述：秦波对【退出系y】进行“登出”操作
    操作人员：秦波[0ad06755-9fde-4ddd-9dcb-448462155a03]
    操作地址：/MsSys/Login/LoginOut
    操作结果：退出成功
    操作描述：系统退出成功！
    IP地址：192.168.0.160
    浏览器：Chrome 54.0
    操作系统：Windows 10
    记录时间：2016 10 26 17:04:59:9100
    详细数据：【{"LogId":"a44066d5-543b-4511-9705-9bf5f77d3956","LogTypeId":100,"LogTypeName":"登录登出","CompanyId":"078736e6-0cc2-48dc-80f1-6330419b4af1","DataId":null,"OptUserId":"0ad06755-9fde-4ddd-9dcb-448462155a03","OptUserName":"秦波","OptTime":"2016-10-26 17:04:59","OptModuleName":"退出系y","OptModulePath":"/MsSys/Login/LoginOut","OptTypeId":2002,"OptTypeName":"登出","OptResultId":360,"OptResultName":"退出成功","OptSystem":"Windows 10","Browser":"Chrome 54.0","IP":"192.168.0.160","Mac":"40:8D:5C:30:F1:7D","Desc":"系统退出成功！","Status":1}】

#############################################################################

1、时间：2016-10-26 17:05:08,416
2、优先级别：INFO
3、线程ID：11
4、耗时：56145
5、行号：120
6、文件名：e:\Net_03.Personal\Net_Project.DosORM\Project\Dos.ORM\Dos.ORM.Common\Helpers\LogHelper.cs
7、详细信息：登录登出
    日志描述：系统管理员对【登录系统】进行“登录”操作
    操作人员：系统管理员[0ad06755-9fde-4ddd-9dcb-448462155a02]
    操作地址：/MsSys/Login/CheckLogin
    操作结果：登录成功
    操作描述：登录成功！
    IP地址：192.168.0.160
    浏览器：Chrome 54.0
    操作系统：Windows 10
    记录时间：2016 10 26 17:05:08:3832
    详细数据：【{"LogId":"4fc6131e-6078-450f-be82-627db47583b7","LogTypeId":100,"LogTypeName":"登录登出","CompanyId":null,"DataId":null,"OptUserId":"0ad06755-9fde-4ddd-9dcb-448462155a02","OptUserName":"系统管理员","OptTime":"2016-10-26 17:05:08","OptModuleName":"登录系统","OptModulePath":"/MsSys/Login/CheckLogin","OptTypeId":2001,"OptTypeName":"登录","OptResultId":300,"OptResultName":"登录成功","OptSystem":"Windows 10","Browser":"Chrome 54.0","IP":"192.168.0.160","Mac":"40:8D:5C:30:F1:7D","Desc":"登录成功！","Status":1}】

#############################################################################

1、时间：2016-10-26 17:05:13,863
2、优先级别：INFO
3、线程ID：7
4、耗时：61592
5、行号：120
6、文件名：e:\Net_03.Personal\Net_Project.DosORM\Project\Dos.ORM\Dos.ORM.Common\Helpers\LogHelper.cs
7、详细信息：数据操作
    日志描述：系统管理员对【部门管理】进行“查询”操作
    操作人员：系统管理员[0ad06755-9fde-4ddd-9dcb-448462155a02]
    操作地址：/MsSys/Department/GetList
    操作结果：操作成功
    操作描述：数据查询成功！
    IP地址：192.168.0.160
    浏览器：Chrome 54.0
    操作系统：Windows 10
    记录时间：2016 10 26 17:05:13:8473
    详细数据：【{"LogId":"050efb98-12b4-4568-9a5c-e45897fa4d78","LogTypeId":101,"LogTypeName":"数据操作","CompanyId":null,"DataId":null,"OptUserId":"0ad06755-9fde-4ddd-9dcb-448462155a02","OptUserName":"系统管理员","OptTime":"2016-10-26 17:05:13","OptModuleName":"部门管理","OptModulePath":"/MsSys/Department/GetList","OptTypeId":1003,"OptTypeName":"查询","OptResultId":100,"OptResultName":"操作成功","OptSystem":"Windows 10","Browser":"Chrome 54.0","IP":"192.168.0.160","Mac":"40:8D:5C:30:F1:7D","Desc":"数据查询成功！","Status":1}】

#############################################################################

1、时间：2016-10-26 17:05:23,644
2、优先级别：INFO
3、线程ID：7
4、耗时：71373
5、行号：120
6、文件名：e:\Net_03.Personal\Net_Project.DosORM\Project\Dos.ORM\Dos.ORM.Common\Helpers\LogHelper.cs
7、详细信息：数据操作
    日志描述：系统管理员对【角色管理】进行“查询”操作
    操作人员：系统管理员[0ad06755-9fde-4ddd-9dcb-448462155a02]
    操作地址：/MsSys/Role/GetList
    操作结果：操作成功
    操作描述：数据查询成功！
    IP地址：192.168.0.160
    浏览器：Chrome 54.0
    操作系统：Windows 10
    记录时间：2016 10 26 17:05:23:6252
    详细数据：【{"LogId":"b4404e1d-6259-4dd9-9b8f-6c66824a8dc1","LogTypeId":101,"LogTypeName":"数据操作","CompanyId":null,"DataId":null,"OptUserId":"0ad06755-9fde-4ddd-9dcb-448462155a02","OptUserName":"系统管理员","OptTime":"2016-10-26 17:05:23","OptModuleName":"角色管理","OptModulePath":"/MsSys/Role/GetList","OptTypeId":1003,"OptTypeName":"查询","OptResultId":100,"OptResultName":"操作成功","OptSystem":"Windows 10","Browser":"Chrome 54.0","IP":"192.168.0.160","Mac":"40:8D:5C:30:F1:7D","Desc":"数据查询成功！","Status":1}】

#############################################################################

1、时间：2016-10-26 17:05:26,060
2、优先级别：INFO
3、线程ID：9
4、耗时：73788
5、行号：120
6、文件名：e:\Net_03.Personal\Net_Project.DosORM\Project\Dos.ORM\Dos.ORM.Common\Helpers\LogHelper.cs
7、详细信息：数据操作
    日志描述：系统管理员对【管理员管理】进行“查询”操作
    操作人员：系统管理员[0ad06755-9fde-4ddd-9dcb-448462155a02]
    操作地址：/MsSys/Operator/GetList
    操作结果：操作成功
    操作描述：数据查询成功！
    IP地址：192.168.0.160
    浏览器：Chrome 54.0
    操作系统：Windows 10
    记录时间：2016 10 26 17:05:26:0490
    详细数据：【{"LogId":"432502aa-8583-4a66-ac35-8604ddfef480","LogTypeId":101,"LogTypeName":"数据操作","CompanyId":null,"DataId":null,"OptUserId":"0ad06755-9fde-4ddd-9dcb-448462155a02","OptUserName":"系统管理员","OptTime":"2016-10-26 17:05:26","OptModuleName":"管理员管理","OptModulePath":"/MsSys/Operator/GetList","OptTypeId":1003,"OptTypeName":"查询","OptResultId":100,"OptResultName":"操作成功","OptSystem":"Windows 10","Browser":"Chrome 54.0","IP":"192.168.0.160","Mac":"40:8D:5C:30:F1:7D","Desc":"数据查询成功！","Status":1}】

#############################################################################

1、时间：2016-10-26 17:07:13,131
2、优先级别：INFO
3、线程ID：10
4、耗时：180860
5、行号：120
6、文件名：e:\Net_03.Personal\Net_Project.DosORM\Project\Dos.ORM\Dos.ORM.Common\Helpers\LogHelper.cs
7、详细信息：数据操作
    日志描述：系统管理员对【新闻类别管理】进行“查询”操作
    操作人员：系统管理员[0ad06755-9fde-4ddd-9dcb-448462155a02]
    操作地址：/MsBus/NewsType/GetList
    操作结果：操作成功
    操作描述：数据查询成功！
    IP地址：192.168.0.160
    浏览器：Chrome 53.0
    操作系统：Windows 10
    记录时间：2016 10 26 17:07:13:0977
    详细数据：【{"LogId":"54359493-d3d1-47ee-aff7-c889e85d1e69","LogTypeId":101,"LogTypeName":"数据操作","CompanyId":null,"DataId":null,"OptUserId":"0ad06755-9fde-4ddd-9dcb-448462155a02","OptUserName":"系统管理员","OptTime":"2016-10-26 17:07:13","OptModuleName":"新闻类别管理","OptModulePath":"/MsBus/NewsType/GetList","OptTypeId":1003,"OptTypeName":"查询","OptResultId":100,"OptResultName":"操作成功","OptSystem":"Windows 10","Browser":"Chrome 53.0","IP":"192.168.0.160","Mac":"40:8D:5C:30:F1:7D","Desc":"数据查询成功！","Status":1}】

#############################################################################

1、时间：2016-10-26 17:07:16,623
2、优先级别：INFO
3、线程ID：19
4、耗时：184352
5、行号：120
6、文件名：e:\Net_03.Personal\Net_Project.DosORM\Project\Dos.ORM\Dos.ORM.Common\Helpers\LogHelper.cs
7、详细信息：数据操作
    日志描述：系统管理员对【新闻信息管理】进行“查询”操作
    操作人员：系统管理员[0ad06755-9fde-4ddd-9dcb-448462155a02]
    操作地址：/MsBus/NewsInfo/GetList
    操作结果：操作成功
    操作描述：数据查询成功！
    IP地址：192.168.0.160
    浏览器：Chrome 53.0
    操作系统：Windows 10
    记录时间：2016 10 26 17:07:16:5713
    详细数据：【{"LogId":"37937c4b-423a-4423-a100-fe6fb365c75c","LogTypeId":101,"LogTypeName":"数据操作","CompanyId":null,"DataId":null,"OptUserId":"0ad06755-9fde-4ddd-9dcb-448462155a02","OptUserName":"系统管理员","OptTime":"2016-10-26 17:07:16","OptModuleName":"新闻信息管理","OptModulePath":"/MsBus/NewsInfo/GetList","OptTypeId":1003,"OptTypeName":"查询","OptResultId":100,"OptResultName":"操作成功","OptSystem":"Windows 10","Browser":"Chrome 53.0","IP":"192.168.0.160","Mac":"40:8D:5C:30:F1:7D","Desc":"数据查询成功！","Status":1}】
