
#############################################################################

1、时间：2016-09-23 09:04:31,589
2、优先级别：INFO
3、线程ID：17
4、耗时：373476
5、行号：120
6、文件名：f:\Net_Project.DosORM\Project\Dos.ORM\Dos.ORM.Common\Helpers\LogHelper.cs
7、详细信息：登录登出
    日志描述：秦波对【登录系统】进行“登录”操作
    操作人员：秦波[0ad06755-9fde-4ddd-9dcb-448462155a03]
    操作地址：/MsSys/Login/CheckLogin
    操作结果：登录成功
    操作描述：登录成功！
    IP地址：192.168.0.200
    浏览器：Chrome 53.0
    操作系统：Windows 10
    记录时间：2016 09 23 09:04:31:3393
    详细数据：【{"LogId":"8549eeb2-af1d-4993-be0b-f7fb255e4fc0","LogTypeId":100,"LogTypeName":"登录登出","CompanyId":"078736e6-0cc2-48dc-80f1-6330419b4af1","DataId":null,"OptUserId":"0ad06755-9fde-4ddd-9dcb-448462155a03","OptUserName":"秦波","OptTime":"2016-09-23 09:04:31","OptModuleName":"登录系统","OptModulePath":"/MsSys/Login/CheckLogin","OptTypeId":2001,"OptTypeName":"登录","OptResultId":300,"OptResultName":"登录成功","OptSystem":"Windows 10","Browser":"Chrome 53.0","IP":"192.168.0.200","Mac":"40:8D:5C:30:F1:7D","Desc":"登录成功！","Status":1}】

#############################################################################

1、时间：2016-09-23 09:27:00,425
2、优先级别：INFO
3、线程ID：12
4、耗时：19856
5、行号：120
6、文件名：f:\Net_Project.DosORM\Project\Dos.ORM\Dos.ORM.Common\Helpers\LogHelper.cs
7、详细信息：登录登出
    日志描述：秦波对【登录系统】进行“登录”操作
    操作人员：秦波[0ad06755-9fde-4ddd-9dcb-448462155a03]
    操作地址：/MsSys/Login/CheckLogin
    操作结果：登录成功
    操作描述：登录成功！
    IP地址：192.168.0.200
    浏览器：Chrome 53.0
    操作系统：Windows 10
    记录时间：2016 09 23 09:27:00:2971
    详细数据：【{"LogId":"ac6409c8-4524-4e99-8aea-51bcc06af732","LogTypeId":100,"LogTypeName":"登录登出","CompanyId":"078736e6-0cc2-48dc-80f1-6330419b4af1","DataId":null,"OptUserId":"0ad06755-9fde-4ddd-9dcb-448462155a03","OptUserName":"秦波","OptTime":"2016-09-23 09:27:00","OptModuleName":"登录系统","OptModulePath":"/MsSys/Login/CheckLogin","OptTypeId":2001,"OptTypeName":"登录","OptResultId":300,"OptResultName":"登录成功","OptSystem":"Windows 10","Browser":"Chrome 53.0","IP":"192.168.0.200","Mac":"40:8D:5C:30:F1:7D","Desc":"登录成功！","Status":1}】

#############################################################################

1、时间：2016-09-23 10:29:33,141
2、优先级别：INFO
3、线程ID：14
4、耗时：13889
5、行号：120
6、文件名：f:\Net_Project.DosORM\Project\Dos.ORM\Dos.ORM.Common\Helpers\LogHelper.cs
7、详细信息：登录登出
    日志描述：秦波对【登录系统】进行“登录”操作
    操作人员：秦波[0ad06755-9fde-4ddd-9dcb-448462155a03]
    操作地址：/MsSys/Login/CheckLogin
    操作结果：登录成功
    操作描述：登录成功！
    IP地址：192.168.0.200
    浏览器：Chrome 53.0
    操作系统：Windows 10
    记录时间：2016 09 23 10:29:32:9529
    详细数据：【{"LogId":"47fd3a1c-f4b1-4cde-b0ac-0c1af660a5ce","LogTypeId":100,"LogTypeName":"登录登出","CompanyId":"078736e6-0cc2-48dc-80f1-6330419b4af1","DataId":null,"OptUserId":"0ad06755-9fde-4ddd-9dcb-448462155a03","OptUserName":"秦波","OptTime":"2016-09-23 10:29:32","OptModuleName":"登录系统","OptModulePath":"/MsSys/Login/CheckLogin","OptTypeId":2001,"OptTypeName":"登录","OptResultId":300,"OptResultName":"登录成功","OptSystem":"Windows 10","Browser":"Chrome 53.0","IP":"192.168.0.200","Mac":"40:8D:5C:30:F1:7D","Desc":"登录成功！","Status":1}】

#############################################################################

1、时间：2016-09-23 10:29:41,748
2、优先级别：INFO
3、线程ID：11
4、耗时：22497
5、行号：120
6、文件名：f:\Net_Project.DosORM\Project\Dos.ORM\Dos.ORM.Common\Helpers\LogHelper.cs
7、详细信息：数据操作
    日志描述：秦波对【部门管理】进行“查询”操作
    操作人员：秦波[0ad06755-9fde-4ddd-9dcb-448462155a03]
    操作地址：/MsSys/Department/GetList
    操作结果：操作成功
    操作描述：数据查询成功！
    IP地址：192.168.0.200
    浏览器：Chrome 53.0
    操作系统：Windows 10
    记录时间：2016 09 23 10:29:41:6938
    详细数据：【{"LogId":"4afc802e-71e3-42f2-b2ec-e25c0b23b8a3","LogTypeId":101,"LogTypeName":"数据操作","CompanyId":"078736e6-0cc2-48dc-80f1-6330419b4af1","DataId":null,"OptUserId":"0ad06755-9fde-4ddd-9dcb-448462155a03","OptUserName":"秦波","OptTime":"2016-09-23 10:29:41","OptModuleName":"部门管理","OptModulePath":"/MsSys/Department/GetList","OptTypeId":1003,"OptTypeName":"查询","OptResultId":100,"OptResultName":"操作成功","OptSystem":"Windows 10","Browser":"Chrome 53.0","IP":"192.168.0.200","Mac":"40:8D:5C:30:F1:7D","Desc":"数据查询成功！","Status":1}】

#############################################################################

1、时间：2016-09-23 17:10:31,490
2、优先级别：INFO
3、线程ID：8
4、耗时：352954
5、行号：120
6、文件名：f:\Net_Project.DosORM\Project\Dos.ORM\Dos.ORM.Common\Helpers\LogHelper.cs
7、详细信息：登录登出
    日志描述：秦波对【登录系统】进行“登录”操作
    操作人员：秦波[0ad06755-9fde-4ddd-9dcb-448462155a03]
    操作地址：/MsSys/Login/CheckLogin
    操作结果：登录成功
    操作描述：登录成功！
    IP地址：192.168.0.200
    浏览器：Chrome 53.0
    操作系统：Windows 10
    记录时间：2016 09 23 17:10:30:5073
    详细数据：【{"LogId":"1f232593-81a4-4394-b3c5-7aace991635d","LogTypeId":100,"LogTypeName":"登录登出","CompanyId":"078736e6-0cc2-48dc-80f1-6330419b4af1","DataId":null,"OptUserId":"0ad06755-9fde-4ddd-9dcb-448462155a03","OptUserName":"秦波","OptTime":"2016-09-23 17:10:30","OptModuleName":"登录系统","OptModulePath":"/MsSys/Login/CheckLogin","OptTypeId":2001,"OptTypeName":"登录","OptResultId":300,"OptResultName":"登录成功","OptSystem":"Windows 10","Browser":"Chrome 53.0","IP":"192.168.0.200","Mac":"40:8D:5C:30:F1:7D","Desc":"登录成功！","Status":1}】

#############################################################################

1、时间：2016-09-23 17:11:22,068
2、优先级别：INFO
3、线程ID：7
4、耗时：403532
5、行号：120
6、文件名：f:\Net_Project.DosORM\Project\Dos.ORM\Dos.ORM.Common\Helpers\LogHelper.cs
7、详细信息：数据操作
    日志描述：秦波对【友情链接类型管理】进行“查询”操作
    操作人员：秦波[0ad06755-9fde-4ddd-9dcb-448462155a03]
    操作地址：/MsBus/LinkType/GetList
    操作结果：操作成功
    操作描述：数据查询成功！
    IP地址：192.168.0.200
    浏览器：Chrome 53.0
    操作系统：Windows 10
    记录时间：2016 09 23 17:11:22:0113
    详细数据：【{"LogId":"5290d1c5-382b-435f-864e-54b812182e50","LogTypeId":101,"LogTypeName":"数据操作","CompanyId":"078736e6-0cc2-48dc-80f1-6330419b4af1","DataId":null,"OptUserId":"0ad06755-9fde-4ddd-9dcb-448462155a03","OptUserName":"秦波","OptTime":"2016-09-23 17:11:22","OptModuleName":"友情链接类型管理","OptModulePath":"/MsBus/LinkType/GetList","OptTypeId":1003,"OptTypeName":"查询","OptResultId":100,"OptResultName":"操作成功","OptSystem":"Windows 10","Browser":"Chrome 53.0","IP":"192.168.0.200","Mac":"40:8D:5C:30:F1:7D","Desc":"数据查询成功！","Status":1}】

#############################################################################

1、时间：2016-09-23 17:11:34,114
2、优先级别：INFO
3、线程ID：12
4、耗时：415578
5、行号：120
6、文件名：f:\Net_Project.DosORM\Project\Dos.ORM\Dos.ORM.Common\Helpers\LogHelper.cs
7、详细信息：数据操作
    日志描述：秦波对【友情链接类型管理】进行“修改”操作
    数据主键：d5ad1cb4-b932-4c2e-9b14-d39b8f0ec471
    操作人员：秦波[0ad06755-9fde-4ddd-9dcb-448462155a03]
    操作地址：/MsBus/LinkType/SaveData
    操作结果：操作成功
    操作描述：数据保存成功！
    IP地址：192.168.0.200
    浏览器：Chrome 53.0
    操作系统：Windows 10
    记录时间：2016 09 23 17:11:34:1039
    详细数据：【{"LogId":"0c885a11-c26d-475a-a881-f12f0922a071","LogTypeId":101,"LogTypeName":"数据操作","CompanyId":"078736e6-0cc2-48dc-80f1-6330419b4af1","DataId":"d5ad1cb4-b932-4c2e-9b14-d39b8f0ec471","OptUserId":"0ad06755-9fde-4ddd-9dcb-448462155a03","OptUserName":"秦波","OptTime":"2016-09-23 17:11:34","OptModuleName":"友情链接类型管理","OptModulePath":"/MsBus/LinkType/SaveData","OptTypeId":1002,"OptTypeName":"修改","OptResultId":100,"OptResultName":"操作成功","OptSystem":"Windows 10","Browser":"Chrome 53.0","IP":"192.168.0.200","Mac":"40:8D:5C:30:F1:7D","Desc":"数据保存成功！","Status":1}】

#############################################################################

1、时间：2016-09-23 17:11:36,214
2、优先级别：INFO
3、线程ID：7
4、耗时：417678
5、行号：120
6、文件名：f:\Net_Project.DosORM\Project\Dos.ORM\Dos.ORM.Common\Helpers\LogHelper.cs
7、详细信息：数据操作
    日志描述：秦波对【友情链接类型管理】进行“查询”操作
    操作人员：秦波[0ad06755-9fde-4ddd-9dcb-448462155a03]
    操作地址：/MsBus/LinkType/GetList
    操作结果：操作成功
    操作描述：数据查询成功！
    IP地址：192.168.0.200
    浏览器：Chrome 53.0
    操作系统：Windows 10
    记录时间：2016 09 23 17:11:36:1841
    详细数据：【{"LogId":"650f76ef-fbd6-49d4-88a3-83c12ed51770","LogTypeId":101,"LogTypeName":"数据操作","CompanyId":"078736e6-0cc2-48dc-80f1-6330419b4af1","DataId":null,"OptUserId":"0ad06755-9fde-4ddd-9dcb-448462155a03","OptUserName":"秦波","OptTime":"2016-09-23 17:11:36","OptModuleName":"友情链接类型管理","OptModulePath":"/MsBus/LinkType/GetList","OptTypeId":1003,"OptTypeName":"查询","OptResultId":100,"OptResultName":"操作成功","OptSystem":"Windows 10","Browser":"Chrome 53.0","IP":"192.168.0.200","Mac":"40:8D:5C:30:F1:7D","Desc":"数据查询成功！","Status":1}】
