
#############################################################################

1、时间：2016-11-02 11:09:18,748
2、优先级别：INFO
3、线程ID：9
4、耗时：244073
5、行号：120
6、文件名：e:\Net_03.Personal\Net_Project.DosORM\Project\Dos.ORM\Dos.ORM.Common\Helpers\LogHelper.cs
7、详细信息：登录登出
    日志描述：秦波对【登录系统】进行“登录”操作
    操作人员：秦波[0ad06755-9fde-4ddd-9dcb-448462155a03]
    操作地址：/MsSys/Login/CheckLogin
    操作结果：登录成功
    操作描述：登录成功！
    IP地址：127.0.0.1
    浏览器：Chrome 54.0
    操作系统：Windows 10
    记录时间：2016 11 02 11:09:18:6396
    详细数据：【{"LogId":"f0ab6521-5019-4ac0-9115-e309affda97d","LogTypeId":100,"LogTypeName":"登录登出","CompanyId":"078736e6-0cc2-48dc-80f1-6330419b4af1","DataId":null,"OptUserId":"0ad06755-9fde-4ddd-9dcb-448462155a03","OptUserName":"秦波","OptTime":"2016-11-02 11:09:18","OptModuleName":"登录系统","OptModulePath":"/MsSys/Login/CheckLogin","OptTypeId":2001,"OptTypeName":"登录","OptResultId":300,"OptResultName":"登录成功","OptSystem":"Windows 10","Browser":"Chrome 54.0","IP":"127.0.0.1","Mac":"40:8D:5C:30:F1:7D","Desc":"登录成功！","Status":1}】

#############################################################################

1、时间：2016-11-02 11:09:29,410
2、优先级别：INFO
3、线程ID：18
4、耗时：254735
5、行号：120
6、文件名：e:\Net_03.Personal\Net_Project.DosORM\Project\Dos.ORM\Dos.ORM.Common\Helpers\LogHelper.cs
7、详细信息：数据操作
    日志描述：秦波对【部门管理】进行“查询”操作
    操作人员：秦波[0ad06755-9fde-4ddd-9dcb-448462155a03]
    操作地址：/MsSys/Department/GetList
    操作结果：操作成功
    操作描述：数据查询成功！
    IP地址：127.0.0.1
    浏览器：Chrome 54.0
    操作系统：Windows 10
    记录时间：2016 11 02 11:09:29:3858
    详细数据：【{"LogId":"05948471-3151-40ae-b036-4ab5df0a2bbd","LogTypeId":101,"LogTypeName":"数据操作","CompanyId":"078736e6-0cc2-48dc-80f1-6330419b4af1","DataId":null,"OptUserId":"0ad06755-9fde-4ddd-9dcb-448462155a03","OptUserName":"秦波","OptTime":"2016-11-02 11:09:29","OptModuleName":"部门管理","OptModulePath":"/MsSys/Department/GetList","OptTypeId":1003,"OptTypeName":"查询","OptResultId":100,"OptResultName":"操作成功","OptSystem":"Windows 10","Browser":"Chrome 54.0","IP":"127.0.0.1","Mac":"40:8D:5C:30:F1:7D","Desc":"数据查询成功！","Status":1}】

#############################################################################

1、时间：2016-11-02 11:10:16,925
2、优先级别：INFO
3、线程ID：10
4、耗时：302250
5、行号：120
6、文件名：e:\Net_03.Personal\Net_Project.DosORM\Project\Dos.ORM\Dos.ORM.Common\Helpers\LogHelper.cs
7、详细信息：数据操作
    日志描述：秦波对【部门管理】进行“查询”操作
    操作人员：秦波[0ad06755-9fde-4ddd-9dcb-448462155a03]
    操作地址：/MsSys/Department/GetList
    操作结果：操作成功
    操作描述：数据查询成功！
    IP地址：127.0.0.1
    浏览器：Chrome 54.0
    操作系统：Windows 10
    记录时间：2016 11 02 11:10:16:8412
    详细数据：【{"LogId":"35660995-0232-47f2-9d85-673966ad6191","LogTypeId":101,"LogTypeName":"数据操作","CompanyId":"078736e6-0cc2-48dc-80f1-6330419b4af1","DataId":null,"OptUserId":"0ad06755-9fde-4ddd-9dcb-448462155a03","OptUserName":"秦波","OptTime":"2016-11-02 11:10:16","OptModuleName":"部门管理","OptModulePath":"/MsSys/Department/GetList","OptTypeId":1003,"OptTypeName":"查询","OptResultId":100,"OptResultName":"操作成功","OptSystem":"Windows 10","Browser":"Chrome 54.0","IP":"127.0.0.1","Mac":"40:8D:5C:30:F1:7D","Desc":"数据查询成功！","Status":1}】

#############################################################################

1、时间：2016-11-02 11:10:33,200
2、优先级别：INFO
3、线程ID：7
4、耗时：318524
5、行号：120
6、文件名：e:\Net_03.Personal\Net_Project.DosORM\Project\Dos.ORM\Dos.ORM.Common\Helpers\LogHelper.cs
7、详细信息：数据操作
    日志描述：秦波对【部门管理】进行“查询”操作
    操作人员：秦波[0ad06755-9fde-4ddd-9dcb-448462155a03]
    操作地址：/MsSys/Department/GetList
    操作结果：操作成功
    操作描述：数据查询成功！
    IP地址：127.0.0.1
    浏览器：Chrome 54.0
    操作系统：Windows 10
    记录时间：2016 11 02 11:10:33:1870
    详细数据：【{"LogId":"404239f9-1497-4a07-9c8a-b39628030f70","LogTypeId":101,"LogTypeName":"数据操作","CompanyId":"078736e6-0cc2-48dc-80f1-6330419b4af1","DataId":null,"OptUserId":"0ad06755-9fde-4ddd-9dcb-448462155a03","OptUserName":"秦波","OptTime":"2016-11-02 11:10:33","OptModuleName":"部门管理","OptModulePath":"/MsSys/Department/GetList","OptTypeId":1003,"OptTypeName":"查询","OptResultId":100,"OptResultName":"操作成功","OptSystem":"Windows 10","Browser":"Chrome 54.0","IP":"127.0.0.1","Mac":"40:8D:5C:30:F1:7D","Desc":"数据查询成功！","Status":1}】
