
#############################################################################

1、时间：2016-09-03 00:08:32,626
2、优先级别：INFO
3、线程ID：61
4、耗时：11046
5、行号：120
6、文件名：f:\Net_Project.DosORM\Project\Dos.ORM\Dos.ORM.Common\Helpers\LogHelper.cs
7、详细信息：登录登出
    日志描述：秦波对【登录系统】进行“登录”操作
    操作人员：秦波[0ad06755-9fde-4ddd-9dcb-448462155a03]
    操作地址：/MsSys/Login/CheckLogin
    操作结果：登录成功
    操作描述：登录成功！
    IP地址：192.168.1.102
    浏览器：Chrome 53.0
    操作系统：Windows 10
    记录时间：2016 09 03 00:08:32:5186
    详细数据：【{"LogId":"40b6a638-8f35-43bd-90a2-7e26112bf0f1","LogTypeId":100,"CompanyId":"078736e6-0cc2-48dc-80f1-6330419b4af1","DataId":null,"OptUserId":"0ad06755-9fde-4ddd-9dcb-448462155a03","OptUserName":"秦波","OptTime":"2016-09-03 00:08:32","OptModuleName":"登录系统","OptModulePath":"/MsSys/Login/CheckLogin","OptTypeId":2001,"OptTypeName":"登录","OptResultId":300,"OptResultName":"登录成功","OptSystem":"Windows 10","Browser":"Chrome 53.0","IP":"192.168.1.102","Mac":"B8:76:3F:1F:BC:40","Desc":"登录成功！","Status":1}】

#############################################################################

1、时间：2016-09-03 00:08:47,490
2、优先级别：INFO
3、线程ID：60
4、耗时：25910
5、行号：120
6、文件名：f:\Net_Project.DosORM\Project\Dos.ORM\Dos.ORM.Common\Helpers\LogHelper.cs
7、详细信息：数据操作
    日志描述：秦波对【管理员管理】进行“查询”操作
    操作人员：秦波[0ad06755-9fde-4ddd-9dcb-448462155a03]
    操作地址：/MsSys/Operator/GetList
    操作结果：操作成功
    操作描述：数据查询成功！
    IP地址：192.168.1.102
    浏览器：Chrome 53.0
    操作系统：Windows 10
    记录时间：2016 09 03 00:08:47:4512
    详细数据：【{"LogId":"36052624-772e-4ec7-9b2b-335d80d1d679","LogTypeId":101,"CompanyId":"078736e6-0cc2-48dc-80f1-6330419b4af1","DataId":null,"OptUserId":"0ad06755-9fde-4ddd-9dcb-448462155a03","OptUserName":"秦波","OptTime":"2016-09-03 00:08:47","OptModuleName":"管理员管理","OptModulePath":"/MsSys/Operator/GetList","OptTypeId":1003,"OptTypeName":"查询","OptResultId":100,"OptResultName":"操作成功","OptSystem":"Windows 10","Browser":"Chrome 53.0","IP":"192.168.1.102","Mac":"B8:76:3F:1F:BC:40","Desc":"数据查询成功！","Status":1}】

#############################################################################

1、时间：2016-09-03 00:08:49,447
2、优先级别：INFO
3、线程ID：61
4、耗时：27867
5、行号：120
6、文件名：f:\Net_Project.DosORM\Project\Dos.ORM\Dos.ORM.Common\Helpers\LogHelper.cs
7、详细信息：数据操作
    日志描述：秦波对【部门管理】进行“查询”操作
    操作人员：秦波[0ad06755-9fde-4ddd-9dcb-448462155a03]
    操作地址：/MsSys/Department/GetList
    操作结果：操作成功
    操作描述：数据查询成功！
    IP地址：192.168.1.102
    浏览器：Chrome 53.0
    操作系统：Windows 10
    记录时间：2016 09 03 00:08:49:4217
    详细数据：【{"LogId":"bfd86dd4-9e68-456f-9480-80c1ed8b2e03","LogTypeId":101,"CompanyId":"078736e6-0cc2-48dc-80f1-6330419b4af1","DataId":null,"OptUserId":"0ad06755-9fde-4ddd-9dcb-448462155a03","OptUserName":"秦波","OptTime":"2016-09-03 00:08:49","OptModuleName":"部门管理","OptModulePath":"/MsSys/Department/GetList","OptTypeId":1003,"OptTypeName":"查询","OptResultId":100,"OptResultName":"操作成功","OptSystem":"Windows 10","Browser":"Chrome 53.0","IP":"192.168.1.102","Mac":"B8:76:3F:1F:BC:40","Desc":"数据查询成功！","Status":1}】

#############################################################################

1、时间：2016-09-03 00:09:09,487
2、优先级别：INFO
3、线程ID：68
4、耗时：47906
5、行号：120
6、文件名：f:\Net_Project.DosORM\Project\Dos.ORM\Dos.ORM.Common\Helpers\LogHelper.cs
7、详细信息：登录登出
    日志描述：秦波对【退出系y】进行“登出”操作
    操作人员：秦波[0ad06755-9fde-4ddd-9dcb-448462155a03]
    操作地址：/MsSys/Login/LoginOut
    操作结果：退出成功
    操作描述：系统退出成功！
    IP地址：192.168.1.102
    浏览器：Chrome 53.0
    操作系统：Windows 10
    记录时间：2016 09 03 00:09:09:4587
    详细数据：【{"LogId":"d3b0a1a5-835f-4ff5-a238-a1d70cd3f0fb","LogTypeId":100,"CompanyId":"078736e6-0cc2-48dc-80f1-6330419b4af1","DataId":null,"OptUserId":"0ad06755-9fde-4ddd-9dcb-448462155a03","OptUserName":"秦波","OptTime":"2016-09-03 00:09:09","OptModuleName":"退出系y","OptModulePath":"/MsSys/Login/LoginOut","OptTypeId":2002,"OptTypeName":"登出","OptResultId":360,"OptResultName":"退出成功","OptSystem":"Windows 10","Browser":"Chrome 53.0","IP":"192.168.1.102","Mac":"B8:76:3F:1F:BC:40","Desc":"系统退出成功！","Status":1}】

#############################################################################

1、时间：2016-09-03 00:09:22,000
2、优先级别：INFO
3、线程ID：69
4、耗时：60419
5、行号：120
6、文件名：f:\Net_Project.DosORM\Project\Dos.ORM\Dos.ORM.Common\Helpers\LogHelper.cs
7、详细信息：登录登出
    日志描述：对【登录系统】进行“登录”操作
    操作人员：[0ad06755-9fde-4ddd-9dcb-448462155a02]
    操作地址：/MsSys/Login/CheckLogin
    操作结果：登录成功
    操作描述：登录成功！
    IP地址：192.168.1.102
    浏览器：Chrome 53.0
    操作系统：Windows 10
    记录时间：2016 09 03 00:09:21:9743
    详细数据：【{"LogId":"f3e07c7a-5312-4d5d-8946-c412247b1957","LogTypeId":100,"CompanyId":null,"DataId":null,"OptUserId":"0ad06755-9fde-4ddd-9dcb-448462155a02","OptUserName":null,"OptTime":"2016-09-03 00:09:21","OptModuleName":"登录系统","OptModulePath":"/MsSys/Login/CheckLogin","OptTypeId":2001,"OptTypeName":"登录","OptResultId":300,"OptResultName":"登录成功","OptSystem":"Windows 10","Browser":"Chrome 53.0","IP":"192.168.1.102","Mac":"B8:76:3F:1F:BC:40","Desc":"登录成功！","Status":1}】

#############################################################################

1、时间：2016-09-03 00:09:28,576
2、优先级别：INFO
3、线程ID：64
4、耗时：66996
5、行号：120
6、文件名：f:\Net_Project.DosORM\Project\Dos.ORM\Dos.ORM.Common\Helpers\LogHelper.cs
7、详细信息：数据操作
    日志描述：对【部门管理】进行“查询”操作
    操作人员：[0ad06755-9fde-4ddd-9dcb-448462155a02]
    操作地址：/MsSys/Department/GetList
    操作结果：操作成功
    操作描述：数据查询成功！
    IP地址：192.168.1.102
    浏览器：Chrome 53.0
    操作系统：Windows 10
    记录时间：2016 09 03 00:09:28:5455
    详细数据：【{"LogId":"9e256975-7680-4675-b15a-7cd6a55982b6","LogTypeId":101,"CompanyId":null,"DataId":null,"OptUserId":"0ad06755-9fde-4ddd-9dcb-448462155a02","OptUserName":null,"OptTime":"2016-09-03 00:09:28","OptModuleName":"部门管理","OptModulePath":"/MsSys/Department/GetList","OptTypeId":1003,"OptTypeName":"查询","OptResultId":100,"OptResultName":"操作成功","OptSystem":"Windows 10","Browser":"Chrome 53.0","IP":"192.168.1.102","Mac":"B8:76:3F:1F:BC:40","Desc":"数据查询成功！","Status":1}】

#############################################################################

1、时间：2016-09-03 00:09:30,947
2、优先级别：INFO
3、线程ID：58
4、耗时：69366
5、行号：120
6、文件名：f:\Net_Project.DosORM\Project\Dos.ORM\Dos.ORM.Common\Helpers\LogHelper.cs
7、详细信息：数据操作
    日志描述：对【部门管理】进行“查询”操作
    操作人员：[0ad06755-9fde-4ddd-9dcb-448462155a02]
    操作地址：/MsSys/Department/GetList
    操作结果：操作成功
    操作描述：数据查询成功！
    IP地址：192.168.1.102
    浏览器：Chrome 53.0
    操作系统：Windows 10
    记录时间：2016 09 03 00:09:30:9273
    详细数据：【{"LogId":"ef418751-01e8-4eff-ade7-cf3ce582181c","LogTypeId":101,"CompanyId":null,"DataId":null,"OptUserId":"0ad06755-9fde-4ddd-9dcb-448462155a02","OptUserName":null,"OptTime":"2016-09-03 00:09:30","OptModuleName":"部门管理","OptModulePath":"/MsSys/Department/GetList","OptTypeId":1003,"OptTypeName":"查询","OptResultId":100,"OptResultName":"操作成功","OptSystem":"Windows 10","Browser":"Chrome 53.0","IP":"192.168.1.102","Mac":"B8:76:3F:1F:BC:40","Desc":"数据查询成功！","Status":1}】

#############################################################################

1、时间：2016-09-03 00:09:32,272
2、优先级别：INFO
3、线程ID：68
4、耗时：70691
5、行号：120
6、文件名：f:\Net_Project.DosORM\Project\Dos.ORM\Dos.ORM.Common\Helpers\LogHelper.cs
7、详细信息：数据操作
    日志描述：对【部门管理】进行“查询”操作
    操作人员：[0ad06755-9fde-4ddd-9dcb-448462155a02]
    操作地址：/MsSys/Department/GetList
    操作结果：操作成功
    操作描述：数据查询成功！
    IP地址：192.168.1.102
    浏览器：Chrome 53.0
    操作系统：Windows 10
    记录时间：2016 09 03 00:09:32:2489
    详细数据：【{"LogId":"1c56fcd0-0532-4d29-b25f-d08c911a5deb","LogTypeId":101,"CompanyId":null,"DataId":null,"OptUserId":"0ad06755-9fde-4ddd-9dcb-448462155a02","OptUserName":null,"OptTime":"2016-09-03 00:09:32","OptModuleName":"部门管理","OptModulePath":"/MsSys/Department/GetList","OptTypeId":1003,"OptTypeName":"查询","OptResultId":100,"OptResultName":"操作成功","OptSystem":"Windows 10","Browser":"Chrome 53.0","IP":"192.168.1.102","Mac":"B8:76:3F:1F:BC:40","Desc":"数据查询成功！","Status":1}】

#############################################################################

1、时间：2016-09-03 00:09:33,649
2、优先级别：INFO
3、线程ID：61
4、耗时：72068
5、行号：120
6、文件名：f:\Net_Project.DosORM\Project\Dos.ORM\Dos.ORM.Common\Helpers\LogHelper.cs
7、详细信息：数据操作
    日志描述：对【部门管理】进行“查询”操作
    操作人员：[0ad06755-9fde-4ddd-9dcb-448462155a02]
    操作地址：/MsSys/Department/GetList
    操作结果：操作成功
    操作描述：数据查询成功！
    IP地址：192.168.1.102
    浏览器：Chrome 53.0
    操作系统：Windows 10
    记录时间：2016 09 03 00:09:33:5537
    详细数据：【{"LogId":"7ee5b416-b87b-4afe-be47-b57e663b23de","LogTypeId":101,"CompanyId":null,"DataId":null,"OptUserId":"0ad06755-9fde-4ddd-9dcb-448462155a02","OptUserName":null,"OptTime":"2016-09-03 00:09:33","OptModuleName":"部门管理","OptModulePath":"/MsSys/Department/GetList","OptTypeId":1003,"OptTypeName":"查询","OptResultId":100,"OptResultName":"操作成功","OptSystem":"Windows 10","Browser":"Chrome 53.0","IP":"192.168.1.102","Mac":"B8:76:3F:1F:BC:40","Desc":"数据查询成功！","Status":1}】

#############################################################################

1、时间：2016-09-03 00:09:34,976
2、优先级别：INFO
3、线程ID：56
4、耗时：73395
5、行号：120
6、文件名：f:\Net_Project.DosORM\Project\Dos.ORM\Dos.ORM.Common\Helpers\LogHelper.cs
7、详细信息：数据操作
    日志描述：对【部门管理】进行“查询”操作
    操作人员：[0ad06755-9fde-4ddd-9dcb-448462155a02]
    操作地址：/MsSys/Department/GetList
    操作结果：操作成功
    操作描述：数据查询成功！
    IP地址：192.168.1.102
    浏览器：Chrome 53.0
    操作系统：Windows 10
    记录时间：2016 09 03 00:09:34:9552
    详细数据：【{"LogId":"b5d8de5c-2130-4279-ba6f-23da21fa5bc8","LogTypeId":101,"CompanyId":null,"DataId":null,"OptUserId":"0ad06755-9fde-4ddd-9dcb-448462155a02","OptUserName":null,"OptTime":"2016-09-03 00:09:34","OptModuleName":"部门管理","OptModulePath":"/MsSys/Department/GetList","OptTypeId":1003,"OptTypeName":"查询","OptResultId":100,"OptResultName":"操作成功","OptSystem":"Windows 10","Browser":"Chrome 53.0","IP":"192.168.1.102","Mac":"B8:76:3F:1F:BC:40","Desc":"数据查询成功！","Status":1}】

#############################################################################

1、时间：2016-09-03 00:09:46,318
2、优先级别：INFO
3、线程ID：69
4、耗时：84738
5、行号：120
6、文件名：f:\Net_Project.DosORM\Project\Dos.ORM\Dos.ORM.Common\Helpers\LogHelper.cs
7、详细信息：数据操作
    日志描述：对【部门管理】进行“查询”操作
    操作人员：[0ad06755-9fde-4ddd-9dcb-448462155a02]
    操作地址：/MsSys/Department/GetList
    操作结果：操作成功
    操作描述：数据查询成功！
    IP地址：192.168.1.102
    浏览器：Chrome 53.0
    操作系统：Windows 10
    记录时间：2016 09 03 00:09:46:2948
    详细数据：【{"LogId":"bdb69d9f-7303-4466-82f5-101d3d232242","LogTypeId":101,"CompanyId":null,"DataId":null,"OptUserId":"0ad06755-9fde-4ddd-9dcb-448462155a02","OptUserName":null,"OptTime":"2016-09-03 00:09:46","OptModuleName":"部门管理","OptModulePath":"/MsSys/Department/GetList","OptTypeId":1003,"OptTypeName":"查询","OptResultId":100,"OptResultName":"操作成功","OptSystem":"Windows 10","Browser":"Chrome 53.0","IP":"192.168.1.102","Mac":"B8:76:3F:1F:BC:40","Desc":"数据查询成功！","Status":1}】

#############################################################################

1、时间：2016-09-03 00:09:48,702
2、优先级别：INFO
3、线程ID：63
4、耗时：87121
5、行号：120
6、文件名：f:\Net_Project.DosORM\Project\Dos.ORM\Dos.ORM.Common\Helpers\LogHelper.cs
7、详细信息：数据操作
    日志描述：对【部门管理】进行“查询”操作
    操作人员：[0ad06755-9fde-4ddd-9dcb-448462155a02]
    操作地址：/MsSys/Department/GetList
    操作结果：操作成功
    操作描述：数据查询成功！
    IP地址：192.168.1.102
    浏览器：Chrome 53.0
    操作系统：Windows 10
    记录时间：2016 09 03 00:09:48:6789
    详细数据：【{"LogId":"349b5e77-d00d-4804-91f4-3eac56c246a1","LogTypeId":101,"CompanyId":null,"DataId":null,"OptUserId":"0ad06755-9fde-4ddd-9dcb-448462155a02","OptUserName":null,"OptTime":"2016-09-03 00:09:48","OptModuleName":"部门管理","OptModulePath":"/MsSys/Department/GetList","OptTypeId":1003,"OptTypeName":"查询","OptResultId":100,"OptResultName":"操作成功","OptSystem":"Windows 10","Browser":"Chrome 53.0","IP":"192.168.1.102","Mac":"B8:76:3F:1F:BC:40","Desc":"数据查询成功！","Status":1}】

#############################################################################

1、时间：2016-09-03 00:09:59,575
2、优先级别：INFO
3、线程ID：64
4、耗时：97994
5、行号：120
6、文件名：f:\Net_Project.DosORM\Project\Dos.ORM\Dos.ORM.Common\Helpers\LogHelper.cs
7、详细信息：数据操作
    日志描述：对【部门管理】进行“修改”操作
    数据主键：d6f84299-0fad-4986-a19d-40bee2224f52
    操作人员：[0ad06755-9fde-4ddd-9dcb-448462155a02]
    操作地址：/MsSys/Department/SaveData
    操作结果：操作成功
    操作描述：数据保存成功！
    IP地址：192.168.1.102
    浏览器：Chrome 53.0
    操作系统：Windows 10
    记录时间：2016 09 03 00:09:59:5470
    详细数据：【{"LogId":"98bd43c2-b861-454a-b90e-44a2ac2870d5","LogTypeId":101,"CompanyId":null,"DataId":"d6f84299-0fad-4986-a19d-40bee2224f52","OptUserId":"0ad06755-9fde-4ddd-9dcb-448462155a02","OptUserName":null,"OptTime":"2016-09-03 00:09:59","OptModuleName":"部门管理","OptModulePath":"/MsSys/Department/SaveData","OptTypeId":1002,"OptTypeName":"修改","OptResultId":100,"OptResultName":"操作成功","OptSystem":"Windows 10","Browser":"Chrome 53.0","IP":"192.168.1.102","Mac":"B8:76:3F:1F:BC:40","Desc":"数据保存成功！","Status":1}】

#############################################################################

1、时间：2016-09-03 00:10:01,727
2、优先级别：INFO
3、线程ID：68
4、耗时：100146
5、行号：120
6、文件名：f:\Net_Project.DosORM\Project\Dos.ORM\Dos.ORM.Common\Helpers\LogHelper.cs
7、详细信息：数据操作
    日志描述：对【部门管理】进行“查询”操作
    操作人员：[0ad06755-9fde-4ddd-9dcb-448462155a02]
    操作地址：/MsSys/Department/GetList
    操作结果：操作成功
    操作描述：数据查询成功！
    IP地址：192.168.1.102
    浏览器：Chrome 53.0
    操作系统：Windows 10
    记录时间：2016 09 03 00:10:01:6961
    详细数据：【{"LogId":"7ea84c61-4ede-402c-91fd-74a9b06a0cef","LogTypeId":101,"CompanyId":null,"DataId":null,"OptUserId":"0ad06755-9fde-4ddd-9dcb-448462155a02","OptUserName":null,"OptTime":"2016-09-03 00:10:01","OptModuleName":"部门管理","OptModulePath":"/MsSys/Department/GetList","OptTypeId":1003,"OptTypeName":"查询","OptResultId":100,"OptResultName":"操作成功","OptSystem":"Windows 10","Browser":"Chrome 53.0","IP":"192.168.1.102","Mac":"B8:76:3F:1F:BC:40","Desc":"数据查询成功！","Status":1}】

#############################################################################

1、时间：2016-09-03 00:10:06,940
2、优先级别：INFO
3、线程ID：58
4、耗时：105360
5、行号：120
6、文件名：f:\Net_Project.DosORM\Project\Dos.ORM\Dos.ORM.Common\Helpers\LogHelper.cs
7、详细信息：数据操作
    日志描述：对【部门管理】进行“查询”操作
    操作人员：[0ad06755-9fde-4ddd-9dcb-448462155a02]
    操作地址：/MsSys/Department/GetList
    操作结果：操作成功
    操作描述：数据查询成功！
    IP地址：192.168.1.102
    浏览器：Chrome 53.0
    操作系统：Windows 10
    记录时间：2016 09 03 00:10:06:9189
    详细数据：【{"LogId":"3c83b990-0d00-498e-bda2-4366034599e2","LogTypeId":101,"CompanyId":null,"DataId":null,"OptUserId":"0ad06755-9fde-4ddd-9dcb-448462155a02","OptUserName":null,"OptTime":"2016-09-03 00:10:06","OptModuleName":"部门管理","OptModulePath":"/MsSys/Department/GetList","OptTypeId":1003,"OptTypeName":"查询","OptResultId":100,"OptResultName":"操作成功","OptSystem":"Windows 10","Browser":"Chrome 53.0","IP":"192.168.1.102","Mac":"B8:76:3F:1F:BC:40","Desc":"数据查询成功！","Status":1}】

#############################################################################

1、时间：2016-09-03 00:10:09,550
2、优先级别：INFO
3、线程ID：56
4、耗时：107970
5、行号：120
6、文件名：f:\Net_Project.DosORM\Project\Dos.ORM\Dos.ORM.Common\Helpers\LogHelper.cs
7、详细信息：数据操作
    日志描述：对【部门管理】进行“查询”操作
    操作人员：[0ad06755-9fde-4ddd-9dcb-448462155a02]
    操作地址：/MsSys/Department/GetList
    操作结果：操作成功
    操作描述：数据查询成功！
    IP地址：192.168.1.102
    浏览器：Chrome 53.0
    操作系统：Windows 10
    记录时间：2016 09 03 00:10:09:5306
    详细数据：【{"LogId":"1bcadd0c-ef49-423b-b311-c9939dc9b8a8","LogTypeId":101,"CompanyId":null,"DataId":null,"OptUserId":"0ad06755-9fde-4ddd-9dcb-448462155a02","OptUserName":null,"OptTime":"2016-09-03 00:10:09","OptModuleName":"部门管理","OptModulePath":"/MsSys/Department/GetList","OptTypeId":1003,"OptTypeName":"查询","OptResultId":100,"OptResultName":"操作成功","OptSystem":"Windows 10","Browser":"Chrome 53.0","IP":"192.168.1.102","Mac":"B8:76:3F:1F:BC:40","Desc":"数据查询成功！","Status":1}】

#############################################################################

1、时间：2016-09-03 00:10:10,719
2、优先级别：INFO
3、线程ID：56
4、耗时：109138
5、行号：120
6、文件名：f:\Net_Project.DosORM\Project\Dos.ORM\Dos.ORM.Common\Helpers\LogHelper.cs
7、详细信息：数据操作
    日志描述：对【部门管理】进行“查询”操作
    操作人员：[0ad06755-9fde-4ddd-9dcb-448462155a02]
    操作地址：/MsSys/Department/GetList
    操作结果：操作成功
    操作描述：数据查询成功！
    IP地址：192.168.1.102
    浏览器：Chrome 53.0
    操作系统：Windows 10
    记录时间：2016 09 03 00:10:10:6945
    详细数据：【{"LogId":"c1599c9b-3ab6-4b75-b7ba-dd2a6e3116d2","LogTypeId":101,"CompanyId":null,"DataId":null,"OptUserId":"0ad06755-9fde-4ddd-9dcb-448462155a02","OptUserName":null,"OptTime":"2016-09-03 00:10:10","OptModuleName":"部门管理","OptModulePath":"/MsSys/Department/GetList","OptTypeId":1003,"OptTypeName":"查询","OptResultId":100,"OptResultName":"操作成功","OptSystem":"Windows 10","Browser":"Chrome 53.0","IP":"192.168.1.102","Mac":"B8:76:3F:1F:BC:40","Desc":"数据查询成功！","Status":1}】

#############################################################################

1、时间：2016-09-03 00:52:49,164
2、优先级别：INFO
3、线程ID：18
4、耗时：11114
5、行号：120
6、文件名：f:\Net_Project.DosORM\Project\Dos.ORM\Dos.ORM.Common\Helpers\LogHelper.cs
7、详细信息：登录登出
    日志描述：对【登录系统】进行“登录”操作
    操作人员：[0ad06755-9fde-4ddd-9dcb-448462155a02]
    操作地址：/MsSys/Login/CheckLogin
    操作结果：登录成功
    操作描述：登录成功！
    IP地址：192.168.1.102
    浏览器：Chrome 53.0
    操作系统：Windows 10
    记录时间：2016 09 03 00:52:49:0210
    详细数据：【{"LogId":"650d842a-fb85-404a-b4fa-11fb8651f8f7","LogTypeId":100,"CompanyId":null,"DataId":null,"OptUserId":"0ad06755-9fde-4ddd-9dcb-448462155a02","OptUserName":null,"OptTime":"2016-09-03 00:52:49","OptModuleName":"登录系统","OptModulePath":"/MsSys/Login/CheckLogin","OptTypeId":2001,"OptTypeName":"登录","OptResultId":300,"OptResultName":"登录成功","OptSystem":"Windows 10","Browser":"Chrome 53.0","IP":"192.168.1.102","Mac":"B8:76:3F:1F:BC:40","Desc":"登录成功！","Status":1}】

#############################################################################

1、时间：2016-09-03 12:31:30,360
2、优先级别：INFO
3、线程ID：5
4、耗时：64896
5、行号：120
6、文件名：f:\Net_Project.DosORM\Project\Dos.ORM\Dos.ORM.Common\Helpers\LogHelper.cs
7、详细信息：登录登出
    日志描述：对【登录系统】进行“登录”操作
    操作人员：[0ad06755-9fde-4ddd-9dcb-448462155a02]
    操作地址：/MsSys/Login/CheckLogin
    操作结果：登录成功
    操作描述：登录成功！
    IP地址：192.168.1.102
    浏览器：Chrome 53.0
    操作系统：Windows 10
    记录时间：2016 09 03 12:31:30:0282
    详细数据：【{"LogId":"4115739d-1a4a-4c65-bb73-9410e2525a51","LogTypeId":100,"CompanyId":null,"DataId":null,"OptUserId":"0ad06755-9fde-4ddd-9dcb-448462155a02","OptUserName":null,"OptTime":"2016-09-03 12:31:30","OptModuleName":"登录系统","OptModulePath":"/MsSys/Login/CheckLogin","OptTypeId":2001,"OptTypeName":"登录","OptResultId":300,"OptResultName":"登录成功","OptSystem":"Windows 10","Browser":"Chrome 53.0","IP":"192.168.1.102","Mac":"B8:76:3F:1F:BC:40","Desc":"登录成功！","Status":1}】

#############################################################################

1、时间：2016-09-03 12:32:01,282
2、优先级别：INFO
3、线程ID：11
4、耗时：95818
5、行号：120
6、文件名：f:\Net_Project.DosORM\Project\Dos.ORM\Dos.ORM.Common\Helpers\LogHelper.cs
7、详细信息：数据操作
    日志描述：对【部门管理】进行“查询”操作
    操作人员：[0ad06755-9fde-4ddd-9dcb-448462155a02]
    操作地址：/MsSys/Department/GetList
    操作结果：操作成功
    操作描述：数据查询成功！
    IP地址：192.168.1.102
    浏览器：Chrome 53.0
    操作系统：Windows 10
    记录时间：2016 09 03 12:32:01:2324
    详细数据：【{"LogId":"df66df34-51b9-4562-8997-99ad7b8de046","LogTypeId":101,"CompanyId":null,"DataId":null,"OptUserId":"0ad06755-9fde-4ddd-9dcb-448462155a02","OptUserName":null,"OptTime":"2016-09-03 12:32:01","OptModuleName":"部门管理","OptModulePath":"/MsSys/Department/GetList","OptTypeId":1003,"OptTypeName":"查询","OptResultId":100,"OptResultName":"操作成功","OptSystem":"Windows 10","Browser":"Chrome 53.0","IP":"192.168.1.102","Mac":"B8:76:3F:1F:BC:40","Desc":"数据查询成功！","Status":1}】

#############################################################################

1、时间：2016-09-03 12:32:11,600
2、优先级别：INFO
3、线程ID：11
4、耗时：106136
5、行号：120
6、文件名：f:\Net_Project.DosORM\Project\Dos.ORM\Dos.ORM.Common\Helpers\LogHelper.cs
7、详细信息：数据操作
    日志描述：对【模块管理】进行“查询”操作
    操作人员：[0ad06755-9fde-4ddd-9dcb-448462155a02]
    操作地址：/MsSys/Module/GetList
    操作结果：操作成功
    操作描述：数据查询成功！
    IP地址：192.168.1.102
    浏览器：Chrome 53.0
    操作系统：Windows 10
    记录时间：2016 09 03 12:32:11:5732
    详细数据：【{"LogId":"fa88e793-40d2-4500-bafa-fd7eff3b729e","LogTypeId":101,"CompanyId":null,"DataId":null,"OptUserId":"0ad06755-9fde-4ddd-9dcb-448462155a02","OptUserName":null,"OptTime":"2016-09-03 12:32:11","OptModuleName":"模块管理","OptModulePath":"/MsSys/Module/GetList","OptTypeId":1003,"OptTypeName":"查询","OptResultId":100,"OptResultName":"操作成功","OptSystem":"Windows 10","Browser":"Chrome 53.0","IP":"192.168.1.102","Mac":"B8:76:3F:1F:BC:40","Desc":"数据查询成功！","Status":1}】

#############################################################################

1、时间：2016-09-03 12:32:22,054
2、优先级别：INFO
3、线程ID：9
4、耗时：116590
5、行号：120
6、文件名：f:\Net_Project.DosORM\Project\Dos.ORM\Dos.ORM.Common\Helpers\LogHelper.cs
7、详细信息：数据操作
    日志描述：对【模块管理】进行“查询”操作
    操作人员：[0ad06755-9fde-4ddd-9dcb-448462155a02]
    操作地址：/MsSys/Module/GetList
    操作结果：操作成功
    操作描述：数据查询成功！
    IP地址：192.168.1.102
    浏览器：Chrome 53.0
    操作系统：Windows 10
    记录时间：2016 09 03 12:32:22:0295
    详细数据：【{"LogId":"b325292a-c527-4376-a5f2-9777f430534b","LogTypeId":101,"CompanyId":null,"DataId":null,"OptUserId":"0ad06755-9fde-4ddd-9dcb-448462155a02","OptUserName":null,"OptTime":"2016-09-03 12:32:22","OptModuleName":"模块管理","OptModulePath":"/MsSys/Module/GetList","OptTypeId":1003,"OptTypeName":"查询","OptResultId":100,"OptResultName":"操作成功","OptSystem":"Windows 10","Browser":"Chrome 53.0","IP":"192.168.1.102","Mac":"B8:76:3F:1F:BC:40","Desc":"数据查询成功！","Status":1}】

#############################################################################

1、时间：2016-09-03 12:55:01,125
2、优先级别：INFO
3、线程ID：11
4、耗时：12057
5、行号：120
6、文件名：f:\Net_Project.DosORM\Project\Dos.ORM\Dos.ORM.Common\Helpers\LogHelper.cs
7、详细信息：登录登出
    日志描述：对【登录系统】进行“登录”操作
    操作人员：[0ad06755-9fde-4ddd-9dcb-448462155a02]
    操作地址：/MsSys/Login/CheckLogin
    操作结果：登录成功
    操作描述：登录成功！
    IP地址：192.168.1.102
    浏览器：Chrome 53.0
    操作系统：Windows 10
    记录时间：2016 09 03 12:55:00:9659
    详细数据：【{"LogId":"10cac588-fefe-4c79-9c51-e172f71d261a","LogTypeId":100,"CompanyId":null,"DataId":null,"OptUserId":"0ad06755-9fde-4ddd-9dcb-448462155a02","OptUserName":null,"OptTime":"2016-09-03 12:55:00","OptModuleName":"登录系统","OptModulePath":"/MsSys/Login/CheckLogin","OptTypeId":2001,"OptTypeName":"登录","OptResultId":300,"OptResultName":"登录成功","OptSystem":"Windows 10","Browser":"Chrome 53.0","IP":"192.168.1.102","Mac":"B8:76:3F:1F:BC:40","Desc":"登录成功！","Status":1}】

#############################################################################

1、时间：2016-09-03 12:56:09,911
2、优先级别：INFO
3、线程ID：9
4、耗时：80843
5、行号：120
6、文件名：f:\Net_Project.DosORM\Project\Dos.ORM\Dos.ORM.Common\Helpers\LogHelper.cs
7、详细信息：数据操作
    日志描述：对【日志信息管理】进行“查询”操作
    操作人员：[0ad06755-9fde-4ddd-9dcb-448462155a02]
    操作地址：/MsSys/LogInfo/GetList
    操作结果：操作成功
    操作描述：数据查询成功！
    IP地址：192.168.1.102
    浏览器：Chrome 53.0
    操作系统：Windows 10
    记录时间：2016 09 03 12:56:09:8497
    详细数据：【{"LogId":"33020d03-a58e-449f-8da6-ace293c1d12f","LogTypeId":101,"CompanyId":null,"DataId":null,"OptUserId":"0ad06755-9fde-4ddd-9dcb-448462155a02","OptUserName":null,"OptTime":"2016-09-03 12:56:09","OptModuleName":"日志信息管理","OptModulePath":"/MsSys/LogInfo/GetList","OptTypeId":1003,"OptTypeName":"查询","OptResultId":100,"OptResultName":"操作成功","OptSystem":"Windows 10","Browser":"Chrome 53.0","IP":"192.168.1.102","Mac":"B8:76:3F:1F:BC:40","Desc":"数据查询成功！","Status":1}】

#############################################################################

1、时间：2016-09-03 12:57:08,820
2、优先级别：INFO
3、线程ID：14
4、耗时：139752
5、行号：120
6、文件名：f:\Net_Project.DosORM\Project\Dos.ORM\Dos.ORM.Common\Helpers\LogHelper.cs
7、详细信息：数据操作
    日志描述：对【日志信息管理】进行“查询”操作
    操作人员：[0ad06755-9fde-4ddd-9dcb-448462155a02]
    操作地址：/MsSys/LogInfo/GetList
    操作结果：操作成功
    操作描述：数据查询成功！
    IP地址：192.168.1.102
    浏览器：Chrome 53.0
    操作系统：Windows 10
    记录时间：2016 09 03 12:57:08:7903
    详细数据：【{"LogId":"3602f4b6-f4ec-4abf-a2e3-de88985b34a1","LogTypeId":101,"CompanyId":null,"DataId":null,"OptUserId":"0ad06755-9fde-4ddd-9dcb-448462155a02","OptUserName":null,"OptTime":"2016-09-03 12:57:08","OptModuleName":"日志信息管理","OptModulePath":"/MsSys/LogInfo/GetList","OptTypeId":1003,"OptTypeName":"查询","OptResultId":100,"OptResultName":"操作成功","OptSystem":"Windows 10","Browser":"Chrome 53.0","IP":"192.168.1.102","Mac":"B8:76:3F:1F:BC:40","Desc":"数据查询成功！","Status":1}】

#############################################################################

1、时间：2016-09-03 12:57:36,926
2、优先级别：INFO
3、线程ID：14
4、耗时：167858
5、行号：120
6、文件名：f:\Net_Project.DosORM\Project\Dos.ORM\Dos.ORM.Common\Helpers\LogHelper.cs
7、详细信息：数据操作
    日志描述：对【日志信息管理】进行“查询”操作
    操作人员：[0ad06755-9fde-4ddd-9dcb-448462155a02]
    操作地址：/MsSys/LogInfo/GetList
    操作结果：操作成功
    操作描述：数据查询成功！
    IP地址：192.168.1.102
    浏览器：Chrome 53.0
    操作系统：Windows 10
    记录时间：2016 09 03 12:57:36:8915
    详细数据：【{"LogId":"b581320c-684a-48e2-92f5-c5bfb70d6ca0","LogTypeId":101,"CompanyId":null,"DataId":null,"OptUserId":"0ad06755-9fde-4ddd-9dcb-448462155a02","OptUserName":null,"OptTime":"2016-09-03 12:57:36","OptModuleName":"日志信息管理","OptModulePath":"/MsSys/LogInfo/GetList","OptTypeId":1003,"OptTypeName":"查询","OptResultId":100,"OptResultName":"操作成功","OptSystem":"Windows 10","Browser":"Chrome 53.0","IP":"192.168.1.102","Mac":"B8:76:3F:1F:BC:40","Desc":"数据查询成功！","Status":1}】

#############################################################################

1、时间：2016-09-03 12:58:06,678
2、优先级别：INFO
3、线程ID：14
4、耗时：197610
5、行号：120
6、文件名：f:\Net_Project.DosORM\Project\Dos.ORM\Dos.ORM.Common\Helpers\LogHelper.cs
7、详细信息：数据操作
    日志描述：对【日志信息管理】进行“查询”操作
    操作人员：[0ad06755-9fde-4ddd-9dcb-448462155a02]
    操作地址：/MsSys/LogInfo/GetList
    操作结果：操作成功
    操作描述：数据查询成功！
    IP地址：192.168.1.102
    浏览器：Chrome 53.0
    操作系统：Windows 10
    记录时间：2016 09 03 12:58:06:6544
    详细数据：【{"LogId":"275f13c7-716e-40bb-a201-a5fc351a6c3a","LogTypeId":101,"CompanyId":null,"DataId":null,"OptUserId":"0ad06755-9fde-4ddd-9dcb-448462155a02","OptUserName":null,"OptTime":"2016-09-03 12:58:06","OptModuleName":"日志信息管理","OptModulePath":"/MsSys/LogInfo/GetList","OptTypeId":1003,"OptTypeName":"查询","OptResultId":100,"OptResultName":"操作成功","OptSystem":"Windows 10","Browser":"Chrome 53.0","IP":"192.168.1.102","Mac":"B8:76:3F:1F:BC:40","Desc":"数据查询成功！","Status":1}】

#############################################################################

1、时间：2016-09-03 12:59:46,464
2、优先级别：INFO
3、线程ID：20
4、耗时：297396
5、行号：120
6、文件名：f:\Net_Project.DosORM\Project\Dos.ORM\Dos.ORM.Common\Helpers\LogHelper.cs
7、详细信息：数据操作
    日志描述：对【日志信息管理】进行“查询”操作
    操作人员：[0ad06755-9fde-4ddd-9dcb-448462155a02]
    操作地址：/MsSys/LogInfo/GetList
    操作结果：操作成功
    操作描述：数据查询成功！
    IP地址：192.168.1.102
    浏览器：Chrome 53.0
    操作系统：Windows 10
    记录时间：2016 09 03 12:59:46:4251
    详细数据：【{"LogId":"507aeebe-b27a-4a3e-b97f-a92f8537dcce","LogTypeId":101,"CompanyId":null,"DataId":null,"OptUserId":"0ad06755-9fde-4ddd-9dcb-448462155a02","OptUserName":null,"OptTime":"2016-09-03 12:59:46","OptModuleName":"日志信息管理","OptModulePath":"/MsSys/LogInfo/GetList","OptTypeId":1003,"OptTypeName":"查询","OptResultId":100,"OptResultName":"操作成功","OptSystem":"Windows 10","Browser":"Chrome 53.0","IP":"192.168.1.102","Mac":"B8:76:3F:1F:BC:40","Desc":"数据查询成功！","Status":1}】

#############################################################################

1、时间：2016-09-03 13:00:10,105
2、优先级别：INFO
3、线程ID：6
4、耗时：321036
5、行号：120
6、文件名：f:\Net_Project.DosORM\Project\Dos.ORM\Dos.ORM.Common\Helpers\LogHelper.cs
7、详细信息：数据操作
    日志描述：对【日志信息管理】进行“查询”操作
    操作人员：[0ad06755-9fde-4ddd-9dcb-448462155a02]
    操作地址：/MsSys/LogInfo/GetList
    操作结果：操作成功
    操作描述：数据查询成功！
    IP地址：192.168.1.102
    浏览器：Chrome 53.0
    操作系统：Windows 10
    记录时间：2016 09 03 13:00:10:0789
    详细数据：【{"LogId":"015e147a-1668-4a22-8630-0a56854c9ede","LogTypeId":101,"CompanyId":null,"DataId":null,"OptUserId":"0ad06755-9fde-4ddd-9dcb-448462155a02","OptUserName":null,"OptTime":"2016-09-03 13:00:10","OptModuleName":"日志信息管理","OptModulePath":"/MsSys/LogInfo/GetList","OptTypeId":1003,"OptTypeName":"查询","OptResultId":100,"OptResultName":"操作成功","OptSystem":"Windows 10","Browser":"Chrome 53.0","IP":"192.168.1.102","Mac":"B8:76:3F:1F:BC:40","Desc":"数据查询成功！","Status":1}】

#############################################################################

1、时间：2016-09-03 13:00:32,694
2、优先级别：INFO
3、线程ID：13
4、耗时：343626
5、行号：120
6、文件名：f:\Net_Project.DosORM\Project\Dos.ORM\Dos.ORM.Common\Helpers\LogHelper.cs
7、详细信息：数据操作
    日志描述：对【日志信息管理】进行“查询”操作
    操作人员：[0ad06755-9fde-4ddd-9dcb-448462155a02]
    操作地址：/MsSys/LogInfo/GetList
    操作结果：操作成功
    操作描述：数据查询成功！
    IP地址：192.168.1.102
    浏览器：Chrome 53.0
    操作系统：Windows 10
    记录时间：2016 09 03 13:00:32:6754
    详细数据：【{"LogId":"0b7e26ae-c16d-4e50-abc5-541a0645056d","LogTypeId":101,"CompanyId":null,"DataId":null,"OptUserId":"0ad06755-9fde-4ddd-9dcb-448462155a02","OptUserName":null,"OptTime":"2016-09-03 13:00:32","OptModuleName":"日志信息管理","OptModulePath":"/MsSys/LogInfo/GetList","OptTypeId":1003,"OptTypeName":"查询","OptResultId":100,"OptResultName":"操作成功","OptSystem":"Windows 10","Browser":"Chrome 53.0","IP":"192.168.1.102","Mac":"B8:76:3F:1F:BC:40","Desc":"数据查询成功！","Status":1}】

#############################################################################

1、时间：2016-09-03 13:00:37,869
2、优先级别：INFO
3、线程ID：6
4、耗时：348801
5、行号：120
6、文件名：f:\Net_Project.DosORM\Project\Dos.ORM\Dos.ORM.Common\Helpers\LogHelper.cs
7、详细信息：数据操作
    日志描述：对【日志信息管理】进行“查询”操作
    操作人员：[0ad06755-9fde-4ddd-9dcb-448462155a02]
    操作地址：/MsSys/LogInfo/GetList
    操作结果：操作成功
    操作描述：数据查询成功！
    IP地址：192.168.1.102
    浏览器：Chrome 53.0
    操作系统：Windows 10
    记录时间：2016 09 03 13:00:37:8469
    详细数据：【{"LogId":"e8e32ad3-c215-402a-8105-e80d2a8e3380","LogTypeId":101,"CompanyId":null,"DataId":null,"OptUserId":"0ad06755-9fde-4ddd-9dcb-448462155a02","OptUserName":null,"OptTime":"2016-09-03 13:00:37","OptModuleName":"日志信息管理","OptModulePath":"/MsSys/LogInfo/GetList","OptTypeId":1003,"OptTypeName":"查询","OptResultId":100,"OptResultName":"操作成功","OptSystem":"Windows 10","Browser":"Chrome 53.0","IP":"192.168.1.102","Mac":"B8:76:3F:1F:BC:40","Desc":"数据查询成功！","Status":1}】

#############################################################################

1、时间：2016-09-03 13:00:40,670
2、优先级别：INFO
3、线程ID：18
4、耗时：351601
5、行号：120
6、文件名：f:\Net_Project.DosORM\Project\Dos.ORM\Dos.ORM.Common\Helpers\LogHelper.cs
7、详细信息：数据操作
    日志描述：对【日志信息管理】进行“查询”操作
    操作人员：[0ad06755-9fde-4ddd-9dcb-448462155a02]
    操作地址：/MsSys/LogInfo/GetList
    操作结果：操作成功
    操作描述：数据查询成功！
    IP地址：192.168.1.102
    浏览器：Chrome 53.0
    操作系统：Windows 10
    记录时间：2016 09 03 13:00:40:6456
    详细数据：【{"LogId":"335cdb76-622f-45c7-af22-f5f735b9b40b","LogTypeId":101,"CompanyId":null,"DataId":null,"OptUserId":"0ad06755-9fde-4ddd-9dcb-448462155a02","OptUserName":null,"OptTime":"2016-09-03 13:00:40","OptModuleName":"日志信息管理","OptModulePath":"/MsSys/LogInfo/GetList","OptTypeId":1003,"OptTypeName":"查询","OptResultId":100,"OptResultName":"操作成功","OptSystem":"Windows 10","Browser":"Chrome 53.0","IP":"192.168.1.102","Mac":"B8:76:3F:1F:BC:40","Desc":"数据查询成功！","Status":1}】

#############################################################################

1、时间：2016-09-03 13:03:12,304
2、优先级别：INFO
3、线程ID：22
4、耗时：8956
5、行号：120
6、文件名：f:\Net_Project.DosORM\Project\Dos.ORM\Dos.ORM.Common\Helpers\LogHelper.cs
7、详细信息：登录登出
    日志描述：对【登录系统】进行“登录”操作
    操作人员：[0ad06755-9fde-4ddd-9dcb-448462155a02]
    操作地址：/MsSys/Login/CheckLogin
    操作结果：登录成功
    操作描述：登录成功！
    IP地址：192.168.1.102
    浏览器：Chrome 53.0
    操作系统：Windows 10
    记录时间：2016 09 03 13:03:12:1962
    详细数据：【{"LogId":"b6cc1f97-8e2e-4df7-8bd8-b47bcf2454c1","LogTypeId":100,"CompanyId":null,"DataId":null,"OptUserId":"0ad06755-9fde-4ddd-9dcb-448462155a02","OptUserName":null,"OptTime":"2016-09-03 13:03:12","OptModuleName":"登录系统","OptModulePath":"/MsSys/Login/CheckLogin","OptTypeId":2001,"OptTypeName":"登录","OptResultId":300,"OptResultName":"登录成功","OptSystem":"Windows 10","Browser":"Chrome 53.0","IP":"192.168.1.102","Mac":"B8:76:3F:1F:BC:40","Desc":"登录成功！","Status":1}】

#############################################################################

1、时间：2016-09-03 13:03:20,355
2、优先级别：INFO
3、线程ID：20
4、耗时：17007
5、行号：120
6、文件名：f:\Net_Project.DosORM\Project\Dos.ORM\Dos.ORM.Common\Helpers\LogHelper.cs
7、详细信息：数据操作
    日志描述：对【日志信息管理】进行“查询”操作
    操作人员：[0ad06755-9fde-4ddd-9dcb-448462155a02]
    操作地址：/MsSys/LogInfo/GetList
    操作结果：操作成功
    操作描述：数据查询成功！
    IP地址：192.168.1.102
    浏览器：Chrome 53.0
    操作系统：Windows 10
    记录时间：2016 09 03 13:03:20:3304
    详细数据：【{"LogId":"8e61d843-3150-409b-aab4-251780551883","LogTypeId":101,"CompanyId":null,"DataId":null,"OptUserId":"0ad06755-9fde-4ddd-9dcb-448462155a02","OptUserName":null,"OptTime":"2016-09-03 13:03:20","OptModuleName":"日志信息管理","OptModulePath":"/MsSys/LogInfo/GetList","OptTypeId":1003,"OptTypeName":"查询","OptResultId":100,"OptResultName":"操作成功","OptSystem":"Windows 10","Browser":"Chrome 53.0","IP":"192.168.1.102","Mac":"B8:76:3F:1F:BC:40","Desc":"数据查询成功！","Status":1}】

#############################################################################

1、时间：2016-09-03 13:03:47,601
2、优先级别：INFO
3、线程ID：22
4、耗时：44253
5、行号：120
6、文件名：f:\Net_Project.DosORM\Project\Dos.ORM\Dos.ORM.Common\Helpers\LogHelper.cs
7、详细信息：数据操作
    日志描述：对【日志信息管理】进行“查询”操作
    操作人员：[0ad06755-9fde-4ddd-9dcb-448462155a02]
    操作地址：/MsSys/LogInfo/GetList
    操作结果：操作成功
    操作描述：数据查询成功！
    IP地址：192.168.1.102
    浏览器：Chrome 53.0
    操作系统：Windows 10
    记录时间：2016 09 03 13:03:47:5820
    详细数据：【{"LogId":"d34d3c17-5e23-4538-b2cd-b7150671e669","LogTypeId":101,"CompanyId":null,"DataId":null,"OptUserId":"0ad06755-9fde-4ddd-9dcb-448462155a02","OptUserName":null,"OptTime":"2016-09-03 13:03:47","OptModuleName":"日志信息管理","OptModulePath":"/MsSys/LogInfo/GetList","OptTypeId":1003,"OptTypeName":"查询","OptResultId":100,"OptResultName":"操作成功","OptSystem":"Windows 10","Browser":"Chrome 53.0","IP":"192.168.1.102","Mac":"B8:76:3F:1F:BC:40","Desc":"数据查询成功！","Status":1}】

#############################################################################

1、时间：2016-09-03 13:03:50,985
2、优先级别：INFO
3、线程ID：9
4、耗时：47637
5、行号：120
6、文件名：f:\Net_Project.DosORM\Project\Dos.ORM\Dos.ORM.Common\Helpers\LogHelper.cs
7、详细信息：数据操作
    日志描述：对【日志信息管理】进行“查询”操作
    操作人员：[0ad06755-9fde-4ddd-9dcb-448462155a02]
    操作地址：/MsSys/LogInfo/GetList
    操作结果：操作成功
    操作描述：数据查询成功！
    IP地址：192.168.1.102
    浏览器：Chrome 53.0
    操作系统：Windows 10
    记录时间：2016 09 03 13:03:50:9628
    详细数据：【{"LogId":"cb749fef-ebb2-48a6-8e68-125e3031ee8a","LogTypeId":101,"CompanyId":null,"DataId":null,"OptUserId":"0ad06755-9fde-4ddd-9dcb-448462155a02","OptUserName":null,"OptTime":"2016-09-03 13:03:50","OptModuleName":"日志信息管理","OptModulePath":"/MsSys/LogInfo/GetList","OptTypeId":1003,"OptTypeName":"查询","OptResultId":100,"OptResultName":"操作成功","OptSystem":"Windows 10","Browser":"Chrome 53.0","IP":"192.168.1.102","Mac":"B8:76:3F:1F:BC:40","Desc":"数据查询成功！","Status":1}】

#############################################################################

1、时间：2016-09-03 13:05:28,758
2、优先级别：INFO
3、线程ID：14
4、耗时：8453
5、行号：120
6、文件名：f:\Net_Project.DosORM\Project\Dos.ORM\Dos.ORM.Common\Helpers\LogHelper.cs
7、详细信息：登录登出
    日志描述：对【登录系统】进行“登录”操作
    操作人员：[0ad06755-9fde-4ddd-9dcb-448462155a02]
    操作地址：/MsSys/Login/CheckLogin
    操作结果：登录成功
    操作描述：登录成功！
    IP地址：192.168.1.102
    浏览器：Chrome 53.0
    操作系统：Windows 10
    记录时间：2016 09 03 13:05:28:6511
    详细数据：【{"LogId":"65d601b3-c811-4a93-ba4d-7fea82b1d63c","LogTypeId":100,"CompanyId":null,"DataId":null,"OptUserId":"0ad06755-9fde-4ddd-9dcb-448462155a02","OptUserName":null,"OptTime":"2016-09-03 13:05:28","OptModuleName":"登录系统","OptModulePath":"/MsSys/Login/CheckLogin","OptTypeId":2001,"OptTypeName":"登录","OptResultId":300,"OptResultName":"登录成功","OptSystem":"Windows 10","Browser":"Chrome 53.0","IP":"192.168.1.102","Mac":"B8:76:3F:1F:BC:40","Desc":"登录成功！","Status":1}】

#############################################################################

1、时间：2016-09-03 13:19:13,855
2、优先级别：INFO
3、线程ID：31
4、耗时：9030
5、行号：120
6、文件名：f:\Net_Project.DosORM\Project\Dos.ORM\Dos.ORM.Common\Helpers\LogHelper.cs
7、详细信息：登录登出
    日志描述：对【登录系统】进行“登录”操作
    操作人员：[0ad06755-9fde-4ddd-9dcb-448462155a02]
    操作地址：/MsSys/Login/CheckLogin
    操作结果：登录成功
    操作描述：登录成功！
    IP地址：192.168.1.102
    浏览器：Chrome 53.0
    操作系统：Windows 10
    记录时间：2016 09 03 13:19:13:7414
    详细数据：【{"LogId":"e6958ce5-9db4-4004-8e38-e2de90d76913","LogTypeId":100,"CompanyId":null,"DataId":null,"OptUserId":"0ad06755-9fde-4ddd-9dcb-448462155a02","OptUserName":null,"OptTime":"2016-09-03 13:19:13","OptModuleName":"登录系统","OptModulePath":"/MsSys/Login/CheckLogin","OptTypeId":2001,"OptTypeName":"登录","OptResultId":300,"OptResultName":"登录成功","OptSystem":"Windows 10","Browser":"Chrome 53.0","IP":"192.168.1.102","Mac":"B8:76:3F:1F:BC:40","Desc":"登录成功！","Status":1}】

#############################################################################

1、时间：2016-09-03 13:22:24,156
2、优先级别：INFO
3、线程ID：14
4、耗时：199332
5、行号：120
6、文件名：f:\Net_Project.DosORM\Project\Dos.ORM\Dos.ORM.Common\Helpers\LogHelper.cs
7、详细信息：数据操作
    日志描述：对【部门管理】进行“删除”操作
    操作人员：[0ad06755-9fde-4ddd-9dcb-448462155a02]
    操作地址：/MsSys/Department/DeleteData
    操作结果：操作失败
    操作描述：数据删除失败，请稍后再试！
    IP地址：192.168.1.102
    浏览器：Chrome 53.0
    操作系统：Windows 10
    记录时间：2016 09 03 13:22:24:1196
    详细数据：【{"LogId":"3e1e10b3-d37d-483c-935c-246827578308","LogTypeId":101,"CompanyId":null,"DataId":null,"OptUserId":"0ad06755-9fde-4ddd-9dcb-448462155a02","OptUserName":null,"OptTime":"2016-09-03 13:22:24","OptModuleName":"部门管理","OptModulePath":"/MsSys/Department/DeleteData","OptTypeId":1005,"OptTypeName":"删除","OptResultId":120,"OptResultName":"操作失败","OptSystem":"Windows 10","Browser":"Chrome 53.0","IP":"192.168.1.102","Mac":"B8:76:3F:1F:BC:40","Desc":"数据删除失败，请稍后再试！","Status":1}】

#############################################################################

1、时间：2016-09-03 13:22:53,048
2、优先级别：INFO
3、线程ID：31
4、耗时：228224
5、行号：120
6、文件名：f:\Net_Project.DosORM\Project\Dos.ORM\Dos.ORM.Common\Helpers\LogHelper.cs
7、详细信息：数据操作
    日志描述：对【部门管理】进行“删除”操作
    操作人员：[0ad06755-9fde-4ddd-9dcb-448462155a02]
    操作地址：/MsSys/Department/DeleteData
    操作结果：操作失败
    操作描述：数据删除失败，请稍后再试！
    IP地址：192.168.1.102
    浏览器：Chrome 53.0
    操作系统：Windows 10
    记录时间：2016 09 03 13:22:53:0215
    详细数据：【{"LogId":"1aa68889-bfef-422d-ba31-151e4adde15c","LogTypeId":101,"CompanyId":null,"DataId":null,"OptUserId":"0ad06755-9fde-4ddd-9dcb-448462155a02","OptUserName":null,"OptTime":"2016-09-03 13:22:53","OptModuleName":"部门管理","OptModulePath":"/MsSys/Department/DeleteData","OptTypeId":1005,"OptTypeName":"删除","OptResultId":120,"OptResultName":"操作失败","OptSystem":"Windows 10","Browser":"Chrome 53.0","IP":"192.168.1.102","Mac":"B8:76:3F:1F:BC:40","Desc":"数据删除失败，请稍后再试！","Status":1}】

#############################################################################

1、时间：2016-09-03 13:24:49,028
2、优先级别：INFO
3、线程ID：32
4、耗时：11058
5、行号：120
6、文件名：f:\Net_Project.DosORM\Project\Dos.ORM\Dos.ORM.Common\Helpers\LogHelper.cs
7、详细信息：登录登出
    日志描述：对【登录系统】进行“登录”操作
    操作人员：[0ad06755-9fde-4ddd-9dcb-448462155a02]
    操作地址：/MsSys/Login/CheckLogin
    操作结果：登录成功
    操作描述：登录成功！
    IP地址：192.168.1.102
    浏览器：Chrome 53.0
    操作系统：Windows 10
    记录时间：2016 09 03 13:24:48:9214
    详细数据：【{"LogId":"48d078f1-ecdf-46bb-994e-6a0f3bcce0e4","LogTypeId":100,"CompanyId":null,"DataId":null,"OptUserId":"0ad06755-9fde-4ddd-9dcb-448462155a02","OptUserName":null,"OptTime":"2016-09-03 13:24:48","OptModuleName":"登录系统","OptModulePath":"/MsSys/Login/CheckLogin","OptTypeId":2001,"OptTypeName":"登录","OptResultId":300,"OptResultName":"登录成功","OptSystem":"Windows 10","Browser":"Chrome 53.0","IP":"192.168.1.102","Mac":"B8:76:3F:1F:BC:40","Desc":"登录成功！","Status":1}】

#############################################################################

1、时间：2016-09-03 13:25:09,646
2、优先级别：INFO
3、线程ID：18
4、耗时：31676
5、行号：120
6、文件名：f:\Net_Project.DosORM\Project\Dos.ORM\Dos.ORM.Common\Helpers\LogHelper.cs
7、详细信息：数据操作
    日志描述：对【日志信息管理】进行“删除”操作
    操作人员：[0ad06755-9fde-4ddd-9dcb-448462155a02]
    操作地址：/MsSys/LogInfo/DeleteData
    操作结果：操作成功
    操作描述：数据删除成功！
    IP地址：192.168.1.102
    浏览器：Chrome 53.0
    操作系统：Windows 10
    记录时间：2016 09 03 13:25:09:6205
    详细数据：【{"LogId":"22f7ae9b-809a-4b69-90f9-1d44f42f1555","LogTypeId":101,"CompanyId":null,"DataId":null,"OptUserId":"0ad06755-9fde-4ddd-9dcb-448462155a02","OptUserName":null,"OptTime":"2016-09-03 13:25:09","OptModuleName":"日志信息管理","OptModulePath":"/MsSys/LogInfo/DeleteData","OptTypeId":1005,"OptTypeName":"删除","OptResultId":100,"OptResultName":"操作成功","OptSystem":"Windows 10","Browser":"Chrome 53.0","IP":"192.168.1.102","Mac":"B8:76:3F:1F:BC:40","Desc":"数据删除成功！","Status":1}】

#############################################################################

1、时间：2016-09-03 13:26:38,345
2、优先级别：INFO
3、线程ID：13
4、耗时：120374
5、行号：120
6、文件名：f:\Net_Project.DosORM\Project\Dos.ORM\Dos.ORM.Common\Helpers\LogHelper.cs
7、详细信息：数据操作
    日志描述：对【日志信息管理】进行“删除”操作
    操作人员：[0ad06755-9fde-4ddd-9dcb-448462155a02]
    操作地址：/MsSys/LogInfo/DeleteData
    操作结果：操作成功
    操作描述：数据删除成功！
    IP地址：192.168.1.102
    浏览器：Chrome 53.0
    操作系统：Windows 10
    记录时间：2016 09 03 13:26:38:2954
    详细数据：【{"LogId":"4e9491f5-febd-4501-9a0b-1ab979461812","LogTypeId":101,"CompanyId":null,"DataId":null,"OptUserId":"0ad06755-9fde-4ddd-9dcb-448462155a02","OptUserName":null,"OptTime":"2016-09-03 13:26:38","OptModuleName":"日志信息管理","OptModulePath":"/MsSys/LogInfo/DeleteData","OptTypeId":1005,"OptTypeName":"删除","OptResultId":100,"OptResultName":"操作成功","OptSystem":"Windows 10","Browser":"Chrome 53.0","IP":"192.168.1.102","Mac":"B8:76:3F:1F:BC:40","Desc":"数据删除成功！","Status":1}】

#############################################################################

1、时间：2016-09-03 13:31:08,999
2、优先级别：INFO
3、线程ID：38
4、耗时：391029
5、行号：120
6、文件名：f:\Net_Project.DosORM\Project\Dos.ORM\Dos.ORM.Common\Helpers\LogHelper.cs
7、详细信息：登录登出
    日志描述：秦波对【登录系统】进行“登录”操作
    操作人员：秦波[0ad06755-9fde-4ddd-9dcb-448462155a03]
    操作地址：/MsSys/Login/CheckLogin
    操作结果：登录成功
    操作描述：登录成功！
    IP地址：192.168.1.102
    浏览器：Chrome 53.0
    操作系统：Windows 10
    记录时间：2016 09 03 13:31:08:9285
    详细数据：【{"LogId":"701fe61f-29ab-4a45-a835-d42aedd2bb24","LogTypeId":100,"CompanyId":"078736e6-0cc2-48dc-80f1-6330419b4af1","DataId":null,"OptUserId":"0ad06755-9fde-4ddd-9dcb-448462155a03","OptUserName":"秦波","OptTime":"2016-09-03 13:31:08","OptModuleName":"登录系统","OptModulePath":"/MsSys/Login/CheckLogin","OptTypeId":2001,"OptTypeName":"登录","OptResultId":300,"OptResultName":"登录成功","OptSystem":"Windows 10","Browser":"Chrome 53.0","IP":"192.168.1.102","Mac":"B8:76:3F:1F:BC:40","Desc":"登录成功！","Status":1}】

#############################################################################

1、时间：2016-09-03 13:33:05,339
2、优先级别：INFO
3、线程ID：47
4、耗时：507368
5、行号：120
6、文件名：f:\Net_Project.DosORM\Project\Dos.ORM\Dos.ORM.Common\Helpers\LogHelper.cs
7、详细信息：数据操作
    日志描述：秦波对【部门管理】进行“查询”操作
    操作人员：秦波[0ad06755-9fde-4ddd-9dcb-448462155a03]
    操作地址：/MsSys/Department/GetList
    操作结果：操作成功
    操作描述：数据查询成功！
    IP地址：192.168.1.102
    浏览器：Chrome 53.0
    操作系统：Windows 10
    记录时间：2016 09 03 13:33:05:3100
    详细数据：【{"LogId":"dc94d496-96e4-4397-97ed-d6eeef04a625","LogTypeId":101,"CompanyId":"078736e6-0cc2-48dc-80f1-6330419b4af1","DataId":null,"OptUserId":"0ad06755-9fde-4ddd-9dcb-448462155a03","OptUserName":"秦波","OptTime":"2016-09-03 13:33:05","OptModuleName":"部门管理","OptModulePath":"/MsSys/Department/GetList","OptTypeId":1003,"OptTypeName":"查询","OptResultId":100,"OptResultName":"操作成功","OptSystem":"Windows 10","Browser":"Chrome 53.0","IP":"192.168.1.102","Mac":"B8:76:3F:1F:BC:40","Desc":"数据查询成功！","Status":1}】

#############################################################################

1、时间：2016-09-03 13:40:20,571
2、优先级别：INFO
3、线程ID：52
4、耗时：10477
5、行号：120
6、文件名：f:\Net_Project.DosORM\Project\Dos.ORM\Dos.ORM.Common\Helpers\LogHelper.cs
7、详细信息：登录登出
    日志描述：秦波对【登录系统】进行“登录”操作
    操作人员：秦波[0ad06755-9fde-4ddd-9dcb-448462155a03]
    操作地址：/MsSys/Login/CheckLogin
    操作结果：登录成功
    操作描述：登录成功！
    IP地址：192.168.1.102
    浏览器：Chrome 53.0
    操作系统：Windows 10
    记录时间：2016 09 03 13:40:20:4434
    详细数据：【{"LogId":"9ec75287-9ca4-4709-af8e-1f61416db072","LogTypeId":100,"CompanyId":"078736e6-0cc2-48dc-80f1-6330419b4af1","DataId":null,"OptUserId":"0ad06755-9fde-4ddd-9dcb-448462155a03","OptUserName":"秦波","OptTime":"2016-09-03 13:40:20","OptModuleName":"登录系统","OptModulePath":"/MsSys/Login/CheckLogin","OptTypeId":2001,"OptTypeName":"登录","OptResultId":300,"OptResultName":"登录成功","OptSystem":"Windows 10","Browser":"Chrome 53.0","IP":"192.168.1.102","Mac":"B8:76:3F:1F:BC:40","Desc":"登录成功！","Status":1}】

#############################################################################

1、时间：2016-09-03 14:02:47,204
2、优先级别：INFO
3、线程ID：58
4、耗时：23438
5、行号：120
6、文件名：f:\Net_Project.DosORM\Project\Dos.ORM\Dos.ORM.Common\Helpers\LogHelper.cs
7、详细信息：登录登出
    日志描述：秦波对【登录系统】进行“登录”操作
    操作人员：秦波[0ad06755-9fde-4ddd-9dcb-448462155a03]
    操作地址：/MsSys/Login/CheckLogin
    操作结果：登录成功
    操作描述：登录成功！
    IP地址：192.168.1.102
    浏览器：Chrome 53.0
    操作系统：Windows 10
    记录时间：2016 09 03 14:02:47:0083
    详细数据：【{"LogId":"1d62d903-dcf9-41d8-977f-aee7999b3829","LogTypeId":100,"LogTypeName":"登录登出","CompanyId":"078736e6-0cc2-48dc-80f1-6330419b4af1","DataId":null,"OptUserId":"0ad06755-9fde-4ddd-9dcb-448462155a03","OptUserName":"秦波","OptTime":"2016-09-03 14:02:47","OptModuleName":"登录系统","OptModulePath":"/MsSys/Login/CheckLogin","OptTypeId":2001,"OptTypeName":"登录","OptResultId":300,"OptResultName":"登录成功","OptSystem":"Windows 10","Browser":"Chrome 53.0","IP":"192.168.1.102","Mac":"B8:76:3F:1F:BC:40","Desc":"登录成功！","Status":1}】

#############################################################################

1、时间：2016-09-03 14:03:02,252
2、优先级别：INFO
3、线程ID：57
4、耗时：38486
5、行号：120
6、文件名：f:\Net_Project.DosORM\Project\Dos.ORM\Dos.ORM.Common\Helpers\LogHelper.cs
7、详细信息：数据操作
    日志描述：秦波对【部门管理】进行“查询”操作
    操作人员：秦波[0ad06755-9fde-4ddd-9dcb-448462155a03]
    操作地址：/MsSys/Department/GetList
    操作结果：操作成功
    操作描述：数据查询成功！
    IP地址：192.168.1.102
    浏览器：Chrome 53.0
    操作系统：Windows 10
    记录时间：2016 09 03 14:03:02:2187
    详细数据：【{"LogId":"6d07806b-47d8-471e-b66d-8aba22f79a99","LogTypeId":101,"LogTypeName":"数据操作","CompanyId":"078736e6-0cc2-48dc-80f1-6330419b4af1","DataId":null,"OptUserId":"0ad06755-9fde-4ddd-9dcb-448462155a03","OptUserName":"秦波","OptTime":"2016-09-03 14:03:02","OptModuleName":"部门管理","OptModulePath":"/MsSys/Department/GetList","OptTypeId":1003,"OptTypeName":"查询","OptResultId":100,"OptResultName":"操作成功","OptSystem":"Windows 10","Browser":"Chrome 53.0","IP":"192.168.1.102","Mac":"B8:76:3F:1F:BC:40","Desc":"数据查询成功！","Status":1}】

#############################################################################

1、时间：2016-09-03 14:03:07,778
2、优先级别：INFO
3、线程ID：63
4、耗时：44012
5、行号：120
6、文件名：f:\Net_Project.DosORM\Project\Dos.ORM\Dos.ORM.Common\Helpers\LogHelper.cs
7、详细信息：数据操作
    日志描述：秦波对【部门管理】进行“修改”操作
    数据主键：8a2d4719-4efe-4745-b327-5c00629591a2
    操作人员：秦波[0ad06755-9fde-4ddd-9dcb-448462155a03]
    操作地址：/MsSys/Department/SaveData
    操作结果：操作成功
    操作描述：数据保存成功！
    IP地址：192.168.1.102
    浏览器：Chrome 53.0
    操作系统：Windows 10
    记录时间：2016 09 03 14:03:07:7507
    详细数据：【{"LogId":"77621591-053b-4903-8825-6ed24d4d46b4","LogTypeId":101,"LogTypeName":"数据操作","CompanyId":"078736e6-0cc2-48dc-80f1-6330419b4af1","DataId":"8a2d4719-4efe-4745-b327-5c00629591a2","OptUserId":"0ad06755-9fde-4ddd-9dcb-448462155a03","OptUserName":"秦波","OptTime":"2016-09-03 14:03:07","OptModuleName":"部门管理","OptModulePath":"/MsSys/Department/SaveData","OptTypeId":1002,"OptTypeName":"修改","OptResultId":100,"OptResultName":"操作成功","OptSystem":"Windows 10","Browser":"Chrome 53.0","IP":"192.168.1.102","Mac":"B8:76:3F:1F:BC:40","Desc":"数据保存成功！","Status":1}】

#############################################################################

1、时间：2016-09-03 14:03:09,935
2、优先级别：INFO
3、线程ID：58
4、耗时：46169
5、行号：120
6、文件名：f:\Net_Project.DosORM\Project\Dos.ORM\Dos.ORM.Common\Helpers\LogHelper.cs
7、详细信息：数据操作
    日志描述：秦波对【部门管理】进行“查询”操作
    操作人员：秦波[0ad06755-9fde-4ddd-9dcb-448462155a03]
    操作地址：/MsSys/Department/GetList
    操作结果：操作成功
    操作描述：数据查询成功！
    IP地址：192.168.1.102
    浏览器：Chrome 53.0
    操作系统：Windows 10
    记录时间：2016 09 03 14:03:09:9115
    详细数据：【{"LogId":"cc52f449-3628-4d32-be21-7f669519884d","LogTypeId":101,"LogTypeName":"数据操作","CompanyId":"078736e6-0cc2-48dc-80f1-6330419b4af1","DataId":null,"OptUserId":"0ad06755-9fde-4ddd-9dcb-448462155a03","OptUserName":"秦波","OptTime":"2016-09-03 14:03:09","OptModuleName":"部门管理","OptModulePath":"/MsSys/Department/GetList","OptTypeId":1003,"OptTypeName":"查询","OptResultId":100,"OptResultName":"操作成功","OptSystem":"Windows 10","Browser":"Chrome 53.0","IP":"192.168.1.102","Mac":"B8:76:3F:1F:BC:40","Desc":"数据查询成功！","Status":1}】

#############################################################################

1、时间：2016-09-03 14:15:32,077
2、优先级别：INFO
3、线程ID：73
4、耗时：10290
5、行号：120
6、文件名：f:\Net_Project.DosORM\Project\Dos.ORM\Dos.ORM.Common\Helpers\LogHelper.cs
7、详细信息：登录登出
    日志描述：秦波对【登录系统】进行“登录”操作
    操作人员：秦波[0ad06755-9fde-4ddd-9dcb-448462155a03]
    操作地址：/MsSys/Login/CheckLogin
    操作结果：登录成功
    操作描述：登录成功！
    IP地址：192.168.1.102
    浏览器：Chrome 53.0
    操作系统：Windows 10
    记录时间：2016 09 03 14:15:31:9531
    详细数据：【{"LogId":"2fe92f9c-3f2c-4483-9648-4fc64a3bc6da","LogTypeId":100,"LogTypeName":"登录登出","CompanyId":"078736e6-0cc2-48dc-80f1-6330419b4af1","DataId":null,"OptUserId":"0ad06755-9fde-4ddd-9dcb-448462155a03","OptUserName":"秦波","OptTime":"2016-09-03 14:15:31","OptModuleName":"登录系统","OptModulePath":"/MsSys/Login/CheckLogin","OptTypeId":2001,"OptTypeName":"登录","OptResultId":300,"OptResultName":"登录成功","OptSystem":"Windows 10","Browser":"Chrome 53.0","IP":"192.168.1.102","Mac":"B8:76:3F:1F:BC:40","Desc":"登录成功！","Status":1}】

#############################################################################

1、时间：2016-09-03 14:16:49,575
2、优先级别：INFO
3、线程ID：72
4、耗时：10798
5、行号：120
6、文件名：f:\Net_Project.DosORM\Project\Dos.ORM\Dos.ORM.Common\Helpers\LogHelper.cs
7、详细信息：登录登出
    日志描述：秦波对【登录系统】进行“登录”操作
    操作人员：秦波[0ad06755-9fde-4ddd-9dcb-448462155a03]
    操作地址：/MsSys/Login/CheckLogin
    操作结果：登录成功
    操作描述：登录成功！
    IP地址：192.168.1.102
    浏览器：Chrome 53.0
    操作系统：Windows 10
    记录时间：2016 09 03 14:16:49:4668
    详细数据：【{"LogId":"fdfb16ca-f5a8-40db-bf8a-ec217435c8e7","LogTypeId":100,"LogTypeName":"登录登出","CompanyId":"078736e6-0cc2-48dc-80f1-6330419b4af1","DataId":null,"OptUserId":"0ad06755-9fde-4ddd-9dcb-448462155a03","OptUserName":"秦波","OptTime":"2016-09-03 14:16:49","OptModuleName":"登录系统","OptModulePath":"/MsSys/Login/CheckLogin","OptTypeId":2001,"OptTypeName":"登录","OptResultId":300,"OptResultName":"登录成功","OptSystem":"Windows 10","Browser":"Chrome 53.0","IP":"192.168.1.102","Mac":"B8:76:3F:1F:BC:40","Desc":"登录成功！","Status":1}】

#############################################################################

1、时间：2016-09-03 14:21:18,586
2、优先级别：INFO
3、线程ID：9
4、耗时：9047
5、行号：120
6、文件名：f:\Net_Project.DosORM\Project\Dos.ORM\Dos.ORM.Common\Helpers\LogHelper.cs
7、详细信息：登录登出
    日志描述：秦波对【登录系统】进行“登录”操作
    操作人员：秦波[0ad06755-9fde-4ddd-9dcb-448462155a03]
    操作地址：/MsSys/Login/CheckLogin
    操作结果：登录成功
    操作描述：登录成功！
    IP地址：192.168.1.102
    浏览器：Chrome 53.0
    操作系统：Windows 10
    记录时间：2016 09 03 14:21:18:4291
    详细数据：【{"LogId":"01e434a1-1484-4e5e-ad85-c62baa0adc63","LogTypeId":100,"LogTypeName":"登录登出","CompanyId":"078736e6-0cc2-48dc-80f1-6330419b4af1","DataId":null,"OptUserId":"0ad06755-9fde-4ddd-9dcb-448462155a03","OptUserName":"秦波","OptTime":"2016-09-03 14:21:18","OptModuleName":"登录系统","OptModulePath":"/MsSys/Login/CheckLogin","OptTypeId":2001,"OptTypeName":"登录","OptResultId":300,"OptResultName":"登录成功","OptSystem":"Windows 10","Browser":"Chrome 53.0","IP":"192.168.1.102","Mac":"B8:76:3F:1F:BC:40","Desc":"登录成功！","Status":1}】

#############################################################################

1、时间：2016-09-03 14:31:34,120
2、优先级别：INFO
3、线程ID：28
4、耗时：9845
5、行号：120
6、文件名：f:\Net_Project.DosORM\Project\Dos.ORM\Dos.ORM.Common\Helpers\LogHelper.cs
7、详细信息：登录登出
    日志描述：秦波对【登录系统】进行“登录”操作
    操作人员：秦波[0ad06755-9fde-4ddd-9dcb-448462155a03]
    操作地址：/MsSys/Login/CheckLogin
    操作结果：登录成功
    操作描述：登录成功！
    IP地址：192.168.1.102
    浏览器：Chrome 53.0
    操作系统：Windows 10
    记录时间：2016 09 03 14:31:34:0103
    详细数据：【{"LogId":"758bc522-cd60-4483-ac95-fa9d50042ede","LogTypeId":100,"LogTypeName":"登录登出","CompanyId":"078736e6-0cc2-48dc-80f1-6330419b4af1","DataId":null,"OptUserId":"0ad06755-9fde-4ddd-9dcb-448462155a03","OptUserName":"秦波","OptTime":"2016-09-03 14:31:34","OptModuleName":"登录系统","OptModulePath":"/MsSys/Login/CheckLogin","OptTypeId":2001,"OptTypeName":"登录","OptResultId":300,"OptResultName":"登录成功","OptSystem":"Windows 10","Browser":"Chrome 53.0","IP":"192.168.1.102","Mac":"B8:76:3F:1F:BC:40","Desc":"登录成功！","Status":1}】

#############################################################################

1、时间：2016-09-03 14:31:41,767
2、优先级别：INFO
3、线程ID：27
4、耗时：17491
5、行号：120
6、文件名：f:\Net_Project.DosORM\Project\Dos.ORM\Dos.ORM.Common\Helpers\LogHelper.cs
7、详细信息：数据操作
    日志描述：秦波对【部门管理】进行“查询”操作
    操作人员：秦波[0ad06755-9fde-4ddd-9dcb-448462155a03]
    操作地址：/MsSys/Department/GetList
    操作结果：操作成功
    操作描述：数据查询成功！
    IP地址：192.168.1.102
    浏览器：Chrome 53.0
    操作系统：Windows 10
    记录时间：2016 09 03 14:31:41:7286
    详细数据：【{"LogId":"b008fa88-03ad-4f97-997b-20c04625b2e0","LogTypeId":101,"LogTypeName":"数据操作","CompanyId":"078736e6-0cc2-48dc-80f1-6330419b4af1","DataId":null,"OptUserId":"0ad06755-9fde-4ddd-9dcb-448462155a03","OptUserName":"秦波","OptTime":"2016-09-03 14:31:41","OptModuleName":"部门管理","OptModulePath":"/MsSys/Department/GetList","OptTypeId":1003,"OptTypeName":"查询","OptResultId":100,"OptResultName":"操作成功","OptSystem":"Windows 10","Browser":"Chrome 53.0","IP":"192.168.1.102","Mac":"B8:76:3F:1F:BC:40","Desc":"数据查询成功！","Status":1}】

#############################################################################

1、时间：2016-09-03 14:31:53,250
2、优先级别：INFO
3、线程ID：24
4、耗时：28974
5、行号：120
6、文件名：f:\Net_Project.DosORM\Project\Dos.ORM\Dos.ORM.Common\Helpers\LogHelper.cs
7、详细信息：数据操作
    日志描述：秦波对【部门管理】进行“添加”操作
    数据主键：fd76bfd9-0b48-4c19-a6db-b64f5fea730a
    操作人员：秦波[0ad06755-9fde-4ddd-9dcb-448462155a03]
    操作地址：/MsSys/Department/SaveData
    操作结果：操作成功
    操作描述：数据保存成功！
    IP地址：192.168.1.102
    浏览器：Chrome 53.0
    操作系统：Windows 10
    记录时间：2016 09 03 14:31:53:2234
    详细数据：【{"LogId":"dd4f52f6-193b-4bab-8d3c-7d17c866e6db","LogTypeId":101,"LogTypeName":"数据操作","CompanyId":"078736e6-0cc2-48dc-80f1-6330419b4af1","DataId":"fd76bfd9-0b48-4c19-a6db-b64f5fea730a","OptUserId":"0ad06755-9fde-4ddd-9dcb-448462155a03","OptUserName":"秦波","OptTime":"2016-09-03 14:31:53","OptModuleName":"部门管理","OptModulePath":"/MsSys/Department/SaveData","OptTypeId":1001,"OptTypeName":"添加","OptResultId":100,"OptResultName":"操作成功","OptSystem":"Windows 10","Browser":"Chrome 53.0","IP":"192.168.1.102","Mac":"B8:76:3F:1F:BC:40","Desc":"数据保存成功！","Status":1}】

#############################################################################

1、时间：2016-09-03 14:31:55,434
2、优先级别：INFO
3、线程ID：20
4、耗时：31159
5、行号：120
6、文件名：f:\Net_Project.DosORM\Project\Dos.ORM\Dos.ORM.Common\Helpers\LogHelper.cs
7、详细信息：数据操作
    日志描述：秦波对【部门管理】进行“查询”操作
    操作人员：秦波[0ad06755-9fde-4ddd-9dcb-448462155a03]
    操作地址：/MsSys/Department/GetList
    操作结果：操作成功
    操作描述：数据查询成功！
    IP地址：192.168.1.102
    浏览器：Chrome 53.0
    操作系统：Windows 10
    记录时间：2016 09 03 14:31:55:4129
    详细数据：【{"LogId":"d261433b-86bf-4793-af02-bbbf1bd22642","LogTypeId":101,"LogTypeName":"数据操作","CompanyId":"078736e6-0cc2-48dc-80f1-6330419b4af1","DataId":null,"OptUserId":"0ad06755-9fde-4ddd-9dcb-448462155a03","OptUserName":"秦波","OptTime":"2016-09-03 14:31:55","OptModuleName":"部门管理","OptModulePath":"/MsSys/Department/GetList","OptTypeId":1003,"OptTypeName":"查询","OptResultId":100,"OptResultName":"操作成功","OptSystem":"Windows 10","Browser":"Chrome 53.0","IP":"192.168.1.102","Mac":"B8:76:3F:1F:BC:40","Desc":"数据查询成功！","Status":1}】

#############################################################################

1、时间：2016-09-03 14:36:16,130
2、优先级别：INFO
3、线程ID：14
4、耗时：291854
5、行号：120
6、文件名：f:\Net_Project.DosORM\Project\Dos.ORM\Dos.ORM.Common\Helpers\LogHelper.cs
7、详细信息：数据操作
    日志描述：秦波对【部门管理】进行“添加”操作
    数据主键：4f4cc8c6-6720-42ff-98d4-dbc07eb128f0
    操作人员：秦波[0ad06755-9fde-4ddd-9dcb-448462155a03]
    操作地址：/MsSys/Department/SaveData
    操作结果：操作成功
    操作描述：数据保存成功！
    IP地址：192.168.1.102
    浏览器：Chrome 53.0
    操作系统：Windows 10
    记录时间：2016 09 03 14:36:16:0885
    详细数据：【{"LogId":"948f086b-4c03-492c-b8b2-dafc2aacb398","LogTypeId":101,"LogTypeName":"数据操作","CompanyId":"078736e6-0cc2-48dc-80f1-6330419b4af1","DataId":"4f4cc8c6-6720-42ff-98d4-dbc07eb128f0","OptUserId":"0ad06755-9fde-4ddd-9dcb-448462155a03","OptUserName":"秦波","OptTime":"2016-09-03 14:36:16","OptModuleName":"部门管理","OptModulePath":"/MsSys/Department/SaveData","OptTypeId":1001,"OptTypeName":"添加","OptResultId":100,"OptResultName":"操作成功","OptSystem":"Windows 10","Browser":"Chrome 53.0","IP":"192.168.1.102","Mac":"B8:76:3F:1F:BC:40","Desc":"数据保存成功！","Status":1}】

#############################################################################

1、时间：2016-09-03 14:36:18,359
2、优先级别：INFO
3、线程ID：20
4、耗时：294083
5、行号：120
6、文件名：f:\Net_Project.DosORM\Project\Dos.ORM\Dos.ORM.Common\Helpers\LogHelper.cs
7、详细信息：数据操作
    日志描述：秦波对【部门管理】进行“查询”操作
    操作人员：秦波[0ad06755-9fde-4ddd-9dcb-448462155a03]
    操作地址：/MsSys/Department/GetList
    操作结果：操作成功
    操作描述：数据查询成功！
    IP地址：192.168.1.102
    浏览器：Chrome 53.0
    操作系统：Windows 10
    记录时间：2016 09 03 14:36:18:3369
    详细数据：【{"LogId":"491318ac-0530-4f72-b3a0-065f31441085","LogTypeId":101,"LogTypeName":"数据操作","CompanyId":"078736e6-0cc2-48dc-80f1-6330419b4af1","DataId":null,"OptUserId":"0ad06755-9fde-4ddd-9dcb-448462155a03","OptUserName":"秦波","OptTime":"2016-09-03 14:36:18","OptModuleName":"部门管理","OptModulePath":"/MsSys/Department/GetList","OptTypeId":1003,"OptTypeName":"查询","OptResultId":100,"OptResultName":"操作成功","OptSystem":"Windows 10","Browser":"Chrome 53.0","IP":"192.168.1.102","Mac":"B8:76:3F:1F:BC:40","Desc":"数据查询成功！","Status":1}】

#############################################################################

1、时间：2016-09-03 14:38:09,182
2、优先级别：INFO
3、线程ID：20
4、耗时：10325
5、行号：120
6、文件名：f:\Net_Project.DosORM\Project\Dos.ORM\Dos.ORM.Common\Helpers\LogHelper.cs
7、详细信息：登录登出
    日志描述：秦波对【登录系统】进行“登录”操作
    操作人员：秦波[0ad06755-9fde-4ddd-9dcb-448462155a03]
    操作地址：/MsSys/Login/CheckLogin
    操作结果：登录成功
    操作描述：登录成功！
    IP地址：192.168.1.102
    浏览器：Chrome 53.0
    操作系统：Windows 10
    记录时间：2016 09 03 14:38:09:0263
    详细数据：【{"LogId":"2e507797-8187-49c3-86ec-e9b9551afbaa","LogTypeId":100,"LogTypeName":"登录登出","CompanyId":"078736e6-0cc2-48dc-80f1-6330419b4af1","DataId":null,"OptUserId":"0ad06755-9fde-4ddd-9dcb-448462155a03","OptUserName":"秦波","OptTime":"2016-09-03 14:38:09","OptModuleName":"登录系统","OptModulePath":"/MsSys/Login/CheckLogin","OptTypeId":2001,"OptTypeName":"登录","OptResultId":300,"OptResultName":"登录成功","OptSystem":"Windows 10","Browser":"Chrome 53.0","IP":"192.168.1.102","Mac":"B8:76:3F:1F:BC:40","Desc":"登录成功！","Status":1}】

#############################################################################

1、时间：2016-09-03 14:38:16,010
2、优先级别：INFO
3、线程ID：22
4、耗时：17153
5、行号：120
6、文件名：f:\Net_Project.DosORM\Project\Dos.ORM\Dos.ORM.Common\Helpers\LogHelper.cs
7、详细信息：数据操作
    日志描述：秦波对【部门管理】进行“查询”操作
    操作人员：秦波[0ad06755-9fde-4ddd-9dcb-448462155a03]
    操作地址：/MsSys/Department/GetList
    操作结果：操作成功
    操作描述：数据查询成功！
    IP地址：192.168.1.102
    浏览器：Chrome 53.0
    操作系统：Windows 10
    记录时间：2016 09 03 14:38:15:9652
    详细数据：【{"LogId":"8bedde35-220d-4dd5-814d-83e448179490","LogTypeId":101,"LogTypeName":"数据操作","CompanyId":"078736e6-0cc2-48dc-80f1-6330419b4af1","DataId":null,"OptUserId":"0ad06755-9fde-4ddd-9dcb-448462155a03","OptUserName":"秦波","OptTime":"2016-09-03 14:38:15","OptModuleName":"部门管理","OptModulePath":"/MsSys/Department/GetList","OptTypeId":1003,"OptTypeName":"查询","OptResultId":100,"OptResultName":"操作成功","OptSystem":"Windows 10","Browser":"Chrome 53.0","IP":"192.168.1.102","Mac":"B8:76:3F:1F:BC:40","Desc":"数据查询成功！","Status":1}】

#############################################################################

1、时间：2016-09-03 14:38:30,502
2、优先级别：INFO
3、线程ID：8
4、耗时：11120
5、行号：120
6、文件名：f:\Net_Project.DosORM\Project\Dos.ORM\Dos.ORM.Common\Helpers\LogHelper.cs
7、详细信息：登录登出
    日志描述：秦波对【登录系统】进行“登录”操作
    操作人员：秦波[0ad06755-9fde-4ddd-9dcb-448462155a03]
    操作地址：/MsSys/Login/CheckLogin
    操作结果：登录成功
    操作描述：登录成功！
    IP地址：192.168.1.102
    浏览器：Chrome 53.0
    操作系统：Windows 10
    记录时间：2016 09 03 14:38:30:3665
    详细数据：【{"LogId":"5618f805-0a80-4073-bde6-607c34b0bcc1","LogTypeId":100,"LogTypeName":"登录登出","CompanyId":"078736e6-0cc2-48dc-80f1-6330419b4af1","DataId":null,"OptUserId":"0ad06755-9fde-4ddd-9dcb-448462155a03","OptUserName":"秦波","OptTime":"2016-09-03 14:38:30","OptModuleName":"登录系统","OptModulePath":"/MsSys/Login/CheckLogin","OptTypeId":2001,"OptTypeName":"登录","OptResultId":300,"OptResultName":"登录成功","OptSystem":"Windows 10","Browser":"Chrome 53.0","IP":"192.168.1.102","Mac":"B8:76:3F:1F:BC:40","Desc":"登录成功！","Status":1}】

#############################################################################

1、时间：2016-09-03 14:38:35,602
2、优先级别：INFO
3、线程ID：6
4、耗时：16221
5、行号：120
6、文件名：f:\Net_Project.DosORM\Project\Dos.ORM\Dos.ORM.Common\Helpers\LogHelper.cs
7、详细信息：数据操作
    日志描述：秦波对【部门管理】进行“查询”操作
    操作人员：秦波[0ad06755-9fde-4ddd-9dcb-448462155a03]
    操作地址：/MsSys/Department/GetList
    操作结果：操作成功
    操作描述：数据查询成功！
    IP地址：192.168.1.102
    浏览器：Chrome 53.0
    操作系统：Windows 10
    记录时间：2016 09 03 14:38:35:5263
    详细数据：【{"LogId":"1a6d2c26-e587-4348-95d6-303e90909f3a","LogTypeId":101,"LogTypeName":"数据操作","CompanyId":"078736e6-0cc2-48dc-80f1-6330419b4af1","DataId":null,"OptUserId":"0ad06755-9fde-4ddd-9dcb-448462155a03","OptUserName":"秦波","OptTime":"2016-09-03 14:38:35","OptModuleName":"部门管理","OptModulePath":"/MsSys/Department/GetList","OptTypeId":1003,"OptTypeName":"查询","OptResultId":100,"OptResultName":"操作成功","OptSystem":"Windows 10","Browser":"Chrome 53.0","IP":"192.168.1.102","Mac":"B8:76:3F:1F:BC:40","Desc":"数据查询成功！","Status":1}】

#############################################################################

1、时间：2016-09-03 14:38:44,665
2、优先级别：INFO
3、线程ID：9
4、耗时：25284
5、行号：120
6、文件名：f:\Net_Project.DosORM\Project\Dos.ORM\Dos.ORM.Common\Helpers\LogHelper.cs
7、详细信息：数据操作
    日志描述：秦波对【部门管理】进行“添加”操作
    数据主键：f220aaec-1a5b-4223-9347-5b819823f7a2
    操作人员：秦波[0ad06755-9fde-4ddd-9dcb-448462155a03]
    操作地址：/MsSys/Department/SaveData
    操作结果：操作失败
    操作描述：部门名称已存在，不能保存！
    IP地址：192.168.1.102
    浏览器：Chrome 53.0
    操作系统：Windows 10
    记录时间：2016 09 03 14:38:44:6383
    详细数据：【{"LogId":"d888febf-537e-4407-ad74-b7f51beecbb5","LogTypeId":101,"LogTypeName":"数据操作","CompanyId":"078736e6-0cc2-48dc-80f1-6330419b4af1","DataId":"f220aaec-1a5b-4223-9347-5b819823f7a2","OptUserId":"0ad06755-9fde-4ddd-9dcb-448462155a03","OptUserName":"秦波","OptTime":"2016-09-03 14:38:44","OptModuleName":"部门管理","OptModulePath":"/MsSys/Department/SaveData","OptTypeId":1001,"OptTypeName":"添加","OptResultId":120,"OptResultName":"操作失败","OptSystem":"Windows 10","Browser":"Chrome 53.0","IP":"192.168.1.102","Mac":"B8:76:3F:1F:BC:40","Desc":"部门名称已存在，不能保存！","Status":1}】

#############################################################################

1、时间：2016-09-03 14:38:49,597
2、优先级别：INFO
3、线程ID：9
4、耗时：30216
5、行号：120
6、文件名：f:\Net_Project.DosORM\Project\Dos.ORM\Dos.ORM.Common\Helpers\LogHelper.cs
7、详细信息：数据操作
    日志描述：秦波对【部门管理】进行“添加”操作
    数据主键：f220aaec-1a5b-4223-9347-5b819823f7a2
    操作人员：秦波[0ad06755-9fde-4ddd-9dcb-448462155a03]
    操作地址：/MsSys/Department/SaveData
    操作结果：操作成功
    操作描述：数据保存成功！
    IP地址：192.168.1.102
    浏览器：Chrome 53.0
    操作系统：Windows 10
    记录时间：2016 09 03 14:38:49:5599
    详细数据：【{"LogId":"de335828-8e2b-45e6-9881-c3a151a41e20","LogTypeId":101,"LogTypeName":"数据操作","CompanyId":"078736e6-0cc2-48dc-80f1-6330419b4af1","DataId":"f220aaec-1a5b-4223-9347-5b819823f7a2","OptUserId":"0ad06755-9fde-4ddd-9dcb-448462155a03","OptUserName":"秦波","OptTime":"2016-09-03 14:38:49","OptModuleName":"部门管理","OptModulePath":"/MsSys/Department/SaveData","OptTypeId":1001,"OptTypeName":"添加","OptResultId":100,"OptResultName":"操作成功","OptSystem":"Windows 10","Browser":"Chrome 53.0","IP":"192.168.1.102","Mac":"B8:76:3F:1F:BC:40","Desc":"数据保存成功！","Status":1}】

#############################################################################

1、时间：2016-09-03 14:38:51,814
2、优先级别：INFO
3、线程ID：10
4、耗时：32432
5、行号：120
6、文件名：f:\Net_Project.DosORM\Project\Dos.ORM\Dos.ORM.Common\Helpers\LogHelper.cs
7、详细信息：数据操作
    日志描述：秦波对【部门管理】进行“查询”操作
    操作人员：秦波[0ad06755-9fde-4ddd-9dcb-448462155a03]
    操作地址：/MsSys/Department/GetList
    操作结果：操作成功
    操作描述：数据查询成功！
    IP地址：192.168.1.102
    浏览器：Chrome 53.0
    操作系统：Windows 10
    记录时间：2016 09 03 14:38:51:7868
    详细数据：【{"LogId":"51e83635-d0a1-4cf6-ad58-b8f7e7c61330","LogTypeId":101,"LogTypeName":"数据操作","CompanyId":"078736e6-0cc2-48dc-80f1-6330419b4af1","DataId":null,"OptUserId":"0ad06755-9fde-4ddd-9dcb-448462155a03","OptUserName":"秦波","OptTime":"2016-09-03 14:38:51","OptModuleName":"部门管理","OptModulePath":"/MsSys/Department/GetList","OptTypeId":1003,"OptTypeName":"查询","OptResultId":100,"OptResultName":"操作成功","OptSystem":"Windows 10","Browser":"Chrome 53.0","IP":"192.168.1.102","Mac":"B8:76:3F:1F:BC:40","Desc":"数据查询成功！","Status":1}】

#############################################################################

1、时间：2016-09-03 14:38:56,440
2、优先级别：INFO
3、线程ID：8
4、耗时：37059
5、行号：120
6、文件名：f:\Net_Project.DosORM\Project\Dos.ORM\Dos.ORM.Common\Helpers\LogHelper.cs
7、详细信息：数据操作
    日志描述：秦波对【部门管理】进行“修改”操作
    数据主键：4f4cc8c6-6720-42ff-98d4-dbc07eb128f0
    操作人员：秦波[0ad06755-9fde-4ddd-9dcb-448462155a03]
    操作地址：/MsSys/Department/SaveData
    操作结果：操作成功
    操作描述：数据保存成功！
    IP地址：192.168.1.102
    浏览器：Chrome 53.0
    操作系统：Windows 10
    记录时间：2016 09 03 14:38:56:4176
    详细数据：【{"LogId":"16094e98-fd4f-4f81-90b0-7ab3bb126cd4","LogTypeId":101,"LogTypeName":"数据操作","CompanyId":"078736e6-0cc2-48dc-80f1-6330419b4af1","DataId":"4f4cc8c6-6720-42ff-98d4-dbc07eb128f0","OptUserId":"0ad06755-9fde-4ddd-9dcb-448462155a03","OptUserName":"秦波","OptTime":"2016-09-03 14:38:56","OptModuleName":"部门管理","OptModulePath":"/MsSys/Department/SaveData","OptTypeId":1002,"OptTypeName":"修改","OptResultId":100,"OptResultName":"操作成功","OptSystem":"Windows 10","Browser":"Chrome 53.0","IP":"192.168.1.102","Mac":"B8:76:3F:1F:BC:40","Desc":"数据保存成功！","Status":1}】

#############################################################################

1、时间：2016-09-03 14:38:58,660
2、优先级别：INFO
3、线程ID：7
4、耗时：39278
5、行号：120
6、文件名：f:\Net_Project.DosORM\Project\Dos.ORM\Dos.ORM.Common\Helpers\LogHelper.cs
7、详细信息：数据操作
    日志描述：秦波对【部门管理】进行“查询”操作
    操作人员：秦波[0ad06755-9fde-4ddd-9dcb-448462155a03]
    操作地址：/MsSys/Department/GetList
    操作结果：操作成功
    操作描述：数据查询成功！
    IP地址：192.168.1.102
    浏览器：Chrome 53.0
    操作系统：Windows 10
    记录时间：2016 09 03 14:38:58:6343
    详细数据：【{"LogId":"40dd898a-453f-41ff-a53b-cf4561dd5656","LogTypeId":101,"LogTypeName":"数据操作","CompanyId":"078736e6-0cc2-48dc-80f1-6330419b4af1","DataId":null,"OptUserId":"0ad06755-9fde-4ddd-9dcb-448462155a03","OptUserName":"秦波","OptTime":"2016-09-03 14:38:58","OptModuleName":"部门管理","OptModulePath":"/MsSys/Department/GetList","OptTypeId":1003,"OptTypeName":"查询","OptResultId":100,"OptResultName":"操作成功","OptSystem":"Windows 10","Browser":"Chrome 53.0","IP":"192.168.1.102","Mac":"B8:76:3F:1F:BC:40","Desc":"数据查询成功！","Status":1}】

#############################################################################

1、时间：2016-09-03 14:40:00,150
2、优先级别：INFO
3、线程ID：7
4、耗时：100769
5、行号：120
6、文件名：f:\Net_Project.DosORM\Project\Dos.ORM\Dos.ORM.Common\Helpers\LogHelper.cs
7、详细信息：数据操作
    日志描述：秦波对【部门管理】进行“修改”操作
    数据主键：4f4cc8c6-6720-42ff-98d4-dbc07eb128f0
    操作人员：秦波[0ad06755-9fde-4ddd-9dcb-448462155a03]
    操作地址：/MsSys/Department/SaveData
    操作结果：操作成功
    操作描述：数据保存成功！
    IP地址：192.168.1.102
    浏览器：Chrome 53.0
    操作系统：Windows 10
    记录时间：2016 09 03 14:40:00:1074
    详细数据：【{"LogId":"4225cd35-ec9b-45da-911b-86b3716032a8","LogTypeId":101,"LogTypeName":"数据操作","CompanyId":"078736e6-0cc2-48dc-80f1-6330419b4af1","DataId":"4f4cc8c6-6720-42ff-98d4-dbc07eb128f0","OptUserId":"0ad06755-9fde-4ddd-9dcb-448462155a03","OptUserName":"秦波","OptTime":"2016-09-03 14:40:00","OptModuleName":"部门管理","OptModulePath":"/MsSys/Department/SaveData","OptTypeId":1002,"OptTypeName":"修改","OptResultId":100,"OptResultName":"操作成功","OptSystem":"Windows 10","Browser":"Chrome 53.0","IP":"192.168.1.102","Mac":"B8:76:3F:1F:BC:40","Desc":"数据保存成功！","Status":1}】

#############################################################################

1、时间：2016-09-03 14:40:02,334
2、优先级别：INFO
3、线程ID：8
4、耗时：102953
5、行号：120
6、文件名：f:\Net_Project.DosORM\Project\Dos.ORM\Dos.ORM.Common\Helpers\LogHelper.cs
7、详细信息：数据操作
    日志描述：秦波对【部门管理】进行“查询”操作
    操作人员：秦波[0ad06755-9fde-4ddd-9dcb-448462155a03]
    操作地址：/MsSys/Department/GetList
    操作结果：操作成功
    操作描述：数据查询成功！
    IP地址：192.168.1.102
    浏览器：Chrome 53.0
    操作系统：Windows 10
    记录时间：2016 09 03 14:40:02:2997
    详细数据：【{"LogId":"b9746ce3-a4dc-4f7e-9c1a-68d9548036de","LogTypeId":101,"LogTypeName":"数据操作","CompanyId":"078736e6-0cc2-48dc-80f1-6330419b4af1","DataId":null,"OptUserId":"0ad06755-9fde-4ddd-9dcb-448462155a03","OptUserName":"秦波","OptTime":"2016-09-03 14:40:02","OptModuleName":"部门管理","OptModulePath":"/MsSys/Department/GetList","OptTypeId":1003,"OptTypeName":"查询","OptResultId":100,"OptResultName":"操作成功","OptSystem":"Windows 10","Browser":"Chrome 53.0","IP":"192.168.1.102","Mac":"B8:76:3F:1F:BC:40","Desc":"数据查询成功！","Status":1}】

#############################################################################

1、时间：2016-09-03 14:42:12,088
2、优先级别：INFO
3、线程ID：10
4、耗时：10211
5、行号：120
6、文件名：f:\Net_Project.DosORM\Project\Dos.ORM\Dos.ORM.Common\Helpers\LogHelper.cs
7、详细信息：登录登出
    日志描述：秦波对【登录系统】进行“登录”操作
    操作人员：秦波[0ad06755-9fde-4ddd-9dcb-448462155a03]
    操作地址：/MsSys/Login/CheckLogin
    操作结果：登录成功
    操作描述：登录成功！
    IP地址：192.168.1.102
    浏览器：Chrome 53.0
    操作系统：Windows 10
    记录时间：2016 09 03 14:42:11:9308
    详细数据：【{"LogId":"3d776e63-54b1-4ce5-ae3c-e71840817e07","LogTypeId":100,"LogTypeName":"登录登出","CompanyId":"078736e6-0cc2-48dc-80f1-6330419b4af1","DataId":null,"OptUserId":"0ad06755-9fde-4ddd-9dcb-448462155a03","OptUserName":"秦波","OptTime":"2016-09-03 14:42:11","OptModuleName":"登录系统","OptModulePath":"/MsSys/Login/CheckLogin","OptTypeId":2001,"OptTypeName":"登录","OptResultId":300,"OptResultName":"登录成功","OptSystem":"Windows 10","Browser":"Chrome 53.0","IP":"192.168.1.102","Mac":"B8:76:3F:1F:BC:40","Desc":"登录成功！","Status":1}】

#############################################################################

1、时间：2016-09-03 14:42:21,864
2、优先级别：INFO
3、线程ID：14
4、耗时：19987
5、行号：120
6、文件名：f:\Net_Project.DosORM\Project\Dos.ORM\Dos.ORM.Common\Helpers\LogHelper.cs
7、详细信息：数据操作
    日志描述：秦波对【部门管理】进行“查询”操作
    操作人员：秦波[0ad06755-9fde-4ddd-9dcb-448462155a03]
    操作地址：/MsSys/Department/GetList
    操作结果：操作成功
    操作描述：数据查询成功！
    IP地址：192.168.1.102
    浏览器：Chrome 53.0
    操作系统：Windows 10
    记录时间：2016 09 03 14:42:21:8292
    详细数据：【{"LogId":"5d91c12e-2e62-4080-881d-575b5da3db05","LogTypeId":101,"LogTypeName":"数据操作","CompanyId":"078736e6-0cc2-48dc-80f1-6330419b4af1","DataId":null,"OptUserId":"0ad06755-9fde-4ddd-9dcb-448462155a03","OptUserName":"秦波","OptTime":"2016-09-03 14:42:21","OptModuleName":"部门管理","OptModulePath":"/MsSys/Department/GetList","OptTypeId":1003,"OptTypeName":"查询","OptResultId":100,"OptResultName":"操作成功","OptSystem":"Windows 10","Browser":"Chrome 53.0","IP":"192.168.1.102","Mac":"B8:76:3F:1F:BC:40","Desc":"数据查询成功！","Status":1}】

#############################################################################

1、时间：2016-09-03 14:42:30,197
2、优先级别：INFO
3、线程ID：17
4、耗时：28320
5、行号：120
6、文件名：f:\Net_Project.DosORM\Project\Dos.ORM\Dos.ORM.Common\Helpers\LogHelper.cs
7、详细信息：数据操作
    日志描述：秦波对【部门管理】进行“添加”操作
    数据主键：3b71c791-6826-4ced-8f7b-edbfb800fdb4
    操作人员：秦波[0ad06755-9fde-4ddd-9dcb-448462155a03]
    操作地址：/MsSys/Department/SaveData
    操作结果：操作失败
    操作描述：部门名称已存在，不能保存！
    IP地址：192.168.1.102
    浏览器：Chrome 53.0
    操作系统：Windows 10
    记录时间：2016 09 03 14:42:30:1617
    详细数据：【{"LogId":"bb2de839-295d-409e-8f78-c7b3f89e603c","LogTypeId":101,"LogTypeName":"数据操作","CompanyId":"078736e6-0cc2-48dc-80f1-6330419b4af1","DataId":"3b71c791-6826-4ced-8f7b-edbfb800fdb4","OptUserId":"0ad06755-9fde-4ddd-9dcb-448462155a03","OptUserName":"秦波","OptTime":"2016-09-03 14:42:30","OptModuleName":"部门管理","OptModulePath":"/MsSys/Department/SaveData","OptTypeId":1001,"OptTypeName":"添加","OptResultId":120,"OptResultName":"操作失败","OptSystem":"Windows 10","Browser":"Chrome 53.0","IP":"192.168.1.102","Mac":"B8:76:3F:1F:BC:40","Desc":"部门名称已存在，不能保存！","Status":1}】

#############################################################################

1、时间：2016-09-03 14:42:35,141
2、优先级别：INFO
3、线程ID：9
4、耗时：33265
5、行号：120
6、文件名：f:\Net_Project.DosORM\Project\Dos.ORM\Dos.ORM.Common\Helpers\LogHelper.cs
7、详细信息：数据操作
    日志描述：秦波对【部门管理】进行“添加”操作
    数据主键：3b71c791-6826-4ced-8f7b-edbfb800fdb4
    操作人员：秦波[0ad06755-9fde-4ddd-9dcb-448462155a03]
    操作地址：/MsSys/Department/SaveData
    操作结果：操作成功
    操作描述：数据保存成功！
    IP地址：192.168.1.102
    浏览器：Chrome 53.0
    操作系统：Windows 10
    记录时间：2016 09 03 14:42:35:1103
    详细数据：【{"LogId":"0b207f7a-4847-46a8-ab87-61b25a5e8cbf","LogTypeId":101,"LogTypeName":"数据操作","CompanyId":"078736e6-0cc2-48dc-80f1-6330419b4af1","DataId":"3b71c791-6826-4ced-8f7b-edbfb800fdb4","OptUserId":"0ad06755-9fde-4ddd-9dcb-448462155a03","OptUserName":"秦波","OptTime":"2016-09-03 14:42:35","OptModuleName":"部门管理","OptModulePath":"/MsSys/Department/SaveData","OptTypeId":1001,"OptTypeName":"添加","OptResultId":100,"OptResultName":"操作成功","OptSystem":"Windows 10","Browser":"Chrome 53.0","IP":"192.168.1.102","Mac":"B8:76:3F:1F:BC:40","Desc":"数据保存成功！","Status":1}】

#############################################################################

1、时间：2016-09-03 14:42:37,323
2、优先级别：INFO
3、线程ID：14
4、耗时：35446
5、行号：120
6、文件名：f:\Net_Project.DosORM\Project\Dos.ORM\Dos.ORM.Common\Helpers\LogHelper.cs
7、详细信息：数据操作
    日志描述：秦波对【部门管理】进行“查询”操作
    操作人员：秦波[0ad06755-9fde-4ddd-9dcb-448462155a03]
    操作地址：/MsSys/Department/GetList
    操作结果：操作成功
    操作描述：数据查询成功！
    IP地址：192.168.1.102
    浏览器：Chrome 53.0
    操作系统：Windows 10
    记录时间：2016 09 03 14:42:37:2993
    详细数据：【{"LogId":"28dc7b0f-f0d2-4d73-a93f-db568b92a7e5","LogTypeId":101,"LogTypeName":"数据操作","CompanyId":"078736e6-0cc2-48dc-80f1-6330419b4af1","DataId":null,"OptUserId":"0ad06755-9fde-4ddd-9dcb-448462155a03","OptUserName":"秦波","OptTime":"2016-09-03 14:42:37","OptModuleName":"部门管理","OptModulePath":"/MsSys/Department/GetList","OptTypeId":1003,"OptTypeName":"查询","OptResultId":100,"OptResultName":"操作成功","OptSystem":"Windows 10","Browser":"Chrome 53.0","IP":"192.168.1.102","Mac":"B8:76:3F:1F:BC:40","Desc":"数据查询成功！","Status":1}】

#############################################################################

1、时间：2016-09-03 14:42:40,797
2、优先级别：INFO
3、线程ID：15
4、耗时：38920
5、行号：120
6、文件名：f:\Net_Project.DosORM\Project\Dos.ORM\Dos.ORM.Common\Helpers\LogHelper.cs
7、详细信息：数据操作
    日志描述：秦波对【部门管理】进行“修改”操作
    数据主键：4f4cc8c6-6720-42ff-98d4-dbc07eb128f0
    操作人员：秦波[0ad06755-9fde-4ddd-9dcb-448462155a03]
    操作地址：/MsSys/Department/SaveData
    操作结果：操作失败
    操作描述：部门名称已存在，不能保存！
    IP地址：192.168.1.102
    浏览器：Chrome 53.0
    操作系统：Windows 10
    记录时间：2016 09 03 14:42:40:7728
    详细数据：【{"LogId":"5d50daad-857a-43a0-82e5-693cea012957","LogTypeId":101,"LogTypeName":"数据操作","CompanyId":"078736e6-0cc2-48dc-80f1-6330419b4af1","DataId":"4f4cc8c6-6720-42ff-98d4-dbc07eb128f0","OptUserId":"0ad06755-9fde-4ddd-9dcb-448462155a03","OptUserName":"秦波","OptTime":"2016-09-03 14:42:40","OptModuleName":"部门管理","OptModulePath":"/MsSys/Department/SaveData","OptTypeId":1002,"OptTypeName":"修改","OptResultId":120,"OptResultName":"操作失败","OptSystem":"Windows 10","Browser":"Chrome 53.0","IP":"192.168.1.102","Mac":"B8:76:3F:1F:BC:40","Desc":"部门名称已存在，不能保存！","Status":1}】

#############################################################################

1、时间：2016-09-03 14:42:45,992
2、优先级别：INFO
3、线程ID：10
4、耗时：44115
5、行号：120
6、文件名：f:\Net_Project.DosORM\Project\Dos.ORM\Dos.ORM.Common\Helpers\LogHelper.cs
7、详细信息：数据操作
    日志描述：秦波对【部门管理】进行“修改”操作
    数据主键：4f4cc8c6-6720-42ff-98d4-dbc07eb128f0
    操作人员：秦波[0ad06755-9fde-4ddd-9dcb-448462155a03]
    操作地址：/MsSys/Department/SaveData
    操作结果：操作失败
    操作描述：部门名称已存在，不能保存！
    IP地址：192.168.1.102
    浏览器：Chrome 53.0
    操作系统：Windows 10
    记录时间：2016 09 03 14:42:45:9643
    详细数据：【{"LogId":"70f82e20-e700-4f45-a8c5-5145576235e2","LogTypeId":101,"LogTypeName":"数据操作","CompanyId":"078736e6-0cc2-48dc-80f1-6330419b4af1","DataId":"4f4cc8c6-6720-42ff-98d4-dbc07eb128f0","OptUserId":"0ad06755-9fde-4ddd-9dcb-448462155a03","OptUserName":"秦波","OptTime":"2016-09-03 14:42:45","OptModuleName":"部门管理","OptModulePath":"/MsSys/Department/SaveData","OptTypeId":1002,"OptTypeName":"修改","OptResultId":120,"OptResultName":"操作失败","OptSystem":"Windows 10","Browser":"Chrome 53.0","IP":"192.168.1.102","Mac":"B8:76:3F:1F:BC:40","Desc":"部门名称已存在，不能保存！","Status":1}】

#############################################################################

1、时间：2016-09-03 14:42:51,005
2、优先级别：INFO
3、线程ID：9
4、耗时：49128
5、行号：120
6、文件名：f:\Net_Project.DosORM\Project\Dos.ORM\Dos.ORM.Common\Helpers\LogHelper.cs
7、详细信息：数据操作
    日志描述：秦波对【部门管理】进行“修改”操作
    数据主键：4f4cc8c6-6720-42ff-98d4-dbc07eb128f0
    操作人员：秦波[0ad06755-9fde-4ddd-9dcb-448462155a03]
    操作地址：/MsSys/Department/SaveData
    操作结果：操作成功
    操作描述：数据保存成功！
    IP地址：192.168.1.102
    浏览器：Chrome 53.0
    操作系统：Windows 10
    记录时间：2016 09 03 14:42:50:9777
    详细数据：【{"LogId":"487f057a-96b5-4471-86e1-de4ebbe7f713","LogTypeId":101,"LogTypeName":"数据操作","CompanyId":"078736e6-0cc2-48dc-80f1-6330419b4af1","DataId":"4f4cc8c6-6720-42ff-98d4-dbc07eb128f0","OptUserId":"0ad06755-9fde-4ddd-9dcb-448462155a03","OptUserName":"秦波","OptTime":"2016-09-03 14:42:50","OptModuleName":"部门管理","OptModulePath":"/MsSys/Department/SaveData","OptTypeId":1002,"OptTypeName":"修改","OptResultId":100,"OptResultName":"操作成功","OptSystem":"Windows 10","Browser":"Chrome 53.0","IP":"192.168.1.102","Mac":"B8:76:3F:1F:BC:40","Desc":"数据保存成功！","Status":1}】

#############################################################################

1、时间：2016-09-03 14:42:53,191
2、优先级别：INFO
3、线程ID：8
4、耗时：51314
5、行号：120
6、文件名：f:\Net_Project.DosORM\Project\Dos.ORM\Dos.ORM.Common\Helpers\LogHelper.cs
7、详细信息：数据操作
    日志描述：秦波对【部门管理】进行“查询”操作
    操作人员：秦波[0ad06755-9fde-4ddd-9dcb-448462155a03]
    操作地址：/MsSys/Department/GetList
    操作结果：操作成功
    操作描述：数据查询成功！
    IP地址：192.168.1.102
    浏览器：Chrome 53.0
    操作系统：Windows 10
    记录时间：2016 09 03 14:42:53:1658
    详细数据：【{"LogId":"158af55c-f863-477b-8ef2-4ca09895d500","LogTypeId":101,"LogTypeName":"数据操作","CompanyId":"078736e6-0cc2-48dc-80f1-6330419b4af1","DataId":null,"OptUserId":"0ad06755-9fde-4ddd-9dcb-448462155a03","OptUserName":"秦波","OptTime":"2016-09-03 14:42:53","OptModuleName":"部门管理","OptModulePath":"/MsSys/Department/GetList","OptTypeId":1003,"OptTypeName":"查询","OptResultId":100,"OptResultName":"操作成功","OptSystem":"Windows 10","Browser":"Chrome 53.0","IP":"192.168.1.102","Mac":"B8:76:3F:1F:BC:40","Desc":"数据查询成功！","Status":1}】

#############################################################################

1、时间：2016-09-03 14:42:58,453
2、优先级别：INFO
3、线程ID：6
4、耗时：56576
5、行号：120
6、文件名：f:\Net_Project.DosORM\Project\Dos.ORM\Dos.ORM.Common\Helpers\LogHelper.cs
7、详细信息：数据操作
    日志描述：秦波对【部门管理】进行“修改”操作
    数据主键：fd76bfd9-0b48-4c19-a6db-b64f5fea730a
    操作人员：秦波[0ad06755-9fde-4ddd-9dcb-448462155a03]
    操作地址：/MsSys/Department/SaveData
    操作结果：操作失败
    操作描述：部门名称已存在，不能保存！
    IP地址：192.168.1.102
    浏览器：Chrome 53.0
    操作系统：Windows 10
    记录时间：2016 09 03 14:42:58:4278
    详细数据：【{"LogId":"b2162a81-084b-4f34-8b3b-1660cf06bb78","LogTypeId":101,"LogTypeName":"数据操作","CompanyId":"078736e6-0cc2-48dc-80f1-6330419b4af1","DataId":"fd76bfd9-0b48-4c19-a6db-b64f5fea730a","OptUserId":"0ad06755-9fde-4ddd-9dcb-448462155a03","OptUserName":"秦波","OptTime":"2016-09-03 14:42:58","OptModuleName":"部门管理","OptModulePath":"/MsSys/Department/SaveData","OptTypeId":1002,"OptTypeName":"修改","OptResultId":120,"OptResultName":"操作失败","OptSystem":"Windows 10","Browser":"Chrome 53.0","IP":"192.168.1.102","Mac":"B8:76:3F:1F:BC:40","Desc":"部门名称已存在，不能保存！","Status":1}】

#############################################################################

1、时间：2016-09-03 14:43:03,174
2、优先级别：INFO
3、线程ID：13
4、耗时：61297
5、行号：120
6、文件名：f:\Net_Project.DosORM\Project\Dos.ORM\Dos.ORM.Common\Helpers\LogHelper.cs
7、详细信息：数据操作
    日志描述：秦波对【部门管理】进行“修改”操作
    数据主键：fd76bfd9-0b48-4c19-a6db-b64f5fea730a
    操作人员：秦波[0ad06755-9fde-4ddd-9dcb-448462155a03]
    操作地址：/MsSys/Department/SaveData
    操作结果：操作成功
    操作描述：数据保存成功！
    IP地址：192.168.1.102
    浏览器：Chrome 53.0
    操作系统：Windows 10
    记录时间：2016 09 03 14:43:03:1513
    详细数据：【{"LogId":"57e11143-a824-4f8d-907c-fd277081016d","LogTypeId":101,"LogTypeName":"数据操作","CompanyId":"078736e6-0cc2-48dc-80f1-6330419b4af1","DataId":"fd76bfd9-0b48-4c19-a6db-b64f5fea730a","OptUserId":"0ad06755-9fde-4ddd-9dcb-448462155a03","OptUserName":"秦波","OptTime":"2016-09-03 14:43:03","OptModuleName":"部门管理","OptModulePath":"/MsSys/Department/SaveData","OptTypeId":1002,"OptTypeName":"修改","OptResultId":100,"OptResultName":"操作成功","OptSystem":"Windows 10","Browser":"Chrome 53.0","IP":"192.168.1.102","Mac":"B8:76:3F:1F:BC:40","Desc":"数据保存成功！","Status":1}】

#############################################################################

1、时间：2016-09-03 14:43:05,341
2、优先级别：INFO
3、线程ID：15
4、耗时：63464
5、行号：120
6、文件名：f:\Net_Project.DosORM\Project\Dos.ORM\Dos.ORM.Common\Helpers\LogHelper.cs
7、详细信息：数据操作
    日志描述：秦波对【部门管理】进行“查询”操作
    操作人员：秦波[0ad06755-9fde-4ddd-9dcb-448462155a03]
    操作地址：/MsSys/Department/GetList
    操作结果：操作成功
    操作描述：数据查询成功！
    IP地址：192.168.1.102
    浏览器：Chrome 53.0
    操作系统：Windows 10
    记录时间：2016 09 03 14:43:05:3159
    详细数据：【{"LogId":"0a61950d-33bd-438a-a01f-439faf79486a","LogTypeId":101,"LogTypeName":"数据操作","CompanyId":"078736e6-0cc2-48dc-80f1-6330419b4af1","DataId":null,"OptUserId":"0ad06755-9fde-4ddd-9dcb-448462155a03","OptUserName":"秦波","OptTime":"2016-09-03 14:43:05","OptModuleName":"部门管理","OptModulePath":"/MsSys/Department/GetList","OptTypeId":1003,"OptTypeName":"查询","OptResultId":100,"OptResultName":"操作成功","OptSystem":"Windows 10","Browser":"Chrome 53.0","IP":"192.168.1.102","Mac":"B8:76:3F:1F:BC:40","Desc":"数据查询成功！","Status":1}】

#############################################################################

1、时间：2016-09-03 14:52:56,509
2、优先级别：INFO
3、线程ID：23
4、耗时：654632
5、行号：120
6、文件名：f:\Net_Project.DosORM\Project\Dos.ORM\Dos.ORM.Common\Helpers\LogHelper.cs
7、详细信息：数据操作
    日志描述：秦波对【模块管理】进行“查询”操作
    操作人员：秦波[0ad06755-9fde-4ddd-9dcb-448462155a03]
    操作地址：/MsSys/Module/GetList
    操作结果：操作成功
    操作描述：数据查询成功！
    IP地址：192.168.1.102
    浏览器：Chrome 53.0
    操作系统：Windows 10
    记录时间：2016 09 03 14:52:56:4711
    详细数据：【{"LogId":"cf5a778c-e9c3-4022-a23b-653b4806c0d5","LogTypeId":101,"LogTypeName":"数据操作","CompanyId":"078736e6-0cc2-48dc-80f1-6330419b4af1","DataId":null,"OptUserId":"0ad06755-9fde-4ddd-9dcb-448462155a03","OptUserName":"秦波","OptTime":"2016-09-03 14:52:56","OptModuleName":"模块管理","OptModulePath":"/MsSys/Module/GetList","OptTypeId":1003,"OptTypeName":"查询","OptResultId":100,"OptResultName":"操作成功","OptSystem":"Windows 10","Browser":"Chrome 53.0","IP":"192.168.1.102","Mac":"B8:76:3F:1F:BC:40","Desc":"数据查询成功！","Status":1}】

#############################################################################

1、时间：2016-09-03 14:55:26,977
2、优先级别：INFO
3、线程ID：28
4、耗时：805100
5、行号：120
6、文件名：f:\Net_Project.DosORM\Project\Dos.ORM\Dos.ORM.Common\Helpers\LogHelper.cs
7、详细信息：数据操作
    日志描述：秦波对【管理员管理】进行“查询”操作
    操作人员：秦波[0ad06755-9fde-4ddd-9dcb-448462155a03]
    操作地址：/MsSys/Operator/GetList
    操作结果：操作成功
    操作描述：数据查询成功！
    IP地址：192.168.1.102
    浏览器：Chrome 53.0
    操作系统：Windows 10
    记录时间：2016 09 03 14:55:26:9482
    详细数据：【{"LogId":"15d5290a-f760-4675-821c-f4cf5dbc7b51","LogTypeId":101,"LogTypeName":"数据操作","CompanyId":"078736e6-0cc2-48dc-80f1-6330419b4af1","DataId":null,"OptUserId":"0ad06755-9fde-4ddd-9dcb-448462155a03","OptUserName":"秦波","OptTime":"2016-09-03 14:55:26","OptModuleName":"管理员管理","OptModulePath":"/MsSys/Operator/GetList","OptTypeId":1003,"OptTypeName":"查询","OptResultId":100,"OptResultName":"操作成功","OptSystem":"Windows 10","Browser":"Chrome 53.0","IP":"192.168.1.102","Mac":"B8:76:3F:1F:BC:40","Desc":"数据查询成功！","Status":1}】

#############################################################################

1、时间：2016-09-03 14:55:37,888
2、优先级别：INFO
3、线程ID：27
4、耗时：816011
5、行号：120
6、文件名：f:\Net_Project.DosORM\Project\Dos.ORM\Dos.ORM.Common\Helpers\LogHelper.cs
7、详细信息：数据操作
    日志描述：秦波对【角色管理】进行“查询”操作
    操作人员：秦波[0ad06755-9fde-4ddd-9dcb-448462155a03]
    操作地址：/MsSys/Role/GetList
    操作结果：操作成功
    操作描述：数据查询成功！
    IP地址：192.168.1.102
    浏览器：Chrome 53.0
    操作系统：Windows 10
    记录时间：2016 09 03 14:55:37:8607
    详细数据：【{"LogId":"1fb2db60-16f0-4a98-a74d-6b11c65befe3","LogTypeId":101,"LogTypeName":"数据操作","CompanyId":"078736e6-0cc2-48dc-80f1-6330419b4af1","DataId":null,"OptUserId":"0ad06755-9fde-4ddd-9dcb-448462155a03","OptUserName":"秦波","OptTime":"2016-09-03 14:55:37","OptModuleName":"角色管理","OptModulePath":"/MsSys/Role/GetList","OptTypeId":1003,"OptTypeName":"查询","OptResultId":100,"OptResultName":"操作成功","OptSystem":"Windows 10","Browser":"Chrome 53.0","IP":"192.168.1.102","Mac":"B8:76:3F:1F:BC:40","Desc":"数据查询成功！","Status":1}】

#############################################################################

1、时间：2016-09-03 14:56:14,914
2、优先级别：INFO
3、线程ID：21
4、耗时：853037
5、行号：120
6、文件名：f:\Net_Project.DosORM\Project\Dos.ORM\Dos.ORM.Common\Helpers\LogHelper.cs
7、详细信息：数据操作
    日志描述：秦波对【角色管理】进行“查询”操作
    操作人员：秦波[0ad06755-9fde-4ddd-9dcb-448462155a03]
    操作地址：/MsSys/Role/GetList
    操作结果：操作成功
    操作描述：数据查询成功！
    IP地址：192.168.1.102
    浏览器：Chrome 53.0
    操作系统：Windows 10
    记录时间：2016 09 03 14:56:14:8883
    详细数据：【{"LogId":"ef841894-88ff-4fcf-a094-6d3f12476e86","LogTypeId":101,"LogTypeName":"数据操作","CompanyId":"078736e6-0cc2-48dc-80f1-6330419b4af1","DataId":null,"OptUserId":"0ad06755-9fde-4ddd-9dcb-448462155a03","OptUserName":"秦波","OptTime":"2016-09-03 14:56:14","OptModuleName":"角色管理","OptModulePath":"/MsSys/Role/GetList","OptTypeId":1003,"OptTypeName":"查询","OptResultId":100,"OptResultName":"操作成功","OptSystem":"Windows 10","Browser":"Chrome 53.0","IP":"192.168.1.102","Mac":"B8:76:3F:1F:BC:40","Desc":"数据查询成功！","Status":1}】

#############################################################################

1、时间：2016-09-03 14:58:11,577
2、优先级别：INFO
3、线程ID：28
4、耗时：969700
5、行号：120
6、文件名：f:\Net_Project.DosORM\Project\Dos.ORM\Dos.ORM.Common\Helpers\LogHelper.cs
7、详细信息：数据操作
    日志描述：秦波对【部门管理】进行“查询”操作
    操作人员：秦波[0ad06755-9fde-4ddd-9dcb-448462155a03]
    操作地址：/MsSys/Department/GetList
    操作结果：操作成功
    操作描述：数据查询成功！
    IP地址：192.168.1.102
    浏览器：Chrome 53.0
    操作系统：Windows 10
    记录时间：2016 09 03 14:58:11:5461
    详细数据：【{"LogId":"02d84775-21a6-49d4-88ba-4efe29d86ba4","LogTypeId":101,"LogTypeName":"数据操作","CompanyId":"078736e6-0cc2-48dc-80f1-6330419b4af1","DataId":null,"OptUserId":"0ad06755-9fde-4ddd-9dcb-448462155a03","OptUserName":"秦波","OptTime":"2016-09-03 14:58:11","OptModuleName":"部门管理","OptModulePath":"/MsSys/Department/GetList","OptTypeId":1003,"OptTypeName":"查询","OptResultId":100,"OptResultName":"操作成功","OptSystem":"Windows 10","Browser":"Chrome 53.0","IP":"192.168.1.102","Mac":"B8:76:3F:1F:BC:40","Desc":"数据查询成功！","Status":1}】

#############################################################################

1、时间：2016-09-03 14:58:58,771
2、优先级别：INFO
3、线程ID：7
4、耗时：1016894
5、行号：120
6、文件名：f:\Net_Project.DosORM\Project\Dos.ORM\Dos.ORM.Common\Helpers\LogHelper.cs
7、详细信息：数据操作
    日志描述：秦波对【部门管理】进行“查询”操作
    操作人员：秦波[0ad06755-9fde-4ddd-9dcb-448462155a03]
    操作地址：/MsSys/Department/GetList
    操作结果：操作成功
    操作描述：数据查询成功！
    IP地址：192.168.1.102
    浏览器：Chrome 53.0
    操作系统：Windows 10
    记录时间：2016 09 03 14:58:58:7407
    详细数据：【{"LogId":"1909d664-cc71-409e-8522-dc440a29567f","LogTypeId":101,"LogTypeName":"数据操作","CompanyId":"078736e6-0cc2-48dc-80f1-6330419b4af1","DataId":null,"OptUserId":"0ad06755-9fde-4ddd-9dcb-448462155a03","OptUserName":"秦波","OptTime":"2016-09-03 14:58:58","OptModuleName":"部门管理","OptModulePath":"/MsSys/Department/GetList","OptTypeId":1003,"OptTypeName":"查询","OptResultId":100,"OptResultName":"操作成功","OptSystem":"Windows 10","Browser":"Chrome 53.0","IP":"192.168.1.102","Mac":"B8:76:3F:1F:BC:40","Desc":"数据查询成功！","Status":1}】

#############################################################################

1、时间：2016-09-03 15:00:27,219
2、优先级别：INFO
3、线程ID：28
4、耗时：1105342
5、行号：120
6、文件名：f:\Net_Project.DosORM\Project\Dos.ORM\Dos.ORM.Common\Helpers\LogHelper.cs
7、详细信息：数据操作
    日志描述：秦波对【部门管理】进行“查询”操作
    操作人员：秦波[0ad06755-9fde-4ddd-9dcb-448462155a03]
    操作地址：/MsSys/Department/GetList
    操作结果：操作成功
    操作描述：数据查询成功！
    IP地址：192.168.1.102
    浏览器：Chrome 53.0
    操作系统：Windows 10
    记录时间：2016 09 03 15:00:27:1893
    详细数据：【{"LogId":"32b4a872-74a7-4ab1-88a4-33fcabb075ec","LogTypeId":101,"LogTypeName":"数据操作","CompanyId":"078736e6-0cc2-48dc-80f1-6330419b4af1","DataId":null,"OptUserId":"0ad06755-9fde-4ddd-9dcb-448462155a03","OptUserName":"秦波","OptTime":"2016-09-03 15:00:27","OptModuleName":"部门管理","OptModulePath":"/MsSys/Department/GetList","OptTypeId":1003,"OptTypeName":"查询","OptResultId":100,"OptResultName":"操作成功","OptSystem":"Windows 10","Browser":"Chrome 53.0","IP":"192.168.1.102","Mac":"B8:76:3F:1F:BC:40","Desc":"数据查询成功！","Status":1}】

#############################################################################

1、时间：2016-09-03 15:02:16,682
2、优先级别：INFO
3、线程ID：23
4、耗时：17088
5、行号：120
6、文件名：f:\Net_Project.DosORM\Project\Dos.ORM\Dos.ORM.Common\Helpers\LogHelper.cs
7、详细信息：登录登出
    日志描述：秦波对【登录系统】进行“登录”操作
    操作人员：秦波[0ad06755-9fde-4ddd-9dcb-448462155a03]
    操作地址：/MsSys/Login/CheckLogin
    操作结果：登录成功
    操作描述：登录成功！
    IP地址：192.168.1.102
    浏览器：Chrome 53.0
    操作系统：Windows 10
    记录时间：2016 09 03 15:02:16:5675
    详细数据：【{"LogId":"c9cc0762-b85e-4768-a56d-4b2ea984d3ae","LogTypeId":100,"LogTypeName":"登录登出","CompanyId":"078736e6-0cc2-48dc-80f1-6330419b4af1","DataId":null,"OptUserId":"0ad06755-9fde-4ddd-9dcb-448462155a03","OptUserName":"秦波","OptTime":"2016-09-03 15:02:16","OptModuleName":"登录系统","OptModulePath":"/MsSys/Login/CheckLogin","OptTypeId":2001,"OptTypeName":"登录","OptResultId":300,"OptResultName":"登录成功","OptSystem":"Windows 10","Browser":"Chrome 53.0","IP":"192.168.1.102","Mac":"B8:76:3F:1F:BC:40","Desc":"登录成功！","Status":1}】

#############################################################################

1、时间：2016-09-03 20:33:35,500
2、优先级别：INFO
3、线程ID：9
4、耗时：23513
5、行号：120
6、文件名：f:\Net_Project.DosORM\Project\Dos.ORM\Dos.ORM.Common\Helpers\LogHelper.cs
7、详细信息：登录登出
    日志描述：秦波对【登录系统】进行“登录”操作
    操作人员：秦波[0ad06755-9fde-4ddd-9dcb-448462155a03]
    操作地址：/MsSys/Login/CheckLogin
    操作结果：登录成功
    操作描述：登录成功！
    IP地址：192.168.1.102
    浏览器：Chrome 53.0
    操作系统：Windows 10
    记录时间：2016 09 03 20:33:35:1557
    详细数据：【{"LogId":"8eeb9116-58ac-43c6-be0d-422af051968a","LogTypeId":100,"LogTypeName":"登录登出","CompanyId":"078736e6-0cc2-48dc-80f1-6330419b4af1","DataId":null,"OptUserId":"0ad06755-9fde-4ddd-9dcb-448462155a03","OptUserName":"秦波","OptTime":"2016-09-03 20:33:35","OptModuleName":"登录系统","OptModulePath":"/MsSys/Login/CheckLogin","OptTypeId":2001,"OptTypeName":"登录","OptResultId":300,"OptResultName":"登录成功","OptSystem":"Windows 10","Browser":"Chrome 53.0","IP":"192.168.1.102","Mac":"B8:76:3F:1F:BC:40","Desc":"登录成功！","Status":1}】

#############################################################################

1、时间：2016-09-03 20:35:58,367
2、优先级别：INFO
3、线程ID：5
4、耗时：166381
5、行号：120
6、文件名：f:\Net_Project.DosORM\Project\Dos.ORM\Dos.ORM.Common\Helpers\LogHelper.cs
7、详细信息：数据操作
    日志描述：秦波对【公司管理】进行“查询”操作
    操作人员：秦波[0ad06755-9fde-4ddd-9dcb-448462155a03]
    操作地址：/MsSys/Company/GetList
    操作结果：操作成功
    操作描述：数据查询成功！
    IP地址：192.168.1.102
    浏览器：Chrome 53.0
    操作系统：Windows 10
    记录时间：2016 09 03 20:35:58:3379
    详细数据：【{"LogId":"b7b934eb-349c-4528-9a06-544d0f620a3d","LogTypeId":101,"LogTypeName":"数据操作","CompanyId":"078736e6-0cc2-48dc-80f1-6330419b4af1","DataId":null,"OptUserId":"0ad06755-9fde-4ddd-9dcb-448462155a03","OptUserName":"秦波","OptTime":"2016-09-03 20:35:58","OptModuleName":"公司管理","OptModulePath":"/MsSys/Company/GetList","OptTypeId":1003,"OptTypeName":"查询","OptResultId":100,"OptResultName":"操作成功","OptSystem":"Windows 10","Browser":"Chrome 53.0","IP":"192.168.1.102","Mac":"B8:76:3F:1F:BC:40","Desc":"数据查询成功！","Status":1}】
