
#############################################################################

1、时间：2016-12-26 16:11:02,625
2、优先级别：INFO
3、线程ID：59
4、耗时：16777
5、行号：120
6、文件名：e:\Net_03.Personal\Net_Project.DosORM\Project\Dos.ORM\Dos.ORM.Common\Helpers\LogHelper.cs
7、详细信息：登录登出
    日志描述：秦波对【登录系统】进行“登录”操作
    操作人员：秦波[0ad06755-9fde-4ddd-9dcb-448462155a03]
    操作地址：/MsSys/Login/CheckLogin
    操作结果：登录成功
    操作描述：登录成功！
    IP地址：127.0.0.1
    浏览器：Chrome 55.0
    操作系统：Windows 10
    记录时间：2016 12 26 16:11:02:0538
    详细数据：【{"LogId":"fd7a046e-45a4-4b6d-8fc9-84c851cfad5a","LogTypeId":100,"LogTypeName":"登录登出","CompanyId":"078736e6-0cc2-48dc-80f1-6330419b4af1","DataId":null,"OptUserId":"0ad06755-9fde-4ddd-9dcb-448462155a03","OptUserName":"秦波","OptTime":"2016-12-26 16:11:02","OptModuleName":"登录系统","OptModulePath":"/MsSys/Login/CheckLogin","OptTypeId":2001,"OptTypeName":"登录","OptResultId":300,"OptResultName":"登录成功","OptSystem":"Windows 10","Browser":"Chrome 55.0","IP":"127.0.0.1","Mac":"40:8D:5C:30:F1:7D","Desc":"登录成功！","Status":1}】

#############################################################################

1、时间：2016-12-26 16:11:46,334
2、优先级别：INFO
3、线程ID：61
4、耗时：60487
5、行号：120
6、文件名：e:\Net_03.Personal\Net_Project.DosORM\Project\Dos.ORM\Dos.ORM.Common\Helpers\LogHelper.cs
7、详细信息：数据操作
    日志描述：秦波对【公司管理】进行“查询”操作
    操作人员：秦波[0ad06755-9fde-4ddd-9dcb-448462155a03]
    操作地址：/MsSys/Company/GetList
    操作结果：操作成功
    操作描述：数据查询成功！
    IP地址：127.0.0.1
    浏览器：Chrome 55.0
    操作系统：Windows 10
    记录时间：2016 12 26 16:11:46:3018
    详细数据：【{"LogId":"65424286-b1f9-45a7-8926-cf5b8dd9d78f","LogTypeId":101,"LogTypeName":"数据操作","CompanyId":"078736e6-0cc2-48dc-80f1-6330419b4af1","DataId":null,"OptUserId":"0ad06755-9fde-4ddd-9dcb-448462155a03","OptUserName":"秦波","OptTime":"2016-12-26 16:11:46","OptModuleName":"公司管理","OptModulePath":"/MsSys/Company/GetList","OptTypeId":1003,"OptTypeName":"查询","OptResultId":100,"OptResultName":"操作成功","OptSystem":"Windows 10","Browser":"Chrome 55.0","IP":"127.0.0.1","Mac":"40:8D:5C:30:F1:7D","Desc":"数据查询成功！","Status":1}】
