
#############################################################################

1、时间：2016-10-13 15:01:02,419
2、优先级别：INFO
3、线程ID：8
4、耗时：13391
5、行号：120
6、文件名：f:\Net_Project.DosORM\Project\Dos.ORM\Dos.ORM.Common\Helpers\LogHelper.cs
7、详细信息：登录登出
    日志描述：秦波对【登录系统】进行“登录”操作
    操作人员：秦波[0ad06755-9fde-4ddd-9dcb-448462155a03]
    操作地址：/MsSys/Login/CheckLogin
    操作结果：登录成功
    操作描述：登录成功！
    IP地址：127.0.0.1
    浏览器：Chrome 54.0
    操作系统：Windows 10
    记录时间：2016 10 13 15:01:01:3652
    详细数据：【{"LogId":"93e07ff1-a247-4620-bec2-d4f9bd6afc6a","LogTypeId":100,"LogTypeName":"登录登出","CompanyId":"078736e6-0cc2-48dc-80f1-6330419b4af1","DataId":null,"OptUserId":"0ad06755-9fde-4ddd-9dcb-448462155a03","OptUserName":"秦波","OptTime":"2016-10-13 15:01:01","OptModuleName":"登录系统","OptModulePath":"/MsSys/Login/CheckLogin","OptTypeId":2001,"OptTypeName":"登录","OptResultId":300,"OptResultName":"登录成功","OptSystem":"Windows 10","Browser":"Chrome 54.0","IP":"127.0.0.1","Mac":"40:8D:5C:30:F1:7D","Desc":"登录成功！","Status":1}】

#############################################################################

1、时间：2016-10-13 15:01:30,454
2、优先级别：INFO
3、线程ID：5
4、耗时：41426
5、行号：120
6、文件名：f:\Net_Project.DosORM\Project\Dos.ORM\Dos.ORM.Common\Helpers\LogHelper.cs
7、详细信息：数据操作
    日志描述：秦波对【部门管理】进行“查询”操作
    操作人员：秦波[0ad06755-9fde-4ddd-9dcb-448462155a03]
    操作地址：/MsSys/Department/GetList
    操作结果：操作成功
    操作描述：数据查询成功！
    IP地址：127.0.0.1
    浏览器：Chrome 54.0
    操作系统：Windows 10
    记录时间：2016 10 13 15:01:30:4042
    详细数据：【{"LogId":"7b6f0dfc-763f-4198-b4ef-fd07de5f91a9","LogTypeId":101,"LogTypeName":"数据操作","CompanyId":"078736e6-0cc2-48dc-80f1-6330419b4af1","DataId":null,"OptUserId":"0ad06755-9fde-4ddd-9dcb-448462155a03","OptUserName":"秦波","OptTime":"2016-10-13 15:01:30","OptModuleName":"部门管理","OptModulePath":"/MsSys/Department/GetList","OptTypeId":1003,"OptTypeName":"查询","OptResultId":100,"OptResultName":"操作成功","OptSystem":"Windows 10","Browser":"Chrome 54.0","IP":"127.0.0.1","Mac":"40:8D:5C:30:F1:7D","Desc":"数据查询成功！","Status":1}】

#############################################################################

1、时间：2016-10-13 18:44:23,428
2、优先级别：INFO
3、线程ID：16
4、耗时：189203
5、行号：120
6、文件名：f:\Net_Project.DosORM\Project\Dos.ORM\Dos.ORM.Common\Helpers\LogHelper.cs
7、详细信息：登录登出
    日志描述：秦波对【登录系统】进行“登录”操作
    操作人员：秦波[0ad06755-9fde-4ddd-9dcb-448462155a03]
    操作地址：/MsSys/Login/CheckLogin
    操作结果：登录成功
    操作描述：登录成功！
    IP地址：127.0.0.1
    浏览器：Chrome 54.0
    操作系统：Windows 10
    记录时间：2016 10 13 18:44:23:1408
    详细数据：【{"LogId":"4b6a7318-58b6-4c53-ba69-ef1ce161be49","LogTypeId":100,"LogTypeName":"登录登出","CompanyId":"078736e6-0cc2-48dc-80f1-6330419b4af1","DataId":null,"OptUserId":"0ad06755-9fde-4ddd-9dcb-448462155a03","OptUserName":"秦波","OptTime":"2016-10-13 18:44:23","OptModuleName":"登录系统","OptModulePath":"/MsSys/Login/CheckLogin","OptTypeId":2001,"OptTypeName":"登录","OptResultId":300,"OptResultName":"登录成功","OptSystem":"Windows 10","Browser":"Chrome 54.0","IP":"127.0.0.1","Mac":"40:8D:5C:30:F1:7D","Desc":"登录成功！","Status":1}】

#############################################################################

1、时间：2016-10-13 18:44:26,148
2、优先级别：INFO
3、线程ID：15
4、耗时：191924
5、行号：120
6、文件名：f:\Net_Project.DosORM\Project\Dos.ORM\Dos.ORM.Common\Helpers\LogHelper.cs
7、详细信息：登录登出
    日志描述：秦波对【登录系统】进行“登录”操作
    操作人员：秦波[0ad06755-9fde-4ddd-9dcb-448462155a03]
    操作地址：/MsSys/Login/CheckLogin
    操作结果：登录成功
    操作描述：登录成功！
    IP地址：127.0.0.1
    浏览器：Chrome 54.0
    操作系统：Windows 10
    记录时间：2016 10 13 18:44:26:1158
    详细数据：【{"LogId":"81bb8138-ceab-45ab-8deb-079d02c71caa","LogTypeId":100,"LogTypeName":"登录登出","CompanyId":"078736e6-0cc2-48dc-80f1-6330419b4af1","DataId":null,"OptUserId":"0ad06755-9fde-4ddd-9dcb-448462155a03","OptUserName":"秦波","OptTime":"2016-10-13 18:44:26","OptModuleName":"登录系统","OptModulePath":"/MsSys/Login/CheckLogin","OptTypeId":2001,"OptTypeName":"登录","OptResultId":300,"OptResultName":"登录成功","OptSystem":"Windows 10","Browser":"Chrome 54.0","IP":"127.0.0.1","Mac":"40:8D:5C:30:F1:7D","Desc":"登录成功！","Status":1}】

#############################################################################

1、时间：2016-10-13 18:44:54,403
2、优先级别：INFO
3、线程ID：19
4、耗时：220179
5、行号：120
6、文件名：f:\Net_Project.DosORM\Project\Dos.ORM\Dos.ORM.Common\Helpers\LogHelper.cs
7、详细信息：数据操作
    日志描述：秦波对【部门管理】进行“查询”操作
    操作人员：秦波[0ad06755-9fde-4ddd-9dcb-448462155a03]
    操作地址：/MsSys/Department/GetList
    操作结果：操作成功
    操作描述：数据查询成功！
    IP地址：127.0.0.1
    浏览器：Chrome 54.0
    操作系统：Windows 10
    记录时间：2016 10 13 18:44:54:3606
    详细数据：【{"LogId":"78732d2f-e501-4338-820a-3261f592f4d7","LogTypeId":101,"LogTypeName":"数据操作","CompanyId":"078736e6-0cc2-48dc-80f1-6330419b4af1","DataId":null,"OptUserId":"0ad06755-9fde-4ddd-9dcb-448462155a03","OptUserName":"秦波","OptTime":"2016-10-13 18:44:54","OptModuleName":"部门管理","OptModulePath":"/MsSys/Department/GetList","OptTypeId":1003,"OptTypeName":"查询","OptResultId":100,"OptResultName":"操作成功","OptSystem":"Windows 10","Browser":"Chrome 54.0","IP":"127.0.0.1","Mac":"40:8D:5C:30:F1:7D","Desc":"数据查询成功！","Status":1}】

#############################################################################

1、时间：2016-10-13 18:45:18,622
2、优先级别：INFO
3、线程ID：16
4、耗时：244398
5、行号：120
6、文件名：f:\Net_Project.DosORM\Project\Dos.ORM\Dos.ORM.Common\Helpers\LogHelper.cs
7、详细信息：数据操作
    日志描述：秦波对【部门管理】进行“查询”操作
    操作人员：秦波[0ad06755-9fde-4ddd-9dcb-448462155a03]
    操作地址：/MsSys/Department/GetList
    操作结果：操作成功
    操作描述：数据查询成功！
    IP地址：127.0.0.1
    浏览器：Chrome 54.0
    操作系统：Windows 10
    记录时间：2016 10 13 18:45:18:6023
    详细数据：【{"LogId":"95da9cb4-079e-4bef-83b2-ff5a5791ef1d","LogTypeId":101,"LogTypeName":"数据操作","CompanyId":"078736e6-0cc2-48dc-80f1-6330419b4af1","DataId":null,"OptUserId":"0ad06755-9fde-4ddd-9dcb-448462155a03","OptUserName":"秦波","OptTime":"2016-10-13 18:45:18","OptModuleName":"部门管理","OptModulePath":"/MsSys/Department/GetList","OptTypeId":1003,"OptTypeName":"查询","OptResultId":100,"OptResultName":"操作成功","OptSystem":"Windows 10","Browser":"Chrome 54.0","IP":"127.0.0.1","Mac":"40:8D:5C:30:F1:7D","Desc":"数据查询成功！","Status":1}】

#############################################################################

1、时间：2016-10-13 18:45:23,766
2、优先级别：INFO
3、线程ID：14
4、耗时：249542
5、行号：120
6、文件名：f:\Net_Project.DosORM\Project\Dos.ORM\Dos.ORM.Common\Helpers\LogHelper.cs
7、详细信息：数据操作
    日志描述：秦波对【角色管理】进行“查询”操作
    操作人员：秦波[0ad06755-9fde-4ddd-9dcb-448462155a03]
    操作地址：/MsSys/Role/GetList
    操作结果：操作成功
    操作描述：数据查询成功！
    IP地址：127.0.0.1
    浏览器：Chrome 54.0
    操作系统：Windows 10
    记录时间：2016 10 13 18:45:23:7394
    详细数据：【{"LogId":"adf8ccc5-7a83-45a3-97b0-569a83111949","LogTypeId":101,"LogTypeName":"数据操作","CompanyId":"078736e6-0cc2-48dc-80f1-6330419b4af1","DataId":null,"OptUserId":"0ad06755-9fde-4ddd-9dcb-448462155a03","OptUserName":"秦波","OptTime":"2016-10-13 18:45:23","OptModuleName":"角色管理","OptModulePath":"/MsSys/Role/GetList","OptTypeId":1003,"OptTypeName":"查询","OptResultId":100,"OptResultName":"操作成功","OptSystem":"Windows 10","Browser":"Chrome 54.0","IP":"127.0.0.1","Mac":"40:8D:5C:30:F1:7D","Desc":"数据查询成功！","Status":1}】

#############################################################################

1、时间：2016-10-13 18:45:47,945
2、优先级别：INFO
3、线程ID：13
4、耗时：273720
5、行号：120
6、文件名：f:\Net_Project.DosORM\Project\Dos.ORM\Dos.ORM.Common\Helpers\LogHelper.cs
7、详细信息：数据操作
    日志描述：秦波对【管理员管理】进行“查询”操作
    操作人员：秦波[0ad06755-9fde-4ddd-9dcb-448462155a03]
    操作地址：/MsSys/Operator/GetList
    操作结果：操作成功
    操作描述：数据查询成功！
    IP地址：127.0.0.1
    浏览器：Chrome 54.0
    操作系统：Windows 10
    记录时间：2016 10 13 18:45:47:9062
    详细数据：【{"LogId":"789ba8bc-0b4e-4b3e-b172-7e4c55685736","LogTypeId":101,"LogTypeName":"数据操作","CompanyId":"078736e6-0cc2-48dc-80f1-6330419b4af1","DataId":null,"OptUserId":"0ad06755-9fde-4ddd-9dcb-448462155a03","OptUserName":"秦波","OptTime":"2016-10-13 18:45:47","OptModuleName":"管理员管理","OptModulePath":"/MsSys/Operator/GetList","OptTypeId":1003,"OptTypeName":"查询","OptResultId":100,"OptResultName":"操作成功","OptSystem":"Windows 10","Browser":"Chrome 54.0","IP":"127.0.0.1","Mac":"40:8D:5C:30:F1:7D","Desc":"数据查询成功！","Status":1}】

#############################################################################

1、时间：2016-10-13 18:46:22,885
2、优先级别：INFO
3、线程ID：14
4、耗时：308660
5、行号：120
6、文件名：f:\Net_Project.DosORM\Project\Dos.ORM\Dos.ORM.Common\Helpers\LogHelper.cs
7、详细信息：数据操作
    日志描述：秦波对【模块管理】进行“查询”操作
    操作人员：秦波[0ad06755-9fde-4ddd-9dcb-448462155a03]
    操作地址：/MsSys/Module/GetList
    操作结果：操作成功
    操作描述：数据查询成功！
    IP地址：127.0.0.1
    浏览器：Chrome 54.0
    操作系统：Windows 10
    记录时间：2016 10 13 18:46:22:8220
    详细数据：【{"LogId":"d0c50232-28b9-4aa9-81f7-823f39feb201","LogTypeId":101,"LogTypeName":"数据操作","CompanyId":"078736e6-0cc2-48dc-80f1-6330419b4af1","DataId":null,"OptUserId":"0ad06755-9fde-4ddd-9dcb-448462155a03","OptUserName":"秦波","OptTime":"2016-10-13 18:46:22","OptModuleName":"模块管理","OptModulePath":"/MsSys/Module/GetList","OptTypeId":1003,"OptTypeName":"查询","OptResultId":100,"OptResultName":"操作成功","OptSystem":"Windows 10","Browser":"Chrome 54.0","IP":"127.0.0.1","Mac":"40:8D:5C:30:F1:7D","Desc":"数据查询成功！","Status":1}】

#############################################################################

1、时间：2016-10-13 18:49:20,884
2、优先级别：INFO
3、线程ID：8
4、耗时：486659
5、行号：120
6、文件名：f:\Net_Project.DosORM\Project\Dos.ORM\Dos.ORM.Common\Helpers\LogHelper.cs
7、详细信息：数据操作
    日志描述：秦波对【新闻类别管理】进行“查询”操作
    操作人员：秦波[0ad06755-9fde-4ddd-9dcb-448462155a03]
    操作地址：/MsBus/NewsType/GetList
    操作结果：操作成功
    操作描述：数据查询成功！
    IP地址：127.0.0.1
    浏览器：Chrome 54.0
    操作系统：Windows 10
    记录时间：2016 10 13 18:49:20:8639
    详细数据：【{"LogId":"a5c089ad-6925-43e7-917c-fb73a09ab6b2","LogTypeId":101,"LogTypeName":"数据操作","CompanyId":"078736e6-0cc2-48dc-80f1-6330419b4af1","DataId":null,"OptUserId":"0ad06755-9fde-4ddd-9dcb-448462155a03","OptUserName":"秦波","OptTime":"2016-10-13 18:49:20","OptModuleName":"新闻类别管理","OptModulePath":"/MsBus/NewsType/GetList","OptTypeId":1003,"OptTypeName":"查询","OptResultId":100,"OptResultName":"操作成功","OptSystem":"Windows 10","Browser":"Chrome 54.0","IP":"127.0.0.1","Mac":"40:8D:5C:30:F1:7D","Desc":"数据查询成功！","Status":1}】

#############################################################################

1、时间：2016-10-13 18:49:25,150
2、优先级别：INFO
3、线程ID：23
4、耗时：490926
5、行号：120
6、文件名：f:\Net_Project.DosORM\Project\Dos.ORM\Dos.ORM.Common\Helpers\LogHelper.cs
7、详细信息：数据操作
    日志描述：秦波对【新闻信息管理】进行“查询”操作
    操作人员：秦波[0ad06755-9fde-4ddd-9dcb-448462155a03]
    操作地址：/MsBus/NewsInfo/GetList
    操作结果：操作成功
    操作描述：数据查询成功！
    IP地址：127.0.0.1
    浏览器：Chrome 54.0
    操作系统：Windows 10
    记录时间：2016 10 13 18:49:25:1366
    详细数据：【{"LogId":"93143cdc-dabf-4fcf-a616-1553abde9825","LogTypeId":101,"LogTypeName":"数据操作","CompanyId":"078736e6-0cc2-48dc-80f1-6330419b4af1","DataId":null,"OptUserId":"0ad06755-9fde-4ddd-9dcb-448462155a03","OptUserName":"秦波","OptTime":"2016-10-13 18:49:25","OptModuleName":"新闻信息管理","OptModulePath":"/MsBus/NewsInfo/GetList","OptTypeId":1003,"OptTypeName":"查询","OptResultId":100,"OptResultName":"操作成功","OptSystem":"Windows 10","Browser":"Chrome 54.0","IP":"127.0.0.1","Mac":"40:8D:5C:30:F1:7D","Desc":"数据查询成功！","Status":1}】
