
#############################################################################

1、时间：2016-11-10 13:44:50,758
2、优先级别：INFO
3、线程ID：41
4、耗时：262675
5、行号：120
6、文件名：e:\Net_03.Personal\Net_Project.DosORM\Project\Dos.ORM\Dos.ORM.Common\Helpers\LogHelper.cs
7、详细信息：登录登出
    日志描述：秦波对【登录系统】进行“登录”操作
    操作人员：秦波[0ad06755-9fde-4ddd-9dcb-448462155a03]
    操作地址：/MsSys/Login/CheckLogin
    操作结果：登录成功
    操作描述：登录成功！
    IP地址：192.168.0.200
    浏览器：Chrome 54.0
    操作系统：Windows 10
    记录时间：2016 11 10 13:44:50:3570
    详细数据：【{"LogId":"d2541a98-f466-466d-9aa8-f90f30a654c5","LogTypeId":100,"LogTypeName":"登录登出","CompanyId":"078736e6-0cc2-48dc-80f1-6330419b4af1","DataId":null,"OptUserId":"0ad06755-9fde-4ddd-9dcb-448462155a03","OptUserName":"秦波","OptTime":"2016-11-10 13:44:50","OptModuleName":"登录系统","OptModulePath":"/MsSys/Login/CheckLogin","OptTypeId":2001,"OptTypeName":"登录","OptResultId":300,"OptResultName":"登录成功","OptSystem":"Windows 10","Browser":"Chrome 54.0","IP":"192.168.0.200","Mac":"40:8D:5C:30:F1:7D","Desc":"登录成功！","Status":1}】

#############################################################################

1、时间：2016-11-10 13:47:54,792
2、优先级别：INFO
3、线程ID：36
4、耗时：54227
5、行号：120
6、文件名：e:\Net_03.Personal\Net_Project.DosORM\Project\Dos.ORM\Dos.ORM.Common\Helpers\LogHelper.cs
7、详细信息：登录登出
    日志描述：秦波对【登录系统】进行“登录”操作
    操作人员：秦波[0ad06755-9fde-4ddd-9dcb-448462155a03]
    操作地址：/MsSys/Login/CheckLogin
    操作结果：登录成功
    操作描述：登录成功！
    IP地址：192.168.0.200
    浏览器：Chrome 54.0
    操作系统：Windows 10
    记录时间：2016 11 10 13:47:54:7328
    详细数据：【{"LogId":"c7c15672-2b74-4f7a-8fa8-a218db9dd3da","LogTypeId":100,"LogTypeName":"登录登出","CompanyId":"078736e6-0cc2-48dc-80f1-6330419b4af1","DataId":null,"OptUserId":"0ad06755-9fde-4ddd-9dcb-448462155a03","OptUserName":"秦波","OptTime":"2016-11-10 13:47:54","OptModuleName":"登录系统","OptModulePath":"/MsSys/Login/CheckLogin","OptTypeId":2001,"OptTypeName":"登录","OptResultId":300,"OptResultName":"登录成功","OptSystem":"Windows 10","Browser":"Chrome 54.0","IP":"192.168.0.200","Mac":"40:8D:5C:30:F1:7D","Desc":"登录成功！","Status":1}】

#############################################################################

1、时间：2016-11-10 14:58:22,089
2、优先级别：INFO
3、线程ID：5
4、耗时：66470
5、行号：120
6、文件名：e:\Net_03.Personal\Net_Project.DosORM\Project\Dos.ORM\Dos.ORM.Common\Helpers\LogHelper.cs
7、详细信息：登录登出
    日志描述：秦波对【登录系统】进行“登录”操作
    操作人员：秦波[0ad06755-9fde-4ddd-9dcb-448462155a03]
    操作地址：/MsSys/Login/CheckLogin
    操作结果：登录成功
    操作描述：登录成功！
    IP地址：192.168.0.200
    浏览器：Chrome 54.0
    操作系统：Windows 10
    记录时间：2016 11 10 14:58:21:6803
    详细数据：【{"LogId":"86b26d7e-e0d9-4dc4-865e-3945c0b98a3a","LogTypeId":100,"LogTypeName":"登录登出","CompanyId":"078736e6-0cc2-48dc-80f1-6330419b4af1","DataId":null,"OptUserId":"0ad06755-9fde-4ddd-9dcb-448462155a03","OptUserName":"秦波","OptTime":"2016-11-10 14:58:21","OptModuleName":"登录系统","OptModulePath":"/MsSys/Login/CheckLogin","OptTypeId":2001,"OptTypeName":"登录","OptResultId":300,"OptResultName":"登录成功","OptSystem":"Windows 10","Browser":"Chrome 54.0","IP":"192.168.0.200","Mac":"40:8D:5C:30:F1:7D","Desc":"登录成功！","Status":1}】

#############################################################################

1、时间：2016-11-10 14:58:35,616
2、优先级别：INFO
3、线程ID：5
4、耗时：79997
5、行号：120
6、文件名：e:\Net_03.Personal\Net_Project.DosORM\Project\Dos.ORM\Dos.ORM.Common\Helpers\LogHelper.cs
7、详细信息：数据操作
    日志描述：秦波对【公司管理】进行“查询”操作
    操作人员：秦波[0ad06755-9fde-4ddd-9dcb-448462155a03]
    操作地址：/MsSys/Company/GetList
    操作结果：操作成功
    操作描述：数据查询成功！
    IP地址：192.168.0.200
    浏览器：Chrome 54.0
    操作系统：Windows 10
    记录时间：2016 11 10 14:58:35:5685
    详细数据：【{"LogId":"58147e91-8396-4dad-b35b-4b9f1520d57b","LogTypeId":101,"LogTypeName":"数据操作","CompanyId":"078736e6-0cc2-48dc-80f1-6330419b4af1","DataId":null,"OptUserId":"0ad06755-9fde-4ddd-9dcb-448462155a03","OptUserName":"秦波","OptTime":"2016-11-10 14:58:35","OptModuleName":"公司管理","OptModulePath":"/MsSys/Company/GetList","OptTypeId":1003,"OptTypeName":"查询","OptResultId":100,"OptResultName":"操作成功","OptSystem":"Windows 10","Browser":"Chrome 54.0","IP":"192.168.0.200","Mac":"40:8D:5C:30:F1:7D","Desc":"数据查询成功！","Status":1}】

#############################################################################

1、时间：2016-11-10 15:38:16,832
2、优先级别：INFO
3、线程ID：6
4、耗时：6341
5、行号：120
6、文件名：e:\Net_03.Personal\Net_Project.DosORM\Project\Dos.ORM\Dos.ORM.Common\Helpers\LogHelper.cs
7、详细信息：登录登出
    日志描述：秦波对【登录系统】进行“登录”操作
    操作人员：秦波[0ad06755-9fde-4ddd-9dcb-448462155a03]
    操作地址：/MsSys/Login/CheckLogin
    操作结果：登录成功
    操作描述：登录成功！
    IP地址：192.168.0.200
    浏览器：Chrome 54.0
    操作系统：Windows 10
    记录时间：2016 11 10 15:38:16:7343
    详细数据：【{"LogId":"1196f2b1-b92d-4f20-8bae-b52d6b8fc561","LogTypeId":100,"LogTypeName":"登录登出","CompanyId":"078736e6-0cc2-48dc-80f1-6330419b4af1","DataId":null,"OptUserId":"0ad06755-9fde-4ddd-9dcb-448462155a03","OptUserName":"秦波","OptTime":"2016-11-10 15:38:16","OptModuleName":"登录系统","OptModulePath":"/MsSys/Login/CheckLogin","OptTypeId":2001,"OptTypeName":"登录","OptResultId":300,"OptResultName":"登录成功","OptSystem":"Windows 10","Browser":"Chrome 54.0","IP":"192.168.0.200","Mac":"40:8D:5C:30:F1:7D","Desc":"登录成功！","Status":1}】
