
#############################################################################

1、时间：2016-09-04 09:47:17,350
2、优先级别：INFO
3、线程ID：11
4、耗时：291858
5、行号：120
6、文件名：f:\Net_Project.DosORM\Project\Dos.ORM\Dos.ORM.Common\Helpers\LogHelper.cs
7、详细信息：登录登出
    日志描述：秦波对【登录系统】进行“登录”操作
    操作人员：秦波[0ad06755-9fde-4ddd-9dcb-448462155a03]
    操作地址：/MsSys/Login/CheckLogin
    操作结果：登录成功
    操作描述：登录成功！
    IP地址：192.168.1.102
    浏览器：Chrome 53.0
    操作系统：Windows 10
    记录时间：2016 09 04 09:47:17:1242
    详细数据：【{"LogId":"28476b7f-fae6-4dc8-bf92-f0bdbf0ec1c5","LogTypeId":100,"LogTypeName":"登录登出","CompanyId":"078736e6-0cc2-48dc-80f1-6330419b4af1","DataId":null,"OptUserId":"0ad06755-9fde-4ddd-9dcb-448462155a03","OptUserName":"秦波","OptTime":"2016-09-04 09:47:17","OptModuleName":"登录系统","OptModulePath":"/MsSys/Login/CheckLogin","OptTypeId":2001,"OptTypeName":"登录","OptResultId":300,"OptResultName":"登录成功","OptSystem":"Windows 10","Browser":"Chrome 53.0","IP":"192.168.1.102","Mac":"B8:76:3F:1F:BC:40","Desc":"登录成功！","Status":1}】

#############################################################################

1、时间：2016-09-04 10:49:23,333
2、优先级别：INFO
3、线程ID：7
4、耗时：19117
5、行号：120
6、文件名：f:\Net_Project.DosORM\Project\Dos.ORM\Dos.ORM.Common\Helpers\LogHelper.cs
7、详细信息：登录登出
    日志描述：秦波对【登录系统】进行“登录”操作
    操作人员：秦波[0ad06755-9fde-4ddd-9dcb-448462155a03]
    操作地址：/MsSys/Login/CheckLogin
    操作结果：登录成功
    操作描述：登录成功！
    IP地址：192.168.1.102
    浏览器：Chrome 53.0
    操作系统：Windows 10
    记录时间：2016 09 04 10:49:23:1563
    详细数据：【{"LogId":"e5a7fcc8-70fb-4a41-95c1-7efd6269230f","LogTypeId":100,"LogTypeName":"登录登出","CompanyId":"078736e6-0cc2-48dc-80f1-6330419b4af1","DataId":null,"OptUserId":"0ad06755-9fde-4ddd-9dcb-448462155a03","OptUserName":"秦波","OptTime":"2016-09-04 10:49:23","OptModuleName":"登录系统","OptModulePath":"/MsSys/Login/CheckLogin","OptTypeId":2001,"OptTypeName":"登录","OptResultId":300,"OptResultName":"登录成功","OptSystem":"Windows 10","Browser":"Chrome 53.0","IP":"192.168.1.102","Mac":"B8:76:3F:1F:BC:40","Desc":"登录成功！","Status":1}】

#############################################################################

1、时间：2016-09-04 10:55:18,025
2、优先级别：INFO
3、线程ID：16
4、耗时：13139
5、行号：120
6、文件名：f:\Net_Project.DosORM\Project\Dos.ORM\Dos.ORM.Common\Helpers\LogHelper.cs
7、详细信息：登录登出
    日志描述：秦波对【登录系统】进行“登录”操作
    操作人员：秦波[0ad06755-9fde-4ddd-9dcb-448462155a03]
    操作地址：/MsSys/Login/CheckLogin
    操作结果：登录成功
    操作描述：登录成功！
    IP地址：192.168.1.102
    浏览器：Chrome 53.0
    操作系统：Windows 10
    记录时间：2016 09 04 10:55:17:9108
    详细数据：【{"LogId":"76542c35-ff86-413f-b137-1e8565f7822c","LogTypeId":100,"LogTypeName":"登录登出","CompanyId":"078736e6-0cc2-48dc-80f1-6330419b4af1","DataId":null,"OptUserId":"0ad06755-9fde-4ddd-9dcb-448462155a03","OptUserName":"秦波","OptTime":"2016-09-04 10:55:17","OptModuleName":"登录系统","OptModulePath":"/MsSys/Login/CheckLogin","OptTypeId":2001,"OptTypeName":"登录","OptResultId":300,"OptResultName":"登录成功","OptSystem":"Windows 10","Browser":"Chrome 53.0","IP":"192.168.1.102","Mac":"B8:76:3F:1F:BC:40","Desc":"登录成功！","Status":1}】

#############################################################################

1、时间：2016-09-04 11:00:04,906
2、优先级别：INFO
3、线程ID：15
4、耗时：9730
5、行号：120
6、文件名：f:\Net_Project.DosORM\Project\Dos.ORM\Dos.ORM.Common\Helpers\LogHelper.cs
7、详细信息：登录登出
    日志描述：秦波对【登录系统】进行“登录”操作
    操作人员：秦波[0ad06755-9fde-4ddd-9dcb-448462155a03]
    操作地址：/MsSys/Login/CheckLogin
    操作结果：登录成功
    操作描述：登录成功！
    IP地址：192.168.1.102
    浏览器：Chrome 53.0
    操作系统：Windows 10
    记录时间：2016 09 04 11:00:04:7776
    详细数据：【{"LogId":"8b7691f3-f0f1-477f-9180-9232c46efcb8","LogTypeId":100,"LogTypeName":"登录登出","CompanyId":"078736e6-0cc2-48dc-80f1-6330419b4af1","DataId":null,"OptUserId":"0ad06755-9fde-4ddd-9dcb-448462155a03","OptUserName":"秦波","OptTime":"2016-09-04 11:00:04","OptModuleName":"登录系统","OptModulePath":"/MsSys/Login/CheckLogin","OptTypeId":2001,"OptTypeName":"登录","OptResultId":300,"OptResultName":"登录成功","OptSystem":"Windows 10","Browser":"Chrome 53.0","IP":"192.168.1.102","Mac":"B8:76:3F:1F:BC:40","Desc":"登录成功！","Status":1}】

#############################################################################

1、时间：2016-09-04 11:03:09,526
2、优先级别：INFO
3、线程ID：15
4、耗时：8458
5、行号：120
6、文件名：f:\Net_Project.DosORM\Project\Dos.ORM\Dos.ORM.Common\Helpers\LogHelper.cs
7、详细信息：登录登出
    日志描述：秦波对【登录系统】进行“登录”操作
    操作人员：秦波[0ad06755-9fde-4ddd-9dcb-448462155a03]
    操作地址：/MsSys/Login/CheckLogin
    操作结果：登录成功
    操作描述：登录成功！
    IP地址：192.168.1.102
    浏览器：Chrome 53.0
    操作系统：Windows 10
    记录时间：2016 09 04 11:03:09:4551
    详细数据：【{"LogId":"3e1732ef-fdd3-4a9f-909c-2d872384024b","LogTypeId":100,"LogTypeName":"登录登出","CompanyId":"078736e6-0cc2-48dc-80f1-6330419b4af1","DataId":null,"OptUserId":"0ad06755-9fde-4ddd-9dcb-448462155a03","OptUserName":"秦波","OptTime":"2016-09-04 11:03:09","OptModuleName":"登录系统","OptModulePath":"/MsSys/Login/CheckLogin","OptTypeId":2001,"OptTypeName":"登录","OptResultId":300,"OptResultName":"登录成功","OptSystem":"Windows 10","Browser":"Chrome 53.0","IP":"192.168.1.102","Mac":"B8:76:3F:1F:BC:40","Desc":"登录成功！","Status":1}】

#############################################################################

1、时间：2016-09-04 11:14:48,768
2、优先级别：INFO
3、线程ID：46
4、耗时：10752
5、行号：120
6、文件名：f:\Net_Project.DosORM\Project\Dos.ORM\Dos.ORM.Common\Helpers\LogHelper.cs
7、详细信息：登录登出
    日志描述：秦波对【登录系统】进行“登录”操作
    操作人员：秦波[0ad06755-9fde-4ddd-9dcb-448462155a03]
    操作地址：/MsSys/Login/CheckLogin
    操作结果：登录成功
    操作描述：登录成功！
    IP地址：192.168.1.102
    浏览器：Chrome 53.0
    操作系统：Windows 10
    记录时间：2016 09 04 11:14:48:5960
    详细数据：【{"LogId":"8f4d6075-9b9d-4bdf-8d6d-82131d2d6170","LogTypeId":100,"LogTypeName":"登录登出","CompanyId":"078736e6-0cc2-48dc-80f1-6330419b4af1","DataId":null,"OptUserId":"0ad06755-9fde-4ddd-9dcb-448462155a03","OptUserName":"秦波","OptTime":"2016-09-04 11:14:48","OptModuleName":"登录系统","OptModulePath":"/MsSys/Login/CheckLogin","OptTypeId":2001,"OptTypeName":"登录","OptResultId":300,"OptResultName":"登录成功","OptSystem":"Windows 10","Browser":"Chrome 53.0","IP":"192.168.1.102","Mac":"B8:76:3F:1F:BC:40","Desc":"登录成功！","Status":1}】

#############################################################################

1、时间：2016-09-04 11:37:55,493
2、优先级别：INFO
3、线程ID：45
4、耗时：1397477
5、行号：120
6、文件名：f:\Net_Project.DosORM\Project\Dos.ORM\Dos.ORM.Common\Helpers\LogHelper.cs
7、详细信息：登录登出
    日志描述：秦波对【退出系y】进行“登出”操作
    操作人员：秦波[0ad06755-9fde-4ddd-9dcb-448462155a03]
    操作地址：/MsSys/Login/LoginOut
    操作结果：退出成功
    操作描述：系统退出成功！
    IP地址：192.168.1.102
    浏览器：Chrome 53.0
    操作系统：Windows 10
    记录时间：2016 09 04 11:37:55:4514
    详细数据：【{"LogId":"5e211c9b-d7b0-498f-948e-7d545003d8ea","LogTypeId":100,"LogTypeName":"登录登出","CompanyId":"078736e6-0cc2-48dc-80f1-6330419b4af1","DataId":null,"OptUserId":"0ad06755-9fde-4ddd-9dcb-448462155a03","OptUserName":"秦波","OptTime":"2016-09-04 11:37:55","OptModuleName":"退出系y","OptModulePath":"/MsSys/Login/LoginOut","OptTypeId":2002,"OptTypeName":"登出","OptResultId":360,"OptResultName":"退出成功","OptSystem":"Windows 10","Browser":"Chrome 53.0","IP":"192.168.1.102","Mac":"B8:76:3F:1F:BC:40","Desc":"系统退出成功！","Status":1}】

#############################################################################

1、时间：2016-09-04 11:38:03,209
2、优先级别：INFO
3、线程ID：46
4、耗时：1405193
5、行号：120
6、文件名：f:\Net_Project.DosORM\Project\Dos.ORM\Dos.ORM.Common\Helpers\LogHelper.cs
7、详细信息：登录登出
    日志描述：秦波对【登录系统】进行“登录”操作
    操作人员：秦波[0ad06755-9fde-4ddd-9dcb-448462155a03]
    操作地址：/MsSys/Login/CheckLogin
    操作结果：登录成功
    操作描述：登录成功！
    IP地址：192.168.1.102
    浏览器：Chrome 53.0
    操作系统：Windows 10
    记录时间：2016 09 04 11:38:03:1862
    详细数据：【{"LogId":"fe062540-49c9-4cb5-a031-eec186693d72","LogTypeId":100,"LogTypeName":"登录登出","CompanyId":"078736e6-0cc2-48dc-80f1-6330419b4af1","DataId":null,"OptUserId":"0ad06755-9fde-4ddd-9dcb-448462155a03","OptUserName":"秦波","OptTime":"2016-09-04 11:38:03","OptModuleName":"登录系统","OptModulePath":"/MsSys/Login/CheckLogin","OptTypeId":2001,"OptTypeName":"登录","OptResultId":300,"OptResultName":"登录成功","OptSystem":"Windows 10","Browser":"Chrome 53.0","IP":"192.168.1.102","Mac":"B8:76:3F:1F:BC:40","Desc":"登录成功！","Status":1}】

#############################################################################

1、时间：2016-09-04 11:52:08,644
2、优先级别：INFO
3、线程ID：43
4、耗时：2250628
5、行号：120
6、文件名：f:\Net_Project.DosORM\Project\Dos.ORM\Dos.ORM.Common\Helpers\LogHelper.cs
7、详细信息：登录登出
    日志描述：秦波对【退出系y】进行“登出”操作
    操作人员：秦波[0ad06755-9fde-4ddd-9dcb-448462155a03]
    操作地址：/MsSys/Login/LoginOut
    操作结果：退出成功
    操作描述：系统退出成功！
    IP地址：192.168.1.102
    浏览器：Chrome 53.0
    操作系统：Windows 10
    记录时间：2016 09 04 11:52:08:4976
    详细数据：【{"LogId":"6e3908df-9996-4662-ac2f-c29d8dbbcdbc","LogTypeId":100,"LogTypeName":"登录登出","CompanyId":"078736e6-0cc2-48dc-80f1-6330419b4af1","DataId":null,"OptUserId":"0ad06755-9fde-4ddd-9dcb-448462155a03","OptUserName":"秦波","OptTime":"2016-09-04 11:52:08","OptModuleName":"退出系y","OptModulePath":"/MsSys/Login/LoginOut","OptTypeId":2002,"OptTypeName":"登出","OptResultId":360,"OptResultName":"退出成功","OptSystem":"Windows 10","Browser":"Chrome 53.0","IP":"192.168.1.102","Mac":"B8:76:3F:1F:BC:40","Desc":"系统退出成功！","Status":1}】

#############################################################################

1、时间：2016-09-04 11:52:18,430
2、优先级别：INFO
3、线程ID：36
4、耗时：2260415
5、行号：120
6、文件名：f:\Net_Project.DosORM\Project\Dos.ORM\Dos.ORM.Common\Helpers\LogHelper.cs
7、详细信息：登录登出
    日志描述：对【登录系统】进行“登录”操作
    操作人员：[0ad06755-9fde-4ddd-9dcb-448462155a02]
    操作地址：/MsSys/Login/CheckLogin
    操作结果：登录成功
    操作描述：登录成功！
    IP地址：192.168.1.102
    浏览器：Chrome 53.0
    操作系统：Windows 10
    记录时间：2016 09 04 11:52:18:3988
    详细数据：【{"LogId":"097861ba-a642-47c6-bd70-5244e1b785f6","LogTypeId":100,"LogTypeName":"登录登出","CompanyId":null,"DataId":null,"OptUserId":"0ad06755-9fde-4ddd-9dcb-448462155a02","OptUserName":null,"OptTime":"2016-09-04 11:52:18","OptModuleName":"登录系统","OptModulePath":"/MsSys/Login/CheckLogin","OptTypeId":2001,"OptTypeName":"登录","OptResultId":300,"OptResultName":"登录成功","OptSystem":"Windows 10","Browser":"Chrome 53.0","IP":"192.168.1.102","Mac":"B8:76:3F:1F:BC:40","Desc":"登录成功！","Status":1}】

#############################################################################

1、时间：2016-09-04 11:52:33,217
2、优先级别：INFO
3、线程ID：36
4、耗时：2275201
5、行号：120
6、文件名：f:\Net_Project.DosORM\Project\Dos.ORM\Dos.ORM.Common\Helpers\LogHelper.cs
7、详细信息：数据操作
    日志描述：对【公司管理】进行“查询”操作
    操作人员：[0ad06755-9fde-4ddd-9dcb-448462155a02]
    操作地址：/MsSys/Company/GetList
    操作结果：操作成功
    操作描述：数据查询成功！
    IP地址：192.168.1.102
    浏览器：Chrome 53.0
    操作系统：Windows 10
    记录时间：2016 09 04 11:52:33:1710
    详细数据：【{"LogId":"87bff2af-a022-4dcb-bc75-98977edf95fc","LogTypeId":101,"LogTypeName":"数据操作","CompanyId":null,"DataId":null,"OptUserId":"0ad06755-9fde-4ddd-9dcb-448462155a02","OptUserName":null,"OptTime":"2016-09-04 11:52:33","OptModuleName":"公司管理","OptModulePath":"/MsSys/Company/GetList","OptTypeId":1003,"OptTypeName":"查询","OptResultId":100,"OptResultName":"操作成功","OptSystem":"Windows 10","Browser":"Chrome 53.0","IP":"192.168.1.102","Mac":"B8:76:3F:1F:BC:40","Desc":"数据查询成功！","Status":1}】

#############################################################################

1、时间：2016-09-04 11:52:39,036
2、优先级别：INFO
3、线程ID：36
4、耗时：2281020
5、行号：120
6、文件名：f:\Net_Project.DosORM\Project\Dos.ORM\Dos.ORM.Common\Helpers\LogHelper.cs
7、详细信息：数据操作
    日志描述：对【部门管理】进行“查询”操作
    操作人员：[0ad06755-9fde-4ddd-9dcb-448462155a02]
    操作地址：/MsSys/Department/GetList
    操作结果：操作成功
    操作描述：数据查询成功！
    IP地址：192.168.1.102
    浏览器：Chrome 53.0
    操作系统：Windows 10
    记录时间：2016 09 04 11:52:39:0101
    详细数据：【{"LogId":"9f8c863b-a4d6-4cdf-b744-47bfe65b6c86","LogTypeId":101,"LogTypeName":"数据操作","CompanyId":null,"DataId":null,"OptUserId":"0ad06755-9fde-4ddd-9dcb-448462155a02","OptUserName":null,"OptTime":"2016-09-04 11:52:39","OptModuleName":"部门管理","OptModulePath":"/MsSys/Department/GetList","OptTypeId":1003,"OptTypeName":"查询","OptResultId":100,"OptResultName":"操作成功","OptSystem":"Windows 10","Browser":"Chrome 53.0","IP":"192.168.1.102","Mac":"B8:76:3F:1F:BC:40","Desc":"数据查询成功！","Status":1}】

#############################################################################

1、时间：2016-09-04 11:52:41,266
2、优先级别：INFO
3、线程ID：33
4、耗时：2283251
5、行号：120
6、文件名：f:\Net_Project.DosORM\Project\Dos.ORM\Dos.ORM.Common\Helpers\LogHelper.cs
7、详细信息：数据操作
    日志描述：对【角色管理】进行“查询”操作
    操作人员：[0ad06755-9fde-4ddd-9dcb-448462155a02]
    操作地址：/MsSys/Role/GetList
    操作结果：操作成功
    操作描述：数据查询成功！
    IP地址：192.168.1.102
    浏览器：Chrome 53.0
    操作系统：Windows 10
    记录时间：2016 09 04 11:52:41:2237
    详细数据：【{"LogId":"7e900e40-d8df-4b12-a786-368abbb4e6dc","LogTypeId":101,"LogTypeName":"数据操作","CompanyId":null,"DataId":null,"OptUserId":"0ad06755-9fde-4ddd-9dcb-448462155a02","OptUserName":null,"OptTime":"2016-09-04 11:52:41","OptModuleName":"角色管理","OptModulePath":"/MsSys/Role/GetList","OptTypeId":1003,"OptTypeName":"查询","OptResultId":100,"OptResultName":"操作成功","OptSystem":"Windows 10","Browser":"Chrome 53.0","IP":"192.168.1.102","Mac":"B8:76:3F:1F:BC:40","Desc":"数据查询成功！","Status":1}】

#############################################################################

1、时间：2016-09-04 11:52:52,091
2、优先级别：INFO
3、线程ID：33
4、耗时：2294075
5、行号：120
6、文件名：f:\Net_Project.DosORM\Project\Dos.ORM\Dos.ORM.Common\Helpers\LogHelper.cs
7、详细信息：登录登出
    日志描述：对【退出系y】进行“登出”操作
    操作人员：[0ad06755-9fde-4ddd-9dcb-448462155a02]
    操作地址：/MsSys/Login/LoginOut
    操作结果：退出成功
    操作描述：系统退出成功！
    IP地址：192.168.1.102
    浏览器：Chrome 53.0
    操作系统：Windows 10
    记录时间：2016 09 04 11:52:52:0592
    详细数据：【{"LogId":"a671ad13-cead-468e-9723-684fdf96b3c7","LogTypeId":100,"LogTypeName":"登录登出","CompanyId":null,"DataId":null,"OptUserId":"0ad06755-9fde-4ddd-9dcb-448462155a02","OptUserName":null,"OptTime":"2016-09-04 11:52:52","OptModuleName":"退出系y","OptModulePath":"/MsSys/Login/LoginOut","OptTypeId":2002,"OptTypeName":"登出","OptResultId":360,"OptResultName":"退出成功","OptSystem":"Windows 10","Browser":"Chrome 53.0","IP":"192.168.1.102","Mac":"B8:76:3F:1F:BC:40","Desc":"系统退出成功！","Status":1}】

#############################################################################

1、时间：2016-09-04 11:53:00,795
2、优先级别：INFO
3、线程ID：33
4、耗时：2302779
5、行号：120
6、文件名：f:\Net_Project.DosORM\Project\Dos.ORM\Dos.ORM.Common\Helpers\LogHelper.cs
7、详细信息：登录登出
    日志描述：秦波对【登录系统】进行“登录”操作
    操作人员：秦波[0ad06755-9fde-4ddd-9dcb-448462155a03]
    操作地址：/MsSys/Login/CheckLogin
    操作结果：登录成功
    操作描述：登录成功！
    IP地址：192.168.1.102
    浏览器：Chrome 53.0
    操作系统：Windows 10
    记录时间：2016 09 04 11:53:00:7721
    详细数据：【{"LogId":"dd7ff510-1776-46e6-8161-d2db7f6ae0ef","LogTypeId":100,"LogTypeName":"登录登出","CompanyId":"078736e6-0cc2-48dc-80f1-6330419b4af1","DataId":null,"OptUserId":"0ad06755-9fde-4ddd-9dcb-448462155a03","OptUserName":"秦波","OptTime":"2016-09-04 11:53:00","OptModuleName":"登录系统","OptModulePath":"/MsSys/Login/CheckLogin","OptTypeId":2001,"OptTypeName":"登录","OptResultId":300,"OptResultName":"登录成功","OptSystem":"Windows 10","Browser":"Chrome 53.0","IP":"192.168.1.102","Mac":"B8:76:3F:1F:BC:40","Desc":"登录成功！","Status":1}】

#############################################################################

1、时间：2016-09-04 11:59:28,227
2、优先级别：INFO
3、线程ID：34
4、耗时：18670
5、行号：120
6、文件名：f:\Net_Project.DosORM\Project\Dos.ORM\Dos.ORM.Common\Helpers\LogHelper.cs
7、详细信息：登录登出
    日志描述：秦波对【登录系统】进行“登录”操作
    操作人员：秦波[0ad06755-9fde-4ddd-9dcb-448462155a03]
    操作地址：/MsSys/Login/CheckLogin
    操作结果：登录成功
    操作描述：登录成功！
    IP地址：192.168.1.102
    浏览器：Chrome 53.0
    操作系统：Windows 10
    记录时间：2016 09 04 11:59:28:1168
    详细数据：【{"LogId":"cf145ea4-1fcb-440d-a5c9-031c8eb28ab5","LogTypeId":100,"LogTypeName":"登录登出","CompanyId":"078736e6-0cc2-48dc-80f1-6330419b4af1","DataId":null,"OptUserId":"0ad06755-9fde-4ddd-9dcb-448462155a03","OptUserName":"秦波","OptTime":"2016-09-04 11:59:28","OptModuleName":"登录系统","OptModulePath":"/MsSys/Login/CheckLogin","OptTypeId":2001,"OptTypeName":"登录","OptResultId":300,"OptResultName":"登录成功","OptSystem":"Windows 10","Browser":"Chrome 53.0","IP":"192.168.1.102","Mac":"B8:76:3F:1F:BC:40","Desc":"登录成功！","Status":1}】

#############################################################################

1、时间：2016-09-04 12:04:06,725
2、优先级别：INFO
3、线程ID：16
4、耗时：297168
5、行号：120
6、文件名：f:\Net_Project.DosORM\Project\Dos.ORM\Dos.ORM.Common\Helpers\LogHelper.cs
7、详细信息：登录登出
    日志描述：秦波对【退出系y】进行“登出”操作
    操作人员：秦波[0ad06755-9fde-4ddd-9dcb-448462155a03]
    操作地址：/MsSys/Login/LoginOut
    操作结果：退出成功
    操作描述：系统退出成功！
    IP地址：192.168.1.102
    浏览器：Chrome 53.0
    操作系统：Windows 10
    记录时间：2016 09 04 12:04:06:6872
    详细数据：【{"LogId":"9b081586-6315-4e48-a39d-06c002e1c457","LogTypeId":100,"LogTypeName":"登录登出","CompanyId":"078736e6-0cc2-48dc-80f1-6330419b4af1","DataId":null,"OptUserId":"0ad06755-9fde-4ddd-9dcb-448462155a03","OptUserName":"秦波","OptTime":"2016-09-04 12:04:06","OptModuleName":"退出系y","OptModulePath":"/MsSys/Login/LoginOut","OptTypeId":2002,"OptTypeName":"登出","OptResultId":360,"OptResultName":"退出成功","OptSystem":"Windows 10","Browser":"Chrome 53.0","IP":"192.168.1.102","Mac":"B8:76:3F:1F:BC:40","Desc":"系统退出成功！","Status":1}】

#############################################################################

1、时间：2016-09-04 12:05:51,551
2、优先级别：INFO
3、线程ID：34
4、耗时：401995
5、行号：120
6、文件名：f:\Net_Project.DosORM\Project\Dos.ORM\Dos.ORM.Common\Helpers\LogHelper.cs
7、详细信息：登录登出
    日志描述：秦波对【登录系统】进行“登录”操作
    操作人员：秦波[0ad06755-9fde-4ddd-9dcb-448462155a03]
    操作地址：/MsSys/Login/CheckLogin
    操作结果：登录成功
    操作描述：登录成功！
    IP地址：192.168.1.102
    浏览器：Chrome 53.0
    操作系统：Windows 10
    记录时间：2016 09 04 12:05:51:1876
    详细数据：【{"LogId":"fa363b9e-4129-4de9-9bb5-95625163dc4e","LogTypeId":100,"LogTypeName":"登录登出","CompanyId":"078736e6-0cc2-48dc-80f1-6330419b4af1","DataId":null,"OptUserId":"0ad06755-9fde-4ddd-9dcb-448462155a03","OptUserName":"秦波","OptTime":"2016-09-04 12:05:51","OptModuleName":"登录系统","OptModulePath":"/MsSys/Login/CheckLogin","OptTypeId":2001,"OptTypeName":"登录","OptResultId":300,"OptResultName":"登录成功","OptSystem":"Windows 10","Browser":"Chrome 53.0","IP":"192.168.1.102","Mac":"B8:76:3F:1F:BC:40","Desc":"登录成功！","Status":1}】

#############################################################################

1、时间：2016-09-04 12:08:12,226
2、优先级别：INFO
3、线程ID：16
4、耗时：542670
5、行号：120
6、文件名：f:\Net_Project.DosORM\Project\Dos.ORM\Dos.ORM.Common\Helpers\LogHelper.cs
7、详细信息：登录登出
    日志描述：秦波对【退出系y】进行“登出”操作
    操作人员：秦波[0ad06755-9fde-4ddd-9dcb-448462155a03]
    操作地址：/MsSys/Login/LoginOut
    操作结果：退出成功
    操作描述：系统退出成功！
    IP地址：192.168.1.102
    浏览器：Chrome 53.0
    操作系统：Windows 10
    记录时间：2016 09 04 12:08:11:8575
    详细数据：【{"LogId":"0d6b86ab-f21d-4c93-8c77-31836cf29531","LogTypeId":100,"LogTypeName":"登录登出","CompanyId":"078736e6-0cc2-48dc-80f1-6330419b4af1","DataId":null,"OptUserId":"0ad06755-9fde-4ddd-9dcb-448462155a03","OptUserName":"秦波","OptTime":"2016-09-04 12:08:11","OptModuleName":"退出系y","OptModulePath":"/MsSys/Login/LoginOut","OptTypeId":2002,"OptTypeName":"登出","OptResultId":360,"OptResultName":"退出成功","OptSystem":"Windows 10","Browser":"Chrome 53.0","IP":"192.168.1.102","Mac":"B8:76:3F:1F:BC:40","Desc":"系统退出成功！","Status":1}】

#############################################################################

1、时间：2016-09-04 12:08:20,478
2、优先级别：INFO
3、线程ID：26
4、耗时：550921
5、行号：120
6、文件名：f:\Net_Project.DosORM\Project\Dos.ORM\Dos.ORM.Common\Helpers\LogHelper.cs
7、详细信息：登录登出
    日志描述：对【登录系统】进行“登录”操作
    操作人员：[8adc8909-c3d5-4733-8747-67ecf974293c]
    操作地址：/MsSys/Login/CheckLogin
    操作结果：登录成功
    操作描述：登录成功！
    IP地址：192.168.1.102
    浏览器：Chrome 53.0
    操作系统：Windows 10
    记录时间：2016 09 04 12:08:20:4546
    详细数据：【{"LogId":"259d7f3a-fe58-4e99-9f26-7a80f4b21ee8","LogTypeId":100,"LogTypeName":"登录登出","CompanyId":"078736e6-0cc2-48dc-80f1-6330419b4af1","DataId":null,"OptUserId":"8adc8909-c3d5-4733-8747-67ecf974293c","OptUserName":null,"OptTime":"2016-09-04 12:08:20","OptModuleName":"登录系统","OptModulePath":"/MsSys/Login/CheckLogin","OptTypeId":2001,"OptTypeName":"登录","OptResultId":300,"OptResultName":"登录成功","OptSystem":"Windows 10","Browser":"Chrome 53.0","IP":"192.168.1.102","Mac":"B8:76:3F:1F:BC:40","Desc":"登录成功！","Status":1}】

#############################################################################

1、时间：2016-09-04 12:08:33,567
2、优先级别：INFO
3、线程ID：16
4、耗时：564011
5、行号：120
6、文件名：f:\Net_Project.DosORM\Project\Dos.ORM\Dos.ORM.Common\Helpers\LogHelper.cs
7、详细信息：数据操作
    日志描述：对【角色管理】进行“查询”操作
    操作人员：[8adc8909-c3d5-4733-8747-67ecf974293c]
    操作地址：/MsSys/Role/GetList
    操作结果：操作成功
    操作描述：数据查询成功！
    IP地址：192.168.1.102
    浏览器：Chrome 53.0
    操作系统：Windows 10
    记录时间：2016 09 04 12:08:33:5227
    详细数据：【{"LogId":"7f2f185d-1b25-4cde-8123-5da26596e41b","LogTypeId":101,"LogTypeName":"数据操作","CompanyId":"078736e6-0cc2-48dc-80f1-6330419b4af1","DataId":null,"OptUserId":"8adc8909-c3d5-4733-8747-67ecf974293c","OptUserName":null,"OptTime":"2016-09-04 12:08:33","OptModuleName":"角色管理","OptModulePath":"/MsSys/Role/GetList","OptTypeId":1003,"OptTypeName":"查询","OptResultId":100,"OptResultName":"操作成功","OptSystem":"Windows 10","Browser":"Chrome 53.0","IP":"192.168.1.102","Mac":"B8:76:3F:1F:BC:40","Desc":"数据查询成功！","Status":1}】

#############################################################################

1、时间：2016-09-04 12:08:35,208
2、优先级别：INFO
3、线程ID：34
4、耗时：565651
5、行号：120
6、文件名：f:\Net_Project.DosORM\Project\Dos.ORM\Dos.ORM.Common\Helpers\LogHelper.cs
7、详细信息：数据操作
    日志描述：对【管理员管理】进行“查询”操作
    操作人员：[8adc8909-c3d5-4733-8747-67ecf974293c]
    操作地址：/MsSys/Operator/GetList
    操作结果：操作成功
    操作描述：数据查询成功！
    IP地址：192.168.1.102
    浏览器：Chrome 53.0
    操作系统：Windows 10
    记录时间：2016 09 04 12:08:35:1211
    详细数据：【{"LogId":"4604cca3-552a-4159-ae8c-6fe596cde14e","LogTypeId":101,"LogTypeName":"数据操作","CompanyId":"078736e6-0cc2-48dc-80f1-6330419b4af1","DataId":null,"OptUserId":"8adc8909-c3d5-4733-8747-67ecf974293c","OptUserName":null,"OptTime":"2016-09-04 12:08:35","OptModuleName":"管理员管理","OptModulePath":"/MsSys/Operator/GetList","OptTypeId":1003,"OptTypeName":"查询","OptResultId":100,"OptResultName":"操作成功","OptSystem":"Windows 10","Browser":"Chrome 53.0","IP":"192.168.1.102","Mac":"B8:76:3F:1F:BC:40","Desc":"数据查询成功！","Status":1}】

#############################################################################

1、时间：2016-09-04 13:14:22,057
2、优先级别：INFO
3、线程ID：7
4、耗时：11900
5、行号：120
6、文件名：f:\Net_Project.DosORM\Project\Dos.ORM\Dos.ORM.Common\Helpers\LogHelper.cs
7、详细信息：登录登出
    日志描述：对【登录系统】进行“登录”操作
    操作人员：[0ad06755-9fde-4ddd-9dcb-448462155a02]
    操作地址：/MsSys/Login/CheckLogin
    操作结果：登录成功
    操作描述：登录成功！
    IP地址：192.168.1.102
    浏览器：Chrome 53.0
    操作系统：Windows 10
    记录时间：2016 09 04 13:14:21:7749
    详细数据：【{"LogId":"351945eb-dbbf-4e4c-9332-6b71eb8af7b4","LogTypeId":100,"LogTypeName":"登录登出","CompanyId":null,"DataId":null,"OptUserId":"0ad06755-9fde-4ddd-9dcb-448462155a02","OptUserName":null,"OptTime":"2016-09-04 13:14:21","OptModuleName":"登录系统","OptModulePath":"/MsSys/Login/CheckLogin","OptTypeId":2001,"OptTypeName":"登录","OptResultId":300,"OptResultName":"登录成功","OptSystem":"Windows 10","Browser":"Chrome 53.0","IP":"192.168.1.102","Mac":"B8:76:3F:1F:BC:40","Desc":"登录成功！","Status":1}】

#############################################################################

1、时间：2016-09-04 13:16:19,088
2、优先级别：INFO
3、线程ID：16
4、耗时：10088
5、行号：120
6、文件名：f:\Net_Project.DosORM\Project\Dos.ORM\Dos.ORM.Common\Helpers\LogHelper.cs
7、详细信息：登录登出
    日志描述：对【登录系统】进行“登录”操作
    操作人员：[0ad06755-9fde-4ddd-9dcb-448462155a02]
    操作地址：/MsSys/Login/CheckLogin
    操作结果：登录成功
    操作描述：登录成功！
    IP地址：192.168.1.102
    浏览器：Chrome 53.0
    操作系统：Windows 10
    记录时间：2016 09 04 13:16:18:9791
    详细数据：【{"LogId":"e5df2c14-6fe1-4034-b000-b9f4b8d00fbe","LogTypeId":100,"LogTypeName":"登录登出","CompanyId":null,"DataId":null,"OptUserId":"0ad06755-9fde-4ddd-9dcb-448462155a02","OptUserName":null,"OptTime":"2016-09-04 13:16:18","OptModuleName":"登录系统","OptModulePath":"/MsSys/Login/CheckLogin","OptTypeId":2001,"OptTypeName":"登录","OptResultId":300,"OptResultName":"登录成功","OptSystem":"Windows 10","Browser":"Chrome 53.0","IP":"192.168.1.102","Mac":"B8:76:3F:1F:BC:40","Desc":"登录成功！","Status":1}】

#############################################################################

1、时间：2016-09-04 13:16:53,248
2、优先级别：INFO
3、线程ID：7
4、耗时：44247
5、行号：120
6、文件名：f:\Net_Project.DosORM\Project\Dos.ORM\Dos.ORM.Common\Helpers\LogHelper.cs
7、详细信息：登录登出
    日志描述：对【退出系y】进行“登出”操作
    操作人员：[0ad06755-9fde-4ddd-9dcb-448462155a02]
    操作地址：/MsSys/Login/LoginOut
    操作结果：退出成功
    操作描述：系统退出成功！
    IP地址：192.168.1.102
    浏览器：Chrome 53.0
    操作系统：Windows 10
    记录时间：2016 09 04 13:16:53:2139
    详细数据：【{"LogId":"7b94484a-23c4-495d-8106-0b35b8ec2b8f","LogTypeId":100,"LogTypeName":"登录登出","CompanyId":null,"DataId":null,"OptUserId":"0ad06755-9fde-4ddd-9dcb-448462155a02","OptUserName":null,"OptTime":"2016-09-04 13:16:53","OptModuleName":"退出系y","OptModulePath":"/MsSys/Login/LoginOut","OptTypeId":2002,"OptTypeName":"登出","OptResultId":360,"OptResultName":"退出成功","OptSystem":"Windows 10","Browser":"Chrome 53.0","IP":"192.168.1.102","Mac":"B8:76:3F:1F:BC:40","Desc":"系统退出成功！","Status":1}】

#############################################################################

1、时间：2016-09-04 13:17:01,277
2、优先级别：INFO
3、线程ID：11
4、耗时：52277
5、行号：120
6、文件名：f:\Net_Project.DosORM\Project\Dos.ORM\Dos.ORM.Common\Helpers\LogHelper.cs
7、详细信息：登录登出
    日志描述：秦波对【登录系统】进行“登录”操作
    操作人员：秦波[0ad06755-9fde-4ddd-9dcb-448462155a03]
    操作地址：/MsSys/Login/CheckLogin
    操作结果：登录成功
    操作描述：登录成功！
    IP地址：192.168.1.102
    浏览器：Chrome 53.0
    操作系统：Windows 10
    记录时间：2016 09 04 13:17:01:2522
    详细数据：【{"LogId":"0ad35f83-e7ee-4b4c-affa-237dd55e6701","LogTypeId":100,"LogTypeName":"登录登出","CompanyId":"078736e6-0cc2-48dc-80f1-6330419b4af1","DataId":null,"OptUserId":"0ad06755-9fde-4ddd-9dcb-448462155a03","OptUserName":"秦波","OptTime":"2016-09-04 13:17:01","OptModuleName":"登录系统","OptModulePath":"/MsSys/Login/CheckLogin","OptTypeId":2001,"OptTypeName":"登录","OptResultId":300,"OptResultName":"登录成功","OptSystem":"Windows 10","Browser":"Chrome 53.0","IP":"192.168.1.102","Mac":"B8:76:3F:1F:BC:40","Desc":"登录成功！","Status":1}】

#############################################################################

1、时间：2016-09-04 13:22:17,331
2、优先级别：INFO
3、线程ID：19
4、耗时：65808
5、行号：120
6、文件名：f:\Net_Project.DosORM\Project\Dos.ORM\Dos.ORM.Common\Helpers\LogHelper.cs
7、详细信息：登录登出
    日志描述：秦波对【登录系统】进行“登录”操作
    操作人员：秦波[0ad06755-9fde-4ddd-9dcb-448462155a03]
    操作地址：/MsSys/Login/CheckLogin
    操作结果：登录成功
    操作描述：登录成功！
    IP地址：192.168.1.102
    浏览器：Chrome 53.0
    操作系统：Windows 10
    记录时间：2016 09 04 13:22:17:2165
    详细数据：【{"LogId":"ad7348bd-3076-4805-8223-4f285b2a2e6e","LogTypeId":100,"LogTypeName":"登录登出","CompanyId":"078736e6-0cc2-48dc-80f1-6330419b4af1","DataId":null,"OptUserId":"0ad06755-9fde-4ddd-9dcb-448462155a03","OptUserName":"秦波","OptTime":"2016-09-04 13:22:17","OptModuleName":"登录系统","OptModulePath":"/MsSys/Login/CheckLogin","OptTypeId":2001,"OptTypeName":"登录","OptResultId":300,"OptResultName":"登录成功","OptSystem":"Windows 10","Browser":"Chrome 53.0","IP":"192.168.1.102","Mac":"B8:76:3F:1F:BC:40","Desc":"登录成功！","Status":1}】

#############################################################################

1、时间：2016-09-04 13:36:54,842
2、优先级别：INFO
3、线程ID：24
4、耗时：110212
5、行号：120
6、文件名：f:\Net_Project.DosORM\Project\Dos.ORM\Dos.ORM.Common\Helpers\LogHelper.cs
7、详细信息：登录登出
    日志描述：秦波对【登录系统】进行“登录”操作
    操作人员：秦波[0ad06755-9fde-4ddd-9dcb-448462155a03]
    操作地址：/MsSys/Login/CheckLogin
    操作结果：登录成功
    操作描述：登录成功！
    IP地址：192.168.1.102
    浏览器：Chrome 53.0
    操作系统：Windows 10
    记录时间：2016 09 04 13:36:54:7085
    详细数据：【{"LogId":"1f3a48f7-c5c3-489b-a70f-fa3f27c7bc24","LogTypeId":100,"LogTypeName":"登录登出","CompanyId":"078736e6-0cc2-48dc-80f1-6330419b4af1","DataId":null,"OptUserId":"0ad06755-9fde-4ddd-9dcb-448462155a03","OptUserName":"秦波","OptTime":"2016-09-04 13:36:54","OptModuleName":"登录系统","OptModulePath":"/MsSys/Login/CheckLogin","OptTypeId":2001,"OptTypeName":"登录","OptResultId":300,"OptResultName":"登录成功","OptSystem":"Windows 10","Browser":"Chrome 53.0","IP":"192.168.1.102","Mac":"B8:76:3F:1F:BC:40","Desc":"登录成功！","Status":1}】

#############################################################################

1、时间：2016-09-04 13:55:09,779
2、优先级别：INFO
3、线程ID：30
4、耗时：18861
5、行号：120
6、文件名：f:\Net_Project.DosORM\Project\Dos.ORM\Dos.ORM.Common\Helpers\LogHelper.cs
7、详细信息：登录登出
    日志描述：秦波对【登录系统】进行“登录”操作
    操作人员：秦波[0ad06755-9fde-4ddd-9dcb-448462155a03]
    操作地址：/MsSys/Login/CheckLogin
    操作结果：登录成功
    操作描述：登录成功！
    IP地址：192.168.1.102
    浏览器：Chrome 53.0
    操作系统：Windows 10
    记录时间：2016 09 04 13:55:09:6651
    详细数据：【{"LogId":"23784af6-ee9e-4fad-a065-f94ec2c29af4","LogTypeId":100,"LogTypeName":"登录登出","CompanyId":"078736e6-0cc2-48dc-80f1-6330419b4af1","DataId":null,"OptUserId":"0ad06755-9fde-4ddd-9dcb-448462155a03","OptUserName":"秦波","OptTime":"2016-09-04 13:55:09","OptModuleName":"登录系统","OptModulePath":"/MsSys/Login/CheckLogin","OptTypeId":2001,"OptTypeName":"登录","OptResultId":300,"OptResultName":"登录成功","OptSystem":"Windows 10","Browser":"Chrome 53.0","IP":"192.168.1.102","Mac":"B8:76:3F:1F:BC:40","Desc":"登录成功！","Status":1}】

#############################################################################

1、时间：2016-09-04 13:56:34,401
2、优先级别：INFO
3、线程ID：17
4、耗时：103483
5、行号：120
6、文件名：f:\Net_Project.DosORM\Project\Dos.ORM\Dos.ORM.Common\Helpers\LogHelper.cs
7、详细信息：数据操作
    日志描述：秦波对【部门管理】进行“查询”操作
    操作人员：秦波[0ad06755-9fde-4ddd-9dcb-448462155a03]
    操作地址：/MsSys/Department/GetList
    操作结果：操作成功
    操作描述：数据查询成功！
    IP地址：192.168.1.102
    浏览器：Chrome 53.0
    操作系统：Windows 10
    记录时间：2016 09 04 13:56:34:2963
    详细数据：【{"LogId":"0f2ecce9-f1f4-4064-a41c-a40869e2bf4d","LogTypeId":101,"LogTypeName":"数据操作","CompanyId":"078736e6-0cc2-48dc-80f1-6330419b4af1","DataId":null,"OptUserId":"0ad06755-9fde-4ddd-9dcb-448462155a03","OptUserName":"秦波","OptTime":"2016-09-04 13:56:34","OptModuleName":"部门管理","OptModulePath":"/MsSys/Department/GetList","OptTypeId":1003,"OptTypeName":"查询","OptResultId":100,"OptResultName":"操作成功","OptSystem":"Windows 10","Browser":"Chrome 53.0","IP":"192.168.1.102","Mac":"B8:76:3F:1F:BC:40","Desc":"数据查询成功！","Status":1}】

#############################################################################

1、时间：2016-09-04 13:57:40,554
2、优先级别：INFO
3、线程ID：35
4、耗时：14667
5、行号：120
6、文件名：f:\Net_Project.DosORM\Project\Dos.ORM\Dos.ORM.Common\Helpers\LogHelper.cs
7、详细信息：登录登出
    日志描述：秦波对【登录系统】进行“登录”操作
    操作人员：秦波[0ad06755-9fde-4ddd-9dcb-448462155a03]
    操作地址：/MsSys/Login/CheckLogin
    操作结果：登录成功
    操作描述：登录成功！
    IP地址：192.168.1.102
    浏览器：Chrome 53.0
    操作系统：Windows 10
    记录时间：2016 09 04 13:57:40:4045
    详细数据：【{"LogId":"b7eb3787-6db6-4fa6-99f3-3eb28154f8c3","LogTypeId":100,"LogTypeName":"登录登出","CompanyId":"078736e6-0cc2-48dc-80f1-6330419b4af1","DataId":null,"OptUserId":"0ad06755-9fde-4ddd-9dcb-448462155a03","OptUserName":"秦波","OptTime":"2016-09-04 13:57:40","OptModuleName":"登录系统","OptModulePath":"/MsSys/Login/CheckLogin","OptTypeId":2001,"OptTypeName":"登录","OptResultId":300,"OptResultName":"登录成功","OptSystem":"Windows 10","Browser":"Chrome 53.0","IP":"192.168.1.102","Mac":"B8:76:3F:1F:BC:40","Desc":"登录成功！","Status":1}】

#############################################################################

1、时间：2016-09-04 14:05:43,479
2、优先级别：INFO
3、线程ID：22
4、耗时：337727
5、行号：120
6、文件名：f:\Net_Project.DosORM\Project\Dos.ORM\Dos.ORM.Common\Helpers\LogHelper.cs
7、详细信息：登录登出
    日志描述：秦波对【登录系统】进行“登录”操作
    操作人员：秦波[0ad06755-9fde-4ddd-9dcb-448462155a03]
    操作地址：/MsSys/Login/CheckLogin
    操作结果：登录成功
    操作描述：登录成功！
    IP地址：192.168.1.102
    浏览器：Chrome 53.0
    操作系统：Windows 10
    记录时间：2016 09 04 14:05:43:2871
    详细数据：【{"LogId":"fd77fa51-821b-45b3-b972-055be509707b","LogTypeId":100,"LogTypeName":"登录登出","CompanyId":"078736e6-0cc2-48dc-80f1-6330419b4af1","DataId":null,"OptUserId":"0ad06755-9fde-4ddd-9dcb-448462155a03","OptUserName":"秦波","OptTime":"2016-09-04 14:05:43","OptModuleName":"登录系统","OptModulePath":"/MsSys/Login/CheckLogin","OptTypeId":2001,"OptTypeName":"登录","OptResultId":300,"OptResultName":"登录成功","OptSystem":"Windows 10","Browser":"Chrome 53.0","IP":"192.168.1.102","Mac":"B8:76:3F:1F:BC:40","Desc":"登录成功！","Status":1}】

#############################################################################

1、时间：2016-09-04 14:14:37,710
2、优先级别：INFO
3、线程ID：28
4、耗时：871958
5、行号：120
6、文件名：f:\Net_Project.DosORM\Project\Dos.ORM\Dos.ORM.Common\Helpers\LogHelper.cs
7、详细信息：数据操作
    日志描述：秦波对【管理员管理】进行“查询”操作
    操作人员：秦波[0ad06755-9fde-4ddd-9dcb-448462155a03]
    操作地址：/MsSys/Operator/GetList
    操作结果：操作成功
    操作描述：数据查询成功！
    IP地址：192.168.1.102
    浏览器：Chrome 53.0
    操作系统：Windows 10
    记录时间：2016 09 04 14:14:37:6499
    详细数据：【{"LogId":"8cb79457-1e23-4a76-8349-7b190a0659c8","LogTypeId":101,"LogTypeName":"数据操作","CompanyId":"078736e6-0cc2-48dc-80f1-6330419b4af1","DataId":null,"OptUserId":"0ad06755-9fde-4ddd-9dcb-448462155a03","OptUserName":"秦波","OptTime":"2016-09-04 14:14:37","OptModuleName":"管理员管理","OptModulePath":"/MsSys/Operator/GetList","OptTypeId":1003,"OptTypeName":"查询","OptResultId":100,"OptResultName":"操作成功","OptSystem":"Windows 10","Browser":"Chrome 53.0","IP":"192.168.1.102","Mac":"B8:76:3F:1F:BC:40","Desc":"数据查询成功！","Status":1}】

#############################################################################

1、时间：2016-09-04 14:14:43,129
2、优先级别：INFO
3、线程ID：15
4、耗时：877377
5、行号：120
6、文件名：f:\Net_Project.DosORM\Project\Dos.ORM\Dos.ORM.Common\Helpers\LogHelper.cs
7、详细信息：登录登出
    日志描述：秦波对【退出系y】进行“登出”操作
    操作人员：秦波[0ad06755-9fde-4ddd-9dcb-448462155a03]
    操作地址：/MsSys/Login/LoginOut
    操作结果：退出成功
    操作描述：系统退出成功！
    IP地址：192.168.1.102
    浏览器：Chrome 53.0
    操作系统：Windows 10
    记录时间：2016 09 04 14:14:43:0930
    详细数据：【{"LogId":"52c66bfc-8422-4ccd-9556-ec510ad0558c","LogTypeId":100,"LogTypeName":"登录登出","CompanyId":"078736e6-0cc2-48dc-80f1-6330419b4af1","DataId":null,"OptUserId":"0ad06755-9fde-4ddd-9dcb-448462155a03","OptUserName":"秦波","OptTime":"2016-09-04 14:14:43","OptModuleName":"退出系y","OptModulePath":"/MsSys/Login/LoginOut","OptTypeId":2002,"OptTypeName":"登出","OptResultId":360,"OptResultName":"退出成功","OptSystem":"Windows 10","Browser":"Chrome 53.0","IP":"192.168.1.102","Mac":"B8:76:3F:1F:BC:40","Desc":"系统退出成功！","Status":1}】

#############################################################################

1、时间：2016-09-04 14:14:52,599
2、优先级别：INFO
3、线程ID：15
4、耗时：886847
5、行号：120
6、文件名：f:\Net_Project.DosORM\Project\Dos.ORM\Dos.ORM.Common\Helpers\LogHelper.cs
7、详细信息：登录登出
    日志描述：对【登录系统】进行“登录”操作
    操作人员：[0ad06755-9fde-4ddd-9dcb-448462155a02]
    操作地址：/MsSys/Login/CheckLogin
    操作结果：登录成功
    操作描述：登录成功！
    IP地址：192.168.1.102
    浏览器：Chrome 53.0
    操作系统：Windows 10
    记录时间：2016 09 04 14:14:52:5732
    详细数据：【{"LogId":"bce7d609-a39f-4049-8c41-a9004b6b0e6c","LogTypeId":100,"LogTypeName":"登录登出","CompanyId":null,"DataId":null,"OptUserId":"0ad06755-9fde-4ddd-9dcb-448462155a02","OptUserName":null,"OptTime":"2016-09-04 14:14:52","OptModuleName":"登录系统","OptModulePath":"/MsSys/Login/CheckLogin","OptTypeId":2001,"OptTypeName":"登录","OptResultId":300,"OptResultName":"登录成功","OptSystem":"Windows 10","Browser":"Chrome 53.0","IP":"192.168.1.102","Mac":"B8:76:3F:1F:BC:40","Desc":"登录成功！","Status":1}】

#############################################################################

1、时间：2016-09-04 14:15:36,381
2、优先级别：INFO
3、线程ID：11
4、耗时：930628
5、行号：120
6、文件名：f:\Net_Project.DosORM\Project\Dos.ORM\Dos.ORM.Common\Helpers\LogHelper.cs
7、详细信息：数据操作
    日志描述：对【角色管理】进行“查询”操作
    操作人员：[0ad06755-9fde-4ddd-9dcb-448462155a02]
    操作地址：/MsSys/Role/GetList
    操作结果：操作成功
    操作描述：数据查询成功！
    IP地址：192.168.1.102
    浏览器：Chrome 53.0
    操作系统：Windows 10
    记录时间：2016 09 04 14:15:36:2521
    详细数据：【{"LogId":"bac5d65d-ba3c-43b1-8cf5-1dd7c2b5add9","LogTypeId":101,"LogTypeName":"数据操作","CompanyId":null,"DataId":null,"OptUserId":"0ad06755-9fde-4ddd-9dcb-448462155a02","OptUserName":null,"OptTime":"2016-09-04 14:15:36","OptModuleName":"角色管理","OptModulePath":"/MsSys/Role/GetList","OptTypeId":1003,"OptTypeName":"查询","OptResultId":100,"OptResultName":"操作成功","OptSystem":"Windows 10","Browser":"Chrome 53.0","IP":"192.168.1.102","Mac":"B8:76:3F:1F:BC:40","Desc":"数据查询成功！","Status":1}】

#############################################################################

1、时间：2016-09-04 14:22:57,124
2、优先级别：INFO
3、线程ID：11
4、耗时：13254
5、行号：120
6、文件名：f:\Net_Project.DosORM\Project\Dos.ORM\Dos.ORM.Common\Helpers\LogHelper.cs
7、详细信息：登录登出
    日志描述：秦波对【登录系统】进行“登录”操作
    操作人员：秦波[0ad06755-9fde-4ddd-9dcb-448462155a03]
    操作地址：/MsSys/Login/CheckLogin
    操作结果：登录成功
    操作描述：登录成功！
    IP地址：192.168.1.102
    浏览器：Chrome 53.0
    操作系统：Windows 10
    记录时间：2016 09 04 14:22:57:0099
    详细数据：【{"LogId":"f3d3ee21-2605-4d5a-914c-b0cf7b111e74","LogTypeId":100,"LogTypeName":"登录登出","CompanyId":"078736e6-0cc2-48dc-80f1-6330419b4af1","DataId":null,"OptUserId":"0ad06755-9fde-4ddd-9dcb-448462155a03","OptUserName":"秦波","OptTime":"2016-09-04 14:22:57","OptModuleName":"登录系统","OptModulePath":"/MsSys/Login/CheckLogin","OptTypeId":2001,"OptTypeName":"登录","OptResultId":300,"OptResultName":"登录成功","OptSystem":"Windows 10","Browser":"Chrome 53.0","IP":"192.168.1.102","Mac":"B8:76:3F:1F:BC:40","Desc":"登录成功！","Status":1}】

#############################################################################

1、时间：2016-09-04 14:31:57,333
2、优先级别：INFO
3、线程ID：9
4、耗时：10563
5、行号：120
6、文件名：f:\Net_Project.DosORM\Project\Dos.ORM\Dos.ORM.Common\Helpers\LogHelper.cs
7、详细信息：登录登出
    日志描述：秦波对【登录系统】进行“登录”操作
    操作人员：秦波[0ad06755-9fde-4ddd-9dcb-448462155a03]
    操作地址：/MsSys/Login/CheckLogin
    操作结果：登录成功
    操作描述：登录成功！
    IP地址：192.168.1.102
    浏览器：Chrome 53.0
    操作系统：Windows 10
    记录时间：2016 09 04 14:31:57:1582
    详细数据：【{"LogId":"9a2e8fe1-2eff-4e1a-9413-bbcd3838f69d","LogTypeId":100,"LogTypeName":"登录登出","CompanyId":"078736e6-0cc2-48dc-80f1-6330419b4af1","DataId":null,"OptUserId":"0ad06755-9fde-4ddd-9dcb-448462155a03","OptUserName":"秦波","OptTime":"2016-09-04 14:31:57","OptModuleName":"登录系统","OptModulePath":"/MsSys/Login/CheckLogin","OptTypeId":2001,"OptTypeName":"登录","OptResultId":300,"OptResultName":"登录成功","OptSystem":"Windows 10","Browser":"Chrome 53.0","IP":"192.168.1.102","Mac":"B8:76:3F:1F:BC:40","Desc":"登录成功！","Status":1}】

#############################################################################

1、时间：2016-09-04 14:35:45,215
2、优先级别：INFO
3、线程ID：9
4、耗时：238445
5、行号：120
6、文件名：f:\Net_Project.DosORM\Project\Dos.ORM\Dos.ORM.Common\Helpers\LogHelper.cs
7、详细信息：数据操作
    日志描述：秦波对【部门管理】进行“查询”操作
    操作人员：秦波[0ad06755-9fde-4ddd-9dcb-448462155a03]
    操作地址：/MsSys/Department/GetList
    操作结果：操作成功
    操作描述：数据查询成功！
    IP地址：192.168.1.102
    浏览器：Chrome 53.0
    操作系统：Windows 10
    记录时间：2016 09 04 14:35:45:1572
    详细数据：【{"LogId":"24ffab08-6f16-4b6a-b443-a8699df287eb","LogTypeId":101,"LogTypeName":"数据操作","CompanyId":"078736e6-0cc2-48dc-80f1-6330419b4af1","DataId":null,"OptUserId":"0ad06755-9fde-4ddd-9dcb-448462155a03","OptUserName":"秦波","OptTime":"2016-09-04 14:35:45","OptModuleName":"部门管理","OptModulePath":"/MsSys/Department/GetList","OptTypeId":1003,"OptTypeName":"查询","OptResultId":100,"OptResultName":"操作成功","OptSystem":"Windows 10","Browser":"Chrome 53.0","IP":"192.168.1.102","Mac":"B8:76:3F:1F:BC:40","Desc":"数据查询成功！","Status":1}】

#############################################################################

1、时间：2016-09-04 14:42:11,048
2、优先级别：INFO
3、线程ID：9
4、耗时：624278
5、行号：120
6、文件名：f:\Net_Project.DosORM\Project\Dos.ORM\Dos.ORM.Common\Helpers\LogHelper.cs
7、详细信息：数据操作
    日志描述：秦波对【部门管理】进行“查询”操作
    操作人员：秦波[0ad06755-9fde-4ddd-9dcb-448462155a03]
    操作地址：/MsSys/Department/GetList
    操作结果：操作成功
    操作描述：数据查询成功！
    IP地址：192.168.1.102
    浏览器：Chrome 53.0
    操作系统：Windows 10
    记录时间：2016 09 04 14:42:11:0149
    详细数据：【{"LogId":"ade687b0-62a2-4ded-93b2-b705f90c5c59","LogTypeId":101,"LogTypeName":"数据操作","CompanyId":"078736e6-0cc2-48dc-80f1-6330419b4af1","DataId":null,"OptUserId":"0ad06755-9fde-4ddd-9dcb-448462155a03","OptUserName":"秦波","OptTime":"2016-09-04 14:42:11","OptModuleName":"部门管理","OptModulePath":"/MsSys/Department/GetList","OptTypeId":1003,"OptTypeName":"查询","OptResultId":100,"OptResultName":"操作成功","OptSystem":"Windows 10","Browser":"Chrome 53.0","IP":"192.168.1.102","Mac":"B8:76:3F:1F:BC:40","Desc":"数据查询成功！","Status":1}】

#############################################################################

1、时间：2016-09-04 14:42:20,009
2、优先级别：INFO
3、线程ID：54
4、耗时：633240
5、行号：120
6、文件名：f:\Net_Project.DosORM\Project\Dos.ORM\Dos.ORM.Common\Helpers\LogHelper.cs
7、详细信息：数据操作
    日志描述：秦波对【部门管理】进行“修改”操作
    数据主键：3b71c791-6826-4ced-8f7b-edbfb800fdb4
    操作人员：秦波[0ad06755-9fde-4ddd-9dcb-448462155a03]
    操作地址：/MsSys/Department/SaveData
    操作结果：操作成功
    操作描述：数据保存成功！
    IP地址：192.168.1.102
    浏览器：Chrome 53.0
    操作系统：Windows 10
    记录时间：2016 09 04 14:42:19:9831
    详细数据：【{"LogId":"7318ca22-3af1-4331-9f4e-529fb41476ca","LogTypeId":101,"LogTypeName":"数据操作","CompanyId":"078736e6-0cc2-48dc-80f1-6330419b4af1","DataId":"3b71c791-6826-4ced-8f7b-edbfb800fdb4","OptUserId":"0ad06755-9fde-4ddd-9dcb-448462155a03","OptUserName":"秦波","OptTime":"2016-09-04 14:42:19","OptModuleName":"部门管理","OptModulePath":"/MsSys/Department/SaveData","OptTypeId":1002,"OptTypeName":"修改","OptResultId":100,"OptResultName":"操作成功","OptSystem":"Windows 10","Browser":"Chrome 53.0","IP":"192.168.1.102","Mac":"B8:76:3F:1F:BC:40","Desc":"数据保存成功！","Status":1}】

#############################################################################

1、时间：2016-09-04 14:42:22,112
2、优先级别：INFO
3、线程ID：13
4、耗时：635343
5、行号：120
6、文件名：f:\Net_Project.DosORM\Project\Dos.ORM\Dos.ORM.Common\Helpers\LogHelper.cs
7、详细信息：数据操作
    日志描述：秦波对【部门管理】进行“查询”操作
    操作人员：秦波[0ad06755-9fde-4ddd-9dcb-448462155a03]
    操作地址：/MsSys/Department/GetList
    操作结果：操作成功
    操作描述：数据查询成功！
    IP地址：192.168.1.102
    浏览器：Chrome 53.0
    操作系统：Windows 10
    记录时间：2016 09 04 14:42:22:0805
    详细数据：【{"LogId":"8565551e-deaf-45e9-8f24-5fa59196da2c","LogTypeId":101,"LogTypeName":"数据操作","CompanyId":"078736e6-0cc2-48dc-80f1-6330419b4af1","DataId":null,"OptUserId":"0ad06755-9fde-4ddd-9dcb-448462155a03","OptUserName":"秦波","OptTime":"2016-09-04 14:42:22","OptModuleName":"部门管理","OptModulePath":"/MsSys/Department/GetList","OptTypeId":1003,"OptTypeName":"查询","OptResultId":100,"OptResultName":"操作成功","OptSystem":"Windows 10","Browser":"Chrome 53.0","IP":"192.168.1.102","Mac":"B8:76:3F:1F:BC:40","Desc":"数据查询成功！","Status":1}】

#############################################################################

1、时间：2016-09-04 14:42:27,316
2、优先级别：INFO
3、线程ID：54
4、耗时：640547
5、行号：120
6、文件名：f:\Net_Project.DosORM\Project\Dos.ORM\Dos.ORM.Common\Helpers\LogHelper.cs
7、详细信息：数据操作
    日志描述：秦波对【部门管理】进行“修改”操作
    数据主键：3b71c791-6826-4ced-8f7b-edbfb800fdb4
    操作人员：秦波[0ad06755-9fde-4ddd-9dcb-448462155a03]
    操作地址：/MsSys/Department/SaveData
    操作结果：操作成功
    操作描述：数据保存成功！
    IP地址：192.168.1.102
    浏览器：Chrome 53.0
    操作系统：Windows 10
    记录时间：2016 09 04 14:42:27:2906
    详细数据：【{"LogId":"f1ea5114-f05a-4871-a5c4-3b6f5e2de9f1","LogTypeId":101,"LogTypeName":"数据操作","CompanyId":"078736e6-0cc2-48dc-80f1-6330419b4af1","DataId":"3b71c791-6826-4ced-8f7b-edbfb800fdb4","OptUserId":"0ad06755-9fde-4ddd-9dcb-448462155a03","OptUserName":"秦波","OptTime":"2016-09-04 14:42:27","OptModuleName":"部门管理","OptModulePath":"/MsSys/Department/SaveData","OptTypeId":1002,"OptTypeName":"修改","OptResultId":100,"OptResultName":"操作成功","OptSystem":"Windows 10","Browser":"Chrome 53.0","IP":"192.168.1.102","Mac":"B8:76:3F:1F:BC:40","Desc":"数据保存成功！","Status":1}】

#############################################################################

1、时间：2016-09-04 14:42:29,472
2、优先级别：INFO
3、线程ID：52
4、耗时：642703
5、行号：120
6、文件名：f:\Net_Project.DosORM\Project\Dos.ORM\Dos.ORM.Common\Helpers\LogHelper.cs
7、详细信息：数据操作
    日志描述：秦波对【部门管理】进行“查询”操作
    操作人员：秦波[0ad06755-9fde-4ddd-9dcb-448462155a03]
    操作地址：/MsSys/Department/GetList
    操作结果：操作成功
    操作描述：数据查询成功！
    IP地址：192.168.1.102
    浏览器：Chrome 53.0
    操作系统：Windows 10
    记录时间：2016 09 04 14:42:29:4068
    详细数据：【{"LogId":"8953a6b7-2edd-4753-866a-20289ee69210","LogTypeId":101,"LogTypeName":"数据操作","CompanyId":"078736e6-0cc2-48dc-80f1-6330419b4af1","DataId":null,"OptUserId":"0ad06755-9fde-4ddd-9dcb-448462155a03","OptUserName":"秦波","OptTime":"2016-09-04 14:42:29","OptModuleName":"部门管理","OptModulePath":"/MsSys/Department/GetList","OptTypeId":1003,"OptTypeName":"查询","OptResultId":100,"OptResultName":"操作成功","OptSystem":"Windows 10","Browser":"Chrome 53.0","IP":"192.168.1.102","Mac":"B8:76:3F:1F:BC:40","Desc":"数据查询成功！","Status":1}】

#############################################################################

1、时间：2016-09-04 14:44:38,922
2、优先级别：INFO
3、线程ID：54
4、耗时：96984
5、行号：120
6、文件名：f:\Net_Project.DosORM\Project\Dos.ORM\Dos.ORM.Common\Helpers\LogHelper.cs
7、详细信息：登录登出
    日志描述：秦波对【登录系统】进行“登录”操作
    操作人员：秦波[0ad06755-9fde-4ddd-9dcb-448462155a03]
    操作地址：/MsSys/Login/CheckLogin
    操作结果：登录成功
    操作描述：登录成功！
    IP地址：192.168.1.102
    浏览器：Chrome 53.0
    操作系统：Windows 10
    记录时间：2016 09 04 14:44:38:8137
    详细数据：【{"LogId":"08cb30de-9d3f-4cdf-89d8-0bfd466f70a4","LogTypeId":100,"LogTypeName":"登录登出","CompanyId":"078736e6-0cc2-48dc-80f1-6330419b4af1","DataId":null,"OptUserId":"0ad06755-9fde-4ddd-9dcb-448462155a03","OptUserName":"秦波","OptTime":"2016-09-04 14:44:38","OptModuleName":"登录系统","OptModulePath":"/MsSys/Login/CheckLogin","OptTypeId":2001,"OptTypeName":"登录","OptResultId":300,"OptResultName":"登录成功","OptSystem":"Windows 10","Browser":"Chrome 53.0","IP":"192.168.1.102","Mac":"B8:76:3F:1F:BC:40","Desc":"登录成功！","Status":1}】

#############################################################################

1、时间：2016-09-04 14:44:45,300
2、优先级别：INFO
3、线程ID：46
4、耗时：103362
5、行号：120
6、文件名：f:\Net_Project.DosORM\Project\Dos.ORM\Dos.ORM.Common\Helpers\LogHelper.cs
7、详细信息：数据操作
    日志描述：秦波对【部门管理】进行“查询”操作
    操作人员：秦波[0ad06755-9fde-4ddd-9dcb-448462155a03]
    操作地址：/MsSys/Department/GetList
    操作结果：操作成功
    操作描述：数据查询成功！
    IP地址：192.168.1.102
    浏览器：Chrome 53.0
    操作系统：Windows 10
    记录时间：2016 09 04 14:44:45:2308
    详细数据：【{"LogId":"f014c046-08bc-4b5b-94d1-2bcf7b7eb48b","LogTypeId":101,"LogTypeName":"数据操作","CompanyId":"078736e6-0cc2-48dc-80f1-6330419b4af1","DataId":null,"OptUserId":"0ad06755-9fde-4ddd-9dcb-448462155a03","OptUserName":"秦波","OptTime":"2016-09-04 14:44:45","OptModuleName":"部门管理","OptModulePath":"/MsSys/Department/GetList","OptTypeId":1003,"OptTypeName":"查询","OptResultId":100,"OptResultName":"操作成功","OptSystem":"Windows 10","Browser":"Chrome 53.0","IP":"192.168.1.102","Mac":"B8:76:3F:1F:BC:40","Desc":"数据查询成功！","Status":1}】

#############################################################################

1、时间：2016-09-04 14:45:31,828
2、优先级别：INFO
3、线程ID：13
4、耗时：20835
5、行号：120
6、文件名：f:\Net_Project.DosORM\Project\Dos.ORM\Dos.ORM.Common\Helpers\LogHelper.cs
7、详细信息：登录登出
    日志描述：秦波对【登录系统】进行“登录”操作
    操作人员：秦波[0ad06755-9fde-4ddd-9dcb-448462155a03]
    操作地址：/MsSys/Login/CheckLogin
    操作结果：登录成功
    操作描述：登录成功！
    IP地址：192.168.1.102
    浏览器：Chrome 53.0
    操作系统：Windows 10
    记录时间：2016 09 04 14:45:31:7210
    详细数据：【{"LogId":"2e160661-a1aa-4d39-9e29-24c75c7b0ae2","LogTypeId":100,"LogTypeName":"登录登出","CompanyId":"078736e6-0cc2-48dc-80f1-6330419b4af1","DataId":null,"OptUserId":"0ad06755-9fde-4ddd-9dcb-448462155a03","OptUserName":"秦波","OptTime":"2016-09-04 14:45:31","OptModuleName":"登录系统","OptModulePath":"/MsSys/Login/CheckLogin","OptTypeId":2001,"OptTypeName":"登录","OptResultId":300,"OptResultName":"登录成功","OptSystem":"Windows 10","Browser":"Chrome 53.0","IP":"192.168.1.102","Mac":"B8:76:3F:1F:BC:40","Desc":"登录成功！","Status":1}】

#############################################################################

1、时间：2016-09-04 14:46:46,185
2、优先级别：INFO
3、线程ID：53
4、耗时：33105
5、行号：120
6、文件名：f:\Net_Project.DosORM\Project\Dos.ORM\Dos.ORM.Common\Helpers\LogHelper.cs
7、详细信息：登录登出
    日志描述：秦波对【登录系统】进行“登录”操作
    操作人员：秦波[0ad06755-9fde-4ddd-9dcb-448462155a03]
    操作地址：/MsSys/Login/CheckLogin
    操作结果：登录成功
    操作描述：登录成功！
    IP地址：192.168.1.102
    浏览器：Chrome 53.0
    操作系统：Windows 10
    记录时间：2016 09 04 14:46:46:0404
    详细数据：【{"LogId":"a992dd5f-87fb-44c8-8fd9-641b07fbd3b1","LogTypeId":100,"LogTypeName":"登录登出","CompanyId":"078736e6-0cc2-48dc-80f1-6330419b4af1","DataId":null,"OptUserId":"0ad06755-9fde-4ddd-9dcb-448462155a03","OptUserName":"秦波","OptTime":"2016-09-04 14:46:46","OptModuleName":"登录系统","OptModulePath":"/MsSys/Login/CheckLogin","OptTypeId":2001,"OptTypeName":"登录","OptResultId":300,"OptResultName":"登录成功","OptSystem":"Windows 10","Browser":"Chrome 53.0","IP":"192.168.1.102","Mac":"B8:76:3F:1F:BC:40","Desc":"登录成功！","Status":1}】

#############################################################################

1、时间：2016-09-04 14:47:56,577
2、优先级别：INFO
3、线程ID：41
4、耗时：24815
5、行号：120
6、文件名：f:\Net_Project.DosORM\Project\Dos.ORM\Dos.ORM.Common\Helpers\LogHelper.cs
7、详细信息：登录登出
    日志描述：秦波对【登录系统】进行“登录”操作
    操作人员：秦波[0ad06755-9fde-4ddd-9dcb-448462155a03]
    操作地址：/MsSys/Login/CheckLogin
    操作结果：登录成功
    操作描述：登录成功！
    IP地址：192.168.1.102
    浏览器：Chrome 53.0
    操作系统：Windows 10
    记录时间：2016 09 04 14:47:56:4697
    详细数据：【{"LogId":"120f0ab4-0c1d-4aaf-a694-6ad4998f7e70","LogTypeId":100,"LogTypeName":"登录登出","CompanyId":"078736e6-0cc2-48dc-80f1-6330419b4af1","DataId":null,"OptUserId":"0ad06755-9fde-4ddd-9dcb-448462155a03","OptUserName":"秦波","OptTime":"2016-09-04 14:47:56","OptModuleName":"登录系统","OptModulePath":"/MsSys/Login/CheckLogin","OptTypeId":2001,"OptTypeName":"登录","OptResultId":300,"OptResultName":"登录成功","OptSystem":"Windows 10","Browser":"Chrome 53.0","IP":"192.168.1.102","Mac":"B8:76:3F:1F:BC:40","Desc":"登录成功！","Status":1}】

#############################################################################

1、时间：2016-09-04 15:18:30,441
2、优先级别：INFO
3、线程ID：48
4、耗时：378133
5、行号：120
6、文件名：f:\Net_Project.DosORM\Project\Dos.ORM\Dos.ORM.Common\Helpers\LogHelper.cs
7、详细信息：登录登出
    日志描述：秦波对【登录系统】进行“登录”操作
    操作人员：秦波[0ad06755-9fde-4ddd-9dcb-448462155a03]
    操作地址：/MsSys/Login/CheckLogin
    操作结果：登录成功
    操作描述：登录成功！
    IP地址：192.168.1.102
    浏览器：Chrome 53.0
    操作系统：Windows 10
    记录时间：2016 09 04 15:18:30:3137
    详细数据：【{"LogId":"1e57135c-d83d-4e67-9421-e327504090c1","LogTypeId":100,"LogTypeName":"登录登出","CompanyId":"078736e6-0cc2-48dc-80f1-6330419b4af1","DataId":null,"OptUserId":"0ad06755-9fde-4ddd-9dcb-448462155a03","OptUserName":"秦波","OptTime":"2016-09-04 15:18:30","OptModuleName":"登录系统","OptModulePath":"/MsSys/Login/CheckLogin","OptTypeId":2001,"OptTypeName":"登录","OptResultId":300,"OptResultName":"登录成功","OptSystem":"Windows 10","Browser":"Chrome 53.0","IP":"192.168.1.102","Mac":"B8:76:3F:1F:BC:40","Desc":"登录成功！","Status":1}】

#############################################################################

1、时间：2016-09-04 15:19:20,463
2、优先级别：INFO
3、线程ID：13
4、耗时：15287
5、行号：120
6、文件名：f:\Net_Project.DosORM\Project\Dos.ORM\Dos.ORM.Common\Helpers\LogHelper.cs
7、详细信息：登录登出
    日志描述：秦波对【登录系统】进行“登录”操作
    操作人员：秦波[0ad06755-9fde-4ddd-9dcb-448462155a03]
    操作地址：/MsSys/Login/CheckLogin
    操作结果：登录成功
    操作描述：登录成功！
    IP地址：192.168.1.102
    浏览器：Chrome 53.0
    操作系统：Windows 10
    记录时间：2016 09 04 15:19:20:3518
    详细数据：【{"LogId":"201d1c27-0393-489a-a649-327416042ecf","LogTypeId":100,"LogTypeName":"登录登出","CompanyId":"078736e6-0cc2-48dc-80f1-6330419b4af1","DataId":null,"OptUserId":"0ad06755-9fde-4ddd-9dcb-448462155a03","OptUserName":"秦波","OptTime":"2016-09-04 15:19:20","OptModuleName":"登录系统","OptModulePath":"/MsSys/Login/CheckLogin","OptTypeId":2001,"OptTypeName":"登录","OptResultId":300,"OptResultName":"登录成功","OptSystem":"Windows 10","Browser":"Chrome 53.0","IP":"192.168.1.102","Mac":"B8:76:3F:1F:BC:40","Desc":"登录成功！","Status":1}】

#############################################################################

1、时间：2016-09-04 15:32:03,004
2、优先级别：INFO
3、线程ID：5
4、耗时：10791
5、行号：120
6、文件名：f:\Net_Project.DosORM\Project\Dos.ORM\Dos.ORM.Common\Helpers\LogHelper.cs
7、详细信息：登录登出
    日志描述：秦波对【登录系统】进行“登录”操作
    操作人员：秦波[0ad06755-9fde-4ddd-9dcb-448462155a03]
    操作地址：/MsSys/Login/CheckLogin
    操作结果：登录成功
    操作描述：登录成功！
    IP地址：192.168.1.102
    浏览器：Chrome 53.0
    操作系统：Windows 10
    记录时间：2016 09 04 15:32:02:8447
    详细数据：【{"LogId":"15f51c99-95bc-4e25-884e-5ad94ccdeaf8","LogTypeId":100,"LogTypeName":"登录登出","CompanyId":"078736e6-0cc2-48dc-80f1-6330419b4af1","DataId":null,"OptUserId":"0ad06755-9fde-4ddd-9dcb-448462155a03","OptUserName":"秦波","OptTime":"2016-09-04 15:32:02","OptModuleName":"登录系统","OptModulePath":"/MsSys/Login/CheckLogin","OptTypeId":2001,"OptTypeName":"登录","OptResultId":300,"OptResultName":"登录成功","OptSystem":"Windows 10","Browser":"Chrome 53.0","IP":"192.168.1.102","Mac":"B8:76:3F:1F:BC:40","Desc":"登录成功！","Status":1}】

#############################################################################

1、时间：2016-09-04 15:41:39,159
2、优先级别：INFO
3、线程ID：67
4、耗时：586947
5、行号：120
6、文件名：f:\Net_Project.DosORM\Project\Dos.ORM\Dos.ORM.Common\Helpers\LogHelper.cs
7、详细信息：数据操作
    日志描述：秦波对【公司管理】进行“查询”操作
    操作人员：秦波[0ad06755-9fde-4ddd-9dcb-448462155a03]
    操作地址：/MsSys/Company/GetList
    操作结果：操作成功
    操作描述：数据查询成功！
    IP地址：192.168.1.102
    浏览器：Chrome 53.0
    操作系统：Windows 10
    记录时间：2016 09 04 15:41:39:0726
    详细数据：【{"LogId":"b2765375-6ab5-4107-af20-e8b3db66360a","LogTypeId":101,"LogTypeName":"数据操作","CompanyId":"078736e6-0cc2-48dc-80f1-6330419b4af1","DataId":null,"OptUserId":"0ad06755-9fde-4ddd-9dcb-448462155a03","OptUserName":"秦波","OptTime":"2016-09-04 15:41:39","OptModuleName":"公司管理","OptModulePath":"/MsSys/Company/GetList","OptTypeId":1003,"OptTypeName":"查询","OptResultId":100,"OptResultName":"操作成功","OptSystem":"Windows 10","Browser":"Chrome 53.0","IP":"192.168.1.102","Mac":"B8:76:3F:1F:BC:40","Desc":"数据查询成功！","Status":1}】

#############################################################################

1、时间：2016-09-04 15:41:40,962
2、优先级别：INFO
3、线程ID：26
4、耗时：588749
5、行号：120
6、文件名：f:\Net_Project.DosORM\Project\Dos.ORM\Dos.ORM.Common\Helpers\LogHelper.cs
7、详细信息：数据操作
    日志描述：秦波对【部门管理】进行“查询”操作
    操作人员：秦波[0ad06755-9fde-4ddd-9dcb-448462155a03]
    操作地址：/MsSys/Department/GetList
    操作结果：操作成功
    操作描述：数据查询成功！
    IP地址：192.168.1.102
    浏览器：Chrome 53.0
    操作系统：Windows 10
    记录时间：2016 09 04 15:41:40:7212
    详细数据：【{"LogId":"8df24fc8-8b96-4ead-98f4-646da74559a9","LogTypeId":101,"LogTypeName":"数据操作","CompanyId":"078736e6-0cc2-48dc-80f1-6330419b4af1","DataId":null,"OptUserId":"0ad06755-9fde-4ddd-9dcb-448462155a03","OptUserName":"秦波","OptTime":"2016-09-04 15:41:40","OptModuleName":"部门管理","OptModulePath":"/MsSys/Department/GetList","OptTypeId":1003,"OptTypeName":"查询","OptResultId":100,"OptResultName":"操作成功","OptSystem":"Windows 10","Browser":"Chrome 53.0","IP":"192.168.1.102","Mac":"B8:76:3F:1F:BC:40","Desc":"数据查询成功！","Status":1}】

#############################################################################

1、时间：2016-09-04 15:41:42,708
2、优先级别：INFO
3、线程ID：62
4、耗时：590495
5、行号：120
6、文件名：f:\Net_Project.DosORM\Project\Dos.ORM\Dos.ORM.Common\Helpers\LogHelper.cs
7、详细信息：数据操作
    日志描述：秦波对【角色管理】进行“查询”操作
    操作人员：秦波[0ad06755-9fde-4ddd-9dcb-448462155a03]
    操作地址：/MsSys/Role/GetList
    操作结果：操作成功
    操作描述：数据查询成功！
    IP地址：192.168.1.102
    浏览器：Chrome 53.0
    操作系统：Windows 10
    记录时间：2016 09 04 15:41:42:6702
    详细数据：【{"LogId":"6ece1562-30cb-46b6-9511-173213ad3978","LogTypeId":101,"LogTypeName":"数据操作","CompanyId":"078736e6-0cc2-48dc-80f1-6330419b4af1","DataId":null,"OptUserId":"0ad06755-9fde-4ddd-9dcb-448462155a03","OptUserName":"秦波","OptTime":"2016-09-04 15:41:42","OptModuleName":"角色管理","OptModulePath":"/MsSys/Role/GetList","OptTypeId":1003,"OptTypeName":"查询","OptResultId":100,"OptResultName":"操作成功","OptSystem":"Windows 10","Browser":"Chrome 53.0","IP":"192.168.1.102","Mac":"B8:76:3F:1F:BC:40","Desc":"数据查询成功！","Status":1}】

#############################################################################

1、时间：2016-09-04 15:41:53,998
2、优先级别：INFO
3、线程ID：67
4、耗时：601785
5、行号：120
6、文件名：f:\Net_Project.DosORM\Project\Dos.ORM\Dos.ORM.Common\Helpers\LogHelper.cs
7、详细信息：数据操作
    日志描述：秦波对【模块管理】进行“查询”操作
    操作人员：秦波[0ad06755-9fde-4ddd-9dcb-448462155a03]
    操作地址：/MsSys/Module/GetList
    操作结果：操作成功
    操作描述：数据查询成功！
    IP地址：192.168.1.102
    浏览器：Chrome 53.0
    操作系统：Windows 10
    记录时间：2016 09 04 15:41:53:9310
    详细数据：【{"LogId":"5e14cc50-dde9-4f91-8284-228cdeb516df","LogTypeId":101,"LogTypeName":"数据操作","CompanyId":"078736e6-0cc2-48dc-80f1-6330419b4af1","DataId":null,"OptUserId":"0ad06755-9fde-4ddd-9dcb-448462155a03","OptUserName":"秦波","OptTime":"2016-09-04 15:41:53","OptModuleName":"模块管理","OptModulePath":"/MsSys/Module/GetList","OptTypeId":1003,"OptTypeName":"查询","OptResultId":100,"OptResultName":"操作成功","OptSystem":"Windows 10","Browser":"Chrome 53.0","IP":"192.168.1.102","Mac":"B8:76:3F:1F:BC:40","Desc":"数据查询成功！","Status":1}】

#############################################################################

1、时间：2016-09-04 15:42:17,728
2、优先级别：INFO
3、线程ID：67
4、耗时：625515
5、行号：120
6、文件名：f:\Net_Project.DosORM\Project\Dos.ORM\Dos.ORM.Common\Helpers\LogHelper.cs
7、详细信息：登录登出
    日志描述：秦波对【退出系y】进行“登出”操作
    操作人员：秦波[0ad06755-9fde-4ddd-9dcb-448462155a03]
    操作地址：/MsSys/Login/LoginOut
    操作结果：退出成功
    操作描述：系统退出成功！
    IP地址：192.168.1.102
    浏览器：Chrome 53.0
    操作系统：Windows 10
    记录时间：2016 09 04 15:42:17:6951
    详细数据：【{"LogId":"955692a5-add9-4568-9f1b-11f8059b72b7","LogTypeId":100,"LogTypeName":"登录登出","CompanyId":"078736e6-0cc2-48dc-80f1-6330419b4af1","DataId":null,"OptUserId":"0ad06755-9fde-4ddd-9dcb-448462155a03","OptUserName":"秦波","OptTime":"2016-09-04 15:42:17","OptModuleName":"退出系y","OptModulePath":"/MsSys/Login/LoginOut","OptTypeId":2002,"OptTypeName":"登出","OptResultId":360,"OptResultName":"退出成功","OptSystem":"Windows 10","Browser":"Chrome 53.0","IP":"192.168.1.102","Mac":"B8:76:3F:1F:BC:40","Desc":"系统退出成功！","Status":1}】

#############################################################################

1、时间：2016-09-04 15:42:25,158
2、优先级别：INFO
3、线程ID：26
4、耗时：632946
5、行号：120
6、文件名：f:\Net_Project.DosORM\Project\Dos.ORM\Dos.ORM.Common\Helpers\LogHelper.cs
7、详细信息：登录登出
    日志描述：对【登录系统】进行“登录”操作
    操作人员：[0ad06755-9fde-4ddd-9dcb-448462155a02]
    操作地址：/MsSys/Login/CheckLogin
    操作结果：登录成功
    操作描述：登录成功！
    IP地址：192.168.1.102
    浏览器：Chrome 53.0
    操作系统：Windows 10
    记录时间：2016 09 04 15:42:25:1306
    详细数据：【{"LogId":"80d41ee4-9c9c-424b-875f-f8925c745d24","LogTypeId":100,"LogTypeName":"登录登出","CompanyId":null,"DataId":null,"OptUserId":"0ad06755-9fde-4ddd-9dcb-448462155a02","OptUserName":null,"OptTime":"2016-09-04 15:42:25","OptModuleName":"登录系统","OptModulePath":"/MsSys/Login/CheckLogin","OptTypeId":2001,"OptTypeName":"登录","OptResultId":300,"OptResultName":"登录成功","OptSystem":"Windows 10","Browser":"Chrome 53.0","IP":"192.168.1.102","Mac":"B8:76:3F:1F:BC:40","Desc":"登录成功！","Status":1}】
