
#############################################################################

1、时间：2016-10-01 16:28:17,069
2、优先级别：INFO
3、线程ID：6
4、耗时：26782
5、行号：120
6、文件名：f:\Net_Project.DosORM\Project\Dos.ORM\Dos.ORM.Common\Helpers\LogHelper.cs
7、详细信息：登录登出
    日志描述：秦波对【登录系统】进行“登录”操作
    操作人员：秦波[0ad06755-9fde-4ddd-9dcb-448462155a03]
    操作地址：/MsSys/Login/CheckLogin
    操作结果：登录成功
    操作描述：登录成功！
    IP地址：127.0.0.1
    浏览器：Chrome 53.0
    操作系统：Windows 10
    记录时间：2016 10 01 16:28:16:8683
    详细数据：【{"LogId":"7aad1870-ab17-45fc-aa54-7908dace0c29","LogTypeId":100,"LogTypeName":"登录登出","CompanyId":"078736e6-0cc2-48dc-80f1-6330419b4af1","DataId":null,"OptUserId":"0ad06755-9fde-4ddd-9dcb-448462155a03","OptUserName":"秦波","OptTime":"2016-10-01 16:28:16","OptModuleName":"登录系统","OptModulePath":"/MsSys/Login/CheckLogin","OptTypeId":2001,"OptTypeName":"登录","OptResultId":300,"OptResultName":"登录成功","OptSystem":"Windows 10","Browser":"Chrome 53.0","IP":"127.0.0.1","Mac":"B8:76:3F:1F:BC:40","Desc":"登录成功！","Status":1}】

#############################################################################

1、时间：2016-10-01 16:29:49,263
2、优先级别：INFO
3、线程ID：24
4、耗时：118976
5、行号：120
6、文件名：f:\Net_Project.DosORM\Project\Dos.ORM\Dos.ORM.Common\Helpers\LogHelper.cs
7、详细信息：数据操作
    日志描述：秦波对【公司管理】进行“查询”操作
    操作人员：秦波[0ad06755-9fde-4ddd-9dcb-448462155a03]
    操作地址：/MsSys/Company/GetList
    操作结果：操作成功
    操作描述：数据查询成功！
    IP地址：127.0.0.1
    浏览器：Chrome 53.0
    操作系统：Windows 10
    记录时间：2016 10 01 16:29:49:1961
    详细数据：【{"LogId":"03fc6821-ab30-4ede-8761-68254cb61b00","LogTypeId":101,"LogTypeName":"数据操作","CompanyId":"078736e6-0cc2-48dc-80f1-6330419b4af1","DataId":null,"OptUserId":"0ad06755-9fde-4ddd-9dcb-448462155a03","OptUserName":"秦波","OptTime":"2016-10-01 16:29:49","OptModuleName":"公司管理","OptModulePath":"/MsSys/Company/GetList","OptTypeId":1003,"OptTypeName":"查询","OptResultId":100,"OptResultName":"操作成功","OptSystem":"Windows 10","Browser":"Chrome 53.0","IP":"127.0.0.1","Mac":"B8:76:3F:1F:BC:40","Desc":"数据查询成功！","Status":1}】

#############################################################################

1、时间：2016-10-01 16:31:30,549
2、优先级别：INFO
3、线程ID：24
4、耗时：220262
5、行号：120
6、文件名：f:\Net_Project.DosORM\Project\Dos.ORM\Dos.ORM.Common\Helpers\LogHelper.cs
7、详细信息：数据操作
    日志描述：秦波对【部门管理】进行“查询”操作
    操作人员：秦波[0ad06755-9fde-4ddd-9dcb-448462155a03]
    操作地址：/MsSys/Department/GetList
    操作结果：操作成功
    操作描述：数据查询成功！
    IP地址：127.0.0.1
    浏览器：Chrome 53.0
    操作系统：Windows 10
    记录时间：2016 10 01 16:31:30:5190
    详细数据：【{"LogId":"11428b10-e6f7-4c34-9ee7-49e10c84e137","LogTypeId":101,"LogTypeName":"数据操作","CompanyId":"078736e6-0cc2-48dc-80f1-6330419b4af1","DataId":null,"OptUserId":"0ad06755-9fde-4ddd-9dcb-448462155a03","OptUserName":"秦波","OptTime":"2016-10-01 16:31:30","OptModuleName":"部门管理","OptModulePath":"/MsSys/Department/GetList","OptTypeId":1003,"OptTypeName":"查询","OptResultId":100,"OptResultName":"操作成功","OptSystem":"Windows 10","Browser":"Chrome 53.0","IP":"127.0.0.1","Mac":"B8:76:3F:1F:BC:40","Desc":"数据查询成功！","Status":1}】

#############################################################################

1、时间：2016-10-01 16:31:55,727
2、优先级别：INFO
3、线程ID：31
4、耗时：245441
5、行号：120
6、文件名：f:\Net_Project.DosORM\Project\Dos.ORM\Dos.ORM.Common\Helpers\LogHelper.cs
7、详细信息：数据操作
    日志描述：秦波对【角色管理】进行“查询”操作
    操作人员：秦波[0ad06755-9fde-4ddd-9dcb-448462155a03]
    操作地址：/MsSys/Role/GetList
    操作结果：操作成功
    操作描述：数据查询成功！
    IP地址：127.0.0.1
    浏览器：Chrome 53.0
    操作系统：Windows 10
    记录时间：2016 10 01 16:31:55:6821
    详细数据：【{"LogId":"24704d13-f08e-422d-9b16-843b529808bb","LogTypeId":101,"LogTypeName":"数据操作","CompanyId":"078736e6-0cc2-48dc-80f1-6330419b4af1","DataId":null,"OptUserId":"0ad06755-9fde-4ddd-9dcb-448462155a03","OptUserName":"秦波","OptTime":"2016-10-01 16:31:55","OptModuleName":"角色管理","OptModulePath":"/MsSys/Role/GetList","OptTypeId":1003,"OptTypeName":"查询","OptResultId":100,"OptResultName":"操作成功","OptSystem":"Windows 10","Browser":"Chrome 53.0","IP":"127.0.0.1","Mac":"B8:76:3F:1F:BC:40","Desc":"数据查询成功！","Status":1}】

#############################################################################

1、时间：2016-10-01 16:34:34,606
2、优先级别：INFO
3、线程ID：21
4、耗时：404320
5、行号：120
6、文件名：f:\Net_Project.DosORM\Project\Dos.ORM\Dos.ORM.Common\Helpers\LogHelper.cs
7、详细信息：数据操作
    日志描述：秦波对【管理员管理】进行“查询”操作
    操作人员：秦波[0ad06755-9fde-4ddd-9dcb-448462155a03]
    操作地址：/MsSys/Operator/GetList
    操作结果：操作成功
    操作描述：数据查询成功！
    IP地址：127.0.0.1
    浏览器：Chrome 53.0
    操作系统：Windows 10
    记录时间：2016 10 01 16:34:34:5181
    详细数据：【{"LogId":"af62ef04-0385-42dd-9f82-f74ac4138823","LogTypeId":101,"LogTypeName":"数据操作","CompanyId":"078736e6-0cc2-48dc-80f1-6330419b4af1","DataId":null,"OptUserId":"0ad06755-9fde-4ddd-9dcb-448462155a03","OptUserName":"秦波","OptTime":"2016-10-01 16:34:34","OptModuleName":"管理员管理","OptModulePath":"/MsSys/Operator/GetList","OptTypeId":1003,"OptTypeName":"查询","OptResultId":100,"OptResultName":"操作成功","OptSystem":"Windows 10","Browser":"Chrome 53.0","IP":"127.0.0.1","Mac":"B8:76:3F:1F:BC:40","Desc":"数据查询成功！","Status":1}】

#############################################################################

1、时间：2016-10-01 16:35:40,880
2、优先级别：INFO
3、线程ID：21
4、耗时：470594
5、行号：120
6、文件名：f:\Net_Project.DosORM\Project\Dos.ORM\Dos.ORM.Common\Helpers\LogHelper.cs
7、详细信息：数据操作
    日志描述：秦波对【管理员管理】进行“修改”操作
    数据主键：0ad06755-9fde-4ddd-9dcb-448462155a03
    操作人员：秦波[0ad06755-9fde-4ddd-9dcb-448462155a03]
    操作地址：/MsSys/Operator/SaveData
    操作结果：操作成功
    操作描述：数据保存成功！
    IP地址：127.0.0.1
    浏览器：Chrome 53.0
    操作系统：Windows 10
    记录时间：2016 10 01 16:35:40:8059
    详细数据：【{"LogId":"6e831c13-210a-41cf-8b3f-244c5493d881","LogTypeId":101,"LogTypeName":"数据操作","CompanyId":"078736e6-0cc2-48dc-80f1-6330419b4af1","DataId":"0ad06755-9fde-4ddd-9dcb-448462155a03","OptUserId":"0ad06755-9fde-4ddd-9dcb-448462155a03","OptUserName":"秦波","OptTime":"2016-10-01 16:35:40","OptModuleName":"管理员管理","OptModulePath":"/MsSys/Operator/SaveData","OptTypeId":1002,"OptTypeName":"修改","OptResultId":100,"OptResultName":"操作成功","OptSystem":"Windows 10","Browser":"Chrome 53.0","IP":"127.0.0.1","Mac":"B8:76:3F:1F:BC:40","Desc":"数据保存成功！","Status":1}】

#############################################################################

1、时间：2016-10-01 16:35:43,060
2、优先级别：INFO
3、线程ID：24
4、耗时：472774
5、行号：120
6、文件名：f:\Net_Project.DosORM\Project\Dos.ORM\Dos.ORM.Common\Helpers\LogHelper.cs
7、详细信息：数据操作
    日志描述：秦波对【管理员管理】进行“查询”操作
    操作人员：秦波[0ad06755-9fde-4ddd-9dcb-448462155a03]
    操作地址：/MsSys/Operator/GetList
    操作结果：操作成功
    操作描述：数据查询成功！
    IP地址：127.0.0.1
    浏览器：Chrome 53.0
    操作系统：Windows 10
    记录时间：2016 10 01 16:35:42:9869
    详细数据：【{"LogId":"35c584c7-daf4-45ef-a73a-3850c2f56043","LogTypeId":101,"LogTypeName":"数据操作","CompanyId":"078736e6-0cc2-48dc-80f1-6330419b4af1","DataId":null,"OptUserId":"0ad06755-9fde-4ddd-9dcb-448462155a03","OptUserName":"秦波","OptTime":"2016-10-01 16:35:42","OptModuleName":"管理员管理","OptModulePath":"/MsSys/Operator/GetList","OptTypeId":1003,"OptTypeName":"查询","OptResultId":100,"OptResultName":"操作成功","OptSystem":"Windows 10","Browser":"Chrome 53.0","IP":"127.0.0.1","Mac":"B8:76:3F:1F:BC:40","Desc":"数据查询成功！","Status":1}】

#############################################################################

1、时间：2016-10-01 16:41:52,527
2、优先级别：INFO
3、线程ID：27
4、耗时：842240
5、行号：120
6、文件名：f:\Net_Project.DosORM\Project\Dos.ORM\Dos.ORM.Common\Helpers\LogHelper.cs
7、详细信息：数据操作
    日志描述：秦波对【管理员管理】进行“修改”操作
    数据主键：0ad06755-9fde-4ddd-9dcb-448462155a03
    操作人员：秦波[0ad06755-9fde-4ddd-9dcb-448462155a03]
    操作地址：/MsSys/Operator/SaveData
    操作结果：操作成功
    操作描述：数据保存成功！
    IP地址：127.0.0.1
    浏览器：Chrome 53.0
    操作系统：Windows 10
    记录时间：2016 10 01 16:41:52:4899
    详细数据：【{"LogId":"3bf58087-cc82-40dd-8643-8570ad147090","LogTypeId":101,"LogTypeName":"数据操作","CompanyId":"078736e6-0cc2-48dc-80f1-6330419b4af1","DataId":"0ad06755-9fde-4ddd-9dcb-448462155a03","OptUserId":"0ad06755-9fde-4ddd-9dcb-448462155a03","OptUserName":"秦波","OptTime":"2016-10-01 16:41:52","OptModuleName":"管理员管理","OptModulePath":"/MsSys/Operator/SaveData","OptTypeId":1002,"OptTypeName":"修改","OptResultId":100,"OptResultName":"操作成功","OptSystem":"Windows 10","Browser":"Chrome 53.0","IP":"127.0.0.1","Mac":"B8:76:3F:1F:BC:40","Desc":"数据保存成功！","Status":1}】

#############################################################################

1、时间：2016-10-01 16:41:54,663
2、优先级别：INFO
3、线程ID：31
4、耗时：844376
5、行号：120
6、文件名：f:\Net_Project.DosORM\Project\Dos.ORM\Dos.ORM.Common\Helpers\LogHelper.cs
7、详细信息：数据操作
    日志描述：秦波对【管理员管理】进行“查询”操作
    操作人员：秦波[0ad06755-9fde-4ddd-9dcb-448462155a03]
    操作地址：/MsSys/Operator/GetList
    操作结果：操作成功
    操作描述：数据查询成功！
    IP地址：127.0.0.1
    浏览器：Chrome 53.0
    操作系统：Windows 10
    记录时间：2016 10 01 16:41:54:6363
    详细数据：【{"LogId":"d78045e7-4401-43d9-b307-ced81de22ba2","LogTypeId":101,"LogTypeName":"数据操作","CompanyId":"078736e6-0cc2-48dc-80f1-6330419b4af1","DataId":null,"OptUserId":"0ad06755-9fde-4ddd-9dcb-448462155a03","OptUserName":"秦波","OptTime":"2016-10-01 16:41:54","OptModuleName":"管理员管理","OptModulePath":"/MsSys/Operator/GetList","OptTypeId":1003,"OptTypeName":"查询","OptResultId":100,"OptResultName":"操作成功","OptSystem":"Windows 10","Browser":"Chrome 53.0","IP":"127.0.0.1","Mac":"B8:76:3F:1F:BC:40","Desc":"数据查询成功！","Status":1}】

#############################################################################

1、时间：2016-10-01 16:42:08,089
2、优先级别：INFO
3、线程ID：13
4、耗时：857802
5、行号：120
6、文件名：f:\Net_Project.DosORM\Project\Dos.ORM\Dos.ORM.Common\Helpers\LogHelper.cs
7、详细信息：数据操作
    日志描述：秦波对【模块管理】进行“查询”操作
    操作人员：秦波[0ad06755-9fde-4ddd-9dcb-448462155a03]
    操作地址：/MsSys/Module/GetList
    操作结果：操作成功
    操作描述：数据查询成功！
    IP地址：127.0.0.1
    浏览器：Chrome 53.0
    操作系统：Windows 10
    记录时间：2016 10 01 16:42:08:0621
    详细数据：【{"LogId":"9ed61af1-1827-4055-97fb-7f036a3b469f","LogTypeId":101,"LogTypeName":"数据操作","CompanyId":"078736e6-0cc2-48dc-80f1-6330419b4af1","DataId":null,"OptUserId":"0ad06755-9fde-4ddd-9dcb-448462155a03","OptUserName":"秦波","OptTime":"2016-10-01 16:42:08","OptModuleName":"模块管理","OptModulePath":"/MsSys/Module/GetList","OptTypeId":1003,"OptTypeName":"查询","OptResultId":100,"OptResultName":"操作成功","OptSystem":"Windows 10","Browser":"Chrome 53.0","IP":"127.0.0.1","Mac":"B8:76:3F:1F:BC:40","Desc":"数据查询成功！","Status":1}】

#############################################################################

1、时间：2016-10-01 16:43:09,116
2、优先级别：INFO
3、线程ID：31
4、耗时：918829
5、行号：120
6、文件名：f:\Net_Project.DosORM\Project\Dos.ORM\Dos.ORM.Common\Helpers\LogHelper.cs
7、详细信息：数据操作
    日志描述：秦波对【模块管理】进行“查询”操作
    操作人员：秦波[0ad06755-9fde-4ddd-9dcb-448462155a03]
    操作地址：/MsSys/Module/GetList
    操作结果：操作成功
    操作描述：数据查询成功！
    IP地址：127.0.0.1
    浏览器：Chrome 53.0
    操作系统：Windows 10
    记录时间：2016 10 01 16:43:09:0929
    详细数据：【{"LogId":"ca94c4be-6a81-4901-9ae4-49e35b7c8216","LogTypeId":101,"LogTypeName":"数据操作","CompanyId":"078736e6-0cc2-48dc-80f1-6330419b4af1","DataId":null,"OptUserId":"0ad06755-9fde-4ddd-9dcb-448462155a03","OptUserName":"秦波","OptTime":"2016-10-01 16:43:09","OptModuleName":"模块管理","OptModulePath":"/MsSys/Module/GetList","OptTypeId":1003,"OptTypeName":"查询","OptResultId":100,"OptResultName":"操作成功","OptSystem":"Windows 10","Browser":"Chrome 53.0","IP":"127.0.0.1","Mac":"B8:76:3F:1F:BC:40","Desc":"数据查询成功！","Status":1}】

#############################################################################

1、时间：2016-10-01 16:48:19,452
2、优先级别：INFO
3、线程ID：6
4、耗时：12722
5、行号：120
6、文件名：f:\Net_Project.DosORM\Project\Dos.ORM\Dos.ORM.Common\Helpers\LogHelper.cs
7、详细信息：登录登出
    日志描述：秦波对【登录系统】进行“登录”操作
    操作人员：秦波[0ad06755-9fde-4ddd-9dcb-448462155a03]
    操作地址：/MsSys/Login/CheckLogin
    操作结果：登录成功
    操作描述：登录成功！
    IP地址：127.0.0.1
    浏览器：Chrome 53.0
    操作系统：Windows 10
    记录时间：2016 10 01 16:48:19:3922
    详细数据：【{"LogId":"eaa24d56-8276-4408-b374-ed6f35f22b10","LogTypeId":100,"LogTypeName":"登录登出","CompanyId":"078736e6-0cc2-48dc-80f1-6330419b4af1","DataId":null,"OptUserId":"0ad06755-9fde-4ddd-9dcb-448462155a03","OptUserName":"秦波","OptTime":"2016-10-01 16:48:19","OptModuleName":"登录系统","OptModulePath":"/MsSys/Login/CheckLogin","OptTypeId":2001,"OptTypeName":"登录","OptResultId":300,"OptResultName":"登录成功","OptSystem":"Windows 10","Browser":"Chrome 53.0","IP":"127.0.0.1","Mac":"B8:76:3F:1F:BC:40","Desc":"登录成功！","Status":1}】

#############################################################################

1、时间：2016-10-01 16:48:32,311
2、优先级别：INFO
3、线程ID：13
4、耗时：25582
5、行号：120
6、文件名：f:\Net_Project.DosORM\Project\Dos.ORM\Dos.ORM.Common\Helpers\LogHelper.cs
7、详细信息：数据操作
    日志描述：秦波对【模块管理】进行“查询”操作
    操作人员：秦波[0ad06755-9fde-4ddd-9dcb-448462155a03]
    操作地址：/MsSys/Module/GetList
    操作结果：操作成功
    操作描述：数据查询成功！
    IP地址：127.0.0.1
    浏览器：Chrome 53.0
    操作系统：Windows 10
    记录时间：2016 10 01 16:48:32:2817
    详细数据：【{"LogId":"037e0ee6-8d84-4e62-9d9b-532d1d854233","LogTypeId":101,"LogTypeName":"数据操作","CompanyId":"078736e6-0cc2-48dc-80f1-6330419b4af1","DataId":null,"OptUserId":"0ad06755-9fde-4ddd-9dcb-448462155a03","OptUserName":"秦波","OptTime":"2016-10-01 16:48:32","OptModuleName":"模块管理","OptModulePath":"/MsSys/Module/GetList","OptTypeId":1003,"OptTypeName":"查询","OptResultId":100,"OptResultName":"操作成功","OptSystem":"Windows 10","Browser":"Chrome 53.0","IP":"127.0.0.1","Mac":"B8:76:3F:1F:BC:40","Desc":"数据查询成功！","Status":1}】

#############################################################################

1、时间：2016-10-01 16:49:28,685
2、优先级别：INFO
3、线程ID：35
4、耗时：81956
5、行号：120
6、文件名：f:\Net_Project.DosORM\Project\Dos.ORM\Dos.ORM.Common\Helpers\LogHelper.cs
7、详细信息：登录登出
    日志描述：秦波对【退出系y】进行“登出”操作
    操作人员：秦波[0ad06755-9fde-4ddd-9dcb-448462155a03]
    操作地址：/MsSys/Login/LoginOut
    操作结果：退出成功
    操作描述：系统退出成功！
    IP地址：127.0.0.1
    浏览器：Chrome 53.0
    操作系统：Windows 10
    记录时间：2016 10 01 16:49:28:6535
    详细数据：【{"LogId":"6a614561-4f3b-4e2f-8664-c8e5e153e3ad","LogTypeId":100,"LogTypeName":"登录登出","CompanyId":"078736e6-0cc2-48dc-80f1-6330419b4af1","DataId":null,"OptUserId":"0ad06755-9fde-4ddd-9dcb-448462155a03","OptUserName":"秦波","OptTime":"2016-10-01 16:49:28","OptModuleName":"退出系y","OptModulePath":"/MsSys/Login/LoginOut","OptTypeId":2002,"OptTypeName":"登出","OptResultId":360,"OptResultName":"退出成功","OptSystem":"Windows 10","Browser":"Chrome 53.0","IP":"127.0.0.1","Mac":"B8:76:3F:1F:BC:40","Desc":"系统退出成功！","Status":1}】

#############################################################################

1、时间：2016-10-01 16:51:03,330
2、优先级别：INFO
3、线程ID：13
4、耗时：176600
5、行号：120
6、文件名：f:\Net_Project.DosORM\Project\Dos.ORM\Dos.ORM.Common\Helpers\LogHelper.cs
7、详细信息：登录登出
    日志描述：秦波对【登录系统】进行“登录”操作
    操作人员：秦波[0ad06755-9fde-4ddd-9dcb-448462155a03]
    操作地址：/MsSys/Login/CheckLogin
    操作结果：登录成功
    操作描述：登录成功！
    IP地址：127.0.0.1
    浏览器：Chrome 53.0
    操作系统：Windows 10
    记录时间：2016 10 01 16:51:03:2563
    详细数据：【{"LogId":"5a3b872e-df94-4f4d-b3d5-14b894d27216","LogTypeId":100,"LogTypeName":"登录登出","CompanyId":"078736e6-0cc2-48dc-80f1-6330419b4af1","DataId":null,"OptUserId":"0ad06755-9fde-4ddd-9dcb-448462155a03","OptUserName":"秦波","OptTime":"2016-10-01 16:51:03","OptModuleName":"登录系统","OptModulePath":"/MsSys/Login/CheckLogin","OptTypeId":2001,"OptTypeName":"登录","OptResultId":300,"OptResultName":"登录成功","OptSystem":"Windows 10","Browser":"Chrome 53.0","IP":"127.0.0.1","Mac":"B8:76:3F:1F:BC:40","Desc":"登录成功！","Status":1}】

#############################################################################

1、时间：2016-10-01 16:53:31,236
2、优先级别：INFO
3、线程ID：13
4、耗时：8347
5、行号：120
6、文件名：f:\Net_Project.DosORM\Project\Dos.ORM\Dos.ORM.Common\Helpers\LogHelper.cs
7、详细信息：登录登出
    日志描述：秦波对【登录系统】进行“登录”操作
    操作人员：秦波[0ad06755-9fde-4ddd-9dcb-448462155a03]
    操作地址：/MsSys/Login/CheckLogin
    操作结果：登录成功
    操作描述：登录成功！
    IP地址：127.0.0.1
    浏览器：Chrome 53.0
    操作系统：Windows 10
    记录时间：2016 10 01 16:53:31:1744
    详细数据：【{"LogId":"e9f70418-5154-4b78-8a09-bbe1977ccf33","LogTypeId":100,"LogTypeName":"登录登出","CompanyId":"078736e6-0cc2-48dc-80f1-6330419b4af1","DataId":null,"OptUserId":"0ad06755-9fde-4ddd-9dcb-448462155a03","OptUserName":"秦波","OptTime":"2016-10-01 16:53:31","OptModuleName":"登录系统","OptModulePath":"/MsSys/Login/CheckLogin","OptTypeId":2001,"OptTypeName":"登录","OptResultId":300,"OptResultName":"登录成功","OptSystem":"Windows 10","Browser":"Chrome 53.0","IP":"127.0.0.1","Mac":"B8:76:3F:1F:BC:40","Desc":"登录成功！","Status":1}】

#############################################################################

1、时间：2016-10-01 16:53:41,865
2、优先级别：INFO
3、线程ID：13
4、耗时：7143
5、行号：120
6、文件名：f:\Net_Project.DosORM\Project\Dos.ORM\Dos.ORM.Common\Helpers\LogHelper.cs
7、详细信息：登录登出
    日志描述：秦波对【登录系统】进行“登录”操作
    操作人员：秦波[0ad06755-9fde-4ddd-9dcb-448462155a03]
    操作地址：/MsSys/Login/CheckLogin
    操作结果：登录成功
    操作描述：登录成功！
    IP地址：127.0.0.1
    浏览器：Chrome 53.0
    操作系统：Windows 10
    记录时间：2016 10 01 16:53:41:8066
    详细数据：【{"LogId":"519355a4-eac4-4ff3-8af1-7770efa301ac","LogTypeId":100,"LogTypeName":"登录登出","CompanyId":"078736e6-0cc2-48dc-80f1-6330419b4af1","DataId":null,"OptUserId":"0ad06755-9fde-4ddd-9dcb-448462155a03","OptUserName":"秦波","OptTime":"2016-10-01 16:53:41","OptModuleName":"登录系统","OptModulePath":"/MsSys/Login/CheckLogin","OptTypeId":2001,"OptTypeName":"登录","OptResultId":300,"OptResultName":"登录成功","OptSystem":"Windows 10","Browser":"Chrome 53.0","IP":"127.0.0.1","Mac":"B8:76:3F:1F:BC:40","Desc":"登录成功！","Status":1}】

#############################################################################

1、时间：2016-10-01 17:06:18,201
2、优先级别：INFO
3、线程ID：16
4、耗时：292463
5、行号：120
6、文件名：f:\Net_Project.DosORM\Project\Dos.ORM\Dos.ORM.Common\Helpers\LogHelper.cs
7、详细信息：登录登出
    日志描述：秦波对【登录系统】进行“登录”操作
    操作人员：秦波[0ad06755-9fde-4ddd-9dcb-448462155a03]
    操作地址：/MsSys/Login/CheckLogin
    操作结果：登录成功
    操作描述：登录成功！
    IP地址：127.0.0.1
    浏览器：Chrome 53.0
    操作系统：Windows 10
    记录时间：2016 10 01 17:06:18:1337
    详细数据：【{"LogId":"217e98e7-a9b2-4dd6-8913-ec73c67d2d2c","LogTypeId":100,"LogTypeName":"登录登出","CompanyId":"078736e6-0cc2-48dc-80f1-6330419b4af1","DataId":null,"OptUserId":"0ad06755-9fde-4ddd-9dcb-448462155a03","OptUserName":"秦波","OptTime":"2016-10-01 17:06:18","OptModuleName":"登录系统","OptModulePath":"/MsSys/Login/CheckLogin","OptTypeId":2001,"OptTypeName":"登录","OptResultId":300,"OptResultName":"登录成功","OptSystem":"Windows 10","Browser":"Chrome 53.0","IP":"127.0.0.1","Mac":"B8:76:3F:1F:BC:40","Desc":"登录成功！","Status":1}】

#############################################################################

1、时间：2016-10-01 17:08:30,146
2、优先级别：INFO
3、线程ID：33
4、耗时：7223
5、行号：120
6、文件名：f:\Net_Project.DosORM\Project\Dos.ORM\Dos.ORM.Common\Helpers\LogHelper.cs
7、详细信息：登录登出
    日志描述：秦波对【登录系统】进行“登录”操作
    操作人员：秦波[0ad06755-9fde-4ddd-9dcb-448462155a03]
    操作地址：/MsSys/Login/CheckLogin
    操作结果：登录成功
    操作描述：登录成功！
    IP地址：127.0.0.1
    浏览器：Chrome 53.0
    操作系统：Windows 10
    记录时间：2016 10 01 17:08:30:0850
    详细数据：【{"LogId":"fdfa2e22-291c-4bb8-846c-7c106fd88404","LogTypeId":100,"LogTypeName":"登录登出","CompanyId":"078736e6-0cc2-48dc-80f1-6330419b4af1","DataId":null,"OptUserId":"0ad06755-9fde-4ddd-9dcb-448462155a03","OptUserName":"秦波","OptTime":"2016-10-01 17:08:30","OptModuleName":"登录系统","OptModulePath":"/MsSys/Login/CheckLogin","OptTypeId":2001,"OptTypeName":"登录","OptResultId":300,"OptResultName":"登录成功","OptSystem":"Windows 10","Browser":"Chrome 53.0","IP":"127.0.0.1","Mac":"B8:76:3F:1F:BC:40","Desc":"登录成功！","Status":1}】

#############################################################################

1、时间：2016-10-01 17:08:40,420
2、优先级别：INFO
3、线程ID：20
4、耗时：17497
5、行号：120
6、文件名：f:\Net_Project.DosORM\Project\Dos.ORM\Dos.ORM.Common\Helpers\LogHelper.cs
7、详细信息：数据操作
    日志描述：秦波对【新闻信息管理】进行“查询”操作
    操作人员：秦波[0ad06755-9fde-4ddd-9dcb-448462155a03]
    操作地址：/MsBus/NewsInfo/GetList
    操作结果：操作成功
    操作描述：数据查询成功！
    IP地址：127.0.0.1
    浏览器：Chrome 53.0
    操作系统：Windows 10
    记录时间：2016 10 01 17:08:40:3874
    详细数据：【{"LogId":"cc3c2623-4b03-458d-b07d-2e99da92e0a6","LogTypeId":101,"LogTypeName":"数据操作","CompanyId":"078736e6-0cc2-48dc-80f1-6330419b4af1","DataId":null,"OptUserId":"0ad06755-9fde-4ddd-9dcb-448462155a03","OptUserName":"秦波","OptTime":"2016-10-01 17:08:40","OptModuleName":"新闻信息管理","OptModulePath":"/MsBus/NewsInfo/GetList","OptTypeId":1003,"OptTypeName":"查询","OptResultId":100,"OptResultName":"操作成功","OptSystem":"Windows 10","Browser":"Chrome 53.0","IP":"127.0.0.1","Mac":"B8:76:3F:1F:BC:40","Desc":"数据查询成功！","Status":1}】

#############################################################################

1、时间：2016-10-01 17:10:06,452
2、优先级别：INFO
3、线程ID：24
4、耗时：103530
5、行号：120
6、文件名：f:\Net_Project.DosORM\Project\Dos.ORM\Dos.ORM.Common\Helpers\LogHelper.cs
7、详细信息：数据操作
    日志描述：秦波对【新闻类别管理】进行“查询”操作
    操作人员：秦波[0ad06755-9fde-4ddd-9dcb-448462155a03]
    操作地址：/MsBus/NewsType/GetList
    操作结果：操作成功
    操作描述：数据查询成功！
    IP地址：127.0.0.1
    浏览器：Chrome 53.0
    操作系统：Windows 10
    记录时间：2016 10 01 17:10:06:3577
    详细数据：【{"LogId":"47e27de7-1312-479f-9cf6-3e3699e57bde","LogTypeId":101,"LogTypeName":"数据操作","CompanyId":"078736e6-0cc2-48dc-80f1-6330419b4af1","DataId":null,"OptUserId":"0ad06755-9fde-4ddd-9dcb-448462155a03","OptUserName":"秦波","OptTime":"2016-10-01 17:10:06","OptModuleName":"新闻类别管理","OptModulePath":"/MsBus/NewsType/GetList","OptTypeId":1003,"OptTypeName":"查询","OptResultId":100,"OptResultName":"操作成功","OptSystem":"Windows 10","Browser":"Chrome 53.0","IP":"127.0.0.1","Mac":"B8:76:3F:1F:BC:40","Desc":"数据查询成功！","Status":1}】

#############################################################################

1、时间：2016-10-01 17:10:25,427
2、优先级别：INFO
3、线程ID：22
4、耗时：122505
5、行号：120
6、文件名：f:\Net_Project.DosORM\Project\Dos.ORM\Dos.ORM.Common\Helpers\LogHelper.cs
7、详细信息：数据操作
    日志描述：秦波对【模块管理】进行“查询”操作
    操作人员：秦波[0ad06755-9fde-4ddd-9dcb-448462155a03]
    操作地址：/MsSys/Module/GetList
    操作结果：操作成功
    操作描述：数据查询成功！
    IP地址：127.0.0.1
    浏览器：Chrome 53.0
    操作系统：Windows 10
    记录时间：2016 10 01 17:10:25:3984
    详细数据：【{"LogId":"2a9b5f97-7e4f-4cae-bf42-15ee4951f31e","LogTypeId":101,"LogTypeName":"数据操作","CompanyId":"078736e6-0cc2-48dc-80f1-6330419b4af1","DataId":null,"OptUserId":"0ad06755-9fde-4ddd-9dcb-448462155a03","OptUserName":"秦波","OptTime":"2016-10-01 17:10:25","OptModuleName":"模块管理","OptModulePath":"/MsSys/Module/GetList","OptTypeId":1003,"OptTypeName":"查询","OptResultId":100,"OptResultName":"操作成功","OptSystem":"Windows 10","Browser":"Chrome 53.0","IP":"127.0.0.1","Mac":"B8:76:3F:1F:BC:40","Desc":"数据查询成功！","Status":1}】

#############################################################################

1、时间：2016-10-01 17:14:58,943
2、优先级别：INFO
3、线程ID：11
4、耗时：396021
5、行号：120
6、文件名：f:\Net_Project.DosORM\Project\Dos.ORM\Dos.ORM.Common\Helpers\LogHelper.cs
7、详细信息：登录登出
    日志描述：秦波对【退出系y】进行“登出”操作
    操作人员：秦波[0ad06755-9fde-4ddd-9dcb-448462155a03]
    操作地址：/MsSys/Login/LoginOut
    操作结果：退出成功
    操作描述：系统退出成功！
    IP地址：127.0.0.1
    浏览器：Chrome 53.0
    操作系统：Windows 10
    记录时间：2016 10 01 17:14:58:9048
    详细数据：【{"LogId":"34e1d423-1e51-4ad1-9177-b1853b485726","LogTypeId":100,"LogTypeName":"登录登出","CompanyId":"078736e6-0cc2-48dc-80f1-6330419b4af1","DataId":null,"OptUserId":"0ad06755-9fde-4ddd-9dcb-448462155a03","OptUserName":"秦波","OptTime":"2016-10-01 17:14:58","OptModuleName":"退出系y","OptModulePath":"/MsSys/Login/LoginOut","OptTypeId":2002,"OptTypeName":"登出","OptResultId":360,"OptResultName":"退出成功","OptSystem":"Windows 10","Browser":"Chrome 53.0","IP":"127.0.0.1","Mac":"B8:76:3F:1F:BC:40","Desc":"系统退出成功！","Status":1}】

#############################################################################

1、时间：2016-10-01 17:15:06,063
2、优先级别：INFO
3、线程ID：24
4、耗时：403141
5、行号：120
6、文件名：f:\Net_Project.DosORM\Project\Dos.ORM\Dos.ORM.Common\Helpers\LogHelper.cs
7、详细信息：登录登出
    日志描述：系统管理员对【登录系统】进行“登录”操作
    操作人员：系统管理员[0ad06755-9fde-4ddd-9dcb-448462155a02]
    操作地址：/MsSys/Login/CheckLogin
    操作结果：登录成功
    操作描述：登录成功！
    IP地址：127.0.0.1
    浏览器：Chrome 53.0
    操作系统：Windows 10
    记录时间：2016 10 01 17:15:06:0405
    详细数据：【{"LogId":"d741437f-233e-441d-84fd-53c4a542abb5","LogTypeId":100,"LogTypeName":"登录登出","CompanyId":null,"DataId":null,"OptUserId":"0ad06755-9fde-4ddd-9dcb-448462155a02","OptUserName":"系统管理员","OptTime":"2016-10-01 17:15:06","OptModuleName":"登录系统","OptModulePath":"/MsSys/Login/CheckLogin","OptTypeId":2001,"OptTypeName":"登录","OptResultId":300,"OptResultName":"登录成功","OptSystem":"Windows 10","Browser":"Chrome 53.0","IP":"127.0.0.1","Mac":"B8:76:3F:1F:BC:40","Desc":"登录成功！","Status":1}】

#############################################################################

1、时间：2016-10-01 17:15:19,422
2、优先级别：INFO
3、线程ID：11
4、耗时：416500
5、行号：120
6、文件名：f:\Net_Project.DosORM\Project\Dos.ORM\Dos.ORM.Common\Helpers\LogHelper.cs
7、详细信息：数据操作
    日志描述：系统管理员对【管理员管理】进行“查询”操作
    操作人员：系统管理员[0ad06755-9fde-4ddd-9dcb-448462155a02]
    操作地址：/MsSys/Operator/GetList
    操作结果：操作成功
    操作描述：数据查询成功！
    IP地址：127.0.0.1
    浏览器：Chrome 53.0
    操作系统：Windows 10
    记录时间：2016 10 01 17:15:19:3909
    详细数据：【{"LogId":"282d06e0-cffd-42c1-8dd7-06a5a8d49908","LogTypeId":101,"LogTypeName":"数据操作","CompanyId":null,"DataId":null,"OptUserId":"0ad06755-9fde-4ddd-9dcb-448462155a02","OptUserName":"系统管理员","OptTime":"2016-10-01 17:15:19","OptModuleName":"管理员管理","OptModulePath":"/MsSys/Operator/GetList","OptTypeId":1003,"OptTypeName":"查询","OptResultId":100,"OptResultName":"操作成功","OptSystem":"Windows 10","Browser":"Chrome 53.0","IP":"127.0.0.1","Mac":"B8:76:3F:1F:BC:40","Desc":"数据查询成功！","Status":1}】

#############################################################################

1、时间：2016-10-01 17:15:36,061
2、优先级别：INFO
3、线程ID：19
4、耗时：433138
5、行号：120
6、文件名：f:\Net_Project.DosORM\Project\Dos.ORM\Dos.ORM.Common\Helpers\LogHelper.cs
7、详细信息：数据操作
    日志描述：系统管理员对【管理员管理】进行“查询”操作
    操作人员：系统管理员[0ad06755-9fde-4ddd-9dcb-448462155a02]
    操作地址：/MsSys/Operator/GetList
    操作结果：操作成功
    操作描述：数据查询成功！
    IP地址：127.0.0.1
    浏览器：Chrome 53.0
    操作系统：Windows 10
    记录时间：2016 10 01 17:15:36:0382
    详细数据：【{"LogId":"02cd2ed0-26eb-48e9-8f73-9253168a4410","LogTypeId":101,"LogTypeName":"数据操作","CompanyId":null,"DataId":null,"OptUserId":"0ad06755-9fde-4ddd-9dcb-448462155a02","OptUserName":"系统管理员","OptTime":"2016-10-01 17:15:36","OptModuleName":"管理员管理","OptModulePath":"/MsSys/Operator/GetList","OptTypeId":1003,"OptTypeName":"查询","OptResultId":100,"OptResultName":"操作成功","OptSystem":"Windows 10","Browser":"Chrome 53.0","IP":"127.0.0.1","Mac":"B8:76:3F:1F:BC:40","Desc":"数据查询成功！","Status":1}】

#############################################################################

1、时间：2016-10-01 17:15:47,377
2、优先级别：INFO
3、线程ID：23
4、耗时：444454
5、行号：120
6、文件名：f:\Net_Project.DosORM\Project\Dos.ORM\Dos.ORM.Common\Helpers\LogHelper.cs
7、详细信息：数据操作
    日志描述：系统管理员对【管理员管理】进行“查询”操作
    操作人员：系统管理员[0ad06755-9fde-4ddd-9dcb-448462155a02]
    操作地址：/MsSys/Operator/GetList
    操作结果：操作成功
    操作描述：数据查询成功！
    IP地址：127.0.0.1
    浏览器：Chrome 53.0
    操作系统：Windows 10
    记录时间：2016 10 01 17:15:47:3568
    详细数据：【{"LogId":"fc6ff437-4c8d-46c3-9a42-1f58d2aa00be","LogTypeId":101,"LogTypeName":"数据操作","CompanyId":null,"DataId":null,"OptUserId":"0ad06755-9fde-4ddd-9dcb-448462155a02","OptUserName":"系统管理员","OptTime":"2016-10-01 17:15:47","OptModuleName":"管理员管理","OptModulePath":"/MsSys/Operator/GetList","OptTypeId":1003,"OptTypeName":"查询","OptResultId":100,"OptResultName":"操作成功","OptSystem":"Windows 10","Browser":"Chrome 53.0","IP":"127.0.0.1","Mac":"B8:76:3F:1F:BC:40","Desc":"数据查询成功！","Status":1}】

#############################################################################

1、时间：2016-10-01 17:15:48,851
2、优先级别：INFO
3、线程ID：38
4、耗时：445929
5、行号：120
6、文件名：f:\Net_Project.DosORM\Project\Dos.ORM\Dos.ORM.Common\Helpers\LogHelper.cs
7、详细信息：数据操作
    日志描述：系统管理员对【管理员管理】进行“查询”操作
    操作人员：系统管理员[0ad06755-9fde-4ddd-9dcb-448462155a02]
    操作地址：/MsSys/Operator/GetList
    操作结果：操作成功
    操作描述：数据查询成功！
    IP地址：127.0.0.1
    浏览器：Chrome 53.0
    操作系统：Windows 10
    记录时间：2016 10 01 17:15:48:8258
    详细数据：【{"LogId":"38980907-5ecb-4aec-a90e-c713328523df","LogTypeId":101,"LogTypeName":"数据操作","CompanyId":null,"DataId":null,"OptUserId":"0ad06755-9fde-4ddd-9dcb-448462155a02","OptUserName":"系统管理员","OptTime":"2016-10-01 17:15:48","OptModuleName":"管理员管理","OptModulePath":"/MsSys/Operator/GetList","OptTypeId":1003,"OptTypeName":"查询","OptResultId":100,"OptResultName":"操作成功","OptSystem":"Windows 10","Browser":"Chrome 53.0","IP":"127.0.0.1","Mac":"B8:76:3F:1F:BC:40","Desc":"数据查询成功！","Status":1}】

#############################################################################

1、时间：2016-10-01 17:15:49,333
2、优先级别：INFO
3、线程ID：9
4、耗时：446411
5、行号：120
6、文件名：f:\Net_Project.DosORM\Project\Dos.ORM\Dos.ORM.Common\Helpers\LogHelper.cs
7、详细信息：数据操作
    日志描述：系统管理员对【管理员管理】进行“查询”操作
    操作人员：系统管理员[0ad06755-9fde-4ddd-9dcb-448462155a02]
    操作地址：/MsSys/Operator/GetList
    操作结果：操作成功
    操作描述：数据查询成功！
    IP地址：127.0.0.1
    浏览器：Chrome 53.0
    操作系统：Windows 10
    记录时间：2016 10 01 17:15:49:3115
    详细数据：【{"LogId":"71bf5ea0-4713-4bdb-b3c7-af3a139cae3c","LogTypeId":101,"LogTypeName":"数据操作","CompanyId":null,"DataId":null,"OptUserId":"0ad06755-9fde-4ddd-9dcb-448462155a02","OptUserName":"系统管理员","OptTime":"2016-10-01 17:15:49","OptModuleName":"管理员管理","OptModulePath":"/MsSys/Operator/GetList","OptTypeId":1003,"OptTypeName":"查询","OptResultId":100,"OptResultName":"操作成功","OptSystem":"Windows 10","Browser":"Chrome 53.0","IP":"127.0.0.1","Mac":"B8:76:3F:1F:BC:40","Desc":"数据查询成功！","Status":1}】

#############################################################################

1、时间：2016-10-01 17:15:49,726
2、优先级别：INFO
3、线程ID：23
4、耗时：446803
5、行号：120
6、文件名：f:\Net_Project.DosORM\Project\Dos.ORM\Dos.ORM.Common\Helpers\LogHelper.cs
7、详细信息：数据操作
    日志描述：系统管理员对【管理员管理】进行“查询”操作
    操作人员：系统管理员[0ad06755-9fde-4ddd-9dcb-448462155a02]
    操作地址：/MsSys/Operator/GetList
    操作结果：操作成功
    操作描述：数据查询成功！
    IP地址：127.0.0.1
    浏览器：Chrome 53.0
    操作系统：Windows 10
    记录时间：2016 10 01 17:15:49:7053
    详细数据：【{"LogId":"72f20ee5-8e1b-4702-b323-b019959eea29","LogTypeId":101,"LogTypeName":"数据操作","CompanyId":null,"DataId":null,"OptUserId":"0ad06755-9fde-4ddd-9dcb-448462155a02","OptUserName":"系统管理员","OptTime":"2016-10-01 17:15:49","OptModuleName":"管理员管理","OptModulePath":"/MsSys/Operator/GetList","OptTypeId":1003,"OptTypeName":"查询","OptResultId":100,"OptResultName":"操作成功","OptSystem":"Windows 10","Browser":"Chrome 53.0","IP":"127.0.0.1","Mac":"B8:76:3F:1F:BC:40","Desc":"数据查询成功！","Status":1}】
