
#############################################################################

1、时间：2016-09-18 20:18:27,629
2、优先级别：INFO
3、线程ID：12
4、耗时：491551
5、行号：120
6、文件名：f:\Net_Project.DosORM\Project\Dos.ORM\Dos.ORM.Common\Helpers\LogHelper.cs
7、详细信息：登录登出
    日志描述：秦波对【登录系统】进行“登录”操作
    操作人员：秦波[0ad06755-9fde-4ddd-9dcb-448462155a03]
    操作地址：/MsSys/Login/CheckLogin
    操作结果：登录成功
    操作描述：登录成功！
    IP地址：192.168.1.100
    浏览器：Chrome 53.0
    操作系统：Windows 10
    记录时间：2016 09 18 20:18:27:2240
    详细数据：【{"LogId":"92aefda4-6faf-48ab-8b2b-bab4b98f341a","LogTypeId":100,"LogTypeName":"登录登出","CompanyId":"078736e6-0cc2-48dc-80f1-6330419b4af1","DataId":null,"OptUserId":"0ad06755-9fde-4ddd-9dcb-448462155a03","OptUserName":"秦波","OptTime":"2016-09-18 20:18:27","OptModuleName":"登录系统","OptModulePath":"/MsSys/Login/CheckLogin","OptTypeId":2001,"OptTypeName":"登录","OptResultId":300,"OptResultName":"登录成功","OptSystem":"Windows 10","Browser":"Chrome 53.0","IP":"192.168.1.100","Mac":"B8:76:3F:1F:BC:40","Desc":"登录成功！","Status":1}】

#############################################################################

1、时间：2016-09-18 20:32:53,123
2、优先级别：INFO
3、线程ID：23
4、耗时：1357046
5、行号：120
6、文件名：f:\Net_Project.DosORM\Project\Dos.ORM\Dos.ORM.Common\Helpers\LogHelper.cs
7、详细信息：数据操作
    日志描述：秦波对【角色管理】进行“查询”操作
    操作人员：秦波[0ad06755-9fde-4ddd-9dcb-448462155a03]
    操作地址：/MsSys/Role/GetList
    操作结果：操作成功
    操作描述：数据查询成功！
    IP地址：192.168.1.100
    浏览器：Chrome 53.0
    操作系统：Windows 10
    记录时间：2016 09 18 20:32:53:0635
    详细数据：【{"LogId":"e20155b1-d567-4e33-9dee-2f9e3997e77d","LogTypeId":101,"LogTypeName":"数据操作","CompanyId":"078736e6-0cc2-48dc-80f1-6330419b4af1","DataId":null,"OptUserId":"0ad06755-9fde-4ddd-9dcb-448462155a03","OptUserName":"秦波","OptTime":"2016-09-18 20:32:53","OptModuleName":"角色管理","OptModulePath":"/MsSys/Role/GetList","OptTypeId":1003,"OptTypeName":"查询","OptResultId":100,"OptResultName":"操作成功","OptSystem":"Windows 10","Browser":"Chrome 53.0","IP":"192.168.1.100","Mac":"B8:76:3F:1F:BC:40","Desc":"数据查询成功！","Status":1}】

#############################################################################

1、时间：2016-09-18 20:47:38,490
2、优先级别：INFO
3、线程ID：28
4、耗时：2242412
5、行号：120
6、文件名：f:\Net_Project.DosORM\Project\Dos.ORM\Dos.ORM.Common\Helpers\LogHelper.cs
7、详细信息：数据操作
    日志描述：秦波对【部门管理】进行“查询”操作
    操作人员：秦波[0ad06755-9fde-4ddd-9dcb-448462155a03]
    操作地址：/MsSys/Department/GetList
    操作结果：操作成功
    操作描述：数据查询成功！
    IP地址：192.168.1.100
    浏览器：Chrome 53.0
    操作系统：Windows 10
    记录时间：2016 09 18 20:47:38:3410
    详细数据：【{"LogId":"41f2de5b-9711-4f6e-81a6-91deba9e1fac","LogTypeId":101,"LogTypeName":"数据操作","CompanyId":"078736e6-0cc2-48dc-80f1-6330419b4af1","DataId":null,"OptUserId":"0ad06755-9fde-4ddd-9dcb-448462155a03","OptUserName":"秦波","OptTime":"2016-09-18 20:47:38","OptModuleName":"部门管理","OptModulePath":"/MsSys/Department/GetList","OptTypeId":1003,"OptTypeName":"查询","OptResultId":100,"OptResultName":"操作成功","OptSystem":"Windows 10","Browser":"Chrome 53.0","IP":"192.168.1.100","Mac":"B8:76:3F:1F:BC:40","Desc":"数据查询成功！","Status":1}】

#############################################################################

1、时间：2016-09-18 20:51:07,796
2、优先级别：INFO
3、线程ID：33
4、耗时：8310
5、行号：120
6、文件名：f:\Net_Project.DosORM\Project\Dos.ORM\Dos.ORM.Common\Helpers\LogHelper.cs
7、详细信息：登录登出
    日志描述：秦波对【登录系统】进行“登录”操作
    操作人员：秦波[0ad06755-9fde-4ddd-9dcb-448462155a03]
    操作地址：/MsSys/Login/CheckLogin
    操作结果：登录成功
    操作描述：登录成功！
    IP地址：192.168.1.100
    浏览器：Chrome 53.0
    操作系统：Windows 10
    记录时间：2016 09 18 20:51:07:6169
    详细数据：【{"LogId":"10f66603-76c7-4e50-a1da-af5e491e503b","LogTypeId":100,"LogTypeName":"登录登出","CompanyId":"078736e6-0cc2-48dc-80f1-6330419b4af1","DataId":null,"OptUserId":"0ad06755-9fde-4ddd-9dcb-448462155a03","OptUserName":"秦波","OptTime":"2016-09-18 20:51:07","OptModuleName":"登录系统","OptModulePath":"/MsSys/Login/CheckLogin","OptTypeId":2001,"OptTypeName":"登录","OptResultId":300,"OptResultName":"登录成功","OptSystem":"Windows 10","Browser":"Chrome 53.0","IP":"192.168.1.100","Mac":"B8:76:3F:1F:BC:40","Desc":"登录成功！","Status":1}】

#############################################################################

1、时间：2016-09-18 21:19:31,498
2、优先级别：INFO
3、线程ID：18
4、耗时：7236
5、行号：120
6、文件名：f:\Net_Project.DosORM\Project\Dos.ORM\Dos.ORM.Common\Helpers\LogHelper.cs
7、详细信息：登录登出
    日志描述：秦波对【登录系统】进行“登录”操作
    操作人员：秦波[0ad06755-9fde-4ddd-9dcb-448462155a03]
    操作地址：/MsSys/Login/CheckLogin
    操作结果：登录成功
    操作描述：登录成功！
    IP地址：192.168.1.100
    浏览器：Chrome 53.0
    操作系统：Windows 10
    记录时间：2016 09 18 21:19:31:2940
    详细数据：【{"LogId":"1a942d63-87c5-4733-bf7b-d24887a3bf02","LogTypeId":100,"LogTypeName":"登录登出","CompanyId":"078736e6-0cc2-48dc-80f1-6330419b4af1","DataId":null,"OptUserId":"0ad06755-9fde-4ddd-9dcb-448462155a03","OptUserName":"秦波","OptTime":"2016-09-18 21:19:31","OptModuleName":"登录系统","OptModulePath":"/MsSys/Login/CheckLogin","OptTypeId":2001,"OptTypeName":"登录","OptResultId":300,"OptResultName":"登录成功","OptSystem":"Windows 10","Browser":"Chrome 53.0","IP":"192.168.1.100","Mac":"B8:76:3F:1F:BC:40","Desc":"登录成功！","Status":1}】

#############################################################################

1、时间：2016-09-18 21:37:25,248
2、优先级别：INFO
3、线程ID：44
4、耗时：7406
5、行号：120
6、文件名：f:\Net_Project.DosORM\Project\Dos.ORM\Dos.ORM.Common\Helpers\LogHelper.cs
7、详细信息：登录登出
    日志描述：秦波对【登录系统】进行“登录”操作
    操作人员：秦波[0ad06755-9fde-4ddd-9dcb-448462155a03]
    操作地址：/MsSys/Login/CheckLogin
    操作结果：登录成功
    操作描述：登录成功！
    IP地址：192.168.1.100
    浏览器：Chrome 53.0
    操作系统：Windows 10
    记录时间：2016 09 18 21:37:25:0269
    详细数据：【{"LogId":"dfe8dce6-0dc4-47f7-94b2-123e9289f480","LogTypeId":100,"LogTypeName":"登录登出","CompanyId":"078736e6-0cc2-48dc-80f1-6330419b4af1","DataId":null,"OptUserId":"0ad06755-9fde-4ddd-9dcb-448462155a03","OptUserName":"秦波","OptTime":"2016-09-18 21:37:25","OptModuleName":"登录系统","OptModulePath":"/MsSys/Login/CheckLogin","OptTypeId":2001,"OptTypeName":"登录","OptResultId":300,"OptResultName":"登录成功","OptSystem":"Windows 10","Browser":"Chrome 53.0","IP":"192.168.1.100","Mac":"B8:76:3F:1F:BC:40","Desc":"登录成功！","Status":1}】

#############################################################################

1、时间：2016-09-18 21:56:12,443
2、优先级别：INFO
3、线程ID：47
4、耗时：8371
5、行号：120
6、文件名：f:\Net_Project.DosORM\Project\Dos.ORM\Dos.ORM.Common\Helpers\LogHelper.cs
7、详细信息：登录登出
    日志描述：秦波对【登录系统】进行“登录”操作
    操作人员：秦波[0ad06755-9fde-4ddd-9dcb-448462155a03]
    操作地址：/MsSys/Login/CheckLogin
    操作结果：登录成功
    操作描述：登录成功！
    IP地址：192.168.1.100
    浏览器：Chrome 53.0
    操作系统：Windows 10
    记录时间：2016 09 18 21:56:12:2474
    详细数据：【{"LogId":"f02cc96e-b37b-427e-a9c7-9b5176a75f34","LogTypeId":100,"LogTypeName":"登录登出","CompanyId":"078736e6-0cc2-48dc-80f1-6330419b4af1","DataId":null,"OptUserId":"0ad06755-9fde-4ddd-9dcb-448462155a03","OptUserName":"秦波","OptTime":"2016-09-18 21:56:12","OptModuleName":"登录系统","OptModulePath":"/MsSys/Login/CheckLogin","OptTypeId":2001,"OptTypeName":"登录","OptResultId":300,"OptResultName":"登录成功","OptSystem":"Windows 10","Browser":"Chrome 53.0","IP":"192.168.1.100","Mac":"B8:76:3F:1F:BC:40","Desc":"登录成功！","Status":1}】

#############################################################################

1、时间：2016-09-18 22:03:15,893
2、优先级别：INFO
3、线程ID：12
4、耗时：5751
5、行号：120
6、文件名：f:\Net_Project.DosORM\Project\Dos.ORM\Dos.ORM.Common\Helpers\LogHelper.cs
7、详细信息：登录登出
    日志描述：秦波对【登录系统】进行“登录”操作
    操作人员：秦波[0ad06755-9fde-4ddd-9dcb-448462155a03]
    操作地址：/MsSys/Login/CheckLogin
    操作结果：登录成功
    操作描述：登录成功！
    IP地址：192.168.1.100
    浏览器：Chrome 53.0
    操作系统：Windows 10
    记录时间：2016 09 18 22:03:15:6982
    详细数据：【{"LogId":"1f15b0d9-f304-4711-8071-5296d38eae82","LogTypeId":100,"LogTypeName":"登录登出","CompanyId":"078736e6-0cc2-48dc-80f1-6330419b4af1","DataId":null,"OptUserId":"0ad06755-9fde-4ddd-9dcb-448462155a03","OptUserName":"秦波","OptTime":"2016-09-18 22:03:15","OptModuleName":"登录系统","OptModulePath":"/MsSys/Login/CheckLogin","OptTypeId":2001,"OptTypeName":"登录","OptResultId":300,"OptResultName":"登录成功","OptSystem":"Windows 10","Browser":"Chrome 53.0","IP":"192.168.1.100","Mac":"B8:76:3F:1F:BC:40","Desc":"登录成功！","Status":1}】

#############################################################################

1、时间：2016-09-18 22:11:13,213
2、优先级别：INFO
3、线程ID：49
4、耗时：483071
5、行号：120
6、文件名：f:\Net_Project.DosORM\Project\Dos.ORM\Dos.ORM.Common\Helpers\LogHelper.cs
7、详细信息：数据操作
    日志描述：秦波对【公司管理】进行“查询”操作
    操作人员：秦波[0ad06755-9fde-4ddd-9dcb-448462155a03]
    操作地址：/MsSys/Company/GetList
    操作结果：操作成功
    操作描述：数据查询成功！
    IP地址：192.168.1.100
    浏览器：Chrome 53.0
    操作系统：Windows 10
    记录时间：2016 09 18 22:11:13:1492
    详细数据：【{"LogId":"a998d950-29fc-44c8-a8b0-99bc7c6757a5","LogTypeId":101,"LogTypeName":"数据操作","CompanyId":"078736e6-0cc2-48dc-80f1-6330419b4af1","DataId":null,"OptUserId":"0ad06755-9fde-4ddd-9dcb-448462155a03","OptUserName":"秦波","OptTime":"2016-09-18 22:11:13","OptModuleName":"公司管理","OptModulePath":"/MsSys/Company/GetList","OptTypeId":1003,"OptTypeName":"查询","OptResultId":100,"OptResultName":"操作成功","OptSystem":"Windows 10","Browser":"Chrome 53.0","IP":"192.168.1.100","Mac":"B8:76:3F:1F:BC:40","Desc":"数据查询成功！","Status":1}】

#############################################################################

1、时间：2016-09-18 22:11:17,625
2、优先级别：INFO
3、线程ID：26
4、耗时：487483
5、行号：120
6、文件名：f:\Net_Project.DosORM\Project\Dos.ORM\Dos.ORM.Common\Helpers\LogHelper.cs
7、详细信息：数据操作
    日志描述：秦波对【角色管理】进行“查询”操作
    操作人员：秦波[0ad06755-9fde-4ddd-9dcb-448462155a03]
    操作地址：/MsSys/Role/GetList
    操作结果：操作成功
    操作描述：数据查询成功！
    IP地址：192.168.1.100
    浏览器：Chrome 53.0
    操作系统：Windows 10
    记录时间：2016 09 18 22:11:17:5988
    详细数据：【{"LogId":"092bc6a9-e42e-4a69-a1a8-ee1034e3775d","LogTypeId":101,"LogTypeName":"数据操作","CompanyId":"078736e6-0cc2-48dc-80f1-6330419b4af1","DataId":null,"OptUserId":"0ad06755-9fde-4ddd-9dcb-448462155a03","OptUserName":"秦波","OptTime":"2016-09-18 22:11:17","OptModuleName":"角色管理","OptModulePath":"/MsSys/Role/GetList","OptTypeId":1003,"OptTypeName":"查询","OptResultId":100,"OptResultName":"操作成功","OptSystem":"Windows 10","Browser":"Chrome 53.0","IP":"192.168.1.100","Mac":"B8:76:3F:1F:BC:40","Desc":"数据查询成功！","Status":1}】

#############################################################################

1、时间：2016-09-18 22:17:02,501
2、优先级别：INFO
3、线程ID：7
4、耗时：832359
5、行号：120
6、文件名：f:\Net_Project.DosORM\Project\Dos.ORM\Dos.ORM.Common\Helpers\LogHelper.cs
7、详细信息：数据操作
    日志描述：秦波对【管理员管理】进行“查询”操作
    操作人员：秦波[0ad06755-9fde-4ddd-9dcb-448462155a03]
    操作地址：/MsSys/Operator/GetList
    操作结果：操作成功
    操作描述：数据查询成功！
    IP地址：192.168.1.100
    浏览器：Chrome 53.0
    操作系统：Windows 10
    记录时间：2016 09 18 22:17:02:4564
    详细数据：【{"LogId":"0ade96a6-ecb3-4681-b338-afaec3f472fa","LogTypeId":101,"LogTypeName":"数据操作","CompanyId":"078736e6-0cc2-48dc-80f1-6330419b4af1","DataId":null,"OptUserId":"0ad06755-9fde-4ddd-9dcb-448462155a03","OptUserName":"秦波","OptTime":"2016-09-18 22:17:02","OptModuleName":"管理员管理","OptModulePath":"/MsSys/Operator/GetList","OptTypeId":1003,"OptTypeName":"查询","OptResultId":100,"OptResultName":"操作成功","OptSystem":"Windows 10","Browser":"Chrome 53.0","IP":"192.168.1.100","Mac":"B8:76:3F:1F:BC:40","Desc":"数据查询成功！","Status":1}】
