
#############################################################################

1、时间：2016-09-02 00:00:15,820
2、优先级别：ERROR
3、线程ID：16
4、耗时：15838
5、行号：74
6、文件名：e:\Net_03.Personal\Net_Project.DosORM\Project\Dos.ORM\Dos.ORM.Common\Helpers\LogHelper.cs
7、详细信息：是否开启日志文件的配置错误
System.IO.FileNotFoundException: 未能找到文件“c:\windows\system32\inetsrv\log4net.config”。
文件名:“c:\windows\system32\inetsrv\log4net.config”
   在 System.IO.__Error.WinIOError(Int32 errorCode, String maybeFullPath)
   在 System.IO.FileStream.Init(String path, FileMode mode, FileAccess access, Int32 rights, Boolean useRights, FileShare share, Int32 bufferSize, FileOptions options, SECURITY_ATTRIBUTES secAttrs, String msgPath, Boolean bFromProxy, Boolean useLongPath, Boolean checkHost)
   在 System.IO.FileStream..ctor(String path, FileMode mode, FileAccess access, FileShare share, Int32 bufferSize)
   在 System.Xml.XmlDownloadManager.GetStream(Uri uri, ICredentials credentials, IWebProxy proxy, RequestCachePolicy cachePolicy)
   在 System.Xml.XmlUrlResolver.GetEntity(Uri absoluteUri, String role, Type ofObjectToReturn)
   在 System.Xml.XmlTextReaderImpl.OpenUrlDelegate(Object xmlResolver)
   在 System.Runtime.CompilerServices.RuntimeHelpers.ExecuteCodeWithGuaranteedCleanup(TryCode code, CleanupCode backoutCode, Object userData)
   在 System.Threading.CompressedStack.Run(CompressedStack compressedStack, ContextCallback callback, Object state)
   在 System.Xml.XmlTextReaderImpl.OpenUrl()
   在 System.Xml.XmlTextReaderImpl.Read()
   在 System.Xml.XmlLoader.Load(XmlDocument doc, XmlReader reader, Boolean preserveWhitespace)
   在 System.Xml.XmlDocument.Load(XmlReader reader)
   在 System.Xml.XmlDocument.Load(String filename)
   在 Dos.ORM.Common.Helpers.LogHelper.SetlogEnable() 位置 e:\Net_03.Personal\Net_Project.DosORM\Project\Dos.ORM\Dos.ORM.Common\Helpers\LogHelper.cs:行号 78

#############################################################################

1、时间：2016-09-02 08:47:07,844
2、优先级别：ERROR
3、线程ID：9
4、耗时：696739
5、行号：74
6、文件名：f:\Net_Project.DosORM\Project\Dos.ORM\Dos.ORM.Common\Helpers\LogHelper.cs
7、详细信息：是否开启日志文件的配置错误
System.IO.FileNotFoundException: 未能找到文件“c:\windows\system32\inetsrv\log4net.config”。
文件名:“c:\windows\system32\inetsrv\log4net.config”
   在 System.IO.__Error.WinIOError(Int32 errorCode, String maybeFullPath)
   在 System.IO.FileStream.Init(String path, FileMode mode, FileAccess access, Int32 rights, Boolean useRights, FileShare share, Int32 bufferSize, FileOptions options, SECURITY_ATTRIBUTES secAttrs, String msgPath, Boolean bFromProxy, Boolean useLongPath, Boolean checkHost)
   在 System.IO.FileStream..ctor(String path, FileMode mode, FileAccess access, FileShare share, Int32 bufferSize)
   在 System.Xml.XmlDownloadManager.GetStream(Uri uri, ICredentials credentials, IWebProxy proxy, RequestCachePolicy cachePolicy)
   在 System.Xml.XmlUrlResolver.GetEntity(Uri absoluteUri, String role, Type ofObjectToReturn)
   在 System.Xml.XmlTextReaderImpl.OpenUrlDelegate(Object xmlResolver)
   在 System.Runtime.CompilerServices.RuntimeHelpers.ExecuteCodeWithGuaranteedCleanup(TryCode code, CleanupCode backoutCode, Object userData)
   在 System.Threading.CompressedStack.Run(CompressedStack compressedStack, ContextCallback callback, Object state)
   在 System.Xml.XmlTextReaderImpl.OpenUrl()
   在 System.Xml.XmlTextReaderImpl.Read()
   在 System.Xml.XmlLoader.Load(XmlDocument doc, XmlReader reader, Boolean preserveWhitespace)
   在 System.Xml.XmlDocument.Load(XmlReader reader)
   在 System.Xml.XmlDocument.Load(String filename)
   在 Dos.ORM.Common.Helpers.LogHelper.SetlogEnable() 位置 f:\Net_Project.DosORM\Project\Dos.ORM\Dos.ORM.Common\Helpers\LogHelper.cs:行号 78

#############################################################################

1、时间：2016-09-02 22:13:55,389
2、优先级别：ERROR
3、线程ID：30
4、耗时：1956620
5、行号：74
6、文件名：e:\Net_03.Personal\Net_Project.DosORM\Project\Dos.ORM\Dos.ORM.Common\Helpers\LogHelper.cs
7、详细信息：是否开启日志文件的配置错误
System.IO.FileNotFoundException: 未能找到文件“c:\windows\system32\inetsrv\log4net.config”。
文件名:“c:\windows\system32\inetsrv\log4net.config”
   在 System.IO.__Error.WinIOError(Int32 errorCode, String maybeFullPath)
   在 System.IO.FileStream.Init(String path, FileMode mode, FileAccess access, Int32 rights, Boolean useRights, FileShare share, Int32 bufferSize, FileOptions options, SECURITY_ATTRIBUTES secAttrs, String msgPath, Boolean bFromProxy, Boolean useLongPath, Boolean checkHost)
   在 System.IO.FileStream..ctor(String path, FileMode mode, FileAccess access, FileShare share, Int32 bufferSize)
   在 System.Xml.XmlDownloadManager.GetStream(Uri uri, ICredentials credentials, IWebProxy proxy, RequestCachePolicy cachePolicy)
   在 System.Xml.XmlUrlResolver.GetEntity(Uri absoluteUri, String role, Type ofObjectToReturn)
   在 System.Xml.XmlTextReaderImpl.OpenUrlDelegate(Object xmlResolver)
   在 System.Runtime.CompilerServices.RuntimeHelpers.ExecuteCodeWithGuaranteedCleanup(TryCode code, CleanupCode backoutCode, Object userData)
   在 System.Threading.CompressedStack.Run(CompressedStack compressedStack, ContextCallback callback, Object state)
   在 System.Xml.XmlTextReaderImpl.OpenUrl()
   在 System.Xml.XmlTextReaderImpl.Read()
   在 System.Xml.XmlLoader.Load(XmlDocument doc, XmlReader reader, Boolean preserveWhitespace)
   在 System.Xml.XmlDocument.Load(XmlReader reader)
   在 System.Xml.XmlDocument.Load(String filename)
   在 Dos.ORM.Common.Helpers.LogHelper.SetlogEnable() 位置 e:\Net_03.Personal\Net_Project.DosORM\Project\Dos.ORM\Dos.ORM.Common\Helpers\LogHelper.cs:行号 78

#############################################################################

1、时间：2016-09-02 22:29:27,376
2、优先级别：ERROR
3、线程ID：43
4、耗时：10208
5、行号：74
6、文件名：f:\Net_Project.DosORM\Project\Dos.ORM\Dos.ORM.Common\Helpers\LogHelper.cs
7、详细信息：是否开启日志文件的配置错误
System.IO.FileNotFoundException: 未能找到文件“c:\windows\system32\inetsrv\log4net.config”。
文件名:“c:\windows\system32\inetsrv\log4net.config”
   在 System.IO.__Error.WinIOError(Int32 errorCode, String maybeFullPath)
   在 System.IO.FileStream.Init(String path, FileMode mode, FileAccess access, Int32 rights, Boolean useRights, FileShare share, Int32 bufferSize, FileOptions options, SECURITY_ATTRIBUTES secAttrs, String msgPath, Boolean bFromProxy, Boolean useLongPath, Boolean checkHost)
   在 System.IO.FileStream..ctor(String path, FileMode mode, FileAccess access, FileShare share, Int32 bufferSize)
   在 System.Xml.XmlDownloadManager.GetStream(Uri uri, ICredentials credentials, IWebProxy proxy, RequestCachePolicy cachePolicy)
   在 System.Xml.XmlUrlResolver.GetEntity(Uri absoluteUri, String role, Type ofObjectToReturn)
   在 System.Xml.XmlTextReaderImpl.OpenUrlDelegate(Object xmlResolver)
   在 System.Runtime.CompilerServices.RuntimeHelpers.ExecuteCodeWithGuaranteedCleanup(TryCode code, CleanupCode backoutCode, Object userData)
   在 System.Threading.CompressedStack.Run(CompressedStack compressedStack, ContextCallback callback, Object state)
   在 System.Xml.XmlTextReaderImpl.OpenUrl()
   在 System.Xml.XmlTextReaderImpl.Read()
   在 System.Xml.XmlLoader.Load(XmlDocument doc, XmlReader reader, Boolean preserveWhitespace)
   在 System.Xml.XmlDocument.Load(XmlReader reader)
   在 System.Xml.XmlDocument.Load(String filename)
   在 Dos.ORM.Common.Helpers.LogHelper.SetlogEnable() 位置 f:\Net_Project.DosORM\Project\Dos.ORM\Dos.ORM.Common\Helpers\LogHelper.cs:行号 78

#############################################################################

1、时间：2016-09-02 22:36:00,148
2、优先级别：ERROR
3、线程ID：48
4、耗时：20500
5、行号：74
6、文件名：f:\Net_Project.DosORM\Project\Dos.ORM\Dos.ORM.Common\Helpers\LogHelper.cs
7、详细信息：是否开启日志文件的配置错误
System.IO.FileNotFoundException: 未能找到文件“c:\windows\system32\inetsrv\log4net.config”。
文件名:“c:\windows\system32\inetsrv\log4net.config”
   在 System.IO.__Error.WinIOError(Int32 errorCode, String maybeFullPath)
   在 System.IO.FileStream.Init(String path, FileMode mode, FileAccess access, Int32 rights, Boolean useRights, FileShare share, Int32 bufferSize, FileOptions options, SECURITY_ATTRIBUTES secAttrs, String msgPath, Boolean bFromProxy, Boolean useLongPath, Boolean checkHost)
   在 System.IO.FileStream..ctor(String path, FileMode mode, FileAccess access, FileShare share, Int32 bufferSize)
   在 System.Xml.XmlDownloadManager.GetStream(Uri uri, ICredentials credentials, IWebProxy proxy, RequestCachePolicy cachePolicy)
   在 System.Xml.XmlUrlResolver.GetEntity(Uri absoluteUri, String role, Type ofObjectToReturn)
   在 System.Xml.XmlTextReaderImpl.OpenUrlDelegate(Object xmlResolver)
   在 System.Runtime.CompilerServices.RuntimeHelpers.ExecuteCodeWithGuaranteedCleanup(TryCode code, CleanupCode backoutCode, Object userData)
   在 System.Threading.CompressedStack.Run(CompressedStack compressedStack, ContextCallback callback, Object state)
   在 System.Xml.XmlTextReaderImpl.OpenUrl()
   在 System.Xml.XmlTextReaderImpl.Read()
   在 System.Xml.XmlLoader.Load(XmlDocument doc, XmlReader reader, Boolean preserveWhitespace)
   在 System.Xml.XmlDocument.Load(XmlReader reader)
   在 System.Xml.XmlDocument.Load(String filename)
   在 Dos.ORM.Common.Helpers.LogHelper.SetlogEnable() 位置 f:\Net_Project.DosORM\Project\Dos.ORM\Dos.ORM.Common\Helpers\LogHelper.cs:行号 78

#############################################################################

1、时间：2016-09-02 22:49:05,446
2、优先级别：ERROR
3、线程ID：48
4、耗时：11394
5、行号：74
6、文件名：f:\Net_Project.DosORM\Project\Dos.ORM\Dos.ORM.Common\Helpers\LogHelper.cs
7、详细信息：是否开启日志文件的配置错误
System.IO.FileNotFoundException: 未能找到文件“c:\windows\system32\inetsrv\log4net.config”。
文件名:“c:\windows\system32\inetsrv\log4net.config”
   在 System.IO.__Error.WinIOError(Int32 errorCode, String maybeFullPath)
   在 System.IO.FileStream.Init(String path, FileMode mode, FileAccess access, Int32 rights, Boolean useRights, FileShare share, Int32 bufferSize, FileOptions options, SECURITY_ATTRIBUTES secAttrs, String msgPath, Boolean bFromProxy, Boolean useLongPath, Boolean checkHost)
   在 System.IO.FileStream..ctor(String path, FileMode mode, FileAccess access, FileShare share, Int32 bufferSize)
   在 System.Xml.XmlDownloadManager.GetStream(Uri uri, ICredentials credentials, IWebProxy proxy, RequestCachePolicy cachePolicy)
   在 System.Xml.XmlUrlResolver.GetEntity(Uri absoluteUri, String role, Type ofObjectToReturn)
   在 System.Xml.XmlTextReaderImpl.OpenUrlDelegate(Object xmlResolver)
   在 System.Runtime.CompilerServices.RuntimeHelpers.ExecuteCodeWithGuaranteedCleanup(TryCode code, CleanupCode backoutCode, Object userData)
   在 System.Threading.CompressedStack.Run(CompressedStack compressedStack, ContextCallback callback, Object state)
   在 System.Xml.XmlTextReaderImpl.OpenUrl()
   在 System.Xml.XmlTextReaderImpl.Read()
   在 System.Xml.XmlLoader.Load(XmlDocument doc, XmlReader reader, Boolean preserveWhitespace)
   在 System.Xml.XmlDocument.Load(XmlReader reader)
   在 System.Xml.XmlDocument.Load(String filename)
   在 Dos.ORM.Common.Helpers.LogHelper.SetlogEnable() 位置 f:\Net_Project.DosORM\Project\Dos.ORM\Dos.ORM.Common\Helpers\LogHelper.cs:行号 78

#############################################################################

1、时间：2016-09-02 22:58:49,153
2、优先级别：ERROR
3、线程ID：31
4、耗时：9276
5、行号：74
6、文件名：f:\Net_Project.DosORM\Project\Dos.ORM\Dos.ORM.Common\Helpers\LogHelper.cs
7、详细信息：是否开启日志文件的配置错误
System.IO.FileNotFoundException: 未能找到文件“c:\windows\system32\inetsrv\log4net.config”。
文件名:“c:\windows\system32\inetsrv\log4net.config”
   在 System.IO.__Error.WinIOError(Int32 errorCode, String maybeFullPath)
   在 System.IO.FileStream.Init(String path, FileMode mode, FileAccess access, Int32 rights, Boolean useRights, FileShare share, Int32 bufferSize, FileOptions options, SECURITY_ATTRIBUTES secAttrs, String msgPath, Boolean bFromProxy, Boolean useLongPath, Boolean checkHost)
   在 System.IO.FileStream..ctor(String path, FileMode mode, FileAccess access, FileShare share, Int32 bufferSize)
   在 System.Xml.XmlDownloadManager.GetStream(Uri uri, ICredentials credentials, IWebProxy proxy, RequestCachePolicy cachePolicy)
   在 System.Xml.XmlUrlResolver.GetEntity(Uri absoluteUri, String role, Type ofObjectToReturn)
   在 System.Xml.XmlTextReaderImpl.OpenUrlDelegate(Object xmlResolver)
   在 System.Runtime.CompilerServices.RuntimeHelpers.ExecuteCodeWithGuaranteedCleanup(TryCode code, CleanupCode backoutCode, Object userData)
   在 System.Threading.CompressedStack.Run(CompressedStack compressedStack, ContextCallback callback, Object state)
   在 System.Xml.XmlTextReaderImpl.OpenUrl()
   在 System.Xml.XmlTextReaderImpl.Read()
   在 System.Xml.XmlLoader.Load(XmlDocument doc, XmlReader reader, Boolean preserveWhitespace)
   在 System.Xml.XmlDocument.Load(XmlReader reader)
   在 System.Xml.XmlDocument.Load(String filename)
   在 Dos.ORM.Common.Helpers.LogHelper.SetlogEnable() 位置 f:\Net_Project.DosORM\Project\Dos.ORM\Dos.ORM.Common\Helpers\LogHelper.cs:行号 78

#############################################################################

1、时间：2016-09-02 23:03:42,425
2、优先级别：ERROR
3、线程ID：40
4、耗时：15037
5、行号：74
6、文件名：f:\Net_Project.DosORM\Project\Dos.ORM\Dos.ORM.Common\Helpers\LogHelper.cs
7、详细信息：是否开启日志文件的配置错误
System.IO.FileNotFoundException: 未能找到文件“c:\windows\system32\inetsrv\log4net.config”。
文件名:“c:\windows\system32\inetsrv\log4net.config”
   在 System.IO.__Error.WinIOError(Int32 errorCode, String maybeFullPath)
   在 System.IO.FileStream.Init(String path, FileMode mode, FileAccess access, Int32 rights, Boolean useRights, FileShare share, Int32 bufferSize, FileOptions options, SECURITY_ATTRIBUTES secAttrs, String msgPath, Boolean bFromProxy, Boolean useLongPath, Boolean checkHost)
   在 System.IO.FileStream..ctor(String path, FileMode mode, FileAccess access, FileShare share, Int32 bufferSize)
   在 System.Xml.XmlDownloadManager.GetStream(Uri uri, ICredentials credentials, IWebProxy proxy, RequestCachePolicy cachePolicy)
   在 System.Xml.XmlUrlResolver.GetEntity(Uri absoluteUri, String role, Type ofObjectToReturn)
   在 System.Xml.XmlTextReaderImpl.OpenUrlDelegate(Object xmlResolver)
   在 System.Runtime.CompilerServices.RuntimeHelpers.ExecuteCodeWithGuaranteedCleanup(TryCode code, CleanupCode backoutCode, Object userData)
   在 System.Threading.CompressedStack.Run(CompressedStack compressedStack, ContextCallback callback, Object state)
   在 System.Xml.XmlTextReaderImpl.OpenUrl()
   在 System.Xml.XmlTextReaderImpl.Read()
   在 System.Xml.XmlLoader.Load(XmlDocument doc, XmlReader reader, Boolean preserveWhitespace)
   在 System.Xml.XmlDocument.Load(XmlReader reader)
   在 System.Xml.XmlDocument.Load(String filename)
   在 Dos.ORM.Common.Helpers.LogHelper.SetlogEnable() 位置 f:\Net_Project.DosORM\Project\Dos.ORM\Dos.ORM.Common\Helpers\LogHelper.cs:行号 78

#############################################################################

1、时间：2016-09-02 23:03:52,425
2、优先级别：ERROR
3、线程ID：29
4、耗时：25037
5、行号：110
6、文件名：f:\Net_Project.DosORM\Project\Dos.ORM\Dos.ORM.Common\Helpers\LogHelper.cs
7、详细信息：操作异常
Microsoft.CSharp.RuntimeBinder.RuntimeBinderException: 无法将类型“System.Collections.Generic.List<System.Web.Mvc.SelectListItem>”转换为“System.Web.Mvc.SelectList”
   在 CallSite.Target(Closure , CallSite , Object )
   在 System.Dynamic.UpdateDelegates.UpdateAndExecute1[T0,TRet](CallSite site, T0 arg0)
   在 ASP._Page_Areas_MsSys_Views_Operator_Detail_cshtml.Execute() 位置 f:\Net_Project.DosORM\Project\Dos.ORM\Dos.ORM.Web\Areas\MsSys\Views\Operator\Detail.cshtml:行号 22
   在 System.Web.WebPages.WebPageBase.ExecutePageHierarchy()
   在 System.Web.Mvc.WebViewPage.ExecutePageHierarchy()
   在 System.Web.WebPages.WebPageBase.ExecutePageHierarchy(WebPageContext pageContext, TextWriter writer, WebPageRenderingBase startPage)
   在 System.Web.Mvc.ViewResultBase.ExecuteResult(ControllerContext context)
   在 System.Web.Mvc.ControllerActionInvoker.InvokeActionResultFilterRecursive(IList`1 filters, Int32 filterIndex, ResultExecutingContext preContext, ControllerContext controllerContext, ActionResult actionResult)
   在 System.Web.Mvc.ControllerActionInvoker.InvokeActionResultFilterRecursive(IList`1 filters, Int32 filterIndex, ResultExecutingContext preContext, ControllerContext controllerContext, ActionResult actionResult)
   在 System.Web.Mvc.ControllerActionInvoker.InvokeActionResultFilterRecursive(IList`1 filters, Int32 filterIndex, ResultExecutingContext preContext, ControllerContext controllerContext, ActionResult actionResult)
   在 System.Web.Mvc.ControllerActionInvoker.InvokeActionResultWithFilters(ControllerContext controllerContext, IList`1 filters, ActionResult actionResult)
   在 System.Web.Mvc.Async.AsyncControllerActionInvoker.<>c__DisplayClass21.<BeginInvokeAction>b__1e(IAsyncResult asyncResult)

#############################################################################

1、时间：2016-09-02 23:07:45,372
2、优先级别：ERROR
3、线程ID：30
4、耗时：12218
5、行号：74
6、文件名：f:\Net_Project.DosORM\Project\Dos.ORM\Dos.ORM.Common\Helpers\LogHelper.cs
7、详细信息：是否开启日志文件的配置错误
System.IO.FileNotFoundException: 未能找到文件“c:\windows\system32\inetsrv\log4net.config”。
文件名:“c:\windows\system32\inetsrv\log4net.config”
   在 System.IO.__Error.WinIOError(Int32 errorCode, String maybeFullPath)
   在 System.IO.FileStream.Init(String path, FileMode mode, FileAccess access, Int32 rights, Boolean useRights, FileShare share, Int32 bufferSize, FileOptions options, SECURITY_ATTRIBUTES secAttrs, String msgPath, Boolean bFromProxy, Boolean useLongPath, Boolean checkHost)
   在 System.IO.FileStream..ctor(String path, FileMode mode, FileAccess access, FileShare share, Int32 bufferSize)
   在 System.Xml.XmlDownloadManager.GetStream(Uri uri, ICredentials credentials, IWebProxy proxy, RequestCachePolicy cachePolicy)
   在 System.Xml.XmlUrlResolver.GetEntity(Uri absoluteUri, String role, Type ofObjectToReturn)
   在 System.Xml.XmlTextReaderImpl.OpenUrlDelegate(Object xmlResolver)
   在 System.Runtime.CompilerServices.RuntimeHelpers.ExecuteCodeWithGuaranteedCleanup(TryCode code, CleanupCode backoutCode, Object userData)
   在 System.Threading.CompressedStack.Run(CompressedStack compressedStack, ContextCallback callback, Object state)
   在 System.Xml.XmlTextReaderImpl.OpenUrl()
   在 System.Xml.XmlTextReaderImpl.Read()
   在 System.Xml.XmlLoader.Load(XmlDocument doc, XmlReader reader, Boolean preserveWhitespace)
   在 System.Xml.XmlDocument.Load(XmlReader reader)
   在 System.Xml.XmlDocument.Load(String filename)
   在 Dos.ORM.Common.Helpers.LogHelper.SetlogEnable() 位置 f:\Net_Project.DosORM\Project\Dos.ORM\Dos.ORM.Common\Helpers\LogHelper.cs:行号 78

#############################################################################

1、时间：2016-09-02 23:30:59,174
2、优先级别：ERROR
3、线程ID：22
4、耗时：14168
5、行号：74
6、文件名：f:\Net_Project.DosORM\Project\Dos.ORM\Dos.ORM.Common\Helpers\LogHelper.cs
7、详细信息：是否开启日志文件的配置错误
System.IO.FileNotFoundException: 未能找到文件“c:\windows\system32\inetsrv\log4net.config”。
文件名:“c:\windows\system32\inetsrv\log4net.config”
   在 System.IO.__Error.WinIOError(Int32 errorCode, String maybeFullPath)
   在 System.IO.FileStream.Init(String path, FileMode mode, FileAccess access, Int32 rights, Boolean useRights, FileShare share, Int32 bufferSize, FileOptions options, SECURITY_ATTRIBUTES secAttrs, String msgPath, Boolean bFromProxy, Boolean useLongPath, Boolean checkHost)
   在 System.IO.FileStream..ctor(String path, FileMode mode, FileAccess access, FileShare share, Int32 bufferSize)
   在 System.Xml.XmlDownloadManager.GetStream(Uri uri, ICredentials credentials, IWebProxy proxy, RequestCachePolicy cachePolicy)
   在 System.Xml.XmlUrlResolver.GetEntity(Uri absoluteUri, String role, Type ofObjectToReturn)
   在 System.Xml.XmlTextReaderImpl.OpenUrlDelegate(Object xmlResolver)
   在 System.Runtime.CompilerServices.RuntimeHelpers.ExecuteCodeWithGuaranteedCleanup(TryCode code, CleanupCode backoutCode, Object userData)
   在 System.Threading.CompressedStack.Run(CompressedStack compressedStack, ContextCallback callback, Object state)
   在 System.Xml.XmlTextReaderImpl.OpenUrl()
   在 System.Xml.XmlTextReaderImpl.Read()
   在 System.Xml.XmlLoader.Load(XmlDocument doc, XmlReader reader, Boolean preserveWhitespace)
   在 System.Xml.XmlDocument.Load(XmlReader reader)
   在 System.Xml.XmlDocument.Load(String filename)
   在 Dos.ORM.Common.Helpers.LogHelper.SetlogEnable() 位置 f:\Net_Project.DosORM\Project\Dos.ORM\Dos.ORM.Common\Helpers\LogHelper.cs:行号 78

#############################################################################

1、时间：2016-09-02 23:41:05,771
2、优先级别：ERROR
3、线程ID：19
4、耗时：13653
5、行号：74
6、文件名：f:\Net_Project.DosORM\Project\Dos.ORM\Dos.ORM.Common\Helpers\LogHelper.cs
7、详细信息：是否开启日志文件的配置错误
System.IO.FileNotFoundException: 未能找到文件“c:\windows\system32\inetsrv\log4net.config”。
文件名:“c:\windows\system32\inetsrv\log4net.config”
   在 System.IO.__Error.WinIOError(Int32 errorCode, String maybeFullPath)
   在 System.IO.FileStream.Init(String path, FileMode mode, FileAccess access, Int32 rights, Boolean useRights, FileShare share, Int32 bufferSize, FileOptions options, SECURITY_ATTRIBUTES secAttrs, String msgPath, Boolean bFromProxy, Boolean useLongPath, Boolean checkHost)
   在 System.IO.FileStream..ctor(String path, FileMode mode, FileAccess access, FileShare share, Int32 bufferSize)
   在 System.Xml.XmlDownloadManager.GetStream(Uri uri, ICredentials credentials, IWebProxy proxy, RequestCachePolicy cachePolicy)
   在 System.Xml.XmlUrlResolver.GetEntity(Uri absoluteUri, String role, Type ofObjectToReturn)
   在 System.Xml.XmlTextReaderImpl.OpenUrlDelegate(Object xmlResolver)
   在 System.Runtime.CompilerServices.RuntimeHelpers.ExecuteCodeWithGuaranteedCleanup(TryCode code, CleanupCode backoutCode, Object userData)
   在 System.Threading.CompressedStack.Run(CompressedStack compressedStack, ContextCallback callback, Object state)
   在 System.Xml.XmlTextReaderImpl.OpenUrl()
   在 System.Xml.XmlTextReaderImpl.Read()
   在 System.Xml.XmlLoader.Load(XmlDocument doc, XmlReader reader, Boolean preserveWhitespace)
   在 System.Xml.XmlDocument.Load(XmlReader reader)
   在 System.Xml.XmlDocument.Load(String filename)
   在 Dos.ORM.Common.Helpers.LogHelper.SetlogEnable() 位置 f:\Net_Project.DosORM\Project\Dos.ORM\Dos.ORM.Common\Helpers\LogHelper.cs:行号 78

#############################################################################

1、时间：2016-09-02 23:51:23,358
2、优先级别：ERROR
3、线程ID：43
4、耗时：10044
5、行号：74
6、文件名：f:\Net_Project.DosORM\Project\Dos.ORM\Dos.ORM.Common\Helpers\LogHelper.cs
7、详细信息：是否开启日志文件的配置错误
System.IO.FileNotFoundException: 未能找到文件“c:\windows\system32\inetsrv\log4net.config”。
文件名:“c:\windows\system32\inetsrv\log4net.config”
   在 System.IO.__Error.WinIOError(Int32 errorCode, String maybeFullPath)
   在 System.IO.FileStream.Init(String path, FileMode mode, FileAccess access, Int32 rights, Boolean useRights, FileShare share, Int32 bufferSize, FileOptions options, SECURITY_ATTRIBUTES secAttrs, String msgPath, Boolean bFromProxy, Boolean useLongPath, Boolean checkHost)
   在 System.IO.FileStream..ctor(String path, FileMode mode, FileAccess access, FileShare share, Int32 bufferSize)
   在 System.Xml.XmlDownloadManager.GetStream(Uri uri, ICredentials credentials, IWebProxy proxy, RequestCachePolicy cachePolicy)
   在 System.Xml.XmlUrlResolver.GetEntity(Uri absoluteUri, String role, Type ofObjectToReturn)
   在 System.Xml.XmlTextReaderImpl.OpenUrlDelegate(Object xmlResolver)
   在 System.Runtime.CompilerServices.RuntimeHelpers.ExecuteCodeWithGuaranteedCleanup(TryCode code, CleanupCode backoutCode, Object userData)
   在 System.Threading.CompressedStack.Run(CompressedStack compressedStack, ContextCallback callback, Object state)
   在 System.Xml.XmlTextReaderImpl.OpenUrl()
   在 System.Xml.XmlTextReaderImpl.Read()
   在 System.Xml.XmlLoader.Load(XmlDocument doc, XmlReader reader, Boolean preserveWhitespace)
   在 System.Xml.XmlDocument.Load(XmlReader reader)
   在 System.Xml.XmlDocument.Load(String filename)
   在 Dos.ORM.Common.Helpers.LogHelper.SetlogEnable() 位置 f:\Net_Project.DosORM\Project\Dos.ORM\Dos.ORM.Common\Helpers\LogHelper.cs:行号 78

#############################################################################

1、时间：2016-09-02 23:54:23,720
2、优先级别：ERROR
3、线程ID：52
4、耗时：11606
5、行号：74
6、文件名：f:\Net_Project.DosORM\Project\Dos.ORM\Dos.ORM.Common\Helpers\LogHelper.cs
7、详细信息：是否开启日志文件的配置错误
System.IO.FileNotFoundException: 未能找到文件“c:\windows\system32\inetsrv\log4net.config”。
文件名:“c:\windows\system32\inetsrv\log4net.config”
   在 System.IO.__Error.WinIOError(Int32 errorCode, String maybeFullPath)
   在 System.IO.FileStream.Init(String path, FileMode mode, FileAccess access, Int32 rights, Boolean useRights, FileShare share, Int32 bufferSize, FileOptions options, SECURITY_ATTRIBUTES secAttrs, String msgPath, Boolean bFromProxy, Boolean useLongPath, Boolean checkHost)
   在 System.IO.FileStream..ctor(String path, FileMode mode, FileAccess access, FileShare share, Int32 bufferSize)
   在 System.Xml.XmlDownloadManager.GetStream(Uri uri, ICredentials credentials, IWebProxy proxy, RequestCachePolicy cachePolicy)
   在 System.Xml.XmlUrlResolver.GetEntity(Uri absoluteUri, String role, Type ofObjectToReturn)
   在 System.Xml.XmlTextReaderImpl.OpenUrlDelegate(Object xmlResolver)
   在 System.Runtime.CompilerServices.RuntimeHelpers.ExecuteCodeWithGuaranteedCleanup(TryCode code, CleanupCode backoutCode, Object userData)
   在 System.Threading.CompressedStack.Run(CompressedStack compressedStack, ContextCallback callback, Object state)
   在 System.Xml.XmlTextReaderImpl.OpenUrl()
   在 System.Xml.XmlTextReaderImpl.Read()
   在 System.Xml.XmlLoader.Load(XmlDocument doc, XmlReader reader, Boolean preserveWhitespace)
   在 System.Xml.XmlDocument.Load(XmlReader reader)
   在 System.Xml.XmlDocument.Load(String filename)
   在 Dos.ORM.Common.Helpers.LogHelper.SetlogEnable() 位置 f:\Net_Project.DosORM\Project\Dos.ORM\Dos.ORM.Common\Helpers\LogHelper.cs:行号 78
