
#############################################################################

1、时间：2016-11-10 13:44:48,997
2、优先级别：ERROR
3、线程ID：41
4、耗时：260914
5、行号：74
6、文件名：e:\Net_03.Personal\Net_Project.DosORM\Project\Dos.ORM\Dos.ORM.Common\Helpers\LogHelper.cs
7、详细信息：是否开启日志文件的配置错误
System.IO.FileNotFoundException: 未能找到文件“c:\windows\system32\inetsrv\log4net.config”。
文件名:“c:\windows\system32\inetsrv\log4net.config”
   在 System.IO.__Error.WinIOError(Int32 errorCode, String maybeFullPath)
   在 System.IO.FileStream.Init(String path, FileMode mode, FileAccess access, Int32 rights, Boolean useRights, FileShare share, Int32 bufferSize, FileOptions options, SECURITY_ATTRIBUTES secAttrs, String msgPath, Boolean bFromProxy, Boolean useLongPath, Boolean checkHost)
   在 System.IO.FileStream..ctor(String path, FileMode mode, FileAccess access, FileShare share, Int32 bufferSize)
   在 System.Xml.XmlDownloadManager.GetStream(Uri uri, ICredentials credentials, IWebProxy proxy, RequestCachePolicy cachePolicy)
   在 System.Xml.XmlUrlResolver.GetEntity(Uri absoluteUri, String role, Type ofObjectToReturn)
   在 System.Xml.XmlTextReaderImpl.OpenUrlDelegate(Object xmlResolver)
   在 System.Runtime.CompilerServices.RuntimeHelpers.ExecuteCodeWithGuaranteedCleanup(TryCode code, CleanupCode backoutCode, Object userData)
   在 System.Threading.CompressedStack.Run(CompressedStack compressedStack, ContextCallback callback, Object state)
   在 System.Xml.XmlTextReaderImpl.OpenUrl()
   在 System.Xml.XmlTextReaderImpl.Read()
   在 System.Xml.XmlLoader.Load(XmlDocument doc, XmlReader reader, Boolean preserveWhitespace)
   在 System.Xml.XmlDocument.Load(XmlReader reader)
   在 System.Xml.XmlDocument.Load(String filename)
   在 Dos.ORM.Common.Helpers.LogHelper.SetlogEnable() 位置 e:\Net_03.Personal\Net_Project.DosORM\Project\Dos.ORM\Dos.ORM.Common\Helpers\LogHelper.cs:行号 78

#############################################################################

1、时间：2016-11-10 13:47:54,535
2、优先级别：ERROR
3、线程ID：36
4、耗时：53969
5、行号：74
6、文件名：e:\Net_03.Personal\Net_Project.DosORM\Project\Dos.ORM\Dos.ORM.Common\Helpers\LogHelper.cs
7、详细信息：是否开启日志文件的配置错误
System.IO.FileNotFoundException: 未能找到文件“c:\windows\system32\inetsrv\log4net.config”。
文件名:“c:\windows\system32\inetsrv\log4net.config”
   在 System.IO.__Error.WinIOError(Int32 errorCode, String maybeFullPath)
   在 System.IO.FileStream.Init(String path, FileMode mode, FileAccess access, Int32 rights, Boolean useRights, FileShare share, Int32 bufferSize, FileOptions options, SECURITY_ATTRIBUTES secAttrs, String msgPath, Boolean bFromProxy, Boolean useLongPath, Boolean checkHost)
   在 System.IO.FileStream..ctor(String path, FileMode mode, FileAccess access, FileShare share, Int32 bufferSize)
   在 System.Xml.XmlDownloadManager.GetStream(Uri uri, ICredentials credentials, IWebProxy proxy, RequestCachePolicy cachePolicy)
   在 System.Xml.XmlUrlResolver.GetEntity(Uri absoluteUri, String role, Type ofObjectToReturn)
   在 System.Xml.XmlTextReaderImpl.OpenUrlDelegate(Object xmlResolver)
   在 System.Runtime.CompilerServices.RuntimeHelpers.ExecuteCodeWithGuaranteedCleanup(TryCode code, CleanupCode backoutCode, Object userData)
   在 System.Threading.CompressedStack.Run(CompressedStack compressedStack, ContextCallback callback, Object state)
   在 System.Xml.XmlTextReaderImpl.OpenUrl()
   在 System.Xml.XmlTextReaderImpl.Read()
   在 System.Xml.XmlLoader.Load(XmlDocument doc, XmlReader reader, Boolean preserveWhitespace)
   在 System.Xml.XmlDocument.Load(XmlReader reader)
   在 System.Xml.XmlDocument.Load(String filename)
   在 Dos.ORM.Common.Helpers.LogHelper.SetlogEnable() 位置 e:\Net_03.Personal\Net_Project.DosORM\Project\Dos.ORM\Dos.ORM.Common\Helpers\LogHelper.cs:行号 78

#############################################################################

1、时间：2016-11-10 14:58:20,834
2、优先级别：ERROR
3、线程ID：5
4、耗时：65215
5、行号：74
6、文件名：e:\Net_03.Personal\Net_Project.DosORM\Project\Dos.ORM\Dos.ORM.Common\Helpers\LogHelper.cs
7、详细信息：是否开启日志文件的配置错误
System.IO.FileNotFoundException: 未能找到文件“c:\windows\system32\inetsrv\log4net.config”。
文件名:“c:\windows\system32\inetsrv\log4net.config”
   在 System.IO.__Error.WinIOError(Int32 errorCode, String maybeFullPath)
   在 System.IO.FileStream.Init(String path, FileMode mode, FileAccess access, Int32 rights, Boolean useRights, FileShare share, Int32 bufferSize, FileOptions options, SECURITY_ATTRIBUTES secAttrs, String msgPath, Boolean bFromProxy, Boolean useLongPath, Boolean checkHost)
   在 System.IO.FileStream..ctor(String path, FileMode mode, FileAccess access, FileShare share, Int32 bufferSize)
   在 System.Xml.XmlDownloadManager.GetStream(Uri uri, ICredentials credentials, IWebProxy proxy, RequestCachePolicy cachePolicy)
   在 System.Xml.XmlUrlResolver.GetEntity(Uri absoluteUri, String role, Type ofObjectToReturn)
   在 System.Xml.XmlTextReaderImpl.OpenUrlDelegate(Object xmlResolver)
   在 System.Runtime.CompilerServices.RuntimeHelpers.ExecuteCodeWithGuaranteedCleanup(TryCode code, CleanupCode backoutCode, Object userData)
   在 System.Threading.CompressedStack.Run(CompressedStack compressedStack, ContextCallback callback, Object state)
   在 System.Xml.XmlTextReaderImpl.OpenUrl()
   在 System.Xml.XmlTextReaderImpl.Read()
   在 System.Xml.XmlLoader.Load(XmlDocument doc, XmlReader reader, Boolean preserveWhitespace)
   在 System.Xml.XmlDocument.Load(XmlReader reader)
   在 System.Xml.XmlDocument.Load(String filename)
   在 Dos.ORM.Common.Helpers.LogHelper.SetlogEnable() 位置 e:\Net_03.Personal\Net_Project.DosORM\Project\Dos.ORM\Dos.ORM.Common\Helpers\LogHelper.cs:行号 78

#############################################################################

1、时间：2016-11-10 15:38:16,346
2、优先级别：ERROR
3、线程ID：6
4、耗时：5856
5、行号：74
6、文件名：e:\Net_03.Personal\Net_Project.DosORM\Project\Dos.ORM\Dos.ORM.Common\Helpers\LogHelper.cs
7、详细信息：是否开启日志文件的配置错误
System.IO.FileNotFoundException: 未能找到文件“c:\windows\system32\inetsrv\log4net.config”。
文件名:“c:\windows\system32\inetsrv\log4net.config”
   在 System.IO.__Error.WinIOError(Int32 errorCode, String maybeFullPath)
   在 System.IO.FileStream.Init(String path, FileMode mode, FileAccess access, Int32 rights, Boolean useRights, FileShare share, Int32 bufferSize, FileOptions options, SECURITY_ATTRIBUTES secAttrs, String msgPath, Boolean bFromProxy, Boolean useLongPath, Boolean checkHost)
   在 System.IO.FileStream..ctor(String path, FileMode mode, FileAccess access, FileShare share, Int32 bufferSize)
   在 System.Xml.XmlDownloadManager.GetStream(Uri uri, ICredentials credentials, IWebProxy proxy, RequestCachePolicy cachePolicy)
   在 System.Xml.XmlUrlResolver.GetEntity(Uri absoluteUri, String role, Type ofObjectToReturn)
   在 System.Xml.XmlTextReaderImpl.OpenUrlDelegate(Object xmlResolver)
   在 System.Runtime.CompilerServices.RuntimeHelpers.ExecuteCodeWithGuaranteedCleanup(TryCode code, CleanupCode backoutCode, Object userData)
   在 System.Threading.CompressedStack.Run(CompressedStack compressedStack, ContextCallback callback, Object state)
   在 System.Xml.XmlTextReaderImpl.OpenUrl()
   在 System.Xml.XmlTextReaderImpl.Read()
   在 System.Xml.XmlLoader.Load(XmlDocument doc, XmlReader reader, Boolean preserveWhitespace)
   在 System.Xml.XmlDocument.Load(XmlReader reader)
   在 System.Xml.XmlDocument.Load(String filename)
   在 Dos.ORM.Common.Helpers.LogHelper.SetlogEnable() 位置 e:\Net_03.Personal\Net_Project.DosORM\Project\Dos.ORM\Dos.ORM.Common\Helpers\LogHelper.cs:行号 78

#############################################################################

1、时间：2016-11-10 15:38:27,939
2、优先级别：ERROR
3、线程ID：11
4、耗时：17449
5、行号：110
6、文件名：e:\Net_03.Personal\Net_Project.DosORM\Project\Dos.ORM\Dos.ORM.Common\Helpers\LogHelper.cs
7、详细信息：操作异常
System.IO.FileNotFoundException: 未能加载文件或程序集“WebGrease, Version=1.5.2.14234, Culture=neutral, PublicKeyToken=31bf3856ad364e35”或它的某一个依赖项。系统找不到指定的文件。
文件名:“WebGrease, Version=1.5.2.14234, Culture=neutral, PublicKeyToken=31bf3856ad364e35” ---> System.IO.FileNotFoundException: 未能加载文件或程序集“WebGrease, Version=1.5.1.25624, Culture=neutral, PublicKeyToken=31bf3856ad364e35”或它的某一个依赖项。系统找不到指定的文件。
文件名:“WebGrease, Version=1.5.1.25624, Culture=neutral, PublicKeyToken=31bf3856ad364e35”

警告: 程序集绑定日志记录被关闭。
要启用程序集绑定失败日志记录，请将注册表值 [HKLM\Software\Microsoft\Fusion!EnableLog] (DWORD)设置为 1。
注意: 会有一些与程序集绑定失败日志记录关联的性能损失。
要关闭此功能，请移除注册表值 [HKLM\Software\Microsoft\Fusion!EnableLog]。

   在 System.Web.Optimization.CssMinify.Process(BundleContext context, BundleResponse response)
   在 System.Web.Optimization.Bundle.ApplyTransforms(BundleContext context, String bundleContent, IEnumerable`1 bundleFiles)
   在 System.Web.Optimization.Bundle.GetBundleResponse(BundleContext context)
   在 System.Web.Optimization.BundleResolver.GetBundleContents(String virtualPath)
   在 System.Web.Optimization.AssetManager.DeterminePathsToRender(IEnumerable`1 assets)
   在 System.Web.Optimization.AssetManager.RenderExplicit(String tagFormat, String[] paths)
   在 ASP._Page_Views_BasePage__LayoutMsSysList_cshtml.Execute() 位置 e:\Net_03.Personal\Net_Project.DosORM\Project\Dos.ORM\Dos.ORM.Web\Views\BasePage\_LayoutMsSysList.cshtml:行号 21
   在 System.Web.WebPages.WebPageBase.ExecutePageHierarchy()
   在 System.Web.Mvc.WebViewPage.ExecutePageHierarchy()
   在 System.Web.WebPages.WebPageBase.ExecutePageHierarchy(WebPageContext pageContext, TextWriter writer, WebPageRenderingBase startPage)
   在 System.Web.WebPages.WebPageBase.<>c__DisplayClass3.<RenderPageCore>b__2(TextWriter writer)
   在 System.Web.WebPages.WebPageBase.Write(HelperResult result)
   在 System.Web.WebPages.WebPageBase.RenderSurrounding(String partialViewName, Action`1 body)
   在 System.Web.WebPages.WebPageBase.PopContext()
   在 System.Web.Mvc.ViewResultBase.ExecuteResult(ControllerContext context)
   在 System.Web.Mvc.ControllerActionInvoker.InvokeActionResultFilterRecursive(IList`1 filters, Int32 filterIndex, ResultExecutingContext preContext, ControllerContext controllerContext, ActionResult actionResult)
   在 System.Web.Mvc.ControllerActionInvoker.InvokeActionResultFilterRecursive(IList`1 filters, Int32 filterIndex, ResultExecutingContext preContext, ControllerContext controllerContext, ActionResult actionResult)
   在 System.Web.Mvc.ControllerActionInvoker.InvokeActionResultFilterRecursive(IList`1 filters, Int32 filterIndex, ResultExecutingContext preContext, ControllerContext controllerContext, ActionResult actionResult)
   在 System.Web.Mvc.ControllerActionInvoker.InvokeActionResultWithFilters(ControllerContext controllerContext, IList`1 filters, ActionResult actionResult)
   在 System.Web.Mvc.Async.AsyncControllerActionInvoker.<>c__DisplayClass21.<BeginInvokeAction>b__1e(IAsyncResult asyncResult)


