
#############################################################################

1、时间：2016-11-22 13:08:11,862
2、优先级别：DEBUG
3、线程ID：8
4、耗时：20697
5、行号：140
6、文件名：f:\Net_Project.DosORM\Project\Dos.ORM\Dos.ORM.Common\Helpers\LogHelper.cs
7、详细信息：
Text:	 SELECT   TOP 1 * FROM [SYS_Operator]  WHERE ([SYS_Operator].[Account] = @Account1) AND ([SYS_Operator].[Pwd] = @Pwd2) 	
Parameters:
@Account1[String] = quber
@Pwd2[String] = C1851CFE23E736DE



#############################################################################

1、时间：2016-11-22 13:08:12,221
2、优先级别：DEBUG
3、线程ID：8
4、耗时：21055
5、行号：140
6、文件名：f:\Net_Project.DosORM\Project\Dos.ORM\Dos.ORM.Common\Helpers\LogHelper.cs
7、详细信息：
Text:	 SELECT   TOP 1 * FROM [SYS_Company]  WHERE [SYS_Company].[CompanyId] = @CompanyId3 	
Parameters:
@CompanyId3[Guid] = 078736e6-0cc2-48dc-80f1-6330419b4af1



#############################################################################

1、时间：2016-11-22 13:08:12,232
2、优先级别：DEBUG
3、线程ID：8
4、耗时：21066
5、行号：140
6、文件名：f:\Net_Project.DosORM\Project\Dos.ORM\Dos.ORM.Common\Helpers\LogHelper.cs
7、详细信息：
Text:	
                SELECT * FROM dbo.SYS_Department a
                LEFT JOIN dbo.SYS_OperatorDepartmentRelation b ON a.DepartmentId=b.DepartmentId
                WHERE b.OperatorId='0ad06755-9fde-4ddd-9dcb-448462155a03';
            	



#############################################################################

1、时间：2016-11-22 13:08:12,256
2、优先级别：DEBUG
3、线程ID：8
4、耗时：21091
5、行号：140
6、文件名：f:\Net_Project.DosORM\Project\Dos.ORM\Dos.ORM.Common\Helpers\LogHelper.cs
7、详细信息：
Text:	
                SELECT * FROM dbo.SYS_Role a
                LEFT JOIN dbo.SYS_OperatorRoleRelation b ON a.RoleId=b.RoleId
                WHERE b.OperatorId='0ad06755-9fde-4ddd-9dcb-448462155a03';
            	



#############################################################################

1、时间：2016-11-22 13:08:12,273
2、优先级别：DEBUG
3、线程ID：8
4、耗时：21108
5、行号：140
6、文件名：f:\Net_Project.DosORM\Project\Dos.ORM\Dos.ORM.Common\Helpers\LogHelper.cs
7、详细信息：
Text:	 SELECT   * FROM [v_SYS_Module]  WHERE [v_SYS_Module].[IsEnable] = @IsEnable4 ORDER BY [v_SYS_Module].[SortNo] ASC 	
Parameters:
@IsEnable4[Int32] = 1



#############################################################################

1、时间：2016-11-22 13:08:12,375
2、优先级别：DEBUG
3、线程ID：8
4、耗时：21210
5、行号：140
6、文件名：f:\Net_Project.DosORM\Project\Dos.ORM\Dos.ORM.Common\Helpers\LogHelper.cs
7、详细信息：
Text:	 SELECT   * FROM [v_SYS_Button]  WHERE  1=1  	



#############################################################################

1、时间：2016-11-22 13:08:13,102
2、优先级别：DEBUG
3、线程ID：8
4、耗时：21937
5、行号：140
6、文件名：f:\Net_Project.DosORM\Project\Dos.ORM\Dos.ORM.Common\Helpers\LogHelper.cs
7、详细信息：
Text:	INSERT INTO [SYS_LogInfo] ([OptModuleName],[DataId],[Desc],[OptResultName],[OptResultId],[OptTypeName],[OptTypeId],[OptModulePath],[Status],[Mac],[IP],[Browser],[OptSystem],[OptTime],[OptUserName],[OptUserId],[CompanyId],[LogTypeName],[LogTypeId],[LogId]) VALUES (@OptModuleName5,@DataId6,@Desc7,@OptResultName8,@OptResultId9,@OptTypeName10,@OptTypeId11,@OptModulePath12,@Status13,@Mac14,@IP15,@Browser16,@OptSystem17,@OptTime18,@OptUserName19,@OptUserId20,@CompanyId21,@LogTypeName22,@LogTypeId23,@LogId24)	
Parameters:
@OptModuleName5[String] = 登录系统
@DataId6[String] = 
@Desc7[String] = 登录成功！
@OptResultName8[String] = 登录成功
@OptResultId9[Int32] = 300
@OptTypeName10[String] = 登录
@OptTypeId11[Int32] = 2001
@OptModulePath12[String] = /MsSys/Login/CheckLogin
@Status13[Int32] = 1
@Mac14[String] = 40:8D:5C:30:F1:7D
@IP15[String] = 192.168.0.200
@Browser16[String] = Chrome 54.0
@OptSystem17[String] = Windows 10
@OptTime18[DateTime] = 2016/11/22 13:08:12
@OptUserName19[String] = 秦波
@OptUserId20[Guid] = 0ad06755-9fde-4ddd-9dcb-448462155a03
@CompanyId21[Guid] = 078736e6-0cc2-48dc-80f1-6330419b4af1
@LogTypeName22[String] = 登录登出
@LogTypeId23[Int32] = 100
@LogId24[Guid] = f26c689a-dea0-410e-bfca-d354a8cb68e5



#############################################################################

1、时间：2016-11-22 13:08:20,783
2、优先级别：DEBUG
3、线程ID：12
4、耗时：29618
5、行号：140
6、文件名：f:\Net_Project.DosORM\Project\Dos.ORM\Dos.ORM.Common\Helpers\LogHelper.cs
7、详细信息：
Text:	 SELECT   * FROM [SYS_Module]  WHERE (([SYS_Module].[Status] = @Status25) AND ([SYS_Module].[IsEnable] = @IsEnable26)) AND ([SYS_Module].[OperatePageType] = @OperatePageType27) 	
Parameters:
@Status25[Int32] = 1
@IsEnable26[Int32] = 1
@OperatePageType27[Int32] = 1



#############################################################################

1、时间：2016-11-22 19:15:19,962
2、优先级别：DEBUG
3、线程ID：8
4、耗时：12373
5、行号：140
6、文件名：f:\Net_Project.DosORM\Project\Dos.ORM\Dos.ORM.Common\Helpers\LogHelper.cs
7、详细信息：
Text:	 SELECT   TOP 1 * FROM [SYS_Operator]  WHERE ([SYS_Operator].[Account] = @Account1) AND ([SYS_Operator].[Pwd] = @Pwd2) 	
Parameters:
@Account1[String] = quber
@Pwd2[String] = C1851CFE23E736DE



#############################################################################

1、时间：2016-11-22 19:15:20,161
2、优先级别：DEBUG
3、线程ID：8
4、耗时：12573
5、行号：140
6、文件名：f:\Net_Project.DosORM\Project\Dos.ORM\Dos.ORM.Common\Helpers\LogHelper.cs
7、详细信息：
Text:	 SELECT   TOP 1 * FROM [SYS_Company]  WHERE [SYS_Company].[CompanyId] = @CompanyId3 	
Parameters:
@CompanyId3[Guid] = 078736e6-0cc2-48dc-80f1-6330419b4af1



#############################################################################

1、时间：2016-11-22 19:15:20,161
2、优先级别：DEBUG
3、线程ID：8
4、耗时：12573
5、行号：140
6、文件名：f:\Net_Project.DosORM\Project\Dos.ORM\Dos.ORM.Common\Helpers\LogHelper.cs
7、详细信息：
Text:	
                SELECT * FROM dbo.SYS_Department a
                LEFT JOIN dbo.SYS_OperatorDepartmentRelation b ON a.DepartmentId=b.DepartmentId
                WHERE b.OperatorId='0ad06755-9fde-4ddd-9dcb-448462155a03';
            	



#############################################################################

1、时间：2016-11-22 19:15:20,183
2、优先级别：DEBUG
3、线程ID：8
4、耗时：12595
5、行号：140
6、文件名：f:\Net_Project.DosORM\Project\Dos.ORM\Dos.ORM.Common\Helpers\LogHelper.cs
7、详细信息：
Text:	
                SELECT * FROM dbo.SYS_Role a
                LEFT JOIN dbo.SYS_OperatorRoleRelation b ON a.RoleId=b.RoleId
                WHERE b.OperatorId='0ad06755-9fde-4ddd-9dcb-448462155a03';
            	



#############################################################################

1、时间：2016-11-22 19:15:20,183
2、优先级别：DEBUG
3、线程ID：8
4、耗时：12595
5、行号：140
6、文件名：f:\Net_Project.DosORM\Project\Dos.ORM\Dos.ORM.Common\Helpers\LogHelper.cs
7、详细信息：
Text:	 SELECT   * FROM [v_SYS_Module]  WHERE [v_SYS_Module].[IsEnable] = @IsEnable4 ORDER BY [v_SYS_Module].[SortNo] ASC 	
Parameters:
@IsEnable4[Int32] = 1



#############################################################################

1、时间：2016-11-22 19:15:20,215
2、优先级别：DEBUG
3、线程ID：8
4、耗时：12626
5、行号：140
6、文件名：f:\Net_Project.DosORM\Project\Dos.ORM\Dos.ORM.Common\Helpers\LogHelper.cs
7、详细信息：
Text:	 SELECT   * FROM [v_SYS_Button]  WHERE  1=1  	



#############################################################################

1、时间：2016-11-22 19:15:20,564
2、优先级别：DEBUG
3、线程ID：8
4、耗时：12975
5、行号：140
6、文件名：f:\Net_Project.DosORM\Project\Dos.ORM\Dos.ORM.Common\Helpers\LogHelper.cs
7、详细信息：
Text:	INSERT INTO [SYS_LogInfo] ([OptModuleName],[DataId],[Desc],[OptResultName],[OptResultId],[OptTypeName],[OptTypeId],[OptModulePath],[Status],[Mac],[IP],[Browser],[OptSystem],[OptTime],[OptUserName],[OptUserId],[CompanyId],[LogTypeName],[LogTypeId],[LogId]) VALUES (@OptModuleName5,@DataId6,@Desc7,@OptResultName8,@OptResultId9,@OptTypeName10,@OptTypeId11,@OptModulePath12,@Status13,@Mac14,@IP15,@Browser16,@OptSystem17,@OptTime18,@OptUserName19,@OptUserId20,@CompanyId21,@LogTypeName22,@LogTypeId23,@LogId24)	
Parameters:
@OptModuleName5[String] = 登录系统
@DataId6[String] = 
@Desc7[String] = 登录成功！
@OptResultName8[String] = 登录成功
@OptResultId9[Int32] = 300
@OptTypeName10[String] = 登录
@OptTypeId11[Int32] = 2001
@OptModulePath12[String] = /MsSys/Login/CheckLogin
@Status13[Int32] = 1
@Mac14[String] = 40:8D:5C:30:F1:7D
@IP15[String] = 192.168.0.160
@Browser16[String] = Chrome 38.0
@OptSystem17[String] = Windows 7
@OptTime18[DateTime] = 2016/11/22 19:15:20
@OptUserName19[String] = 秦波
@OptUserId20[Guid] = 0ad06755-9fde-4ddd-9dcb-448462155a03
@CompanyId21[Guid] = 078736e6-0cc2-48dc-80f1-6330419b4af1
@LogTypeName22[String] = 登录登出
@LogTypeId23[Int32] = 100
@LogId24[Guid] = 635fd12a-9089-4fde-a402-d03ea12b7952



#############################################################################

1、时间：2016-11-22 19:15:23,103
2、优先级别：DEBUG
3、线程ID：5
4、耗时：15514
5、行号：140
6、文件名：f:\Net_Project.DosORM\Project\Dos.ORM\Dos.ORM.Common\Helpers\LogHelper.cs
7、详细信息：
Text:	 SELECT   * FROM [SYS_Module]  WHERE (([SYS_Module].[Status] = @Status25) AND ([SYS_Module].[IsEnable] = @IsEnable26)) AND ([SYS_Module].[OperatePageType] = @OperatePageType27) 	
Parameters:
@Status25[Int32] = 1
@IsEnable26[Int32] = 1
@OperatePageType27[Int32] = 1



#############################################################################

1、时间：2016-11-22 19:15:35,845
2、优先级别：DEBUG
3、线程ID：8
4、耗时：28257
5、行号：140
6、文件名：f:\Net_Project.DosORM\Project\Dos.ORM\Dos.ORM.Common\Helpers\LogHelper.cs
7、详细信息：
Text:	 SELECT count(*) as r_cnt FROM [SYS_Post] WHERE ([SYS_Post].[Status] = @Status28) AND ([SYS_Post].[CompanyId] = @CompanyId29)	
Parameters:
@Status28[Int32] = 1
@CompanyId29[Guid] = 078736e6-0cc2-48dc-80f1-6330419b4af1



#############################################################################

1、时间：2016-11-22 19:15:35,945
2、优先级别：DEBUG
3、线程ID：8
4、耗时：28357
5、行号：140
6、文件名：f:\Net_Project.DosORM\Project\Dos.ORM\Dos.ORM.Common\Helpers\LogHelper.cs
7、详细信息：
Text:	 SELECT   TOP 15 * FROM [SYS_Post]  WHERE ([SYS_Post].[Status] = @Status28) AND ([SYS_Post].[CompanyId] = @CompanyId29) ORDER BY [SYS_Post].[CrtTime] DESC 	
Parameters:
@Status28[Int32] = 1
@CompanyId29[Guid] = 078736e6-0cc2-48dc-80f1-6330419b4af1



#############################################################################

1、时间：2016-11-22 19:15:36,045
2、优先级别：DEBUG
3、线程ID：8
4、耗时：28456
5、行号：140
6、文件名：f:\Net_Project.DosORM\Project\Dos.ORM\Dos.ORM.Common\Helpers\LogHelper.cs
7、详细信息：
Text:	INSERT INTO [SYS_LogInfo] ([Desc],[OptResultName],[OptResultId],[OptTypeName],[OptTypeId],[OptModulePath],[OptModuleName],[Status],[Mac],[IP],[Browser],[OptSystem],[OptTime],[OptUserName],[OptUserId],[DataId],[CompanyId],[LogTypeName],[LogTypeId],[LogId]) VALUES (@Desc30,@OptResultName31,@OptResultId32,@OptTypeName33,@OptTypeId34,@OptModulePath35,@OptModuleName36,@Status37,@Mac38,@IP39,@Browser40,@OptSystem41,@OptTime42,@OptUserName43,@OptUserId44,@DataId45,@CompanyId46,@LogTypeName47,@LogTypeId48,@LogId49)	
Parameters:
@Desc30[String] = 数据查询成功！
@OptResultName31[String] = 操作成功
@OptResultId32[Int32] = 100
@OptTypeName33[String] = 查询
@OptTypeId34[Int32] = 1003
@OptModulePath35[String] = /MsSys/Post/GetList
@OptModuleName36[String] = 岗位管理
@Status37[Int32] = 1
@Mac38[String] = 40:8D:5C:30:F1:7D
@IP39[String] = 192.168.0.160
@Browser40[String] = Chrome 38.0
@OptSystem41[String] = Windows 7
@OptTime42[DateTime] = 2016/11/22 19:15:36
@OptUserName43[String] = 秦波
@OptUserId44[Guid] = 0ad06755-9fde-4ddd-9dcb-448462155a03
@DataId45[String] = 
@CompanyId46[Guid] = 078736e6-0cc2-48dc-80f1-6330419b4af1
@LogTypeName47[String] = 数据操作
@LogTypeId48[Int32] = 101
@LogId49[Guid] = 8db3ca12-368c-488e-9720-e8f21f1f8195



#############################################################################

1、时间：2016-11-22 19:15:51,628
2、优先级别：DEBUG
3、线程ID：13
4、耗时：44040
5、行号：140
6、文件名：f:\Net_Project.DosORM\Project\Dos.ORM\Dos.ORM.Common\Helpers\LogHelper.cs
7、详细信息：
Text:	 SELECT count(*) as r_cnt FROM [SYS_Role] WHERE ([SYS_Role].[Status] = @Status50) AND ([SYS_Role].[CompanyId] = @CompanyId51)	
Parameters:
@Status50[Int32] = 1
@CompanyId51[Guid] = 078736e6-0cc2-48dc-80f1-6330419b4af1



#############################################################################

1、时间：2016-11-22 19:15:51,659
2、优先级别：DEBUG
3、线程ID：13
4、耗时：44071
5、行号：140
6、文件名：f:\Net_Project.DosORM\Project\Dos.ORM\Dos.ORM.Common\Helpers\LogHelper.cs
7、详细信息：
Text:	 SELECT   TOP 15 * FROM [SYS_Role]  WHERE ([SYS_Role].[Status] = @Status50) AND ([SYS_Role].[CompanyId] = @CompanyId51) ORDER BY [SYS_Role].[CrtTime] DESC 	
Parameters:
@Status50[Int32] = 1
@CompanyId51[Guid] = 078736e6-0cc2-48dc-80f1-6330419b4af1



#############################################################################

1、时间：2016-11-22 19:15:51,713
2、优先级别：DEBUG
3、线程ID：13
4、耗时：44124
5、行号：140
6、文件名：f:\Net_Project.DosORM\Project\Dos.ORM\Dos.ORM.Common\Helpers\LogHelper.cs
7、详细信息：
Text:	INSERT INTO [SYS_LogInfo] ([Desc],[OptResultName],[OptResultId],[OptTypeName],[OptTypeId],[OptModulePath],[OptModuleName],[Status],[Mac],[IP],[Browser],[OptSystem],[OptTime],[OptUserName],[OptUserId],[DataId],[CompanyId],[LogTypeName],[LogTypeId],[LogId]) VALUES (@Desc52,@OptResultName53,@OptResultId54,@OptTypeName55,@OptTypeId56,@OptModulePath57,@OptModuleName58,@Status59,@Mac60,@IP61,@Browser62,@OptSystem63,@OptTime64,@OptUserName65,@OptUserId66,@DataId67,@CompanyId68,@LogTypeName69,@LogTypeId70,@LogId71)	
Parameters:
@Desc52[String] = 数据查询成功！
@OptResultName53[String] = 操作成功
@OptResultId54[Int32] = 100
@OptTypeName55[String] = 查询
@OptTypeId56[Int32] = 1003
@OptModulePath57[String] = /MsSys/Role/GetList
@OptModuleName58[String] = 角色管理
@Status59[Int32] = 1
@Mac60[String] = 40:8D:5C:30:F1:7D
@IP61[String] = 192.168.0.160
@Browser62[String] = Chrome 38.0
@OptSystem63[String] = Windows 7
@OptTime64[DateTime] = 2016/11/22 19:15:51
@OptUserName65[String] = 秦波
@OptUserId66[Guid] = 0ad06755-9fde-4ddd-9dcb-448462155a03
@DataId67[String] = 
@CompanyId68[Guid] = 078736e6-0cc2-48dc-80f1-6330419b4af1
@LogTypeName69[String] = 数据操作
@LogTypeId70[Int32] = 101
@LogId71[Guid] = 35f82ac7-a750-46e4-a25d-a6138d3d71d6



#############################################################################

1、时间：2016-11-22 19:15:59,793
2、优先级别：DEBUG
3、线程ID：15
4、耗时：52205
5、行号：140
6、文件名：f:\Net_Project.DosORM\Project\Dos.ORM\Dos.ORM.Common\Helpers\LogHelper.cs
7、详细信息：
Text:	 SELECT count(*) as r_cnt FROM [SYS_Department] WHERE ([SYS_Department].[Status] = @Status72) AND ([SYS_Department].[CompanyId] = @CompanyId73)	
Parameters:
@Status72[Int32] = 1
@CompanyId73[Guid] = 078736e6-0cc2-48dc-80f1-6330419b4af1



#############################################################################

1、时间：2016-11-22 19:15:59,828
2、优先级别：DEBUG
3、线程ID：15
4、耗时：52240
5、行号：140
6、文件名：f:\Net_Project.DosORM\Project\Dos.ORM\Dos.ORM.Common\Helpers\LogHelper.cs
7、详细信息：
Text:	 SELECT   TOP 15 * FROM [SYS_Department]  WHERE ([SYS_Department].[Status] = @Status72) AND ([SYS_Department].[CompanyId] = @CompanyId73) ORDER BY [SYS_Department].[CrtTime] DESC 	
Parameters:
@Status72[Int32] = 1
@CompanyId73[Guid] = 078736e6-0cc2-48dc-80f1-6330419b4af1



#############################################################################

1、时间：2016-11-22 19:15:59,880
2、优先级别：DEBUG
3、线程ID：15
4、耗时：52292
5、行号：140
6、文件名：f:\Net_Project.DosORM\Project\Dos.ORM\Dos.ORM.Common\Helpers\LogHelper.cs
7、详细信息：
Text:	INSERT INTO [SYS_LogInfo] ([Desc],[OptResultName],[OptResultId],[OptTypeName],[OptTypeId],[OptModulePath],[OptModuleName],[Status],[Mac],[IP],[Browser],[OptSystem],[OptTime],[OptUserName],[OptUserId],[DataId],[CompanyId],[LogTypeName],[LogTypeId],[LogId]) VALUES (@Desc74,@OptResultName75,@OptResultId76,@OptTypeName77,@OptTypeId78,@OptModulePath79,@OptModuleName80,@Status81,@Mac82,@IP83,@Browser84,@OptSystem85,@OptTime86,@OptUserName87,@OptUserId88,@DataId89,@CompanyId90,@LogTypeName91,@LogTypeId92,@LogId93)	
Parameters:
@Desc74[String] = 数据查询成功！
@OptResultName75[String] = 操作成功
@OptResultId76[Int32] = 100
@OptTypeName77[String] = 查询
@OptTypeId78[Int32] = 1003
@OptModulePath79[String] = /MsSys/Department/GetList
@OptModuleName80[String] = 部门管理
@Status81[Int32] = 1
@Mac82[String] = 40:8D:5C:30:F1:7D
@IP83[String] = 192.168.0.160
@Browser84[String] = Chrome 38.0
@OptSystem85[String] = Windows 7
@OptTime86[DateTime] = 2016/11/22 19:15:59
@OptUserName87[String] = 秦波
@OptUserId88[Guid] = 0ad06755-9fde-4ddd-9dcb-448462155a03
@DataId89[String] = 
@CompanyId90[Guid] = 078736e6-0cc2-48dc-80f1-6330419b4af1
@LogTypeName91[String] = 数据操作
@LogTypeId92[Int32] = 101
@LogId93[Guid] = 38246841-1093-4510-84e3-fe663f17b538



#############################################################################

1、时间：2016-11-22 19:16:03,591
2、优先级别：DEBUG
3、线程ID：7
4、耗时：56002
5、行号：140
6、文件名：f:\Net_Project.DosORM\Project\Dos.ORM\Dos.ORM.Common\Helpers\LogHelper.cs
7、详细信息：
Text:	 SELECT count(*) as r_cnt FROM [SYS_Company] WHERE ([SYS_Company].[Status] = @Status94) AND ([SYS_Company].[CompanyId] = @CompanyId95)	
Parameters:
@Status94[Int32] = 1
@CompanyId95[Guid] = 078736e6-0cc2-48dc-80f1-6330419b4af1



#############################################################################

1、时间：2016-11-22 19:16:03,609
2、优先级别：DEBUG
3、线程ID：7
4、耗时：56021
5、行号：140
6、文件名：f:\Net_Project.DosORM\Project\Dos.ORM\Dos.ORM.Common\Helpers\LogHelper.cs
7、详细信息：
Text:	 SELECT   TOP 15 * FROM [SYS_Company]  WHERE ([SYS_Company].[Status] = @Status94) AND ([SYS_Company].[CompanyId] = @CompanyId95) ORDER BY [SYS_Company].[CrtTime] DESC 	
Parameters:
@Status94[Int32] = 1
@CompanyId95[Guid] = 078736e6-0cc2-48dc-80f1-6330419b4af1



#############################################################################

1、时间：2016-11-22 19:16:03,685
2、优先级别：DEBUG
3、线程ID：7
4、耗时：56097
5、行号：140
6、文件名：f:\Net_Project.DosORM\Project\Dos.ORM\Dos.ORM.Common\Helpers\LogHelper.cs
7、详细信息：
Text:	INSERT INTO [SYS_LogInfo] ([Desc],[OptResultName],[OptResultId],[OptTypeName],[OptTypeId],[OptModulePath],[OptModuleName],[Status],[Mac],[IP],[Browser],[OptSystem],[OptTime],[OptUserName],[OptUserId],[DataId],[CompanyId],[LogTypeName],[LogTypeId],[LogId]) VALUES (@Desc96,@OptResultName97,@OptResultId98,@OptTypeName99,@OptTypeId100,@OptModulePath101,@OptModuleName102,@Status103,@Mac104,@IP105,@Browser106,@OptSystem107,@OptTime108,@OptUserName109,@OptUserId110,@DataId111,@CompanyId112,@LogTypeName113,@LogTypeId114,@LogId115)	
Parameters:
@Desc96[String] = 数据查询成功！
@OptResultName97[String] = 操作成功
@OptResultId98[Int32] = 100
@OptTypeName99[String] = 查询
@OptTypeId100[Int32] = 1003
@OptModulePath101[String] = /MsSys/Company/GetList
@OptModuleName102[String] = 公司管理
@Status103[Int32] = 1
@Mac104[String] = 40:8D:5C:30:F1:7D
@IP105[String] = 192.168.0.160
@Browser106[String] = Chrome 38.0
@OptSystem107[String] = Windows 7
@OptTime108[DateTime] = 2016/11/22 19:16:03
@OptUserName109[String] = 秦波
@OptUserId110[Guid] = 0ad06755-9fde-4ddd-9dcb-448462155a03
@DataId111[String] = 
@CompanyId112[Guid] = 078736e6-0cc2-48dc-80f1-6330419b4af1
@LogTypeName113[String] = 数据操作
@LogTypeId114[Int32] = 101
@LogId115[Guid] = 7373c1ac-e7de-40f6-ad76-9ef529a72615



#############################################################################

1、时间：2016-11-22 19:16:16,851
2、优先级别：DEBUG
3、线程ID：12
4、耗时：69263
5、行号：140
6、文件名：f:\Net_Project.DosORM\Project\Dos.ORM\Dos.ORM.Common\Helpers\LogHelper.cs
7、详细信息：
Text:	 SELECT count(*) as r_cnt FROM [SYS_Operator] WHERE (([SYS_Operator].[Status] = @Status116) AND ([SYS_Operator].[Account] <> @Account117)) AND ([SYS_Operator].[CompanyId] = @CompanyId118)	
Parameters:
@Status116[Int32] = 1
@Account117[String] = admin
@CompanyId118[Guid] = 078736e6-0cc2-48dc-80f1-6330419b4af1



#############################################################################

1、时间：2016-11-22 19:16:16,912
2、优先级别：DEBUG
3、线程ID：12
4、耗时：69324
5、行号：140
6、文件名：f:\Net_Project.DosORM\Project\Dos.ORM\Dos.ORM.Common\Helpers\LogHelper.cs
7、详细信息：
Text:	 SELECT   TOP 15 * FROM [SYS_Operator]  WHERE (([SYS_Operator].[Status] = @Status116) AND ([SYS_Operator].[Account] <> @Account117)) AND ([SYS_Operator].[CompanyId] = @CompanyId118) ORDER BY [SYS_Operator].[CrtTime] DESC 	
Parameters:
@Status116[Int32] = 1
@Account117[String] = admin
@CompanyId118[Guid] = 078736e6-0cc2-48dc-80f1-6330419b4af1



#############################################################################

1、时间：2016-11-22 19:16:17,003
2、优先级别：DEBUG
3、线程ID：12
4、耗时：69414
5、行号：140
6、文件名：f:\Net_Project.DosORM\Project\Dos.ORM\Dos.ORM.Common\Helpers\LogHelper.cs
7、详细信息：
Text:	INSERT INTO [SYS_LogInfo] ([Desc],[OptResultName],[OptResultId],[OptTypeName],[OptTypeId],[OptModulePath],[OptModuleName],[Status],[Mac],[IP],[Browser],[OptSystem],[OptTime],[OptUserName],[OptUserId],[DataId],[CompanyId],[LogTypeName],[LogTypeId],[LogId]) VALUES (@Desc119,@OptResultName120,@OptResultId121,@OptTypeName122,@OptTypeId123,@OptModulePath124,@OptModuleName125,@Status126,@Mac127,@IP128,@Browser129,@OptSystem130,@OptTime131,@OptUserName132,@OptUserId133,@DataId134,@CompanyId135,@LogTypeName136,@LogTypeId137,@LogId138)	
Parameters:
@Desc119[String] = 数据查询成功！
@OptResultName120[String] = 操作成功
@OptResultId121[Int32] = 100
@OptTypeName122[String] = 查询
@OptTypeId123[Int32] = 1003
@OptModulePath124[String] = /MsSys/Operator/GetList
@OptModuleName125[String] = 管理员管理
@Status126[Int32] = 1
@Mac127[String] = 40:8D:5C:30:F1:7D
@IP128[String] = 192.168.0.160
@Browser129[String] = Chrome 38.0
@OptSystem130[String] = Windows 7
@OptTime131[DateTime] = 2016/11/22 19:16:16
@OptUserName132[String] = 秦波
@OptUserId133[Guid] = 0ad06755-9fde-4ddd-9dcb-448462155a03
@DataId134[String] = 
@CompanyId135[Guid] = 078736e6-0cc2-48dc-80f1-6330419b4af1
@LogTypeName136[String] = 数据操作
@LogTypeId137[Int32] = 101
@LogId138[Guid] = 586b33c6-fbc1-4a52-86dc-6209d0f6e58f



#############################################################################

1、时间：2016-11-22 19:16:38,630
2、优先级别：DEBUG
3、线程ID：12
4、耗时：91041
5、行号：140
6、文件名：f:\Net_Project.DosORM\Project\Dos.ORM\Dos.ORM.Common\Helpers\LogHelper.cs
7、详细信息：
Text:	 SELECT count(*) as r_cnt FROM [SYS_Role] WHERE ([SYS_Role].[Status] = @Status139) AND ([SYS_Role].[CompanyId] = @CompanyId140)	
Parameters:
@Status139[Int32] = 1
@CompanyId140[Guid] = 078736e6-0cc2-48dc-80f1-6330419b4af1



#############################################################################

1、时间：2016-11-22 19:16:38,646
2、优先级别：DEBUG
3、线程ID：12
4、耗时：91058
5、行号：140
6、文件名：f:\Net_Project.DosORM\Project\Dos.ORM\Dos.ORM.Common\Helpers\LogHelper.cs
7、详细信息：
Text:	 SELECT   TOP 15 * FROM [SYS_Role]  WHERE ([SYS_Role].[Status] = @Status139) AND ([SYS_Role].[CompanyId] = @CompanyId140) ORDER BY [SYS_Role].[CrtTime] DESC 	
Parameters:
@Status139[Int32] = 1
@CompanyId140[Guid] = 078736e6-0cc2-48dc-80f1-6330419b4af1



#############################################################################

1、时间：2016-11-22 19:16:38,672
2、优先级别：DEBUG
3、线程ID：12
4、耗时：91084
5、行号：140
6、文件名：f:\Net_Project.DosORM\Project\Dos.ORM\Dos.ORM.Common\Helpers\LogHelper.cs
7、详细信息：
Text:	INSERT INTO [SYS_LogInfo] ([Desc],[OptResultName],[OptResultId],[OptTypeName],[OptTypeId],[OptModulePath],[OptModuleName],[Status],[Mac],[IP],[Browser],[OptSystem],[OptTime],[OptUserName],[OptUserId],[DataId],[CompanyId],[LogTypeName],[LogTypeId],[LogId]) VALUES (@Desc141,@OptResultName142,@OptResultId143,@OptTypeName144,@OptTypeId145,@OptModulePath146,@OptModuleName147,@Status148,@Mac149,@IP150,@Browser151,@OptSystem152,@OptTime153,@OptUserName154,@OptUserId155,@DataId156,@CompanyId157,@LogTypeName158,@LogTypeId159,@LogId160)	
Parameters:
@Desc141[String] = 数据查询成功！
@OptResultName142[String] = 操作成功
@OptResultId143[Int32] = 100
@OptTypeName144[String] = 查询
@OptTypeId145[Int32] = 1003
@OptModulePath146[String] = /MsSys/Role/GetList
@OptModuleName147[String] = 角色管理
@Status148[Int32] = 1
@Mac149[String] = 40:8D:5C:30:F1:7D
@IP150[String] = 192.168.0.160
@Browser151[String] = Chrome 38.0
@OptSystem152[String] = Windows 7
@OptTime153[DateTime] = 2016/11/22 19:16:38
@OptUserName154[String] = 秦波
@OptUserId155[Guid] = 0ad06755-9fde-4ddd-9dcb-448462155a03
@DataId156[String] = 
@CompanyId157[Guid] = 078736e6-0cc2-48dc-80f1-6330419b4af1
@LogTypeName158[String] = 数据操作
@LogTypeId159[Int32] = 101
@LogId160[Guid] = fc1a1cf9-8b9e-48cf-856e-e57ac76df296



#############################################################################

1、时间：2016-11-22 19:16:47,258
2、优先级别：DEBUG
3、线程ID：10
4、耗时：99670
5、行号：140
6、文件名：f:\Net_Project.DosORM\Project\Dos.ORM\Dos.ORM.Common\Helpers\LogHelper.cs
7、详细信息：
Text:	UPDATE [SYS_Operator] SET [ThemeName]=@ThemeName162 WHERE [SYS_Operator].[OperatorId] = @OperatorId161	
Parameters:
@ThemeName162[String] = green
@OperatorId161[Guid] = 0ad06755-9fde-4ddd-9dcb-448462155a03



#############################################################################

1、时间：2016-11-22 19:16:50,163
2、优先级别：DEBUG
3、线程ID：15
4、耗时：102575
5、行号：140
6、文件名：f:\Net_Project.DosORM\Project\Dos.ORM\Dos.ORM.Common\Helpers\LogHelper.cs
7、详细信息：
Text:	UPDATE [SYS_Operator] SET [ThemeName]=@ThemeName164 WHERE [SYS_Operator].[OperatorId] = @OperatorId163	
Parameters:
@ThemeName164[String] = pink
@OperatorId163[Guid] = 0ad06755-9fde-4ddd-9dcb-448462155a03



#############################################################################

1、时间：2016-11-22 19:16:53,279
2、优先级别：DEBUG
3、线程ID：7
4、耗时：105691
5、行号：140
6、文件名：f:\Net_Project.DosORM\Project\Dos.ORM\Dos.ORM.Common\Helpers\LogHelper.cs
7、详细信息：
Text:	UPDATE [SYS_Operator] SET [ThemeName]=@ThemeName166 WHERE [SYS_Operator].[OperatorId] = @OperatorId165	
Parameters:
@ThemeName166[String] = gray
@OperatorId165[Guid] = 0ad06755-9fde-4ddd-9dcb-448462155a03



#############################################################################

1、时间：2016-11-22 19:16:56,527
2、优先级别：DEBUG
3、线程ID：7
4、耗时：108938
5、行号：140
6、文件名：f:\Net_Project.DosORM\Project\Dos.ORM\Dos.ORM.Common\Helpers\LogHelper.cs
7、详细信息：
Text:	UPDATE [SYS_Operator] SET [ThemeName]=@ThemeName168 WHERE [SYS_Operator].[OperatorId] = @OperatorId167	
Parameters:
@ThemeName168[String] = seagreen
@OperatorId167[Guid] = 0ad06755-9fde-4ddd-9dcb-448462155a03



#############################################################################

1、时间：2016-11-22 19:16:59,511
2、优先级别：DEBUG
3、线程ID：10
4、耗时：111923
5、行号：140
6、文件名：f:\Net_Project.DosORM\Project\Dos.ORM\Dos.ORM.Common\Helpers\LogHelper.cs
7、详细信息：
Text:	UPDATE [SYS_Operator] SET [ThemeName]=@ThemeName170 WHERE [SYS_Operator].[OperatorId] = @OperatorId169	
Parameters:
@ThemeName170[String] = sandybrown
@OperatorId169[Guid] = 0ad06755-9fde-4ddd-9dcb-448462155a03



#############################################################################

1、时间：2016-11-22 19:17:04,898
2、优先级别：DEBUG
3、线程ID：8
4、耗时：117310
5、行号：140
6、文件名：f:\Net_Project.DosORM\Project\Dos.ORM\Dos.ORM.Common\Helpers\LogHelper.cs
7、详细信息：
Text:	UPDATE [SYS_Operator] SET [ThemeName]=@ThemeName172 WHERE [SYS_Operator].[OperatorId] = @OperatorId171	
Parameters:
@ThemeName172[String] = blue
@OperatorId171[Guid] = 0ad06755-9fde-4ddd-9dcb-448462155a03



#############################################################################

1、时间：2016-11-22 19:17:08,449
2、优先级别：DEBUG
3、线程ID：5
4、耗时：120861
5、行号：140
6、文件名：f:\Net_Project.DosORM\Project\Dos.ORM\Dos.ORM.Common\Helpers\LogHelper.cs
7、详细信息：
Text:	UPDATE [SYS_Operator] SET [ThemeName]=@ThemeName174 WHERE [SYS_Operator].[OperatorId] = @OperatorId173	
Parameters:
@ThemeName174[String] = green
@OperatorId173[Guid] = 0ad06755-9fde-4ddd-9dcb-448462155a03



#############################################################################

1、时间：2016-11-22 19:17:12,634
2、优先级别：DEBUG
3、线程ID：5
4、耗时：125046
5、行号：140
6、文件名：f:\Net_Project.DosORM\Project\Dos.ORM\Dos.ORM.Common\Helpers\LogHelper.cs
7、详细信息：
Text:	UPDATE [SYS_Operator] SET [ThemeName]=@ThemeName176 WHERE [SYS_Operator].[OperatorId] = @OperatorId175	
Parameters:
@ThemeName176[String] = pink
@OperatorId175[Guid] = 0ad06755-9fde-4ddd-9dcb-448462155a03



#############################################################################

1、时间：2016-11-22 19:17:15,759
2、优先级别：DEBUG
3、线程ID：5
4、耗时：128170
5、行号：140
6、文件名：f:\Net_Project.DosORM\Project\Dos.ORM\Dos.ORM.Common\Helpers\LogHelper.cs
7、详细信息：
Text:	UPDATE [SYS_Operator] SET [ThemeName]=@ThemeName178 WHERE [SYS_Operator].[OperatorId] = @OperatorId177	
Parameters:
@ThemeName178[String] = violet
@OperatorId177[Guid] = 0ad06755-9fde-4ddd-9dcb-448462155a03



#############################################################################

1、时间：2016-11-22 19:17:25,805
2、优先级别：DEBUG
3、线程ID：12
4、耗时：138216
5、行号：140
6、文件名：f:\Net_Project.DosORM\Project\Dos.ORM\Dos.ORM.Common\Helpers\LogHelper.cs
7、详细信息：
Text:	 SELECT   * FROM [SYS_RoleModuleRelation]  WHERE [SYS_RoleModuleRelation].[RoleId] = @RoleId179 	
Parameters:
@RoleId179[Guid] = f3fe6980-35f2-43f4-9b58-e452bac2b5c5



#############################################################################

1、时间：2016-11-22 19:17:25,813
2、优先级别：DEBUG
3、线程ID：12
4、耗时：138224
5、行号：140
6、文件名：f:\Net_Project.DosORM\Project\Dos.ORM\Dos.ORM.Common\Helpers\LogHelper.cs
7、详细信息：
Text:	 SELECT   * FROM [SYS_Module]  WHERE [SYS_Module].[Status] = @Status180 	
Parameters:
@Status180[Int32] = 1



#############################################################################

1、时间：2016-11-22 19:17:46,392
2、优先级别：DEBUG
3、线程ID：11
4、耗时：158803
5、行号：140
6、文件名：f:\Net_Project.DosORM\Project\Dos.ORM\Dos.ORM.Common\Helpers\LogHelper.cs
7、详细信息：
Text:	 SELECT   * FROM [SYS_RoleModuleRelation]  WHERE [SYS_RoleModuleRelation].[RoleId] = @RoleId181 	
Parameters:
@RoleId181[Guid] = f3fe6980-35f2-43f4-9b58-e452bac2b5c5



#############################################################################

1、时间：2016-11-22 19:17:46,411
2、优先级别：DEBUG
3、线程ID：11
4、耗时：158823
5、行号：140
6、文件名：f:\Net_Project.DosORM\Project\Dos.ORM\Dos.ORM.Common\Helpers\LogHelper.cs
7、详细信息：
Text:	 SELECT   * FROM [SYS_Module]  WHERE ([SYS_Module].[Status] = @Status182) AND ([SYS_Module].[ModuleType] = @ModuleType183) 	
Parameters:
@Status182[Int32] = 1
@ModuleType183[Int32] = 100



#############################################################################

1、时间：2016-11-22 19:17:48,363
2、优先级别：DEBUG
3、线程ID：13
4、耗时：160775
5、行号：140
6、文件名：f:\Net_Project.DosORM\Project\Dos.ORM\Dos.ORM.Common\Helpers\LogHelper.cs
7、详细信息：
Text:	 SELECT   * FROM [SYS_RoleModuleRelation]  WHERE [SYS_RoleModuleRelation].[RoleId] = @RoleId184 	
Parameters:
@RoleId184[Guid] = f3fe6980-35f2-43f4-9b58-e452bac2b5c5



#############################################################################

1、时间：2016-11-22 19:17:48,379
2、优先级别：DEBUG
3、线程ID：13
4、耗时：160790
5、行号：140
6、文件名：f:\Net_Project.DosORM\Project\Dos.ORM\Dos.ORM.Common\Helpers\LogHelper.cs
7、详细信息：
Text:	 SELECT   * FROM [SYS_Module]  WHERE ([SYS_Module].[Status] = @Status185) AND ([SYS_Module].[ModuleType] = @ModuleType186) 	
Parameters:
@Status185[Int32] = 1
@ModuleType186[Int32] = 101



#############################################################################

1、时间：2016-11-22 19:17:50,885
2、优先级别：DEBUG
3、线程ID：13
4、耗时：163297
5、行号：140
6、文件名：f:\Net_Project.DosORM\Project\Dos.ORM\Dos.ORM.Common\Helpers\LogHelper.cs
7、详细信息：
Text:	 SELECT   * FROM [SYS_RoleModuleRelation]  WHERE [SYS_RoleModuleRelation].[RoleId] = @RoleId187 	
Parameters:
@RoleId187[Guid] = f3fe6980-35f2-43f4-9b58-e452bac2b5c5



#############################################################################

1、时间：2016-11-22 19:17:50,894
2、优先级别：DEBUG
3、线程ID：13
4、耗时：163306
5、行号：140
6、文件名：f:\Net_Project.DosORM\Project\Dos.ORM\Dos.ORM.Common\Helpers\LogHelper.cs
7、详细信息：
Text:	 SELECT   * FROM [SYS_Module]  WHERE ([SYS_Module].[Status] = @Status188) AND ([SYS_Module].[ModuleType] = @ModuleType189) 	
Parameters:
@Status188[Int32] = 1
@ModuleType189[Int32] = 102



#############################################################################

1、时间：2016-11-22 19:17:52,953
2、优先级别：DEBUG
3、线程ID：15
4、耗时：165365
5、行号：140
6、文件名：f:\Net_Project.DosORM\Project\Dos.ORM\Dos.ORM.Common\Helpers\LogHelper.cs
7、详细信息：
Text:	 SELECT   * FROM [SYS_RoleModuleRelation]  WHERE [SYS_RoleModuleRelation].[RoleId] = @RoleId190 	
Parameters:
@RoleId190[Guid] = f3fe6980-35f2-43f4-9b58-e452bac2b5c5



#############################################################################

1、时间：2016-11-22 19:17:52,953
2、优先级别：DEBUG
3、线程ID：15
4、耗时：165365
5、行号：140
6、文件名：f:\Net_Project.DosORM\Project\Dos.ORM\Dos.ORM.Common\Helpers\LogHelper.cs
7、详细信息：
Text:	 SELECT   * FROM [SYS_Module]  WHERE ([SYS_Module].[Status] = @Status191) AND ([SYS_Module].[ModuleType] = @ModuleType192) 	
Parameters:
@Status191[Int32] = 1
@ModuleType192[Int32] = 100



#############################################################################

1、时间：2016-11-22 19:17:57,760
2、优先级别：DEBUG
3、线程ID：5
4、耗时：170172
5、行号：140
6、文件名：f:\Net_Project.DosORM\Project\Dos.ORM\Dos.ORM.Common\Helpers\LogHelper.cs
7、详细信息：
Text:	UPDATE [SYS_Operator] SET [ThemeName]=@ThemeName194 WHERE [SYS_Operator].[OperatorId] = @OperatorId193	
Parameters:
@ThemeName194[String] = sandybrown
@OperatorId193[Guid] = 0ad06755-9fde-4ddd-9dcb-448462155a03



#############################################################################

1、时间：2016-11-22 19:18:07,947
2、优先级别：DEBUG
3、线程ID：5
4、耗时：180359
5、行号：140
6、文件名：f:\Net_Project.DosORM\Project\Dos.ORM\Dos.ORM.Common\Helpers\LogHelper.cs
7、详细信息：
Text:	UPDATE [SYS_Operator] SET [ThemeName]=@ThemeName196 WHERE [SYS_Operator].[OperatorId] = @OperatorId195	
Parameters:
@ThemeName196[String] = blue
@OperatorId195[Guid] = 0ad06755-9fde-4ddd-9dcb-448462155a03



#############################################################################

1、时间：2016-11-22 19:18:11,372
2、优先级别：DEBUG
3、线程ID：5
4、耗时：183784
5、行号：140
6、文件名：f:\Net_Project.DosORM\Project\Dos.ORM\Dos.ORM.Common\Helpers\LogHelper.cs
7、详细信息：
Text:	UPDATE [SYS_Operator] SET [ThemeName]=@ThemeName198 WHERE [SYS_Operator].[OperatorId] = @OperatorId197	
Parameters:
@ThemeName198[String] = green
@OperatorId197[Guid] = 0ad06755-9fde-4ddd-9dcb-448462155a03



#############################################################################

1、时间：2016-11-22 19:18:13,773
2、优先级别：DEBUG
3、线程ID：20
4、耗时：186184
5、行号：140
6、文件名：f:\Net_Project.DosORM\Project\Dos.ORM\Dos.ORM.Common\Helpers\LogHelper.cs
7、详细信息：
Text:	UPDATE [SYS_Operator] SET [ThemeName]=@ThemeName200 WHERE [SYS_Operator].[OperatorId] = @OperatorId199	
Parameters:
@ThemeName200[String] = pink
@OperatorId199[Guid] = 0ad06755-9fde-4ddd-9dcb-448462155a03



#############################################################################

1、时间：2016-11-22 19:18:21,979
2、优先级别：DEBUG
3、线程ID：12
4、耗时：194391
5、行号：140
6、文件名：f:\Net_Project.DosORM\Project\Dos.ORM\Dos.ORM.Common\Helpers\LogHelper.cs
7、详细信息：
Text:	UPDATE [SYS_Operator] SET [ThemeName]=@ThemeName202 WHERE [SYS_Operator].[OperatorId] = @OperatorId201	
Parameters:
@ThemeName202[String] = sandybrown
@OperatorId201[Guid] = 0ad06755-9fde-4ddd-9dcb-448462155a03



#############################################################################

1、时间：2016-11-22 19:18:50,057
2、优先级别：DEBUG
3、线程ID：10
4、耗时：222469
5、行号：140
6、文件名：f:\Net_Project.DosORM\Project\Dos.ORM\Dos.ORM.Common\Helpers\LogHelper.cs
7、详细信息：
Text:	 SELECT   * FROM [SYS_Module]  WHERE (([SYS_Module].[Status] = @Status203) AND ([SYS_Module].[IsEnable] = @IsEnable204)) AND ([SYS_Module].[OperatePageType] = @OperatePageType205) 	
Parameters:
@Status203[Int32] = 1
@IsEnable204[Int32] = 1
@OperatePageType205[Int32] = 1



#############################################################################

1、时间：2016-11-22 19:18:58,616
2、优先级别：DEBUG
3、线程ID：18
4、耗时：231028
5、行号：140
6、文件名：f:\Net_Project.DosORM\Project\Dos.ORM\Dos.ORM.Common\Helpers\LogHelper.cs
7、详细信息：
Text:	 SELECT   * FROM [SYS_Module]  WHERE (([SYS_Module].[Status] = @Status206) AND ([SYS_Module].[IsEnable] = @IsEnable207)) AND ([SYS_Module].[OperatePageType] = @OperatePageType208) 	
Parameters:
@Status206[Int32] = 1
@IsEnable207[Int32] = 1
@OperatePageType208[Int32] = 1



#############################################################################

1、时间：2016-11-22 19:19:21,473
2、优先级别：DEBUG
3、线程ID：18
4、耗时：253885
5、行号：140
6、文件名：f:\Net_Project.DosORM\Project\Dos.ORM\Dos.ORM.Common\Helpers\LogHelper.cs
7、详细信息：
Text:	 SELECT count(*) as r_cnt FROM [SYS_Post] WHERE ([SYS_Post].[Status] = @Status209) AND ([SYS_Post].[CompanyId] = @CompanyId210)	
Parameters:
@Status209[Int32] = 1
@CompanyId210[Guid] = 078736e6-0cc2-48dc-80f1-6330419b4af1



#############################################################################

1、时间：2016-11-22 19:19:21,478
2、优先级别：DEBUG
3、线程ID：18
4、耗时：253890
5、行号：140
6、文件名：f:\Net_Project.DosORM\Project\Dos.ORM\Dos.ORM.Common\Helpers\LogHelper.cs
7、详细信息：
Text:	 SELECT   TOP 15 * FROM [SYS_Post]  WHERE ([SYS_Post].[Status] = @Status209) AND ([SYS_Post].[CompanyId] = @CompanyId210) ORDER BY [SYS_Post].[CrtTime] DESC 	
Parameters:
@Status209[Int32] = 1
@CompanyId210[Guid] = 078736e6-0cc2-48dc-80f1-6330419b4af1



#############################################################################

1、时间：2016-11-22 19:19:21,533
2、优先级别：DEBUG
3、线程ID：18
4、耗时：253945
5、行号：140
6、文件名：f:\Net_Project.DosORM\Project\Dos.ORM\Dos.ORM.Common\Helpers\LogHelper.cs
7、详细信息：
Text:	INSERT INTO [SYS_LogInfo] ([Desc],[OptResultName],[OptResultId],[OptTypeName],[OptTypeId],[OptModulePath],[OptModuleName],[Status],[Mac],[IP],[Browser],[OptSystem],[OptTime],[OptUserName],[OptUserId],[DataId],[CompanyId],[LogTypeName],[LogTypeId],[LogId]) VALUES (@Desc211,@OptResultName212,@OptResultId213,@OptTypeName214,@OptTypeId215,@OptModulePath216,@OptModuleName217,@Status218,@Mac219,@IP220,@Browser221,@OptSystem222,@OptTime223,@OptUserName224,@OptUserId225,@DataId226,@CompanyId227,@LogTypeName228,@LogTypeId229,@LogId230)	
Parameters:
@Desc211[String] = 数据查询成功！
@OptResultName212[String] = 操作成功
@OptResultId213[Int32] = 100
@OptTypeName214[String] = 查询
@OptTypeId215[Int32] = 1003
@OptModulePath216[String] = /MsSys/Post/GetList
@OptModuleName217[String] = 岗位管理
@Status218[Int32] = 1
@Mac219[String] = 40:8D:5C:30:F1:7D
@IP220[String] = 192.168.0.160
@Browser221[String] = Chrome 38.0
@OptSystem222[String] = Windows 7
@OptTime223[DateTime] = 2016/11/22 19:19:21
@OptUserName224[String] = 秦波
@OptUserId225[Guid] = 0ad06755-9fde-4ddd-9dcb-448462155a03
@DataId226[String] = 
@CompanyId227[Guid] = 078736e6-0cc2-48dc-80f1-6330419b4af1
@LogTypeName228[String] = 数据操作
@LogTypeId229[Int32] = 101
@LogId230[Guid] = f22a56d4-604c-4477-9b69-46ca84d7d6bf



#############################################################################

1、时间：2016-11-22 19:19:34,975
2、优先级别：DEBUG
3、线程ID：17
4、耗时：267386
5、行号：140
6、文件名：f:\Net_Project.DosORM\Project\Dos.ORM\Dos.ORM.Common\Helpers\LogHelper.cs
7、详细信息：
Text:	 SELECT   TOP 1 [SYS_Post].[PostId] FROM [SYS_Post]  WHERE ([SYS_Post].[CompanyId] = @CompanyId231) AND ([SYS_Post].[PostName] = @PostName232) 	
Parameters:
@CompanyId231[Guid] = 078736e6-0cc2-48dc-80f1-6330419b4af1
@PostName232[String] = 3213213



#############################################################################

1、时间：2016-11-22 19:19:35,182
2、优先级别：DEBUG
3、线程ID：17
4、耗时：267593
5、行号：140
6、文件名：f:\Net_Project.DosORM\Project\Dos.ORM\Dos.ORM.Common\Helpers\LogHelper.cs
7、详细信息：
Text:	INSERT INTO [SYS_Post] ([CrtOptId],[CompanyId],[PostId],[Desc],[IsEnable],[PostName]) VALUES (@CrtOptId233,@CompanyId234,@PostId235,@Desc236,@IsEnable237,@PostName238)	
Parameters:
@CrtOptId233[Guid] = 0ad06755-9fde-4ddd-9dcb-448462155a03
@CompanyId234[Guid] = 078736e6-0cc2-48dc-80f1-6330419b4af1
@PostId235[Guid] = 3cb7a07e-dbbd-4a34-897f-4a794937cf7d
@Desc236[String] = 32132
@IsEnable237[Int32] = 1
@PostName238[String] = 3213213



#############################################################################

1、时间：2016-11-22 19:19:35,278
2、优先级别：DEBUG
3、线程ID：17
4、耗时：267690
5、行号：140
6、文件名：f:\Net_Project.DosORM\Project\Dos.ORM\Dos.ORM.Common\Helpers\LogHelper.cs
7、详细信息：
Text:	INSERT INTO [SYS_LogInfo] ([Desc],[OptResultName],[OptResultId],[OptTypeName],[OptTypeId],[OptModulePath],[OptModuleName],[Status],[Mac],[IP],[Browser],[OptSystem],[OptTime],[OptUserName],[OptUserId],[DataId],[CompanyId],[LogTypeName],[LogTypeId],[LogId]) VALUES (@Desc239,@OptResultName240,@OptResultId241,@OptTypeName242,@OptTypeId243,@OptModulePath244,@OptModuleName245,@Status246,@Mac247,@IP248,@Browser249,@OptSystem250,@OptTime251,@OptUserName252,@OptUserId253,@DataId254,@CompanyId255,@LogTypeName256,@LogTypeId257,@LogId258)	
Parameters:
@Desc239[String] = 数据保存成功！
@OptResultName240[String] = 操作成功
@OptResultId241[Int32] = 100
@OptTypeName242[String] = 添加
@OptTypeId243[Int32] = 1001
@OptModulePath244[String] = /MsSys/Post/SaveData
@OptModuleName245[String] = 岗位管理
@Status246[Int32] = 1
@Mac247[String] = 40:8D:5C:30:F1:7D
@IP248[String] = 192.168.0.160
@Browser249[String] = Chrome 38.0
@OptSystem250[String] = Windows 7
@OptTime251[DateTime] = 2016/11/22 19:19:35
@OptUserName252[String] = 秦波
@OptUserId253[Guid] = 0ad06755-9fde-4ddd-9dcb-448462155a03
@DataId254[String] = 3cb7a07e-dbbd-4a34-897f-4a794937cf7d
@CompanyId255[Guid] = 078736e6-0cc2-48dc-80f1-6330419b4af1
@LogTypeName256[String] = 数据操作
@LogTypeId257[Int32] = 101
@LogId258[Guid] = 2bd18888-e254-4c1d-a2db-91cee0900f01



#############################################################################

1、时间：2016-11-22 19:19:36,895
2、优先级别：DEBUG
3、线程ID：18
4、耗时：269307
5、行号：140
6、文件名：f:\Net_Project.DosORM\Project\Dos.ORM\Dos.ORM.Common\Helpers\LogHelper.cs
7、详细信息：
Text:	 SELECT count(*) as r_cnt FROM [SYS_Post] WHERE ([SYS_Post].[Status] = @Status259) AND ([SYS_Post].[CompanyId] = @CompanyId260)	
Parameters:
@Status259[Int32] = 1
@CompanyId260[Guid] = 078736e6-0cc2-48dc-80f1-6330419b4af1



#############################################################################

1、时间：2016-11-22 19:19:36,899
2、优先级别：DEBUG
3、线程ID：18
4、耗时：269311
5、行号：140
6、文件名：f:\Net_Project.DosORM\Project\Dos.ORM\Dos.ORM.Common\Helpers\LogHelper.cs
7、详细信息：
Text:	 SELECT   TOP 15 * FROM [SYS_Post]  WHERE ([SYS_Post].[Status] = @Status259) AND ([SYS_Post].[CompanyId] = @CompanyId260) ORDER BY [SYS_Post].[CrtTime] DESC 	
Parameters:
@Status259[Int32] = 1
@CompanyId260[Guid] = 078736e6-0cc2-48dc-80f1-6330419b4af1



#############################################################################

1、时间：2016-11-22 19:19:36,938
2、优先级别：DEBUG
3、线程ID：18
4、耗时：269350
5、行号：140
6、文件名：f:\Net_Project.DosORM\Project\Dos.ORM\Dos.ORM.Common\Helpers\LogHelper.cs
7、详细信息：
Text:	INSERT INTO [SYS_LogInfo] ([Desc],[OptResultName],[OptResultId],[OptTypeName],[OptTypeId],[OptModulePath],[OptModuleName],[Status],[Mac],[IP],[Browser],[OptSystem],[OptTime],[OptUserName],[OptUserId],[DataId],[CompanyId],[LogTypeName],[LogTypeId],[LogId]) VALUES (@Desc261,@OptResultName262,@OptResultId263,@OptTypeName264,@OptTypeId265,@OptModulePath266,@OptModuleName267,@Status268,@Mac269,@IP270,@Browser271,@OptSystem272,@OptTime273,@OptUserName274,@OptUserId275,@DataId276,@CompanyId277,@LogTypeName278,@LogTypeId279,@LogId280)	
Parameters:
@Desc261[String] = 数据查询成功！
@OptResultName262[String] = 操作成功
@OptResultId263[Int32] = 100
@OptTypeName264[String] = 查询
@OptTypeId265[Int32] = 1003
@OptModulePath266[String] = /MsSys/Post/GetList
@OptModuleName267[String] = 岗位管理
@Status268[Int32] = 1
@Mac269[String] = 40:8D:5C:30:F1:7D
@IP270[String] = 192.168.0.160
@Browser271[String] = Chrome 38.0
@OptSystem272[String] = Windows 7
@OptTime273[DateTime] = 2016/11/22 19:19:36
@OptUserName274[String] = 秦波
@OptUserId275[Guid] = 0ad06755-9fde-4ddd-9dcb-448462155a03
@DataId276[String] = 
@CompanyId277[Guid] = 078736e6-0cc2-48dc-80f1-6330419b4af1
@LogTypeName278[String] = 数据操作
@LogTypeId279[Int32] = 101
@LogId280[Guid] = 62c2902e-1fe0-429a-a629-66d40e7542e2



#############################################################################

1、时间：2016-11-22 19:19:41,758
2、优先级别：DEBUG
3、线程ID：12
4、耗时：274169
5、行号：140
6、文件名：f:\Net_Project.DosORM\Project\Dos.ORM\Dos.ORM.Common\Helpers\LogHelper.cs
7、详细信息：
Text:	DELETE FROM [SYS_OperatorPostRelation] WHERE [SYS_OperatorPostRelation].[PostId] IN (@PostId281)	
Parameters:
@PostId281[Guid] = 3cb7a07e-dbbd-4a34-897f-4a794937cf7d



#############################################################################

1、时间：2016-11-22 19:19:41,805
2、优先级别：DEBUG
3、线程ID：12
4、耗时：274216
5、行号：140
6、文件名：f:\Net_Project.DosORM\Project\Dos.ORM\Dos.ORM.Common\Helpers\LogHelper.cs
7、详细信息：
Text:	DELETE FROM [SYS_Post] WHERE [SYS_Post].[PostId] = @PostId282	
Parameters:
@PostId282[Guid] = 3cb7a07e-dbbd-4a34-897f-4a794937cf7d



#############################################################################

1、时间：2016-11-22 19:19:41,873
2、优先级别：DEBUG
3、线程ID：12
4、耗时：274285
5、行号：140
6、文件名：f:\Net_Project.DosORM\Project\Dos.ORM\Dos.ORM.Common\Helpers\LogHelper.cs
7、详细信息：
Text:	INSERT INTO [SYS_LogInfo] ([Desc],[OptResultName],[OptResultId],[OptTypeName],[OptTypeId],[OptModulePath],[OptModuleName],[Status],[Mac],[IP],[Browser],[OptSystem],[OptTime],[OptUserName],[OptUserId],[DataId],[CompanyId],[LogTypeName],[LogTypeId],[LogId]) VALUES (@Desc283,@OptResultName284,@OptResultId285,@OptTypeName286,@OptTypeId287,@OptModulePath288,@OptModuleName289,@Status290,@Mac291,@IP292,@Browser293,@OptSystem294,@OptTime295,@OptUserName296,@OptUserId297,@DataId298,@CompanyId299,@LogTypeName300,@LogTypeId301,@LogId302)	
Parameters:
@Desc283[String] = 数据删除成功！
@OptResultName284[String] = 操作成功
@OptResultId285[Int32] = 100
@OptTypeName286[String] = 删除
@OptTypeId287[Int32] = 1005
@OptModulePath288[String] = /MsSys/Post/DeleteData
@OptModuleName289[String] = 岗位管理
@Status290[Int32] = 1
@Mac291[String] = 40:8D:5C:30:F1:7D
@IP292[String] = 192.168.0.160
@Browser293[String] = Chrome 38.0
@OptSystem294[String] = Windows 7
@OptTime295[DateTime] = 2016/11/22 19:19:41
@OptUserName296[String] = 秦波
@OptUserId297[Guid] = 0ad06755-9fde-4ddd-9dcb-448462155a03
@DataId298[String] = 
@CompanyId299[Guid] = 078736e6-0cc2-48dc-80f1-6330419b4af1
@LogTypeName300[String] = 数据操作
@LogTypeId301[Int32] = 101
@LogId302[Guid] = 50321d3a-a257-4c05-989d-8ba58a0f69b6



#############################################################################

1、时间：2016-11-22 19:19:43,427
2、优先级别：DEBUG
3、线程ID：18
4、耗时：275838
5、行号：140
6、文件名：f:\Net_Project.DosORM\Project\Dos.ORM\Dos.ORM.Common\Helpers\LogHelper.cs
7、详细信息：
Text:	 SELECT count(*) as r_cnt FROM [SYS_Post] WHERE ([SYS_Post].[Status] = @Status303) AND ([SYS_Post].[CompanyId] = @CompanyId304)	
Parameters:
@Status303[Int32] = 1
@CompanyId304[Guid] = 078736e6-0cc2-48dc-80f1-6330419b4af1



#############################################################################

1、时间：2016-11-22 19:19:43,427
2、优先级别：DEBUG
3、线程ID：18
4、耗时：275838
5、行号：140
6、文件名：f:\Net_Project.DosORM\Project\Dos.ORM\Dos.ORM.Common\Helpers\LogHelper.cs
7、详细信息：
Text:	 SELECT   TOP 15 * FROM [SYS_Post]  WHERE ([SYS_Post].[Status] = @Status303) AND ([SYS_Post].[CompanyId] = @CompanyId304) ORDER BY [SYS_Post].[CrtTime] DESC 	
Parameters:
@Status303[Int32] = 1
@CompanyId304[Guid] = 078736e6-0cc2-48dc-80f1-6330419b4af1



#############################################################################

1、时间：2016-11-22 19:19:43,458
2、优先级别：DEBUG
3、线程ID：18
4、耗时：275870
5、行号：140
6、文件名：f:\Net_Project.DosORM\Project\Dos.ORM\Dos.ORM.Common\Helpers\LogHelper.cs
7、详细信息：
Text:	INSERT INTO [SYS_LogInfo] ([Desc],[OptResultName],[OptResultId],[OptTypeName],[OptTypeId],[OptModulePath],[OptModuleName],[Status],[Mac],[IP],[Browser],[OptSystem],[OptTime],[OptUserName],[OptUserId],[DataId],[CompanyId],[LogTypeName],[LogTypeId],[LogId]) VALUES (@Desc305,@OptResultName306,@OptResultId307,@OptTypeName308,@OptTypeId309,@OptModulePath310,@OptModuleName311,@Status312,@Mac313,@IP314,@Browser315,@OptSystem316,@OptTime317,@OptUserName318,@OptUserId319,@DataId320,@CompanyId321,@LogTypeName322,@LogTypeId323,@LogId324)	
Parameters:
@Desc305[String] = 数据查询成功！
@OptResultName306[String] = 操作成功
@OptResultId307[Int32] = 100
@OptTypeName308[String] = 查询
@OptTypeId309[Int32] = 1003
@OptModulePath310[String] = /MsSys/Post/GetList
@OptModuleName311[String] = 岗位管理
@Status312[Int32] = 1
@Mac313[String] = 40:8D:5C:30:F1:7D
@IP314[String] = 192.168.0.160
@Browser315[String] = Chrome 38.0
@OptSystem316[String] = Windows 7
@OptTime317[DateTime] = 2016/11/22 19:19:43
@OptUserName318[String] = 秦波
@OptUserId319[Guid] = 0ad06755-9fde-4ddd-9dcb-448462155a03
@DataId320[String] = 
@CompanyId321[Guid] = 078736e6-0cc2-48dc-80f1-6330419b4af1
@LogTypeName322[String] = 数据操作
@LogTypeId323[Int32] = 101
@LogId324[Guid] = cd95ca42-5e53-4a34-afac-c66e7260fd76



#############################################################################

1、时间：2016-11-22 19:19:53,229
2、优先级别：DEBUG
3、线程ID：8
4、耗时：285640
5、行号：140
6、文件名：f:\Net_Project.DosORM\Project\Dos.ORM\Dos.ORM.Common\Helpers\LogHelper.cs
7、详细信息：
Text:	 SELECT count(*) as r_cnt FROM [SYS_Operator] WHERE (([SYS_Operator].[Status] = @Status325) AND ([SYS_Operator].[Account] <> @Account326)) AND ([SYS_Operator].[CompanyId] = @CompanyId327)	
Parameters:
@Status325[Int32] = 1
@Account326[String] = admin
@CompanyId327[Guid] = 078736e6-0cc2-48dc-80f1-6330419b4af1



#############################################################################

1、时间：2016-11-22 19:19:53,230
2、优先级别：DEBUG
3、线程ID：8
4、耗时：285641
5、行号：140
6、文件名：f:\Net_Project.DosORM\Project\Dos.ORM\Dos.ORM.Common\Helpers\LogHelper.cs
7、详细信息：
Text:	 SELECT   TOP 15 * FROM [SYS_Operator]  WHERE (([SYS_Operator].[Status] = @Status325) AND ([SYS_Operator].[Account] <> @Account326)) AND ([SYS_Operator].[CompanyId] = @CompanyId327) ORDER BY [SYS_Operator].[CrtTime] DESC 	
Parameters:
@Status325[Int32] = 1
@Account326[String] = admin
@CompanyId327[Guid] = 078736e6-0cc2-48dc-80f1-6330419b4af1



#############################################################################

1、时间：2016-11-22 19:19:53,277
2、优先级别：DEBUG
3、线程ID：8
4、耗时：285688
5、行号：140
6、文件名：f:\Net_Project.DosORM\Project\Dos.ORM\Dos.ORM.Common\Helpers\LogHelper.cs
7、详细信息：
Text:	INSERT INTO [SYS_LogInfo] ([Desc],[OptResultName],[OptResultId],[OptTypeName],[OptTypeId],[OptModulePath],[OptModuleName],[Status],[Mac],[IP],[Browser],[OptSystem],[OptTime],[OptUserName],[OptUserId],[DataId],[CompanyId],[LogTypeName],[LogTypeId],[LogId]) VALUES (@Desc328,@OptResultName329,@OptResultId330,@OptTypeName331,@OptTypeId332,@OptModulePath333,@OptModuleName334,@Status335,@Mac336,@IP337,@Browser338,@OptSystem339,@OptTime340,@OptUserName341,@OptUserId342,@DataId343,@CompanyId344,@LogTypeName345,@LogTypeId346,@LogId347)	
Parameters:
@Desc328[String] = 数据查询成功！
@OptResultName329[String] = 操作成功
@OptResultId330[Int32] = 100
@OptTypeName331[String] = 查询
@OptTypeId332[Int32] = 1003
@OptModulePath333[String] = /MsSys/Operator/GetList
@OptModuleName334[String] = 管理员管理
@Status335[Int32] = 1
@Mac336[String] = 40:8D:5C:30:F1:7D
@IP337[String] = 192.168.0.160
@Browser338[String] = Chrome 38.0
@OptSystem339[String] = Windows 7
@OptTime340[DateTime] = 2016/11/22 19:19:53
@OptUserName341[String] = 秦波
@OptUserId342[Guid] = 0ad06755-9fde-4ddd-9dcb-448462155a03
@DataId343[String] = 
@CompanyId344[Guid] = 078736e6-0cc2-48dc-80f1-6330419b4af1
@LogTypeName345[String] = 数据操作
@LogTypeId346[Int32] = 101
@LogId347[Guid] = 912f7df7-8708-4b4a-9650-82949ab3b654



#############################################################################

1、时间：2016-11-22 19:20:10,269
2、优先级别：DEBUG
3、线程ID：13
4、耗时：302681
5、行号：140
6、文件名：f:\Net_Project.DosORM\Project\Dos.ORM\Dos.ORM.Common\Helpers\LogHelper.cs
7、详细信息：
Text:	 SELECT count(*) as r_cnt FROM [SYS_Module] WHERE [SYS_Module].[Status] = @Status348	
Parameters:
@Status348[Int32] = 1



#############################################################################

1、时间：2016-11-22 19:20:10,287
2、优先级别：DEBUG
3、线程ID：13
4、耗时：302699
5、行号：140
6、文件名：f:\Net_Project.DosORM\Project\Dos.ORM\Dos.ORM.Common\Helpers\LogHelper.cs
7、详细信息：
Text:	 SELECT   TOP 1000 * FROM [SYS_Module]  WHERE [SYS_Module].[Status] = @Status348 ORDER BY [SYS_Module].[SortNo] ASC 	
Parameters:
@Status348[Int32] = 1



#############################################################################

1、时间：2016-11-22 19:20:10,365
2、优先级别：DEBUG
3、线程ID：13
4、耗时：302777
5、行号：140
6、文件名：f:\Net_Project.DosORM\Project\Dos.ORM\Dos.ORM.Common\Helpers\LogHelper.cs
7、详细信息：
Text:	INSERT INTO [SYS_LogInfo] ([Desc],[OptResultName],[OptResultId],[OptTypeName],[OptTypeId],[OptModulePath],[OptModuleName],[Status],[Mac],[IP],[Browser],[OptSystem],[OptTime],[OptUserName],[OptUserId],[DataId],[CompanyId],[LogTypeName],[LogTypeId],[LogId]) VALUES (@Desc349,@OptResultName350,@OptResultId351,@OptTypeName352,@OptTypeId353,@OptModulePath354,@OptModuleName355,@Status356,@Mac357,@IP358,@Browser359,@OptSystem360,@OptTime361,@OptUserName362,@OptUserId363,@DataId364,@CompanyId365,@LogTypeName366,@LogTypeId367,@LogId368)	
Parameters:
@Desc349[String] = 数据查询成功！
@OptResultName350[String] = 操作成功
@OptResultId351[Int32] = 100
@OptTypeName352[String] = 查询
@OptTypeId353[Int32] = 1003
@OptModulePath354[String] = /MsSys/Module/GetList
@OptModuleName355[String] = 模块管理
@Status356[Int32] = 1
@Mac357[String] = 40:8D:5C:30:F1:7D
@IP358[String] = 192.168.0.160
@Browser359[String] = Chrome 38.0
@OptSystem360[String] = Windows 7
@OptTime361[DateTime] = 2016/11/22 19:20:10
@OptUserName362[String] = 秦波
@OptUserId363[Guid] = 0ad06755-9fde-4ddd-9dcb-448462155a03
@DataId364[String] = 
@CompanyId365[Guid] = 078736e6-0cc2-48dc-80f1-6330419b4af1
@LogTypeName366[String] = 数据操作
@LogTypeId367[Int32] = 101
@LogId368[Guid] = e41bc43a-d9ca-4983-814a-f7c0229dd275



#############################################################################

1、时间：2016-11-22 19:20:12,273
2、优先级别：DEBUG
3、线程ID：18
4、耗时：304684
5、行号：140
6、文件名：f:\Net_Project.DosORM\Project\Dos.ORM\Dos.ORM.Common\Helpers\LogHelper.cs
7、详细信息：
Text:	 SELECT count(*) as r_cnt FROM [SYS_Button] WHERE [SYS_Button].[Status] = @Status369	
Parameters:
@Status369[Int32] = 1



#############################################################################

1、时间：2016-11-22 19:20:12,278
2、优先级别：DEBUG
3、线程ID：18
4、耗时：304689
5、行号：140
6、文件名：f:\Net_Project.DosORM\Project\Dos.ORM\Dos.ORM.Common\Helpers\LogHelper.cs
7、详细信息：
Text:	 SELECT   TOP 15 * FROM [SYS_Button]  WHERE [SYS_Button].[Status] = @Status369 ORDER BY [SYS_Button].[CrtTime] DESC 	
Parameters:
@Status369[Int32] = 1



#############################################################################

1、时间：2016-11-22 19:20:15,788
2、优先级别：DEBUG
3、线程ID：8
4、耗时：308200
5、行号：140
6、文件名：f:\Net_Project.DosORM\Project\Dos.ORM\Dos.ORM.Common\Helpers\LogHelper.cs
7、详细信息：
Text:	 SELECT   * FROM [v_SYS_LogInfoRpt]  WHERE  1=1  	



#############################################################################

1、时间：2016-11-22 19:20:38,112
2、优先级别：DEBUG
3、线程ID：18
4、耗时：330523
5、行号：140
6、文件名：f:\Net_Project.DosORM\Project\Dos.ORM\Dos.ORM.Common\Helpers\LogHelper.cs
7、详细信息：
Text:	 SELECT count(*) as r_cnt FROM [SYS_Button] WHERE [SYS_Button].[Status] = @Status370	
Parameters:
@Status370[Int32] = 1



#############################################################################

1、时间：2016-11-22 19:20:38,112
2、优先级别：DEBUG
3、线程ID：18
4、耗时：330523
5、行号：140
6、文件名：f:\Net_Project.DosORM\Project\Dos.ORM\Dos.ORM.Common\Helpers\LogHelper.cs
7、详细信息：
Text:	 SELECT   TOP 15 * FROM [SYS_Button]  WHERE [SYS_Button].[Status] = @Status370 ORDER BY [SYS_Button].[CrtTime] DESC 	
Parameters:
@Status370[Int32] = 1



#############################################################################

1、时间：2016-11-22 19:20:44,461
2、优先级别：DEBUG
3、线程ID：17
4、耗时：336872
5、行号：140
6、文件名：f:\Net_Project.DosORM\Project\Dos.ORM\Dos.ORM.Common\Helpers\LogHelper.cs
7、详细信息：
Text:	 SELECT   * FROM [v_SYS_LogInfoRpt]  WHERE  1=1  	



#############################################################################

1、时间：2016-11-22 19:20:55,644
2、优先级别：DEBUG
3、线程ID：12
4、耗时：348056
5、行号：140
6、文件名：f:\Net_Project.DosORM\Project\Dos.ORM\Dos.ORM.Common\Helpers\LogHelper.cs
7、详细信息：
Text:	 SELECT count(*) as r_cnt FROM [SYS_Department] WHERE ([SYS_Department].[Status] = @Status371) AND ([SYS_Department].[CompanyId] = @CompanyId372)	
Parameters:
@Status371[Int32] = 1
@CompanyId372[Guid] = 078736e6-0cc2-48dc-80f1-6330419b4af1



#############################################################################

1、时间：2016-11-22 19:20:55,660
2、优先级别：DEBUG
3、线程ID：12
4、耗时：348072
5、行号：140
6、文件名：f:\Net_Project.DosORM\Project\Dos.ORM\Dos.ORM.Common\Helpers\LogHelper.cs
7、详细信息：
Text:	 SELECT   TOP 15 * FROM [SYS_Department]  WHERE ([SYS_Department].[Status] = @Status371) AND ([SYS_Department].[CompanyId] = @CompanyId372) ORDER BY [SYS_Department].[CrtTime] DESC 	
Parameters:
@Status371[Int32] = 1
@CompanyId372[Guid] = 078736e6-0cc2-48dc-80f1-6330419b4af1



#############################################################################

1、时间：2016-11-22 19:20:55,698
2、优先级别：DEBUG
3、线程ID：12
4、耗时：348110
5、行号：140
6、文件名：f:\Net_Project.DosORM\Project\Dos.ORM\Dos.ORM.Common\Helpers\LogHelper.cs
7、详细信息：
Text:	INSERT INTO [SYS_LogInfo] ([Desc],[OptResultName],[OptResultId],[OptTypeName],[OptTypeId],[OptModulePath],[OptModuleName],[Status],[Mac],[IP],[Browser],[OptSystem],[OptTime],[OptUserName],[OptUserId],[DataId],[CompanyId],[LogTypeName],[LogTypeId],[LogId]) VALUES (@Desc373,@OptResultName374,@OptResultId375,@OptTypeName376,@OptTypeId377,@OptModulePath378,@OptModuleName379,@Status380,@Mac381,@IP382,@Browser383,@OptSystem384,@OptTime385,@OptUserName386,@OptUserId387,@DataId388,@CompanyId389,@LogTypeName390,@LogTypeId391,@LogId392)	
Parameters:
@Desc373[String] = 数据查询成功！
@OptResultName374[String] = 操作成功
@OptResultId375[Int32] = 100
@OptTypeName376[String] = 查询
@OptTypeId377[Int32] = 1003
@OptModulePath378[String] = /MsSys/Department/GetList
@OptModuleName379[String] = 部门管理
@Status380[Int32] = 1
@Mac381[String] = 40:8D:5C:30:F1:7D
@IP382[String] = 192.168.0.160
@Browser383[String] = Chrome 38.0
@OptSystem384[String] = Windows 7
@OptTime385[DateTime] = 2016/11/22 19:20:55
@OptUserName386[String] = 秦波
@OptUserId387[Guid] = 0ad06755-9fde-4ddd-9dcb-448462155a03
@DataId388[String] = 
@CompanyId389[Guid] = 078736e6-0cc2-48dc-80f1-6330419b4af1
@LogTypeName390[String] = 数据操作
@LogTypeId391[Int32] = 101
@LogId392[Guid] = 6486b942-1ce1-45d4-aad1-383d85101c56



#############################################################################

1、时间：2016-11-22 19:20:56,630
2、优先级别：DEBUG
3、线程ID：25
4、耗时：349042
5、行号：140
6、文件名：f:\Net_Project.DosORM\Project\Dos.ORM\Dos.ORM.Common\Helpers\LogHelper.cs
7、详细信息：
Text:	 SELECT count(*) as r_cnt FROM [SYS_Post] WHERE ([SYS_Post].[Status] = @Status393) AND ([SYS_Post].[CompanyId] = @CompanyId394)	
Parameters:
@Status393[Int32] = 1
@CompanyId394[Guid] = 078736e6-0cc2-48dc-80f1-6330419b4af1



#############################################################################

1、时间：2016-11-22 19:20:56,646
2、优先级别：DEBUG
3、线程ID：25
4、耗时：349057
5、行号：140
6、文件名：f:\Net_Project.DosORM\Project\Dos.ORM\Dos.ORM.Common\Helpers\LogHelper.cs
7、详细信息：
Text:	 SELECT   TOP 15 * FROM [SYS_Post]  WHERE ([SYS_Post].[Status] = @Status393) AND ([SYS_Post].[CompanyId] = @CompanyId394) ORDER BY [SYS_Post].[CrtTime] DESC 	
Parameters:
@Status393[Int32] = 1
@CompanyId394[Guid] = 078736e6-0cc2-48dc-80f1-6330419b4af1



#############################################################################

1、时间：2016-11-22 19:20:56,683
2、优先级别：DEBUG
3、线程ID：25
4、耗时：349095
5、行号：140
6、文件名：f:\Net_Project.DosORM\Project\Dos.ORM\Dos.ORM.Common\Helpers\LogHelper.cs
7、详细信息：
Text:	INSERT INTO [SYS_LogInfo] ([Desc],[OptResultName],[OptResultId],[OptTypeName],[OptTypeId],[OptModulePath],[OptModuleName],[Status],[Mac],[IP],[Browser],[OptSystem],[OptTime],[OptUserName],[OptUserId],[DataId],[CompanyId],[LogTypeName],[LogTypeId],[LogId]) VALUES (@Desc395,@OptResultName396,@OptResultId397,@OptTypeName398,@OptTypeId399,@OptModulePath400,@OptModuleName401,@Status402,@Mac403,@IP404,@Browser405,@OptSystem406,@OptTime407,@OptUserName408,@OptUserId409,@DataId410,@CompanyId411,@LogTypeName412,@LogTypeId413,@LogId414)	
Parameters:
@Desc395[String] = 数据查询成功！
@OptResultName396[String] = 操作成功
@OptResultId397[Int32] = 100
@OptTypeName398[String] = 查询
@OptTypeId399[Int32] = 1003
@OptModulePath400[String] = /MsSys/Post/GetList
@OptModuleName401[String] = 岗位管理
@Status402[Int32] = 1
@Mac403[String] = 40:8D:5C:30:F1:7D
@IP404[String] = 192.168.0.160
@Browser405[String] = Chrome 38.0
@OptSystem406[String] = Windows 7
@OptTime407[DateTime] = 2016/11/22 19:20:56
@OptUserName408[String] = 秦波
@OptUserId409[Guid] = 0ad06755-9fde-4ddd-9dcb-448462155a03
@DataId410[String] = 
@CompanyId411[Guid] = 078736e6-0cc2-48dc-80f1-6330419b4af1
@LogTypeName412[String] = 数据操作
@LogTypeId413[Int32] = 101
@LogId414[Guid] = ee93be84-b656-4e35-8c04-3d9029017c3b



#############################################################################

1、时间：2016-11-22 19:21:13,328
2、优先级别：DEBUG
3、线程ID：19
4、耗时：365740
5、行号：140
6、文件名：f:\Net_Project.DosORM\Project\Dos.ORM\Dos.ORM.Common\Helpers\LogHelper.cs
7、详细信息：
Text:	UPDATE [SYS_Operator] SET [ThemeName]=@ThemeName416 WHERE [SYS_Operator].[OperatorId] = @OperatorId415	
Parameters:
@ThemeName416[String] = sandybrown
@OperatorId415[Guid] = 0ad06755-9fde-4ddd-9dcb-448462155a03



#############################################################################

1、时间：2016-11-22 19:21:18,014
2、优先级别：DEBUG
3、线程ID：13
4、耗时：370426
5、行号：140
6、文件名：f:\Net_Project.DosORM\Project\Dos.ORM\Dos.ORM.Common\Helpers\LogHelper.cs
7、详细信息：
Text:	UPDATE [SYS_Operator] SET [ThemeName]=@ThemeName418 WHERE [SYS_Operator].[OperatorId] = @OperatorId417	
Parameters:
@ThemeName418[String] = violet
@OperatorId417[Guid] = 0ad06755-9fde-4ddd-9dcb-448462155a03



#############################################################################

1、时间：2016-11-22 19:21:37,350
2、优先级别：DEBUG
3、线程ID：27
4、耗时：389762
5、行号：140
6、文件名：f:\Net_Project.DosORM\Project\Dos.ORM\Dos.ORM.Common\Helpers\LogHelper.cs
7、详细信息：
Text:	 SELECT   TOP 1 * FROM [SYS_Button]  WHERE [SYS_Button].[ButtonId] = @ButtonId419 	
Parameters:
@ButtonId419[Guid] = 03017278-895f-4a4f-a10d-67258d646d2b



#############################################################################

1、时间：2016-11-22 19:21:41,648
2、优先级别：DEBUG
3、线程ID：17
4、耗时：394060
5、行号：140
6、文件名：f:\Net_Project.DosORM\Project\Dos.ORM\Dos.ORM.Common\Helpers\LogHelper.cs
7、详细信息：
Text:	 SELECT   TOP 1 * FROM [SYS_Button]  WHERE [SYS_Button].[ButtonId] = @ButtonId420 	
Parameters:
@ButtonId420[Guid] = 03017278-895f-4a4f-a10d-67258d646d2b



#############################################################################

1、时间：2016-11-22 19:21:49,292
2、优先级别：DEBUG
3、线程ID：12
4、耗时：401704
5、行号：140
6、文件名：f:\Net_Project.DosORM\Project\Dos.ORM\Dos.ORM.Common\Helpers\LogHelper.cs
7、详细信息：
Text:	 SELECT   TOP 1 * FROM [SYS_Button]  WHERE [SYS_Button].[ButtonId] = @ButtonId421 	
Parameters:
@ButtonId421[Guid] = b6b10b7d-a2c2-49ab-99bc-dba5f69a9964



#############################################################################

1、时间：2016-11-22 19:22:31,537
2、优先级别：DEBUG
3、线程ID：28
4、耗时：443949
5、行号：140
6、文件名：f:\Net_Project.DosORM\Project\Dos.ORM\Dos.ORM.Common\Helpers\LogHelper.cs
7、详细信息：
Text:	 SELECT   TOP 1 * FROM [SYS_Button]  WHERE [SYS_Button].[ButtonId] = @ButtonId422 	
Parameters:
@ButtonId422[Guid] = b6b10b7d-a2c2-49ab-99bc-dba5f69a9964



#############################################################################

1、时间：2016-11-22 19:23:21,949
2、优先级别：DEBUG
3、线程ID：25
4、耗时：494361
5、行号：140
6、文件名：f:\Net_Project.DosORM\Project\Dos.ORM\Dos.ORM.Common\Helpers\LogHelper.cs
7、详细信息：
Text:	 SELECT   TOP 1 * FROM [SYS_Button]  WHERE [SYS_Button].[ButtonId] = @ButtonId423 	
Parameters:
@ButtonId423[Guid] = b6b10b7d-a2c2-49ab-99bc-dba5f69a9964



#############################################################################

1、时间：2016-11-22 19:23:25,873
2、优先级别：DEBUG
3、线程ID：18
4、耗时：498284
5、行号：140
6、文件名：f:\Net_Project.DosORM\Project\Dos.ORM\Dos.ORM.Common\Helpers\LogHelper.cs
7、详细信息：
Text:	 SELECT count(*) as r_cnt FROM [SYS_Button] WHERE [SYS_Button].[Status] = @Status424	
Parameters:
@Status424[Int32] = 1



#############################################################################

1、时间：2016-11-22 19:23:25,873
2、优先级别：DEBUG
3、线程ID：18
4、耗时：498284
5、行号：140
6、文件名：f:\Net_Project.DosORM\Project\Dos.ORM\Dos.ORM.Common\Helpers\LogHelper.cs
7、详细信息：
Text:	 SELECT   TOP 15 * FROM [SYS_Button]  WHERE [SYS_Button].[Status] = @Status424 ORDER BY [SYS_Button].[CrtTime] DESC 	
Parameters:
@Status424[Int32] = 1



#############################################################################

1、时间：2016-11-22 19:23:27,573
2、优先级别：DEBUG
3、线程ID：30
4、耗时：499984
5、行号：140
6、文件名：f:\Net_Project.DosORM\Project\Dos.ORM\Dos.ORM.Common\Helpers\LogHelper.cs
7、详细信息：
Text:	 SELECT count(*) as r_cnt FROM [SYS_Button] WHERE [SYS_Button].[Status] = @Status425	
Parameters:
@Status425[Int32] = 1



#############################################################################

1、时间：2016-11-22 19:23:27,573
2、优先级别：DEBUG
3、线程ID：30
4、耗时：499984
5、行号：140
6、文件名：f:\Net_Project.DosORM\Project\Dos.ORM\Dos.ORM.Common\Helpers\LogHelper.cs
7、详细信息：
Text:	 SELECT   TOP 15 * FROM [SYS_Button]  WHERE [SYS_Button].[Status] = @Status425 ORDER BY [SYS_Button].[CrtTime] DESC 	
Parameters:
@Status425[Int32] = 1



#############################################################################

1、时间：2016-11-22 19:23:28,458
2、优先级别：DEBUG
3、线程ID：31
4、耗时：500869
5、行号：140
6、文件名：f:\Net_Project.DosORM\Project\Dos.ORM\Dos.ORM.Common\Helpers\LogHelper.cs
7、详细信息：
Text:	 SELECT count(*) as r_cnt FROM [SYS_Button] WHERE [SYS_Button].[Status] = @Status426	
Parameters:
@Status426[Int32] = 1



#############################################################################

1、时间：2016-11-22 19:23:28,458
2、优先级别：DEBUG
3、线程ID：31
4、耗时：500869
5、行号：140
6、文件名：f:\Net_Project.DosORM\Project\Dos.ORM\Dos.ORM.Common\Helpers\LogHelper.cs
7、详细信息：
Text:	 SELECT   TOP 15 * FROM [SYS_Button]  WHERE [SYS_Button].[Status] = @Status426 ORDER BY [SYS_Button].[CrtTime] DESC 	
Parameters:
@Status426[Int32] = 1



#############################################################################

1、时间：2016-11-22 19:23:31,043
2、优先级别：DEBUG
3、线程ID：8
4、耗时：503455
5、行号：140
6、文件名：f:\Net_Project.DosORM\Project\Dos.ORM\Dos.ORM.Common\Helpers\LogHelper.cs
7、详细信息：
Text:	 SELECT count(*) as r_cnt FROM [SYS_Button] WHERE ([SYS_Button].[Status] = @Status427) AND ([SYS_Button].[ButtonType] = @ButtonType428)	
Parameters:
@Status427[Int32] = 1
@ButtonType428[Int32] = 200



#############################################################################

1、时间：2016-11-22 19:23:31,043
2、优先级别：DEBUG
3、线程ID：8
4、耗时：503455
5、行号：140
6、文件名：f:\Net_Project.DosORM\Project\Dos.ORM\Dos.ORM.Common\Helpers\LogHelper.cs
7、详细信息：
Text:	 SELECT   TOP 15 * FROM [SYS_Button]  WHERE ([SYS_Button].[Status] = @Status427) AND ([SYS_Button].[ButtonType] = @ButtonType428) ORDER BY [SYS_Button].[CrtTime] DESC 	
Parameters:
@Status427[Int32] = 1
@ButtonType428[Int32] = 200



#############################################################################

1、时间：2016-11-22 19:23:32,691
2、优先级别：DEBUG
3、线程ID：25
4、耗时：505103
5、行号：140
6、文件名：f:\Net_Project.DosORM\Project\Dos.ORM\Dos.ORM.Common\Helpers\LogHelper.cs
7、详细信息：
Text:	 SELECT count(*) as r_cnt FROM [SYS_Button] WHERE ([SYS_Button].[Status] = @Status429) AND ([SYS_Button].[ButtonType] = @ButtonType430)	
Parameters:
@Status429[Int32] = 1
@ButtonType430[Int32] = 200



#############################################################################

1、时间：2016-11-22 19:23:32,691
2、优先级别：DEBUG
3、线程ID：25
4、耗时：505103
5、行号：140
6、文件名：f:\Net_Project.DosORM\Project\Dos.ORM\Dos.ORM.Common\Helpers\LogHelper.cs
7、详细信息：
Text:	 SELECT   TOP 15 * FROM [SYS_Button]  WHERE ([SYS_Button].[Status] = @Status429) AND ([SYS_Button].[ButtonType] = @ButtonType430) ORDER BY [SYS_Button].[CrtTime] DESC 	
Parameters:
@Status429[Int32] = 1
@ButtonType430[Int32] = 200



#############################################################################

1、时间：2016-11-22 19:23:34,377
2、优先级别：DEBUG
3、线程ID：12
4、耗时：506789
5、行号：140
6、文件名：f:\Net_Project.DosORM\Project\Dos.ORM\Dos.ORM.Common\Helpers\LogHelper.cs
7、详细信息：
Text:	 SELECT count(*) as r_cnt FROM [SYS_Button] WHERE [SYS_Button].[Status] = @Status431	
Parameters:
@Status431[Int32] = 1



#############################################################################

1、时间：2016-11-22 19:23:34,393
2、优先级别：DEBUG
3、线程ID：12
4、耗时：506804
5、行号：140
6、文件名：f:\Net_Project.DosORM\Project\Dos.ORM\Dos.ORM.Common\Helpers\LogHelper.cs
7、详细信息：
Text:	 SELECT   TOP 15 * FROM [SYS_Button]  WHERE [SYS_Button].[Status] = @Status431 ORDER BY [SYS_Button].[CrtTime] DESC 	
Parameters:
@Status431[Int32] = 1



#############################################################################

1、时间：2016-11-22 19:23:37,728
2、优先级别：DEBUG
3、线程ID：29
4、耗时：510140
5、行号：140
6、文件名：f:\Net_Project.DosORM\Project\Dos.ORM\Dos.ORM.Common\Helpers\LogHelper.cs
7、详细信息：
Text:	 SELECT count(*) as r_cnt FROM [SYS_Button] WHERE [SYS_Button].[Status] = @Status432	
Parameters:
@Status432[Int32] = 1



#############################################################################

1、时间：2016-11-22 19:23:37,732
2、优先级别：DEBUG
3、线程ID：29
4、耗时：510143
5、行号：140
6、文件名：f:\Net_Project.DosORM\Project\Dos.ORM\Dos.ORM.Common\Helpers\LogHelper.cs
7、详细信息：
Text:	 SELECT   TOP 15 * FROM [SYS_Button]  WHERE [SYS_Button].[Status] = @Status432 ORDER BY [SYS_Button].[CrtTime] DESC 	
Parameters:
@Status432[Int32] = 1



#############################################################################

1、时间：2016-11-22 19:23:45,055
2、优先级别：DEBUG
3、线程ID：25
4、耗时：517466
5、行号：140
6、文件名：f:\Net_Project.DosORM\Project\Dos.ORM\Dos.ORM.Common\Helpers\LogHelper.cs
7、详细信息：
Text:	 SELECT   TOP 1 * FROM [SYS_Button]  WHERE [SYS_Button].[ButtonId] = @ButtonId433 	
Parameters:
@ButtonId433[Guid] = 03017278-895f-4a4f-a10d-67258d646d2b



#############################################################################

1、时间：2016-11-22 19:23:48,669
2、优先级别：DEBUG
3、线程ID：27
4、耗时：521081
5、行号：140
6、文件名：f:\Net_Project.DosORM\Project\Dos.ORM\Dos.ORM.Common\Helpers\LogHelper.cs
7、详细信息：
Text:	 SELECT count(*) as r_cnt FROM [SYS_Role] WHERE ([SYS_Role].[Status] = @Status434) AND ([SYS_Role].[CompanyId] = @CompanyId435)	
Parameters:
@Status434[Int32] = 1
@CompanyId435[Guid] = 078736e6-0cc2-48dc-80f1-6330419b4af1



#############################################################################

1、时间：2016-11-22 19:23:48,675
2、优先级别：DEBUG
3、线程ID：27
4、耗时：521087
5、行号：140
6、文件名：f:\Net_Project.DosORM\Project\Dos.ORM\Dos.ORM.Common\Helpers\LogHelper.cs
7、详细信息：
Text:	 SELECT   TOP 15 * FROM [SYS_Role]  WHERE ([SYS_Role].[Status] = @Status434) AND ([SYS_Role].[CompanyId] = @CompanyId435) ORDER BY [SYS_Role].[CrtTime] DESC 	
Parameters:
@Status434[Int32] = 1
@CompanyId435[Guid] = 078736e6-0cc2-48dc-80f1-6330419b4af1



#############################################################################

1、时间：2016-11-22 19:23:48,735
2、优先级别：DEBUG
3、线程ID：27
4、耗时：521147
5、行号：140
6、文件名：f:\Net_Project.DosORM\Project\Dos.ORM\Dos.ORM.Common\Helpers\LogHelper.cs
7、详细信息：
Text:	INSERT INTO [SYS_LogInfo] ([Desc],[OptResultName],[OptResultId],[OptTypeName],[OptTypeId],[OptModulePath],[OptModuleName],[Status],[Mac],[IP],[Browser],[OptSystem],[OptTime],[OptUserName],[OptUserId],[DataId],[CompanyId],[LogTypeName],[LogTypeId],[LogId]) VALUES (@Desc436,@OptResultName437,@OptResultId438,@OptTypeName439,@OptTypeId440,@OptModulePath441,@OptModuleName442,@Status443,@Mac444,@IP445,@Browser446,@OptSystem447,@OptTime448,@OptUserName449,@OptUserId450,@DataId451,@CompanyId452,@LogTypeName453,@LogTypeId454,@LogId455)	
Parameters:
@Desc436[String] = 数据查询成功！
@OptResultName437[String] = 操作成功
@OptResultId438[Int32] = 100
@OptTypeName439[String] = 查询
@OptTypeId440[Int32] = 1003
@OptModulePath441[String] = /MsSys/Role/GetList
@OptModuleName442[String] = 角色管理
@Status443[Int32] = 1
@Mac444[String] = 40:8D:5C:30:F1:7D
@IP445[String] = 192.168.0.160
@Browser446[String] = Chrome 38.0
@OptSystem447[String] = Windows 7
@OptTime448[DateTime] = 2016/11/22 19:23:48
@OptUserName449[String] = 秦波
@OptUserId450[Guid] = 0ad06755-9fde-4ddd-9dcb-448462155a03
@DataId451[String] = 
@CompanyId452[Guid] = 078736e6-0cc2-48dc-80f1-6330419b4af1
@LogTypeName453[String] = 数据操作
@LogTypeId454[Int32] = 101
@LogId455[Guid] = 1753ba91-861f-490e-a323-55a941652ecd



#############################################################################

1、时间：2016-11-22 19:24:35,327
2、优先级别：DEBUG
3、线程ID：12
4、耗时：567739
5、行号：140
6、文件名：f:\Net_Project.DosORM\Project\Dos.ORM\Dos.ORM.Common\Helpers\LogHelper.cs
7、详细信息：
Text:	 SELECT count(*) as r_cnt FROM [SYS_Operator] WHERE (([SYS_Operator].[Status] = @Status456) AND ([SYS_Operator].[Account] <> @Account457)) AND ([SYS_Operator].[CompanyId] = @CompanyId458)	
Parameters:
@Status456[Int32] = 1
@Account457[String] = admin
@CompanyId458[Guid] = 078736e6-0cc2-48dc-80f1-6330419b4af1



#############################################################################

1、时间：2016-11-22 19:24:35,343
2、优先级别：DEBUG
3、线程ID：12
4、耗时：567755
5、行号：140
6、文件名：f:\Net_Project.DosORM\Project\Dos.ORM\Dos.ORM.Common\Helpers\LogHelper.cs
7、详细信息：
Text:	 SELECT   TOP 15 * FROM [SYS_Operator]  WHERE (([SYS_Operator].[Status] = @Status456) AND ([SYS_Operator].[Account] <> @Account457)) AND ([SYS_Operator].[CompanyId] = @CompanyId458) ORDER BY [SYS_Operator].[CrtTime] DESC 	
Parameters:
@Status456[Int32] = 1
@Account457[String] = admin
@CompanyId458[Guid] = 078736e6-0cc2-48dc-80f1-6330419b4af1



#############################################################################

1、时间：2016-11-22 19:24:35,359
2、优先级别：DEBUG
3、线程ID：12
4、耗时：567770
5、行号：140
6、文件名：f:\Net_Project.DosORM\Project\Dos.ORM\Dos.ORM.Common\Helpers\LogHelper.cs
7、详细信息：
Text:	INSERT INTO [SYS_LogInfo] ([Desc],[OptResultName],[OptResultId],[OptTypeName],[OptTypeId],[OptModulePath],[OptModuleName],[Status],[Mac],[IP],[Browser],[OptSystem],[OptTime],[OptUserName],[OptUserId],[DataId],[CompanyId],[LogTypeName],[LogTypeId],[LogId]) VALUES (@Desc459,@OptResultName460,@OptResultId461,@OptTypeName462,@OptTypeId463,@OptModulePath464,@OptModuleName465,@Status466,@Mac467,@IP468,@Browser469,@OptSystem470,@OptTime471,@OptUserName472,@OptUserId473,@DataId474,@CompanyId475,@LogTypeName476,@LogTypeId477,@LogId478)	
Parameters:
@Desc459[String] = 数据查询成功！
@OptResultName460[String] = 操作成功
@OptResultId461[Int32] = 100
@OptTypeName462[String] = 查询
@OptTypeId463[Int32] = 1003
@OptModulePath464[String] = /MsSys/Operator/GetList
@OptModuleName465[String] = 管理员管理
@Status466[Int32] = 1
@Mac467[String] = 40:8D:5C:30:F1:7D
@IP468[String] = 192.168.0.160
@Browser469[String] = Chrome 38.0
@OptSystem470[String] = Windows 7
@OptTime471[DateTime] = 2016/11/22 19:24:35
@OptUserName472[String] = 秦波
@OptUserId473[Guid] = 0ad06755-9fde-4ddd-9dcb-448462155a03
@DataId474[String] = 
@CompanyId475[Guid] = 078736e6-0cc2-48dc-80f1-6330419b4af1
@LogTypeName476[String] = 数据操作
@LogTypeId477[Int32] = 101
@LogId478[Guid] = bc901550-e5ef-4a3e-ae70-49e86a6f0597



#############################################################################

1、时间：2016-11-22 19:24:41,233
2、优先级别：DEBUG
3、线程ID：27
4、耗时：573644
5、行号：140
6、文件名：f:\Net_Project.DosORM\Project\Dos.ORM\Dos.ORM.Common\Helpers\LogHelper.cs
7、详细信息：
Text:	DELETE FROM [SYS_OperatorRoleRelation] WHERE [SYS_OperatorRoleRelation].[OperatorId] IN (@OperatorId479)	
Parameters:
@OperatorId479[Guid] = e8918b75-7fb9-46c9-b8e4-2c0f3b632b72



#############################################################################

1、时间：2016-11-22 19:24:41,248
2、优先级别：DEBUG
3、线程ID：27
4、耗时：573660
5、行号：140
6、文件名：f:\Net_Project.DosORM\Project\Dos.ORM\Dos.ORM.Common\Helpers\LogHelper.cs
7、详细信息：
Text:	DELETE FROM [SYS_OperatorDepartmentRelation] WHERE [SYS_OperatorDepartmentRelation].[OperatorId] IN (@OperatorId480)	
Parameters:
@OperatorId480[Guid] = e8918b75-7fb9-46c9-b8e4-2c0f3b632b72



#############################################################################

1、时间：2016-11-22 19:24:41,264
2、优先级别：DEBUG
3、线程ID：27
4、耗时：573676
5、行号：140
6、文件名：f:\Net_Project.DosORM\Project\Dos.ORM\Dos.ORM.Common\Helpers\LogHelper.cs
7、详细信息：
Text:	DELETE FROM [SYS_OperatorPostRelation] WHERE [SYS_OperatorPostRelation].[OperatorId] IN (@OperatorId481)	
Parameters:
@OperatorId481[Guid] = e8918b75-7fb9-46c9-b8e4-2c0f3b632b72



#############################################################################

1、时间：2016-11-22 19:24:41,264
2、优先级别：DEBUG
3、线程ID：27
4、耗时：573676
5、行号：140
6、文件名：f:\Net_Project.DosORM\Project\Dos.ORM\Dos.ORM.Common\Helpers\LogHelper.cs
7、详细信息：
Text:	DELETE FROM [SYS_Operator] WHERE [SYS_Operator].[OperatorId] = @OperatorId482	
Parameters:
@OperatorId482[Guid] = e8918b75-7fb9-46c9-b8e4-2c0f3b632b72



#############################################################################

1、时间：2016-11-22 19:24:41,348
2、优先级别：DEBUG
3、线程ID：27
4、耗时：573760
5、行号：140
6、文件名：f:\Net_Project.DosORM\Project\Dos.ORM\Dos.ORM.Common\Helpers\LogHelper.cs
7、详细信息：
Text:	INSERT INTO [SYS_LogInfo] ([Desc],[OptResultName],[OptResultId],[OptTypeName],[OptTypeId],[OptModulePath],[OptModuleName],[Status],[Mac],[IP],[Browser],[OptSystem],[OptTime],[OptUserName],[OptUserId],[DataId],[CompanyId],[LogTypeName],[LogTypeId],[LogId]) VALUES (@Desc483,@OptResultName484,@OptResultId485,@OptTypeName486,@OptTypeId487,@OptModulePath488,@OptModuleName489,@Status490,@Mac491,@IP492,@Browser493,@OptSystem494,@OptTime495,@OptUserName496,@OptUserId497,@DataId498,@CompanyId499,@LogTypeName500,@LogTypeId501,@LogId502)	
Parameters:
@Desc483[String] = 数据删除成功！
@OptResultName484[String] = 操作成功
@OptResultId485[Int32] = 100
@OptTypeName486[String] = 删除
@OptTypeId487[Int32] = 1005
@OptModulePath488[String] = /MsSys/Operator/DeleteData
@OptModuleName489[String] = 管理员管理
@Status490[Int32] = 1
@Mac491[String] = 40:8D:5C:30:F1:7D
@IP492[String] = 192.168.0.160
@Browser493[String] = Chrome 38.0
@OptSystem494[String] = Windows 7
@OptTime495[DateTime] = 2016/11/22 19:24:41
@OptUserName496[String] = 秦波
@OptUserId497[Guid] = 0ad06755-9fde-4ddd-9dcb-448462155a03
@DataId498[String] = 
@CompanyId499[Guid] = 078736e6-0cc2-48dc-80f1-6330419b4af1
@LogTypeName500[String] = 数据操作
@LogTypeId501[Int32] = 101
@LogId502[Guid] = c665080c-8729-4b3d-b52a-94a391458b90



#############################################################################

1、时间：2016-11-22 19:24:42,896
2、优先级别：DEBUG
3、线程ID：31
4、耗时：575307
5、行号：140
6、文件名：f:\Net_Project.DosORM\Project\Dos.ORM\Dos.ORM.Common\Helpers\LogHelper.cs
7、详细信息：
Text:	 SELECT count(*) as r_cnt FROM [SYS_Operator] WHERE (([SYS_Operator].[Status] = @Status503) AND ([SYS_Operator].[Account] <> @Account504)) AND ([SYS_Operator].[CompanyId] = @CompanyId505)	
Parameters:
@Status503[Int32] = 1
@Account504[String] = admin
@CompanyId505[Guid] = 078736e6-0cc2-48dc-80f1-6330419b4af1



#############################################################################

1、时间：2016-11-22 19:24:42,902
2、优先级别：DEBUG
3、线程ID：31
4、耗时：575313
5、行号：140
6、文件名：f:\Net_Project.DosORM\Project\Dos.ORM\Dos.ORM.Common\Helpers\LogHelper.cs
7、详细信息：
Text:	 SELECT   TOP 15 * FROM [SYS_Operator]  WHERE (([SYS_Operator].[Status] = @Status503) AND ([SYS_Operator].[Account] <> @Account504)) AND ([SYS_Operator].[CompanyId] = @CompanyId505) ORDER BY [SYS_Operator].[CrtTime] DESC 	
Parameters:
@Status503[Int32] = 1
@Account504[String] = admin
@CompanyId505[Guid] = 078736e6-0cc2-48dc-80f1-6330419b4af1



#############################################################################

1、时间：2016-11-22 19:24:42,934
2、优先级别：DEBUG
3、线程ID：31
4、耗时：575345
5、行号：140
6、文件名：f:\Net_Project.DosORM\Project\Dos.ORM\Dos.ORM.Common\Helpers\LogHelper.cs
7、详细信息：
Text:	INSERT INTO [SYS_LogInfo] ([Desc],[OptResultName],[OptResultId],[OptTypeName],[OptTypeId],[OptModulePath],[OptModuleName],[Status],[Mac],[IP],[Browser],[OptSystem],[OptTime],[OptUserName],[OptUserId],[DataId],[CompanyId],[LogTypeName],[LogTypeId],[LogId]) VALUES (@Desc506,@OptResultName507,@OptResultId508,@OptTypeName509,@OptTypeId510,@OptModulePath511,@OptModuleName512,@Status513,@Mac514,@IP515,@Browser516,@OptSystem517,@OptTime518,@OptUserName519,@OptUserId520,@DataId521,@CompanyId522,@LogTypeName523,@LogTypeId524,@LogId525)	
Parameters:
@Desc506[String] = 数据查询成功！
@OptResultName507[String] = 操作成功
@OptResultId508[Int32] = 100
@OptTypeName509[String] = 查询
@OptTypeId510[Int32] = 1003
@OptModulePath511[String] = /MsSys/Operator/GetList
@OptModuleName512[String] = 管理员管理
@Status513[Int32] = 1
@Mac514[String] = 40:8D:5C:30:F1:7D
@IP515[String] = 192.168.0.160
@Browser516[String] = Chrome 38.0
@OptSystem517[String] = Windows 7
@OptTime518[DateTime] = 2016/11/22 19:24:42
@OptUserName519[String] = 秦波
@OptUserId520[Guid] = 0ad06755-9fde-4ddd-9dcb-448462155a03
@DataId521[String] = 
@CompanyId522[Guid] = 078736e6-0cc2-48dc-80f1-6330419b4af1
@LogTypeName523[String] = 数据操作
@LogTypeId524[Int32] = 101
@LogId525[Guid] = c872475d-65c8-4eba-a18a-268b743d2182



#############################################################################

1、时间：2016-11-22 19:25:09,671
2、优先级别：DEBUG
3、线程ID：24
4、耗时：602082
5、行号：140
6、文件名：f:\Net_Project.DosORM\Project\Dos.ORM\Dos.ORM.Common\Helpers\LogHelper.cs
7、详细信息：
Text:	 SELECT count(*) as r_cnt FROM [BUS_LinkType] WHERE ([BUS_LinkType].[Status] = @Status526) AND ([BUS_LinkType].[CompanyId] = @CompanyId527)	
Parameters:
@Status526[Int32] = 1
@CompanyId527[Guid] = 078736e6-0cc2-48dc-80f1-6330419b4af1



#############################################################################

1、时间：2016-11-22 19:25:09,699
2、优先级别：DEBUG
3、线程ID：24
4、耗时：602110
5、行号：140
6、文件名：f:\Net_Project.DosORM\Project\Dos.ORM\Dos.ORM.Common\Helpers\LogHelper.cs
7、详细信息：
Text:	 SELECT   TOP 15 * FROM [BUS_LinkType]  WHERE ([BUS_LinkType].[Status] = @Status526) AND ([BUS_LinkType].[CompanyId] = @CompanyId527) ORDER BY [BUS_LinkType].[CrtTime] DESC 	
Parameters:
@Status526[Int32] = 1
@CompanyId527[Guid] = 078736e6-0cc2-48dc-80f1-6330419b4af1



#############################################################################

1、时间：2016-11-22 19:25:09,728
2、优先级别：DEBUG
3、线程ID：24
4、耗时：602139
5、行号：140
6、文件名：f:\Net_Project.DosORM\Project\Dos.ORM\Dos.ORM.Common\Helpers\LogHelper.cs
7、详细信息：
Text:	INSERT INTO [SYS_LogInfo] ([Desc],[OptResultName],[OptResultId],[OptTypeName],[OptTypeId],[OptModulePath],[OptModuleName],[Status],[Mac],[IP],[Browser],[OptSystem],[OptTime],[OptUserName],[OptUserId],[DataId],[CompanyId],[LogTypeName],[LogTypeId],[LogId]) VALUES (@Desc528,@OptResultName529,@OptResultId530,@OptTypeName531,@OptTypeId532,@OptModulePath533,@OptModuleName534,@Status535,@Mac536,@IP537,@Browser538,@OptSystem539,@OptTime540,@OptUserName541,@OptUserId542,@DataId543,@CompanyId544,@LogTypeName545,@LogTypeId546,@LogId547)	
Parameters:
@Desc528[String] = 数据查询成功！
@OptResultName529[String] = 操作成功
@OptResultId530[Int32] = 100
@OptTypeName531[String] = 查询
@OptTypeId532[Int32] = 1003
@OptModulePath533[String] = /MsBus/LinkType/GetList
@OptModuleName534[String] = 友情链接类型管理
@Status535[Int32] = 1
@Mac536[String] = 40:8D:5C:30:F1:7D
@IP537[String] = 192.168.0.160
@Browser538[String] = Chrome 38.0
@OptSystem539[String] = Windows 7
@OptTime540[DateTime] = 2016/11/22 19:25:09
@OptUserName541[String] = 秦波
@OptUserId542[Guid] = 0ad06755-9fde-4ddd-9dcb-448462155a03
@DataId543[String] = 
@CompanyId544[Guid] = 078736e6-0cc2-48dc-80f1-6330419b4af1
@LogTypeName545[String] = 数据操作
@LogTypeId546[Int32] = 101
@LogId547[Guid] = 2cfd8592-3be2-4ce4-9b9a-9ec36c48914a



#############################################################################

1、时间：2016-11-22 19:25:09,892
2、优先级别：DEBUG
3、线程ID：28
4、耗时：602304
5、行号：140
6、文件名：f:\Net_Project.DosORM\Project\Dos.ORM\Dos.ORM.Common\Helpers\LogHelper.cs
7、详细信息：
Text:	 SELECT   * FROM [BUS_LinkType]  WHERE (([BUS_LinkType].[Status] = @Status548) AND ([BUS_LinkType].[IsEnable] = @IsEnable549)) AND ([BUS_LinkType].[CompanyId] = @CompanyId550) 	
Parameters:
@Status548[Int32] = 1
@IsEnable549[Int32] = 1
@CompanyId550[Guid] = 078736e6-0cc2-48dc-80f1-6330419b4af1



#############################################################################

1、时间：2016-11-22 19:25:10,498
2、优先级别：DEBUG
3、线程ID：36
4、耗时：602910
5、行号：140
6、文件名：f:\Net_Project.DosORM\Project\Dos.ORM\Dos.ORM.Common\Helpers\LogHelper.cs
7、详细信息：
Text:	 SELECT count(*) as r_cnt FROM [BUS_LinkInfo] LEFT OUTER JOIN [BUS_LinkType] ON ([BUS_LinkInfo].[LinkTypeId] = [BUS_LinkType].[LinkTypeId]) WHERE ([BUS_LinkInfo].[Status] = @Status551) AND ([BUS_LinkInfo].[CompanyId] = @CompanyId552)	
Parameters:
@Status551[Int32] = 1
@CompanyId552[Guid] = 078736e6-0cc2-48dc-80f1-6330419b4af1



#############################################################################

1、时间：2016-11-22 19:25:10,520
2、优先级别：DEBUG
3、线程ID：36
4、耗时：602932
5、行号：140
6、文件名：f:\Net_Project.DosORM\Project\Dos.ORM\Dos.ORM.Common\Helpers\LogHelper.cs
7、详细信息：
Text:	 SELECT   TOP 15 [BUS_LinkInfo].*,[BUS_LinkType].[LinkTypeName] FROM [BUS_LinkInfo] LEFT OUTER JOIN [BUS_LinkType] ON ([BUS_LinkInfo].[LinkTypeId] = [BUS_LinkType].[LinkTypeId])  WHERE ([BUS_LinkInfo].[Status] = @Status551) AND ([BUS_LinkInfo].[CompanyId] = @CompanyId552) 	
Parameters:
@Status551[Int32] = 1
@CompanyId552[Guid] = 078736e6-0cc2-48dc-80f1-6330419b4af1



#############################################################################

1、时间：2016-11-22 19:25:10,565
2、优先级别：DEBUG
3、线程ID：36
4、耗时：602977
5、行号：140
6、文件名：f:\Net_Project.DosORM\Project\Dos.ORM\Dos.ORM.Common\Helpers\LogHelper.cs
7、详细信息：
Text:	INSERT INTO [SYS_LogInfo] ([Desc],[OptResultName],[OptResultId],[OptTypeName],[OptTypeId],[OptModulePath],[OptModuleName],[Status],[Mac],[IP],[Browser],[OptSystem],[OptTime],[OptUserName],[OptUserId],[DataId],[CompanyId],[LogTypeName],[LogTypeId],[LogId]) VALUES (@Desc553,@OptResultName554,@OptResultId555,@OptTypeName556,@OptTypeId557,@OptModulePath558,@OptModuleName559,@Status560,@Mac561,@IP562,@Browser563,@OptSystem564,@OptTime565,@OptUserName566,@OptUserId567,@DataId568,@CompanyId569,@LogTypeName570,@LogTypeId571,@LogId572)	
Parameters:
@Desc553[String] = 数据查询成功！
@OptResultName554[String] = 操作成功
@OptResultId555[Int32] = 100
@OptTypeName556[String] = 查询
@OptTypeId557[Int32] = 1003
@OptModulePath558[String] = /MsBus/LinkInfo/GetList
@OptModuleName559[String] = 友情链接信息管理
@Status560[Int32] = 1
@Mac561[String] = 40:8D:5C:30:F1:7D
@IP562[String] = 192.168.0.160
@Browser563[String] = Chrome 38.0
@OptSystem564[String] = Windows 7
@OptTime565[DateTime] = 2016/11/22 19:25:10
@OptUserName566[String] = 秦波
@OptUserId567[Guid] = 0ad06755-9fde-4ddd-9dcb-448462155a03
@DataId568[String] = 
@CompanyId569[Guid] = 078736e6-0cc2-48dc-80f1-6330419b4af1
@LogTypeName570[String] = 数据操作
@LogTypeId571[Int32] = 101
@LogId572[Guid] = 663f713e-4600-4c14-83b0-81ca76289dea



#############################################################################

1、时间：2016-11-22 19:25:30,413
2、优先级别：DEBUG
3、线程ID：29
4、耗时：622825
5、行号：140
6、文件名：f:\Net_Project.DosORM\Project\Dos.ORM\Dos.ORM.Common\Helpers\LogHelper.cs
7、详细信息：
Text:	UPDATE [SYS_Operator] SET [ThemeName]=@ThemeName574 WHERE [SYS_Operator].[OperatorId] = @OperatorId573	
Parameters:
@ThemeName574[String] = green
@OperatorId573[Guid] = 0ad06755-9fde-4ddd-9dcb-448462155a03



#############################################################################

1、时间：2016-11-22 19:25:35,338
2、优先级别：DEBUG
3、线程ID：33
4、耗时：627749
5、行号：140
6、文件名：f:\Net_Project.DosORM\Project\Dos.ORM\Dos.ORM.Common\Helpers\LogHelper.cs
7、详细信息：
Text:	UPDATE [SYS_Operator] SET [ThemeName]=@ThemeName576 WHERE [SYS_Operator].[OperatorId] = @OperatorId575	
Parameters:
@ThemeName576[String] = seagreen
@OperatorId575[Guid] = 0ad06755-9fde-4ddd-9dcb-448462155a03


