
#############################################################################

1、时间：2016-12-28 14:31:08,119
2、优先级别：DEBUG
3、线程ID：9
4、耗时：2744
5、行号：140
6、文件名：e:\Net_03.Personal\Net_Project.DosORM\Project\Dos.ORM\Dos.ORM.Common\Helpers\LogHelper.cs
7、详细信息：
Text:	 SELECT   * FROM [SYS_Department]  WHERE  1=1  	



#############################################################################

1、时间：2016-12-28 14:31:52,505
2、优先级别：DEBUG
3、线程ID：7
4、耗时：4915
5、行号：140
6、文件名：e:\Net_03.Personal\Net_Project.DosORM\Project\Dos.ORM\Dos.ORM.Common\Helpers\LogHelper.cs
7、详细信息：
Text:	 SELECT   * FROM [SYS_Department]  WHERE  1=1  	



#############################################################################

1、时间：2016-12-28 14:44:11,689
2、优先级别：DEBUG
3、线程ID：10
4、耗时：926
5、行号：140
6、文件名：e:\Net_03.Personal\Net_Project.DosORM\Project\Dos.ORM\Dos.ORM.Common\Helpers\LogHelper.cs
7、详细信息：
Text:	 SELECT   TOP 1 * FROM [SYS_Department]  WHERE [SYS_Department].[DepartmentName] = @DepartmentName1 	
Parameters:
@DepartmentName1[String] = 部门1



#############################################################################

1、时间：2016-12-28 14:53:47,081
2、优先级别：DEBUG
3、线程ID：9
4、耗时：71263
5、行号：140
6、文件名：e:\Net_03.Personal\Net_Project.DosORM\Project\Dos.ORM\Dos.ORM.Common\Helpers\LogHelper.cs
7、详细信息：
Text:	 SELECT   TOP 1 * FROM [SYS_Department]  WHERE [SYS_Department].[DepartmentName] = @DepartmentName1 	
Parameters:
@DepartmentName1[String] = 部门1



#############################################################################

1、时间：2016-12-28 14:54:36,896
2、优先级别：DEBUG
3、线程ID：9
4、耗时：121078
5、行号：140
6、文件名：e:\Net_03.Personal\Net_Project.DosORM\Project\Dos.ORM\Dos.ORM.Common\Helpers\LogHelper.cs
7、详细信息：
Text:	 SELECT   TOP 1 * FROM [SYS_Department]  WHERE [SYS_Department].[DepartmentName] = @DepartmentName2 	
Parameters:
@DepartmentName2[String] = 部门1



#############################################################################

1、时间：2016-12-28 14:57:08,594
2、优先级别：DEBUG
3、线程ID：10
4、耗时：5761
5、行号：140
6、文件名：e:\Net_03.Personal\Net_Project.DosORM\Project\Dos.ORM\Dos.ORM.Common\Helpers\LogHelper.cs
7、详细信息：
Text:	 SELECT   TOP 1 * FROM [SYS_Department]  WHERE [SYS_Department].[DepartmentName] = @DepartmentName1 	
Parameters:
@DepartmentName1[String] = 部门1



#############################################################################

1、时间：2016-12-28 14:57:27,790
2、优先级别：DEBUG
3、线程ID：50
4、耗时：24957
5、行号：140
6、文件名：e:\Net_03.Personal\Net_Project.DosORM\Project\Dos.ORM\Dos.ORM.Common\Helpers\LogHelper.cs
7、详细信息：
Text:	 SELECT   TOP 1 * FROM [SYS_Department]  WHERE [SYS_Department].[DepartmentName] = @DepartmentName2 	
Parameters:
@DepartmentName2[String] = 部门1



#############################################################################

1、时间：2016-12-28 16:11:04,193
2、优先级别：DEBUG
3、线程ID：20
4、耗时：2990
5、行号：140
6、文件名：e:\Net_03.Personal\Net_Project.DosORM\Project\Dos.ORM\Dos.ORM.Common\Helpers\LogHelper.cs
7、详细信息：
Text:	 SELECT   TOP 1 * FROM [SYS_Department]  WHERE [SYS_Department].[DepartmentName] = @DepartmentName1 	
Parameters:
@DepartmentName1[String] = 部门1



#############################################################################

1、时间：2016-12-28 16:22:53,468
2、优先级别：DEBUG
3、线程ID：5
4、耗时：6562
5、行号：140
6、文件名：e:\Net_03.Personal\Net_Project.DosORM\Project\Dos.ORM\Dos.ORM.Common\Helpers\LogHelper.cs
7、详细信息：
Text:	 SELECT   TOP 1 * FROM [SYS_Department]  WHERE [SYS_Department].[DepartmentName] = @DepartmentName1 	
Parameters:
@DepartmentName1[String] = 部门1



#############################################################################

1、时间：2016-12-28 16:25:55,664
2、优先级别：DEBUG
3、线程ID：5
4、耗时：2856
5、行号：140
6、文件名：e:\Net_03.Personal\Net_Project.DosORM\Project\Dos.ORM\Dos.ORM.Common\Helpers\LogHelper.cs
7、详细信息：
Text:	 SELECT   TOP 1 * FROM [SYS_Department]  WHERE [SYS_Department].[DepartmentName] = @DepartmentName1 	
Parameters:
@DepartmentName1[String] = 部门1



#############################################################################

1、时间：2016-12-28 16:26:22,247
2、优先级别：DEBUG
3、线程ID：49
4、耗时：29439
5、行号：140
6、文件名：e:\Net_03.Personal\Net_Project.DosORM\Project\Dos.ORM\Dos.ORM.Common\Helpers\LogHelper.cs
7、详细信息：
Text:	 SELECT   TOP 1 * FROM [SYS_Department]  WHERE [SYS_Department].[DepartmentName] = @DepartmentName2 	
Parameters:
@DepartmentName2[String] = 部门1



#############################################################################

1、时间：2016-12-28 16:29:23,197
2、优先级别：DEBUG
3、线程ID：26
4、耗时：3380
5、行号：140
6、文件名：e:\Net_03.Personal\Net_Project.DosORM\Project\Dos.ORM\Dos.ORM.Common\Helpers\LogHelper.cs
7、详细信息：
Text:	 SELECT   TOP 1 * FROM [SYS_Department]  WHERE [SYS_Department].[DepartmentName] = @DepartmentName1 	
Parameters:
@DepartmentName1[String] = 部门1


