
#############################################################################

1、时间：2016-12-29 11:39:01,348
2、优先级别：DEBUG
3、线程ID：47
4、耗时：3010
5、行号：140
6、文件名：e:\Net_03.Personal\Net_Project.DosORM\Project.WithWebApi\Dos.ORM\Dos.ORM.Common\Helpers\LogHelper.cs
7、详细信息：
Text:	 SELECT   * FROM [SYS_Department]  WHERE  1=1  	



#############################################################################

1、时间：2016-12-29 11:39:41,858
2、优先级别：DEBUG
3、线程ID：14
4、耗时：4612
5、行号：140
6、文件名：e:\Net_03.Personal\Net_Project.DosORM\Project.WithWebApi\Dos.ORM\Dos.ORM.Common\Helpers\LogHelper.cs
7、详细信息：
Text:	 SELECT   * FROM [SYS_Department]  WHERE  1=1  	



#############################################################################

1、时间：2016-12-29 11:54:09,421
2、优先级别：DEBUG
3、线程ID：76
4、耗时：6454
5、行号：140
6、文件名：e:\Net_03.Personal\Net_Project.DosORM\Project.WithWebApi\Dos.ORM\Dos.ORM.Common\Helpers\LogHelper.cs
7、详细信息：
Text:	 SELECT   * FROM [SYS_Department]  WHERE  1=1  	



#############################################################################

1、时间：2016-12-29 12:00:53,694
2、优先级别：DEBUG
3、线程ID：50
4、耗时：368016
5、行号：140
6、文件名：e:\Net_03.Personal\Net_Project.DosORM\Project.WithWebApi\Dos.ORM\Dos.ORM.Common\Helpers\LogHelper.cs
7、详细信息：
Text:	 SELECT   * FROM [SYS_Department]  WHERE  1=1  	



#############################################################################

1、时间：2016-12-29 13:10:40,588
2、优先级别：DEBUG
3、线程ID：177
4、耗时：71462
5、行号：140
6、文件名：e:\Net_03.Personal\Net_Project.DosORM\Project.WithWebApi\Dos.ORM\Dos.ORM.Common\Helpers\LogHelper.cs
7、详细信息：
Text:	 SELECT   * FROM [SYS_Department]  WHERE  1=1  	


