
#############################################################################

1、时间：2016-12-02 09:49:27,803
2、优先级别：DEBUG
3、线程ID：8
4、耗时：177357
5、行号：140
6、文件名：e:\Net_03.Personal\Net_Project.DosORM\Project\Dos.ORM\Dos.ORM.Common\Helpers\LogHelper.cs
7、详细信息：
Text:	 SELECT   TOP 1 * FROM [SYS_Operator]  WHERE ([SYS_Operator].[Account] = @Account1) AND ([SYS_Operator].[Pwd] = @Pwd2) 	
Parameters:
@Account1[String] = quber
@Pwd2[String] = C1851CFE23E736DE



#############################################################################

1、时间：2016-12-02 09:49:27,985
2、优先级别：DEBUG
3、线程ID：8
4、耗时：177538
5、行号：140
6、文件名：e:\Net_03.Personal\Net_Project.DosORM\Project\Dos.ORM\Dos.ORM.Common\Helpers\LogHelper.cs
7、详细信息：
Text:	 SELECT   TOP 1 * FROM [SYS_Company]  WHERE [SYS_Company].[CompanyId] = @CompanyId3 	
Parameters:
@CompanyId3[Guid] = 078736e6-0cc2-48dc-80f1-6330419b4af1



#############################################################################

1、时间：2016-12-02 09:49:27,997
2、优先级别：DEBUG
3、线程ID：8
4、耗时：177551
5、行号：140
6、文件名：e:\Net_03.Personal\Net_Project.DosORM\Project\Dos.ORM\Dos.ORM.Common\Helpers\LogHelper.cs
7、详细信息：
Text:	
                SELECT * FROM dbo.SYS_Department a
                LEFT JOIN dbo.SYS_OperatorDepartmentRelation b ON a.DepartmentId=b.DepartmentId
                WHERE b.OperatorId='0ad06755-9fde-4ddd-9dcb-448462155a03';
            	



#############################################################################

1、时间：2016-12-02 09:49:28,007
2、优先级别：DEBUG
3、线程ID：8
4、耗时：177561
5、行号：140
6、文件名：e:\Net_03.Personal\Net_Project.DosORM\Project\Dos.ORM\Dos.ORM.Common\Helpers\LogHelper.cs
7、详细信息：
Text:	
                SELECT * FROM dbo.SYS_Role a
                LEFT JOIN dbo.SYS_OperatorRoleRelation b ON a.RoleId=b.RoleId
                WHERE b.OperatorId='0ad06755-9fde-4ddd-9dcb-448462155a03';
            	



#############################################################################

1、时间：2016-12-02 09:49:28,036
2、优先级别：DEBUG
3、线程ID：8
4、耗时：177590
5、行号：140
6、文件名：e:\Net_03.Personal\Net_Project.DosORM\Project\Dos.ORM\Dos.ORM.Common\Helpers\LogHelper.cs
7、详细信息：
Text:	 SELECT   * FROM [v_SYS_Module]  WHERE [v_SYS_Module].[IsEnable] = @IsEnable4 ORDER BY [v_SYS_Module].[SortNo] ASC 	
Parameters:
@IsEnable4[Int32] = 1



#############################################################################

1、时间：2016-12-02 09:49:28,053
2、优先级别：DEBUG
3、线程ID：8
4、耗时：177607
5、行号：140
6、文件名：e:\Net_03.Personal\Net_Project.DosORM\Project\Dos.ORM\Dos.ORM.Common\Helpers\LogHelper.cs
7、详细信息：
Text:	 SELECT   * FROM [v_SYS_Button]  WHERE  1=1  	



#############################################################################

1、时间：2016-12-02 09:49:28,550
2、优先级别：DEBUG
3、线程ID：8
4、耗时：178104
5、行号：140
6、文件名：e:\Net_03.Personal\Net_Project.DosORM\Project\Dos.ORM\Dos.ORM.Common\Helpers\LogHelper.cs
7、详细信息：
Text:	INSERT INTO [SYS_LogInfo] ([OptModuleName],[DataId],[Desc],[OptResultName],[OptResultId],[OptTypeName],[OptTypeId],[OptModulePath],[Status],[Mac],[IP],[Browser],[OptSystem],[OptTime],[OptUserName],[OptUserId],[CompanyId],[LogTypeName],[LogTypeId],[LogId]) VALUES (@OptModuleName5,@DataId6,@Desc7,@OptResultName8,@OptResultId9,@OptTypeName10,@OptTypeId11,@OptModulePath12,@Status13,@Mac14,@IP15,@Browser16,@OptSystem17,@OptTime18,@OptUserName19,@OptUserId20,@CompanyId21,@LogTypeName22,@LogTypeId23,@LogId24)	
Parameters:
@OptModuleName5[String] = 登录系统
@DataId6[String] = 
@Desc7[String] = 登录成功！
@OptResultName8[String] = 登录成功
@OptResultId9[Int32] = 300
@OptTypeName10[String] = 登录
@OptTypeId11[Int32] = 2001
@OptModulePath12[String] = /MsSys/Login/CheckLogin
@Status13[Int32] = 1
@Mac14[String] = 40:8D:5C:30:F1:7D
@IP15[String] = 192.168.0.200
@Browser16[String] = Chrome 55.0
@OptSystem17[String] = Windows 10
@OptTime18[DateTime] = 2016/12/2 9:49:28
@OptUserName19[String] = 秦波
@OptUserId20[Guid] = 0ad06755-9fde-4ddd-9dcb-448462155a03
@CompanyId21[Guid] = 078736e6-0cc2-48dc-80f1-6330419b4af1
@LogTypeName22[String] = 登录登出
@LogTypeId23[Int32] = 100
@LogId24[Guid] = 49bcdc89-d3cb-45c9-ae12-4153016d9916



#############################################################################

1、时间：2016-12-02 09:49:36,360
2、优先级别：DEBUG
3、线程ID：7
4、耗时：185914
5、行号：140
6、文件名：e:\Net_03.Personal\Net_Project.DosORM\Project\Dos.ORM\Dos.ORM.Common\Helpers\LogHelper.cs
7、详细信息：
Text:	 SELECT   * FROM [SYS_Module]  WHERE (([SYS_Module].[Status] = @Status25) AND ([SYS_Module].[IsEnable] = @IsEnable26)) AND ([SYS_Module].[OperatePageType] = @OperatePageType27) 	
Parameters:
@Status25[Int32] = 1
@IsEnable26[Int32] = 1
@OperatePageType27[Int32] = 1



#############################################################################

1、时间：2016-12-02 09:49:45,224
2、优先级别：DEBUG
3、线程ID：15
4、耗时：194778
5、行号：140
6、文件名：e:\Net_03.Personal\Net_Project.DosORM\Project\Dos.ORM\Dos.ORM.Common\Helpers\LogHelper.cs
7、详细信息：
Text:	 SELECT count(*) as r_cnt FROM [SYS_Company] WHERE ([SYS_Company].[Status] = @Status28) AND ([SYS_Company].[CompanyId] = @CompanyId29)	
Parameters:
@Status28[Int32] = 1
@CompanyId29[Guid] = 078736e6-0cc2-48dc-80f1-6330419b4af1



#############################################################################

1、时间：2016-12-02 09:49:45,240
2、优先级别：DEBUG
3、线程ID：15
4、耗时：194794
5、行号：140
6、文件名：e:\Net_03.Personal\Net_Project.DosORM\Project\Dos.ORM\Dos.ORM.Common\Helpers\LogHelper.cs
7、详细信息：
Text:	 SELECT   TOP 15 * FROM [SYS_Company]  WHERE ([SYS_Company].[Status] = @Status28) AND ([SYS_Company].[CompanyId] = @CompanyId29) ORDER BY [SYS_Company].[CrtTime] DESC 	
Parameters:
@Status28[Int32] = 1
@CompanyId29[Guid] = 078736e6-0cc2-48dc-80f1-6330419b4af1



#############################################################################

1、时间：2016-12-02 09:49:45,277
2、优先级别：DEBUG
3、线程ID：15
4、耗时：194831
5、行号：140
6、文件名：e:\Net_03.Personal\Net_Project.DosORM\Project\Dos.ORM\Dos.ORM.Common\Helpers\LogHelper.cs
7、详细信息：
Text:	INSERT INTO [SYS_LogInfo] ([Desc],[OptResultName],[OptResultId],[OptTypeName],[OptTypeId],[OptModulePath],[OptModuleName],[Status],[Mac],[IP],[Browser],[OptSystem],[OptTime],[OptUserName],[OptUserId],[DataId],[CompanyId],[LogTypeName],[LogTypeId],[LogId]) VALUES (@Desc30,@OptResultName31,@OptResultId32,@OptTypeName33,@OptTypeId34,@OptModulePath35,@OptModuleName36,@Status37,@Mac38,@IP39,@Browser40,@OptSystem41,@OptTime42,@OptUserName43,@OptUserId44,@DataId45,@CompanyId46,@LogTypeName47,@LogTypeId48,@LogId49)	
Parameters:
@Desc30[String] = 数据查询成功！
@OptResultName31[String] = 操作成功
@OptResultId32[Int32] = 100
@OptTypeName33[String] = 查询
@OptTypeId34[Int32] = 1003
@OptModulePath35[String] = /MsSys/Company/GetList
@OptModuleName36[String] = 公司管理
@Status37[Int32] = 1
@Mac38[String] = 40:8D:5C:30:F1:7D
@IP39[String] = 192.168.0.200
@Browser40[String] = Chrome 55.0
@OptSystem41[String] = Windows 10
@OptTime42[DateTime] = 2016/12/2 9:49:45
@OptUserName43[String] = 秦波
@OptUserId44[Guid] = 0ad06755-9fde-4ddd-9dcb-448462155a03
@DataId45[String] = 
@CompanyId46[Guid] = 078736e6-0cc2-48dc-80f1-6330419b4af1
@LogTypeName47[String] = 数据操作
@LogTypeId48[Int32] = 101
@LogId49[Guid] = 94d0733f-a87c-4fc6-8b54-416196d7abb4



#############################################################################

1、时间：2016-12-02 09:49:48,686
2、优先级别：DEBUG
3、线程ID：7
4、耗时：198240
5、行号：140
6、文件名：e:\Net_03.Personal\Net_Project.DosORM\Project\Dos.ORM\Dos.ORM.Common\Helpers\LogHelper.cs
7、详细信息：
Text:	UPDATE [SYS_Operator] SET [ThemeName]=@ThemeName51 WHERE [SYS_Operator].[OperatorId] = @OperatorId50	
Parameters:
@ThemeName51[String] = gray
@OperatorId50[Guid] = 0ad06755-9fde-4ddd-9dcb-448462155a03



#############################################################################

1、时间：2016-12-02 09:49:53,172
2、优先级别：DEBUG
3、线程ID：14
4、耗时：202726
5、行号：140
6、文件名：e:\Net_03.Personal\Net_Project.DosORM\Project\Dos.ORM\Dos.ORM.Common\Helpers\LogHelper.cs
7、详细信息：
Text:	 SELECT   TOP 1 * FROM [SYS_Company]  WHERE [SYS_Company].[CompanyId] = @CompanyId52 	
Parameters:
@CompanyId52[Guid] = 078736e6-0cc2-48dc-80f1-6330419b4af1



#############################################################################

1、时间：2016-12-02 09:49:53,776
2、优先级别：DEBUG
3、线程ID：16
4、耗时：203330
5、行号：140
6、文件名：e:\Net_03.Personal\Net_Project.DosORM\Project\Dos.ORM\Dos.ORM.Common\Helpers\LogHelper.cs
7、详细信息：
Text:	 SELECT   * FROM [CON_AreaCode]  WHERE [CON_AreaCode].[AreaLevel] = @AreaLevel53 	
Parameters:
@AreaLevel53[Int32] = 1



#############################################################################

1、时间：2016-12-02 09:49:53,930
2、优先级别：DEBUG
3、线程ID：14
4、耗时：203484
5、行号：140
6、文件名：e:\Net_03.Personal\Net_Project.DosORM\Project\Dos.ORM\Dos.ORM.Common\Helpers\LogHelper.cs
7、详细信息：
Text:	 SELECT   * FROM [CON_AreaCode]  WHERE ([CON_AreaCode].[AreaLevel] = @AreaLevel54) AND ([CON_AreaCode].[ParentAreaCode] = @ParentAreaCode55) 	
Parameters:
@AreaLevel54[Int32] = 4
@ParentAreaCode55[Int32] = -1



#############################################################################

1、时间：2016-12-02 09:49:54,403
2、优先级别：DEBUG
3、线程ID：13
4、耗时：203957
5、行号：140
6、文件名：e:\Net_03.Personal\Net_Project.DosORM\Project\Dos.ORM\Dos.ORM.Common\Helpers\LogHelper.cs
7、详细信息：
Text:	 SELECT   * FROM [CON_AreaCode]  WHERE ([CON_AreaCode].[AreaLevel] = @AreaLevel56) AND ([CON_AreaCode].[ParentAreaCode] = @ParentAreaCode57) 	
Parameters:
@AreaLevel56[Int32] = 3
@ParentAreaCode57[Int32] = -1



#############################################################################

1、时间：2016-12-02 09:49:54,909
2、优先级别：DEBUG
3、线程ID：7
4、耗时：204463
5、行号：140
6、文件名：e:\Net_03.Personal\Net_Project.DosORM\Project\Dos.ORM\Dos.ORM.Common\Helpers\LogHelper.cs
7、详细信息：
Text:	 SELECT   * FROM [CON_AreaCode]  WHERE ([CON_AreaCode].[AreaLevel] = @AreaLevel58) AND ([CON_AreaCode].[ParentAreaCode] = @ParentAreaCode59) 	
Parameters:
@AreaLevel58[Int32] = 2
@ParentAreaCode59[Int32] = -1



#############################################################################

1、时间：2016-12-02 09:49:57,590
2、优先级别：DEBUG
3、线程ID：14
4、耗时：207144
5、行号：140
6、文件名：e:\Net_03.Personal\Net_Project.DosORM\Project\Dos.ORM\Dos.ORM.Common\Helpers\LogHelper.cs
7、详细信息：
Text:	 SELECT count(*) as r_cnt FROM [SYS_Department] WHERE ([SYS_Department].[Status] = @Status60) AND ([SYS_Department].[CompanyId] = @CompanyId61)	
Parameters:
@Status60[Int32] = 1
@CompanyId61[Guid] = 078736e6-0cc2-48dc-80f1-6330419b4af1



#############################################################################

1、时间：2016-12-02 09:49:57,610
2、优先级别：DEBUG
3、线程ID：14
4、耗时：207164
5、行号：140
6、文件名：e:\Net_03.Personal\Net_Project.DosORM\Project\Dos.ORM\Dos.ORM.Common\Helpers\LogHelper.cs
7、详细信息：
Text:	 SELECT   TOP 15 * FROM [SYS_Department]  WHERE ([SYS_Department].[Status] = @Status60) AND ([SYS_Department].[CompanyId] = @CompanyId61) ORDER BY [SYS_Department].[CrtTime] DESC 	
Parameters:
@Status60[Int32] = 1
@CompanyId61[Guid] = 078736e6-0cc2-48dc-80f1-6330419b4af1



#############################################################################

1、时间：2016-12-02 09:49:57,645
2、优先级别：DEBUG
3、线程ID：14
4、耗时：207199
5、行号：140
6、文件名：e:\Net_03.Personal\Net_Project.DosORM\Project\Dos.ORM\Dos.ORM.Common\Helpers\LogHelper.cs
7、详细信息：
Text:	INSERT INTO [SYS_LogInfo] ([Desc],[OptResultName],[OptResultId],[OptTypeName],[OptTypeId],[OptModulePath],[OptModuleName],[Status],[Mac],[IP],[Browser],[OptSystem],[OptTime],[OptUserName],[OptUserId],[DataId],[CompanyId],[LogTypeName],[LogTypeId],[LogId]) VALUES (@Desc62,@OptResultName63,@OptResultId64,@OptTypeName65,@OptTypeId66,@OptModulePath67,@OptModuleName68,@Status69,@Mac70,@IP71,@Browser72,@OptSystem73,@OptTime74,@OptUserName75,@OptUserId76,@DataId77,@CompanyId78,@LogTypeName79,@LogTypeId80,@LogId81)	
Parameters:
@Desc62[String] = 数据查询成功！
@OptResultName63[String] = 操作成功
@OptResultId64[Int32] = 100
@OptTypeName65[String] = 查询
@OptTypeId66[Int32] = 1003
@OptModulePath67[String] = /MsSys/Department/GetList
@OptModuleName68[String] = 部门管理
@Status69[Int32] = 1
@Mac70[String] = 40:8D:5C:30:F1:7D
@IP71[String] = 192.168.0.200
@Browser72[String] = Chrome 55.0
@OptSystem73[String] = Windows 10
@OptTime74[DateTime] = 2016/12/2 9:49:57
@OptUserName75[String] = 秦波
@OptUserId76[Guid] = 0ad06755-9fde-4ddd-9dcb-448462155a03
@DataId77[String] = 
@CompanyId78[Guid] = 078736e6-0cc2-48dc-80f1-6330419b4af1
@LogTypeName79[String] = 数据操作
@LogTypeId80[Int32] = 101
@LogId81[Guid] = dbb5e4a5-aca9-4342-a5bd-3d8c51a43095



#############################################################################

1、时间：2016-12-02 09:50:00,834
2、优先级别：DEBUG
3、线程ID：11
4、耗时：210388
5、行号：140
6、文件名：e:\Net_03.Personal\Net_Project.DosORM\Project\Dos.ORM\Dos.ORM.Common\Helpers\LogHelper.cs
7、详细信息：
Text:	 SELECT count(*) as r_cnt FROM [SYS_Post] WHERE ([SYS_Post].[Status] = @Status82) AND ([SYS_Post].[CompanyId] = @CompanyId83)	
Parameters:
@Status82[Int32] = 1
@CompanyId83[Guid] = 078736e6-0cc2-48dc-80f1-6330419b4af1



#############################################################################

1、时间：2016-12-02 09:50:00,836
2、优先级别：DEBUG
3、线程ID：11
4、耗时：210390
5、行号：140
6、文件名：e:\Net_03.Personal\Net_Project.DosORM\Project\Dos.ORM\Dos.ORM.Common\Helpers\LogHelper.cs
7、详细信息：
Text:	 SELECT   TOP 15 * FROM [SYS_Post]  WHERE ([SYS_Post].[Status] = @Status82) AND ([SYS_Post].[CompanyId] = @CompanyId83) ORDER BY [SYS_Post].[CrtTime] DESC 	
Parameters:
@Status82[Int32] = 1
@CompanyId83[Guid] = 078736e6-0cc2-48dc-80f1-6330419b4af1



#############################################################################

1、时间：2016-12-02 09:50:00,866
2、优先级别：DEBUG
3、线程ID：11
4、耗时：210420
5、行号：140
6、文件名：e:\Net_03.Personal\Net_Project.DosORM\Project\Dos.ORM\Dos.ORM.Common\Helpers\LogHelper.cs
7、详细信息：
Text:	INSERT INTO [SYS_LogInfo] ([Desc],[OptResultName],[OptResultId],[OptTypeName],[OptTypeId],[OptModulePath],[OptModuleName],[Status],[Mac],[IP],[Browser],[OptSystem],[OptTime],[OptUserName],[OptUserId],[DataId],[CompanyId],[LogTypeName],[LogTypeId],[LogId]) VALUES (@Desc84,@OptResultName85,@OptResultId86,@OptTypeName87,@OptTypeId88,@OptModulePath89,@OptModuleName90,@Status91,@Mac92,@IP93,@Browser94,@OptSystem95,@OptTime96,@OptUserName97,@OptUserId98,@DataId99,@CompanyId100,@LogTypeName101,@LogTypeId102,@LogId103)	
Parameters:
@Desc84[String] = 数据查询成功！
@OptResultName85[String] = 操作成功
@OptResultId86[Int32] = 100
@OptTypeName87[String] = 查询
@OptTypeId88[Int32] = 1003
@OptModulePath89[String] = /MsSys/Post/GetList
@OptModuleName90[String] = 岗位管理
@Status91[Int32] = 1
@Mac92[String] = 40:8D:5C:30:F1:7D
@IP93[String] = 192.168.0.200
@Browser94[String] = Chrome 55.0
@OptSystem95[String] = Windows 10
@OptTime96[DateTime] = 2016/12/2 9:50:00
@OptUserName97[String] = 秦波
@OptUserId98[Guid] = 0ad06755-9fde-4ddd-9dcb-448462155a03
@DataId99[String] = 
@CompanyId100[Guid] = 078736e6-0cc2-48dc-80f1-6330419b4af1
@LogTypeName101[String] = 数据操作
@LogTypeId102[Int32] = 101
@LogId103[Guid] = a06b3e63-36da-47e0-b16d-347d745d6ded



#############################################################################

1、时间：2016-12-02 09:50:04,285
2、优先级别：DEBUG
3、线程ID：10
4、耗时：213839
5、行号：140
6、文件名：e:\Net_03.Personal\Net_Project.DosORM\Project\Dos.ORM\Dos.ORM.Common\Helpers\LogHelper.cs
7、详细信息：
Text:	 SELECT count(*) as r_cnt FROM [SYS_Role] WHERE ([SYS_Role].[Status] = @Status104) AND ([SYS_Role].[CompanyId] = @CompanyId105)	
Parameters:
@Status104[Int32] = 1
@CompanyId105[Guid] = 078736e6-0cc2-48dc-80f1-6330419b4af1



#############################################################################

1、时间：2016-12-02 09:50:04,293
2、优先级别：DEBUG
3、线程ID：10
4、耗时：213847
5、行号：140
6、文件名：e:\Net_03.Personal\Net_Project.DosORM\Project\Dos.ORM\Dos.ORM.Common\Helpers\LogHelper.cs
7、详细信息：
Text:	 SELECT   TOP 15 * FROM [SYS_Role]  WHERE ([SYS_Role].[Status] = @Status104) AND ([SYS_Role].[CompanyId] = @CompanyId105) ORDER BY [SYS_Role].[CrtTime] DESC 	
Parameters:
@Status104[Int32] = 1
@CompanyId105[Guid] = 078736e6-0cc2-48dc-80f1-6330419b4af1



#############################################################################

1、时间：2016-12-02 09:50:04,321
2、优先级别：DEBUG
3、线程ID：10
4、耗时：213875
5、行号：140
6、文件名：e:\Net_03.Personal\Net_Project.DosORM\Project\Dos.ORM\Dos.ORM.Common\Helpers\LogHelper.cs
7、详细信息：
Text:	INSERT INTO [SYS_LogInfo] ([Desc],[OptResultName],[OptResultId],[OptTypeName],[OptTypeId],[OptModulePath],[OptModuleName],[Status],[Mac],[IP],[Browser],[OptSystem],[OptTime],[OptUserName],[OptUserId],[DataId],[CompanyId],[LogTypeName],[LogTypeId],[LogId]) VALUES (@Desc106,@OptResultName107,@OptResultId108,@OptTypeName109,@OptTypeId110,@OptModulePath111,@OptModuleName112,@Status113,@Mac114,@IP115,@Browser116,@OptSystem117,@OptTime118,@OptUserName119,@OptUserId120,@DataId121,@CompanyId122,@LogTypeName123,@LogTypeId124,@LogId125)	
Parameters:
@Desc106[String] = 数据查询成功！
@OptResultName107[String] = 操作成功
@OptResultId108[Int32] = 100
@OptTypeName109[String] = 查询
@OptTypeId110[Int32] = 1003
@OptModulePath111[String] = /MsSys/Role/GetList
@OptModuleName112[String] = 角色管理
@Status113[Int32] = 1
@Mac114[String] = 40:8D:5C:30:F1:7D
@IP115[String] = 192.168.0.200
@Browser116[String] = Chrome 55.0
@OptSystem117[String] = Windows 10
@OptTime118[DateTime] = 2016/12/2 9:50:04
@OptUserName119[String] = 秦波
@OptUserId120[Guid] = 0ad06755-9fde-4ddd-9dcb-448462155a03
@DataId121[String] = 
@CompanyId122[Guid] = 078736e6-0cc2-48dc-80f1-6330419b4af1
@LogTypeName123[String] = 数据操作
@LogTypeId124[Int32] = 101
@LogId125[Guid] = e6246b9d-1062-4186-8b12-992184ea58b7



#############################################################################

1、时间：2016-12-02 09:50:08,303
2、优先级别：DEBUG
3、线程ID：13
4、耗时：217857
5、行号：140
6、文件名：e:\Net_03.Personal\Net_Project.DosORM\Project\Dos.ORM\Dos.ORM.Common\Helpers\LogHelper.cs
7、详细信息：
Text:	 SELECT   TOP 1 * FROM [SYS_Role]  WHERE [SYS_Role].[RoleId] = @RoleId126 	
Parameters:
@RoleId126[Guid] = 956a97d7-39ba-455d-aa79-7c7948e4e1e2



#############################################################################

1、时间：2016-12-02 09:50:08,560
2、优先级别：DEBUG
3、线程ID：8
4、耗时：218114
5、行号：140
6、文件名：e:\Net_03.Personal\Net_Project.DosORM\Project\Dos.ORM\Dos.ORM.Common\Helpers\LogHelper.cs
7、详细信息：
Text:	 SELECT   * FROM [SYS_RoleModuleRelation]  WHERE [SYS_RoleModuleRelation].[RoleId] = @RoleId127 	
Parameters:
@RoleId127[Guid] = 956a97d7-39ba-455d-aa79-7c7948e4e1e2



#############################################################################

1、时间：2016-12-02 09:50:08,568
2、优先级别：DEBUG
3、线程ID：8
4、耗时：218122
5、行号：140
6、文件名：e:\Net_03.Personal\Net_Project.DosORM\Project\Dos.ORM\Dos.ORM.Common\Helpers\LogHelper.cs
7、详细信息：
Text:	 SELECT   * FROM [SYS_Module]  WHERE [SYS_Module].[Status] = @Status128 	
Parameters:
@Status128[Int32] = 1



#############################################################################

1、时间：2016-12-02 09:50:13,389
2、优先级别：DEBUG
3、线程ID：14
4、耗时：222943
5、行号：140
6、文件名：e:\Net_03.Personal\Net_Project.DosORM\Project\Dos.ORM\Dos.ORM.Common\Helpers\LogHelper.cs
7、详细信息：
Text:	 SELECT count(*) as r_cnt FROM [SYS_Operator] WHERE (([SYS_Operator].[Status] = @Status129) AND ([SYS_Operator].[Account] <> @Account130)) AND ([SYS_Operator].[CompanyId] = @CompanyId131)	
Parameters:
@Status129[Int32] = 1
@Account130[String] = admin
@CompanyId131[Guid] = 078736e6-0cc2-48dc-80f1-6330419b4af1



#############################################################################

1、时间：2016-12-02 09:50:13,393
2、优先级别：DEBUG
3、线程ID：14
4、耗时：222947
5、行号：140
6、文件名：e:\Net_03.Personal\Net_Project.DosORM\Project\Dos.ORM\Dos.ORM.Common\Helpers\LogHelper.cs
7、详细信息：
Text:	 SELECT   TOP 15 * FROM [SYS_Operator]  WHERE (([SYS_Operator].[Status] = @Status129) AND ([SYS_Operator].[Account] <> @Account130)) AND ([SYS_Operator].[CompanyId] = @CompanyId131) ORDER BY [SYS_Operator].[CrtTime] DESC 	
Parameters:
@Status129[Int32] = 1
@Account130[String] = admin
@CompanyId131[Guid] = 078736e6-0cc2-48dc-80f1-6330419b4af1



#############################################################################

1、时间：2016-12-02 09:50:13,432
2、优先级别：DEBUG
3、线程ID：14
4、耗时：222986
5、行号：140
6、文件名：e:\Net_03.Personal\Net_Project.DosORM\Project\Dos.ORM\Dos.ORM.Common\Helpers\LogHelper.cs
7、详细信息：
Text:	INSERT INTO [SYS_LogInfo] ([Desc],[OptResultName],[OptResultId],[OptTypeName],[OptTypeId],[OptModulePath],[OptModuleName],[Status],[Mac],[IP],[Browser],[OptSystem],[OptTime],[OptUserName],[OptUserId],[DataId],[CompanyId],[LogTypeName],[LogTypeId],[LogId]) VALUES (@Desc132,@OptResultName133,@OptResultId134,@OptTypeName135,@OptTypeId136,@OptModulePath137,@OptModuleName138,@Status139,@Mac140,@IP141,@Browser142,@OptSystem143,@OptTime144,@OptUserName145,@OptUserId146,@DataId147,@CompanyId148,@LogTypeName149,@LogTypeId150,@LogId151)	
Parameters:
@Desc132[String] = 数据查询成功！
@OptResultName133[String] = 操作成功
@OptResultId134[Int32] = 100
@OptTypeName135[String] = 查询
@OptTypeId136[Int32] = 1003
@OptModulePath137[String] = /MsSys/Operator/GetList
@OptModuleName138[String] = 管理员管理
@Status139[Int32] = 1
@Mac140[String] = 40:8D:5C:30:F1:7D
@IP141[String] = 192.168.0.200
@Browser142[String] = Chrome 55.0
@OptSystem143[String] = Windows 10
@OptTime144[DateTime] = 2016/12/2 9:50:13
@OptUserName145[String] = 秦波
@OptUserId146[Guid] = 0ad06755-9fde-4ddd-9dcb-448462155a03
@DataId147[String] = 
@CompanyId148[Guid] = 078736e6-0cc2-48dc-80f1-6330419b4af1
@LogTypeName149[String] = 数据操作
@LogTypeId150[Int32] = 101
@LogId151[Guid] = df4f28e3-c996-4715-ad9c-1c48ba65cb16



#############################################################################

1、时间：2016-12-02 09:50:18,801
2、优先级别：DEBUG
3、线程ID：15
4、耗时：228355
5、行号：140
6、文件名：e:\Net_03.Personal\Net_Project.DosORM\Project\Dos.ORM\Dos.ORM.Common\Helpers\LogHelper.cs
7、详细信息：
Text:	 SELECT count(*) as r_cnt FROM [SYS_Module] WHERE [SYS_Module].[Status] = @Status152	
Parameters:
@Status152[Int32] = 1



#############################################################################

1、时间：2016-12-02 09:50:18,822
2、优先级别：DEBUG
3、线程ID：15
4、耗时：228376
5、行号：140
6、文件名：e:\Net_03.Personal\Net_Project.DosORM\Project\Dos.ORM\Dos.ORM.Common\Helpers\LogHelper.cs
7、详细信息：
Text:	 SELECT   TOP 1000 * FROM [SYS_Module]  WHERE [SYS_Module].[Status] = @Status152 ORDER BY [SYS_Module].[SortNo] ASC 	
Parameters:
@Status152[Int32] = 1



#############################################################################

1、时间：2016-12-02 09:50:18,866
2、优先级别：DEBUG
3、线程ID：15
4、耗时：228420
5、行号：140
6、文件名：e:\Net_03.Personal\Net_Project.DosORM\Project\Dos.ORM\Dos.ORM.Common\Helpers\LogHelper.cs
7、详细信息：
Text:	INSERT INTO [SYS_LogInfo] ([Desc],[OptResultName],[OptResultId],[OptTypeName],[OptTypeId],[OptModulePath],[OptModuleName],[Status],[Mac],[IP],[Browser],[OptSystem],[OptTime],[OptUserName],[OptUserId],[DataId],[CompanyId],[LogTypeName],[LogTypeId],[LogId]) VALUES (@Desc153,@OptResultName154,@OptResultId155,@OptTypeName156,@OptTypeId157,@OptModulePath158,@OptModuleName159,@Status160,@Mac161,@IP162,@Browser163,@OptSystem164,@OptTime165,@OptUserName166,@OptUserId167,@DataId168,@CompanyId169,@LogTypeName170,@LogTypeId171,@LogId172)	
Parameters:
@Desc153[String] = 数据查询成功！
@OptResultName154[String] = 操作成功
@OptResultId155[Int32] = 100
@OptTypeName156[String] = 查询
@OptTypeId157[Int32] = 1003
@OptModulePath158[String] = /MsSys/Module/GetList
@OptModuleName159[String] = 模块管理
@Status160[Int32] = 1
@Mac161[String] = 40:8D:5C:30:F1:7D
@IP162[String] = 192.168.0.200
@Browser163[String] = Chrome 55.0
@OptSystem164[String] = Windows 10
@OptTime165[DateTime] = 2016/12/2 9:50:18
@OptUserName166[String] = 秦波
@OptUserId167[Guid] = 0ad06755-9fde-4ddd-9dcb-448462155a03
@DataId168[String] = 
@CompanyId169[Guid] = 078736e6-0cc2-48dc-80f1-6330419b4af1
@LogTypeName170[String] = 数据操作
@LogTypeId171[Int32] = 101
@LogId172[Guid] = 9f37fca6-0e23-4f40-93d7-68ef76d72ac8



#############################################################################

1、时间：2016-12-02 09:50:26,974
2、优先级别：DEBUG
3、线程ID：15
4、耗时：236528
5、行号：140
6、文件名：e:\Net_03.Personal\Net_Project.DosORM\Project\Dos.ORM\Dos.ORM.Common\Helpers\LogHelper.cs
7、详细信息：
Text:	 SELECT count(*) as r_cnt FROM [SYS_Module] WHERE ([SYS_Module].[Status] = @Status173) AND ([SYS_Module].[ModuleType] = @ModuleType174)	
Parameters:
@Status173[Int32] = 1
@ModuleType174[Int32] = 100



#############################################################################

1、时间：2016-12-02 09:50:26,983
2、优先级别：DEBUG
3、线程ID：15
4、耗时：236537
5、行号：140
6、文件名：e:\Net_03.Personal\Net_Project.DosORM\Project\Dos.ORM\Dos.ORM.Common\Helpers\LogHelper.cs
7、详细信息：
Text:	 SELECT   TOP 1000 * FROM [SYS_Module]  WHERE ([SYS_Module].[Status] = @Status173) AND ([SYS_Module].[ModuleType] = @ModuleType174) ORDER BY [SYS_Module].[SortNo] ASC 	
Parameters:
@Status173[Int32] = 1
@ModuleType174[Int32] = 100



#############################################################################

1、时间：2016-12-02 09:50:27,003
2、优先级别：DEBUG
3、线程ID：15
4、耗时：236557
5、行号：140
6、文件名：e:\Net_03.Personal\Net_Project.DosORM\Project\Dos.ORM\Dos.ORM.Common\Helpers\LogHelper.cs
7、详细信息：
Text:	INSERT INTO [SYS_LogInfo] ([Desc],[OptResultName],[OptResultId],[OptTypeName],[OptTypeId],[OptModulePath],[OptModuleName],[Status],[Mac],[IP],[Browser],[OptSystem],[OptTime],[OptUserName],[OptUserId],[DataId],[CompanyId],[LogTypeName],[LogTypeId],[LogId]) VALUES (@Desc175,@OptResultName176,@OptResultId177,@OptTypeName178,@OptTypeId179,@OptModulePath180,@OptModuleName181,@Status182,@Mac183,@IP184,@Browser185,@OptSystem186,@OptTime187,@OptUserName188,@OptUserId189,@DataId190,@CompanyId191,@LogTypeName192,@LogTypeId193,@LogId194)	
Parameters:
@Desc175[String] = 数据查询成功！
@OptResultName176[String] = 操作成功
@OptResultId177[Int32] = 100
@OptTypeName178[String] = 查询
@OptTypeId179[Int32] = 1003
@OptModulePath180[String] = /MsSys/Module/GetList
@OptModuleName181[String] = 模块管理
@Status182[Int32] = 1
@Mac183[String] = 40:8D:5C:30:F1:7D
@IP184[String] = 192.168.0.200
@Browser185[String] = Chrome 55.0
@OptSystem186[String] = Windows 10
@OptTime187[DateTime] = 2016/12/2 9:50:26
@OptUserName188[String] = 秦波
@OptUserId189[Guid] = 0ad06755-9fde-4ddd-9dcb-448462155a03
@DataId190[String] = 
@CompanyId191[Guid] = 078736e6-0cc2-48dc-80f1-6330419b4af1
@LogTypeName192[String] = 数据操作
@LogTypeId193[Int32] = 101
@LogId194[Guid] = d3c9c805-0f48-4bb0-86a3-32d897cdbde7



#############################################################################

1、时间：2016-12-02 09:50:30,084
2、优先级别：DEBUG
3、线程ID：7
4、耗时：239638
5、行号：140
6、文件名：e:\Net_03.Personal\Net_Project.DosORM\Project\Dos.ORM\Dos.ORM.Common\Helpers\LogHelper.cs
7、详细信息：
Text:	 SELECT count(*) as r_cnt FROM [SYS_Module] WHERE ([SYS_Module].[Status] = @Status195) AND ([SYS_Module].[ModuleType] = @ModuleType196)	
Parameters:
@Status195[Int32] = 1
@ModuleType196[Int32] = 101



#############################################################################

1、时间：2016-12-02 09:50:30,085
2、优先级别：DEBUG
3、线程ID：7
4、耗时：239639
5、行号：140
6、文件名：e:\Net_03.Personal\Net_Project.DosORM\Project\Dos.ORM\Dos.ORM.Common\Helpers\LogHelper.cs
7、详细信息：
Text:	 SELECT   TOP 1000 * FROM [SYS_Module]  WHERE ([SYS_Module].[Status] = @Status195) AND ([SYS_Module].[ModuleType] = @ModuleType196) ORDER BY [SYS_Module].[SortNo] ASC 	
Parameters:
@Status195[Int32] = 1
@ModuleType196[Int32] = 101



#############################################################################

1、时间：2016-12-02 09:50:30,107
2、优先级别：DEBUG
3、线程ID：7
4、耗时：239661
5、行号：140
6、文件名：e:\Net_03.Personal\Net_Project.DosORM\Project\Dos.ORM\Dos.ORM.Common\Helpers\LogHelper.cs
7、详细信息：
Text:	INSERT INTO [SYS_LogInfo] ([Desc],[OptResultName],[OptResultId],[OptTypeName],[OptTypeId],[OptModulePath],[OptModuleName],[Status],[Mac],[IP],[Browser],[OptSystem],[OptTime],[OptUserName],[OptUserId],[DataId],[CompanyId],[LogTypeName],[LogTypeId],[LogId]) VALUES (@Desc197,@OptResultName198,@OptResultId199,@OptTypeName200,@OptTypeId201,@OptModulePath202,@OptModuleName203,@Status204,@Mac205,@IP206,@Browser207,@OptSystem208,@OptTime209,@OptUserName210,@OptUserId211,@DataId212,@CompanyId213,@LogTypeName214,@LogTypeId215,@LogId216)	
Parameters:
@Desc197[String] = 数据查询成功！
@OptResultName198[String] = 操作成功
@OptResultId199[Int32] = 100
@OptTypeName200[String] = 查询
@OptTypeId201[Int32] = 1003
@OptModulePath202[String] = /MsSys/Module/GetList
@OptModuleName203[String] = 模块管理
@Status204[Int32] = 1
@Mac205[String] = 40:8D:5C:30:F1:7D
@IP206[String] = 192.168.0.200
@Browser207[String] = Chrome 55.0
@OptSystem208[String] = Windows 10
@OptTime209[DateTime] = 2016/12/2 9:50:30
@OptUserName210[String] = 秦波
@OptUserId211[Guid] = 0ad06755-9fde-4ddd-9dcb-448462155a03
@DataId212[String] = 
@CompanyId213[Guid] = 078736e6-0cc2-48dc-80f1-6330419b4af1
@LogTypeName214[String] = 数据操作
@LogTypeId215[Int32] = 101
@LogId216[Guid] = 6a36f219-5b67-4627-8554-acb7fe555435



#############################################################################

1、时间：2016-12-02 09:50:31,831
2、优先级别：DEBUG
3、线程ID：16
4、耗时：241385
5、行号：140
6、文件名：e:\Net_03.Personal\Net_Project.DosORM\Project\Dos.ORM\Dos.ORM.Common\Helpers\LogHelper.cs
7、详细信息：
Text:	 SELECT count(*) as r_cnt FROM [SYS_Module] WHERE ([SYS_Module].[Status] = @Status217) AND ([SYS_Module].[ModuleType] = @ModuleType218)	
Parameters:
@Status217[Int32] = 1
@ModuleType218[Int32] = 100



#############################################################################

1、时间：2016-12-02 09:50:31,832
2、优先级别：DEBUG
3、线程ID：16
4、耗时：241386
5、行号：140
6、文件名：e:\Net_03.Personal\Net_Project.DosORM\Project\Dos.ORM\Dos.ORM.Common\Helpers\LogHelper.cs
7、详细信息：
Text:	 SELECT   TOP 1000 * FROM [SYS_Module]  WHERE ([SYS_Module].[Status] = @Status217) AND ([SYS_Module].[ModuleType] = @ModuleType218) ORDER BY [SYS_Module].[SortNo] ASC 	
Parameters:
@Status217[Int32] = 1
@ModuleType218[Int32] = 100



#############################################################################

1、时间：2016-12-02 09:50:31,858
2、优先级别：DEBUG
3、线程ID：16
4、耗时：241412
5、行号：140
6、文件名：e:\Net_03.Personal\Net_Project.DosORM\Project\Dos.ORM\Dos.ORM.Common\Helpers\LogHelper.cs
7、详细信息：
Text:	INSERT INTO [SYS_LogInfo] ([Desc],[OptResultName],[OptResultId],[OptTypeName],[OptTypeId],[OptModulePath],[OptModuleName],[Status],[Mac],[IP],[Browser],[OptSystem],[OptTime],[OptUserName],[OptUserId],[DataId],[CompanyId],[LogTypeName],[LogTypeId],[LogId]) VALUES (@Desc219,@OptResultName220,@OptResultId221,@OptTypeName222,@OptTypeId223,@OptModulePath224,@OptModuleName225,@Status226,@Mac227,@IP228,@Browser229,@OptSystem230,@OptTime231,@OptUserName232,@OptUserId233,@DataId234,@CompanyId235,@LogTypeName236,@LogTypeId237,@LogId238)	
Parameters:
@Desc219[String] = 数据查询成功！
@OptResultName220[String] = 操作成功
@OptResultId221[Int32] = 100
@OptTypeName222[String] = 查询
@OptTypeId223[Int32] = 1003
@OptModulePath224[String] = /MsSys/Module/GetList
@OptModuleName225[String] = 模块管理
@Status226[Int32] = 1
@Mac227[String] = 40:8D:5C:30:F1:7D
@IP228[String] = 192.168.0.200
@Browser229[String] = Chrome 55.0
@OptSystem230[String] = Windows 10
@OptTime231[DateTime] = 2016/12/2 9:50:31
@OptUserName232[String] = 秦波
@OptUserId233[Guid] = 0ad06755-9fde-4ddd-9dcb-448462155a03
@DataId234[String] = 
@CompanyId235[Guid] = 078736e6-0cc2-48dc-80f1-6330419b4af1
@LogTypeName236[String] = 数据操作
@LogTypeId237[Int32] = 101
@LogId238[Guid] = 79e2f7e9-b9bc-4299-8e7b-54a6ecf53005



#############################################################################

1、时间：2016-12-02 09:50:34,920
2、优先级别：DEBUG
3、线程ID：12
4、耗时：244474
5、行号：140
6、文件名：e:\Net_03.Personal\Net_Project.DosORM\Project\Dos.ORM\Dos.ORM.Common\Helpers\LogHelper.cs
7、详细信息：
Text:	 SELECT count(*) as r_cnt FROM [SYS_Button] WHERE [SYS_Button].[Status] = @Status239	
Parameters:
@Status239[Int32] = 1



#############################################################################

1、时间：2016-12-02 09:50:34,947
2、优先级别：DEBUG
3、线程ID：12
4、耗时：244501
5、行号：140
6、文件名：e:\Net_03.Personal\Net_Project.DosORM\Project\Dos.ORM\Dos.ORM.Common\Helpers\LogHelper.cs
7、详细信息：
Text:	 SELECT   TOP 15 * FROM [SYS_Button]  WHERE [SYS_Button].[Status] = @Status239 ORDER BY [SYS_Button].[CrtTime] DESC 	
Parameters:
@Status239[Int32] = 1



#############################################################################

1、时间：2016-12-02 09:50:51,868
2、优先级别：DEBUG
3、线程ID：11
4、耗时：261422
5、行号：140
6、文件名：e:\Net_03.Personal\Net_Project.DosORM\Project\Dos.ORM\Dos.ORM.Common\Helpers\LogHelper.cs
7、详细信息：
Text:	 SELECT count(*) as r_cnt FROM [SYS_LogInfo] WHERE ([SYS_LogInfo].[Status] = @Status240) AND ([SYS_LogInfo].[CompanyId] = @CompanyId241)	
Parameters:
@Status240[Int32] = 1
@CompanyId241[Guid] = 078736e6-0cc2-48dc-80f1-6330419b4af1



#############################################################################

1、时间：2016-12-02 09:50:52,159
2、优先级别：DEBUG
3、线程ID：11
4、耗时：261713
5、行号：140
6、文件名：e:\Net_03.Personal\Net_Project.DosORM\Project\Dos.ORM\Dos.ORM.Common\Helpers\LogHelper.cs
7、详细信息：
Text:	 SELECT   TOP 15 * FROM [SYS_LogInfo]  WHERE ([SYS_LogInfo].[Status] = @Status240) AND ([SYS_LogInfo].[CompanyId] = @CompanyId241) 	
Parameters:
@Status240[Int32] = 1
@CompanyId241[Guid] = 078736e6-0cc2-48dc-80f1-6330419b4af1



#############################################################################

1、时间：2016-12-02 09:51:02,106
2、优先级别：DEBUG
3、线程ID：13
4、耗时：271660
5、行号：140
6、文件名：e:\Net_03.Personal\Net_Project.DosORM\Project\Dos.ORM\Dos.ORM.Common\Helpers\LogHelper.cs
7、详细信息：
Text:	 SELECT   * FROM [SYS_LogInfo]  WHERE ([SYS_LogInfo].[Status] = @Status242) AND ([SYS_LogInfo].[CompanyId] = @CompanyId243) 	
Parameters:
@Status242[Int32] = 1
@CompanyId243[Guid] = 078736e6-0cc2-48dc-80f1-6330419b4af1



#############################################################################

1、时间：2016-12-02 09:51:03,558
2、优先级别：DEBUG
3、线程ID：13
4、耗时：273111
5、行号：140
6、文件名：e:\Net_03.Personal\Net_Project.DosORM\Project\Dos.ORM\Dos.ORM.Common\Helpers\LogHelper.cs
7、详细信息：
Text:	INSERT INTO [SYS_LogInfo] ([Desc],[OptResultName],[OptResultId],[OptTypeName],[OptTypeId],[OptModulePath],[OptModuleName],[Status],[Mac],[IP],[Browser],[OptSystem],[OptTime],[OptUserName],[OptUserId],[DataId],[CompanyId],[LogTypeName],[LogTypeId],[LogId]) VALUES (@Desc244,@OptResultName245,@OptResultId246,@OptTypeName247,@OptTypeId248,@OptModulePath249,@OptModuleName250,@Status251,@Mac252,@IP253,@Browser254,@OptSystem255,@OptTime256,@OptUserName257,@OptUserId258,@DataId259,@CompanyId260,@LogTypeName261,@LogTypeId262,@LogId263)	
Parameters:
@Desc244[String] = 导出成功！
@OptResultName245[String] = 
@OptResultId246[Int32] = 0
@OptTypeName247[String] = 导出
@OptTypeId248[Int32] = 1010
@OptModulePath249[String] = /MsSys/LogInfo/ExportList
@OptModuleName250[String] = 日志信息管理
@Status251[Int32] = 1
@Mac252[String] = 40:8D:5C:30:F1:7D
@IP253[String] = 192.168.0.200
@Browser254[String] = Chrome 55.0
@OptSystem255[String] = Windows 10
@OptTime256[DateTime] = 2016/12/2 9:51:03
@OptUserName257[String] = 秦波
@OptUserId258[Guid] = 0ad06755-9fde-4ddd-9dcb-448462155a03
@DataId259[String] = 
@CompanyId260[Guid] = 078736e6-0cc2-48dc-80f1-6330419b4af1
@LogTypeName261[String] = 数据操作
@LogTypeId262[Int32] = 101
@LogId263[Guid] = 7d93c6e1-1c86-4f96-ba73-050387945237



#############################################################################

1、时间：2016-12-02 09:53:28,273
2、优先级别：DEBUG
3、线程ID：12
4、耗时：417827
5、行号：140
6、文件名：e:\Net_03.Personal\Net_Project.DosORM\Project\Dos.ORM\Dos.ORM.Common\Helpers\LogHelper.cs
7、详细信息：
Text:	 SELECT count(*) as r_cnt FROM [BUS_LinkType] WHERE ([BUS_LinkType].[Status] = @Status264) AND ([BUS_LinkType].[CompanyId] = @CompanyId265)	
Parameters:
@Status264[Int32] = 1
@CompanyId265[Guid] = 078736e6-0cc2-48dc-80f1-6330419b4af1



#############################################################################

1、时间：2016-12-02 09:53:28,309
2、优先级别：DEBUG
3、线程ID：12
4、耗时：417862
5、行号：140
6、文件名：e:\Net_03.Personal\Net_Project.DosORM\Project\Dos.ORM\Dos.ORM.Common\Helpers\LogHelper.cs
7、详细信息：
Text:	 SELECT   TOP 15 * FROM [BUS_LinkType]  WHERE ([BUS_LinkType].[Status] = @Status264) AND ([BUS_LinkType].[CompanyId] = @CompanyId265) ORDER BY [BUS_LinkType].[CrtTime] DESC 	
Parameters:
@Status264[Int32] = 1
@CompanyId265[Guid] = 078736e6-0cc2-48dc-80f1-6330419b4af1



#############################################################################

1、时间：2016-12-02 09:53:28,346
2、优先级别：DEBUG
3、线程ID：12
4、耗时：417900
5、行号：140
6、文件名：e:\Net_03.Personal\Net_Project.DosORM\Project\Dos.ORM\Dos.ORM.Common\Helpers\LogHelper.cs
7、详细信息：
Text:	INSERT INTO [SYS_LogInfo] ([Desc],[OptResultName],[OptResultId],[OptTypeName],[OptTypeId],[OptModulePath],[OptModuleName],[Status],[Mac],[IP],[Browser],[OptSystem],[OptTime],[OptUserName],[OptUserId],[DataId],[CompanyId],[LogTypeName],[LogTypeId],[LogId]) VALUES (@Desc266,@OptResultName267,@OptResultId268,@OptTypeName269,@OptTypeId270,@OptModulePath271,@OptModuleName272,@Status273,@Mac274,@IP275,@Browser276,@OptSystem277,@OptTime278,@OptUserName279,@OptUserId280,@DataId281,@CompanyId282,@LogTypeName283,@LogTypeId284,@LogId285)	
Parameters:
@Desc266[String] = 数据查询成功！
@OptResultName267[String] = 操作成功
@OptResultId268[Int32] = 100
@OptTypeName269[String] = 查询
@OptTypeId270[Int32] = 1003
@OptModulePath271[String] = /MsBus/LinkType/GetList
@OptModuleName272[String] = 友情链接类型管理
@Status273[Int32] = 1
@Mac274[String] = 40:8D:5C:30:F1:7D
@IP275[String] = 192.168.0.200
@Browser276[String] = Chrome 55.0
@OptSystem277[String] = Windows 10
@OptTime278[DateTime] = 2016/12/2 9:53:28
@OptUserName279[String] = 秦波
@OptUserId280[Guid] = 0ad06755-9fde-4ddd-9dcb-448462155a03
@DataId281[String] = 
@CompanyId282[Guid] = 078736e6-0cc2-48dc-80f1-6330419b4af1
@LogTypeName283[String] = 数据操作
@LogTypeId284[Int32] = 101
@LogId285[Guid] = a1b7762a-af72-411d-bb4b-e5b8c2af3499



#############################################################################

1、时间：2016-12-02 09:53:29,379
2、优先级别：DEBUG
3、线程ID：11
4、耗时：418933
5、行号：140
6、文件名：e:\Net_03.Personal\Net_Project.DosORM\Project\Dos.ORM\Dos.ORM.Common\Helpers\LogHelper.cs
7、详细信息：
Text:	 SELECT   * FROM [BUS_LinkType]  WHERE (([BUS_LinkType].[Status] = @Status286) AND ([BUS_LinkType].[IsEnable] = @IsEnable287)) AND ([BUS_LinkType].[CompanyId] = @CompanyId288) 	
Parameters:
@Status286[Int32] = 1
@IsEnable287[Int32] = 1
@CompanyId288[Guid] = 078736e6-0cc2-48dc-80f1-6330419b4af1



#############################################################################

1、时间：2016-12-02 09:53:30,057
2、优先级别：DEBUG
3、线程ID：20
4、耗时：419611
5、行号：140
6、文件名：e:\Net_03.Personal\Net_Project.DosORM\Project\Dos.ORM\Dos.ORM.Common\Helpers\LogHelper.cs
7、详细信息：
Text:	 SELECT count(*) as r_cnt FROM [BUS_LinkInfo] LEFT OUTER JOIN [BUS_LinkType] ON ([BUS_LinkInfo].[LinkTypeId] = [BUS_LinkType].[LinkTypeId]) WHERE ([BUS_LinkInfo].[Status] = @Status289) AND ([BUS_LinkInfo].[CompanyId] = @CompanyId290)	
Parameters:
@Status289[Int32] = 1
@CompanyId290[Guid] = 078736e6-0cc2-48dc-80f1-6330419b4af1



#############################################################################

1、时间：2016-12-02 09:53:30,063
2、优先级别：DEBUG
3、线程ID：20
4、耗时：419617
5、行号：140
6、文件名：e:\Net_03.Personal\Net_Project.DosORM\Project\Dos.ORM\Dos.ORM.Common\Helpers\LogHelper.cs
7、详细信息：
Text:	 SELECT   TOP 15 [BUS_LinkInfo].*,[BUS_LinkType].[LinkTypeName] FROM [BUS_LinkInfo] LEFT OUTER JOIN [BUS_LinkType] ON ([BUS_LinkInfo].[LinkTypeId] = [BUS_LinkType].[LinkTypeId])  WHERE ([BUS_LinkInfo].[Status] = @Status289) AND ([BUS_LinkInfo].[CompanyId] = @CompanyId290) 	
Parameters:
@Status289[Int32] = 1
@CompanyId290[Guid] = 078736e6-0cc2-48dc-80f1-6330419b4af1



#############################################################################

1、时间：2016-12-02 09:53:30,103
2、优先级别：DEBUG
3、线程ID：20
4、耗时：419657
5、行号：140
6、文件名：e:\Net_03.Personal\Net_Project.DosORM\Project\Dos.ORM\Dos.ORM.Common\Helpers\LogHelper.cs
7、详细信息：
Text:	INSERT INTO [SYS_LogInfo] ([Desc],[OptResultName],[OptResultId],[OptTypeName],[OptTypeId],[OptModulePath],[OptModuleName],[Status],[Mac],[IP],[Browser],[OptSystem],[OptTime],[OptUserName],[OptUserId],[DataId],[CompanyId],[LogTypeName],[LogTypeId],[LogId]) VALUES (@Desc291,@OptResultName292,@OptResultId293,@OptTypeName294,@OptTypeId295,@OptModulePath296,@OptModuleName297,@Status298,@Mac299,@IP300,@Browser301,@OptSystem302,@OptTime303,@OptUserName304,@OptUserId305,@DataId306,@CompanyId307,@LogTypeName308,@LogTypeId309,@LogId310)	
Parameters:
@Desc291[String] = 数据查询成功！
@OptResultName292[String] = 操作成功
@OptResultId293[Int32] = 100
@OptTypeName294[String] = 查询
@OptTypeId295[Int32] = 1003
@OptModulePath296[String] = /MsBus/LinkInfo/GetList
@OptModuleName297[String] = 友情链接信息管理
@Status298[Int32] = 1
@Mac299[String] = 40:8D:5C:30:F1:7D
@IP300[String] = 192.168.0.200
@Browser301[String] = Chrome 55.0
@OptSystem302[String] = Windows 10
@OptTime303[DateTime] = 2016/12/2 9:53:30
@OptUserName304[String] = 秦波
@OptUserId305[Guid] = 0ad06755-9fde-4ddd-9dcb-448462155a03
@DataId306[String] = 
@CompanyId307[Guid] = 078736e6-0cc2-48dc-80f1-6330419b4af1
@LogTypeName308[String] = 数据操作
@LogTypeId309[Int32] = 101
@LogId310[Guid] = df4bddf0-2299-4a55-ac9c-ed582e61fac5



#############################################################################

1、时间：2016-12-02 09:53:34,117
2、优先级别：DEBUG
3、线程ID：15
4、耗时：423671
5、行号：140
6、文件名：e:\Net_03.Personal\Net_Project.DosORM\Project\Dos.ORM\Dos.ORM.Common\Helpers\LogHelper.cs
7、详细信息：
Text:	 SELECT   * FROM [BUS_BannerType]  WHERE (([BUS_BannerType].[Status] = @Status311) AND ([BUS_BannerType].[IsEnable] = @IsEnable312)) AND ([BUS_BannerType].[CompanyId] = @CompanyId313) 	
Parameters:
@Status311[Int32] = 1
@IsEnable312[Int32] = 1
@CompanyId313[Guid] = 078736e6-0cc2-48dc-80f1-6330419b4af1



#############################################################################

1、时间：2016-12-02 09:53:34,670
2、优先级别：DEBUG
3、线程ID：16
4、耗时：424224
5、行号：140
6、文件名：e:\Net_03.Personal\Net_Project.DosORM\Project\Dos.ORM\Dos.ORM.Common\Helpers\LogHelper.cs
7、详细信息：
Text:	 SELECT count(*) as r_cnt FROM [BUS_BannerInfo] LEFT OUTER JOIN [BUS_BannerType] ON ([BUS_BannerInfo].[BannerTypeId] = [BUS_BannerType].[BannerTypeId]) WHERE ([BUS_BannerInfo].[Status] = @Status314) AND ([BUS_BannerInfo].[CompanyId] = @CompanyId315)	
Parameters:
@Status314[Int32] = 1
@CompanyId315[Guid] = 078736e6-0cc2-48dc-80f1-6330419b4af1



#############################################################################

1、时间：2016-12-02 09:53:34,697
2、优先级别：DEBUG
3、线程ID：16
4、耗时：424251
5、行号：140
6、文件名：e:\Net_03.Personal\Net_Project.DosORM\Project\Dos.ORM\Dos.ORM.Common\Helpers\LogHelper.cs
7、详细信息：
Text:	 SELECT   TOP 15 [BUS_BannerInfo].*,[BUS_BannerType].[BannerTypeName] FROM [BUS_BannerInfo] LEFT OUTER JOIN [BUS_BannerType] ON ([BUS_BannerInfo].[BannerTypeId] = [BUS_BannerType].[BannerTypeId])  WHERE ([BUS_BannerInfo].[Status] = @Status314) AND ([BUS_BannerInfo].[CompanyId] = @CompanyId315) 	
Parameters:
@Status314[Int32] = 1
@CompanyId315[Guid] = 078736e6-0cc2-48dc-80f1-6330419b4af1



#############################################################################

1、时间：2016-12-02 09:53:34,720
2、优先级别：DEBUG
3、线程ID：16
4、耗时：424274
5、行号：140
6、文件名：e:\Net_03.Personal\Net_Project.DosORM\Project\Dos.ORM\Dos.ORM.Common\Helpers\LogHelper.cs
7、详细信息：
Text:	INSERT INTO [SYS_LogInfo] ([Desc],[OptResultName],[OptResultId],[OptTypeName],[OptTypeId],[OptModulePath],[OptModuleName],[Status],[Mac],[IP],[Browser],[OptSystem],[OptTime],[OptUserName],[OptUserId],[DataId],[CompanyId],[LogTypeName],[LogTypeId],[LogId]) VALUES (@Desc316,@OptResultName317,@OptResultId318,@OptTypeName319,@OptTypeId320,@OptModulePath321,@OptModuleName322,@Status323,@Mac324,@IP325,@Browser326,@OptSystem327,@OptTime328,@OptUserName329,@OptUserId330,@DataId331,@CompanyId332,@LogTypeName333,@LogTypeId334,@LogId335)	
Parameters:
@Desc316[String] = 数据查询成功！
@OptResultName317[String] = 操作成功
@OptResultId318[Int32] = 100
@OptTypeName319[String] = 查询
@OptTypeId320[Int32] = 1003
@OptModulePath321[String] = /MsBus/BannerInfo/GetList
@OptModuleName322[String] = 横幅信息管理
@Status323[Int32] = 1
@Mac324[String] = 40:8D:5C:30:F1:7D
@IP325[String] = 192.168.0.200
@Browser326[String] = Chrome 55.0
@OptSystem327[String] = Windows 10
@OptTime328[DateTime] = 2016/12/2 9:53:34
@OptUserName329[String] = 秦波
@OptUserId330[Guid] = 0ad06755-9fde-4ddd-9dcb-448462155a03
@DataId331[String] = 
@CompanyId332[Guid] = 078736e6-0cc2-48dc-80f1-6330419b4af1
@LogTypeName333[String] = 数据操作
@LogTypeId334[Int32] = 101
@LogId335[Guid] = 47c52fcd-940c-4837-b7d9-3c85e2bf7c52



#############################################################################

1、时间：2016-12-02 09:53:39,931
2、优先级别：DEBUG
3、线程ID：20
4、耗时：429485
5、行号：140
6、文件名：e:\Net_03.Personal\Net_Project.DosORM\Project\Dos.ORM\Dos.ORM.Common\Helpers\LogHelper.cs
7、详细信息：
Text:	 SELECT count(*) as r_cnt FROM [BUS_BannerType] WHERE ([BUS_BannerType].[Status] = @Status336) AND ([BUS_BannerType].[CompanyId] = @CompanyId337)	
Parameters:
@Status336[Int32] = 1
@CompanyId337[Guid] = 078736e6-0cc2-48dc-80f1-6330419b4af1



#############################################################################

1、时间：2016-12-02 09:53:39,961
2、优先级别：DEBUG
3、线程ID：20
4、耗时：429515
5、行号：140
6、文件名：e:\Net_03.Personal\Net_Project.DosORM\Project\Dos.ORM\Dos.ORM.Common\Helpers\LogHelper.cs
7、详细信息：
Text:	 SELECT   TOP 15 * FROM [BUS_BannerType]  WHERE ([BUS_BannerType].[Status] = @Status336) AND ([BUS_BannerType].[CompanyId] = @CompanyId337) ORDER BY [BUS_BannerType].[CrtTime] DESC 	
Parameters:
@Status336[Int32] = 1
@CompanyId337[Guid] = 078736e6-0cc2-48dc-80f1-6330419b4af1



#############################################################################

1、时间：2016-12-02 09:53:39,988
2、优先级别：DEBUG
3、线程ID：20
4、耗时：429542
5、行号：140
6、文件名：e:\Net_03.Personal\Net_Project.DosORM\Project\Dos.ORM\Dos.ORM.Common\Helpers\LogHelper.cs
7、详细信息：
Text:	INSERT INTO [SYS_LogInfo] ([Desc],[OptResultName],[OptResultId],[OptTypeName],[OptTypeId],[OptModulePath],[OptModuleName],[Status],[Mac],[IP],[Browser],[OptSystem],[OptTime],[OptUserName],[OptUserId],[DataId],[CompanyId],[LogTypeName],[LogTypeId],[LogId]) VALUES (@Desc338,@OptResultName339,@OptResultId340,@OptTypeName341,@OptTypeId342,@OptModulePath343,@OptModuleName344,@Status345,@Mac346,@IP347,@Browser348,@OptSystem349,@OptTime350,@OptUserName351,@OptUserId352,@DataId353,@CompanyId354,@LogTypeName355,@LogTypeId356,@LogId357)	
Parameters:
@Desc338[String] = 数据查询成功！
@OptResultName339[String] = 操作成功
@OptResultId340[Int32] = 100
@OptTypeName341[String] = 查询
@OptTypeId342[Int32] = 1003
@OptModulePath343[String] = /MsBus/BannerType/GetList
@OptModuleName344[String] = 横幅类别管理
@Status345[Int32] = 1
@Mac346[String] = 40:8D:5C:30:F1:7D
@IP347[String] = 192.168.0.200
@Browser348[String] = Chrome 55.0
@OptSystem349[String] = Windows 10
@OptTime350[DateTime] = 2016/12/2 9:53:39
@OptUserName351[String] = 秦波
@OptUserId352[Guid] = 0ad06755-9fde-4ddd-9dcb-448462155a03
@DataId353[String] = 
@CompanyId354[Guid] = 078736e6-0cc2-48dc-80f1-6330419b4af1
@LogTypeName355[String] = 数据操作
@LogTypeId356[Int32] = 101
@LogId357[Guid] = a5e9088b-41e7-4ff6-938f-ccef633d6f0a



#############################################################################

1、时间：2016-12-02 09:53:42,026
2、优先级别：DEBUG
3、线程ID：16
4、耗时：431580
5、行号：140
6、文件名：e:\Net_03.Personal\Net_Project.DosORM\Project\Dos.ORM\Dos.ORM.Common\Helpers\LogHelper.cs
7、详细信息：
Text:	 SELECT   TOP 1 [BUS_Introduction].[IntId] FROM [BUS_Introduction]  WHERE [BUS_Introduction].[IntId] = @IntId358 	
Parameters:
@IntId358[Int32] = 100



#############################################################################

1、时间：2016-12-02 09:53:42,299
2、优先级别：DEBUG
3、线程ID：16
4、耗时：431852
5、行号：140
6、文件名：e:\Net_03.Personal\Net_Project.DosORM\Project\Dos.ORM\Dos.ORM.Common\Helpers\LogHelper.cs
7、详细信息：
Text:	 SELECT   TOP 1 * FROM [BUS_Introduction]  WHERE [BUS_Introduction].[IntId] = @IntId359 	
Parameters:
@IntId359[Int32] = 100



#############################################################################

1、时间：2016-12-02 09:53:44,274
2、优先级别：DEBUG
3、线程ID：15
4、耗时：433828
5、行号：140
6、文件名：e:\Net_03.Personal\Net_Project.DosORM\Project\Dos.ORM\Dos.ORM.Common\Helpers\LogHelper.cs
7、详细信息：
Text:	 SELECT   TOP 1 [BUS_Introduction].[IntId] FROM [BUS_Introduction]  WHERE [BUS_Introduction].[IntId] = @IntId360 	
Parameters:
@IntId360[Int32] = 200



#############################################################################

1、时间：2016-12-02 09:53:44,276
2、优先级别：DEBUG
3、线程ID：15
4、耗时：433830
5、行号：140
6、文件名：e:\Net_03.Personal\Net_Project.DosORM\Project\Dos.ORM\Dos.ORM.Common\Helpers\LogHelper.cs
7、详细信息：
Text:	 SELECT   TOP 1 * FROM [BUS_Introduction]  WHERE [BUS_Introduction].[IntId] = @IntId361 	
Parameters:
@IntId361[Int32] = 200



#############################################################################

1、时间：2016-12-02 09:53:52,755
2、优先级别：DEBUG
3、线程ID：19
4、耗时：442309
5、行号：140
6、文件名：e:\Net_03.Personal\Net_Project.DosORM\Project\Dos.ORM\Dos.ORM.Common\Helpers\LogHelper.cs
7、详细信息：
Text:	 SELECT count(*) as r_cnt FROM [BUS_NewsType] WHERE ([BUS_NewsType].[Status] = @Status362) AND ([BUS_NewsType].[CompanyId] = @CompanyId363)	
Parameters:
@Status362[Int32] = 1
@CompanyId363[Guid] = 078736e6-0cc2-48dc-80f1-6330419b4af1



#############################################################################

1、时间：2016-12-02 09:53:52,765
2、优先级别：DEBUG
3、线程ID：19
4、耗时：442319
5、行号：140
6、文件名：e:\Net_03.Personal\Net_Project.DosORM\Project\Dos.ORM\Dos.ORM.Common\Helpers\LogHelper.cs
7、详细信息：
Text:	 SELECT   TOP 15 * FROM [BUS_NewsType]  WHERE ([BUS_NewsType].[Status] = @Status362) AND ([BUS_NewsType].[CompanyId] = @CompanyId363) ORDER BY [BUS_NewsType].[CrtTime] DESC 	
Parameters:
@Status362[Int32] = 1
@CompanyId363[Guid] = 078736e6-0cc2-48dc-80f1-6330419b4af1



#############################################################################

1、时间：2016-12-02 09:53:52,804
2、优先级别：DEBUG
3、线程ID：19
4、耗时：442358
5、行号：140
6、文件名：e:\Net_03.Personal\Net_Project.DosORM\Project\Dos.ORM\Dos.ORM.Common\Helpers\LogHelper.cs
7、详细信息：
Text:	INSERT INTO [SYS_LogInfo] ([Desc],[OptResultName],[OptResultId],[OptTypeName],[OptTypeId],[OptModulePath],[OptModuleName],[Status],[Mac],[IP],[Browser],[OptSystem],[OptTime],[OptUserName],[OptUserId],[DataId],[CompanyId],[LogTypeName],[LogTypeId],[LogId]) VALUES (@Desc364,@OptResultName365,@OptResultId366,@OptTypeName367,@OptTypeId368,@OptModulePath369,@OptModuleName370,@Status371,@Mac372,@IP373,@Browser374,@OptSystem375,@OptTime376,@OptUserName377,@OptUserId378,@DataId379,@CompanyId380,@LogTypeName381,@LogTypeId382,@LogId383)	
Parameters:
@Desc364[String] = 数据查询成功！
@OptResultName365[String] = 操作成功
@OptResultId366[Int32] = 100
@OptTypeName367[String] = 查询
@OptTypeId368[Int32] = 1003
@OptModulePath369[String] = /MsBus/NewsType/GetList
@OptModuleName370[String] = 新闻类别管理
@Status371[Int32] = 1
@Mac372[String] = 40:8D:5C:30:F1:7D
@IP373[String] = 192.168.0.200
@Browser374[String] = Chrome 55.0
@OptSystem375[String] = Windows 10
@OptTime376[DateTime] = 2016/12/2 9:53:52
@OptUserName377[String] = 秦波
@OptUserId378[Guid] = 0ad06755-9fde-4ddd-9dcb-448462155a03
@DataId379[String] = 
@CompanyId380[Guid] = 078736e6-0cc2-48dc-80f1-6330419b4af1
@LogTypeName381[String] = 数据操作
@LogTypeId382[Int32] = 101
@LogId383[Guid] = e983b746-4681-4d36-99e3-f0a5d73555f4



#############################################################################

1、时间：2016-12-02 09:53:54,445
2、优先级别：DEBUG
3、线程ID：16
4、耗时：443999
5、行号：140
6、文件名：e:\Net_03.Personal\Net_Project.DosORM\Project\Dos.ORM\Dos.ORM.Common\Helpers\LogHelper.cs
7、详细信息：
Text:	 SELECT   * FROM [BUS_NewsType]  WHERE (([BUS_NewsType].[Status] = @Status384) AND ([BUS_NewsType].[IsEnable] = @IsEnable385)) AND ([BUS_NewsType].[CompanyId] = @CompanyId386) 	
Parameters:
@Status384[Int32] = 1
@IsEnable385[Int32] = 1
@CompanyId386[Guid] = 078736e6-0cc2-48dc-80f1-6330419b4af1



#############################################################################

1、时间：2016-12-02 09:53:55,055
2、优先级别：DEBUG
3、线程ID：9
4、耗时：444609
5、行号：140
6、文件名：e:\Net_03.Personal\Net_Project.DosORM\Project\Dos.ORM\Dos.ORM.Common\Helpers\LogHelper.cs
7、详细信息：
Text:	 SELECT count(*) as r_cnt FROM [BUS_NewsInfo] LEFT OUTER JOIN [BUS_NewsType] ON ([BUS_NewsInfo].[NewsTypeId] = [BUS_NewsType].[NewsTypeId]) WHERE ([BUS_NewsInfo].[Status] = @Status387) AND ([BUS_NewsInfo].[CompanyId] = @CompanyId388)	
Parameters:
@Status387[Int32] = 1
@CompanyId388[Guid] = 078736e6-0cc2-48dc-80f1-6330419b4af1



#############################################################################

1、时间：2016-12-02 09:53:55,079
2、优先级别：DEBUG
3、线程ID：9
4、耗时：444633
5、行号：140
6、文件名：e:\Net_03.Personal\Net_Project.DosORM\Project\Dos.ORM\Dos.ORM.Common\Helpers\LogHelper.cs
7、详细信息：
Text:	 SELECT   TOP 15 [BUS_NewsInfo].*,[BUS_NewsType].[NewsTypeName] FROM [BUS_NewsInfo] LEFT OUTER JOIN [BUS_NewsType] ON ([BUS_NewsInfo].[NewsTypeId] = [BUS_NewsType].[NewsTypeId])  WHERE ([BUS_NewsInfo].[Status] = @Status387) AND ([BUS_NewsInfo].[CompanyId] = @CompanyId388) 	
Parameters:
@Status387[Int32] = 1
@CompanyId388[Guid] = 078736e6-0cc2-48dc-80f1-6330419b4af1



#############################################################################

1、时间：2016-12-02 09:53:55,099
2、优先级别：DEBUG
3、线程ID：9
4、耗时：444653
5、行号：140
6、文件名：e:\Net_03.Personal\Net_Project.DosORM\Project\Dos.ORM\Dos.ORM.Common\Helpers\LogHelper.cs
7、详细信息：
Text:	INSERT INTO [SYS_LogInfo] ([Desc],[OptResultName],[OptResultId],[OptTypeName],[OptTypeId],[OptModulePath],[OptModuleName],[Status],[Mac],[IP],[Browser],[OptSystem],[OptTime],[OptUserName],[OptUserId],[DataId],[CompanyId],[LogTypeName],[LogTypeId],[LogId]) VALUES (@Desc389,@OptResultName390,@OptResultId391,@OptTypeName392,@OptTypeId393,@OptModulePath394,@OptModuleName395,@Status396,@Mac397,@IP398,@Browser399,@OptSystem400,@OptTime401,@OptUserName402,@OptUserId403,@DataId404,@CompanyId405,@LogTypeName406,@LogTypeId407,@LogId408)	
Parameters:
@Desc389[String] = 数据查询成功！
@OptResultName390[String] = 操作成功
@OptResultId391[Int32] = 100
@OptTypeName392[String] = 查询
@OptTypeId393[Int32] = 1003
@OptModulePath394[String] = /MsBus/NewsInfo/GetList
@OptModuleName395[String] = 新闻信息管理
@Status396[Int32] = 1
@Mac397[String] = 40:8D:5C:30:F1:7D
@IP398[String] = 192.168.0.200
@Browser399[String] = Chrome 55.0
@OptSystem400[String] = Windows 10
@OptTime401[DateTime] = 2016/12/2 9:53:55
@OptUserName402[String] = 秦波
@OptUserId403[Guid] = 0ad06755-9fde-4ddd-9dcb-448462155a03
@DataId404[String] = 
@CompanyId405[Guid] = 078736e6-0cc2-48dc-80f1-6330419b4af1
@LogTypeName406[String] = 数据操作
@LogTypeId407[Int32] = 101
@LogId408[Guid] = ac221cc7-cef2-44e7-8317-1bcd95fe42ea



#############################################################################

1、时间：2016-12-02 09:53:57,030
2、优先级别：DEBUG
3、线程ID：22
4、耗时：446584
5、行号：140
6、文件名：e:\Net_03.Personal\Net_Project.DosORM\Project\Dos.ORM\Dos.ORM.Common\Helpers\LogHelper.cs
7、详细信息：
Text:	 SELECT   TOP 1 * FROM [BUS_NewsInfo]  WHERE [BUS_NewsInfo].[NewsInfoId] = @NewsInfoId409 	
Parameters:
@NewsInfoId409[Guid] = 1377f766-ed72-481a-9f16-0f34142d0a9d



#############################################################################

1、时间：2016-12-02 09:53:57,057
2、优先级别：DEBUG
3、线程ID：22
4、耗时：446611
5、行号：140
6、文件名：e:\Net_03.Personal\Net_Project.DosORM\Project\Dos.ORM\Dos.ORM.Common\Helpers\LogHelper.cs
7、详细信息：
Text:	 SELECT   * FROM [BUS_NewsType]  WHERE (([BUS_NewsType].[Status] = @Status410) AND ([BUS_NewsType].[IsEnable] = @IsEnable411)) AND ([BUS_NewsType].[CompanyId] = @CompanyId412) 	
Parameters:
@Status410[Int32] = 1
@IsEnable411[Int32] = 1
@CompanyId412[Guid] = 078736e6-0cc2-48dc-80f1-6330419b4af1



#############################################################################

1、时间：2016-12-02 09:54:15,405
2、优先级别：DEBUG
3、线程ID：9
4、耗时：464959
5、行号：140
6、文件名：e:\Net_03.Personal\Net_Project.DosORM\Project\Dos.ORM\Dos.ORM.Common\Helpers\LogHelper.cs
7、详细信息：
Text:	 SELECT   TOP 1 [BUS_NewsInfo].[NewsInfoId] FROM [BUS_NewsInfo]  WHERE (([BUS_NewsInfo].[NewsInfoId] <> @NewsInfoId413) AND ([BUS_NewsInfo].[CompanyId] = @CompanyId414)) AND ([BUS_NewsInfo].[Title] = @Title415) 	
Parameters:
@NewsInfoId413[Guid] = 1377f766-ed72-481a-9f16-0f34142d0a9d
@CompanyId414[Guid] = 078736e6-0cc2-48dc-80f1-6330419b4af1
@Title415[String] = 标题1



#############################################################################

1、时间：2016-12-02 09:54:15,407
2、优先级别：DEBUG
3、线程ID：9
4、耗时：464961
5、行号：140
6、文件名：e:\Net_03.Personal\Net_Project.DosORM\Project\Dos.ORM\Dos.ORM.Common\Helpers\LogHelper.cs
7、详细信息：
Text:	 SELECT   TOP 1 * FROM [BUS_NewsInfo]  WHERE [BUS_NewsInfo].[NewsInfoId] = @NewsInfoId416 	
Parameters:
@NewsInfoId416[Guid] = 1377f766-ed72-481a-9f16-0f34142d0a9d



#############################################################################

1、时间：2016-12-02 09:54:15,415
2、优先级别：DEBUG
3、线程ID：9
4、耗时：464969
5、行号：140
6、文件名：e:\Net_03.Personal\Net_Project.DosORM\Project\Dos.ORM\Dos.ORM.Common\Helpers\LogHelper.cs
7、详细信息：
Text:	UPDATE [BUS_NewsInfo] SET [ModTime]=@ModTime418,[ModOptId]=@ModOptId419,[DtlInfo]=@DtlInfo420,[IsEnable]=@IsEnable421,[IsTop]=@IsTop422,[ImgPath]=@ImgPath423,[ImgHeight]=@ImgHeight424,[ImgWidth]=@ImgWidth425,[Summary]=@Summary426,[Keyword]=@Keyword427,[SourceLink]=@SourceLink428,[Source]=@Source429,[Subtitle]=@Subtitle430,[TitleFont]=@TitleFont431,[TitleColor]=@TitleColor432,[Title]=@Title433,[NewsTypeId]=@NewsTypeId434 WHERE [BUS_NewsInfo].[NewsInfoId] = @NewsInfoId417	
Parameters:
@ModTime418[DateTime] = 2016/12/2 9:54:15
@ModOptId419[Guid] = 0ad06755-9fde-4ddd-9dcb-448462155a03
@DtlInfo420[String] = <p><span style="font-size: 14px;">我是测试的信息1</span></p><p><span style="font-size: 14px;"><span style="font-size: 14px;">我是测试的信息1</span></span></p><p><span style="font-size: 14px;"><span style="font-size: 14px;"><span style="font-size: 14px;">我是测试的信息1</span></span></span></p><p><strong><span style="font-size: 14px;"><span style="font-size: 14px;"><span style="font-size: 14px;"><span style="font-size: 14px;">我是测试的信息1</span></span></span></span></strong></p><p><span style="font-size: 14px;"><span style="font-size: 14px;"><span style="font-size: 14px;"><span style="font-size: 14px;"><span style="font-size: 14px;">我是测试的信息1</span></span></span></span></span></p>
@IsEnable421[Int32] = 1
@IsTop422[Int32] = 0
@ImgPath423[String] = /Content/Upload/Uploadify/Images/BusNewsInfo/20160926/s_88027591538035783157.png
@ImgHeight424[Int32] = 100
@ImgWidth425[Int32] = 200
@Summary426[String] = 11111111
@Keyword427[String] = 姚明
@SourceLink428[String] = http://www.ifeng.com
@Source429[String] = 凤凰网
@Subtitle430[String] = 副标题1
@TitleFont431[Int32] = 16
@TitleColor432[String] = #c70ec7
@Title433[String] = 标题1
@NewsTypeId434[Guid] = c6aa51d3-8a84-4769-8c14-df22febdd090
@NewsInfoId417[Guid] = 1377f766-ed72-481a-9f16-0f34142d0a9d



#############################################################################

1、时间：2016-12-02 09:54:15,538
2、优先级别：DEBUG
3、线程ID：9
4、耗时：465092
5、行号：140
6、文件名：e:\Net_03.Personal\Net_Project.DosORM\Project\Dos.ORM\Dos.ORM.Common\Helpers\LogHelper.cs
7、详细信息：
Text:	INSERT INTO [SYS_LogInfo] ([Desc],[OptResultName],[OptResultId],[OptTypeName],[OptTypeId],[OptModulePath],[OptModuleName],[Status],[Mac],[IP],[Browser],[OptSystem],[OptTime],[OptUserName],[OptUserId],[DataId],[CompanyId],[LogTypeName],[LogTypeId],[LogId]) VALUES (@Desc435,@OptResultName436,@OptResultId437,@OptTypeName438,@OptTypeId439,@OptModulePath440,@OptModuleName441,@Status442,@Mac443,@IP444,@Browser445,@OptSystem446,@OptTime447,@OptUserName448,@OptUserId449,@DataId450,@CompanyId451,@LogTypeName452,@LogTypeId453,@LogId454)	
Parameters:
@Desc435[String] = 数据保存成功！
@OptResultName436[String] = 操作成功
@OptResultId437[Int32] = 100
@OptTypeName438[String] = 修改
@OptTypeId439[Int32] = 1002
@OptModulePath440[String] = /MsBus/NewsInfo/SaveData
@OptModuleName441[String] = 新闻信息管理
@Status442[Int32] = 1
@Mac443[String] = 40:8D:5C:30:F1:7D
@IP444[String] = 192.168.0.200
@Browser445[String] = Chrome 55.0
@OptSystem446[String] = Windows 10
@OptTime447[DateTime] = 2016/12/2 9:54:15
@OptUserName448[String] = 秦波
@OptUserId449[Guid] = 0ad06755-9fde-4ddd-9dcb-448462155a03
@DataId450[String] = 1377f766-ed72-481a-9f16-0f34142d0a9d
@CompanyId451[Guid] = 078736e6-0cc2-48dc-80f1-6330419b4af1
@LogTypeName452[String] = 数据操作
@LogTypeId453[Int32] = 101
@LogId454[Guid] = 1258a7f8-1da9-455e-b472-e4c715809a71



#############################################################################

1、时间：2016-12-02 09:54:17,126
2、优先级别：DEBUG
3、线程ID：26
4、耗时：466680
5、行号：140
6、文件名：e:\Net_03.Personal\Net_Project.DosORM\Project\Dos.ORM\Dos.ORM.Common\Helpers\LogHelper.cs
7、详细信息：
Text:	 SELECT count(*) as r_cnt FROM [BUS_NewsInfo] LEFT OUTER JOIN [BUS_NewsType] ON ([BUS_NewsInfo].[NewsTypeId] = [BUS_NewsType].[NewsTypeId]) WHERE ([BUS_NewsInfo].[Status] = @Status455) AND ([BUS_NewsInfo].[CompanyId] = @CompanyId456)	
Parameters:
@Status455[Int32] = 1
@CompanyId456[Guid] = 078736e6-0cc2-48dc-80f1-6330419b4af1



#############################################################################

1、时间：2016-12-02 09:54:17,129
2、优先级别：DEBUG
3、线程ID：26
4、耗时：466683
5、行号：140
6、文件名：e:\Net_03.Personal\Net_Project.DosORM\Project\Dos.ORM\Dos.ORM.Common\Helpers\LogHelper.cs
7、详细信息：
Text:	 SELECT   TOP 15 [BUS_NewsInfo].*,[BUS_NewsType].[NewsTypeName] FROM [BUS_NewsInfo] LEFT OUTER JOIN [BUS_NewsType] ON ([BUS_NewsInfo].[NewsTypeId] = [BUS_NewsType].[NewsTypeId])  WHERE ([BUS_NewsInfo].[Status] = @Status455) AND ([BUS_NewsInfo].[CompanyId] = @CompanyId456) 	
Parameters:
@Status455[Int32] = 1
@CompanyId456[Guid] = 078736e6-0cc2-48dc-80f1-6330419b4af1



#############################################################################

1、时间：2016-12-02 09:54:17,160
2、优先级别：DEBUG
3、线程ID：26
4、耗时：466714
5、行号：140
6、文件名：e:\Net_03.Personal\Net_Project.DosORM\Project\Dos.ORM\Dos.ORM.Common\Helpers\LogHelper.cs
7、详细信息：
Text:	INSERT INTO [SYS_LogInfo] ([Desc],[OptResultName],[OptResultId],[OptTypeName],[OptTypeId],[OptModulePath],[OptModuleName],[Status],[Mac],[IP],[Browser],[OptSystem],[OptTime],[OptUserName],[OptUserId],[DataId],[CompanyId],[LogTypeName],[LogTypeId],[LogId]) VALUES (@Desc457,@OptResultName458,@OptResultId459,@OptTypeName460,@OptTypeId461,@OptModulePath462,@OptModuleName463,@Status464,@Mac465,@IP466,@Browser467,@OptSystem468,@OptTime469,@OptUserName470,@OptUserId471,@DataId472,@CompanyId473,@LogTypeName474,@LogTypeId475,@LogId476)	
Parameters:
@Desc457[String] = 数据查询成功！
@OptResultName458[String] = 操作成功
@OptResultId459[Int32] = 100
@OptTypeName460[String] = 查询
@OptTypeId461[Int32] = 1003
@OptModulePath462[String] = /MsBus/NewsInfo/GetList
@OptModuleName463[String] = 新闻信息管理
@Status464[Int32] = 1
@Mac465[String] = 40:8D:5C:30:F1:7D
@IP466[String] = 192.168.0.200
@Browser467[String] = Chrome 55.0
@OptSystem468[String] = Windows 10
@OptTime469[DateTime] = 2016/12/2 9:54:17
@OptUserName470[String] = 秦波
@OptUserId471[Guid] = 0ad06755-9fde-4ddd-9dcb-448462155a03
@DataId472[String] = 
@CompanyId473[Guid] = 078736e6-0cc2-48dc-80f1-6330419b4af1
@LogTypeName474[String] = 数据操作
@LogTypeId475[Int32] = 101
@LogId476[Guid] = c94533b2-cd5e-4bec-963a-f099cdbc451b



#############################################################################

1、时间：2016-12-02 09:54:20,148
2、优先级别：DEBUG
3、线程ID：19
4、耗时：469702
5、行号：140
6、文件名：e:\Net_03.Personal\Net_Project.DosORM\Project\Dos.ORM\Dos.ORM.Common\Helpers\LogHelper.cs
7、详细信息：
Text:	 SELECT   TOP 1 * FROM [BUS_NewsInfo]  WHERE [BUS_NewsInfo].[NewsInfoId] = @NewsInfoId477 	
Parameters:
@NewsInfoId477[Guid] = 23bdf7f6-5bd8-4b75-92d8-da26593b532c



#############################################################################

1、时间：2016-12-02 09:54:20,156
2、优先级别：DEBUG
3、线程ID：19
4、耗时：469710
5、行号：140
6、文件名：e:\Net_03.Personal\Net_Project.DosORM\Project\Dos.ORM\Dos.ORM.Common\Helpers\LogHelper.cs
7、详细信息：
Text:	 SELECT   * FROM [BUS_NewsType]  WHERE (([BUS_NewsType].[Status] = @Status478) AND ([BUS_NewsType].[IsEnable] = @IsEnable479)) AND ([BUS_NewsType].[CompanyId] = @CompanyId480) 	
Parameters:
@Status478[Int32] = 1
@IsEnable479[Int32] = 1
@CompanyId480[Guid] = 078736e6-0cc2-48dc-80f1-6330419b4af1



#############################################################################

1、时间：2016-12-02 09:54:28,573
2、优先级别：DEBUG
3、线程ID：8
4、耗时：478127
5、行号：140
6、文件名：e:\Net_03.Personal\Net_Project.DosORM\Project\Dos.ORM\Dos.ORM.Common\Helpers\LogHelper.cs
7、详细信息：
Text:	 SELECT   TOP 1 [BUS_NewsInfo].[NewsInfoId] FROM [BUS_NewsInfo]  WHERE (([BUS_NewsInfo].[NewsInfoId] <> @NewsInfoId481) AND ([BUS_NewsInfo].[CompanyId] = @CompanyId482)) AND ([BUS_NewsInfo].[Title] = @Title483) 	
Parameters:
@NewsInfoId481[Guid] = 23bdf7f6-5bd8-4b75-92d8-da26593b532c
@CompanyId482[Guid] = 078736e6-0cc2-48dc-80f1-6330419b4af1
@Title483[String] = 标题2



#############################################################################

1、时间：2016-12-02 09:54:28,577
2、优先级别：DEBUG
3、线程ID：8
4、耗时：478131
5、行号：140
6、文件名：e:\Net_03.Personal\Net_Project.DosORM\Project\Dos.ORM\Dos.ORM.Common\Helpers\LogHelper.cs
7、详细信息：
Text:	 SELECT   TOP 1 * FROM [BUS_NewsInfo]  WHERE [BUS_NewsInfo].[NewsInfoId] = @NewsInfoId484 	
Parameters:
@NewsInfoId484[Guid] = 23bdf7f6-5bd8-4b75-92d8-da26593b532c



#############################################################################

1、时间：2016-12-02 09:54:28,583
2、优先级别：DEBUG
3、线程ID：8
4、耗时：478137
5、行号：140
6、文件名：e:\Net_03.Personal\Net_Project.DosORM\Project\Dos.ORM\Dos.ORM.Common\Helpers\LogHelper.cs
7、详细信息：
Text:	UPDATE [BUS_NewsInfo] SET [ModTime]=@ModTime486,[ModOptId]=@ModOptId487,[DtlInfo]=@DtlInfo488,[IsEnable]=@IsEnable489,[IsTop]=@IsTop490,[ImgPath]=@ImgPath491,[ImgHeight]=@ImgHeight492,[ImgWidth]=@ImgWidth493,[Summary]=@Summary494,[Keyword]=@Keyword495,[SourceLink]=@SourceLink496,[Source]=@Source497,[Subtitle]=@Subtitle498,[TitleFont]=@TitleFont499,[TitleColor]=@TitleColor500,[Title]=@Title501,[NewsTypeId]=@NewsTypeId502 WHERE [BUS_NewsInfo].[NewsInfoId] = @NewsInfoId485	
Parameters:
@ModTime486[DateTime] = 2016/12/2 9:54:28
@ModOptId487[Guid] = 0ad06755-9fde-4ddd-9dcb-448462155a03
@DtlInfo488[String] = <p>222</p><p>2222</p>
@IsEnable489[Int32] = 1
@IsTop490[Int32] = 0
@ImgPath491[String] = 
@ImgHeight492[String] = 
@ImgWidth493[String] = 
@Summary494[String] = 
@Keyword495[String] = 
@SourceLink496[String] = 
@Source497[String] = 
@Subtitle498[String] = 副标题2
@TitleFont499[String] = 
@TitleColor500[String] = #149fe0
@Title501[String] = 标题2
@NewsTypeId502[Guid] = 33870aa7-df93-4326-aa58-b9acda0bb179
@NewsInfoId485[Guid] = 23bdf7f6-5bd8-4b75-92d8-da26593b532c



#############################################################################

1、时间：2016-12-02 09:54:28,623
2、优先级别：DEBUG
3、线程ID：8
4、耗时：478177
5、行号：140
6、文件名：e:\Net_03.Personal\Net_Project.DosORM\Project\Dos.ORM\Dos.ORM.Common\Helpers\LogHelper.cs
7、详细信息：
Text:	INSERT INTO [SYS_LogInfo] ([Desc],[OptResultName],[OptResultId],[OptTypeName],[OptTypeId],[OptModulePath],[OptModuleName],[Status],[Mac],[IP],[Browser],[OptSystem],[OptTime],[OptUserName],[OptUserId],[DataId],[CompanyId],[LogTypeName],[LogTypeId],[LogId]) VALUES (@Desc503,@OptResultName504,@OptResultId505,@OptTypeName506,@OptTypeId507,@OptModulePath508,@OptModuleName509,@Status510,@Mac511,@IP512,@Browser513,@OptSystem514,@OptTime515,@OptUserName516,@OptUserId517,@DataId518,@CompanyId519,@LogTypeName520,@LogTypeId521,@LogId522)	
Parameters:
@Desc503[String] = 数据保存成功！
@OptResultName504[String] = 操作成功
@OptResultId505[Int32] = 100
@OptTypeName506[String] = 修改
@OptTypeId507[Int32] = 1002
@OptModulePath508[String] = /MsBus/NewsInfo/SaveData
@OptModuleName509[String] = 新闻信息管理
@Status510[Int32] = 1
@Mac511[String] = 40:8D:5C:30:F1:7D
@IP512[String] = 192.168.0.200
@Browser513[String] = Chrome 55.0
@OptSystem514[String] = Windows 10
@OptTime515[DateTime] = 2016/12/2 9:54:28
@OptUserName516[String] = 秦波
@OptUserId517[Guid] = 0ad06755-9fde-4ddd-9dcb-448462155a03
@DataId518[String] = 23bdf7f6-5bd8-4b75-92d8-da26593b532c
@CompanyId519[Guid] = 078736e6-0cc2-48dc-80f1-6330419b4af1
@LogTypeName520[String] = 数据操作
@LogTypeId521[Int32] = 101
@LogId522[Guid] = 0ab6cf53-a086-41d7-a1f2-cce5a623dfff



#############################################################################

1、时间：2016-12-02 09:54:30,206
2、优先级别：DEBUG
3、线程ID：19
4、耗时：479760
5、行号：140
6、文件名：e:\Net_03.Personal\Net_Project.DosORM\Project\Dos.ORM\Dos.ORM.Common\Helpers\LogHelper.cs
7、详细信息：
Text:	 SELECT count(*) as r_cnt FROM [BUS_NewsInfo] LEFT OUTER JOIN [BUS_NewsType] ON ([BUS_NewsInfo].[NewsTypeId] = [BUS_NewsType].[NewsTypeId]) WHERE ([BUS_NewsInfo].[Status] = @Status523) AND ([BUS_NewsInfo].[CompanyId] = @CompanyId524)	
Parameters:
@Status523[Int32] = 1
@CompanyId524[Guid] = 078736e6-0cc2-48dc-80f1-6330419b4af1



#############################################################################

1、时间：2016-12-02 09:54:30,210
2、优先级别：DEBUG
3、线程ID：19
4、耗时：479764
5、行号：140
6、文件名：e:\Net_03.Personal\Net_Project.DosORM\Project\Dos.ORM\Dos.ORM.Common\Helpers\LogHelper.cs
7、详细信息：
Text:	 SELECT   TOP 15 [BUS_NewsInfo].*,[BUS_NewsType].[NewsTypeName] FROM [BUS_NewsInfo] LEFT OUTER JOIN [BUS_NewsType] ON ([BUS_NewsInfo].[NewsTypeId] = [BUS_NewsType].[NewsTypeId])  WHERE ([BUS_NewsInfo].[Status] = @Status523) AND ([BUS_NewsInfo].[CompanyId] = @CompanyId524) 	
Parameters:
@Status523[Int32] = 1
@CompanyId524[Guid] = 078736e6-0cc2-48dc-80f1-6330419b4af1



#############################################################################

1、时间：2016-12-02 09:54:30,240
2、优先级别：DEBUG
3、线程ID：19
4、耗时：479794
5、行号：140
6、文件名：e:\Net_03.Personal\Net_Project.DosORM\Project\Dos.ORM\Dos.ORM.Common\Helpers\LogHelper.cs
7、详细信息：
Text:	INSERT INTO [SYS_LogInfo] ([Desc],[OptResultName],[OptResultId],[OptTypeName],[OptTypeId],[OptModulePath],[OptModuleName],[Status],[Mac],[IP],[Browser],[OptSystem],[OptTime],[OptUserName],[OptUserId],[DataId],[CompanyId],[LogTypeName],[LogTypeId],[LogId]) VALUES (@Desc525,@OptResultName526,@OptResultId527,@OptTypeName528,@OptTypeId529,@OptModulePath530,@OptModuleName531,@Status532,@Mac533,@IP534,@Browser535,@OptSystem536,@OptTime537,@OptUserName538,@OptUserId539,@DataId540,@CompanyId541,@LogTypeName542,@LogTypeId543,@LogId544)	
Parameters:
@Desc525[String] = 数据查询成功！
@OptResultName526[String] = 操作成功
@OptResultId527[Int32] = 100
@OptTypeName528[String] = 查询
@OptTypeId529[Int32] = 1003
@OptModulePath530[String] = /MsBus/NewsInfo/GetList
@OptModuleName531[String] = 新闻信息管理
@Status532[Int32] = 1
@Mac533[String] = 40:8D:5C:30:F1:7D
@IP534[String] = 192.168.0.200
@Browser535[String] = Chrome 55.0
@OptSystem536[String] = Windows 10
@OptTime537[DateTime] = 2016/12/2 9:54:30
@OptUserName538[String] = 秦波
@OptUserId539[Guid] = 0ad06755-9fde-4ddd-9dcb-448462155a03
@DataId540[String] = 
@CompanyId541[Guid] = 078736e6-0cc2-48dc-80f1-6330419b4af1
@LogTypeName542[String] = 数据操作
@LogTypeId543[Int32] = 101
@LogId544[Guid] = 9162f558-d45f-4f79-a7c7-c91cd3758620



#############################################################################

1、时间：2016-12-02 11:13:35,915
2、优先级别：DEBUG
3、线程ID：7
4、耗时：6195
5、行号：140
6、文件名：e:\Net_03.Personal\Net_Project.DosORM\Project\Dos.ORM\Dos.ORM.Common\Helpers\LogHelper.cs
7、详细信息：
Text:	 SELECT   TOP 1 * FROM [SYS_Operator]  WHERE ([SYS_Operator].[Account] = @Account1) AND ([SYS_Operator].[Pwd] = @Pwd2) 	
Parameters:
@Account1[String] = quber
@Pwd2[String] = C1851CFE23E736DE



#############################################################################

1、时间：2016-12-02 11:13:35,974
2、优先级别：DEBUG
3、线程ID：7
4、耗时：6254
5、行号：140
6、文件名：e:\Net_03.Personal\Net_Project.DosORM\Project\Dos.ORM\Dos.ORM.Common\Helpers\LogHelper.cs
7、详细信息：
Text:	 SELECT   TOP 1 * FROM [SYS_Company]  WHERE [SYS_Company].[CompanyId] = @CompanyId3 	
Parameters:
@CompanyId3[Guid] = 078736e6-0cc2-48dc-80f1-6330419b4af1



#############################################################################

1、时间：2016-12-02 11:13:35,981
2、优先级别：DEBUG
3、线程ID：7
4、耗时：6261
5、行号：140
6、文件名：e:\Net_03.Personal\Net_Project.DosORM\Project\Dos.ORM\Dos.ORM.Common\Helpers\LogHelper.cs
7、详细信息：
Text:	
                SELECT * FROM dbo.SYS_Department a
                LEFT JOIN dbo.SYS_OperatorDepartmentRelation b ON a.DepartmentId=b.DepartmentId
                WHERE b.OperatorId='0ad06755-9fde-4ddd-9dcb-448462155a03';
            	



#############################################################################

1、时间：2016-12-02 11:13:36,001
2、优先级别：DEBUG
3、线程ID：7
4、耗时：6281
5、行号：140
6、文件名：e:\Net_03.Personal\Net_Project.DosORM\Project\Dos.ORM\Dos.ORM.Common\Helpers\LogHelper.cs
7、详细信息：
Text:	
                SELECT * FROM dbo.SYS_Role a
                LEFT JOIN dbo.SYS_OperatorRoleRelation b ON a.RoleId=b.RoleId
                WHERE b.OperatorId='0ad06755-9fde-4ddd-9dcb-448462155a03';
            	



#############################################################################

1、时间：2016-12-02 11:13:36,014
2、优先级别：DEBUG
3、线程ID：7
4、耗时：6294
5、行号：140
6、文件名：e:\Net_03.Personal\Net_Project.DosORM\Project\Dos.ORM\Dos.ORM.Common\Helpers\LogHelper.cs
7、详细信息：
Text:	 SELECT   * FROM [v_SYS_Module]  WHERE [v_SYS_Module].[IsEnable] = @IsEnable4 ORDER BY [v_SYS_Module].[SortNo] ASC 	
Parameters:
@IsEnable4[Int32] = 1



#############################################################################

1、时间：2016-12-02 11:13:36,029
2、优先级别：DEBUG
3、线程ID：7
4、耗时：6309
5、行号：140
6、文件名：e:\Net_03.Personal\Net_Project.DosORM\Project\Dos.ORM\Dos.ORM.Common\Helpers\LogHelper.cs
7、详细信息：
Text:	 SELECT   * FROM [v_SYS_Button]  WHERE  1=1  	



#############################################################################

1、时间：2016-12-02 11:13:36,147
2、优先级别：DEBUG
3、线程ID：7
4、耗时：6427
5、行号：140
6、文件名：e:\Net_03.Personal\Net_Project.DosORM\Project\Dos.ORM\Dos.ORM.Common\Helpers\LogHelper.cs
7、详细信息：
Text:	INSERT INTO [SYS_LogInfo] ([OptModuleName],[DataId],[Desc],[OptResultName],[OptResultId],[OptTypeName],[OptTypeId],[OptModulePath],[Status],[Mac],[IP],[Browser],[OptSystem],[OptTime],[OptUserName],[OptUserId],[CompanyId],[LogTypeName],[LogTypeId],[LogId]) VALUES (@OptModuleName5,@DataId6,@Desc7,@OptResultName8,@OptResultId9,@OptTypeName10,@OptTypeId11,@OptModulePath12,@Status13,@Mac14,@IP15,@Browser16,@OptSystem17,@OptTime18,@OptUserName19,@OptUserId20,@CompanyId21,@LogTypeName22,@LogTypeId23,@LogId24)	
Parameters:
@OptModuleName5[String] = 登录系统
@DataId6[String] = 
@Desc7[String] = 登录成功！
@OptResultName8[String] = 登录成功
@OptResultId9[Int32] = 300
@OptTypeName10[String] = 登录
@OptTypeId11[Int32] = 2001
@OptModulePath12[String] = /MsSys/Login/CheckLogin
@Status13[Int32] = 1
@Mac14[String] = 40:8D:5C:30:F1:7D
@IP15[String] = 192.168.0.200
@Browser16[String] = Chrome 55.0
@OptSystem17[String] = Windows 10
@OptTime18[DateTime] = 2016/12/2 11:13:36
@OptUserName19[String] = 秦波
@OptUserId20[Guid] = 0ad06755-9fde-4ddd-9dcb-448462155a03
@CompanyId21[Guid] = 078736e6-0cc2-48dc-80f1-6330419b4af1
@LogTypeName22[String] = 登录登出
@LogTypeId23[Int32] = 100
@LogId24[Guid] = 23a9ec30-484d-4f2f-a222-813ebfe81661



#############################################################################

1、时间：2016-12-02 11:13:39,369
2、优先级别：DEBUG
3、线程ID：7
4、耗时：9650
5、行号：140
6、文件名：e:\Net_03.Personal\Net_Project.DosORM\Project\Dos.ORM\Dos.ORM.Common\Helpers\LogHelper.cs
7、详细信息：
Text:	 SELECT   * FROM [SYS_Module]  WHERE (([SYS_Module].[Status] = @Status25) AND ([SYS_Module].[IsEnable] = @IsEnable26)) AND ([SYS_Module].[OperatePageType] = @OperatePageType27) 	
Parameters:
@Status25[Int32] = 1
@IsEnable26[Int32] = 1
@OperatePageType27[Int32] = 1



#############################################################################

1、时间：2016-12-02 15:57:25,225
2、优先级别：DEBUG
3、线程ID：13
4、耗时：14354
5、行号：140
6、文件名：e:\Net_03.Personal\Net_Project.DosORM\Project\Dos.ORM\Dos.ORM.Common\Helpers\LogHelper.cs
7、详细信息：
Text:	 SELECT   TOP 1 * FROM [SYS_Operator]  WHERE ([SYS_Operator].[Account] = @Account1) AND ([SYS_Operator].[Pwd] = @Pwd2) 	
Parameters:
@Account1[String] = quber
@Pwd2[String] = C1851CFE23E736DE



#############################################################################

1、时间：2016-12-02 15:57:25,384
2、优先级别：DEBUG
3、线程ID：13
4、耗时：14512
5、行号：140
6、文件名：e:\Net_03.Personal\Net_Project.DosORM\Project\Dos.ORM\Dos.ORM.Common\Helpers\LogHelper.cs
7、详细信息：
Text:	 SELECT   TOP 1 * FROM [SYS_Company]  WHERE [SYS_Company].[CompanyId] = @CompanyId3 	
Parameters:
@CompanyId3[Guid] = 078736e6-0cc2-48dc-80f1-6330419b4af1



#############################################################################

1、时间：2016-12-02 15:57:25,397
2、优先级别：DEBUG
3、线程ID：13
4、耗时：14526
5、行号：140
6、文件名：e:\Net_03.Personal\Net_Project.DosORM\Project\Dos.ORM\Dos.ORM.Common\Helpers\LogHelper.cs
7、详细信息：
Text:	
                SELECT * FROM dbo.SYS_Department a
                LEFT JOIN dbo.SYS_OperatorDepartmentRelation b ON a.DepartmentId=b.DepartmentId
                WHERE b.OperatorId='0ad06755-9fde-4ddd-9dcb-448462155a03';
            	



#############################################################################

1、时间：2016-12-02 15:57:25,413
2、优先级别：DEBUG
3、线程ID：13
4、耗时：14541
5、行号：140
6、文件名：e:\Net_03.Personal\Net_Project.DosORM\Project\Dos.ORM\Dos.ORM.Common\Helpers\LogHelper.cs
7、详细信息：
Text:	
                SELECT * FROM dbo.SYS_Role a
                LEFT JOIN dbo.SYS_OperatorRoleRelation b ON a.RoleId=b.RoleId
                WHERE b.OperatorId='0ad06755-9fde-4ddd-9dcb-448462155a03';
            	



#############################################################################

1、时间：2016-12-02 15:57:25,459
2、优先级别：DEBUG
3、线程ID：13
4、耗时：14588
5、行号：140
6、文件名：e:\Net_03.Personal\Net_Project.DosORM\Project\Dos.ORM\Dos.ORM.Common\Helpers\LogHelper.cs
7、详细信息：
Text:	 SELECT   * FROM [v_SYS_Module]  WHERE [v_SYS_Module].[IsEnable] = @IsEnable4 ORDER BY [v_SYS_Module].[SortNo] ASC 	
Parameters:
@IsEnable4[Int32] = 1



#############################################################################

1、时间：2016-12-02 15:57:25,478
2、优先级别：DEBUG
3、线程ID：13
4、耗时：14607
5、行号：140
6、文件名：e:\Net_03.Personal\Net_Project.DosORM\Project\Dos.ORM\Dos.ORM.Common\Helpers\LogHelper.cs
7、详细信息：
Text:	 SELECT   * FROM [v_SYS_Button]  WHERE  1=1  	



#############################################################################

1、时间：2016-12-02 15:57:25,944
2、优先级别：DEBUG
3、线程ID：13
4、耗时：15073
5、行号：140
6、文件名：e:\Net_03.Personal\Net_Project.DosORM\Project\Dos.ORM\Dos.ORM.Common\Helpers\LogHelper.cs
7、详细信息：
Text:	INSERT INTO [SYS_LogInfo] ([OptModuleName],[DataId],[Desc],[OptResultName],[OptResultId],[OptTypeName],[OptTypeId],[OptModulePath],[Status],[Mac],[IP],[Browser],[OptSystem],[OptTime],[OptUserName],[OptUserId],[CompanyId],[LogTypeName],[LogTypeId],[LogId]) VALUES (@OptModuleName5,@DataId6,@Desc7,@OptResultName8,@OptResultId9,@OptTypeName10,@OptTypeId11,@OptModulePath12,@Status13,@Mac14,@IP15,@Browser16,@OptSystem17,@OptTime18,@OptUserName19,@OptUserId20,@CompanyId21,@LogTypeName22,@LogTypeId23,@LogId24)	
Parameters:
@OptModuleName5[String] = 登录系统
@DataId6[String] = 
@Desc7[String] = 登录成功！
@OptResultName8[String] = 登录成功
@OptResultId9[Int32] = 300
@OptTypeName10[String] = 登录
@OptTypeId11[Int32] = 2001
@OptModulePath12[String] = /MsSys/Login/CheckLogin
@Status13[Int32] = 1
@Mac14[String] = 40:8D:5C:30:F1:7D
@IP15[String] = 192.168.0.245
@Browser16[String] = IE 7.0
@OptSystem17[String] = Windows 7
@OptTime18[DateTime] = 2016/12/2 15:57:25
@OptUserName19[String] = 秦波
@OptUserId20[Guid] = 0ad06755-9fde-4ddd-9dcb-448462155a03
@CompanyId21[Guid] = 078736e6-0cc2-48dc-80f1-6330419b4af1
@LogTypeName22[String] = 登录登出
@LogTypeId23[Int32] = 100
@LogId24[Guid] = 53c3a161-359d-435a-a629-628b7bb24575


