
#############################################################################

1、时间：2016-10-27 16:44:19,561
2、优先级别：DEBUG
3、线程ID：7
4、耗时：7837
5、行号：140
6、文件名：e:\Net_03.Personal\Net_Project.DosORM\Project\Dos.ORM\Dos.ORM.Common\Helpers\LogHelper.cs
7、详细信息：
Text:	 SELECT   TOP 1 * FROM [SYS_Operator]  WHERE ([SYS_Operator].[Account] = @Account_2) AND ([SYS_Operator].[Pwd] = @Pwd_3) 	
Parameters:
@Account_2[String] = quber
@Pwd_3[String] = C1851CFE23E736DE



#############################################################################

1、时间：2016-10-27 16:44:19,676
2、优先级别：DEBUG
3、线程ID：7
4、耗时：7951
5、行号：140
6、文件名：e:\Net_03.Personal\Net_Project.DosORM\Project\Dos.ORM\Dos.ORM.Common\Helpers\LogHelper.cs
7、详细信息：
Text:	 SELECT   TOP 1 * FROM [SYS_Company]  WHERE [SYS_Company].[CompanyId] = @CompanyId_4 	
Parameters:
@CompanyId_4[Guid] = 078736e6-0cc2-48dc-80f1-6330419b4af1



#############################################################################

1、时间：2016-10-27 16:44:19,710
2、优先级别：DEBUG
3、线程ID：7
4、耗时：7986
5、行号：140
6、文件名：e:\Net_03.Personal\Net_Project.DosORM\Project\Dos.ORM\Dos.ORM.Common\Helpers\LogHelper.cs
7、详细信息：
Text:	
                SELECT * FROM dbo.SYS_Department a
                LEFT JOIN dbo.SYS_OperatorDepartmentRelation b ON a.DepartmentId=b.DepartmentId
                WHERE b.OperatorId='0ad06755-9fde-4ddd-9dcb-448462155a03';
            	



#############################################################################

1、时间：2016-10-27 16:44:19,752
2、优先级别：DEBUG
3、线程ID：7
4、耗时：8028
5、行号：140
6、文件名：e:\Net_03.Personal\Net_Project.DosORM\Project\Dos.ORM\Dos.ORM.Common\Helpers\LogHelper.cs
7、详细信息：
Text:	
                SELECT * FROM dbo.SYS_Role a
                LEFT JOIN dbo.SYS_OperatorRoleRelation b ON a.RoleId=b.RoleId
                WHERE b.OperatorId='0ad06755-9fde-4ddd-9dcb-448462155a03';
            	



#############################################################################

1、时间：2016-10-27 16:44:19,767
2、优先级别：DEBUG
3、线程ID：7
4、耗时：8043
5、行号：140
6、文件名：e:\Net_03.Personal\Net_Project.DosORM\Project\Dos.ORM\Dos.ORM.Common\Helpers\LogHelper.cs
7、详细信息：
Text:	 SELECT   * FROM [v_SYS_Module]  WHERE [v_SYS_Module].[IsEnable] = @IsEnable_5 	
Parameters:
@IsEnable_5[Int32] = 1



#############################################################################

1、时间：2016-10-27 16:44:19,790
2、优先级别：DEBUG
3、线程ID：7
4、耗时：8065
5、行号：140
6、文件名：e:\Net_03.Personal\Net_Project.DosORM\Project\Dos.ORM\Dos.ORM.Common\Helpers\LogHelper.cs
7、详细信息：
Text:	 SELECT   * FROM [v_SYS_Button]  WHERE  1=1  	



#############################################################################

1、时间：2016-10-27 16:44:20,148
2、优先级别：DEBUG
3、线程ID：7
4、耗时：8423
5、行号：140
6、文件名：e:\Net_03.Personal\Net_Project.DosORM\Project\Dos.ORM\Dos.ORM.Common\Helpers\LogHelper.cs
7、详细信息：
Text:	INSERT INTO [SYS_LogInfo] ([OptModuleName],[DataId],[Desc],[OptResultName],[OptResultId],[OptTypeName],[OptTypeId],[OptModulePath],[Status],[Mac],[IP],[Browser],[OptSystem],[OptTime],[OptUserName],[OptUserId],[CompanyId],[LogTypeName],[LogTypeId],[LogId]) VALUES (@OptModuleName0,@DataId1,@Desc2,@OptResultName3,@OptResultId4,@OptTypeName5,@OptTypeId6,@OptModulePath7,@Status8,@Mac9,@IP10,@Browser11,@OptSystem12,@OptTime13,@OptUserName14,@OptUserId15,@CompanyId16,@LogTypeName17,@LogTypeId18,@LogId19)	
Parameters:
@OptModuleName0[String] = 登录系统
@DataId1[String] = 
@Desc2[String] = 登录成功！
@OptResultName3[String] = 登录成功
@OptResultId4[Int32] = 300
@OptTypeName5[String] = 登录
@OptTypeId6[Int32] = 2001
@OptModulePath7[String] = /MsSys/Login/CheckLogin
@Status8[Int32] = 1
@Mac9[String] = 40:8D:5C:30:F1:7D
@IP10[String] = 127.0.0.1
@Browser11[String] = Chrome 54.0
@OptSystem12[String] = Windows 10
@OptTime13[DateTime] = 2016/10/27 16:44:19
@OptUserName14[String] = 秦波
@OptUserId15[Guid] = 0ad06755-9fde-4ddd-9dcb-448462155a03
@CompanyId16[Guid] = 078736e6-0cc2-48dc-80f1-6330419b4af1
@LogTypeName17[String] = 登录登出
@LogTypeId18[Int32] = 100
@LogId19[Guid] = e63d258f-41d4-4797-8608-ddb97f92e107



#############################################################################

1、时间：2016-10-27 16:44:22,983
2、优先级别：DEBUG
3、线程ID：7
4、耗时：11258
5、行号：140
6、文件名：e:\Net_03.Personal\Net_Project.DosORM\Project\Dos.ORM\Dos.ORM.Common\Helpers\LogHelper.cs
7、详细信息：
Text:	 SELECT   * FROM [SYS_Module]  WHERE (([SYS_Module].[Status] = @Status_6) AND ([SYS_Module].[IsEnable] = @IsEnable_7)) AND ([SYS_Module].[OperatePageType] = @OperatePageType_8) 	
Parameters:
@Status_6[Int32] = 1
@IsEnable_7[Int32] = 1
@OperatePageType_8[Int32] = 1



#############################################################################

1、时间：2016-10-27 16:44:27,822
2、优先级别：DEBUG
3、线程ID：11
4、耗时：16098
5、行号：140
6、文件名：e:\Net_03.Personal\Net_Project.DosORM\Project\Dos.ORM\Dos.ORM.Common\Helpers\LogHelper.cs
7、详细信息：
Text:	 SELECT count(*) as r_cnt FROM [SYS_Operator] WHERE (([SYS_Operator].[Status] = @Status_9) AND ([SYS_Operator].[Account] <> @Account_10)) AND ([SYS_Operator].[CompanyId] = @CompanyId_11)	
Parameters:
@Status_9[Int32] = 1
@Account_10[String] = admin
@CompanyId_11[Guid] = 078736e6-0cc2-48dc-80f1-6330419b4af1



#############################################################################

1、时间：2016-10-27 16:44:27,842
2、优先级别：DEBUG
3、线程ID：11
4、耗时：16118
5、行号：140
6、文件名：e:\Net_03.Personal\Net_Project.DosORM\Project\Dos.ORM\Dos.ORM.Common\Helpers\LogHelper.cs
7、详细信息：
Text:	 SELECT   TOP 15 * FROM [SYS_Operator]  WHERE (([SYS_Operator].[Status] = @Status_9) AND ([SYS_Operator].[Account] <> @Account_10)) AND ([SYS_Operator].[CompanyId] = @CompanyId_11) ORDER BY [SYS_Operator].[CrtTime] DESC 	
Parameters:
@Status_9[Int32] = 1
@Account_10[String] = admin
@CompanyId_11[Guid] = 078736e6-0cc2-48dc-80f1-6330419b4af1



#############################################################################

1、时间：2016-10-27 16:44:27,870
2、优先级别：DEBUG
3、线程ID：11
4、耗时：16146
5、行号：140
6、文件名：e:\Net_03.Personal\Net_Project.DosORM\Project\Dos.ORM\Dos.ORM.Common\Helpers\LogHelper.cs
7、详细信息：
Text:	INSERT INTO [SYS_LogInfo] ([Desc],[OptResultName],[OptResultId],[OptTypeName],[OptTypeId],[OptModulePath],[OptModuleName],[Status],[Mac],[IP],[Browser],[OptSystem],[OptTime],[OptUserName],[OptUserId],[DataId],[CompanyId],[LogTypeName],[LogTypeId],[LogId]) VALUES (@Desc0,@OptResultName1,@OptResultId2,@OptTypeName3,@OptTypeId4,@OptModulePath5,@OptModuleName6,@Status7,@Mac8,@IP9,@Browser10,@OptSystem11,@OptTime12,@OptUserName13,@OptUserId14,@DataId15,@CompanyId16,@LogTypeName17,@LogTypeId18,@LogId19)	
Parameters:
@Desc0[String] = 数据查询成功！
@OptResultName1[String] = 操作成功
@OptResultId2[Int32] = 100
@OptTypeName3[String] = 查询
@OptTypeId4[Int32] = 1003
@OptModulePath5[String] = /MsSys/Operator/GetList
@OptModuleName6[String] = 管理员管理
@Status7[Int32] = 1
@Mac8[String] = 40:8D:5C:30:F1:7D
@IP9[String] = 127.0.0.1
@Browser10[String] = Chrome 54.0
@OptSystem11[String] = Windows 10
@OptTime12[DateTime] = 2016/10/27 16:44:27
@OptUserName13[String] = 秦波
@OptUserId14[Guid] = 0ad06755-9fde-4ddd-9dcb-448462155a03
@DataId15[String] = 
@CompanyId16[Guid] = 078736e6-0cc2-48dc-80f1-6330419b4af1
@LogTypeName17[String] = 数据操作
@LogTypeId18[Int32] = 101
@LogId19[Guid] = f2ca8c92-757b-4648-8cc0-a5dbba369903



#############################################################################

1、时间：2016-10-27 16:44:34,813
2、优先级别：DEBUG
3、线程ID：7
4、耗时：23089
5、行号：140
6、文件名：e:\Net_03.Personal\Net_Project.DosORM\Project\Dos.ORM\Dos.ORM.Common\Helpers\LogHelper.cs
7、详细信息：
Text:	 SELECT   * FROM [BUS_NewsType]  WHERE (([BUS_NewsType].[Status] = @Status_12) AND ([BUS_NewsType].[IsEnable] = @IsEnable_13)) AND ([BUS_NewsType].[CompanyId] = @CompanyId_14) 	
Parameters:
@Status_12[Int32] = 1
@IsEnable_13[Int32] = 1
@CompanyId_14[Guid] = 078736e6-0cc2-48dc-80f1-6330419b4af1



#############################################################################

1、时间：2016-10-27 16:44:35,098
2、优先级别：DEBUG
3、线程ID：14
4、耗时：23374
5、行号：140
6、文件名：e:\Net_03.Personal\Net_Project.DosORM\Project\Dos.ORM\Dos.ORM.Common\Helpers\LogHelper.cs
7、详细信息：
Text:	 SELECT count(*) as r_cnt FROM [BUS_NewsInfo] LEFT OUTER JOIN [BUS_NewsType] ON ([BUS_NewsInfo].[NewsTypeId] = [BUS_NewsType].[NewsTypeId]) WHERE ([BUS_NewsInfo].[Status] = @Status_15) AND ([BUS_NewsInfo].[CompanyId] = @CompanyId_16)	
Parameters:
@Status_15[Int32] = 1
@CompanyId_16[Guid] = 078736e6-0cc2-48dc-80f1-6330419b4af1



#############################################################################

1、时间：2016-10-27 16:44:35,123
2、优先级别：DEBUG
3、线程ID：14
4、耗时：23399
5、行号：140
6、文件名：e:\Net_03.Personal\Net_Project.DosORM\Project\Dos.ORM\Dos.ORM.Common\Helpers\LogHelper.cs
7、详细信息：
Text:	 SELECT   TOP 15 [BUS_NewsInfo].*,[BUS_NewsType].[NewsTypeName] FROM [BUS_NewsInfo] LEFT OUTER JOIN [BUS_NewsType] ON ([BUS_NewsInfo].[NewsTypeId] = [BUS_NewsType].[NewsTypeId])  WHERE ([BUS_NewsInfo].[Status] = @Status_15) AND ([BUS_NewsInfo].[CompanyId] = @CompanyId_16) ORDER BY [BUS_NewsInfo].[CrtTime] DESC 	
Parameters:
@Status_15[Int32] = 1
@CompanyId_16[Guid] = 078736e6-0cc2-48dc-80f1-6330419b4af1



#############################################################################

1、时间：2016-10-27 16:44:35,173
2、优先级别：DEBUG
3、线程ID：14
4、耗时：23448
5、行号：140
6、文件名：e:\Net_03.Personal\Net_Project.DosORM\Project\Dos.ORM\Dos.ORM.Common\Helpers\LogHelper.cs
7、详细信息：
Text:	INSERT INTO [SYS_LogInfo] ([Desc],[OptResultName],[OptResultId],[OptTypeName],[OptTypeId],[OptModulePath],[OptModuleName],[Status],[Mac],[IP],[Browser],[OptSystem],[OptTime],[OptUserName],[OptUserId],[DataId],[CompanyId],[LogTypeName],[LogTypeId],[LogId]) VALUES (@Desc0,@OptResultName1,@OptResultId2,@OptTypeName3,@OptTypeId4,@OptModulePath5,@OptModuleName6,@Status7,@Mac8,@IP9,@Browser10,@OptSystem11,@OptTime12,@OptUserName13,@OptUserId14,@DataId15,@CompanyId16,@LogTypeName17,@LogTypeId18,@LogId19)	
Parameters:
@Desc0[String] = 数据查询成功！
@OptResultName1[String] = 操作成功
@OptResultId2[Int32] = 100
@OptTypeName3[String] = 查询
@OptTypeId4[Int32] = 1003
@OptModulePath5[String] = /MsBus/NewsInfo/GetList
@OptModuleName6[String] = 新闻信息管理
@Status7[Int32] = 1
@Mac8[String] = 40:8D:5C:30:F1:7D
@IP9[String] = 127.0.0.1
@Browser10[String] = Chrome 54.0
@OptSystem11[String] = Windows 10
@OptTime12[DateTime] = 2016/10/27 16:44:35
@OptUserName13[String] = 秦波
@OptUserId14[Guid] = 0ad06755-9fde-4ddd-9dcb-448462155a03
@DataId15[String] = 
@CompanyId16[Guid] = 078736e6-0cc2-48dc-80f1-6330419b4af1
@LogTypeName17[String] = 数据操作
@LogTypeId18[Int32] = 101
@LogId19[Guid] = b0e35bb7-7f29-4f58-a453-3ea7d9b4f5b8


