
#############################################################################

1、时间：2016-11-18 16:15:59,105
2、优先级别：DEBUG
3、线程ID：5
4、耗时：7347
5、行号：140
6、文件名：e:\Net_03.Personal\Net_Project.DosORM\Project\Dos.ORM\Dos.ORM.Common\Helpers\LogHelper.cs
7、详细信息：
StoredProcedure:	SP_BackupDB	
Parameters:
@BackPath[String] = d:\\1001\\3\
@BackDbName[String] = QUBER_DOS
@BackName[String] = QUBER_DOS
@BackPathIsDate[Boolean] = 1
@BackNameIsTime[Boolean] = 1



#############################################################################

1、时间：2016-11-18 16:21:24,772
2、优先级别：DEBUG
3、线程ID：5
4、耗时：333014
5、行号：140
6、文件名：e:\Net_03.Personal\Net_Project.DosORM\Project\Dos.ORM\Dos.ORM.Common\Helpers\LogHelper.cs
7、详细信息：
StoredProcedure:	SP_BackupDB	
Parameters:
@BackPath[String] = d:\\1001\\3\
@BackDbName[String] = QUBER_DOS
@BackName[String] = QUBER_DOS
@BackPathIsDate[Boolean] = 1
@BackNameIsTime[Boolean] = 1



#############################################################################

1、时间：2016-11-18 16:28:04,690
2、优先级别：DEBUG
3、线程ID：5
4、耗时：732932
5、行号：140
6、文件名：e:\Net_03.Personal\Net_Project.DosORM\Project\Dos.ORM\Dos.ORM.Common\Helpers\LogHelper.cs
7、详细信息：
StoredProcedure:	SP_BackupDB	
Parameters:
@BackPath[String] = d:\\1001\\3\
@BackDbName[String] = QUBER_DOS
@BackName[String] = QUBER_DOS
@BackPathIsDate[Boolean] = 1
@BackNameIsTime[Boolean] = 1



#############################################################################

1、时间：2016-11-18 16:31:43,779
2、优先级别：DEBUG
3、线程ID：5
4、耗时：952020
5、行号：140
6、文件名：e:\Net_03.Personal\Net_Project.DosORM\Project\Dos.ORM\Dos.ORM.Common\Helpers\LogHelper.cs
7、详细信息：
StoredProcedure:	SP_BackupDB	
Parameters:
@BackPath[String] = d:\\1001\\3\
@BackDbName[String] = QUBER_DOS
@BackName[String] = QUBER_DOS
@BackPathIsDate[Boolean] = 1
@BackNameIsTime[Boolean] = 1



#############################################################################

1、时间：2016-11-18 16:34:27,348
2、优先级别：DEBUG
3、线程ID：37
4、耗时：1115590
5、行号：140
6、文件名：e:\Net_03.Personal\Net_Project.DosORM\Project\Dos.ORM\Dos.ORM.Common\Helpers\LogHelper.cs
7、详细信息：
StoredProcedure:	SP_BackupDB	
Parameters:
@BackPath[String] = d:\\1001\\3\
@BackDbName[String] = QUBER_DOS
@BackName[String] = QUBER_DOS
@BackPathIsDate[Boolean] = 1
@BackNameIsTime[Boolean] = 1



#############################################################################

1、时间：2016-11-18 16:36:10,107
2、优先级别：DEBUG
3、线程ID：5
4、耗时：1218348
5、行号：140
6、文件名：e:\Net_03.Personal\Net_Project.DosORM\Project\Dos.ORM\Dos.ORM.Common\Helpers\LogHelper.cs
7、详细信息：
StoredProcedure:	SP_BackupDB	
Parameters:
@BackPath[String] = d:\\1001\\3\
@BackDbName[String] = QUBER_DOS
@BackName[String] = QUBER_DOS
@BackPathIsDate[Boolean] = 1
@BackNameIsTime[Boolean] = 1



#############################################################################

1、时间：2016-11-18 16:38:03,292
2、优先级别：DEBUG
3、线程ID：49
4、耗时：1331533
5、行号：140
6、文件名：e:\Net_03.Personal\Net_Project.DosORM\Project\Dos.ORM\Dos.ORM.Common\Helpers\LogHelper.cs
7、详细信息：
StoredProcedure:	SP_BackupDB	
Parameters:
@BackPath[String] = d:\\1001\\3\
@BackDbName[String] = QUBER_DOS
@BackName[String] = QUBER_DOS
@BackPathIsDate[Boolean] = 1
@BackNameIsTime[Boolean] = 1



#############################################################################

1、时间：2016-11-18 16:42:59,202
2、优先级别：DEBUG
3、线程ID：35
4、耗时：5093
5、行号：140
6、文件名：e:\Net_03.Personal\Net_Project.DosORM\Project\Dos.ORM\Dos.ORM.Common\Helpers\LogHelper.cs
7、详细信息：
StoredProcedure:	SP_BackupDB	
Parameters:
@BackPath[String] = d:\\1001\\3\
@BackDbName[String] = QUBER_DOS
@BackName[String] = QUBER_DOS
@BackPathIsDate[Boolean] = 1
@BackNameIsTime[Boolean] = 1



#############################################################################

1、时间：2016-11-18 16:45:37,780
2、优先级别：DEBUG
3、线程ID：35
4、耗时：4435
5、行号：140
6、文件名：e:\Net_03.Personal\Net_Project.DosORM\Project\Dos.ORM\Dos.ORM.Common\Helpers\LogHelper.cs
7、详细信息：
StoredProcedure:	SP_BackupDB	
Parameters:
@BackPath[String] = d:\\1001\\3\
@BackDbName[String] = QUBER_DOS
@BackName[String] = 
@BackPathIsDate[Boolean] = 1
@BackNameIsTime[Boolean] = 1



#############################################################################

1、时间：2016-11-18 16:47:41,220
2、优先级别：DEBUG
3、线程ID：35
4、耗时：5535
5、行号：140
6、文件名：e:\Net_03.Personal\Net_Project.DosORM\Project\Dos.ORM\Dos.ORM.Common\Helpers\LogHelper.cs
7、详细信息：
StoredProcedure:	SP_BackupDB	
Parameters:
@BackPath[String] = d:\\1001\\3\
@BackDbName[String] = QUBER_DOS
@BackName[String] = QUBER_DOS
@BackPathIsDate[Boolean] = 1
@BackNameIsTime[Boolean] = 1



#############################################################################

1、时间：2016-11-18 16:50:35,435
2、优先级别：DEBUG
3、线程ID：35
4、耗时：179750
5、行号：140
6、文件名：e:\Net_03.Personal\Net_Project.DosORM\Project\Dos.ORM\Dos.ORM.Common\Helpers\LogHelper.cs
7、详细信息：
StoredProcedure:	SP_BackupDB	
Parameters:
@BackPath[String] = d:\\1001\\3\
@BackDbName[String] = QUBER_DOS
@BackName[String] = QUBER_DOS
@BackPathIsDate[Boolean] = 1
@BackNameIsTime[Boolean] = 1



#############################################################################

1、时间：2016-11-18 16:51:53,243
2、优先级别：DEBUG
3、线程ID：35
4、耗时：7651
5、行号：140
6、文件名：e:\Net_03.Personal\Net_Project.DosORM\Project\Dos.ORM\Dos.ORM.Common\Helpers\LogHelper.cs
7、详细信息：
StoredProcedure:	SP_BackupDB	
Parameters:
@BackPath[String] = d:\\1001\\3\
@BackDbName[String] = QUBER_DOS
@BackName[String] = QUBER_DOS
@BackPathIsDate[Boolean] = 1
@BackNameIsTime[Boolean] = 1



#############################################################################

1、时间：2016-11-18 19:18:37,957
2、优先级别：DEBUG
3、线程ID：7
4、耗时：112806
5、行号：140
6、文件名：e:\Net_03.Personal\Net_Project.DosORM\Project\Dos.ORM\Dos.ORM.Common\Helpers\LogHelper.cs
7、详细信息：
Text:	 SELECT   TOP 1 * FROM [SYS_Operator]  WHERE ([SYS_Operator].[Account] = @Account1) AND ([SYS_Operator].[Pwd] = @Pwd2) 	
Parameters:
@Account1[String] = quber
@Pwd2[String] = C1851CFE23E736DE



#############################################################################

1、时间：2016-11-18 19:18:38,135
2、优先级别：DEBUG
3、线程ID：7
4、耗时：112984
5、行号：140
6、文件名：e:\Net_03.Personal\Net_Project.DosORM\Project\Dos.ORM\Dos.ORM.Common\Helpers\LogHelper.cs
7、详细信息：
Text:	 SELECT   TOP 1 * FROM [SYS_Company]  WHERE [SYS_Company].[CompanyId] = @CompanyId3 	
Parameters:
@CompanyId3[Guid] = 078736e6-0cc2-48dc-80f1-6330419b4af1



#############################################################################

1、时间：2016-11-18 19:18:38,168
2、优先级别：DEBUG
3、线程ID：7
4、耗时：113017
5、行号：140
6、文件名：e:\Net_03.Personal\Net_Project.DosORM\Project\Dos.ORM\Dos.ORM.Common\Helpers\LogHelper.cs
7、详细信息：
Text:	
                SELECT * FROM dbo.SYS_Department a
                LEFT JOIN dbo.SYS_OperatorDepartmentRelation b ON a.DepartmentId=b.DepartmentId
                WHERE b.OperatorId='0ad06755-9fde-4ddd-9dcb-448462155a03';
            	



#############################################################################

1、时间：2016-11-18 19:18:38,182
2、优先级别：DEBUG
3、线程ID：7
4、耗时：113031
5、行号：140
6、文件名：e:\Net_03.Personal\Net_Project.DosORM\Project\Dos.ORM\Dos.ORM.Common\Helpers\LogHelper.cs
7、详细信息：
Text:	
                SELECT * FROM dbo.SYS_Role a
                LEFT JOIN dbo.SYS_OperatorRoleRelation b ON a.RoleId=b.RoleId
                WHERE b.OperatorId='0ad06755-9fde-4ddd-9dcb-448462155a03';
            	



#############################################################################

1、时间：2016-11-18 19:18:38,205
2、优先级别：DEBUG
3、线程ID：7
4、耗时：113054
5、行号：140
6、文件名：e:\Net_03.Personal\Net_Project.DosORM\Project\Dos.ORM\Dos.ORM.Common\Helpers\LogHelper.cs
7、详细信息：
Text:	 SELECT   * FROM [v_SYS_Module]  WHERE [v_SYS_Module].[IsEnable] = @IsEnable4 ORDER BY [v_SYS_Module].[SortNo] ASC 	
Parameters:
@IsEnable4[Int32] = 1



#############################################################################

1、时间：2016-11-18 19:18:38,226
2、优先级别：DEBUG
3、线程ID：7
4、耗时：113075
5、行号：140
6、文件名：e:\Net_03.Personal\Net_Project.DosORM\Project\Dos.ORM\Dos.ORM.Common\Helpers\LogHelper.cs
7、详细信息：
Text:	 SELECT   * FROM [v_SYS_Button]  WHERE  1=1  	



#############################################################################

1、时间：2016-11-18 19:18:38,521
2、优先级别：DEBUG
3、线程ID：7
4、耗时：113370
5、行号：140
6、文件名：e:\Net_03.Personal\Net_Project.DosORM\Project\Dos.ORM\Dos.ORM.Common\Helpers\LogHelper.cs
7、详细信息：
Text:	INSERT INTO [SYS_LogInfo] ([OptModuleName],[DataId],[Desc],[OptResultName],[OptResultId],[OptTypeName],[OptTypeId],[OptModulePath],[Status],[Mac],[IP],[Browser],[OptSystem],[OptTime],[OptUserName],[OptUserId],[CompanyId],[LogTypeName],[LogTypeId],[LogId]) VALUES (@OptModuleName5,@DataId6,@Desc7,@OptResultName8,@OptResultId9,@OptTypeName10,@OptTypeId11,@OptModulePath12,@Status13,@Mac14,@IP15,@Browser16,@OptSystem17,@OptTime18,@OptUserName19,@OptUserId20,@CompanyId21,@LogTypeName22,@LogTypeId23,@LogId24)	
Parameters:
@OptModuleName5[String] = 登录系统
@DataId6[String] = 
@Desc7[String] = 登录成功！
@OptResultName8[String] = 登录成功
@OptResultId9[Int32] = 300
@OptTypeName10[String] = 登录
@OptTypeId11[Int32] = 2001
@OptModulePath12[String] = /MsSys/Login/CheckLogin
@Status13[Int32] = 1
@Mac14[String] = B8:76:3F:1F:BC:40
@IP15[String] = 127.0.0.1
@Browser16[String] = Chrome 53.0
@OptSystem17[String] = Windows 10
@OptTime18[DateTime] = 2016/11/18 19:18:38
@OptUserName19[String] = 秦波
@OptUserId20[Guid] = 0ad06755-9fde-4ddd-9dcb-448462155a03
@CompanyId21[Guid] = 078736e6-0cc2-48dc-80f1-6330419b4af1
@LogTypeName22[String] = 登录登出
@LogTypeId23[Int32] = 100
@LogId24[Guid] = 51597fac-291b-49a2-b24d-abc041d20894



#############################################################################

1、时间：2016-11-18 19:18:41,424
2、优先级别：DEBUG
3、线程ID：11
4、耗时：116274
5、行号：140
6、文件名：e:\Net_03.Personal\Net_Project.DosORM\Project\Dos.ORM\Dos.ORM.Common\Helpers\LogHelper.cs
7、详细信息：
Text:	 SELECT   * FROM [SYS_Module]  WHERE (([SYS_Module].[Status] = @Status25) AND ([SYS_Module].[IsEnable] = @IsEnable26)) AND ([SYS_Module].[OperatePageType] = @OperatePageType27) 	
Parameters:
@Status25[Int32] = 1
@IsEnable26[Int32] = 1
@OperatePageType27[Int32] = 1



#############################################################################

1、时间：2016-11-18 19:18:50,654
2、优先级别：DEBUG
3、线程ID：5
4、耗时：125503
5、行号：140
6、文件名：e:\Net_03.Personal\Net_Project.DosORM\Project\Dos.ORM\Dos.ORM.Common\Helpers\LogHelper.cs
7、详细信息：
Text:	 SELECT count(*) as r_cnt FROM [SYS_Department] WHERE ([SYS_Department].[Status] = @Status28) AND ([SYS_Department].[CompanyId] = @CompanyId29)	
Parameters:
@Status28[Int32] = 1
@CompanyId29[Guid] = 078736e6-0cc2-48dc-80f1-6330419b4af1



#############################################################################

1、时间：2016-11-18 19:18:50,668
2、优先级别：DEBUG
3、线程ID：5
4、耗时：125517
5、行号：140
6、文件名：e:\Net_03.Personal\Net_Project.DosORM\Project\Dos.ORM\Dos.ORM.Common\Helpers\LogHelper.cs
7、详细信息：
Text:	 SELECT   TOP 15 * FROM [SYS_Department]  WHERE ([SYS_Department].[Status] = @Status28) AND ([SYS_Department].[CompanyId] = @CompanyId29) ORDER BY [SYS_Department].[CrtTime] DESC 	
Parameters:
@Status28[Int32] = 1
@CompanyId29[Guid] = 078736e6-0cc2-48dc-80f1-6330419b4af1



#############################################################################

1、时间：2016-11-18 19:18:50,733
2、优先级别：DEBUG
3、线程ID：5
4、耗时：125583
5、行号：140
6、文件名：e:\Net_03.Personal\Net_Project.DosORM\Project\Dos.ORM\Dos.ORM.Common\Helpers\LogHelper.cs
7、详细信息：
Text:	INSERT INTO [SYS_LogInfo] ([Desc],[OptResultName],[OptResultId],[OptTypeName],[OptTypeId],[OptModulePath],[OptModuleName],[Status],[Mac],[IP],[Browser],[OptSystem],[OptTime],[OptUserName],[OptUserId],[DataId],[CompanyId],[LogTypeName],[LogTypeId],[LogId]) VALUES (@Desc30,@OptResultName31,@OptResultId32,@OptTypeName33,@OptTypeId34,@OptModulePath35,@OptModuleName36,@Status37,@Mac38,@IP39,@Browser40,@OptSystem41,@OptTime42,@OptUserName43,@OptUserId44,@DataId45,@CompanyId46,@LogTypeName47,@LogTypeId48,@LogId49)	
Parameters:
@Desc30[String] = 数据查询成功！
@OptResultName31[String] = 操作成功
@OptResultId32[Int32] = 100
@OptTypeName33[String] = 查询
@OptTypeId34[Int32] = 1003
@OptModulePath35[String] = /MsSys/Department/GetList
@OptModuleName36[String] = 部门管理
@Status37[Int32] = 1
@Mac38[String] = B8:76:3F:1F:BC:40
@IP39[String] = 127.0.0.1
@Browser40[String] = Chrome 53.0
@OptSystem41[String] = Windows 10
@OptTime42[DateTime] = 2016/11/18 19:18:50
@OptUserName43[String] = 秦波
@OptUserId44[Guid] = 0ad06755-9fde-4ddd-9dcb-448462155a03
@DataId45[String] = 
@CompanyId46[Guid] = 078736e6-0cc2-48dc-80f1-6330419b4af1
@LogTypeName47[String] = 数据操作
@LogTypeId48[Int32] = 101
@LogId49[Guid] = b6206fba-a70b-44f5-b76e-ee4a09cffe63



#############################################################################

1、时间：2016-11-18 19:22:00,220
2、优先级别：DEBUG
3、线程ID：26
4、耗时：315070
5、行号：140
6、文件名：e:\Net_03.Personal\Net_Project.DosORM\Project\Dos.ORM\Dos.ORM.Common\Helpers\LogHelper.cs
7、详细信息：
Text:	 SELECT   * FROM [SYS_Module]  WHERE (([SYS_Module].[Status] = @Status50) AND ([SYS_Module].[IsEnable] = @IsEnable51)) AND ([SYS_Module].[OperatePageType] = @OperatePageType52) 	
Parameters:
@Status50[Int32] = 1
@IsEnable51[Int32] = 1
@OperatePageType52[Int32] = 1



#############################################################################

1、时间：2016-11-18 19:24:28,204
2、优先级别：DEBUG
3、线程ID：37
4、耗时：463053
5、行号：140
6、文件名：e:\Net_03.Personal\Net_Project.DosORM\Project\Dos.ORM\Dos.ORM.Common\Helpers\LogHelper.cs
7、详细信息：
Text:	 SELECT count(*) as r_cnt FROM [SYS_Company] WHERE ([SYS_Company].[Status] = @Status53) AND ([SYS_Company].[CompanyId] = @CompanyId54)	
Parameters:
@Status53[Int32] = 1
@CompanyId54[Guid] = 078736e6-0cc2-48dc-80f1-6330419b4af1



#############################################################################

1、时间：2016-11-18 19:24:28,207
2、优先级别：DEBUG
3、线程ID：37
4、耗时：463056
5、行号：140
6、文件名：e:\Net_03.Personal\Net_Project.DosORM\Project\Dos.ORM\Dos.ORM.Common\Helpers\LogHelper.cs
7、详细信息：
Text:	 SELECT   TOP 15 * FROM [SYS_Company]  WHERE ([SYS_Company].[Status] = @Status53) AND ([SYS_Company].[CompanyId] = @CompanyId54) ORDER BY [SYS_Company].[CrtTime] DESC 	
Parameters:
@Status53[Int32] = 1
@CompanyId54[Guid] = 078736e6-0cc2-48dc-80f1-6330419b4af1



#############################################################################

1、时间：2016-11-18 19:24:28,275
2、优先级别：DEBUG
3、线程ID：37
4、耗时：463125
5、行号：140
6、文件名：e:\Net_03.Personal\Net_Project.DosORM\Project\Dos.ORM\Dos.ORM.Common\Helpers\LogHelper.cs
7、详细信息：
Text:	INSERT INTO [SYS_LogInfo] ([Desc],[OptResultName],[OptResultId],[OptTypeName],[OptTypeId],[OptModulePath],[OptModuleName],[Status],[Mac],[IP],[Browser],[OptSystem],[OptTime],[OptUserName],[OptUserId],[DataId],[CompanyId],[LogTypeName],[LogTypeId],[LogId]) VALUES (@Desc55,@OptResultName56,@OptResultId57,@OptTypeName58,@OptTypeId59,@OptModulePath60,@OptModuleName61,@Status62,@Mac63,@IP64,@Browser65,@OptSystem66,@OptTime67,@OptUserName68,@OptUserId69,@DataId70,@CompanyId71,@LogTypeName72,@LogTypeId73,@LogId74)	
Parameters:
@Desc55[String] = 数据查询成功！
@OptResultName56[String] = 操作成功
@OptResultId57[Int32] = 100
@OptTypeName58[String] = 查询
@OptTypeId59[Int32] = 1003
@OptModulePath60[String] = /MsSys/Company/GetList
@OptModuleName61[String] = 公司管理
@Status62[Int32] = 1
@Mac63[String] = B8:76:3F:1F:BC:40
@IP64[String] = 127.0.0.1
@Browser65[String] = Chrome 53.0
@OptSystem66[String] = Windows 10
@OptTime67[DateTime] = 2016/11/18 19:24:28
@OptUserName68[String] = 秦波
@OptUserId69[Guid] = 0ad06755-9fde-4ddd-9dcb-448462155a03
@DataId70[String] = 
@CompanyId71[Guid] = 078736e6-0cc2-48dc-80f1-6330419b4af1
@LogTypeName72[String] = 数据操作
@LogTypeId73[Int32] = 101
@LogId74[Guid] = 6dbdf813-f034-4c73-8208-4d015b2cbcb2



#############################################################################

1、时间：2016-11-18 19:24:30,950
2、优先级别：DEBUG
3、线程ID：33
4、耗时：465800
5、行号：140
6、文件名：e:\Net_03.Personal\Net_Project.DosORM\Project\Dos.ORM\Dos.ORM.Common\Helpers\LogHelper.cs
7、详细信息：
Text:	 SELECT   TOP 1 * FROM [SYS_Company]  WHERE [SYS_Company].[CompanyId] = @CompanyId75 	
Parameters:
@CompanyId75[Guid] = 078736e6-0cc2-48dc-80f1-6330419b4af1



#############################################################################

1、时间：2016-11-18 19:53:35,755
2、优先级别：DEBUG
3、线程ID：89
4、耗时：2210605
5、行号：140
6、文件名：e:\Net_03.Personal\Net_Project.DosORM\Project\Dos.ORM\Dos.ORM.Common\Helpers\LogHelper.cs
7、详细信息：
Text:	 SELECT   TOP 1 * FROM [SYS_Operator]  WHERE ([SYS_Operator].[Account] = @Account76) AND ([SYS_Operator].[Pwd] = @Pwd77) 	
Parameters:
@Account76[String] = quber
@Pwd77[String] = C1851CFE23E736DE



#############################################################################

1、时间：2016-11-18 19:53:35,770
2、优先级别：DEBUG
3、线程ID：89
4、耗时：2210620
5、行号：140
6、文件名：e:\Net_03.Personal\Net_Project.DosORM\Project\Dos.ORM\Dos.ORM.Common\Helpers\LogHelper.cs
7、详细信息：
Text:	 SELECT   TOP 1 * FROM [SYS_Company]  WHERE [SYS_Company].[CompanyId] = @CompanyId78 	
Parameters:
@CompanyId78[Guid] = 078736e6-0cc2-48dc-80f1-6330419b4af1



#############################################################################

1、时间：2016-11-18 19:53:35,781
2、优先级别：DEBUG
3、线程ID：89
4、耗时：2210631
5、行号：140
6、文件名：e:\Net_03.Personal\Net_Project.DosORM\Project\Dos.ORM\Dos.ORM.Common\Helpers\LogHelper.cs
7、详细信息：
Text:	
                SELECT * FROM dbo.SYS_Department a
                LEFT JOIN dbo.SYS_OperatorDepartmentRelation b ON a.DepartmentId=b.DepartmentId
                WHERE b.OperatorId='0ad06755-9fde-4ddd-9dcb-448462155a03';
            	



#############################################################################

1、时间：2016-11-18 19:53:35,788
2、优先级别：DEBUG
3、线程ID：89
4、耗时：2210638
5、行号：140
6、文件名：e:\Net_03.Personal\Net_Project.DosORM\Project\Dos.ORM\Dos.ORM.Common\Helpers\LogHelper.cs
7、详细信息：
Text:	
                SELECT * FROM dbo.SYS_Role a
                LEFT JOIN dbo.SYS_OperatorRoleRelation b ON a.RoleId=b.RoleId
                WHERE b.OperatorId='0ad06755-9fde-4ddd-9dcb-448462155a03';
            	



#############################################################################

1、时间：2016-11-18 19:53:35,798
2、优先级别：DEBUG
3、线程ID：89
4、耗时：2210648
5、行号：140
6、文件名：e:\Net_03.Personal\Net_Project.DosORM\Project\Dos.ORM\Dos.ORM.Common\Helpers\LogHelper.cs
7、详细信息：
Text:	 SELECT   * FROM [v_SYS_Module]  WHERE [v_SYS_Module].[IsEnable] = @IsEnable79 ORDER BY [v_SYS_Module].[SortNo] ASC 	
Parameters:
@IsEnable79[Int32] = 1



#############################################################################

1、时间：2016-11-18 19:53:35,812
2、优先级别：DEBUG
3、线程ID：89
4、耗时：2210662
5、行号：140
6、文件名：e:\Net_03.Personal\Net_Project.DosORM\Project\Dos.ORM\Dos.ORM.Common\Helpers\LogHelper.cs
7、详细信息：
Text:	 SELECT   * FROM [v_SYS_Button]  WHERE  1=1  	



#############################################################################

1、时间：2016-11-18 19:53:35,856
2、优先级别：DEBUG
3、线程ID：89
4、耗时：2210706
5、行号：140
6、文件名：e:\Net_03.Personal\Net_Project.DosORM\Project\Dos.ORM\Dos.ORM.Common\Helpers\LogHelper.cs
7、详细信息：
Text:	INSERT INTO [SYS_LogInfo] ([OptModuleName],[DataId],[Desc],[OptResultName],[OptResultId],[OptTypeName],[OptTypeId],[OptModulePath],[Status],[Mac],[IP],[Browser],[OptSystem],[OptTime],[OptUserName],[OptUserId],[CompanyId],[LogTypeName],[LogTypeId],[LogId]) VALUES (@OptModuleName80,@DataId81,@Desc82,@OptResultName83,@OptResultId84,@OptTypeName85,@OptTypeId86,@OptModulePath87,@Status88,@Mac89,@IP90,@Browser91,@OptSystem92,@OptTime93,@OptUserName94,@OptUserId95,@CompanyId96,@LogTypeName97,@LogTypeId98,@LogId99)	
Parameters:
@OptModuleName80[String] = 登录系统
@DataId81[String] = 
@Desc82[String] = 登录成功！
@OptResultName83[String] = 登录成功
@OptResultId84[Int32] = 300
@OptTypeName85[String] = 登录
@OptTypeId86[Int32] = 2001
@OptModulePath87[String] = /MsSys/Login/CheckLogin
@Status88[Int32] = 1
@Mac89[String] = B8:76:3F:1F:BC:40
@IP90[String] = 127.0.0.1
@Browser91[String] = Chrome 54.0
@OptSystem92[String] = Windows 10
@OptTime93[DateTime] = 2016/11/18 19:53:35
@OptUserName94[String] = 秦波
@OptUserId95[Guid] = 0ad06755-9fde-4ddd-9dcb-448462155a03
@CompanyId96[Guid] = 078736e6-0cc2-48dc-80f1-6330419b4af1
@LogTypeName97[String] = 登录登出
@LogTypeId98[Int32] = 100
@LogId99[Guid] = bf81b49b-0ebb-4c5e-91b2-aa0a26604880



#############################################################################

1、时间：2016-11-18 19:53:37,933
2、优先级别：DEBUG
3、线程ID：77
4、耗时：2212782
5、行号：140
6、文件名：e:\Net_03.Personal\Net_Project.DosORM\Project\Dos.ORM\Dos.ORM.Common\Helpers\LogHelper.cs
7、详细信息：
Text:	 SELECT   * FROM [SYS_Module]  WHERE (([SYS_Module].[Status] = @Status100) AND ([SYS_Module].[IsEnable] = @IsEnable101)) AND ([SYS_Module].[OperatePageType] = @OperatePageType102) 	
Parameters:
@Status100[Int32] = 1
@IsEnable101[Int32] = 1
@OperatePageType102[Int32] = 1



#############################################################################

1、时间：2016-11-18 19:53:39,945
2、优先级别：DEBUG
3、线程ID：82
4、耗时：2214794
5、行号：140
6、文件名：e:\Net_03.Personal\Net_Project.DosORM\Project\Dos.ORM\Dos.ORM.Common\Helpers\LogHelper.cs
7、详细信息：
Text:	 SELECT count(*) as r_cnt FROM [SYS_Company] WHERE ([SYS_Company].[Status] = @Status103) AND ([SYS_Company].[CompanyId] = @CompanyId104)	
Parameters:
@Status103[Int32] = 1
@CompanyId104[Guid] = 078736e6-0cc2-48dc-80f1-6330419b4af1



#############################################################################

1、时间：2016-11-18 19:53:39,949
2、优先级别：DEBUG
3、线程ID：82
4、耗时：2214798
5、行号：140
6、文件名：e:\Net_03.Personal\Net_Project.DosORM\Project\Dos.ORM\Dos.ORM.Common\Helpers\LogHelper.cs
7、详细信息：
Text:	 SELECT   TOP 15 * FROM [SYS_Company]  WHERE ([SYS_Company].[Status] = @Status103) AND ([SYS_Company].[CompanyId] = @CompanyId104) ORDER BY [SYS_Company].[CrtTime] DESC 	
Parameters:
@Status103[Int32] = 1
@CompanyId104[Guid] = 078736e6-0cc2-48dc-80f1-6330419b4af1



#############################################################################

1、时间：2016-11-18 19:53:39,988
2、优先级别：DEBUG
3、线程ID：82
4、耗时：2214837
5、行号：140
6、文件名：e:\Net_03.Personal\Net_Project.DosORM\Project\Dos.ORM\Dos.ORM.Common\Helpers\LogHelper.cs
7、详细信息：
Text:	INSERT INTO [SYS_LogInfo] ([Desc],[OptResultName],[OptResultId],[OptTypeName],[OptTypeId],[OptModulePath],[OptModuleName],[Status],[Mac],[IP],[Browser],[OptSystem],[OptTime],[OptUserName],[OptUserId],[DataId],[CompanyId],[LogTypeName],[LogTypeId],[LogId]) VALUES (@Desc105,@OptResultName106,@OptResultId107,@OptTypeName108,@OptTypeId109,@OptModulePath110,@OptModuleName111,@Status112,@Mac113,@IP114,@Browser115,@OptSystem116,@OptTime117,@OptUserName118,@OptUserId119,@DataId120,@CompanyId121,@LogTypeName122,@LogTypeId123,@LogId124)	
Parameters:
@Desc105[String] = 数据查询成功！
@OptResultName106[String] = 操作成功
@OptResultId107[Int32] = 100
@OptTypeName108[String] = 查询
@OptTypeId109[Int32] = 1003
@OptModulePath110[String] = /MsSys/Company/GetList
@OptModuleName111[String] = 公司管理
@Status112[Int32] = 1
@Mac113[String] = B8:76:3F:1F:BC:40
@IP114[String] = 127.0.0.1
@Browser115[String] = Chrome 54.0
@OptSystem116[String] = Windows 10
@OptTime117[DateTime] = 2016/11/18 19:53:39
@OptUserName118[String] = 秦波
@OptUserId119[Guid] = 0ad06755-9fde-4ddd-9dcb-448462155a03
@DataId120[String] = 
@CompanyId121[Guid] = 078736e6-0cc2-48dc-80f1-6330419b4af1
@LogTypeName122[String] = 数据操作
@LogTypeId123[Int32] = 101
@LogId124[Guid] = d1407046-9198-433e-bde3-798ee5935f35



#############################################################################

1、时间：2016-11-18 19:53:42,410
2、优先级别：DEBUG
3、线程ID：89
4、耗时：2217259
5、行号：140
6、文件名：e:\Net_03.Personal\Net_Project.DosORM\Project\Dos.ORM\Dos.ORM.Common\Helpers\LogHelper.cs
7、详细信息：
Text:	 SELECT count(*) as r_cnt FROM [SYS_Department] WHERE ([SYS_Department].[Status] = @Status125) AND ([SYS_Department].[CompanyId] = @CompanyId126)	
Parameters:
@Status125[Int32] = 1
@CompanyId126[Guid] = 078736e6-0cc2-48dc-80f1-6330419b4af1



#############################################################################

1、时间：2016-11-18 19:53:42,412
2、优先级别：DEBUG
3、线程ID：89
4、耗时：2217261
5、行号：140
6、文件名：e:\Net_03.Personal\Net_Project.DosORM\Project\Dos.ORM\Dos.ORM.Common\Helpers\LogHelper.cs
7、详细信息：
Text:	 SELECT   TOP 15 * FROM [SYS_Department]  WHERE ([SYS_Department].[Status] = @Status125) AND ([SYS_Department].[CompanyId] = @CompanyId126) ORDER BY [SYS_Department].[CrtTime] DESC 	
Parameters:
@Status125[Int32] = 1
@CompanyId126[Guid] = 078736e6-0cc2-48dc-80f1-6330419b4af1



#############################################################################

1、时间：2016-11-18 19:53:42,452
2、优先级别：DEBUG
3、线程ID：89
4、耗时：2217301
5、行号：140
6、文件名：e:\Net_03.Personal\Net_Project.DosORM\Project\Dos.ORM\Dos.ORM.Common\Helpers\LogHelper.cs
7、详细信息：
Text:	INSERT INTO [SYS_LogInfo] ([Desc],[OptResultName],[OptResultId],[OptTypeName],[OptTypeId],[OptModulePath],[OptModuleName],[Status],[Mac],[IP],[Browser],[OptSystem],[OptTime],[OptUserName],[OptUserId],[DataId],[CompanyId],[LogTypeName],[LogTypeId],[LogId]) VALUES (@Desc127,@OptResultName128,@OptResultId129,@OptTypeName130,@OptTypeId131,@OptModulePath132,@OptModuleName133,@Status134,@Mac135,@IP136,@Browser137,@OptSystem138,@OptTime139,@OptUserName140,@OptUserId141,@DataId142,@CompanyId143,@LogTypeName144,@LogTypeId145,@LogId146)	
Parameters:
@Desc127[String] = 数据查询成功！
@OptResultName128[String] = 操作成功
@OptResultId129[Int32] = 100
@OptTypeName130[String] = 查询
@OptTypeId131[Int32] = 1003
@OptModulePath132[String] = /MsSys/Department/GetList
@OptModuleName133[String] = 部门管理
@Status134[Int32] = 1
@Mac135[String] = B8:76:3F:1F:BC:40
@IP136[String] = 127.0.0.1
@Browser137[String] = Chrome 54.0
@OptSystem138[String] = Windows 10
@OptTime139[DateTime] = 2016/11/18 19:53:42
@OptUserName140[String] = 秦波
@OptUserId141[Guid] = 0ad06755-9fde-4ddd-9dcb-448462155a03
@DataId142[String] = 
@CompanyId143[Guid] = 078736e6-0cc2-48dc-80f1-6330419b4af1
@LogTypeName144[String] = 数据操作
@LogTypeId145[Int32] = 101
@LogId146[Guid] = f10f8a77-0524-4907-b03e-d24a54950443



#############################################################################

1、时间：2016-11-18 19:53:44,710
2、优先级别：DEBUG
3、线程ID：77
4、耗时：2219559
5、行号：140
6、文件名：e:\Net_03.Personal\Net_Project.DosORM\Project\Dos.ORM\Dos.ORM.Common\Helpers\LogHelper.cs
7、详细信息：
Text:	 SELECT count(*) as r_cnt FROM [SYS_Post] WHERE ([SYS_Post].[Status] = @Status147) AND ([SYS_Post].[CompanyId] = @CompanyId148)	
Parameters:
@Status147[Int32] = 1
@CompanyId148[Guid] = 078736e6-0cc2-48dc-80f1-6330419b4af1



#############################################################################

1、时间：2016-11-18 19:53:44,713
2、优先级别：DEBUG
3、线程ID：77
4、耗时：2219562
5、行号：140
6、文件名：e:\Net_03.Personal\Net_Project.DosORM\Project\Dos.ORM\Dos.ORM.Common\Helpers\LogHelper.cs
7、详细信息：
Text:	 SELECT   TOP 15 * FROM [SYS_Post]  WHERE ([SYS_Post].[Status] = @Status147) AND ([SYS_Post].[CompanyId] = @CompanyId148) ORDER BY [SYS_Post].[CrtTime] DESC 	
Parameters:
@Status147[Int32] = 1
@CompanyId148[Guid] = 078736e6-0cc2-48dc-80f1-6330419b4af1



#############################################################################

1、时间：2016-11-18 19:53:44,780
2、优先级别：DEBUG
3、线程ID：77
4、耗时：2219629
5、行号：140
6、文件名：e:\Net_03.Personal\Net_Project.DosORM\Project\Dos.ORM\Dos.ORM.Common\Helpers\LogHelper.cs
7、详细信息：
Text:	INSERT INTO [SYS_LogInfo] ([Desc],[OptResultName],[OptResultId],[OptTypeName],[OptTypeId],[OptModulePath],[OptModuleName],[Status],[Mac],[IP],[Browser],[OptSystem],[OptTime],[OptUserName],[OptUserId],[DataId],[CompanyId],[LogTypeName],[LogTypeId],[LogId]) VALUES (@Desc149,@OptResultName150,@OptResultId151,@OptTypeName152,@OptTypeId153,@OptModulePath154,@OptModuleName155,@Status156,@Mac157,@IP158,@Browser159,@OptSystem160,@OptTime161,@OptUserName162,@OptUserId163,@DataId164,@CompanyId165,@LogTypeName166,@LogTypeId167,@LogId168)	
Parameters:
@Desc149[String] = 数据查询成功！
@OptResultName150[String] = 操作成功
@OptResultId151[Int32] = 100
@OptTypeName152[String] = 查询
@OptTypeId153[Int32] = 1003
@OptModulePath154[String] = /MsSys/Post/GetList
@OptModuleName155[String] = 岗位管理
@Status156[Int32] = 1
@Mac157[String] = B8:76:3F:1F:BC:40
@IP158[String] = 127.0.0.1
@Browser159[String] = Chrome 54.0
@OptSystem160[String] = Windows 10
@OptTime161[DateTime] = 2016/11/18 19:53:44
@OptUserName162[String] = 秦波
@OptUserId163[Guid] = 0ad06755-9fde-4ddd-9dcb-448462155a03
@DataId164[String] = 
@CompanyId165[Guid] = 078736e6-0cc2-48dc-80f1-6330419b4af1
@LogTypeName166[String] = 数据操作
@LogTypeId167[Int32] = 101
@LogId168[Guid] = d10d838a-4a20-42c1-9a2d-6496474502e0



#############################################################################

1、时间：2016-11-18 19:53:48,124
2、优先级别：DEBUG
3、线程ID：88
4、耗时：2222974
5、行号：140
6、文件名：e:\Net_03.Personal\Net_Project.DosORM\Project\Dos.ORM\Dos.ORM.Common\Helpers\LogHelper.cs
7、详细信息：
Text:	 SELECT count(*) as r_cnt FROM [SYS_Role] WHERE ([SYS_Role].[Status] = @Status169) AND ([SYS_Role].[CompanyId] = @CompanyId170)	
Parameters:
@Status169[Int32] = 1
@CompanyId170[Guid] = 078736e6-0cc2-48dc-80f1-6330419b4af1



#############################################################################

1、时间：2016-11-18 19:53:48,127
2、优先级别：DEBUG
3、线程ID：88
4、耗时：2222977
5、行号：140
6、文件名：e:\Net_03.Personal\Net_Project.DosORM\Project\Dos.ORM\Dos.ORM.Common\Helpers\LogHelper.cs
7、详细信息：
Text:	 SELECT   TOP 15 * FROM [SYS_Role]  WHERE ([SYS_Role].[Status] = @Status169) AND ([SYS_Role].[CompanyId] = @CompanyId170) ORDER BY [SYS_Role].[CrtTime] DESC 	
Parameters:
@Status169[Int32] = 1
@CompanyId170[Guid] = 078736e6-0cc2-48dc-80f1-6330419b4af1



#############################################################################

1、时间：2016-11-18 19:53:48,171
2、优先级别：DEBUG
3、线程ID：88
4、耗时：2223021
5、行号：140
6、文件名：e:\Net_03.Personal\Net_Project.DosORM\Project\Dos.ORM\Dos.ORM.Common\Helpers\LogHelper.cs
7、详细信息：
Text:	INSERT INTO [SYS_LogInfo] ([Desc],[OptResultName],[OptResultId],[OptTypeName],[OptTypeId],[OptModulePath],[OptModuleName],[Status],[Mac],[IP],[Browser],[OptSystem],[OptTime],[OptUserName],[OptUserId],[DataId],[CompanyId],[LogTypeName],[LogTypeId],[LogId]) VALUES (@Desc171,@OptResultName172,@OptResultId173,@OptTypeName174,@OptTypeId175,@OptModulePath176,@OptModuleName177,@Status178,@Mac179,@IP180,@Browser181,@OptSystem182,@OptTime183,@OptUserName184,@OptUserId185,@DataId186,@CompanyId187,@LogTypeName188,@LogTypeId189,@LogId190)	
Parameters:
@Desc171[String] = 数据查询成功！
@OptResultName172[String] = 操作成功
@OptResultId173[Int32] = 100
@OptTypeName174[String] = 查询
@OptTypeId175[Int32] = 1003
@OptModulePath176[String] = /MsSys/Role/GetList
@OptModuleName177[String] = 角色管理
@Status178[Int32] = 1
@Mac179[String] = B8:76:3F:1F:BC:40
@IP180[String] = 127.0.0.1
@Browser181[String] = Chrome 54.0
@OptSystem182[String] = Windows 10
@OptTime183[DateTime] = 2016/11/18 19:53:48
@OptUserName184[String] = 秦波
@OptUserId185[Guid] = 0ad06755-9fde-4ddd-9dcb-448462155a03
@DataId186[String] = 
@CompanyId187[Guid] = 078736e6-0cc2-48dc-80f1-6330419b4af1
@LogTypeName188[String] = 数据操作
@LogTypeId189[Int32] = 101
@LogId190[Guid] = 73e1c9e5-646c-44dc-b0d5-4d84bf9cf39d



#############################################################################

1、时间：2016-11-18 19:53:54,790
2、优先级别：DEBUG
3、线程ID：85
4、耗时：2229640
5、行号：140
6、文件名：e:\Net_03.Personal\Net_Project.DosORM\Project\Dos.ORM\Dos.ORM.Common\Helpers\LogHelper.cs
7、详细信息：
Text:	 SELECT count(*) as r_cnt FROM [SYS_Operator] WHERE (([SYS_Operator].[Status] = @Status191) AND ([SYS_Operator].[Account] <> @Account192)) AND ([SYS_Operator].[CompanyId] = @CompanyId193)	
Parameters:
@Status191[Int32] = 1
@Account192[String] = admin
@CompanyId193[Guid] = 078736e6-0cc2-48dc-80f1-6330419b4af1



#############################################################################

1、时间：2016-11-18 19:53:54,798
2、优先级别：DEBUG
3、线程ID：85
4、耗时：2229648
5、行号：140
6、文件名：e:\Net_03.Personal\Net_Project.DosORM\Project\Dos.ORM\Dos.ORM.Common\Helpers\LogHelper.cs
7、详细信息：
Text:	 SELECT   TOP 15 * FROM [SYS_Operator]  WHERE (([SYS_Operator].[Status] = @Status191) AND ([SYS_Operator].[Account] <> @Account192)) AND ([SYS_Operator].[CompanyId] = @CompanyId193) ORDER BY [SYS_Operator].[CrtTime] DESC 	
Parameters:
@Status191[Int32] = 1
@Account192[String] = admin
@CompanyId193[Guid] = 078736e6-0cc2-48dc-80f1-6330419b4af1



#############################################################################

1、时间：2016-11-18 19:53:54,861
2、优先级别：DEBUG
3、线程ID：85
4、耗时：2229711
5、行号：140
6、文件名：e:\Net_03.Personal\Net_Project.DosORM\Project\Dos.ORM\Dos.ORM.Common\Helpers\LogHelper.cs
7、详细信息：
Text:	INSERT INTO [SYS_LogInfo] ([Desc],[OptResultName],[OptResultId],[OptTypeName],[OptTypeId],[OptModulePath],[OptModuleName],[Status],[Mac],[IP],[Browser],[OptSystem],[OptTime],[OptUserName],[OptUserId],[DataId],[CompanyId],[LogTypeName],[LogTypeId],[LogId]) VALUES (@Desc194,@OptResultName195,@OptResultId196,@OptTypeName197,@OptTypeId198,@OptModulePath199,@OptModuleName200,@Status201,@Mac202,@IP203,@Browser204,@OptSystem205,@OptTime206,@OptUserName207,@OptUserId208,@DataId209,@CompanyId210,@LogTypeName211,@LogTypeId212,@LogId213)	
Parameters:
@Desc194[String] = 数据查询成功！
@OptResultName195[String] = 操作成功
@OptResultId196[Int32] = 100
@OptTypeName197[String] = 查询
@OptTypeId198[Int32] = 1003
@OptModulePath199[String] = /MsSys/Operator/GetList
@OptModuleName200[String] = 管理员管理
@Status201[Int32] = 1
@Mac202[String] = B8:76:3F:1F:BC:40
@IP203[String] = 127.0.0.1
@Browser204[String] = Chrome 54.0
@OptSystem205[String] = Windows 10
@OptTime206[DateTime] = 2016/11/18 19:53:54
@OptUserName207[String] = 秦波
@OptUserId208[Guid] = 0ad06755-9fde-4ddd-9dcb-448462155a03
@DataId209[String] = 
@CompanyId210[Guid] = 078736e6-0cc2-48dc-80f1-6330419b4af1
@LogTypeName211[String] = 数据操作
@LogTypeId212[Int32] = 101
@LogId213[Guid] = 307da817-6ed3-4393-a4b6-2b9270dfac4a



#############################################################################

1、时间：2016-11-18 19:57:08,640
2、优先级别：DEBUG
3、线程ID：91
4、耗时：2423489
5、行号：140
6、文件名：e:\Net_03.Personal\Net_Project.DosORM\Project\Dos.ORM\Dos.ORM.Common\Helpers\LogHelper.cs
7、详细信息：
Text:	 SELECT   TOP 1 * FROM [SYS_Operator]  WHERE [SYS_Operator].[OperatorId] = @OperatorId214 	
Parameters:
@OperatorId214[Guid] = e8918b75-7fb9-46c9-b8e4-2c0f3b632b72



#############################################################################

1、时间：2016-11-18 19:57:09,561
2、优先级别：DEBUG
3、线程ID：90
4、耗时：2424410
5、行号：140
6、文件名：e:\Net_03.Personal\Net_Project.DosORM\Project\Dos.ORM\Dos.ORM.Common\Helpers\LogHelper.cs
7、详细信息：
Text:	 SELECT count(*) as r_cnt FROM [SYS_Department] WHERE (([SYS_Department].[Status] = @Status215) AND ([SYS_Department].[IsEnable] = @IsEnable216)) AND ([SYS_Department].[CompanyId] = @CompanyId217)	
Parameters:
@Status215[Int32] = 1
@IsEnable216[Int32] = 1
@CompanyId217[Guid] = 078736e6-0cc2-48dc-80f1-6330419b4af1



#############################################################################

1、时间：2016-11-18 19:57:09,564
2、优先级别：DEBUG
3、线程ID：90
4、耗时：2424413
5、行号：140
6、文件名：e:\Net_03.Personal\Net_Project.DosORM\Project\Dos.ORM\Dos.ORM.Common\Helpers\LogHelper.cs
7、详细信息：
Text:	 SELECT   TOP 15 * FROM [SYS_Department]  WHERE (([SYS_Department].[Status] = @Status215) AND ([SYS_Department].[IsEnable] = @IsEnable216)) AND ([SYS_Department].[CompanyId] = @CompanyId217) ORDER BY [SYS_Department].[CrtTime] DESC 	
Parameters:
@Status215[Int32] = 1
@IsEnable216[Int32] = 1
@CompanyId217[Guid] = 078736e6-0cc2-48dc-80f1-6330419b4af1



#############################################################################

1、时间：2016-11-18 19:57:09,714
2、优先级别：DEBUG
3、线程ID：88
4、耗时：2424563
5、行号：140
6、文件名：e:\Net_03.Personal\Net_Project.DosORM\Project\Dos.ORM\Dos.ORM.Common\Helpers\LogHelper.cs
7、详细信息：
Text:	 SELECT count(*) as r_cnt FROM [SYS_Role] WHERE (([SYS_Role].[Status] = @Status218) AND ([SYS_Role].[IsEnable] = @IsEnable219)) AND ([SYS_Role].[CompanyId] = @CompanyId220)	
Parameters:
@Status218[Int32] = 1
@IsEnable219[Int32] = 1
@CompanyId220[Guid] = 078736e6-0cc2-48dc-80f1-6330419b4af1



#############################################################################

1、时间：2016-11-18 19:57:09,716
2、优先级别：DEBUG
3、线程ID：88
4、耗时：2424565
5、行号：140
6、文件名：e:\Net_03.Personal\Net_Project.DosORM\Project\Dos.ORM\Dos.ORM.Common\Helpers\LogHelper.cs
7、详细信息：
Text:	 SELECT   TOP 15 * FROM [SYS_Role]  WHERE (([SYS_Role].[Status] = @Status218) AND ([SYS_Role].[IsEnable] = @IsEnable219)) AND ([SYS_Role].[CompanyId] = @CompanyId220) ORDER BY [SYS_Role].[CrtTime] DESC 	
Parameters:
@Status218[Int32] = 1
@IsEnable219[Int32] = 1
@CompanyId220[Guid] = 078736e6-0cc2-48dc-80f1-6330419b4af1



#############################################################################

1、时间：2016-11-18 19:57:09,863
2、优先级别：DEBUG
3、线程ID：90
4、耗时：2424712
5、行号：140
6、文件名：e:\Net_03.Personal\Net_Project.DosORM\Project\Dos.ORM\Dos.ORM.Common\Helpers\LogHelper.cs
7、详细信息：
Text:	 SELECT count(*) as r_cnt FROM [SYS_Post] WHERE (([SYS_Post].[Status] = @Status221) AND ([SYS_Post].[IsEnable] = @IsEnable222)) AND ([SYS_Post].[CompanyId] = @CompanyId223)	
Parameters:
@Status221[Int32] = 1
@IsEnable222[Int32] = 1
@CompanyId223[Guid] = 078736e6-0cc2-48dc-80f1-6330419b4af1



#############################################################################

1、时间：2016-11-18 19:57:09,926
2、优先级别：DEBUG
3、线程ID：90
4、耗时：2424775
5、行号：140
6、文件名：e:\Net_03.Personal\Net_Project.DosORM\Project\Dos.ORM\Dos.ORM.Common\Helpers\LogHelper.cs
7、详细信息：
Text:	 SELECT   TOP 15 * FROM [SYS_Post]  WHERE (([SYS_Post].[Status] = @Status221) AND ([SYS_Post].[IsEnable] = @IsEnable222)) AND ([SYS_Post].[CompanyId] = @CompanyId223) ORDER BY [SYS_Post].[CrtTime] DESC 	
Parameters:
@Status221[Int32] = 1
@IsEnable222[Int32] = 1
@CompanyId223[Guid] = 078736e6-0cc2-48dc-80f1-6330419b4af1



#############################################################################

1、时间：2016-11-18 19:57:10,439
2、优先级别：DEBUG
3、线程ID：85
4、耗时：2425289
5、行号：140
6、文件名：e:\Net_03.Personal\Net_Project.DosORM\Project\Dos.ORM\Dos.ORM.Common\Helpers\LogHelper.cs
7、详细信息：
Text:	 SELECT   * FROM [SYS_OperatorDepartmentRelation]  WHERE [SYS_OperatorDepartmentRelation].[OperatorId] = @OperatorId224 	
Parameters:
@OperatorId224[Guid] = e8918b75-7fb9-46c9-b8e4-2c0f3b632b72



#############################################################################

1、时间：2016-11-18 19:57:10,447
2、优先级别：DEBUG
3、线程ID：85
4、耗时：2425297
5、行号：140
6、文件名：e:\Net_03.Personal\Net_Project.DosORM\Project\Dos.ORM\Dos.ORM.Common\Helpers\LogHelper.cs
7、详细信息：
Text:	 SELECT   * FROM [SYS_OperatorRoleRelation]  WHERE [SYS_OperatorRoleRelation].[OperatorId] = @OperatorId225 	
Parameters:
@OperatorId225[Guid] = e8918b75-7fb9-46c9-b8e4-2c0f3b632b72



#############################################################################

1、时间：2016-11-18 19:57:10,455
2、优先级别：DEBUG
3、线程ID：85
4、耗时：2425305
5、行号：140
6、文件名：e:\Net_03.Personal\Net_Project.DosORM\Project\Dos.ORM\Dos.ORM.Common\Helpers\LogHelper.cs
7、详细信息：
Text:	 SELECT   * FROM [SYS_OperatorPostRelation]  WHERE [SYS_OperatorPostRelation].[OperatorId] = @OperatorId226 	
Parameters:
@OperatorId226[Guid] = e8918b75-7fb9-46c9-b8e4-2c0f3b632b72



#############################################################################

1、时间：2016-11-18 19:57:12,860
2、优先级别：DEBUG
3、线程ID：90
4、耗时：2427709
5、行号：140
6、文件名：e:\Net_03.Personal\Net_Project.DosORM\Project\Dos.ORM\Dos.ORM.Common\Helpers\LogHelper.cs
7、详细信息：
Text:	 SELECT   TOP 1 [SYS_Operator].[OperatorId] FROM [SYS_Operator]  WHERE (([SYS_Operator].[OperatorId] <> @OperatorId227) AND ([SYS_Operator].[CompanyId] = @CompanyId228)) AND ([SYS_Operator].[Account] = @Account229) 	
Parameters:
@OperatorId227[Guid] = e8918b75-7fb9-46c9-b8e4-2c0f3b632b72
@CompanyId228[Guid] = 078736e6-0cc2-48dc-80f1-6330419b4af1
@Account229[String] = tester



#############################################################################

1、时间：2016-11-18 19:57:12,868
2、优先级别：DEBUG
3、线程ID：90
4、耗时：2427717
5、行号：140
6、文件名：e:\Net_03.Personal\Net_Project.DosORM\Project\Dos.ORM\Dos.ORM.Common\Helpers\LogHelper.cs
7、详细信息：
Text:	 SELECT   TOP 1 * FROM [SYS_Operator]  WHERE [SYS_Operator].[OperatorId] = @OperatorId230 	
Parameters:
@OperatorId230[Guid] = e8918b75-7fb9-46c9-b8e4-2c0f3b632b72



#############################################################################

1、时间：2016-11-18 19:57:12,885
2、优先级别：DEBUG
3、线程ID：90
4、耗时：2427734
5、行号：140
6、文件名：e:\Net_03.Personal\Net_Project.DosORM\Project\Dos.ORM\Dos.ORM.Common\Helpers\LogHelper.cs
7、详细信息：
Text:	UPDATE [SYS_Operator] SET [ModTime]=@ModTime232,[ModOptId]=@ModOptId233,[DtlInfo]=@DtlInfo234,[IsEnable]=@IsEnable235,[Address]=@Address236,[Email]=@Email237,[QQ]=@QQ238,[Tel]=@Tel239,[Mobile]=@Mobile240,[Microblog]=@Microblog241,[WeChat]=@WeChat242,[Realname]=@Realname243,[Nickname]=@Nickname244,[PhotoHeight]=@PhotoHeight245,[PhotoWidth]=@PhotoWidth246,[PhotoPath]=@PhotoPath247,[AccountType]=@AccountType248 WHERE [SYS_Operator].[OperatorId] = @OperatorId231	
Parameters:
@ModTime232[DateTime] = 2016/11/18 19:57:12
@ModOptId233[Guid] = 0ad06755-9fde-4ddd-9dcb-448462155a03
@DtlInfo234[String] = 
@IsEnable235[Int32] = 1
@Address236[String] = 
@Email237[String] = 
@QQ238[String] = 
@Tel239[String] = 
@Mobile240[String] = 
@Microblog241[String] = 
@WeChat242[String] = 
@Realname243[String] = 
@Nickname244[String] = 
@PhotoHeight245[String] = 
@PhotoWidth246[String] = 
@PhotoPath247[String] = 
@AccountType248[Int32] = 3
@OperatorId231[Guid] = e8918b75-7fb9-46c9-b8e4-2c0f3b632b72



#############################################################################

1、时间：2016-11-18 19:57:12,898
2、优先级别：DEBUG
3、线程ID：90
4、耗时：2427747
5、行号：140
6、文件名：e:\Net_03.Personal\Net_Project.DosORM\Project\Dos.ORM\Dos.ORM.Common\Helpers\LogHelper.cs
7、详细信息：
Text:	DELETE FROM [SYS_OperatorDepartmentRelation] WHERE [SYS_OperatorDepartmentRelation].[OperatorId] = @OperatorId249	
Parameters:
@OperatorId249[Guid] = e8918b75-7fb9-46c9-b8e4-2c0f3b632b72



#############################################################################

1、时间：2016-11-18 19:57:12,902
2、优先级别：DEBUG
3、线程ID：90
4、耗时：2427751
5、行号：140
6、文件名：e:\Net_03.Personal\Net_Project.DosORM\Project\Dos.ORM\Dos.ORM.Common\Helpers\LogHelper.cs
7、详细信息：
Text:	DELETE FROM [SYS_OperatorRoleRelation] WHERE [SYS_OperatorRoleRelation].[OperatorId] = @OperatorId250	
Parameters:
@OperatorId250[Guid] = e8918b75-7fb9-46c9-b8e4-2c0f3b632b72



#############################################################################

1、时间：2016-11-18 19:57:12,904
2、优先级别：DEBUG
3、线程ID：90
4、耗时：2427753
5、行号：140
6、文件名：e:\Net_03.Personal\Net_Project.DosORM\Project\Dos.ORM\Dos.ORM.Common\Helpers\LogHelper.cs
7、详细信息：
Text:	DELETE FROM [SYS_OperatorPostRelation] WHERE [SYS_OperatorPostRelation].[OperatorId] = @OperatorId251	
Parameters:
@OperatorId251[Guid] = e8918b75-7fb9-46c9-b8e4-2c0f3b632b72



#############################################################################

1、时间：2016-11-18 19:57:12,941
2、优先级别：DEBUG
3、线程ID：90
4、耗时：2427790
5、行号：140
6、文件名：e:\Net_03.Personal\Net_Project.DosORM\Project\Dos.ORM\Dos.ORM.Common\Helpers\LogHelper.cs
7、详细信息：
Text:	INSERT INTO [SYS_LogInfo] ([Desc],[OptResultName],[OptResultId],[OptTypeName],[OptTypeId],[OptModulePath],[OptModuleName],[Status],[Mac],[IP],[Browser],[OptSystem],[OptTime],[OptUserName],[OptUserId],[DataId],[CompanyId],[LogTypeName],[LogTypeId],[LogId]) VALUES (@Desc252,@OptResultName253,@OptResultId254,@OptTypeName255,@OptTypeId256,@OptModulePath257,@OptModuleName258,@Status259,@Mac260,@IP261,@Browser262,@OptSystem263,@OptTime264,@OptUserName265,@OptUserId266,@DataId267,@CompanyId268,@LogTypeName269,@LogTypeId270,@LogId271)	
Parameters:
@Desc252[String] = 数据保存成功！
@OptResultName253[String] = 操作成功
@OptResultId254[Int32] = 100
@OptTypeName255[String] = 修改
@OptTypeId256[Int32] = 1002
@OptModulePath257[String] = /MsSys/Operator/SaveData
@OptModuleName258[String] = 管理员管理
@Status259[Int32] = 1
@Mac260[String] = B8:76:3F:1F:BC:40
@IP261[String] = 127.0.0.1
@Browser262[String] = Chrome 54.0
@OptSystem263[String] = Windows 10
@OptTime264[DateTime] = 2016/11/18 19:57:12
@OptUserName265[String] = 秦波
@OptUserId266[Guid] = 0ad06755-9fde-4ddd-9dcb-448462155a03
@DataId267[String] = e8918b75-7fb9-46c9-b8e4-2c0f3b632b72
@CompanyId268[Guid] = 078736e6-0cc2-48dc-80f1-6330419b4af1
@LogTypeName269[String] = 数据操作
@LogTypeId270[Int32] = 101
@LogId271[Guid] = d59e8716-59bd-4a7b-aff4-2be9740ba63b



#############################################################################

1、时间：2016-11-18 19:57:14,475
2、优先级别：DEBUG
3、线程ID：85
4、耗时：2429324
5、行号：140
6、文件名：e:\Net_03.Personal\Net_Project.DosORM\Project\Dos.ORM\Dos.ORM.Common\Helpers\LogHelper.cs
7、详细信息：
Text:	 SELECT count(*) as r_cnt FROM [SYS_Operator] WHERE (([SYS_Operator].[Status] = @Status272) AND ([SYS_Operator].[Account] <> @Account273)) AND ([SYS_Operator].[CompanyId] = @CompanyId274)	
Parameters:
@Status272[Int32] = 1
@Account273[String] = admin
@CompanyId274[Guid] = 078736e6-0cc2-48dc-80f1-6330419b4af1



#############################################################################

1、时间：2016-11-18 19:57:14,478
2、优先级别：DEBUG
3、线程ID：85
4、耗时：2429327
5、行号：140
6、文件名：e:\Net_03.Personal\Net_Project.DosORM\Project\Dos.ORM\Dos.ORM.Common\Helpers\LogHelper.cs
7、详细信息：
Text:	 SELECT   TOP 15 * FROM [SYS_Operator]  WHERE (([SYS_Operator].[Status] = @Status272) AND ([SYS_Operator].[Account] <> @Account273)) AND ([SYS_Operator].[CompanyId] = @CompanyId274) ORDER BY [SYS_Operator].[CrtTime] DESC 	
Parameters:
@Status272[Int32] = 1
@Account273[String] = admin
@CompanyId274[Guid] = 078736e6-0cc2-48dc-80f1-6330419b4af1



#############################################################################

1、时间：2016-11-18 19:57:14,531
2、优先级别：DEBUG
3、线程ID：85
4、耗时：2429380
5、行号：140
6、文件名：e:\Net_03.Personal\Net_Project.DosORM\Project\Dos.ORM\Dos.ORM.Common\Helpers\LogHelper.cs
7、详细信息：
Text:	INSERT INTO [SYS_LogInfo] ([Desc],[OptResultName],[OptResultId],[OptTypeName],[OptTypeId],[OptModulePath],[OptModuleName],[Status],[Mac],[IP],[Browser],[OptSystem],[OptTime],[OptUserName],[OptUserId],[DataId],[CompanyId],[LogTypeName],[LogTypeId],[LogId]) VALUES (@Desc275,@OptResultName276,@OptResultId277,@OptTypeName278,@OptTypeId279,@OptModulePath280,@OptModuleName281,@Status282,@Mac283,@IP284,@Browser285,@OptSystem286,@OptTime287,@OptUserName288,@OptUserId289,@DataId290,@CompanyId291,@LogTypeName292,@LogTypeId293,@LogId294)	
Parameters:
@Desc275[String] = 数据查询成功！
@OptResultName276[String] = 操作成功
@OptResultId277[Int32] = 100
@OptTypeName278[String] = 查询
@OptTypeId279[Int32] = 1003
@OptModulePath280[String] = /MsSys/Operator/GetList
@OptModuleName281[String] = 管理员管理
@Status282[Int32] = 1
@Mac283[String] = B8:76:3F:1F:BC:40
@IP284[String] = 127.0.0.1
@Browser285[String] = Chrome 54.0
@OptSystem286[String] = Windows 10
@OptTime287[DateTime] = 2016/11/18 19:57:14
@OptUserName288[String] = 秦波
@OptUserId289[Guid] = 0ad06755-9fde-4ddd-9dcb-448462155a03
@DataId290[String] = 
@CompanyId291[Guid] = 078736e6-0cc2-48dc-80f1-6330419b4af1
@LogTypeName292[String] = 数据操作
@LogTypeId293[Int32] = 101
@LogId294[Guid] = 97bf9bf6-f2c1-4ca6-9af7-70756b9297fe



#############################################################################

1、时间：2016-11-18 19:58:31,469
2、优先级别：DEBUG
3、线程ID：91
4、耗时：2506319
5、行号：140
6、文件名：e:\Net_03.Personal\Net_Project.DosORM\Project\Dos.ORM\Dos.ORM.Common\Helpers\LogHelper.cs
7、详细信息：
Text:	UPDATE [SYS_Operator] SET [ThemeName]=@ThemeName296 WHERE [SYS_Operator].[OperatorId] = @OperatorId295	
Parameters:
@ThemeName296[String] = blue
@OperatorId295[Guid] = 0ad06755-9fde-4ddd-9dcb-448462155a03



#############################################################################

1、时间：2016-11-18 19:58:35,960
2、优先级别：DEBUG
3、线程ID：85
4、耗时：2510809
5、行号：140
6、文件名：e:\Net_03.Personal\Net_Project.DosORM\Project\Dos.ORM\Dos.ORM.Common\Helpers\LogHelper.cs
7、详细信息：
Text:	UPDATE [SYS_Operator] SET [ThemeName]=@ThemeName298 WHERE [SYS_Operator].[OperatorId] = @OperatorId297	
Parameters:
@ThemeName298[String] = gray
@OperatorId297[Guid] = 0ad06755-9fde-4ddd-9dcb-448462155a03



#############################################################################

1、时间：2016-11-18 19:59:09,484
2、优先级别：DEBUG
3、线程ID：77
4、耗时：2544333
5、行号：140
6、文件名：e:\Net_03.Personal\Net_Project.DosORM\Project\Dos.ORM\Dos.ORM.Common\Helpers\LogHelper.cs
7、详细信息：
Text:	 SELECT   TOP 1 * FROM [SYS_Operator]  WHERE [SYS_Operator].[OperatorId] = @OperatorId299 	
Parameters:
@OperatorId299[Guid] = e8918b75-7fb9-46c9-b8e4-2c0f3b632b72



#############################################################################

1、时间：2016-11-18 19:59:10,176
2、优先级别：DEBUG
3、线程ID：90
4、耗时：2545026
5、行号：140
6、文件名：e:\Net_03.Personal\Net_Project.DosORM\Project\Dos.ORM\Dos.ORM.Common\Helpers\LogHelper.cs
7、详细信息：
Text:	 SELECT count(*) as r_cnt FROM [SYS_Department] WHERE (([SYS_Department].[Status] = @Status300) AND ([SYS_Department].[IsEnable] = @IsEnable301)) AND ([SYS_Department].[CompanyId] = @CompanyId302)	
Parameters:
@Status300[Int32] = 1
@IsEnable301[Int32] = 1
@CompanyId302[Guid] = 078736e6-0cc2-48dc-80f1-6330419b4af1



#############################################################################

1、时间：2016-11-18 19:59:10,179
2、优先级别：DEBUG
3、线程ID：90
4、耗时：2545029
5、行号：140
6、文件名：e:\Net_03.Personal\Net_Project.DosORM\Project\Dos.ORM\Dos.ORM.Common\Helpers\LogHelper.cs
7、详细信息：
Text:	 SELECT   TOP 15 * FROM [SYS_Department]  WHERE (([SYS_Department].[Status] = @Status300) AND ([SYS_Department].[IsEnable] = @IsEnable301)) AND ([SYS_Department].[CompanyId] = @CompanyId302) ORDER BY [SYS_Department].[CrtTime] DESC 	
Parameters:
@Status300[Int32] = 1
@IsEnable301[Int32] = 1
@CompanyId302[Guid] = 078736e6-0cc2-48dc-80f1-6330419b4af1



#############################################################################

1、时间：2016-11-18 19:59:10,302
2、优先级别：DEBUG
3、线程ID：91
4、耗时：2545151
5、行号：140
6、文件名：e:\Net_03.Personal\Net_Project.DosORM\Project\Dos.ORM\Dos.ORM.Common\Helpers\LogHelper.cs
7、详细信息：
Text:	 SELECT count(*) as r_cnt FROM [SYS_Role] WHERE (([SYS_Role].[Status] = @Status303) AND ([SYS_Role].[IsEnable] = @IsEnable304)) AND ([SYS_Role].[CompanyId] = @CompanyId305)	
Parameters:
@Status303[Int32] = 1
@IsEnable304[Int32] = 1
@CompanyId305[Guid] = 078736e6-0cc2-48dc-80f1-6330419b4af1



#############################################################################

1、时间：2016-11-18 19:59:10,304
2、优先级别：DEBUG
3、线程ID：91
4、耗时：2545153
5、行号：140
6、文件名：e:\Net_03.Personal\Net_Project.DosORM\Project\Dos.ORM\Dos.ORM.Common\Helpers\LogHelper.cs
7、详细信息：
Text:	 SELECT   TOP 15 * FROM [SYS_Role]  WHERE (([SYS_Role].[Status] = @Status303) AND ([SYS_Role].[IsEnable] = @IsEnable304)) AND ([SYS_Role].[CompanyId] = @CompanyId305) ORDER BY [SYS_Role].[CrtTime] DESC 	
Parameters:
@Status303[Int32] = 1
@IsEnable304[Int32] = 1
@CompanyId305[Guid] = 078736e6-0cc2-48dc-80f1-6330419b4af1



#############################################################################

1、时间：2016-11-18 19:59:10,422
2、优先级别：DEBUG
3、线程ID：96
4、耗时：2545271
5、行号：140
6、文件名：e:\Net_03.Personal\Net_Project.DosORM\Project\Dos.ORM\Dos.ORM.Common\Helpers\LogHelper.cs
7、详细信息：
Text:	 SELECT count(*) as r_cnt FROM [SYS_Post] WHERE (([SYS_Post].[Status] = @Status306) AND ([SYS_Post].[IsEnable] = @IsEnable307)) AND ([SYS_Post].[CompanyId] = @CompanyId308)	
Parameters:
@Status306[Int32] = 1
@IsEnable307[Int32] = 1
@CompanyId308[Guid] = 078736e6-0cc2-48dc-80f1-6330419b4af1



#############################################################################

1、时间：2016-11-18 19:59:10,424
2、优先级别：DEBUG
3、线程ID：96
4、耗时：2545273
5、行号：140
6、文件名：e:\Net_03.Personal\Net_Project.DosORM\Project\Dos.ORM\Dos.ORM.Common\Helpers\LogHelper.cs
7、详细信息：
Text:	 SELECT   TOP 15 * FROM [SYS_Post]  WHERE (([SYS_Post].[Status] = @Status306) AND ([SYS_Post].[IsEnable] = @IsEnable307)) AND ([SYS_Post].[CompanyId] = @CompanyId308) ORDER BY [SYS_Post].[CrtTime] DESC 	
Parameters:
@Status306[Int32] = 1
@IsEnable307[Int32] = 1
@CompanyId308[Guid] = 078736e6-0cc2-48dc-80f1-6330419b4af1



#############################################################################

1、时间：2016-11-18 19:59:10,962
2、优先级别：DEBUG
3、线程ID：91
4、耗时：2545811
5、行号：140
6、文件名：e:\Net_03.Personal\Net_Project.DosORM\Project\Dos.ORM\Dos.ORM.Common\Helpers\LogHelper.cs
7、详细信息：
Text:	 SELECT   * FROM [SYS_OperatorDepartmentRelation]  WHERE [SYS_OperatorDepartmentRelation].[OperatorId] = @OperatorId309 	
Parameters:
@OperatorId309[Guid] = e8918b75-7fb9-46c9-b8e4-2c0f3b632b72



#############################################################################

1、时间：2016-11-18 19:59:10,968
2、优先级别：DEBUG
3、线程ID：91
4、耗时：2545817
5、行号：140
6、文件名：e:\Net_03.Personal\Net_Project.DosORM\Project\Dos.ORM\Dos.ORM.Common\Helpers\LogHelper.cs
7、详细信息：
Text:	 SELECT   * FROM [SYS_OperatorRoleRelation]  WHERE [SYS_OperatorRoleRelation].[OperatorId] = @OperatorId310 	
Parameters:
@OperatorId310[Guid] = e8918b75-7fb9-46c9-b8e4-2c0f3b632b72



#############################################################################

1、时间：2016-11-18 19:59:10,973
2、优先级别：DEBUG
3、线程ID：91
4、耗时：2545822
5、行号：140
6、文件名：e:\Net_03.Personal\Net_Project.DosORM\Project\Dos.ORM\Dos.ORM.Common\Helpers\LogHelper.cs
7、详细信息：
Text:	 SELECT   * FROM [SYS_OperatorPostRelation]  WHERE [SYS_OperatorPostRelation].[OperatorId] = @OperatorId311 	
Parameters:
@OperatorId311[Guid] = e8918b75-7fb9-46c9-b8e4-2c0f3b632b72



#############################################################################

1、时间：2016-11-18 19:59:23,371
2、优先级别：DEBUG
3、线程ID：96
4、耗时：2558220
5、行号：140
6、文件名：e:\Net_03.Personal\Net_Project.DosORM\Project\Dos.ORM\Dos.ORM.Common\Helpers\LogHelper.cs
7、详细信息：
Text:	 SELECT   TOP 1 * FROM [SYS_Operator]  WHERE [SYS_Operator].[OperatorId] = @OperatorId312 	
Parameters:
@OperatorId312[Guid] = e8918b75-7fb9-46c9-b8e4-2c0f3b632b72



#############################################################################

1、时间：2016-11-18 19:59:24,112
2、优先级别：DEBUG
3、线程ID：77
4、耗时：2558961
5、行号：140
6、文件名：e:\Net_03.Personal\Net_Project.DosORM\Project\Dos.ORM\Dos.ORM.Common\Helpers\LogHelper.cs
7、详细信息：
Text:	 SELECT count(*) as r_cnt FROM [SYS_Department] WHERE (([SYS_Department].[Status] = @Status313) AND ([SYS_Department].[IsEnable] = @IsEnable314)) AND ([SYS_Department].[CompanyId] = @CompanyId315)	
Parameters:
@Status313[Int32] = 1
@IsEnable314[Int32] = 1
@CompanyId315[Guid] = 078736e6-0cc2-48dc-80f1-6330419b4af1



#############################################################################

1、时间：2016-11-18 19:59:24,115
2、优先级别：DEBUG
3、线程ID：77
4、耗时：2558964
5、行号：140
6、文件名：e:\Net_03.Personal\Net_Project.DosORM\Project\Dos.ORM\Dos.ORM.Common\Helpers\LogHelper.cs
7、详细信息：
Text:	 SELECT   TOP 15 * FROM [SYS_Department]  WHERE (([SYS_Department].[Status] = @Status313) AND ([SYS_Department].[IsEnable] = @IsEnable314)) AND ([SYS_Department].[CompanyId] = @CompanyId315) ORDER BY [SYS_Department].[CrtTime] DESC 	
Parameters:
@Status313[Int32] = 1
@IsEnable314[Int32] = 1
@CompanyId315[Guid] = 078736e6-0cc2-48dc-80f1-6330419b4af1



#############################################################################

1、时间：2016-11-18 19:59:24,235
2、优先级别：DEBUG
3、线程ID：91
4、耗时：2559084
5、行号：140
6、文件名：e:\Net_03.Personal\Net_Project.DosORM\Project\Dos.ORM\Dos.ORM.Common\Helpers\LogHelper.cs
7、详细信息：
Text:	 SELECT count(*) as r_cnt FROM [SYS_Role] WHERE (([SYS_Role].[Status] = @Status316) AND ([SYS_Role].[IsEnable] = @IsEnable317)) AND ([SYS_Role].[CompanyId] = @CompanyId318)	
Parameters:
@Status316[Int32] = 1
@IsEnable317[Int32] = 1
@CompanyId318[Guid] = 078736e6-0cc2-48dc-80f1-6330419b4af1



#############################################################################

1、时间：2016-11-18 19:59:24,237
2、优先级别：DEBUG
3、线程ID：91
4、耗时：2559086
5、行号：140
6、文件名：e:\Net_03.Personal\Net_Project.DosORM\Project\Dos.ORM\Dos.ORM.Common\Helpers\LogHelper.cs
7、详细信息：
Text:	 SELECT   TOP 15 * FROM [SYS_Role]  WHERE (([SYS_Role].[Status] = @Status316) AND ([SYS_Role].[IsEnable] = @IsEnable317)) AND ([SYS_Role].[CompanyId] = @CompanyId318) ORDER BY [SYS_Role].[CrtTime] DESC 	
Parameters:
@Status316[Int32] = 1
@IsEnable317[Int32] = 1
@CompanyId318[Guid] = 078736e6-0cc2-48dc-80f1-6330419b4af1



#############################################################################

1、时间：2016-11-18 19:59:24,358
2、优先级别：DEBUG
3、线程ID：90
4、耗时：2559208
5、行号：140
6、文件名：e:\Net_03.Personal\Net_Project.DosORM\Project\Dos.ORM\Dos.ORM.Common\Helpers\LogHelper.cs
7、详细信息：
Text:	 SELECT count(*) as r_cnt FROM [SYS_Post] WHERE (([SYS_Post].[Status] = @Status319) AND ([SYS_Post].[IsEnable] = @IsEnable320)) AND ([SYS_Post].[CompanyId] = @CompanyId321)	
Parameters:
@Status319[Int32] = 1
@IsEnable320[Int32] = 1
@CompanyId321[Guid] = 078736e6-0cc2-48dc-80f1-6330419b4af1



#############################################################################

1、时间：2016-11-18 19:59:24,360
2、优先级别：DEBUG
3、线程ID：90
4、耗时：2559210
5、行号：140
6、文件名：e:\Net_03.Personal\Net_Project.DosORM\Project\Dos.ORM\Dos.ORM.Common\Helpers\LogHelper.cs
7、详细信息：
Text:	 SELECT   TOP 15 * FROM [SYS_Post]  WHERE (([SYS_Post].[Status] = @Status319) AND ([SYS_Post].[IsEnable] = @IsEnable320)) AND ([SYS_Post].[CompanyId] = @CompanyId321) ORDER BY [SYS_Post].[CrtTime] DESC 	
Parameters:
@Status319[Int32] = 1
@IsEnable320[Int32] = 1
@CompanyId321[Guid] = 078736e6-0cc2-48dc-80f1-6330419b4af1



#############################################################################

1、时间：2016-11-18 19:59:24,876
2、优先级别：DEBUG
3、线程ID：91
4、耗时：2559725
5、行号：140
6、文件名：e:\Net_03.Personal\Net_Project.DosORM\Project\Dos.ORM\Dos.ORM.Common\Helpers\LogHelper.cs
7、详细信息：
Text:	 SELECT   * FROM [SYS_OperatorDepartmentRelation]  WHERE [SYS_OperatorDepartmentRelation].[OperatorId] = @OperatorId322 	
Parameters:
@OperatorId322[Guid] = e8918b75-7fb9-46c9-b8e4-2c0f3b632b72



#############################################################################

1、时间：2016-11-18 19:59:24,882
2、优先级别：DEBUG
3、线程ID：91
4、耗时：2559731
5、行号：140
6、文件名：e:\Net_03.Personal\Net_Project.DosORM\Project\Dos.ORM\Dos.ORM.Common\Helpers\LogHelper.cs
7、详细信息：
Text:	 SELECT   * FROM [SYS_OperatorRoleRelation]  WHERE [SYS_OperatorRoleRelation].[OperatorId] = @OperatorId323 	
Parameters:
@OperatorId323[Guid] = e8918b75-7fb9-46c9-b8e4-2c0f3b632b72



#############################################################################

1、时间：2016-11-18 19:59:24,887
2、优先级别：DEBUG
3、线程ID：91
4、耗时：2559736
5、行号：140
6、文件名：e:\Net_03.Personal\Net_Project.DosORM\Project\Dos.ORM\Dos.ORM.Common\Helpers\LogHelper.cs
7、详细信息：
Text:	 SELECT   * FROM [SYS_OperatorPostRelation]  WHERE [SYS_OperatorPostRelation].[OperatorId] = @OperatorId324 	
Parameters:
@OperatorId324[Guid] = e8918b75-7fb9-46c9-b8e4-2c0f3b632b72


