
#############################################################################

1、时间：2016-10-26 13:50:30,486
2、优先级别：DEBUG
3、线程ID：14
4、耗时：11335
5、行号：140
6、文件名：f:\Net_Project.DosORM\Project\Dos.ORM\Dos.ORM.Common\Helpers\LogHelper.cs
7、详细信息：
Text:	 SELECT   TOP 1 * FROM [SYS_Operator]  WHERE ([SYS_Operator].[Account] = @Account_2) AND ([SYS_Operator].[Pwd] = @Pwd_3) 	
Parameters:
@Account_2[String] = quber
@Pwd_3[String] = C1851CFE23E736DE



#############################################################################

1、时间：2016-10-26 13:50:31,209
2、优先级别：DEBUG
3、线程ID：14
4、耗时：12059
5、行号：140
6、文件名：f:\Net_Project.DosORM\Project\Dos.ORM\Dos.ORM.Common\Helpers\LogHelper.cs
7、详细信息：
Text:	 SELECT   TOP 1 * FROM [SYS_Company]  WHERE [SYS_Company].[CompanyId] = @CompanyId_4 	
Parameters:
@CompanyId_4[Guid] = 078736e6-0cc2-48dc-80f1-6330419b4af1



#############################################################################

1、时间：2016-10-26 13:50:31,367
2、优先级别：DEBUG
3、线程ID：14
4、耗时：12216
5、行号：140
6、文件名：f:\Net_Project.DosORM\Project\Dos.ORM\Dos.ORM.Common\Helpers\LogHelper.cs
7、详细信息：
Text:	
                SELECT * FROM dbo.SYS_Department a
                LEFT JOIN dbo.SYS_OperatorDepartmentRelation b ON a.DepartmentId=b.DepartmentId
                WHERE b.OperatorId='0ad06755-9fde-4ddd-9dcb-448462155a03';
            	



#############################################################################

1、时间：2016-10-26 13:50:31,602
2、优先级别：DEBUG
3、线程ID：14
4、耗时：12451
5、行号：140
6、文件名：f:\Net_Project.DosORM\Project\Dos.ORM\Dos.ORM.Common\Helpers\LogHelper.cs
7、详细信息：
Text:	
                SELECT * FROM dbo.SYS_Role a
                LEFT JOIN dbo.SYS_OperatorRoleRelation b ON a.RoleId=b.RoleId
                WHERE b.OperatorId='0ad06755-9fde-4ddd-9dcb-448462155a03';
            	



#############################################################################

1、时间：2016-10-26 13:50:31,674
2、优先级别：DEBUG
3、线程ID：14
4、耗时：12523
5、行号：140
6、文件名：f:\Net_Project.DosORM\Project\Dos.ORM\Dos.ORM.Common\Helpers\LogHelper.cs
7、详细信息：
Text:	 SELECT   * FROM [v_SYS_Module]  WHERE  1=1  	



#############################################################################

1、时间：2016-10-26 13:50:31,860
2、优先级别：DEBUG
3、线程ID：14
4、耗时：12710
5、行号：140
6、文件名：f:\Net_Project.DosORM\Project\Dos.ORM\Dos.ORM.Common\Helpers\LogHelper.cs
7、详细信息：
Text:	 SELECT   * FROM [v_SYS_Button]  WHERE  1=1  	



#############################################################################

1、时间：2016-10-26 13:50:32,829
2、优先级别：DEBUG
3、线程ID：14
4、耗时：13678
5、行号：140
6、文件名：f:\Net_Project.DosORM\Project\Dos.ORM\Dos.ORM.Common\Helpers\LogHelper.cs
7、详细信息：
Text:	INSERT INTO [SYS_LogInfo] ([OptModuleName],[DataId],[Desc],[OptResultName],[OptResultId],[OptTypeName],[OptTypeId],[OptModulePath],[Status],[Mac],[IP],[Browser],[OptSystem],[OptTime],[OptUserName],[OptUserId],[CompanyId],[LogTypeName],[LogTypeId],[LogId]) VALUES (@OptModuleName0,@DataId1,@Desc2,@OptResultName3,@OptResultId4,@OptTypeName5,@OptTypeId6,@OptModulePath7,@Status8,@Mac9,@IP10,@Browser11,@OptSystem12,@OptTime13,@OptUserName14,@OptUserId15,@CompanyId16,@LogTypeName17,@LogTypeId18,@LogId19)	
Parameters:
@OptModuleName0[String] = 登录系统
@DataId1[String] = 
@Desc2[String] = 登录成功！
@OptResultName3[String] = 登录成功
@OptResultId4[Int32] = 300
@OptTypeName5[String] = 登录
@OptTypeId6[Int32] = 2001
@OptModulePath7[String] = /MsSys/Login/CheckLogin
@Status8[Int32] = 1
@Mac9[String] = 40:8D:5C:30:F1:7D
@IP10[String] = 127.0.0.1
@Browser11[String] = Chrome 54.0
@OptSystem12[String] = Windows 10
@OptTime13[DateTime] = 2016/10/26 13:50:32
@OptUserName14[String] = 秦波
@OptUserId15[Guid] = 0ad06755-9fde-4ddd-9dcb-448462155a03
@CompanyId16[Guid] = 078736e6-0cc2-48dc-80f1-6330419b4af1
@LogTypeName17[String] = 登录登出
@LogTypeId18[Int32] = 100
@LogId19[Guid] = 3391fcf1-1b2a-48b4-81d0-281de4ec9bf2



#############################################################################

1、时间：2016-10-26 13:50:36,104
2、优先级别：DEBUG
3、线程ID：13
4、耗时：16954
5、行号：140
6、文件名：f:\Net_Project.DosORM\Project\Dos.ORM\Dos.ORM.Common\Helpers\LogHelper.cs
7、详细信息：
Text:	 SELECT   * FROM [SYS_Module]  WHERE ([SYS_Module].[Status] = @Status_5) AND ([SYS_Module].[OperatePageType] = @OperatePageType_6) 	
Parameters:
@Status_5[Int32] = 1
@OperatePageType_6[Int32] = 1



#############################################################################

1、时间：2016-10-26 13:50:40,745
2、优先级别：DEBUG
3、线程ID：14
4、耗时：21594
5、行号：140
6、文件名：f:\Net_Project.DosORM\Project\Dos.ORM\Dos.ORM.Common\Helpers\LogHelper.cs
7、详细信息：
Text:	 SELECT count(*) as r_cnt FROM [SYS_Company] WHERE ([SYS_Company].[Status] = @Status_7) AND ([SYS_Company].[CompanyId] = @CompanyId_8)	
Parameters:
@Status_7[Int32] = 1
@CompanyId_8[Guid] = 078736e6-0cc2-48dc-80f1-6330419b4af1



#############################################################################

1、时间：2016-10-26 13:50:40,811
2、优先级别：DEBUG
3、线程ID：14
4、耗时：21661
5、行号：140
6、文件名：f:\Net_Project.DosORM\Project\Dos.ORM\Dos.ORM.Common\Helpers\LogHelper.cs
7、详细信息：
Text:	 SELECT   TOP 15 * FROM [SYS_Company]  WHERE ([SYS_Company].[Status] = @Status_7) AND ([SYS_Company].[CompanyId] = @CompanyId_8) ORDER BY [SYS_Company].[CrtTime] DESC 	
Parameters:
@Status_7[Int32] = 1
@CompanyId_8[Guid] = 078736e6-0cc2-48dc-80f1-6330419b4af1



#############################################################################

1、时间：2016-10-26 13:50:40,866
2、优先级别：DEBUG
3、线程ID：14
4、耗时：21715
5、行号：140
6、文件名：f:\Net_Project.DosORM\Project\Dos.ORM\Dos.ORM.Common\Helpers\LogHelper.cs
7、详细信息：
Text:	INSERT INTO [SYS_LogInfo] ([Desc],[OptResultName],[OptResultId],[OptTypeName],[OptTypeId],[OptModulePath],[OptModuleName],[Status],[Mac],[IP],[Browser],[OptSystem],[OptTime],[OptUserName],[OptUserId],[DataId],[CompanyId],[LogTypeName],[LogTypeId],[LogId]) VALUES (@Desc0,@OptResultName1,@OptResultId2,@OptTypeName3,@OptTypeId4,@OptModulePath5,@OptModuleName6,@Status7,@Mac8,@IP9,@Browser10,@OptSystem11,@OptTime12,@OptUserName13,@OptUserId14,@DataId15,@CompanyId16,@LogTypeName17,@LogTypeId18,@LogId19)	
Parameters:
@Desc0[String] = 数据查询成功！
@OptResultName1[String] = 操作成功
@OptResultId2[Int32] = 100
@OptTypeName3[String] = 查询
@OptTypeId4[Int32] = 1003
@OptModulePath5[String] = /MsSys/Company/GetList
@OptModuleName6[String] = 公司管理
@Status7[Int32] = 1
@Mac8[String] = 40:8D:5C:30:F1:7D
@IP9[String] = 127.0.0.1
@Browser10[String] = Chrome 54.0
@OptSystem11[String] = Windows 10
@OptTime12[DateTime] = 2016/10/26 13:50:40
@OptUserName13[String] = 秦波
@OptUserId14[Guid] = 0ad06755-9fde-4ddd-9dcb-448462155a03
@DataId15[String] = 
@CompanyId16[Guid] = 078736e6-0cc2-48dc-80f1-6330419b4af1
@LogTypeName17[String] = 数据操作
@LogTypeId18[Int32] = 101
@LogId19[Guid] = 50c4cea1-9906-4eae-b4f2-68b5e627e15b



#############################################################################

1、时间：2016-10-26 13:50:42,541
2、优先级别：DEBUG
3、线程ID：7
4、耗时：23391
5、行号：140
6、文件名：f:\Net_Project.DosORM\Project\Dos.ORM\Dos.ORM.Common\Helpers\LogHelper.cs
7、详细信息：
Text:	 SELECT count(*) as r_cnt FROM [SYS_Department] WHERE ([SYS_Department].[Status] = @Status_9) AND ([SYS_Department].[CompanyId] = @CompanyId_10)	
Parameters:
@Status_9[Int32] = 1
@CompanyId_10[Guid] = 078736e6-0cc2-48dc-80f1-6330419b4af1



#############################################################################

1、时间：2016-10-26 13:50:42,543
2、优先级别：DEBUG
3、线程ID：7
4、耗时：23393
5、行号：140
6、文件名：f:\Net_Project.DosORM\Project\Dos.ORM\Dos.ORM.Common\Helpers\LogHelper.cs
7、详细信息：
Text:	 SELECT   TOP 15 * FROM [SYS_Department]  WHERE ([SYS_Department].[Status] = @Status_9) AND ([SYS_Department].[CompanyId] = @CompanyId_10) ORDER BY [SYS_Department].[CrtTime] DESC 	
Parameters:
@Status_9[Int32] = 1
@CompanyId_10[Guid] = 078736e6-0cc2-48dc-80f1-6330419b4af1



#############################################################################

1、时间：2016-10-26 13:50:42,634
2、优先级别：DEBUG
3、线程ID：7
4、耗时：23484
5、行号：140
6、文件名：f:\Net_Project.DosORM\Project\Dos.ORM\Dos.ORM.Common\Helpers\LogHelper.cs
7、详细信息：
Text:	INSERT INTO [SYS_LogInfo] ([Desc],[OptResultName],[OptResultId],[OptTypeName],[OptTypeId],[OptModulePath],[OptModuleName],[Status],[Mac],[IP],[Browser],[OptSystem],[OptTime],[OptUserName],[OptUserId],[DataId],[CompanyId],[LogTypeName],[LogTypeId],[LogId]) VALUES (@Desc0,@OptResultName1,@OptResultId2,@OptTypeName3,@OptTypeId4,@OptModulePath5,@OptModuleName6,@Status7,@Mac8,@IP9,@Browser10,@OptSystem11,@OptTime12,@OptUserName13,@OptUserId14,@DataId15,@CompanyId16,@LogTypeName17,@LogTypeId18,@LogId19)	
Parameters:
@Desc0[String] = 数据查询成功！
@OptResultName1[String] = 操作成功
@OptResultId2[Int32] = 100
@OptTypeName3[String] = 查询
@OptTypeId4[Int32] = 1003
@OptModulePath5[String] = /MsSys/Department/GetList
@OptModuleName6[String] = 部门管理
@Status7[Int32] = 1
@Mac8[String] = 40:8D:5C:30:F1:7D
@IP9[String] = 127.0.0.1
@Browser10[String] = Chrome 54.0
@OptSystem11[String] = Windows 10
@OptTime12[DateTime] = 2016/10/26 13:50:42
@OptUserName13[String] = 秦波
@OptUserId14[Guid] = 0ad06755-9fde-4ddd-9dcb-448462155a03
@DataId15[String] = 
@CompanyId16[Guid] = 078736e6-0cc2-48dc-80f1-6330419b4af1
@LogTypeName17[String] = 数据操作
@LogTypeId18[Int32] = 101
@LogId19[Guid] = 0bc26780-f5cf-46d6-bd74-5b919d60bc01



#############################################################################

1、时间：2016-10-26 13:50:44,846
2、优先级别：DEBUG
3、线程ID：14
4、耗时：25696
5、行号：140
6、文件名：f:\Net_Project.DosORM\Project\Dos.ORM\Dos.ORM.Common\Helpers\LogHelper.cs
7、详细信息：
Text:	 SELECT count(*) as r_cnt FROM [SYS_Role] WHERE ([SYS_Role].[Status] = @Status_11) AND ([SYS_Role].[CompanyId] = @CompanyId_12)	
Parameters:
@Status_11[Int32] = 1
@CompanyId_12[Guid] = 078736e6-0cc2-48dc-80f1-6330419b4af1



#############################################################################

1、时间：2016-10-26 13:50:44,855
2、优先级别：DEBUG
3、线程ID：14
4、耗时：25705
5、行号：140
6、文件名：f:\Net_Project.DosORM\Project\Dos.ORM\Dos.ORM.Common\Helpers\LogHelper.cs
7、详细信息：
Text:	 SELECT   TOP 15 * FROM [SYS_Role]  WHERE ([SYS_Role].[Status] = @Status_11) AND ([SYS_Role].[CompanyId] = @CompanyId_12) ORDER BY [SYS_Role].[CrtTime] DESC 	
Parameters:
@Status_11[Int32] = 1
@CompanyId_12[Guid] = 078736e6-0cc2-48dc-80f1-6330419b4af1



#############################################################################

1、时间：2016-10-26 13:50:44,886
2、优先级别：DEBUG
3、线程ID：14
4、耗时：25736
5、行号：140
6、文件名：f:\Net_Project.DosORM\Project\Dos.ORM\Dos.ORM.Common\Helpers\LogHelper.cs
7、详细信息：
Text:	INSERT INTO [SYS_LogInfo] ([Desc],[OptResultName],[OptResultId],[OptTypeName],[OptTypeId],[OptModulePath],[OptModuleName],[Status],[Mac],[IP],[Browser],[OptSystem],[OptTime],[OptUserName],[OptUserId],[DataId],[CompanyId],[LogTypeName],[LogTypeId],[LogId]) VALUES (@Desc0,@OptResultName1,@OptResultId2,@OptTypeName3,@OptTypeId4,@OptModulePath5,@OptModuleName6,@Status7,@Mac8,@IP9,@Browser10,@OptSystem11,@OptTime12,@OptUserName13,@OptUserId14,@DataId15,@CompanyId16,@LogTypeName17,@LogTypeId18,@LogId19)	
Parameters:
@Desc0[String] = 数据查询成功！
@OptResultName1[String] = 操作成功
@OptResultId2[Int32] = 100
@OptTypeName3[String] = 查询
@OptTypeId4[Int32] = 1003
@OptModulePath5[String] = /MsSys/Role/GetList
@OptModuleName6[String] = 角色管理
@Status7[Int32] = 1
@Mac8[String] = 40:8D:5C:30:F1:7D
@IP9[String] = 127.0.0.1
@Browser10[String] = Chrome 54.0
@OptSystem11[String] = Windows 10
@OptTime12[DateTime] = 2016/10/26 13:50:44
@OptUserName13[String] = 秦波
@OptUserId14[Guid] = 0ad06755-9fde-4ddd-9dcb-448462155a03
@DataId15[String] = 
@CompanyId16[Guid] = 078736e6-0cc2-48dc-80f1-6330419b4af1
@LogTypeName17[String] = 数据操作
@LogTypeId18[Int32] = 101
@LogId19[Guid] = dd1fbb51-9f7e-448e-b431-2ec4a37bef2f



#############################################################################

1、时间：2016-10-26 13:50:46,411
2、优先级别：DEBUG
3、线程ID：7
4、耗时：27261
5、行号：140
6、文件名：f:\Net_Project.DosORM\Project\Dos.ORM\Dos.ORM.Common\Helpers\LogHelper.cs
7、详细信息：
Text:	 SELECT count(*) as r_cnt FROM [SYS_Operator] WHERE (([SYS_Operator].[Status] = @Status_13) AND ([SYS_Operator].[Account] <> @Account_14)) AND ([SYS_Operator].[CompanyId] = @CompanyId_15)	
Parameters:
@Status_13[Int32] = 1
@Account_14[String] = admin
@CompanyId_15[Guid] = 078736e6-0cc2-48dc-80f1-6330419b4af1



#############################################################################

1、时间：2016-10-26 13:50:46,468
2、优先级别：DEBUG
3、线程ID：7
4、耗时：27317
5、行号：140
6、文件名：f:\Net_Project.DosORM\Project\Dos.ORM\Dos.ORM.Common\Helpers\LogHelper.cs
7、详细信息：
Text:	 SELECT   TOP 15 * FROM [SYS_Operator]  WHERE (([SYS_Operator].[Status] = @Status_13) AND ([SYS_Operator].[Account] <> @Account_14)) AND ([SYS_Operator].[CompanyId] = @CompanyId_15) ORDER BY [SYS_Operator].[CrtTime] DESC 	
Parameters:
@Status_13[Int32] = 1
@Account_14[String] = admin
@CompanyId_15[Guid] = 078736e6-0cc2-48dc-80f1-6330419b4af1



#############################################################################

1、时间：2016-10-26 13:50:46,534
2、优先级别：DEBUG
3、线程ID：7
4、耗时：27383
5、行号：140
6、文件名：f:\Net_Project.DosORM\Project\Dos.ORM\Dos.ORM.Common\Helpers\LogHelper.cs
7、详细信息：
Text:	INSERT INTO [SYS_LogInfo] ([Desc],[OptResultName],[OptResultId],[OptTypeName],[OptTypeId],[OptModulePath],[OptModuleName],[Status],[Mac],[IP],[Browser],[OptSystem],[OptTime],[OptUserName],[OptUserId],[DataId],[CompanyId],[LogTypeName],[LogTypeId],[LogId]) VALUES (@Desc0,@OptResultName1,@OptResultId2,@OptTypeName3,@OptTypeId4,@OptModulePath5,@OptModuleName6,@Status7,@Mac8,@IP9,@Browser10,@OptSystem11,@OptTime12,@OptUserName13,@OptUserId14,@DataId15,@CompanyId16,@LogTypeName17,@LogTypeId18,@LogId19)	
Parameters:
@Desc0[String] = 数据查询成功！
@OptResultName1[String] = 操作成功
@OptResultId2[Int32] = 100
@OptTypeName3[String] = 查询
@OptTypeId4[Int32] = 1003
@OptModulePath5[String] = /MsSys/Operator/GetList
@OptModuleName6[String] = 管理员管理
@Status7[Int32] = 1
@Mac8[String] = 40:8D:5C:30:F1:7D
@IP9[String] = 127.0.0.1
@Browser10[String] = Chrome 54.0
@OptSystem11[String] = Windows 10
@OptTime12[DateTime] = 2016/10/26 13:50:46
@OptUserName13[String] = 秦波
@OptUserId14[Guid] = 0ad06755-9fde-4ddd-9dcb-448462155a03
@DataId15[String] = 
@CompanyId16[Guid] = 078736e6-0cc2-48dc-80f1-6330419b4af1
@LogTypeName17[String] = 数据操作
@LogTypeId18[Int32] = 101
@LogId19[Guid] = ddf8179f-43f5-473e-abe8-8ccaab74675f



#############################################################################

1、时间：2016-10-26 13:50:53,667
2、优先级别：DEBUG
3、线程ID：13
4、耗时：34516
5、行号：140
6、文件名：f:\Net_Project.DosORM\Project\Dos.ORM\Dos.ORM.Common\Helpers\LogHelper.cs
7、详细信息：
Text:	 SELECT count(*) as r_cnt FROM [SYS_Department] WHERE (([SYS_Department].[Status] = @Status_16) AND ([SYS_Department].[IsEnable] = @IsEnable_17)) AND ([SYS_Department].[CompanyId] = @CompanyId_18)	
Parameters:
@Status_16[Int32] = 1
@IsEnable_17[Int32] = 1
@CompanyId_18[Guid] = 078736e6-0cc2-48dc-80f1-6330419b4af1



#############################################################################

1、时间：2016-10-26 13:50:53,690
2、优先级别：DEBUG
3、线程ID：13
4、耗时：34539
5、行号：140
6、文件名：f:\Net_Project.DosORM\Project\Dos.ORM\Dos.ORM.Common\Helpers\LogHelper.cs
7、详细信息：
Text:	 SELECT   TOP 15 * FROM [SYS_Department]  WHERE (([SYS_Department].[Status] = @Status_16) AND ([SYS_Department].[IsEnable] = @IsEnable_17)) AND ([SYS_Department].[CompanyId] = @CompanyId_18) ORDER BY [SYS_Department].[CrtTime] DESC 	
Parameters:
@Status_16[Int32] = 1
@IsEnable_17[Int32] = 1
@CompanyId_18[Guid] = 078736e6-0cc2-48dc-80f1-6330419b4af1



#############################################################################

1、时间：2016-10-26 13:50:53,731
2、优先级别：DEBUG
3、线程ID：10
4、耗时：34580
5、行号：140
6、文件名：f:\Net_Project.DosORM\Project\Dos.ORM\Dos.ORM.Common\Helpers\LogHelper.cs
7、详细信息：
Text:	 SELECT count(*) as r_cnt FROM [SYS_Role] WHERE (([SYS_Role].[Status] = @Status_19) AND ([SYS_Role].[IsEnable] = @IsEnable_20)) AND ([SYS_Role].[CompanyId] = @CompanyId_21)	
Parameters:
@Status_19[Int32] = 1
@IsEnable_20[Int32] = 1
@CompanyId_21[Guid] = 078736e6-0cc2-48dc-80f1-6330419b4af1



#############################################################################

1、时间：2016-10-26 13:50:53,733
2、优先级别：DEBUG
3、线程ID：10
4、耗时：34582
5、行号：140
6、文件名：f:\Net_Project.DosORM\Project\Dos.ORM\Dos.ORM.Common\Helpers\LogHelper.cs
7、详细信息：
Text:	 SELECT   TOP 15 * FROM [SYS_Role]  WHERE (([SYS_Role].[Status] = @Status_19) AND ([SYS_Role].[IsEnable] = @IsEnable_20)) AND ([SYS_Role].[CompanyId] = @CompanyId_21) ORDER BY [SYS_Role].[CrtTime] DESC 	
Parameters:
@Status_19[Int32] = 1
@IsEnable_20[Int32] = 1
@CompanyId_21[Guid] = 078736e6-0cc2-48dc-80f1-6330419b4af1



#############################################################################

1、时间：2016-10-26 13:52:36,470
2、优先级别：DEBUG
3、线程ID：11
4、耗时：137320
5、行号：140
6、文件名：f:\Net_Project.DosORM\Project\Dos.ORM\Dos.ORM.Common\Helpers\LogHelper.cs
7、详细信息：
Text:	 SELECT   TOP 1 * FROM [SYS_Department]  WHERE [SYS_Department].[DepartmentId] = @DepartmentId_22 	
Parameters:
@DepartmentId_22[Guid] = f220aaec-1a5b-4223-9347-5b819823f7a2



#############################################################################

1、时间：2016-10-26 13:52:42,485
2、优先级别：DEBUG
3、线程ID：13
4、耗时：143334
5、行号：140
6、文件名：f:\Net_Project.DosORM\Project\Dos.ORM\Dos.ORM.Common\Helpers\LogHelper.cs
7、详细信息：
Text:	 SELECT   TOP 1 * FROM [SYS_Role]  WHERE [SYS_Role].[RoleId] = @RoleId_23 	
Parameters:
@RoleId_23[Guid] = f5dae1a3-3cfe-4829-b282-a60e5466639e



#############################################################################

1、时间：2016-10-26 13:52:42,698
2、优先级别：DEBUG
3、线程ID：12
4、耗时：143547
5、行号：140
6、文件名：f:\Net_Project.DosORM\Project\Dos.ORM\Dos.ORM.Common\Helpers\LogHelper.cs
7、详细信息：
Text:	 SELECT   * FROM [SYS_RoleModuleRelation]  WHERE [SYS_RoleModuleRelation].[RoleId] = @RoleId_24 	
Parameters:
@RoleId_24[Guid] = f5dae1a3-3cfe-4829-b282-a60e5466639e



#############################################################################

1、时间：2016-10-26 13:52:42,705
2、优先级别：DEBUG
3、线程ID：12
4、耗时：143554
5、行号：140
6、文件名：f:\Net_Project.DosORM\Project\Dos.ORM\Dos.ORM.Common\Helpers\LogHelper.cs
7、详细信息：
Text:	 SELECT   * FROM [SYS_Module]  WHERE [SYS_Module].[Status] = @Status_25 	
Parameters:
@Status_25[Int32] = 1



#############################################################################

1、时间：2016-10-26 15:41:15,096
2、优先级别：DEBUG
3、线程ID：7
4、耗时：7658
5、行号：140
6、文件名：f:\Net_Project.DosORM\Project\Dos.ORM\Dos.ORM.Common\Helpers\LogHelper.cs
7、详细信息：
Text:	 SELECT   TOP 1 * FROM [SYS_Operator]  WHERE ([SYS_Operator].[Account] = @Account_2) AND ([SYS_Operator].[Pwd] = @Pwd_3) 	
Parameters:
@Account_2[String] = quber
@Pwd_3[String] = C1851CFE23E736DE



#############################################################################

1、时间：2016-10-26 15:41:15,118
2、优先级别：DEBUG
3、线程ID：7
4、耗时：7680
5、行号：140
6、文件名：f:\Net_Project.DosORM\Project\Dos.ORM\Dos.ORM.Common\Helpers\LogHelper.cs
7、详细信息：
Text:	 SELECT   TOP 1 * FROM [SYS_Company]  WHERE [SYS_Company].[CompanyId] = @CompanyId_4 	
Parameters:
@CompanyId_4[Guid] = 078736e6-0cc2-48dc-80f1-6330419b4af1



#############################################################################

1、时间：2016-10-26 15:41:15,126
2、优先级别：DEBUG
3、线程ID：7
4、耗时：7688
5、行号：140
6、文件名：f:\Net_Project.DosORM\Project\Dos.ORM\Dos.ORM.Common\Helpers\LogHelper.cs
7、详细信息：
Text:	
                SELECT * FROM dbo.SYS_Department a
                LEFT JOIN dbo.SYS_OperatorDepartmentRelation b ON a.DepartmentId=b.DepartmentId
                WHERE b.OperatorId='0ad06755-9fde-4ddd-9dcb-448462155a03';
            	



#############################################################################

1、时间：2016-10-26 15:41:15,135
2、优先级别：DEBUG
3、线程ID：7
4、耗时：7697
5、行号：140
6、文件名：f:\Net_Project.DosORM\Project\Dos.ORM\Dos.ORM.Common\Helpers\LogHelper.cs
7、详细信息：
Text:	
                SELECT * FROM dbo.SYS_Role a
                LEFT JOIN dbo.SYS_OperatorRoleRelation b ON a.RoleId=b.RoleId
                WHERE b.OperatorId='0ad06755-9fde-4ddd-9dcb-448462155a03';
            	



#############################################################################

1、时间：2016-10-26 15:41:15,141
2、优先级别：DEBUG
3、线程ID：7
4、耗时：7703
5、行号：140
6、文件名：f:\Net_Project.DosORM\Project\Dos.ORM\Dos.ORM.Common\Helpers\LogHelper.cs
7、详细信息：
Text:	 SELECT   * FROM [v_SYS_Module]  WHERE  1=1  	



#############################################################################

1、时间：2016-10-26 15:41:15,162
2、优先级别：DEBUG
3、线程ID：7
4、耗时：7724
5、行号：140
6、文件名：f:\Net_Project.DosORM\Project\Dos.ORM\Dos.ORM.Common\Helpers\LogHelper.cs
7、详细信息：
Text:	 SELECT   * FROM [v_SYS_Button]  WHERE  1=1  	



#############################################################################

1、时间：2016-10-26 15:41:15,310
2、优先级别：DEBUG
3、线程ID：7
4、耗时：7872
5、行号：140
6、文件名：f:\Net_Project.DosORM\Project\Dos.ORM\Dos.ORM.Common\Helpers\LogHelper.cs
7、详细信息：
Text:	INSERT INTO [SYS_LogInfo] ([OptModuleName],[DataId],[Desc],[OptResultName],[OptResultId],[OptTypeName],[OptTypeId],[OptModulePath],[Status],[Mac],[IP],[Browser],[OptSystem],[OptTime],[OptUserName],[OptUserId],[CompanyId],[LogTypeName],[LogTypeId],[LogId]) VALUES (@OptModuleName0,@DataId1,@Desc2,@OptResultName3,@OptResultId4,@OptTypeName5,@OptTypeId6,@OptModulePath7,@Status8,@Mac9,@IP10,@Browser11,@OptSystem12,@OptTime13,@OptUserName14,@OptUserId15,@CompanyId16,@LogTypeName17,@LogTypeId18,@LogId19)	
Parameters:
@OptModuleName0[String] = 登录系统
@DataId1[String] = 
@Desc2[String] = 登录成功！
@OptResultName3[String] = 登录成功
@OptResultId4[Int32] = 300
@OptTypeName5[String] = 登录
@OptTypeId6[Int32] = 2001
@OptModulePath7[String] = /MsSys/Login/CheckLogin
@Status8[Int32] = 1
@Mac9[String] = 40:8D:5C:30:F1:7D
@IP10[String] = 127.0.0.1
@Browser11[String] = Chrome 54.0
@OptSystem12[String] = Windows 10
@OptTime13[DateTime] = 2016/10/26 15:41:15
@OptUserName14[String] = 秦波
@OptUserId15[Guid] = 0ad06755-9fde-4ddd-9dcb-448462155a03
@CompanyId16[Guid] = 078736e6-0cc2-48dc-80f1-6330419b4af1
@LogTypeName17[String] = 登录登出
@LogTypeId18[Int32] = 100
@LogId19[Guid] = b83e8919-4a60-4b07-8b18-c7de907b5311



#############################################################################

1、时间：2016-10-26 15:41:17,703
2、优先级别：DEBUG
3、线程ID：7
4、耗时：10265
5、行号：140
6、文件名：f:\Net_Project.DosORM\Project\Dos.ORM\Dos.ORM.Common\Helpers\LogHelper.cs
7、详细信息：
Text:	 SELECT   * FROM [SYS_Module]  WHERE ([SYS_Module].[Status] = @Status_5) AND ([SYS_Module].[OperatePageType] = @OperatePageType_6) 	
Parameters:
@Status_5[Int32] = 1
@OperatePageType_6[Int32] = 1



#############################################################################

1、时间：2016-10-26 15:41:22,762
2、优先级别：DEBUG
3、线程ID：12
4、耗时：15324
5、行号：140
6、文件名：f:\Net_Project.DosORM\Project\Dos.ORM\Dos.ORM.Common\Helpers\LogHelper.cs
7、详细信息：
Text:	 SELECT count(*) as r_cnt FROM [SYS_Operator] WHERE (([SYS_Operator].[Status] = @Status_7) AND ([SYS_Operator].[Account] <> @Account_8)) AND ([SYS_Operator].[CompanyId] = @CompanyId_9)	
Parameters:
@Status_7[Int32] = 1
@Account_8[String] = admin
@CompanyId_9[Guid] = 078736e6-0cc2-48dc-80f1-6330419b4af1



#############################################################################

1、时间：2016-10-26 15:41:22,781
2、优先级别：DEBUG
3、线程ID：12
4、耗时：15343
5、行号：140
6、文件名：f:\Net_Project.DosORM\Project\Dos.ORM\Dos.ORM.Common\Helpers\LogHelper.cs
7、详细信息：
Text:	 SELECT   TOP 15 * FROM [SYS_Operator]  WHERE (([SYS_Operator].[Status] = @Status_7) AND ([SYS_Operator].[Account] <> @Account_8)) AND ([SYS_Operator].[CompanyId] = @CompanyId_9) ORDER BY [SYS_Operator].[CrtTime] DESC 	
Parameters:
@Status_7[Int32] = 1
@Account_8[String] = admin
@CompanyId_9[Guid] = 078736e6-0cc2-48dc-80f1-6330419b4af1



#############################################################################

1、时间：2016-10-26 15:41:22,824
2、优先级别：DEBUG
3、线程ID：12
4、耗时：15386
5、行号：140
6、文件名：f:\Net_Project.DosORM\Project\Dos.ORM\Dos.ORM.Common\Helpers\LogHelper.cs
7、详细信息：
Text:	INSERT INTO [SYS_LogInfo] ([Desc],[OptResultName],[OptResultId],[OptTypeName],[OptTypeId],[OptModulePath],[OptModuleName],[Status],[Mac],[IP],[Browser],[OptSystem],[OptTime],[OptUserName],[OptUserId],[DataId],[CompanyId],[LogTypeName],[LogTypeId],[LogId]) VALUES (@Desc0,@OptResultName1,@OptResultId2,@OptTypeName3,@OptTypeId4,@OptModulePath5,@OptModuleName6,@Status7,@Mac8,@IP9,@Browser10,@OptSystem11,@OptTime12,@OptUserName13,@OptUserId14,@DataId15,@CompanyId16,@LogTypeName17,@LogTypeId18,@LogId19)	
Parameters:
@Desc0[String] = 数据查询成功！
@OptResultName1[String] = 操作成功
@OptResultId2[Int32] = 100
@OptTypeName3[String] = 查询
@OptTypeId4[Int32] = 1003
@OptModulePath5[String] = /MsSys/Operator/GetList
@OptModuleName6[String] = 管理员管理
@Status7[Int32] = 1
@Mac8[String] = 40:8D:5C:30:F1:7D
@IP9[String] = 127.0.0.1
@Browser10[String] = Chrome 54.0
@OptSystem11[String] = Windows 10
@OptTime12[DateTime] = 2016/10/26 15:41:22
@OptUserName13[String] = 秦波
@OptUserId14[Guid] = 0ad06755-9fde-4ddd-9dcb-448462155a03
@DataId15[String] = 
@CompanyId16[Guid] = 078736e6-0cc2-48dc-80f1-6330419b4af1
@LogTypeName17[String] = 数据操作
@LogTypeId18[Int32] = 101
@LogId19[Guid] = 738696d2-1665-48bd-b7ac-9bfd924ad12c



#############################################################################

1、时间：2016-10-26 15:41:24,524
2、优先级别：DEBUG
3、线程ID：9
4、耗时：17086
5、行号：140
6、文件名：f:\Net_Project.DosORM\Project\Dos.ORM\Dos.ORM.Common\Helpers\LogHelper.cs
7、详细信息：
Text:	 SELECT count(*) as r_cnt FROM [SYS_Department] WHERE (([SYS_Department].[Status] = @Status_10) AND ([SYS_Department].[IsEnable] = @IsEnable_11)) AND ([SYS_Department].[CompanyId] = @CompanyId_12)	
Parameters:
@Status_10[Int32] = 1
@IsEnable_11[Int32] = 1
@CompanyId_12[Guid] = 078736e6-0cc2-48dc-80f1-6330419b4af1



#############################################################################

1、时间：2016-10-26 15:41:24,526
2、优先级别：DEBUG
3、线程ID：9
4、耗时：17088
5、行号：140
6、文件名：f:\Net_Project.DosORM\Project\Dos.ORM\Dos.ORM.Common\Helpers\LogHelper.cs
7、详细信息：
Text:	 SELECT   TOP 15 * FROM [SYS_Department]  WHERE (([SYS_Department].[Status] = @Status_10) AND ([SYS_Department].[IsEnable] = @IsEnable_11)) AND ([SYS_Department].[CompanyId] = @CompanyId_12) ORDER BY [SYS_Department].[CrtTime] DESC 	
Parameters:
@Status_10[Int32] = 1
@IsEnable_11[Int32] = 1
@CompanyId_12[Guid] = 078736e6-0cc2-48dc-80f1-6330419b4af1



#############################################################################

1、时间：2016-10-26 15:41:24,591
2、优先级别：DEBUG
3、线程ID：10
4、耗时：17153
5、行号：140
6、文件名：f:\Net_Project.DosORM\Project\Dos.ORM\Dos.ORM.Common\Helpers\LogHelper.cs
7、详细信息：
Text:	 SELECT count(*) as r_cnt FROM [SYS_Role] WHERE (([SYS_Role].[Status] = @Status_13) AND ([SYS_Role].[IsEnable] = @IsEnable_14)) AND ([SYS_Role].[CompanyId] = @CompanyId_15)	
Parameters:
@Status_13[Int32] = 1
@IsEnable_14[Int32] = 1
@CompanyId_15[Guid] = 078736e6-0cc2-48dc-80f1-6330419b4af1



#############################################################################

1、时间：2016-10-26 15:41:24,593
2、优先级别：DEBUG
3、线程ID：10
4、耗时：17155
5、行号：140
6、文件名：f:\Net_Project.DosORM\Project\Dos.ORM\Dos.ORM.Common\Helpers\LogHelper.cs
7、详细信息：
Text:	 SELECT   TOP 15 * FROM [SYS_Role]  WHERE (([SYS_Role].[Status] = @Status_13) AND ([SYS_Role].[IsEnable] = @IsEnable_14)) AND ([SYS_Role].[CompanyId] = @CompanyId_15) ORDER BY [SYS_Role].[CrtTime] DESC 	
Parameters:
@Status_13[Int32] = 1
@IsEnable_14[Int32] = 1
@CompanyId_15[Guid] = 078736e6-0cc2-48dc-80f1-6330419b4af1



#############################################################################

1、时间：2016-10-26 16:43:42,368
2、优先级别：DEBUG
3、线程ID：29
4、耗时：998767
5、行号：140
6、文件名：e:\Net_03.Personal\Net_Project.DosORM\Project\Dos.ORM\Dos.ORM.Common\Helpers\LogHelper.cs
7、详细信息：
Text:	 SELECT   TOP 1 * FROM [SYS_Operator]  WHERE ([SYS_Operator].[Account] = @Account_2) AND ([SYS_Operator].[Pwd] = @Pwd_3) 	
Parameters:
@Account_2[String] = quber
@Pwd_3[String] = C1851CFE23E736DE



#############################################################################

1、时间：2016-10-26 16:43:42,403
2、优先级别：DEBUG
3、线程ID：29
4、耗时：998802
5、行号：140
6、文件名：e:\Net_03.Personal\Net_Project.DosORM\Project\Dos.ORM\Dos.ORM.Common\Helpers\LogHelper.cs
7、详细信息：
Text:	 SELECT   TOP 1 * FROM [SYS_Company]  WHERE [SYS_Company].[CompanyId] = @CompanyId_4 	
Parameters:
@CompanyId_4[Guid] = 078736e6-0cc2-48dc-80f1-6330419b4af1



#############################################################################

1、时间：2016-10-26 16:43:42,413
2、优先级别：DEBUG
3、线程ID：29
4、耗时：998812
5、行号：140
6、文件名：e:\Net_03.Personal\Net_Project.DosORM\Project\Dos.ORM\Dos.ORM.Common\Helpers\LogHelper.cs
7、详细信息：
Text:	
                SELECT * FROM dbo.SYS_Department a
                LEFT JOIN dbo.SYS_OperatorDepartmentRelation b ON a.DepartmentId=b.DepartmentId
                WHERE b.OperatorId='0ad06755-9fde-4ddd-9dcb-448462155a03';
            	



#############################################################################

1、时间：2016-10-26 16:43:42,424
2、优先级别：DEBUG
3、线程ID：29
4、耗时：998823
5、行号：140
6、文件名：e:\Net_03.Personal\Net_Project.DosORM\Project\Dos.ORM\Dos.ORM.Common\Helpers\LogHelper.cs
7、详细信息：
Text:	
                SELECT * FROM dbo.SYS_Role a
                LEFT JOIN dbo.SYS_OperatorRoleRelation b ON a.RoleId=b.RoleId
                WHERE b.OperatorId='0ad06755-9fde-4ddd-9dcb-448462155a03';
            	



#############################################################################

1、时间：2016-10-26 16:43:42,434
2、优先级别：DEBUG
3、线程ID：29
4、耗时：998833
5、行号：140
6、文件名：e:\Net_03.Personal\Net_Project.DosORM\Project\Dos.ORM\Dos.ORM.Common\Helpers\LogHelper.cs
7、详细信息：
Text:	 SELECT   * FROM [v_SYS_Module]  WHERE [v_SYS_Module].[IsEnable] = @IsEnable_5 	
Parameters:
@IsEnable_5[Int32] = 1



#############################################################################

1、时间：2016-10-26 16:43:42,479
2、优先级别：DEBUG
3、线程ID：29
4、耗时：998878
5、行号：140
6、文件名：e:\Net_03.Personal\Net_Project.DosORM\Project\Dos.ORM\Dos.ORM.Common\Helpers\LogHelper.cs
7、详细信息：
Text:	 SELECT   * FROM [v_SYS_Button]  WHERE  1=1  	



#############################################################################

1、时间：2016-10-26 16:43:42,546
2、优先级别：DEBUG
3、线程ID：29
4、耗时：998945
5、行号：140
6、文件名：e:\Net_03.Personal\Net_Project.DosORM\Project\Dos.ORM\Dos.ORM.Common\Helpers\LogHelper.cs
7、详细信息：
Text:	INSERT INTO [SYS_LogInfo] ([OptModuleName],[DataId],[Desc],[OptResultName],[OptResultId],[OptTypeName],[OptTypeId],[OptModulePath],[Status],[Mac],[IP],[Browser],[OptSystem],[OptTime],[OptUserName],[OptUserId],[CompanyId],[LogTypeName],[LogTypeId],[LogId]) VALUES (@OptModuleName0,@DataId1,@Desc2,@OptResultName3,@OptResultId4,@OptTypeName5,@OptTypeId6,@OptModulePath7,@Status8,@Mac9,@IP10,@Browser11,@OptSystem12,@OptTime13,@OptUserName14,@OptUserId15,@CompanyId16,@LogTypeName17,@LogTypeId18,@LogId19)	
Parameters:
@OptModuleName0[String] = 登录系统
@DataId1[String] = 
@Desc2[String] = 登录成功！
@OptResultName3[String] = 登录成功
@OptResultId4[Int32] = 300
@OptTypeName5[String] = 登录
@OptTypeId6[Int32] = 2001
@OptModulePath7[String] = /MsSys/Login/CheckLogin
@Status8[Int32] = 1
@Mac9[String] = 40:8D:5C:30:F1:7D
@IP10[String] = 127.0.0.1
@Browser11[String] = Chrome 54.0
@OptSystem12[String] = Windows 10
@OptTime13[DateTime] = 2016/10/26 16:43:42
@OptUserName14[String] = 秦波
@OptUserId15[Guid] = 0ad06755-9fde-4ddd-9dcb-448462155a03
@CompanyId16[Guid] = 078736e6-0cc2-48dc-80f1-6330419b4af1
@LogTypeName17[String] = 登录登出
@LogTypeId18[Int32] = 100
@LogId19[Guid] = ba2c0d50-3da2-4835-9cfb-9d5f3cdfbe4d



#############################################################################

1、时间：2016-10-26 16:43:45,498
2、优先级别：DEBUG
3、线程ID：15
4、耗时：1001897
5、行号：140
6、文件名：e:\Net_03.Personal\Net_Project.DosORM\Project\Dos.ORM\Dos.ORM.Common\Helpers\LogHelper.cs
7、详细信息：
Text:	 SELECT   * FROM [SYS_Module]  WHERE (([SYS_Module].[Status] = @Status_6) AND ([SYS_Module].[IsEnable] = @IsEnable_7)) AND ([SYS_Module].[OperatePageType] = @OperatePageType_8) 	
Parameters:
@Status_6[Int32] = 1
@IsEnable_7[Int32] = 1
@OperatePageType_8[Int32] = 1



#############################################################################

1、时间：2016-10-26 16:43:48,293
2、优先级别：DEBUG
3、线程ID：15
4、耗时：1004692
5、行号：140
6、文件名：e:\Net_03.Personal\Net_Project.DosORM\Project\Dos.ORM\Dos.ORM.Common\Helpers\LogHelper.cs
7、详细信息：
Text:	 SELECT   * FROM [BUS_NewsType]  WHERE (([BUS_NewsType].[Status] = @Status_9) AND ([BUS_NewsType].[IsEnable] = @IsEnable_10)) AND ([BUS_NewsType].[CompanyId] = @CompanyId_11) 	
Parameters:
@Status_9[Int32] = 1
@IsEnable_10[Int32] = 1
@CompanyId_11[Guid] = 078736e6-0cc2-48dc-80f1-6330419b4af1



#############################################################################

1、时间：2016-10-26 16:43:49,127
2、优先级别：DEBUG
3、线程ID：32
4、耗时：1005526
5、行号：140
6、文件名：e:\Net_03.Personal\Net_Project.DosORM\Project\Dos.ORM\Dos.ORM.Common\Helpers\LogHelper.cs
7、详细信息：
Text:	 SELECT count(*) as r_cnt FROM [BUS_NewsInfo] LEFT OUTER JOIN [BUS_NewsType] ON ([BUS_NewsInfo].[NewsTypeId] = [BUS_NewsType].[NewsTypeId]) WHERE ([BUS_NewsInfo].[Status] = @Status_12) AND ([BUS_NewsInfo].[CompanyId] = @CompanyId_13)	
Parameters:
@Status_12[Int32] = 1
@CompanyId_13[Guid] = 078736e6-0cc2-48dc-80f1-6330419b4af1



#############################################################################

1、时间：2016-10-26 16:43:49,140
2、优先级别：DEBUG
3、线程ID：32
4、耗时：1005539
5、行号：140
6、文件名：e:\Net_03.Personal\Net_Project.DosORM\Project\Dos.ORM\Dos.ORM.Common\Helpers\LogHelper.cs
7、详细信息：
Text:	 SELECT   TOP 15 [BUS_NewsInfo].*,[BUS_NewsType].[NewsTypeName] FROM [BUS_NewsInfo] LEFT OUTER JOIN [BUS_NewsType] ON ([BUS_NewsInfo].[NewsTypeId] = [BUS_NewsType].[NewsTypeId])  WHERE ([BUS_NewsInfo].[Status] = @Status_12) AND ([BUS_NewsInfo].[CompanyId] = @CompanyId_13) ORDER BY [BUS_NewsInfo].[CrtTime] DESC 	
Parameters:
@Status_12[Int32] = 1
@CompanyId_13[Guid] = 078736e6-0cc2-48dc-80f1-6330419b4af1



#############################################################################

1、时间：2016-10-26 16:43:49,198
2、优先级别：DEBUG
3、线程ID：32
4、耗时：1005597
5、行号：140
6、文件名：e:\Net_03.Personal\Net_Project.DosORM\Project\Dos.ORM\Dos.ORM.Common\Helpers\LogHelper.cs
7、详细信息：
Text:	INSERT INTO [SYS_LogInfo] ([Desc],[OptResultName],[OptResultId],[OptTypeName],[OptTypeId],[OptModulePath],[OptModuleName],[Status],[Mac],[IP],[Browser],[OptSystem],[OptTime],[OptUserName],[OptUserId],[DataId],[CompanyId],[LogTypeName],[LogTypeId],[LogId]) VALUES (@Desc0,@OptResultName1,@OptResultId2,@OptTypeName3,@OptTypeId4,@OptModulePath5,@OptModuleName6,@Status7,@Mac8,@IP9,@Browser10,@OptSystem11,@OptTime12,@OptUserName13,@OptUserId14,@DataId15,@CompanyId16,@LogTypeName17,@LogTypeId18,@LogId19)	
Parameters:
@Desc0[String] = 数据查询成功！
@OptResultName1[String] = 操作成功
@OptResultId2[Int32] = 100
@OptTypeName3[String] = 查询
@OptTypeId4[Int32] = 1003
@OptModulePath5[String] = /MsBus/NewsInfo/GetList
@OptModuleName6[String] = 新闻信息管理
@Status7[Int32] = 1
@Mac8[String] = 40:8D:5C:30:F1:7D
@IP9[String] = 127.0.0.1
@Browser10[String] = Chrome 54.0
@OptSystem11[String] = Windows 10
@OptTime12[DateTime] = 2016/10/26 16:43:49
@OptUserName13[String] = 秦波
@OptUserId14[Guid] = 0ad06755-9fde-4ddd-9dcb-448462155a03
@DataId15[String] = 
@CompanyId16[Guid] = 078736e6-0cc2-48dc-80f1-6330419b4af1
@LogTypeName17[String] = 数据操作
@LogTypeId18[Int32] = 101
@LogId19[Guid] = fc7d5513-2969-41b6-80ba-6f28107b10a1



#############################################################################

1、时间：2016-10-26 17:04:37,117
2、优先级别：DEBUG
3、线程ID：8
4、耗时：24846
5、行号：140
6、文件名：e:\Net_03.Personal\Net_Project.DosORM\Project\Dos.ORM\Dos.ORM.Common\Helpers\LogHelper.cs
7、详细信息：
Text:	 SELECT   TOP 1 * FROM [SYS_Operator]  WHERE ([SYS_Operator].[Account] = @Account_2) AND ([SYS_Operator].[Pwd] = @Pwd_3) 	
Parameters:
@Account_2[String] = quber
@Pwd_3[String] = C1851CFE23E736DE



#############################################################################

1、时间：2016-10-26 17:04:37,150
2、优先级别：DEBUG
3、线程ID：8
4、耗时：24879
5、行号：140
6、文件名：e:\Net_03.Personal\Net_Project.DosORM\Project\Dos.ORM\Dos.ORM.Common\Helpers\LogHelper.cs
7、详细信息：
Text:	 SELECT   TOP 1 * FROM [SYS_Company]  WHERE [SYS_Company].[CompanyId] = @CompanyId_4 	
Parameters:
@CompanyId_4[Guid] = 078736e6-0cc2-48dc-80f1-6330419b4af1



#############################################################################

1、时间：2016-10-26 17:04:37,160
2、优先级别：DEBUG
3、线程ID：8
4、耗时：24889
5、行号：140
6、文件名：e:\Net_03.Personal\Net_Project.DosORM\Project\Dos.ORM\Dos.ORM.Common\Helpers\LogHelper.cs
7、详细信息：
Text:	
                SELECT * FROM dbo.SYS_Department a
                LEFT JOIN dbo.SYS_OperatorDepartmentRelation b ON a.DepartmentId=b.DepartmentId
                WHERE b.OperatorId='0ad06755-9fde-4ddd-9dcb-448462155a03';
            	



#############################################################################

1、时间：2016-10-26 17:04:37,168
2、优先级别：DEBUG
3、线程ID：8
4、耗时：24897
5、行号：140
6、文件名：e:\Net_03.Personal\Net_Project.DosORM\Project\Dos.ORM\Dos.ORM.Common\Helpers\LogHelper.cs
7、详细信息：
Text:	
                SELECT * FROM dbo.SYS_Role a
                LEFT JOIN dbo.SYS_OperatorRoleRelation b ON a.RoleId=b.RoleId
                WHERE b.OperatorId='0ad06755-9fde-4ddd-9dcb-448462155a03';
            	



#############################################################################

1、时间：2016-10-26 17:04:37,178
2、优先级别：DEBUG
3、线程ID：8
4、耗时：24907
5、行号：140
6、文件名：e:\Net_03.Personal\Net_Project.DosORM\Project\Dos.ORM\Dos.ORM.Common\Helpers\LogHelper.cs
7、详细信息：
Text:	 SELECT   * FROM [v_SYS_Module]  WHERE [v_SYS_Module].[IsEnable] = @IsEnable_5 	
Parameters:
@IsEnable_5[Int32] = 1



#############################################################################

1、时间：2016-10-26 17:04:37,190
2、优先级别：DEBUG
3、线程ID：8
4、耗时：24919
5、行号：140
6、文件名：e:\Net_03.Personal\Net_Project.DosORM\Project\Dos.ORM\Dos.ORM.Common\Helpers\LogHelper.cs
7、详细信息：
Text:	 SELECT   * FROM [v_SYS_Button]  WHERE  1=1  	



#############################################################################

1、时间：2016-10-26 17:04:37,362
2、优先级别：DEBUG
3、线程ID：8
4、耗时：25090
5、行号：140
6、文件名：e:\Net_03.Personal\Net_Project.DosORM\Project\Dos.ORM\Dos.ORM.Common\Helpers\LogHelper.cs
7、详细信息：
Text:	INSERT INTO [SYS_LogInfo] ([OptModuleName],[DataId],[Desc],[OptResultName],[OptResultId],[OptTypeName],[OptTypeId],[OptModulePath],[Status],[Mac],[IP],[Browser],[OptSystem],[OptTime],[OptUserName],[OptUserId],[CompanyId],[LogTypeName],[LogTypeId],[LogId]) VALUES (@OptModuleName0,@DataId1,@Desc2,@OptResultName3,@OptResultId4,@OptTypeName5,@OptTypeId6,@OptModulePath7,@Status8,@Mac9,@IP10,@Browser11,@OptSystem12,@OptTime13,@OptUserName14,@OptUserId15,@CompanyId16,@LogTypeName17,@LogTypeId18,@LogId19)	
Parameters:
@OptModuleName0[String] = 登录系统
@DataId1[String] = 
@Desc2[String] = 登录成功！
@OptResultName3[String] = 登录成功
@OptResultId4[Int32] = 300
@OptTypeName5[String] = 登录
@OptTypeId6[Int32] = 2001
@OptModulePath7[String] = /MsSys/Login/CheckLogin
@Status8[Int32] = 1
@Mac9[String] = 40:8D:5C:30:F1:7D
@IP10[String] = 192.168.0.160
@Browser11[String] = Chrome 54.0
@OptSystem12[String] = Windows 10
@OptTime13[DateTime] = 2016/10/26 17:04:37
@OptUserName14[String] = 秦波
@OptUserId15[Guid] = 0ad06755-9fde-4ddd-9dcb-448462155a03
@CompanyId16[Guid] = 078736e6-0cc2-48dc-80f1-6330419b4af1
@LogTypeName17[String] = 登录登出
@LogTypeId18[Int32] = 100
@LogId19[Guid] = 4e21271d-988c-4553-9357-023527fdda83



#############################################################################

1、时间：2016-10-26 17:04:39,973
2、优先级别：DEBUG
3、线程ID：8
4、耗时：27701
5、行号：140
6、文件名：e:\Net_03.Personal\Net_Project.DosORM\Project\Dos.ORM\Dos.ORM.Common\Helpers\LogHelper.cs
7、详细信息：
Text:	 SELECT   * FROM [SYS_Module]  WHERE (([SYS_Module].[Status] = @Status_6) AND ([SYS_Module].[IsEnable] = @IsEnable_7)) AND ([SYS_Module].[OperatePageType] = @OperatePageType_8) 	
Parameters:
@Status_6[Int32] = 1
@IsEnable_7[Int32] = 1
@OperatePageType_8[Int32] = 1



#############################################################################

1、时间：2016-10-26 17:04:48,262
2、优先级别：DEBUG
3、线程ID：8
4、耗时：35990
5、行号：140
6、文件名：e:\Net_03.Personal\Net_Project.DosORM\Project\Dos.ORM\Dos.ORM.Common\Helpers\LogHelper.cs
7、详细信息：
Text:	 SELECT count(*) as r_cnt FROM [SYS_Company] WHERE ([SYS_Company].[Status] = @Status_9) AND ([SYS_Company].[CompanyId] = @CompanyId_10)	
Parameters:
@Status_9[Int32] = 1
@CompanyId_10[Guid] = 078736e6-0cc2-48dc-80f1-6330419b4af1



#############################################################################

1、时间：2016-10-26 17:04:48,285
2、优先级别：DEBUG
3、线程ID：8
4、耗时：36014
5、行号：140
6、文件名：e:\Net_03.Personal\Net_Project.DosORM\Project\Dos.ORM\Dos.ORM.Common\Helpers\LogHelper.cs
7、详细信息：
Text:	 SELECT   TOP 15 * FROM [SYS_Company]  WHERE ([SYS_Company].[Status] = @Status_9) AND ([SYS_Company].[CompanyId] = @CompanyId_10) ORDER BY [SYS_Company].[CrtTime] DESC 	
Parameters:
@Status_9[Int32] = 1
@CompanyId_10[Guid] = 078736e6-0cc2-48dc-80f1-6330419b4af1



#############################################################################

1、时间：2016-10-26 17:04:48,322
2、优先级别：DEBUG
3、线程ID：8
4、耗时：36051
5、行号：140
6、文件名：e:\Net_03.Personal\Net_Project.DosORM\Project\Dos.ORM\Dos.ORM.Common\Helpers\LogHelper.cs
7、详细信息：
Text:	INSERT INTO [SYS_LogInfo] ([Desc],[OptResultName],[OptResultId],[OptTypeName],[OptTypeId],[OptModulePath],[OptModuleName],[Status],[Mac],[IP],[Browser],[OptSystem],[OptTime],[OptUserName],[OptUserId],[DataId],[CompanyId],[LogTypeName],[LogTypeId],[LogId]) VALUES (@Desc0,@OptResultName1,@OptResultId2,@OptTypeName3,@OptTypeId4,@OptModulePath5,@OptModuleName6,@Status7,@Mac8,@IP9,@Browser10,@OptSystem11,@OptTime12,@OptUserName13,@OptUserId14,@DataId15,@CompanyId16,@LogTypeName17,@LogTypeId18,@LogId19)	
Parameters:
@Desc0[String] = 数据查询成功！
@OptResultName1[String] = 操作成功
@OptResultId2[Int32] = 100
@OptTypeName3[String] = 查询
@OptTypeId4[Int32] = 1003
@OptModulePath5[String] = /MsSys/Company/GetList
@OptModuleName6[String] = 公司管理
@Status7[Int32] = 1
@Mac8[String] = 40:8D:5C:30:F1:7D
@IP9[String] = 192.168.0.160
@Browser10[String] = Chrome 54.0
@OptSystem11[String] = Windows 10
@OptTime12[DateTime] = 2016/10/26 17:04:48
@OptUserName13[String] = 秦波
@OptUserId14[Guid] = 0ad06755-9fde-4ddd-9dcb-448462155a03
@DataId15[String] = 
@CompanyId16[Guid] = 078736e6-0cc2-48dc-80f1-6330419b4af1
@LogTypeName17[String] = 数据操作
@LogTypeId18[Int32] = 101
@LogId19[Guid] = adc7d37a-e278-4512-920f-97f60a60b531



#############################################################################

1、时间：2016-10-26 17:04:51,690
2、优先级别：DEBUG
3、线程ID：12
4、耗时：39418
5、行号：140
6、文件名：e:\Net_03.Personal\Net_Project.DosORM\Project\Dos.ORM\Dos.ORM.Common\Helpers\LogHelper.cs
7、详细信息：
Text:	 SELECT count(*) as r_cnt FROM [SYS_Department] WHERE ([SYS_Department].[Status] = @Status_11) AND ([SYS_Department].[CompanyId] = @CompanyId_12)	
Parameters:
@Status_11[Int32] = 1
@CompanyId_12[Guid] = 078736e6-0cc2-48dc-80f1-6330419b4af1



#############################################################################

1、时间：2016-10-26 17:04:51,693
2、优先级别：DEBUG
3、线程ID：12
4、耗时：39421
5、行号：140
6、文件名：e:\Net_03.Personal\Net_Project.DosORM\Project\Dos.ORM\Dos.ORM.Common\Helpers\LogHelper.cs
7、详细信息：
Text:	 SELECT   TOP 15 * FROM [SYS_Department]  WHERE ([SYS_Department].[Status] = @Status_11) AND ([SYS_Department].[CompanyId] = @CompanyId_12) ORDER BY [SYS_Department].[CrtTime] DESC 	
Parameters:
@Status_11[Int32] = 1
@CompanyId_12[Guid] = 078736e6-0cc2-48dc-80f1-6330419b4af1



#############################################################################

1、时间：2016-10-26 17:04:51,708
2、优先级别：DEBUG
3、线程ID：12
4、耗时：39437
5、行号：140
6、文件名：e:\Net_03.Personal\Net_Project.DosORM\Project\Dos.ORM\Dos.ORM.Common\Helpers\LogHelper.cs
7、详细信息：
Text:	INSERT INTO [SYS_LogInfo] ([Desc],[OptResultName],[OptResultId],[OptTypeName],[OptTypeId],[OptModulePath],[OptModuleName],[Status],[Mac],[IP],[Browser],[OptSystem],[OptTime],[OptUserName],[OptUserId],[DataId],[CompanyId],[LogTypeName],[LogTypeId],[LogId]) VALUES (@Desc0,@OptResultName1,@OptResultId2,@OptTypeName3,@OptTypeId4,@OptModulePath5,@OptModuleName6,@Status7,@Mac8,@IP9,@Browser10,@OptSystem11,@OptTime12,@OptUserName13,@OptUserId14,@DataId15,@CompanyId16,@LogTypeName17,@LogTypeId18,@LogId19)	
Parameters:
@Desc0[String] = 数据查询成功！
@OptResultName1[String] = 操作成功
@OptResultId2[Int32] = 100
@OptTypeName3[String] = 查询
@OptTypeId4[Int32] = 1003
@OptModulePath5[String] = /MsSys/Department/GetList
@OptModuleName6[String] = 部门管理
@Status7[Int32] = 1
@Mac8[String] = 40:8D:5C:30:F1:7D
@IP9[String] = 192.168.0.160
@Browser10[String] = Chrome 54.0
@OptSystem11[String] = Windows 10
@OptTime12[DateTime] = 2016/10/26 17:04:51
@OptUserName13[String] = 秦波
@OptUserId14[Guid] = 0ad06755-9fde-4ddd-9dcb-448462155a03
@DataId15[String] = 
@CompanyId16[Guid] = 078736e6-0cc2-48dc-80f1-6330419b4af1
@LogTypeName17[String] = 数据操作
@LogTypeId18[Int32] = 101
@LogId19[Guid] = fbdb7379-78a1-4602-afe4-3c1675619771



#############################################################################

1、时间：2016-10-26 17:04:59,934
2、优先级别：DEBUG
3、线程ID：12
4、耗时：47662
5、行号：140
6、文件名：e:\Net_03.Personal\Net_Project.DosORM\Project\Dos.ORM\Dos.ORM.Common\Helpers\LogHelper.cs
7、详细信息：
Text:	INSERT INTO [SYS_LogInfo] ([Desc],[OptResultName],[OptResultId],[OptModuleName],[OptTypeName],[OptTypeId],[OptModulePath],[Status],[Mac],[IP],[Browser],[OptSystem],[OptTime],[OptUserName],[OptUserId],[DataId],[CompanyId],[LogTypeName],[LogTypeId],[LogId]) VALUES (@Desc0,@OptResultName1,@OptResultId2,@OptModuleName3,@OptTypeName4,@OptTypeId5,@OptModulePath6,@Status7,@Mac8,@IP9,@Browser10,@OptSystem11,@OptTime12,@OptUserName13,@OptUserId14,@DataId15,@CompanyId16,@LogTypeName17,@LogTypeId18,@LogId19)	
Parameters:
@Desc0[String] = 系统退出成功！
@OptResultName1[String] = 退出成功
@OptResultId2[Int32] = 360
@OptModuleName3[String] = 退出系y
@OptTypeName4[String] = 登出
@OptTypeId5[Int32] = 2002
@OptModulePath6[String] = /MsSys/Login/LoginOut
@Status7[Int32] = 1
@Mac8[String] = 40:8D:5C:30:F1:7D
@IP9[String] = 192.168.0.160
@Browser10[String] = Chrome 54.0
@OptSystem11[String] = Windows 10
@OptTime12[DateTime] = 2016/10/26 17:04:59
@OptUserName13[String] = 秦波
@OptUserId14[Guid] = 0ad06755-9fde-4ddd-9dcb-448462155a03
@DataId15[String] = 
@CompanyId16[Guid] = 078736e6-0cc2-48dc-80f1-6330419b4af1
@LogTypeName17[String] = 登录登出
@LogTypeId18[Int32] = 100
@LogId19[Guid] = a44066d5-543b-4511-9705-9bf5f77d3956



#############################################################################

1、时间：2016-10-26 17:05:08,336
2、优先级别：DEBUG
3、线程ID：11
4、耗时：56065
5、行号：140
6、文件名：e:\Net_03.Personal\Net_Project.DosORM\Project\Dos.ORM\Dos.ORM.Common\Helpers\LogHelper.cs
7、详细信息：
Text:	 SELECT   TOP 1 * FROM [SYS_Operator]  WHERE ([SYS_Operator].[Account] = @Account_13) AND ([SYS_Operator].[Pwd] = @Pwd_14) 	
Parameters:
@Account_13[String] = admin
@Pwd_14[String] = C1851CFE23E736DE



#############################################################################

1、时间：2016-10-26 17:05:08,346
2、优先级别：DEBUG
3、线程ID：11
4、耗时：56075
5、行号：140
6、文件名：e:\Net_03.Personal\Net_Project.DosORM\Project\Dos.ORM\Dos.ORM.Common\Helpers\LogHelper.cs
7、详细信息：
Text:	
                SELECT * FROM dbo.SYS_Department a
                LEFT JOIN dbo.SYS_OperatorDepartmentRelation b ON a.DepartmentId=b.DepartmentId
                WHERE b.OperatorId='0ad06755-9fde-4ddd-9dcb-448462155a02';
            	



#############################################################################

1、时间：2016-10-26 17:05:08,353
2、优先级别：DEBUG
3、线程ID：11
4、耗时：56082
5、行号：140
6、文件名：e:\Net_03.Personal\Net_Project.DosORM\Project\Dos.ORM\Dos.ORM.Common\Helpers\LogHelper.cs
7、详细信息：
Text:	
                SELECT * FROM dbo.SYS_Role a
                LEFT JOIN dbo.SYS_OperatorRoleRelation b ON a.RoleId=b.RoleId
                WHERE b.OperatorId='0ad06755-9fde-4ddd-9dcb-448462155a02';
            	



#############################################################################

1、时间：2016-10-26 17:05:08,360
2、优先级别：DEBUG
3、线程ID：11
4、耗时：56089
5、行号：140
6、文件名：e:\Net_03.Personal\Net_Project.DosORM\Project\Dos.ORM\Dos.ORM.Common\Helpers\LogHelper.cs
7、详细信息：
Text:	 SELECT   * FROM [v_SYS_Module]  WHERE [v_SYS_Module].[IsEnable] = @IsEnable_15 	
Parameters:
@IsEnable_15[Int32] = 1



#############################################################################

1、时间：2016-10-26 17:05:08,372
2、优先级别：DEBUG
3、线程ID：11
4、耗时：56101
5、行号：140
6、文件名：e:\Net_03.Personal\Net_Project.DosORM\Project\Dos.ORM\Dos.ORM.Common\Helpers\LogHelper.cs
7、详细信息：
Text:	 SELECT   * FROM [v_SYS_Button]  WHERE  1=1  	



#############################################################################

1、时间：2016-10-26 17:05:08,392
2、优先级别：DEBUG
3、线程ID：11
4、耗时：56121
5、行号：140
6、文件名：e:\Net_03.Personal\Net_Project.DosORM\Project\Dos.ORM\Dos.ORM.Common\Helpers\LogHelper.cs
7、详细信息：
Text:	INSERT INTO [SYS_LogInfo] ([OptModuleName],[DataId],[Desc],[OptResultName],[OptResultId],[OptTypeName],[OptTypeId],[OptModulePath],[Status],[Mac],[IP],[Browser],[OptSystem],[OptTime],[OptUserName],[OptUserId],[CompanyId],[LogTypeName],[LogTypeId],[LogId]) VALUES (@OptModuleName0,@DataId1,@Desc2,@OptResultName3,@OptResultId4,@OptTypeName5,@OptTypeId6,@OptModulePath7,@Status8,@Mac9,@IP10,@Browser11,@OptSystem12,@OptTime13,@OptUserName14,@OptUserId15,@CompanyId16,@LogTypeName17,@LogTypeId18,@LogId19)	
Parameters:
@OptModuleName0[String] = 登录系统
@DataId1[String] = 
@Desc2[String] = 登录成功！
@OptResultName3[String] = 登录成功
@OptResultId4[Int32] = 300
@OptTypeName5[String] = 登录
@OptTypeId6[Int32] = 2001
@OptModulePath7[String] = /MsSys/Login/CheckLogin
@Status8[Int32] = 1
@Mac9[String] = 40:8D:5C:30:F1:7D
@IP10[String] = 192.168.0.160
@Browser11[String] = Chrome 54.0
@OptSystem12[String] = Windows 10
@OptTime13[DateTime] = 2016/10/26 17:05:08
@OptUserName14[String] = 系统管理员
@OptUserId15[Guid] = 0ad06755-9fde-4ddd-9dcb-448462155a02
@CompanyId16[String] = 
@LogTypeName17[String] = 登录登出
@LogTypeId18[Int32] = 100
@LogId19[Guid] = 4fc6131e-6078-450f-be82-627db47583b7



#############################################################################

1、时间：2016-10-26 17:05:10,720
2、优先级别：DEBUG
3、线程ID：5
4、耗时：58449
5、行号：140
6、文件名：e:\Net_03.Personal\Net_Project.DosORM\Project\Dos.ORM\Dos.ORM.Common\Helpers\LogHelper.cs
7、详细信息：
Text:	 SELECT   * FROM [SYS_Module]  WHERE (([SYS_Module].[Status] = @Status_16) AND ([SYS_Module].[IsEnable] = @IsEnable_17)) AND ([SYS_Module].[OperatePageType] = @OperatePageType_18) 	
Parameters:
@Status_16[Int32] = 1
@IsEnable_17[Int32] = 1
@OperatePageType_18[Int32] = 1



#############################################################################

1、时间：2016-10-26 17:05:13,795
2、优先级别：DEBUG
3、线程ID：11
4、耗时：61524
5、行号：140
6、文件名：e:\Net_03.Personal\Net_Project.DosORM\Project\Dos.ORM\Dos.ORM.Common\Helpers\LogHelper.cs
7、详细信息：
Text:	 SELECT   * FROM [SYS_Company]  WHERE [SYS_Company].[Status] = @Status_19 	
Parameters:
@Status_19[Int32] = 1



#############################################################################

1、时间：2016-10-26 17:05:13,841
2、优先级别：DEBUG
3、线程ID：7
4、耗时：61570
5、行号：140
6、文件名：e:\Net_03.Personal\Net_Project.DosORM\Project\Dos.ORM\Dos.ORM.Common\Helpers\LogHelper.cs
7、详细信息：
Text:	 SELECT count(*) as r_cnt FROM [SYS_Department] WHERE [SYS_Department].[Status] = @Status_20	
Parameters:
@Status_20[Int32] = 1



#############################################################################

1、时间：2016-10-26 17:05:13,843
2、优先级别：DEBUG
3、线程ID：7
4、耗时：61572
5、行号：140
6、文件名：e:\Net_03.Personal\Net_Project.DosORM\Project\Dos.ORM\Dos.ORM.Common\Helpers\LogHelper.cs
7、详细信息：
Text:	 SELECT   TOP 15 * FROM [SYS_Department]  WHERE [SYS_Department].[Status] = @Status_20 ORDER BY [SYS_Department].[CrtTime] DESC 	
Parameters:
@Status_20[Int32] = 1



#############################################################################

1、时间：2016-10-26 17:05:13,860
2、优先级别：DEBUG
3、线程ID：7
4、耗时：61589
5、行号：140
6、文件名：e:\Net_03.Personal\Net_Project.DosORM\Project\Dos.ORM\Dos.ORM.Common\Helpers\LogHelper.cs
7、详细信息：
Text:	INSERT INTO [SYS_LogInfo] ([Desc],[OptResultName],[OptResultId],[OptTypeName],[OptTypeId],[OptModulePath],[OptModuleName],[Status],[Mac],[IP],[Browser],[OptSystem],[OptTime],[OptUserName],[OptUserId],[DataId],[CompanyId],[LogTypeName],[LogTypeId],[LogId]) VALUES (@Desc0,@OptResultName1,@OptResultId2,@OptTypeName3,@OptTypeId4,@OptModulePath5,@OptModuleName6,@Status7,@Mac8,@IP9,@Browser10,@OptSystem11,@OptTime12,@OptUserName13,@OptUserId14,@DataId15,@CompanyId16,@LogTypeName17,@LogTypeId18,@LogId19)	
Parameters:
@Desc0[String] = 数据查询成功！
@OptResultName1[String] = 操作成功
@OptResultId2[Int32] = 100
@OptTypeName3[String] = 查询
@OptTypeId4[Int32] = 1003
@OptModulePath5[String] = /MsSys/Department/GetList
@OptModuleName6[String] = 部门管理
@Status7[Int32] = 1
@Mac8[String] = 40:8D:5C:30:F1:7D
@IP9[String] = 192.168.0.160
@Browser10[String] = Chrome 54.0
@OptSystem11[String] = Windows 10
@OptTime12[DateTime] = 2016/10/26 17:05:13
@OptUserName13[String] = 系统管理员
@OptUserId14[Guid] = 0ad06755-9fde-4ddd-9dcb-448462155a02
@DataId15[String] = 
@CompanyId16[String] = 
@LogTypeName17[String] = 数据操作
@LogTypeId18[Int32] = 101
@LogId19[Guid] = 050efb98-12b4-4568-9a5c-e45897fa4d78



#############################################################################

1、时间：2016-10-26 17:05:23,545
2、优先级别：DEBUG
3、线程ID：11
4、耗时：71274
5、行号：140
6、文件名：e:\Net_03.Personal\Net_Project.DosORM\Project\Dos.ORM\Dos.ORM.Common\Helpers\LogHelper.cs
7、详细信息：
Text:	 SELECT   * FROM [SYS_Company]  WHERE [SYS_Company].[Status] = @Status_21 	
Parameters:
@Status_21[Int32] = 1



#############################################################################

1、时间：2016-10-26 17:05:23,591
2、优先级别：DEBUG
3、线程ID：7
4、耗时：71320
5、行号：140
6、文件名：e:\Net_03.Personal\Net_Project.DosORM\Project\Dos.ORM\Dos.ORM.Common\Helpers\LogHelper.cs
7、详细信息：
Text:	 SELECT count(*) as r_cnt FROM [SYS_Role] WHERE [SYS_Role].[Status] = @Status_22	
Parameters:
@Status_22[Int32] = 1



#############################################################################

1、时间：2016-10-26 17:05:23,610
2、优先级别：DEBUG
3、线程ID：7
4、耗时：71339
5、行号：140
6、文件名：e:\Net_03.Personal\Net_Project.DosORM\Project\Dos.ORM\Dos.ORM.Common\Helpers\LogHelper.cs
7、详细信息：
Text:	 SELECT   TOP 15 * FROM [SYS_Role]  WHERE [SYS_Role].[Status] = @Status_22 ORDER BY [SYS_Role].[CrtTime] DESC 	
Parameters:
@Status_22[Int32] = 1



#############################################################################

1、时间：2016-10-26 17:05:23,640
2、优先级别：DEBUG
3、线程ID：7
4、耗时：71369
5、行号：140
6、文件名：e:\Net_03.Personal\Net_Project.DosORM\Project\Dos.ORM\Dos.ORM.Common\Helpers\LogHelper.cs
7、详细信息：
Text:	INSERT INTO [SYS_LogInfo] ([Desc],[OptResultName],[OptResultId],[OptTypeName],[OptTypeId],[OptModulePath],[OptModuleName],[Status],[Mac],[IP],[Browser],[OptSystem],[OptTime],[OptUserName],[OptUserId],[DataId],[CompanyId],[LogTypeName],[LogTypeId],[LogId]) VALUES (@Desc0,@OptResultName1,@OptResultId2,@OptTypeName3,@OptTypeId4,@OptModulePath5,@OptModuleName6,@Status7,@Mac8,@IP9,@Browser10,@OptSystem11,@OptTime12,@OptUserName13,@OptUserId14,@DataId15,@CompanyId16,@LogTypeName17,@LogTypeId18,@LogId19)	
Parameters:
@Desc0[String] = 数据查询成功！
@OptResultName1[String] = 操作成功
@OptResultId2[Int32] = 100
@OptTypeName3[String] = 查询
@OptTypeId4[Int32] = 1003
@OptModulePath5[String] = /MsSys/Role/GetList
@OptModuleName6[String] = 角色管理
@Status7[Int32] = 1
@Mac8[String] = 40:8D:5C:30:F1:7D
@IP9[String] = 192.168.0.160
@Browser10[String] = Chrome 54.0
@OptSystem11[String] = Windows 10
@OptTime12[DateTime] = 2016/10/26 17:05:23
@OptUserName13[String] = 系统管理员
@OptUserId14[Guid] = 0ad06755-9fde-4ddd-9dcb-448462155a02
@DataId15[String] = 
@CompanyId16[String] = 
@LogTypeName17[String] = 数据操作
@LogTypeId18[Int32] = 101
@LogId19[Guid] = b4404e1d-6259-4dd9-9b8f-6c66824a8dc1



#############################################################################

1、时间：2016-10-26 17:05:25,966
2、优先级别：DEBUG
3、线程ID：13
4、耗时：73695
5、行号：140
6、文件名：e:\Net_03.Personal\Net_Project.DosORM\Project\Dos.ORM\Dos.ORM.Common\Helpers\LogHelper.cs
7、详细信息：
Text:	 SELECT   * FROM [SYS_Company]  WHERE [SYS_Company].[Status] = @Status_23 	
Parameters:
@Status_23[Int32] = 1



#############################################################################

1、时间：2016-10-26 17:05:26,012
2、优先级别：DEBUG
3、线程ID：9
4、耗时：73741
5、行号：140
6、文件名：e:\Net_03.Personal\Net_Project.DosORM\Project\Dos.ORM\Dos.ORM.Common\Helpers\LogHelper.cs
7、详细信息：
Text:	 SELECT count(*) as r_cnt FROM [SYS_Operator] WHERE ([SYS_Operator].[Status] = @Status_24) AND ([SYS_Operator].[Account] <> @Account_25)	
Parameters:
@Status_24[Int32] = 1
@Account_25[String] = admin



#############################################################################

1、时间：2016-10-26 17:05:26,041
2、优先级别：DEBUG
3、线程ID：9
4、耗时：73769
5、行号：140
6、文件名：e:\Net_03.Personal\Net_Project.DosORM\Project\Dos.ORM\Dos.ORM.Common\Helpers\LogHelper.cs
7、详细信息：
Text:	 SELECT   TOP 15 * FROM [SYS_Operator]  WHERE ([SYS_Operator].[Status] = @Status_24) AND ([SYS_Operator].[Account] <> @Account_25) ORDER BY [SYS_Operator].[CrtTime] DESC 	
Parameters:
@Status_24[Int32] = 1
@Account_25[String] = admin



#############################################################################

1、时间：2016-10-26 17:05:26,057
2、优先级别：DEBUG
3、线程ID：9
4、耗时：73785
5、行号：140
6、文件名：e:\Net_03.Personal\Net_Project.DosORM\Project\Dos.ORM\Dos.ORM.Common\Helpers\LogHelper.cs
7、详细信息：
Text:	INSERT INTO [SYS_LogInfo] ([Desc],[OptResultName],[OptResultId],[OptTypeName],[OptTypeId],[OptModulePath],[OptModuleName],[Status],[Mac],[IP],[Browser],[OptSystem],[OptTime],[OptUserName],[OptUserId],[DataId],[CompanyId],[LogTypeName],[LogTypeId],[LogId]) VALUES (@Desc0,@OptResultName1,@OptResultId2,@OptTypeName3,@OptTypeId4,@OptModulePath5,@OptModuleName6,@Status7,@Mac8,@IP9,@Browser10,@OptSystem11,@OptTime12,@OptUserName13,@OptUserId14,@DataId15,@CompanyId16,@LogTypeName17,@LogTypeId18,@LogId19)	
Parameters:
@Desc0[String] = 数据查询成功！
@OptResultName1[String] = 操作成功
@OptResultId2[Int32] = 100
@OptTypeName3[String] = 查询
@OptTypeId4[Int32] = 1003
@OptModulePath5[String] = /MsSys/Operator/GetList
@OptModuleName6[String] = 管理员管理
@Status7[Int32] = 1
@Mac8[String] = 40:8D:5C:30:F1:7D
@IP9[String] = 192.168.0.160
@Browser10[String] = Chrome 54.0
@OptSystem11[String] = Windows 10
@OptTime12[DateTime] = 2016/10/26 17:05:26
@OptUserName13[String] = 系统管理员
@OptUserId14[Guid] = 0ad06755-9fde-4ddd-9dcb-448462155a02
@DataId15[String] = 
@CompanyId16[String] = 
@LogTypeName17[String] = 数据操作
@LogTypeId18[Int32] = 101
@LogId19[Guid] = 432502aa-8583-4a66-ac35-8604ddfef480



#############################################################################

1、时间：2016-10-26 17:05:28,478
2、优先级别：DEBUG
3、线程ID：13
4、耗时：76207
5、行号：140
6、文件名：e:\Net_03.Personal\Net_Project.DosORM\Project\Dos.ORM\Dos.ORM.Common\Helpers\LogHelper.cs
7、详细信息：
Text:	 SELECT   * FROM [SYS_Company]  WHERE ([SYS_Company].[Status] = @Status_26) AND ([SYS_Company].[CompanyId] <> @CompanyId_27) 	
Parameters:
@Status_26[Int32] = 1
@CompanyId_27[Guid] = aaf085de-af80-4813-a96b-9a3032097cbe



#############################################################################

1、时间：2016-10-26 17:05:28,623
2、优先级别：DEBUG
3、线程ID：9
4、耗时：76352
5、行号：140
6、文件名：e:\Net_03.Personal\Net_Project.DosORM\Project\Dos.ORM\Dos.ORM.Common\Helpers\LogHelper.cs
7、详细信息：
Text:	 SELECT count(*) as r_cnt FROM [SYS_Department] WHERE (([SYS_Department].[Status] = @Status_28) AND ([SYS_Department].[IsEnable] = @IsEnable_29)) AND ([SYS_Department].[CompanyId] is null )	
Parameters:
@Status_28[Int32] = 1
@IsEnable_29[Int32] = 1



#############################################################################

1、时间：2016-10-26 17:05:28,624
2、优先级别：DEBUG
3、线程ID：9
4、耗时：76353
5、行号：140
6、文件名：e:\Net_03.Personal\Net_Project.DosORM\Project\Dos.ORM\Dos.ORM.Common\Helpers\LogHelper.cs
7、详细信息：
Text:	 SELECT   TOP 15 * FROM [SYS_Department]  WHERE (([SYS_Department].[Status] = @Status_28) AND ([SYS_Department].[IsEnable] = @IsEnable_29)) AND ([SYS_Department].[CompanyId] is null ) ORDER BY [SYS_Department].[CrtTime] DESC 	
Parameters:
@Status_28[Int32] = 1
@IsEnable_29[Int32] = 1



#############################################################################

1、时间：2016-10-26 17:05:28,683
2、优先级别：DEBUG
3、线程ID：7
4、耗时：76412
5、行号：140
6、文件名：e:\Net_03.Personal\Net_Project.DosORM\Project\Dos.ORM\Dos.ORM.Common\Helpers\LogHelper.cs
7、详细信息：
Text:	 SELECT count(*) as r_cnt FROM [SYS_Role] WHERE (([SYS_Role].[Status] = @Status_30) AND ([SYS_Role].[IsEnable] = @IsEnable_31)) AND ([SYS_Role].[CompanyId] is null )	
Parameters:
@Status_30[Int32] = 1
@IsEnable_31[Int32] = 1



#############################################################################

1、时间：2016-10-26 17:05:28,685
2、优先级别：DEBUG
3、线程ID：7
4、耗时：76414
5、行号：140
6、文件名：e:\Net_03.Personal\Net_Project.DosORM\Project\Dos.ORM\Dos.ORM.Common\Helpers\LogHelper.cs
7、详细信息：
Text:	 SELECT   TOP 15 * FROM [SYS_Role]  WHERE (([SYS_Role].[Status] = @Status_30) AND ([SYS_Role].[IsEnable] = @IsEnable_31)) AND ([SYS_Role].[CompanyId] is null ) ORDER BY [SYS_Role].[CrtTime] DESC 	
Parameters:
@Status_30[Int32] = 1
@IsEnable_31[Int32] = 1



#############################################################################

1、时间：2016-10-26 17:05:35,986
2、优先级别：DEBUG
3、线程ID：9
4、耗时：83715
5、行号：140
6、文件名：e:\Net_03.Personal\Net_Project.DosORM\Project\Dos.ORM\Dos.ORM.Common\Helpers\LogHelper.cs
7、详细信息：
Text:	 SELECT   TOP 1 * FROM [SYS_Operator]  WHERE [SYS_Operator].[OperatorId] = @OperatorId_32 	
Parameters:
@OperatorId_32[Guid] = 0ad06755-9fde-4ddd-9dcb-448462155a03



#############################################################################

1、时间：2016-10-26 17:05:36,201
2、优先级别：DEBUG
3、线程ID：7
4、耗时：83930
5、行号：140
6、文件名：e:\Net_03.Personal\Net_Project.DosORM\Project\Dos.ORM\Dos.ORM.Common\Helpers\LogHelper.cs
7、详细信息：
Text:	 SELECT   * FROM [SYS_Company]  WHERE ([SYS_Company].[Status] = @Status_33) AND ([SYS_Company].[CompanyId] <> @CompanyId_34) 	
Parameters:
@Status_33[Int32] = 1
@CompanyId_34[Guid] = 0ad06755-9fde-4ddd-9dcb-448462155a03



#############################################################################

1、时间：2016-10-26 17:05:36,338
2、优先级别：DEBUG
3、线程ID：14
4、耗时：84066
5、行号：140
6、文件名：e:\Net_03.Personal\Net_Project.DosORM\Project\Dos.ORM\Dos.ORM.Common\Helpers\LogHelper.cs
7、详细信息：
Text:	 SELECT count(*) as r_cnt FROM [SYS_Department] WHERE (([SYS_Department].[Status] = @Status_35) AND ([SYS_Department].[IsEnable] = @IsEnable_36)) AND ([SYS_Department].[CompanyId] is null )	
Parameters:
@Status_35[Int32] = 1
@IsEnable_36[Int32] = 1



#############################################################################

1、时间：2016-10-26 17:05:36,339
2、优先级别：DEBUG
3、线程ID：14
4、耗时：84068
5、行号：140
6、文件名：e:\Net_03.Personal\Net_Project.DosORM\Project\Dos.ORM\Dos.ORM.Common\Helpers\LogHelper.cs
7、详细信息：
Text:	 SELECT   TOP 15 * FROM [SYS_Department]  WHERE (([SYS_Department].[Status] = @Status_35) AND ([SYS_Department].[IsEnable] = @IsEnable_36)) AND ([SYS_Department].[CompanyId] is null ) ORDER BY [SYS_Department].[CrtTime] DESC 	
Parameters:
@Status_35[Int32] = 1
@IsEnable_36[Int32] = 1



#############################################################################

1、时间：2016-10-26 17:05:36,401
2、优先级别：DEBUG
3、线程ID：13
4、耗时：84130
5、行号：140
6、文件名：e:\Net_03.Personal\Net_Project.DosORM\Project\Dos.ORM\Dos.ORM.Common\Helpers\LogHelper.cs
7、详细信息：
Text:	 SELECT count(*) as r_cnt FROM [SYS_Role] WHERE (([SYS_Role].[Status] = @Status_37) AND ([SYS_Role].[IsEnable] = @IsEnable_38)) AND ([SYS_Role].[CompanyId] is null )	
Parameters:
@Status_37[Int32] = 1
@IsEnable_38[Int32] = 1



#############################################################################

1、时间：2016-10-26 17:05:36,402
2、优先级别：DEBUG
3、线程ID：13
4、耗时：84131
5、行号：140
6、文件名：e:\Net_03.Personal\Net_Project.DosORM\Project\Dos.ORM\Dos.ORM.Common\Helpers\LogHelper.cs
7、详细信息：
Text:	 SELECT   TOP 15 * FROM [SYS_Role]  WHERE (([SYS_Role].[Status] = @Status_37) AND ([SYS_Role].[IsEnable] = @IsEnable_38)) AND ([SYS_Role].[CompanyId] is null ) ORDER BY [SYS_Role].[CrtTime] DESC 	
Parameters:
@Status_37[Int32] = 1
@IsEnable_38[Int32] = 1



#############################################################################

1、时间：2016-10-26 17:05:36,433
2、优先级别：DEBUG
3、线程ID：9
4、耗时：84162
5、行号：140
6、文件名：e:\Net_03.Personal\Net_Project.DosORM\Project\Dos.ORM\Dos.ORM.Common\Helpers\LogHelper.cs
7、详细信息：
Text:	 SELECT   * FROM [SYS_OperatorDepartmentRelation]  WHERE [SYS_OperatorDepartmentRelation].[OperatorId] = @OperatorId_39 	
Parameters:
@OperatorId_39[Guid] = 0ad06755-9fde-4ddd-9dcb-448462155a03



#############################################################################

1、时间：2016-10-26 17:05:36,441
2、优先级别：DEBUG
3、线程ID：9
4、耗时：84170
5、行号：140
6、文件名：e:\Net_03.Personal\Net_Project.DosORM\Project\Dos.ORM\Dos.ORM.Common\Helpers\LogHelper.cs
7、详细信息：
Text:	 SELECT   * FROM [SYS_OperatorRoleRelation]  WHERE [SYS_OperatorRoleRelation].[OperatorId] = @OperatorId_40 	
Parameters:
@OperatorId_40[Guid] = 0ad06755-9fde-4ddd-9dcb-448462155a03



#############################################################################

1、时间：2016-10-26 17:07:12,964
2、优先级别：DEBUG
3、线程ID：19
4、耗时：180692
5、行号：140
6、文件名：e:\Net_03.Personal\Net_Project.DosORM\Project\Dos.ORM\Dos.ORM.Common\Helpers\LogHelper.cs
7、详细信息：
Text:	 SELECT   * FROM [SYS_Company]  WHERE [SYS_Company].[Status] = @Status_41 	
Parameters:
@Status_41[Int32] = 1



#############################################################################

1、时间：2016-10-26 17:07:13,035
2、优先级别：DEBUG
3、线程ID：10
4、耗时：180764
5、行号：140
6、文件名：e:\Net_03.Personal\Net_Project.DosORM\Project\Dos.ORM\Dos.ORM.Common\Helpers\LogHelper.cs
7、详细信息：
Text:	 SELECT count(*) as r_cnt FROM [BUS_NewsType] WHERE [BUS_NewsType].[Status] = @Status_42	
Parameters:
@Status_42[Int32] = 1



#############################################################################

1、时间：2016-10-26 17:07:13,052
2、优先级别：DEBUG
3、线程ID：10
4、耗时：180781
5、行号：140
6、文件名：e:\Net_03.Personal\Net_Project.DosORM\Project\Dos.ORM\Dos.ORM.Common\Helpers\LogHelper.cs
7、详细信息：
Text:	 SELECT   TOP 15 * FROM [BUS_NewsType]  WHERE [BUS_NewsType].[Status] = @Status_42 ORDER BY [BUS_NewsType].[CrtTime] DESC 	
Parameters:
@Status_42[Int32] = 1



#############################################################################

1、时间：2016-10-26 17:07:13,118
2、优先级别：DEBUG
3、线程ID：10
4、耗时：180846
5、行号：140
6、文件名：e:\Net_03.Personal\Net_Project.DosORM\Project\Dos.ORM\Dos.ORM.Common\Helpers\LogHelper.cs
7、详细信息：
Text:	INSERT INTO [SYS_LogInfo] ([Desc],[OptResultName],[OptResultId],[OptTypeName],[OptTypeId],[OptModulePath],[OptModuleName],[Status],[Mac],[IP],[Browser],[OptSystem],[OptTime],[OptUserName],[OptUserId],[DataId],[CompanyId],[LogTypeName],[LogTypeId],[LogId]) VALUES (@Desc0,@OptResultName1,@OptResultId2,@OptTypeName3,@OptTypeId4,@OptModulePath5,@OptModuleName6,@Status7,@Mac8,@IP9,@Browser10,@OptSystem11,@OptTime12,@OptUserName13,@OptUserId14,@DataId15,@CompanyId16,@LogTypeName17,@LogTypeId18,@LogId19)	
Parameters:
@Desc0[String] = 数据查询成功！
@OptResultName1[String] = 操作成功
@OptResultId2[Int32] = 100
@OptTypeName3[String] = 查询
@OptTypeId4[Int32] = 1003
@OptModulePath5[String] = /MsBus/NewsType/GetList
@OptModuleName6[String] = 新闻类别管理
@Status7[Int32] = 1
@Mac8[String] = 40:8D:5C:30:F1:7D
@IP9[String] = 192.168.0.160
@Browser10[String] = Chrome 53.0
@OptSystem11[String] = Windows 10
@OptTime12[DateTime] = 2016/10/26 17:07:13
@OptUserName13[String] = 系统管理员
@OptUserId14[Guid] = 0ad06755-9fde-4ddd-9dcb-448462155a02
@DataId15[String] = 
@CompanyId16[String] = 
@LogTypeName17[String] = 数据操作
@LogTypeId18[Int32] = 101
@LogId19[Guid] = 54359493-d3d1-47ee-aff7-c889e85d1e69



#############################################################################

1、时间：2016-10-26 17:07:16,233
2、优先级别：DEBUG
3、线程ID：9
4、耗时：183962
5、行号：140
6、文件名：e:\Net_03.Personal\Net_Project.DosORM\Project\Dos.ORM\Dos.ORM.Common\Helpers\LogHelper.cs
7、详细信息：
Text:	 SELECT   * FROM [BUS_NewsType]  WHERE ([BUS_NewsType].[Status] = @Status_43) AND ([BUS_NewsType].[IsEnable] = @IsEnable_44) 	
Parameters:
@Status_43[Int32] = 1
@IsEnable_44[Int32] = 1



#############################################################################

1、时间：2016-10-26 17:07:16,467
2、优先级别：DEBUG
3、线程ID：17
4、耗时：184196
5、行号：140
6、文件名：e:\Net_03.Personal\Net_Project.DosORM\Project\Dos.ORM\Dos.ORM.Common\Helpers\LogHelper.cs
7、详细信息：
Text:	 SELECT   * FROM [SYS_Company]  WHERE [SYS_Company].[Status] = @Status_45 	
Parameters:
@Status_45[Int32] = 1



#############################################################################

1、时间：2016-10-26 17:07:16,546
2、优先级别：DEBUG
3、线程ID：19
4、耗时：184275
5、行号：140
6、文件名：e:\Net_03.Personal\Net_Project.DosORM\Project\Dos.ORM\Dos.ORM.Common\Helpers\LogHelper.cs
7、详细信息：
Text:	 SELECT count(*) as r_cnt FROM [BUS_NewsInfo] LEFT OUTER JOIN [BUS_NewsType] ON ([BUS_NewsInfo].[NewsTypeId] = [BUS_NewsType].[NewsTypeId]) WHERE [BUS_NewsInfo].[Status] = @Status_46	
Parameters:
@Status_46[Int32] = 1



#############################################################################

1、时间：2016-10-26 17:07:16,552
2、优先级别：DEBUG
3、线程ID：19
4、耗时：184281
5、行号：140
6、文件名：e:\Net_03.Personal\Net_Project.DosORM\Project\Dos.ORM\Dos.ORM.Common\Helpers\LogHelper.cs
7、详细信息：
Text:	 SELECT   TOP 15 [BUS_NewsInfo].*,[BUS_NewsType].[NewsTypeName] FROM [BUS_NewsInfo] LEFT OUTER JOIN [BUS_NewsType] ON ([BUS_NewsInfo].[NewsTypeId] = [BUS_NewsType].[NewsTypeId])  WHERE [BUS_NewsInfo].[Status] = @Status_46 ORDER BY [BUS_NewsInfo].[CrtTime] DESC 	
Parameters:
@Status_46[Int32] = 1



#############################################################################

1、时间：2016-10-26 17:07:16,587
2、优先级别：DEBUG
3、线程ID：19
4、耗时：184316
5、行号：140
6、文件名：e:\Net_03.Personal\Net_Project.DosORM\Project\Dos.ORM\Dos.ORM.Common\Helpers\LogHelper.cs
7、详细信息：
Text:	INSERT INTO [SYS_LogInfo] ([Desc],[OptResultName],[OptResultId],[OptTypeName],[OptTypeId],[OptModulePath],[OptModuleName],[Status],[Mac],[IP],[Browser],[OptSystem],[OptTime],[OptUserName],[OptUserId],[DataId],[CompanyId],[LogTypeName],[LogTypeId],[LogId]) VALUES (@Desc0,@OptResultName1,@OptResultId2,@OptTypeName3,@OptTypeId4,@OptModulePath5,@OptModuleName6,@Status7,@Mac8,@IP9,@Browser10,@OptSystem11,@OptTime12,@OptUserName13,@OptUserId14,@DataId15,@CompanyId16,@LogTypeName17,@LogTypeId18,@LogId19)	
Parameters:
@Desc0[String] = 数据查询成功！
@OptResultName1[String] = 操作成功
@OptResultId2[Int32] = 100
@OptTypeName3[String] = 查询
@OptTypeId4[Int32] = 1003
@OptModulePath5[String] = /MsBus/NewsInfo/GetList
@OptModuleName6[String] = 新闻信息管理
@Status7[Int32] = 1
@Mac8[String] = 40:8D:5C:30:F1:7D
@IP9[String] = 192.168.0.160
@Browser10[String] = Chrome 53.0
@OptSystem11[String] = Windows 10
@OptTime12[DateTime] = 2016/10/26 17:07:16
@OptUserName13[String] = 系统管理员
@OptUserId14[Guid] = 0ad06755-9fde-4ddd-9dcb-448462155a02
@DataId15[String] = 
@CompanyId16[String] = 
@LogTypeName17[String] = 数据操作
@LogTypeId18[Int32] = 101
@LogId19[Guid] = 37937c4b-423a-4423-a100-fe6fb365c75c



#############################################################################

1、时间：2016-10-26 17:07:18,307
2、优先级别：DEBUG
3、线程ID：10
4、耗时：186036
5、行号：140
6、文件名：e:\Net_03.Personal\Net_Project.DosORM\Project\Dos.ORM\Dos.ORM.Common\Helpers\LogHelper.cs
7、详细信息：
Text:	 SELECT   * FROM [BUS_NewsType]  WHERE ([BUS_NewsType].[Status] = @Status_47) AND ([BUS_NewsType].[IsEnable] = @IsEnable_48) 	
Parameters:
@Status_47[Int32] = 1
@IsEnable_48[Int32] = 1



#############################################################################

1、时间：2016-10-26 17:07:18,617
2、优先级别：DEBUG
3、线程ID：12
4、耗时：186346
5、行号：140
6、文件名：e:\Net_03.Personal\Net_Project.DosORM\Project\Dos.ORM\Dos.ORM.Common\Helpers\LogHelper.cs
7、详细信息：
Text:	 SELECT   * FROM [SYS_Company]  WHERE ([SYS_Company].[Status] = @Status_49) AND ([SYS_Company].[CompanyId] <> @CompanyId_50) 	
Parameters:
@Status_49[Int32] = 1
@CompanyId_50[Guid] = 929baef3-e5e7-4f1e-9210-96e83b58ddb6



#############################################################################

1、时间：2016-10-26 17:07:32,333
2、优先级别：DEBUG
3、线程ID：14
4、耗时：200062
5、行号：140
6、文件名：e:\Net_03.Personal\Net_Project.DosORM\Project\Dos.ORM\Dos.ORM.Common\Helpers\LogHelper.cs
7、详细信息：
Text:	 SELECT   * FROM [BUS_NewsType]  WHERE ([BUS_NewsType].[Status] = @Status_51) AND ([BUS_NewsType].[IsEnable] = @IsEnable_52) 	
Parameters:
@Status_51[Int32] = 1
@IsEnable_52[Int32] = 1



#############################################################################

1、时间：2016-10-26 17:07:32,495
2、优先级别：DEBUG
3、线程ID：8
4、耗时：200224
5、行号：140
6、文件名：e:\Net_03.Personal\Net_Project.DosORM\Project\Dos.ORM\Dos.ORM.Common\Helpers\LogHelper.cs
7、详细信息：
Text:	 SELECT   * FROM [SYS_Company]  WHERE ([SYS_Company].[Status] = @Status_53) AND ([SYS_Company].[CompanyId] <> @CompanyId_54) 	
Parameters:
@Status_53[Int32] = 1
@CompanyId_54[Guid] = 929baef3-e5e7-4f1e-9210-96e83b58ddb6



#############################################################################

1、时间：2016-10-26 17:07:53,587
2、优先级别：DEBUG
3、线程ID：14
4、耗时：221316
5、行号：140
6、文件名：e:\Net_03.Personal\Net_Project.DosORM\Project\Dos.ORM\Dos.ORM.Common\Helpers\LogHelper.cs
7、详细信息：
Text:	 SELECT   TOP 1 [BUS_Introduction].[IntId] FROM [BUS_Introduction]  WHERE [BUS_Introduction].[IntId] = @IntId_55 	
Parameters:
@IntId_55[Int32] = 100



#############################################################################

1、时间：2016-10-26 17:07:53,607
2、优先级别：DEBUG
3、线程ID：14
4、耗时：221336
5、行号：140
6、文件名：e:\Net_03.Personal\Net_Project.DosORM\Project\Dos.ORM\Dos.ORM.Common\Helpers\LogHelper.cs
7、详细信息：
Text:	 SELECT   TOP 1 * FROM [BUS_Introduction]  WHERE [BUS_Introduction].[IntId] = @IntId_56 	
Parameters:
@IntId_56[Int32] = 100



#############################################################################

1、时间：2016-10-26 17:07:54,115
2、优先级别：DEBUG
3、线程ID：17
4、耗时：221843
5、行号：140
6、文件名：e:\Net_03.Personal\Net_Project.DosORM\Project\Dos.ORM\Dos.ORM.Common\Helpers\LogHelper.cs
7、详细信息：
Text:	 SELECT   * FROM [SYS_Company]  WHERE [SYS_Company].[Status] = @Status_57 	
Parameters:
@Status_57[Int32] = 1



#############################################################################

1、时间：2016-10-26 17:07:55,409
2、优先级别：DEBUG
3、线程ID：10
4、耗时：223137
5、行号：140
6、文件名：e:\Net_03.Personal\Net_Project.DosORM\Project\Dos.ORM\Dos.ORM.Common\Helpers\LogHelper.cs
7、详细信息：
Text:	 SELECT   TOP 1 [BUS_Introduction].[IntId] FROM [BUS_Introduction]  WHERE [BUS_Introduction].[IntId] = @IntId_58 	
Parameters:
@IntId_58[Int32] = 200



#############################################################################

1、时间：2016-10-26 17:07:55,413
2、优先级别：DEBUG
3、线程ID：10
4、耗时：223141
5、行号：140
6、文件名：e:\Net_03.Personal\Net_Project.DosORM\Project\Dos.ORM\Dos.ORM.Common\Helpers\LogHelper.cs
7、详细信息：
Text:	 SELECT   TOP 1 * FROM [BUS_Introduction]  WHERE [BUS_Introduction].[IntId] = @IntId_59 	
Parameters:
@IntId_59[Int32] = 200



#############################################################################

1、时间：2016-10-26 17:07:55,522
2、优先级别：DEBUG
3、线程ID：13
4、耗时：223251
5、行号：140
6、文件名：e:\Net_03.Personal\Net_Project.DosORM\Project\Dos.ORM\Dos.ORM.Common\Helpers\LogHelper.cs
7、详细信息：
Text:	 SELECT   * FROM [SYS_Company]  WHERE [SYS_Company].[Status] = @Status_60 	
Parameters:
@Status_60[Int32] = 1



#############################################################################

1、时间：2016-10-26 17:08:16,810
2、优先级别：DEBUG
3、线程ID：19
4、耗时：244539
5、行号：140
6、文件名：e:\Net_03.Personal\Net_Project.DosORM\Project\Dos.ORM\Dos.ORM.Common\Helpers\LogHelper.cs
7、详细信息：
Text:	 SELECT   TOP 1 * FROM [SYS_Role]  WHERE [SYS_Role].[RoleId] = @RoleId_61 	
Parameters:
@RoleId_61[Guid] = 8d114224-828c-4d1c-9e32-b70548e7a3db



#############################################################################

1、时间：2016-10-26 17:08:16,956
2、优先级别：DEBUG
3、线程ID：10
4、耗时：244685
5、行号：140
6、文件名：e:\Net_03.Personal\Net_Project.DosORM\Project\Dos.ORM\Dos.ORM.Common\Helpers\LogHelper.cs
7、详细信息：
Text:	 SELECT   * FROM [SYS_Company]  WHERE ([SYS_Company].[Status] = @Status_62) AND ([SYS_Company].[CompanyId] <> @CompanyId_63) 	
Parameters:
@Status_62[Int32] = 1
@CompanyId_63[Guid] = 8d114224-828c-4d1c-9e32-b70548e7a3db



#############################################################################

1、时间：2016-10-26 17:08:16,993
2、优先级别：DEBUG
3、线程ID：13
4、耗时：244722
5、行号：140
6、文件名：e:\Net_03.Personal\Net_Project.DosORM\Project\Dos.ORM\Dos.ORM.Common\Helpers\LogHelper.cs
7、详细信息：
Text:	 SELECT   * FROM [SYS_RoleModuleRelation]  WHERE [SYS_RoleModuleRelation].[RoleId] = @RoleId_64 	
Parameters:
@RoleId_64[Guid] = 8d114224-828c-4d1c-9e32-b70548e7a3db



#############################################################################

1、时间：2016-10-26 17:08:17,013
2、优先级别：DEBUG
3、线程ID：13
4、耗时：244742
5、行号：140
6、文件名：e:\Net_03.Personal\Net_Project.DosORM\Project\Dos.ORM\Dos.ORM.Common\Helpers\LogHelper.cs
7、详细信息：
Text:	 SELECT   * FROM [SYS_Module]  WHERE [SYS_Module].[Status] = @Status_65 	
Parameters:
@Status_65[Int32] = 1



#############################################################################

1、时间：2016-10-26 17:13:43,535
2、优先级别：DEBUG
3、线程ID：10
4、耗时：571264
5、行号：140
6、文件名：e:\Net_03.Personal\Net_Project.DosORM\Project\Dos.ORM\Dos.ORM.Common\Helpers\LogHelper.cs
7、详细信息：
Text:	 SELECT   * FROM [SYS_Company]  WHERE ([SYS_Company].[Status] = @Status_66) AND ([SYS_Company].[CompanyId] <> @CompanyId_67) 	
Parameters:
@Status_66[Int32] = 1
@CompanyId_67[Guid] = cd93950a-adaa-4e1e-822e-d913be0b23a4


