
#############################################################################

1、时间：2016-11-20 17:23:41,924
2、优先级别：DEBUG
3、线程ID：7
4、耗时：8253
5、行号：140
6、文件名：e:\Net_03.Personal\Net_Project.DosORM\Project\Dos.ORM\Dos.ORM.Common\Helpers\LogHelper.cs
7、详细信息：
Text:	 SELECT   TOP 1 * FROM [SYS_Operator]  WHERE ([SYS_Operator].[Account] = @Account1) AND ([SYS_Operator].[Pwd] = @Pwd2) 	
Parameters:
@Account1[String] = quber
@Pwd2[String] = C1851CFE23E736DE



#############################################################################

1、时间：2016-11-20 17:23:42,057
2、优先级别：DEBUG
3、线程ID：7
4、耗时：8386
5、行号：140
6、文件名：e:\Net_03.Personal\Net_Project.DosORM\Project\Dos.ORM\Dos.ORM.Common\Helpers\LogHelper.cs
7、详细信息：
Text:	 SELECT   TOP 1 * FROM [SYS_Company]  WHERE [SYS_Company].[CompanyId] = @CompanyId3 	
Parameters:
@CompanyId3[Guid] = 078736e6-0cc2-48dc-80f1-6330419b4af1



#############################################################################

1、时间：2016-11-20 17:23:42,092
2、优先级别：DEBUG
3、线程ID：7
4、耗时：8422
5、行号：140
6、文件名：e:\Net_03.Personal\Net_Project.DosORM\Project\Dos.ORM\Dos.ORM.Common\Helpers\LogHelper.cs
7、详细信息：
Text:	
                SELECT * FROM dbo.SYS_Department a
                LEFT JOIN dbo.SYS_OperatorDepartmentRelation b ON a.DepartmentId=b.DepartmentId
                WHERE b.OperatorId='0ad06755-9fde-4ddd-9dcb-448462155a03';
            	



#############################################################################

1、时间：2016-11-20 17:23:42,142
2、优先级别：DEBUG
3、线程ID：7
4、耗时：8472
5、行号：140
6、文件名：e:\Net_03.Personal\Net_Project.DosORM\Project\Dos.ORM\Dos.ORM.Common\Helpers\LogHelper.cs
7、详细信息：
Text:	
                SELECT * FROM dbo.SYS_Role a
                LEFT JOIN dbo.SYS_OperatorRoleRelation b ON a.RoleId=b.RoleId
                WHERE b.OperatorId='0ad06755-9fde-4ddd-9dcb-448462155a03';
            	



#############################################################################

1、时间：2016-11-20 17:23:42,177
2、优先级别：DEBUG
3、线程ID：7
4、耗时：8507
5、行号：140
6、文件名：e:\Net_03.Personal\Net_Project.DosORM\Project\Dos.ORM\Dos.ORM.Common\Helpers\LogHelper.cs
7、详细信息：
Text:	 SELECT   * FROM [v_SYS_Module]  WHERE [v_SYS_Module].[IsEnable] = @IsEnable4 ORDER BY [v_SYS_Module].[SortNo] ASC 	
Parameters:
@IsEnable4[Int32] = 1



#############################################################################

1、时间：2016-11-20 17:23:42,216
2、优先级别：DEBUG
3、线程ID：7
4、耗时：8545
5、行号：140
6、文件名：e:\Net_03.Personal\Net_Project.DosORM\Project\Dos.ORM\Dos.ORM.Common\Helpers\LogHelper.cs
7、详细信息：
Text:	 SELECT   * FROM [v_SYS_Button]  WHERE  1=1  	



#############################################################################

1、时间：2016-11-20 17:23:42,483
2、优先级别：DEBUG
3、线程ID：7
4、耗时：8813
5、行号：140
6、文件名：e:\Net_03.Personal\Net_Project.DosORM\Project\Dos.ORM\Dos.ORM.Common\Helpers\LogHelper.cs
7、详细信息：
Text:	INSERT INTO [SYS_LogInfo] ([OptModuleName],[DataId],[Desc],[OptResultName],[OptResultId],[OptTypeName],[OptTypeId],[OptModulePath],[Status],[Mac],[IP],[Browser],[OptSystem],[OptTime],[OptUserName],[OptUserId],[CompanyId],[LogTypeName],[LogTypeId],[LogId]) VALUES (@OptModuleName5,@DataId6,@Desc7,@OptResultName8,@OptResultId9,@OptTypeName10,@OptTypeId11,@OptModulePath12,@Status13,@Mac14,@IP15,@Browser16,@OptSystem17,@OptTime18,@OptUserName19,@OptUserId20,@CompanyId21,@LogTypeName22,@LogTypeId23,@LogId24)	
Parameters:
@OptModuleName5[String] = 登录系统
@DataId6[String] = 
@Desc7[String] = 登录成功！
@OptResultName8[String] = 登录成功
@OptResultId9[Int32] = 300
@OptTypeName10[String] = 登录
@OptTypeId11[Int32] = 2001
@OptModulePath12[String] = /MsSys/Login/CheckLogin
@Status13[Int32] = 1
@Mac14[String] = B8:76:3F:1F:BC:40
@IP15[String] = 127.0.0.1
@Browser16[String] = Chrome 54.0
@OptSystem17[String] = Windows 10
@OptTime18[DateTime] = 2016/11/20 17:23:42
@OptUserName19[String] = 秦波
@OptUserId20[Guid] = 0ad06755-9fde-4ddd-9dcb-448462155a03
@CompanyId21[Guid] = 078736e6-0cc2-48dc-80f1-6330419b4af1
@LogTypeName22[String] = 登录登出
@LogTypeId23[Int32] = 100
@LogId24[Guid] = c2eca2d6-ae70-4769-9d0c-aec8ba89fd89



#############################################################################

1、时间：2016-11-20 17:23:45,129
2、优先级别：DEBUG
3、线程ID：7
4、耗时：11458
5、行号：140
6、文件名：e:\Net_03.Personal\Net_Project.DosORM\Project\Dos.ORM\Dos.ORM.Common\Helpers\LogHelper.cs
7、详细信息：
Text:	 SELECT   * FROM [SYS_Module]  WHERE (([SYS_Module].[Status] = @Status25) AND ([SYS_Module].[IsEnable] = @IsEnable26)) AND ([SYS_Module].[OperatePageType] = @OperatePageType27) 	
Parameters:
@Status25[Int32] = 1
@IsEnable26[Int32] = 1
@OperatePageType27[Int32] = 1


