
#############################################################################

1、时间：2016-12-15 16:07:42,752
2、优先级别：DEBUG
3、线程ID：15
4、耗时：371570
5、行号：140
6、文件名：e:\Net_03.Personal\Net_Project.DosORM\Project\Dos.ORM\Dos.ORM.Common\Helpers\LogHelper.cs
7、详细信息：
Text:	 SELECT   TOP 1 * FROM [SYS_Operator]  WHERE ([SYS_Operator].[Account] = @Account1) AND ([SYS_Operator].[Pwd] = @Pwd2) 	
Parameters:
@Account1[String] = quber
@Pwd2[String] = C1851CFE23E736DE



#############################################################################

1、时间：2016-12-15 16:07:42,993
2、优先级别：DEBUG
3、线程ID：15
4、耗时：371811
5、行号：140
6、文件名：e:\Net_03.Personal\Net_Project.DosORM\Project\Dos.ORM\Dos.ORM.Common\Helpers\LogHelper.cs
7、详细信息：
Text:	 SELECT   TOP 1 * FROM [SYS_Company]  WHERE [SYS_Company].[CompanyId] = @CompanyId3 	
Parameters:
@CompanyId3[Guid] = 078736e6-0cc2-48dc-80f1-6330419b4af1



#############################################################################

1、时间：2016-12-15 16:07:43,006
2、优先级别：DEBUG
3、线程ID：15
4、耗时：371824
5、行号：140
6、文件名：e:\Net_03.Personal\Net_Project.DosORM\Project\Dos.ORM\Dos.ORM.Common\Helpers\LogHelper.cs
7、详细信息：
Text:	
                SELECT * FROM dbo.SYS_Department a
                LEFT JOIN dbo.SYS_OperatorDepartmentRelation b ON a.DepartmentId=b.DepartmentId
                WHERE b.OperatorId='0ad06755-9fde-4ddd-9dcb-448462155a03';
            	



#############################################################################

1、时间：2016-12-15 16:07:43,104
2、优先级别：DEBUG
3、线程ID：15
4、耗时：371922
5、行号：140
6、文件名：e:\Net_03.Personal\Net_Project.DosORM\Project\Dos.ORM\Dos.ORM.Common\Helpers\LogHelper.cs
7、详细信息：
Text:	
                SELECT * FROM dbo.SYS_Role a
                LEFT JOIN dbo.SYS_OperatorRoleRelation b ON a.RoleId=b.RoleId
                WHERE b.OperatorId='0ad06755-9fde-4ddd-9dcb-448462155a03';
            	



#############################################################################

1、时间：2016-12-15 16:07:43,127
2、优先级别：DEBUG
3、线程ID：15
4、耗时：371945
5、行号：140
6、文件名：e:\Net_03.Personal\Net_Project.DosORM\Project\Dos.ORM\Dos.ORM.Common\Helpers\LogHelper.cs
7、详细信息：
Text:	 SELECT   * FROM [v_SYS_Module]  WHERE [v_SYS_Module].[IsEnable] = @IsEnable4 ORDER BY [v_SYS_Module].[SortNo] ASC 	
Parameters:
@IsEnable4[Int32] = 1



#############################################################################

1、时间：2016-12-15 16:07:43,178
2、优先级别：DEBUG
3、线程ID：15
4、耗时：371996
5、行号：140
6、文件名：e:\Net_03.Personal\Net_Project.DosORM\Project\Dos.ORM\Dos.ORM.Common\Helpers\LogHelper.cs
7、详细信息：
Text:	 SELECT   * FROM [v_SYS_Button]  WHERE  1=1  	



#############################################################################

1、时间：2016-12-15 16:07:43,754
2、优先级别：DEBUG
3、线程ID：15
4、耗时：372572
5、行号：140
6、文件名：e:\Net_03.Personal\Net_Project.DosORM\Project\Dos.ORM\Dos.ORM.Common\Helpers\LogHelper.cs
7、详细信息：
Text:	INSERT INTO [SYS_LogInfo] ([OptModuleName],[DataId],[Desc],[OptResultName],[OptResultId],[OptTypeName],[OptTypeId],[OptModulePath],[Status],[Mac],[IP],[Browser],[OptSystem],[OptTime],[OptUserName],[OptUserId],[CompanyId],[LogTypeName],[LogTypeId],[LogId]) VALUES (@OptModuleName5,@DataId6,@Desc7,@OptResultName8,@OptResultId9,@OptTypeName10,@OptTypeId11,@OptModulePath12,@Status13,@Mac14,@IP15,@Browser16,@OptSystem17,@OptTime18,@OptUserName19,@OptUserId20,@CompanyId21,@LogTypeName22,@LogTypeId23,@LogId24)	
Parameters:
@OptModuleName5[String] = 登录系统
@DataId6[String] = 
@Desc7[String] = 登录成功！
@OptResultName8[String] = 登录成功
@OptResultId9[Int32] = 300
@OptTypeName10[String] = 登录
@OptTypeId11[Int32] = 2001
@OptModulePath12[String] = /MsSys/Login/CheckLogin
@Status13[Int32] = 1
@Mac14[String] = 40:8D:5C:30:F1:7D
@IP15[String] = 127.0.0.1
@Browser16[String] = Chrome 55.0
@OptSystem17[String] = Windows 10
@OptTime18[DateTime] = 2016/12/15 16:07:43
@OptUserName19[String] = 秦波
@OptUserId20[Guid] = 0ad06755-9fde-4ddd-9dcb-448462155a03
@CompanyId21[Guid] = 078736e6-0cc2-48dc-80f1-6330419b4af1
@LogTypeName22[String] = 登录登出
@LogTypeId23[Int32] = 100
@LogId24[Guid] = 051a5b39-a49b-4432-b59b-dce9f3e58792



#############################################################################

1、时间：2016-12-15 16:07:47,461
2、优先级别：DEBUG
3、线程ID：20
4、耗时：376279
5、行号：140
6、文件名：e:\Net_03.Personal\Net_Project.DosORM\Project\Dos.ORM\Dos.ORM.Common\Helpers\LogHelper.cs
7、详细信息：
Text:	 SELECT   * FROM [SYS_Module]  WHERE (([SYS_Module].[Status] = @Status25) AND ([SYS_Module].[IsEnable] = @IsEnable26)) AND ([SYS_Module].[OperatePageType] = @OperatePageType27) 	
Parameters:
@Status25[Int32] = 1
@IsEnable26[Int32] = 1
@OperatePageType27[Int32] = 1



#############################################################################

1、时间：2016-12-15 16:08:06,240
2、优先级别：DEBUG
3、线程ID：6
4、耗时：395058
5、行号：140
6、文件名：e:\Net_03.Personal\Net_Project.DosORM\Project\Dos.ORM\Dos.ORM.Common\Helpers\LogHelper.cs
7、详细信息：
Text:	 SELECT count(*) as r_cnt FROM [SYS_Company] WHERE ([SYS_Company].[Status] = @Status28) AND ([SYS_Company].[CompanyId] = @CompanyId29)	
Parameters:
@Status28[Int32] = 1
@CompanyId29[Guid] = 078736e6-0cc2-48dc-80f1-6330419b4af1



#############################################################################

1、时间：2016-12-15 16:08:06,254
2、优先级别：DEBUG
3、线程ID：6
4、耗时：395072
5、行号：140
6、文件名：e:\Net_03.Personal\Net_Project.DosORM\Project\Dos.ORM\Dos.ORM.Common\Helpers\LogHelper.cs
7、详细信息：
Text:	 SELECT   TOP 15 * FROM [SYS_Company]  WHERE ([SYS_Company].[Status] = @Status28) AND ([SYS_Company].[CompanyId] = @CompanyId29) ORDER BY [SYS_Company].[CrtTime] DESC 	
Parameters:
@Status28[Int32] = 1
@CompanyId29[Guid] = 078736e6-0cc2-48dc-80f1-6330419b4af1



#############################################################################

1、时间：2016-12-15 16:08:06,298
2、优先级别：DEBUG
3、线程ID：6
4、耗时：395116
5、行号：140
6、文件名：e:\Net_03.Personal\Net_Project.DosORM\Project\Dos.ORM\Dos.ORM.Common\Helpers\LogHelper.cs
7、详细信息：
Text:	INSERT INTO [SYS_LogInfo] ([Desc],[OptResultName],[OptResultId],[OptTypeName],[OptTypeId],[OptModulePath],[OptModuleName],[Status],[Mac],[IP],[Browser],[OptSystem],[OptTime],[OptUserName],[OptUserId],[DataId],[CompanyId],[LogTypeName],[LogTypeId],[LogId]) VALUES (@Desc30,@OptResultName31,@OptResultId32,@OptTypeName33,@OptTypeId34,@OptModulePath35,@OptModuleName36,@Status37,@Mac38,@IP39,@Browser40,@OptSystem41,@OptTime42,@OptUserName43,@OptUserId44,@DataId45,@CompanyId46,@LogTypeName47,@LogTypeId48,@LogId49)	
Parameters:
@Desc30[String] = 数据查询成功！
@OptResultName31[String] = 操作成功
@OptResultId32[Int32] = 100
@OptTypeName33[String] = 查询
@OptTypeId34[Int32] = 1003
@OptModulePath35[String] = /MsSys/Company/GetList
@OptModuleName36[String] = 公司管理
@Status37[Int32] = 1
@Mac38[String] = 40:8D:5C:30:F1:7D
@IP39[String] = 127.0.0.1
@Browser40[String] = Chrome 55.0
@OptSystem41[String] = Windows 10
@OptTime42[DateTime] = 2016/12/15 16:08:06
@OptUserName43[String] = 秦波
@OptUserId44[Guid] = 0ad06755-9fde-4ddd-9dcb-448462155a03
@DataId45[String] = 
@CompanyId46[Guid] = 078736e6-0cc2-48dc-80f1-6330419b4af1
@LogTypeName47[String] = 数据操作
@LogTypeId48[Int32] = 101
@LogId49[Guid] = 392a8ccb-5829-4228-9a10-89c54bf92aa0



#############################################################################

1、时间：2016-12-15 16:08:08,958
2、优先级别：DEBUG
3、线程ID：9
4、耗时：397776
5、行号：140
6、文件名：e:\Net_03.Personal\Net_Project.DosORM\Project\Dos.ORM\Dos.ORM.Common\Helpers\LogHelper.cs
7、详细信息：
Text:	 SELECT   TOP 1 * FROM [SYS_Company]  WHERE [SYS_Company].[CompanyId] = @CompanyId50 	
Parameters:
@CompanyId50[Guid] = 078736e6-0cc2-48dc-80f1-6330419b4af1



#############################################################################

1、时间：2016-12-15 16:08:09,526
2、优先级别：DEBUG
3、线程ID：11
4、耗时：398344
5、行号：140
6、文件名：e:\Net_03.Personal\Net_Project.DosORM\Project\Dos.ORM\Dos.ORM.Common\Helpers\LogHelper.cs
7、详细信息：
Text:	 SELECT   * FROM [CON_AreaCode]  WHERE [CON_AreaCode].[AreaLevel] = @AreaLevel51 	
Parameters:
@AreaLevel51[Int32] = 1



#############################################################################

1、时间：2016-12-15 16:08:09,650
2、优先级别：DEBUG
3、线程ID：14
4、耗时：398468
5、行号：140
6、文件名：e:\Net_03.Personal\Net_Project.DosORM\Project\Dos.ORM\Dos.ORM.Common\Helpers\LogHelper.cs
7、详细信息：
Text:	 SELECT   * FROM [CON_AreaCode]  WHERE ([CON_AreaCode].[AreaLevel] = @AreaLevel52) AND ([CON_AreaCode].[ParentAreaCode] = @ParentAreaCode53) 	
Parameters:
@AreaLevel52[Int32] = 2
@ParentAreaCode53[Int32] = -1



#############################################################################

1、时间：2016-12-15 16:08:09,660
2、优先级别：DEBUG
3、线程ID：21
4、耗时：398478
5、行号：140
6、文件名：e:\Net_03.Personal\Net_Project.DosORM\Project\Dos.ORM\Dos.ORM.Common\Helpers\LogHelper.cs
7、详细信息：
Text:	 SELECT   * FROM [CON_AreaCode]  WHERE ([CON_AreaCode].[AreaLevel] = @AreaLevel54) AND ([CON_AreaCode].[ParentAreaCode] = @ParentAreaCode55) 	
Parameters:
@AreaLevel54[Int32] = 4
@ParentAreaCode55[Int32] = -1



#############################################################################

1、时间：2016-12-15 16:08:10,159
2、优先级别：DEBUG
3、线程ID：11
4、耗时：398977
5、行号：140
6、文件名：e:\Net_03.Personal\Net_Project.DosORM\Project\Dos.ORM\Dos.ORM.Common\Helpers\LogHelper.cs
7、详细信息：
Text:	 SELECT   * FROM [CON_AreaCode]  WHERE ([CON_AreaCode].[AreaLevel] = @AreaLevel56) AND ([CON_AreaCode].[ParentAreaCode] = @ParentAreaCode57) 	
Parameters:
@AreaLevel56[Int32] = 3
@ParentAreaCode57[Int32] = -1



#############################################################################

1、时间：2016-12-15 16:08:11,345
2、优先级别：DEBUG
3、线程ID：21
4、耗时：400163
5、行号：140
6、文件名：e:\Net_03.Personal\Net_Project.DosORM\Project\Dos.ORM\Dos.ORM.Common\Helpers\LogHelper.cs
7、详细信息：
Text:	 SELECT   TOP 1 [SYS_Company].[CompanyId] FROM [SYS_Company]  WHERE ([SYS_Company].[CompanyId] <> @CompanyId58) AND ([SYS_Company].[CompanyName] = @CompanyName59) 	
Parameters:
@CompanyId58[Guid] = 078736e6-0cc2-48dc-80f1-6330419b4af1
@CompanyName59[String] = 默认公司



#############################################################################

1、时间：2016-12-15 16:08:11,347
2、优先级别：DEBUG
3、线程ID：21
4、耗时：400165
5、行号：140
6、文件名：e:\Net_03.Personal\Net_Project.DosORM\Project\Dos.ORM\Dos.ORM.Common\Helpers\LogHelper.cs
7、详细信息：
Text:	 SELECT   TOP 1 * FROM [SYS_Company]  WHERE [SYS_Company].[CompanyId] = @CompanyId60 	
Parameters:
@CompanyId60[Guid] = 078736e6-0cc2-48dc-80f1-6330419b4af1



#############################################################################

1、时间：2016-12-15 16:08:11,356
2、优先级别：DEBUG
3、线程ID：21
4、耗时：400174
5、行号：140
6、文件名：e:\Net_03.Personal\Net_Project.DosORM\Project\Dos.ORM\Dos.ORM.Common\Helpers\LogHelper.cs
7、详细信息：
Text:	UPDATE [SYS_Company] SET [ModTime]=@ModTime62,[ModOptId]=@ModOptId63,[DtlInfo]=@DtlInfo64,[Lat]=@Lat65,[Lng]=@Lng66,[Address]=@Address67,[TownId]=@TownId68,[CountyId]=@CountyId69,[CityId]=@CityId70,[ProvinceId]=@ProvinceId71,[LogoPath]=@LogoPath72,[LogoHeight]=@LogoHeight73,[LogoWidth]=@LogoWidth74,[Microblog]=@Microblog75,[WeChat]=@WeChat76,[Email]=@Email77,[Tel]=@Tel78,[Mobile]=@Mobile79,[ConMan]=@ConMan80,[CompanyName]=@CompanyName81 WHERE [SYS_Company].[CompanyId] = @CompanyId61	
Parameters:
@ModTime62[DateTime] = 2016/12/15 16:08:11
@ModOptId63[Guid] = 0ad06755-9fde-4ddd-9dcb-448462155a03
@DtlInfo64[String] = <p>&nbsp; Quber综合管理系统！</p>
@Lat65[String] = 30.560024
@Lng66[String] = 104.095417
@Address67[String] = 四川省成都市中和镇新下街104号
@TownId68[Int32] = -1
@CountyId69[Int32] = -1
@CityId70[Int32] = -1
@ProvinceId71[Int32] = -1
@LogoPath72[String] = /Content/Upload/Uploadify/Images/SysCompany/20160901/s_ngpp942veh3eukr4n9i4.png
@LogoHeight73[Int32] = 100
@LogoWidth74[Int32] = 200
@Microblog75[String] = qubernet
@WeChat76[String] = qubernet
@Email77[String] = qubernet@163.com
@Tel78[String] = 
@Mobile79[String] = 13551369057
@ConMan80[String] = Quber
@CompanyName81[String] = 默认公司
@CompanyId61[Guid] = 078736e6-0cc2-48dc-80f1-6330419b4af1



#############################################################################

1、时间：2016-12-15 16:08:11,503
2、优先级别：DEBUG
3、线程ID：21
4、耗时：400321
5、行号：140
6、文件名：e:\Net_03.Personal\Net_Project.DosORM\Project\Dos.ORM\Dos.ORM.Common\Helpers\LogHelper.cs
7、详细信息：
Text:	INSERT INTO [SYS_LogInfo] ([Desc],[OptResultName],[OptResultId],[OptTypeName],[OptTypeId],[OptModulePath],[OptModuleName],[Status],[Mac],[IP],[Browser],[OptSystem],[OptTime],[OptUserName],[OptUserId],[DataId],[CompanyId],[LogTypeName],[LogTypeId],[LogId]) VALUES (@Desc82,@OptResultName83,@OptResultId84,@OptTypeName85,@OptTypeId86,@OptModulePath87,@OptModuleName88,@Status89,@Mac90,@IP91,@Browser92,@OptSystem93,@OptTime94,@OptUserName95,@OptUserId96,@DataId97,@CompanyId98,@LogTypeName99,@LogTypeId100,@LogId101)	
Parameters:
@Desc82[String] = 数据保存成功！
@OptResultName83[String] = 操作成功
@OptResultId84[Int32] = 100
@OptTypeName85[String] = 修改
@OptTypeId86[Int32] = 1002
@OptModulePath87[String] = /MsSys/Company/SaveData
@OptModuleName88[String] = 公司管理
@Status89[Int32] = 1
@Mac90[String] = 40:8D:5C:30:F1:7D
@IP91[String] = 127.0.0.1
@Browser92[String] = Chrome 55.0
@OptSystem93[String] = Windows 10
@OptTime94[DateTime] = 2016/12/15 16:08:11
@OptUserName95[String] = 秦波
@OptUserId96[Guid] = 0ad06755-9fde-4ddd-9dcb-448462155a03
@DataId97[String] = 078736e6-0cc2-48dc-80f1-6330419b4af1
@CompanyId98[Guid] = 078736e6-0cc2-48dc-80f1-6330419b4af1
@LogTypeName99[String] = 数据操作
@LogTypeId100[Int32] = 101
@LogId101[Guid] = f255b5f3-f7e2-477a-9cf9-0f7e80962ac3



#############################################################################

1、时间：2016-12-15 16:08:13,055
2、优先级别：DEBUG
3、线程ID：15
4、耗时：401873
5、行号：140
6、文件名：e:\Net_03.Personal\Net_Project.DosORM\Project\Dos.ORM\Dos.ORM.Common\Helpers\LogHelper.cs
7、详细信息：
Text:	 SELECT count(*) as r_cnt FROM [SYS_Company] WHERE ([SYS_Company].[Status] = @Status102) AND ([SYS_Company].[CompanyId] = @CompanyId103)	
Parameters:
@Status102[Int32] = 1
@CompanyId103[Guid] = 078736e6-0cc2-48dc-80f1-6330419b4af1



#############################################################################

1、时间：2016-12-15 16:08:13,060
2、优先级别：DEBUG
3、线程ID：15
4、耗时：401878
5、行号：140
6、文件名：e:\Net_03.Personal\Net_Project.DosORM\Project\Dos.ORM\Dos.ORM.Common\Helpers\LogHelper.cs
7、详细信息：
Text:	 SELECT   TOP 15 * FROM [SYS_Company]  WHERE ([SYS_Company].[Status] = @Status102) AND ([SYS_Company].[CompanyId] = @CompanyId103) ORDER BY [SYS_Company].[CrtTime] DESC 	
Parameters:
@Status102[Int32] = 1
@CompanyId103[Guid] = 078736e6-0cc2-48dc-80f1-6330419b4af1



#############################################################################

1、时间：2016-12-15 16:08:13,098
2、优先级别：DEBUG
3、线程ID：15
4、耗时：401916
5、行号：140
6、文件名：e:\Net_03.Personal\Net_Project.DosORM\Project\Dos.ORM\Dos.ORM.Common\Helpers\LogHelper.cs
7、详细信息：
Text:	INSERT INTO [SYS_LogInfo] ([Desc],[OptResultName],[OptResultId],[OptTypeName],[OptTypeId],[OptModulePath],[OptModuleName],[Status],[Mac],[IP],[Browser],[OptSystem],[OptTime],[OptUserName],[OptUserId],[DataId],[CompanyId],[LogTypeName],[LogTypeId],[LogId]) VALUES (@Desc104,@OptResultName105,@OptResultId106,@OptTypeName107,@OptTypeId108,@OptModulePath109,@OptModuleName110,@Status111,@Mac112,@IP113,@Browser114,@OptSystem115,@OptTime116,@OptUserName117,@OptUserId118,@DataId119,@CompanyId120,@LogTypeName121,@LogTypeId122,@LogId123)	
Parameters:
@Desc104[String] = 数据查询成功！
@OptResultName105[String] = 操作成功
@OptResultId106[Int32] = 100
@OptTypeName107[String] = 查询
@OptTypeId108[Int32] = 1003
@OptModulePath109[String] = /MsSys/Company/GetList
@OptModuleName110[String] = 公司管理
@Status111[Int32] = 1
@Mac112[String] = 40:8D:5C:30:F1:7D
@IP113[String] = 127.0.0.1
@Browser114[String] = Chrome 55.0
@OptSystem115[String] = Windows 10
@OptTime116[DateTime] = 2016/12/15 16:08:13
@OptUserName117[String] = 秦波
@OptUserId118[Guid] = 0ad06755-9fde-4ddd-9dcb-448462155a03
@DataId119[String] = 
@CompanyId120[Guid] = 078736e6-0cc2-48dc-80f1-6330419b4af1
@LogTypeName121[String] = 数据操作
@LogTypeId122[Int32] = 101
@LogId123[Guid] = d725899c-e76c-4f65-922a-7f0686387b1a



#############################################################################

1、时间：2016-12-15 16:08:15,021
2、优先级别：DEBUG
3、线程ID：24
4、耗时：403838
5、行号：140
6、文件名：e:\Net_03.Personal\Net_Project.DosORM\Project\Dos.ORM\Dos.ORM.Common\Helpers\LogHelper.cs
7、详细信息：
Text:	 SELECT count(*) as r_cnt FROM [SYS_Department] WHERE ([SYS_Department].[Status] = @Status124) AND ([SYS_Department].[CompanyId] = @CompanyId125)	
Parameters:
@Status124[Int32] = 1
@CompanyId125[Guid] = 078736e6-0cc2-48dc-80f1-6330419b4af1



#############################################################################

1、时间：2016-12-15 16:08:15,042
2、优先级别：DEBUG
3、线程ID：24
4、耗时：403860
5、行号：140
6、文件名：e:\Net_03.Personal\Net_Project.DosORM\Project\Dos.ORM\Dos.ORM.Common\Helpers\LogHelper.cs
7、详细信息：
Text:	 SELECT   TOP 15 * FROM [SYS_Department]  WHERE ([SYS_Department].[Status] = @Status124) AND ([SYS_Department].[CompanyId] = @CompanyId125) ORDER BY [SYS_Department].[CrtTime] DESC 	
Parameters:
@Status124[Int32] = 1
@CompanyId125[Guid] = 078736e6-0cc2-48dc-80f1-6330419b4af1



#############################################################################

1、时间：2016-12-15 16:08:15,101
2、优先级别：DEBUG
3、线程ID：24
4、耗时：403919
5、行号：140
6、文件名：e:\Net_03.Personal\Net_Project.DosORM\Project\Dos.ORM\Dos.ORM.Common\Helpers\LogHelper.cs
7、详细信息：
Text:	INSERT INTO [SYS_LogInfo] ([Desc],[OptResultName],[OptResultId],[OptTypeName],[OptTypeId],[OptModulePath],[OptModuleName],[Status],[Mac],[IP],[Browser],[OptSystem],[OptTime],[OptUserName],[OptUserId],[DataId],[CompanyId],[LogTypeName],[LogTypeId],[LogId]) VALUES (@Desc126,@OptResultName127,@OptResultId128,@OptTypeName129,@OptTypeId130,@OptModulePath131,@OptModuleName132,@Status133,@Mac134,@IP135,@Browser136,@OptSystem137,@OptTime138,@OptUserName139,@OptUserId140,@DataId141,@CompanyId142,@LogTypeName143,@LogTypeId144,@LogId145)	
Parameters:
@Desc126[String] = 数据查询成功！
@OptResultName127[String] = 操作成功
@OptResultId128[Int32] = 100
@OptTypeName129[String] = 查询
@OptTypeId130[Int32] = 1003
@OptModulePath131[String] = /MsSys/Department/GetList
@OptModuleName132[String] = 部门管理
@Status133[Int32] = 1
@Mac134[String] = 40:8D:5C:30:F1:7D
@IP135[String] = 127.0.0.1
@Browser136[String] = Chrome 55.0
@OptSystem137[String] = Windows 10
@OptTime138[DateTime] = 2016/12/15 16:08:15
@OptUserName139[String] = 秦波
@OptUserId140[Guid] = 0ad06755-9fde-4ddd-9dcb-448462155a03
@DataId141[String] = 
@CompanyId142[Guid] = 078736e6-0cc2-48dc-80f1-6330419b4af1
@LogTypeName143[String] = 数据操作
@LogTypeId144[Int32] = 101
@LogId145[Guid] = 756080be-3989-4b00-9227-535816e4e6fd



#############################################################################

1、时间：2016-12-15 16:08:22,444
2、优先级别：DEBUG
3、线程ID：11
4、耗时：411262
5、行号：140
6、文件名：e:\Net_03.Personal\Net_Project.DosORM\Project\Dos.ORM\Dos.ORM.Common\Helpers\LogHelper.cs
7、详细信息：
Text:	 SELECT   TOP 1 * FROM [SYS_Department]  WHERE [SYS_Department].[DepartmentId] = @DepartmentId146 	
Parameters:
@DepartmentId146[Guid] = 4f4cc8c6-6720-42ff-98d4-dbc07eb128f0



#############################################################################

1、时间：2016-12-15 16:08:26,237
2、优先级别：DEBUG
3、线程ID：25
4、耗时：415055
5、行号：140
6、文件名：e:\Net_03.Personal\Net_Project.DosORM\Project\Dos.ORM\Dos.ORM.Common\Helpers\LogHelper.cs
7、详细信息：
Text:	 SELECT   TOP 1 [SYS_Department].[DepartmentId] FROM [SYS_Department]  WHERE (([SYS_Department].[DepartmentId] <> @DepartmentId147) AND ([SYS_Department].[CompanyId] = @CompanyId148)) AND ([SYS_Department].[DepartmentName] = @DepartmentName149) 	
Parameters:
@DepartmentId147[Guid] = 4f4cc8c6-6720-42ff-98d4-dbc07eb128f0
@CompanyId148[Guid] = 078736e6-0cc2-48dc-80f1-6330419b4af1
@DepartmentName149[String] = 部门4



#############################################################################

1、时间：2016-12-15 16:08:26,239
2、优先级别：DEBUG
3、线程ID：25
4、耗时：415057
5、行号：140
6、文件名：e:\Net_03.Personal\Net_Project.DosORM\Project\Dos.ORM\Dos.ORM.Common\Helpers\LogHelper.cs
7、详细信息：
Text:	 SELECT   TOP 1 * FROM [SYS_Department]  WHERE [SYS_Department].[DepartmentId] = @DepartmentId150 	
Parameters:
@DepartmentId150[Guid] = 4f4cc8c6-6720-42ff-98d4-dbc07eb128f0



#############################################################################

1、时间：2016-12-15 16:08:26,242
2、优先级别：DEBUG
3、线程ID：25
4、耗时：415060
5、行号：140
6、文件名：e:\Net_03.Personal\Net_Project.DosORM\Project\Dos.ORM\Dos.ORM.Common\Helpers\LogHelper.cs
7、详细信息：
Text:	UPDATE [SYS_Department] SET [ModTime]=@ModTime152,[ModOptId]=@ModOptId153,[Desc]=@Desc154,[IsEnable]=@IsEnable155,[DepartmentName]=@DepartmentName156 WHERE [SYS_Department].[DepartmentId] = @DepartmentId151	
Parameters:
@ModTime152[DateTime] = 2016/12/15 16:08:26
@ModOptId153[Guid] = 0ad06755-9fde-4ddd-9dcb-448462155a03
@Desc154[String] = 1111
@IsEnable155[Int32] = 1
@DepartmentName156[String] = 部门4
@DepartmentId151[Guid] = 4f4cc8c6-6720-42ff-98d4-dbc07eb128f0



#############################################################################

1、时间：2016-12-15 16:08:26,272
2、优先级别：DEBUG
3、线程ID：25
4、耗时：415090
5、行号：140
6、文件名：e:\Net_03.Personal\Net_Project.DosORM\Project\Dos.ORM\Dos.ORM.Common\Helpers\LogHelper.cs
7、详细信息：
Text:	INSERT INTO [SYS_LogInfo] ([Desc],[OptResultName],[OptResultId],[OptTypeName],[OptTypeId],[OptModulePath],[OptModuleName],[Status],[Mac],[IP],[Browser],[OptSystem],[OptTime],[OptUserName],[OptUserId],[DataId],[CompanyId],[LogTypeName],[LogTypeId],[LogId]) VALUES (@Desc157,@OptResultName158,@OptResultId159,@OptTypeName160,@OptTypeId161,@OptModulePath162,@OptModuleName163,@Status164,@Mac165,@IP166,@Browser167,@OptSystem168,@OptTime169,@OptUserName170,@OptUserId171,@DataId172,@CompanyId173,@LogTypeName174,@LogTypeId175,@LogId176)	
Parameters:
@Desc157[String] = 数据保存成功！
@OptResultName158[String] = 操作成功
@OptResultId159[Int32] = 100
@OptTypeName160[String] = 修改
@OptTypeId161[Int32] = 1002
@OptModulePath162[String] = /MsSys/Department/SaveData
@OptModuleName163[String] = 部门管理
@Status164[Int32] = 1
@Mac165[String] = 40:8D:5C:30:F1:7D
@IP166[String] = 127.0.0.1
@Browser167[String] = Chrome 55.0
@OptSystem168[String] = Windows 10
@OptTime169[DateTime] = 2016/12/15 16:08:26
@OptUserName170[String] = 秦波
@OptUserId171[Guid] = 0ad06755-9fde-4ddd-9dcb-448462155a03
@DataId172[String] = 4f4cc8c6-6720-42ff-98d4-dbc07eb128f0
@CompanyId173[Guid] = 078736e6-0cc2-48dc-80f1-6330419b4af1
@LogTypeName174[String] = 数据操作
@LogTypeId175[Int32] = 101
@LogId176[Guid] = 72cc1c01-d7ac-47b7-a117-bdcb4f6de05a



#############################################################################

1、时间：2016-12-15 16:08:27,908
2、优先级别：DEBUG
3、线程ID：17
4、耗时：416726
5、行号：140
6、文件名：e:\Net_03.Personal\Net_Project.DosORM\Project\Dos.ORM\Dos.ORM.Common\Helpers\LogHelper.cs
7、详细信息：
Text:	 SELECT count(*) as r_cnt FROM [SYS_Department] WHERE ([SYS_Department].[Status] = @Status177) AND ([SYS_Department].[CompanyId] = @CompanyId178)	
Parameters:
@Status177[Int32] = 1
@CompanyId178[Guid] = 078736e6-0cc2-48dc-80f1-6330419b4af1



#############################################################################

1、时间：2016-12-15 16:08:27,910
2、优先级别：DEBUG
3、线程ID：17
4、耗时：416728
5、行号：140
6、文件名：e:\Net_03.Personal\Net_Project.DosORM\Project\Dos.ORM\Dos.ORM.Common\Helpers\LogHelper.cs
7、详细信息：
Text:	 SELECT   TOP 15 * FROM [SYS_Department]  WHERE ([SYS_Department].[Status] = @Status177) AND ([SYS_Department].[CompanyId] = @CompanyId178) ORDER BY [SYS_Department].[CrtTime] DESC 	
Parameters:
@Status177[Int32] = 1
@CompanyId178[Guid] = 078736e6-0cc2-48dc-80f1-6330419b4af1



#############################################################################

1、时间：2016-12-15 16:08:27,938
2、优先级别：DEBUG
3、线程ID：17
4、耗时：416756
5、行号：140
6、文件名：e:\Net_03.Personal\Net_Project.DosORM\Project\Dos.ORM\Dos.ORM.Common\Helpers\LogHelper.cs
7、详细信息：
Text:	INSERT INTO [SYS_LogInfo] ([Desc],[OptResultName],[OptResultId],[OptTypeName],[OptTypeId],[OptModulePath],[OptModuleName],[Status],[Mac],[IP],[Browser],[OptSystem],[OptTime],[OptUserName],[OptUserId],[DataId],[CompanyId],[LogTypeName],[LogTypeId],[LogId]) VALUES (@Desc179,@OptResultName180,@OptResultId181,@OptTypeName182,@OptTypeId183,@OptModulePath184,@OptModuleName185,@Status186,@Mac187,@IP188,@Browser189,@OptSystem190,@OptTime191,@OptUserName192,@OptUserId193,@DataId194,@CompanyId195,@LogTypeName196,@LogTypeId197,@LogId198)	
Parameters:
@Desc179[String] = 数据查询成功！
@OptResultName180[String] = 操作成功
@OptResultId181[Int32] = 100
@OptTypeName182[String] = 查询
@OptTypeId183[Int32] = 1003
@OptModulePath184[String] = /MsSys/Department/GetList
@OptModuleName185[String] = 部门管理
@Status186[Int32] = 1
@Mac187[String] = 40:8D:5C:30:F1:7D
@IP188[String] = 127.0.0.1
@Browser189[String] = Chrome 55.0
@OptSystem190[String] = Windows 10
@OptTime191[DateTime] = 2016/12/15 16:08:27
@OptUserName192[String] = 秦波
@OptUserId193[Guid] = 0ad06755-9fde-4ddd-9dcb-448462155a03
@DataId194[String] = 
@CompanyId195[Guid] = 078736e6-0cc2-48dc-80f1-6330419b4af1
@LogTypeName196[String] = 数据操作
@LogTypeId197[Int32] = 101
@LogId198[Guid] = 7566e8b8-a05b-42d8-b4d9-4fae9955a5cc



#############################################################################

1、时间：2016-12-15 16:08:29,099
2、优先级别：DEBUG
3、线程ID：12
4、耗时：417916
5、行号：140
6、文件名：e:\Net_03.Personal\Net_Project.DosORM\Project\Dos.ORM\Dos.ORM.Common\Helpers\LogHelper.cs
7、详细信息：
Text:	 SELECT count(*) as r_cnt FROM [SYS_Post] WHERE ([SYS_Post].[Status] = @Status199) AND ([SYS_Post].[CompanyId] = @CompanyId200)	
Parameters:
@Status199[Int32] = 1
@CompanyId200[Guid] = 078736e6-0cc2-48dc-80f1-6330419b4af1



#############################################################################

1、时间：2016-12-15 16:08:29,108
2、优先级别：DEBUG
3、线程ID：12
4、耗时：417926
5、行号：140
6、文件名：e:\Net_03.Personal\Net_Project.DosORM\Project\Dos.ORM\Dos.ORM.Common\Helpers\LogHelper.cs
7、详细信息：
Text:	 SELECT   TOP 15 * FROM [SYS_Post]  WHERE ([SYS_Post].[Status] = @Status199) AND ([SYS_Post].[CompanyId] = @CompanyId200) ORDER BY [SYS_Post].[CrtTime] DESC 	
Parameters:
@Status199[Int32] = 1
@CompanyId200[Guid] = 078736e6-0cc2-48dc-80f1-6330419b4af1



#############################################################################

1、时间：2016-12-15 16:08:29,141
2、优先级别：DEBUG
3、线程ID：12
4、耗时：417959
5、行号：140
6、文件名：e:\Net_03.Personal\Net_Project.DosORM\Project\Dos.ORM\Dos.ORM.Common\Helpers\LogHelper.cs
7、详细信息：
Text:	INSERT INTO [SYS_LogInfo] ([Desc],[OptResultName],[OptResultId],[OptTypeName],[OptTypeId],[OptModulePath],[OptModuleName],[Status],[Mac],[IP],[Browser],[OptSystem],[OptTime],[OptUserName],[OptUserId],[DataId],[CompanyId],[LogTypeName],[LogTypeId],[LogId]) VALUES (@Desc201,@OptResultName202,@OptResultId203,@OptTypeName204,@OptTypeId205,@OptModulePath206,@OptModuleName207,@Status208,@Mac209,@IP210,@Browser211,@OptSystem212,@OptTime213,@OptUserName214,@OptUserId215,@DataId216,@CompanyId217,@LogTypeName218,@LogTypeId219,@LogId220)	
Parameters:
@Desc201[String] = 数据查询成功！
@OptResultName202[String] = 操作成功
@OptResultId203[Int32] = 100
@OptTypeName204[String] = 查询
@OptTypeId205[Int32] = 1003
@OptModulePath206[String] = /MsSys/Post/GetList
@OptModuleName207[String] = 岗位管理
@Status208[Int32] = 1
@Mac209[String] = 40:8D:5C:30:F1:7D
@IP210[String] = 127.0.0.1
@Browser211[String] = Chrome 55.0
@OptSystem212[String] = Windows 10
@OptTime213[DateTime] = 2016/12/15 16:08:29
@OptUserName214[String] = 秦波
@OptUserId215[Guid] = 0ad06755-9fde-4ddd-9dcb-448462155a03
@DataId216[String] = 
@CompanyId217[Guid] = 078736e6-0cc2-48dc-80f1-6330419b4af1
@LogTypeName218[String] = 数据操作
@LogTypeId219[Int32] = 101
@LogId220[Guid] = 70a5e01c-c2ab-46d9-a709-8188ffd4c9da



#############################################################################

1、时间：2016-12-15 16:08:32,264
2、优先级别：DEBUG
3、线程ID：5
4、耗时：421082
5、行号：140
6、文件名：e:\Net_03.Personal\Net_Project.DosORM\Project\Dos.ORM\Dos.ORM.Common\Helpers\LogHelper.cs
7、详细信息：
Text:	
                SELECT a.OperatorId,a.Account,a.Realname,a.Nickname,(SELECT COUNT(1) FROM dbo.SYS_OperatorPostRelation b WHERE b.OperatorId=a.OperatorId AND b.PostId='0dd62ce6-431f-49d7-9c3c-9b9df36e5e1c') ThisCount
                FROM dbo.SYS_Operator a
                WHERE a.CompanyId='078736e6-0cc2-48dc-80f1-6330419b4af1';
            	



#############################################################################

1、时间：2016-12-15 16:08:41,196
2、优先级别：DEBUG
3、线程ID：10
4、耗时：430014
5、行号：140
6、文件名：e:\Net_03.Personal\Net_Project.DosORM\Project\Dos.ORM\Dos.ORM.Common\Helpers\LogHelper.cs
7、详细信息：
Text:	 SELECT   TOP 1 * FROM [SYS_Post]  WHERE [SYS_Post].[PostId] = @PostId221 	
Parameters:
@PostId221[Guid] = 0dd62ce6-431f-49d7-9c3c-9b9df36e5e1c



#############################################################################

1、时间：2016-12-15 16:08:44,643
2、优先级别：DEBUG
3、线程ID：25
4、耗时：433461
5、行号：140
6、文件名：e:\Net_03.Personal\Net_Project.DosORM\Project\Dos.ORM\Dos.ORM.Common\Helpers\LogHelper.cs
7、详细信息：
Text:	 SELECT count(*) as r_cnt FROM [SYS_Role] WHERE ([SYS_Role].[Status] = @Status222) AND ([SYS_Role].[CompanyId] = @CompanyId223)	
Parameters:
@Status222[Int32] = 1
@CompanyId223[Guid] = 078736e6-0cc2-48dc-80f1-6330419b4af1



#############################################################################

1、时间：2016-12-15 16:08:44,709
2、优先级别：DEBUG
3、线程ID：25
4、耗时：433527
5、行号：140
6、文件名：e:\Net_03.Personal\Net_Project.DosORM\Project\Dos.ORM\Dos.ORM.Common\Helpers\LogHelper.cs
7、详细信息：
Text:	 SELECT   TOP 15 * FROM [SYS_Role]  WHERE ([SYS_Role].[Status] = @Status222) AND ([SYS_Role].[CompanyId] = @CompanyId223) ORDER BY [SYS_Role].[CrtTime] DESC 	
Parameters:
@Status222[Int32] = 1
@CompanyId223[Guid] = 078736e6-0cc2-48dc-80f1-6330419b4af1



#############################################################################

1、时间：2016-12-15 16:08:44,736
2、优先级别：DEBUG
3、线程ID：25
4、耗时：433554
5、行号：140
6、文件名：e:\Net_03.Personal\Net_Project.DosORM\Project\Dos.ORM\Dos.ORM.Common\Helpers\LogHelper.cs
7、详细信息：
Text:	INSERT INTO [SYS_LogInfo] ([Desc],[OptResultName],[OptResultId],[OptTypeName],[OptTypeId],[OptModulePath],[OptModuleName],[Status],[Mac],[IP],[Browser],[OptSystem],[OptTime],[OptUserName],[OptUserId],[DataId],[CompanyId],[LogTypeName],[LogTypeId],[LogId]) VALUES (@Desc224,@OptResultName225,@OptResultId226,@OptTypeName227,@OptTypeId228,@OptModulePath229,@OptModuleName230,@Status231,@Mac232,@IP233,@Browser234,@OptSystem235,@OptTime236,@OptUserName237,@OptUserId238,@DataId239,@CompanyId240,@LogTypeName241,@LogTypeId242,@LogId243)	
Parameters:
@Desc224[String] = 数据查询成功！
@OptResultName225[String] = 操作成功
@OptResultId226[Int32] = 100
@OptTypeName227[String] = 查询
@OptTypeId228[Int32] = 1003
@OptModulePath229[String] = /MsSys/Role/GetList
@OptModuleName230[String] = 角色管理
@Status231[Int32] = 1
@Mac232[String] = 40:8D:5C:30:F1:7D
@IP233[String] = 127.0.0.1
@Browser234[String] = Chrome 55.0
@OptSystem235[String] = Windows 10
@OptTime236[DateTime] = 2016/12/15 16:08:44
@OptUserName237[String] = 秦波
@OptUserId238[Guid] = 0ad06755-9fde-4ddd-9dcb-448462155a03
@DataId239[String] = 
@CompanyId240[Guid] = 078736e6-0cc2-48dc-80f1-6330419b4af1
@LogTypeName241[String] = 数据操作
@LogTypeId242[Int32] = 101
@LogId243[Guid] = 2bb9579f-4aae-450c-aa48-eb7099fa9d00



#############################################################################

1、时间：2016-12-15 16:08:46,669
2、优先级别：DEBUG
3、线程ID：15
4、耗时：435487
5、行号：140
6、文件名：e:\Net_03.Personal\Net_Project.DosORM\Project\Dos.ORM\Dos.ORM.Common\Helpers\LogHelper.cs
7、详细信息：
Text:	 SELECT   TOP 1 * FROM [SYS_Role]  WHERE [SYS_Role].[RoleId] = @RoleId244 	
Parameters:
@RoleId244[Guid] = 7d92ea86-60e1-4cce-97a0-433c7404bbcb



#############################################################################

1、时间：2016-12-15 16:08:46,959
2、优先级别：DEBUG
3、线程ID：11
4、耗时：435777
5、行号：140
6、文件名：e:\Net_03.Personal\Net_Project.DosORM\Project\Dos.ORM\Dos.ORM.Common\Helpers\LogHelper.cs
7、详细信息：
Text:	 SELECT   * FROM [SYS_RoleModuleRelation]  WHERE [SYS_RoleModuleRelation].[RoleId] = @RoleId245 	
Parameters:
@RoleId245[Guid] = 7d92ea86-60e1-4cce-97a0-433c7404bbcb



#############################################################################

1、时间：2016-12-15 16:08:46,975
2、优先级别：DEBUG
3、线程ID：11
4、耗时：435793
5、行号：140
6、文件名：e:\Net_03.Personal\Net_Project.DosORM\Project\Dos.ORM\Dos.ORM.Common\Helpers\LogHelper.cs
7、详细信息：
Text:	 SELECT   * FROM [SYS_Module]  WHERE [SYS_Module].[Status] = @Status246 	
Parameters:
@Status246[Int32] = 1



#############################################################################

1、时间：2016-12-15 16:09:05,554
2、优先级别：DEBUG
3、线程ID：12
4、耗时：454372
5、行号：140
6、文件名：e:\Net_03.Personal\Net_Project.DosORM\Project\Dos.ORM\Dos.ORM.Common\Helpers\LogHelper.cs
7、详细信息：
Text:	 SELECT count(*) as r_cnt FROM [SYS_Operator] WHERE (([SYS_Operator].[Status] = @Status247) AND ([SYS_Operator].[Account] <> @Account248)) AND ([SYS_Operator].[CompanyId] = @CompanyId249)	
Parameters:
@Status247[Int32] = 1
@Account248[String] = admin
@CompanyId249[Guid] = 078736e6-0cc2-48dc-80f1-6330419b4af1



#############################################################################

1、时间：2016-12-15 16:09:05,585
2、优先级别：DEBUG
3、线程ID：12
4、耗时：454403
5、行号：140
6、文件名：e:\Net_03.Personal\Net_Project.DosORM\Project\Dos.ORM\Dos.ORM.Common\Helpers\LogHelper.cs
7、详细信息：
Text:	 SELECT   TOP 15 * FROM [SYS_Operator]  WHERE (([SYS_Operator].[Status] = @Status247) AND ([SYS_Operator].[Account] <> @Account248)) AND ([SYS_Operator].[CompanyId] = @CompanyId249) ORDER BY [SYS_Operator].[CrtTime] DESC 	
Parameters:
@Status247[Int32] = 1
@Account248[String] = admin
@CompanyId249[Guid] = 078736e6-0cc2-48dc-80f1-6330419b4af1



#############################################################################

1、时间：2016-12-15 16:09:05,622
2、优先级别：DEBUG
3、线程ID：12
4、耗时：454440
5、行号：140
6、文件名：e:\Net_03.Personal\Net_Project.DosORM\Project\Dos.ORM\Dos.ORM.Common\Helpers\LogHelper.cs
7、详细信息：
Text:	INSERT INTO [SYS_LogInfo] ([Desc],[OptResultName],[OptResultId],[OptTypeName],[OptTypeId],[OptModulePath],[OptModuleName],[Status],[Mac],[IP],[Browser],[OptSystem],[OptTime],[OptUserName],[OptUserId],[DataId],[CompanyId],[LogTypeName],[LogTypeId],[LogId]) VALUES (@Desc250,@OptResultName251,@OptResultId252,@OptTypeName253,@OptTypeId254,@OptModulePath255,@OptModuleName256,@Status257,@Mac258,@IP259,@Browser260,@OptSystem261,@OptTime262,@OptUserName263,@OptUserId264,@DataId265,@CompanyId266,@LogTypeName267,@LogTypeId268,@LogId269)	
Parameters:
@Desc250[String] = 数据查询成功！
@OptResultName251[String] = 操作成功
@OptResultId252[Int32] = 100
@OptTypeName253[String] = 查询
@OptTypeId254[Int32] = 1003
@OptModulePath255[String] = /MsSys/Operator/GetList
@OptModuleName256[String] = 管理员管理
@Status257[Int32] = 1
@Mac258[String] = 40:8D:5C:30:F1:7D
@IP259[String] = 127.0.0.1
@Browser260[String] = Chrome 55.0
@OptSystem261[String] = Windows 10
@OptTime262[DateTime] = 2016/12/15 16:09:05
@OptUserName263[String] = 秦波
@OptUserId264[Guid] = 0ad06755-9fde-4ddd-9dcb-448462155a03
@DataId265[String] = 
@CompanyId266[Guid] = 078736e6-0cc2-48dc-80f1-6330419b4af1
@LogTypeName267[String] = 数据操作
@LogTypeId268[Int32] = 101
@LogId269[Guid] = b2434f36-ca05-415c-be28-329bb33f316a



#############################################################################

1、时间：2016-12-15 16:09:08,355
2、优先级别：DEBUG
3、线程ID：5
4、耗时：457173
5、行号：140
6、文件名：e:\Net_03.Personal\Net_Project.DosORM\Project\Dos.ORM\Dos.ORM.Common\Helpers\LogHelper.cs
7、详细信息：
Text:	 SELECT   TOP 1 * FROM [SYS_Operator]  WHERE [SYS_Operator].[OperatorId] = @OperatorId270 	
Parameters:
@OperatorId270[Guid] = 0ad06755-9fde-4ddd-9dcb-448462155a03



#############################################################################

1、时间：2016-12-15 16:09:08,681
2、优先级别：DEBUG
3、线程ID：10
4、耗时：457499
5、行号：140
6、文件名：e:\Net_03.Personal\Net_Project.DosORM\Project\Dos.ORM\Dos.ORM.Common\Helpers\LogHelper.cs
7、详细信息：
Text:	 SELECT   * FROM [CON_AreaCode]  WHERE [CON_AreaCode].[AreaLevel] = @AreaLevel271 	
Parameters:
@AreaLevel271[Int32] = 1



#############################################################################

1、时间：2016-12-15 16:09:08,855
2、优先级别：DEBUG
3、线程ID：7
4、耗时：457673
5、行号：140
6、文件名：e:\Net_03.Personal\Net_Project.DosORM\Project\Dos.ORM\Dos.ORM.Common\Helpers\LogHelper.cs
7、详细信息：
Text:	 SELECT   * FROM [CON_AreaCode]  WHERE ([CON_AreaCode].[AreaLevel] = @AreaLevel272) AND ([CON_AreaCode].[ParentAreaCode] = @ParentAreaCode273) 	
Parameters:
@AreaLevel272[Int32] = 2
@ParentAreaCode273[Int32] = 51



#############################################################################

1、时间：2016-12-15 16:09:08,885
2、优先级别：DEBUG
3、线程ID：11
4、耗时：457703
5、行号：140
6、文件名：e:\Net_03.Personal\Net_Project.DosORM\Project\Dos.ORM\Dos.ORM.Common\Helpers\LogHelper.cs
7、详细信息：
Text:	 SELECT   * FROM [CON_AreaCode]  WHERE ([CON_AreaCode].[AreaLevel] = @AreaLevel274) AND ([CON_AreaCode].[ParentAreaCode] = @ParentAreaCode275) 	
Parameters:
@AreaLevel274[Int32] = 3
@ParentAreaCode275[Int32] = 5106



#############################################################################

1、时间：2016-12-15 16:09:08,892
2、优先级别：DEBUG
3、线程ID：14
4、耗时：457710
5、行号：140
6、文件名：e:\Net_03.Personal\Net_Project.DosORM\Project\Dos.ORM\Dos.ORM.Common\Helpers\LogHelper.cs
7、详细信息：
Text:	 SELECT   * FROM [CON_AreaCode]  WHERE ([CON_AreaCode].[AreaLevel] = @AreaLevel276) AND ([CON_AreaCode].[ParentAreaCode] = @ParentAreaCode277) 	
Parameters:
@AreaLevel276[Int32] = 4
@ParentAreaCode277[Int32] = 510623



#############################################################################

1、时间：2016-12-15 16:09:08,974
2、优先级别：DEBUG
3、线程ID：12
4、耗时：457792
5、行号：140
6、文件名：e:\Net_03.Personal\Net_Project.DosORM\Project\Dos.ORM\Dos.ORM.Common\Helpers\LogHelper.cs
7、详细信息：
Text:	 SELECT count(*) as r_cnt FROM [SYS_Department] WHERE (([SYS_Department].[Status] = @Status278) AND ([SYS_Department].[IsEnable] = @IsEnable279)) AND ([SYS_Department].[CompanyId] = @CompanyId280)	
Parameters:
@Status278[Int32] = 1
@IsEnable279[Int32] = 1
@CompanyId280[Guid] = 078736e6-0cc2-48dc-80f1-6330419b4af1



#############################################################################

1、时间：2016-12-15 16:09:08,978
2、优先级别：DEBUG
3、线程ID：12
4、耗时：457796
5、行号：140
6、文件名：e:\Net_03.Personal\Net_Project.DosORM\Project\Dos.ORM\Dos.ORM.Common\Helpers\LogHelper.cs
7、详细信息：
Text:	 SELECT   TOP 15 * FROM [SYS_Department]  WHERE (([SYS_Department].[Status] = @Status278) AND ([SYS_Department].[IsEnable] = @IsEnable279)) AND ([SYS_Department].[CompanyId] = @CompanyId280) ORDER BY [SYS_Department].[CrtTime] DESC 	
Parameters:
@Status278[Int32] = 1
@IsEnable279[Int32] = 1
@CompanyId280[Guid] = 078736e6-0cc2-48dc-80f1-6330419b4af1



#############################################################################

1、时间：2016-12-15 16:09:09,047
2、优先级别：DEBUG
3、线程ID：17
4、耗时：457865
5、行号：140
6、文件名：e:\Net_03.Personal\Net_Project.DosORM\Project\Dos.ORM\Dos.ORM.Common\Helpers\LogHelper.cs
7、详细信息：
Text:	 SELECT count(*) as r_cnt FROM [SYS_Role] WHERE (([SYS_Role].[Status] = @Status281) AND ([SYS_Role].[IsEnable] = @IsEnable282)) AND ([SYS_Role].[CompanyId] = @CompanyId283)	
Parameters:
@Status281[Int32] = 1
@IsEnable282[Int32] = 1
@CompanyId283[Guid] = 078736e6-0cc2-48dc-80f1-6330419b4af1



#############################################################################

1、时间：2016-12-15 16:09:09,049
2、优先级别：DEBUG
3、线程ID：17
4、耗时：457867
5、行号：140
6、文件名：e:\Net_03.Personal\Net_Project.DosORM\Project\Dos.ORM\Dos.ORM.Common\Helpers\LogHelper.cs
7、详细信息：
Text:	 SELECT   TOP 15 * FROM [SYS_Role]  WHERE (([SYS_Role].[Status] = @Status281) AND ([SYS_Role].[IsEnable] = @IsEnable282)) AND ([SYS_Role].[CompanyId] = @CompanyId283) ORDER BY [SYS_Role].[CrtTime] DESC 	
Parameters:
@Status281[Int32] = 1
@IsEnable282[Int32] = 1
@CompanyId283[Guid] = 078736e6-0cc2-48dc-80f1-6330419b4af1



#############################################################################

1、时间：2016-12-15 16:09:09,115
2、优先级别：DEBUG
3、线程ID：5
4、耗时：457933
5、行号：140
6、文件名：e:\Net_03.Personal\Net_Project.DosORM\Project\Dos.ORM\Dos.ORM.Common\Helpers\LogHelper.cs
7、详细信息：
Text:	 SELECT count(*) as r_cnt FROM [SYS_Post] WHERE (([SYS_Post].[Status] = @Status284) AND ([SYS_Post].[IsEnable] = @IsEnable285)) AND ([SYS_Post].[CompanyId] = @CompanyId286)	
Parameters:
@Status284[Int32] = 1
@IsEnable285[Int32] = 1
@CompanyId286[Guid] = 078736e6-0cc2-48dc-80f1-6330419b4af1



#############################################################################

1、时间：2016-12-15 16:09:09,116
2、优先级别：DEBUG
3、线程ID：5
4、耗时：457934
5、行号：140
6、文件名：e:\Net_03.Personal\Net_Project.DosORM\Project\Dos.ORM\Dos.ORM.Common\Helpers\LogHelper.cs
7、详细信息：
Text:	 SELECT   TOP 15 * FROM [SYS_Post]  WHERE (([SYS_Post].[Status] = @Status284) AND ([SYS_Post].[IsEnable] = @IsEnable285)) AND ([SYS_Post].[CompanyId] = @CompanyId286) ORDER BY [SYS_Post].[CrtTime] DESC 	
Parameters:
@Status284[Int32] = 1
@IsEnable285[Int32] = 1
@CompanyId286[Guid] = 078736e6-0cc2-48dc-80f1-6330419b4af1



#############################################################################

1、时间：2016-12-15 16:09:10,008
2、优先级别：DEBUG
3、线程ID：6
4、耗时：458826
5、行号：140
6、文件名：e:\Net_03.Personal\Net_Project.DosORM\Project\Dos.ORM\Dos.ORM.Common\Helpers\LogHelper.cs
7、详细信息：
Text:	 SELECT   * FROM [SYS_OperatorDepartmentRelation]  WHERE [SYS_OperatorDepartmentRelation].[OperatorId] = @OperatorId287 	
Parameters:
@OperatorId287[Guid] = 0ad06755-9fde-4ddd-9dcb-448462155a03



#############################################################################

1、时间：2016-12-15 16:09:10,035
2、优先级别：DEBUG
3、线程ID：6
4、耗时：458853
5、行号：140
6、文件名：e:\Net_03.Personal\Net_Project.DosORM\Project\Dos.ORM\Dos.ORM.Common\Helpers\LogHelper.cs
7、详细信息：
Text:	 SELECT   * FROM [SYS_OperatorRoleRelation]  WHERE [SYS_OperatorRoleRelation].[OperatorId] = @OperatorId288 	
Parameters:
@OperatorId288[Guid] = 0ad06755-9fde-4ddd-9dcb-448462155a03



#############################################################################

1、时间：2016-12-15 16:09:10,051
2、优先级别：DEBUG
3、线程ID：6
4、耗时：458869
5、行号：140
6、文件名：e:\Net_03.Personal\Net_Project.DosORM\Project\Dos.ORM\Dos.ORM.Common\Helpers\LogHelper.cs
7、详细信息：
Text:	 SELECT   * FROM [SYS_OperatorPostRelation]  WHERE [SYS_OperatorPostRelation].[OperatorId] = @OperatorId289 	
Parameters:
@OperatorId289[Guid] = 0ad06755-9fde-4ddd-9dcb-448462155a03



#############################################################################

1、时间：2016-12-15 16:09:19,314
2、优先级别：DEBUG
3、线程ID：9
4、耗时：468132
5、行号：140
6、文件名：e:\Net_03.Personal\Net_Project.DosORM\Project\Dos.ORM\Dos.ORM.Common\Helpers\LogHelper.cs
7、详细信息：
Text:	 SELECT   TOP 1 * FROM [SYS_Operator]  WHERE [SYS_Operator].[OperatorId] = @OperatorId290 	
Parameters:
@OperatorId290[Guid] = 0ad06755-9fde-4ddd-9dcb-448462155a03



#############################################################################

1、时间：2016-12-15 16:09:19,590
2、优先级别：DEBUG
3、线程ID：20
4、耗时：468408
5、行号：140
6、文件名：e:\Net_03.Personal\Net_Project.DosORM\Project\Dos.ORM\Dos.ORM.Common\Helpers\LogHelper.cs
7、详细信息：
Text:	 SELECT   * FROM [CON_AreaCode]  WHERE [CON_AreaCode].[AreaLevel] = @AreaLevel291 	
Parameters:
@AreaLevel291[Int32] = 1



#############################################################################

1、时间：2016-12-15 16:09:19,711
2、优先级别：DEBUG
3、线程ID：8
4、耗时：468529
5、行号：140
6、文件名：e:\Net_03.Personal\Net_Project.DosORM\Project\Dos.ORM\Dos.ORM.Common\Helpers\LogHelper.cs
7、详细信息：
Text:	 SELECT   * FROM [CON_AreaCode]  WHERE ([CON_AreaCode].[AreaLevel] = @AreaLevel292) AND ([CON_AreaCode].[ParentAreaCode] = @ParentAreaCode293) 	
Parameters:
@AreaLevel292[Int32] = 2
@ParentAreaCode293[Int32] = 51



#############################################################################

1、时间：2016-12-15 16:09:19,720
2、优先级别：DEBUG
3、线程ID：12
4、耗时：468538
5、行号：140
6、文件名：e:\Net_03.Personal\Net_Project.DosORM\Project\Dos.ORM\Dos.ORM.Common\Helpers\LogHelper.cs
7、详细信息：
Text:	 SELECT   * FROM [CON_AreaCode]  WHERE ([CON_AreaCode].[AreaLevel] = @AreaLevel294) AND ([CON_AreaCode].[ParentAreaCode] = @ParentAreaCode295) 	
Parameters:
@AreaLevel294[Int32] = 3
@ParentAreaCode295[Int32] = 5106



#############################################################################

1、时间：2016-12-15 16:09:19,815
2、优先级别：DEBUG
3、线程ID：25
4、耗时：468633
5、行号：140
6、文件名：e:\Net_03.Personal\Net_Project.DosORM\Project\Dos.ORM\Dos.ORM.Common\Helpers\LogHelper.cs
7、详细信息：
Text:	 SELECT count(*) as r_cnt FROM [SYS_Department] WHERE (([SYS_Department].[Status] = @Status296) AND ([SYS_Department].[IsEnable] = @IsEnable297)) AND ([SYS_Department].[CompanyId] = @CompanyId298)	
Parameters:
@Status296[Int32] = 1
@IsEnable297[Int32] = 1
@CompanyId298[Guid] = 078736e6-0cc2-48dc-80f1-6330419b4af1



#############################################################################

1、时间：2016-12-15 16:09:19,818
2、优先级别：DEBUG
3、线程ID：25
4、耗时：468636
5、行号：140
6、文件名：e:\Net_03.Personal\Net_Project.DosORM\Project\Dos.ORM\Dos.ORM.Common\Helpers\LogHelper.cs
7、详细信息：
Text:	 SELECT   TOP 15 * FROM [SYS_Department]  WHERE (([SYS_Department].[Status] = @Status296) AND ([SYS_Department].[IsEnable] = @IsEnable297)) AND ([SYS_Department].[CompanyId] = @CompanyId298) ORDER BY [SYS_Department].[CrtTime] DESC 	
Parameters:
@Status296[Int32] = 1
@IsEnable297[Int32] = 1
@CompanyId298[Guid] = 078736e6-0cc2-48dc-80f1-6330419b4af1



#############################################################################

1、时间：2016-12-15 16:09:19,885
2、优先级别：DEBUG
3、线程ID：21
4、耗时：468703
5、行号：140
6、文件名：e:\Net_03.Personal\Net_Project.DosORM\Project\Dos.ORM\Dos.ORM.Common\Helpers\LogHelper.cs
7、详细信息：
Text:	 SELECT count(*) as r_cnt FROM [SYS_Role] WHERE (([SYS_Role].[Status] = @Status299) AND ([SYS_Role].[IsEnable] = @IsEnable300)) AND ([SYS_Role].[CompanyId] = @CompanyId301)	
Parameters:
@Status299[Int32] = 1
@IsEnable300[Int32] = 1
@CompanyId301[Guid] = 078736e6-0cc2-48dc-80f1-6330419b4af1



#############################################################################

1、时间：2016-12-15 16:09:19,886
2、优先级别：DEBUG
3、线程ID：21
4、耗时：468704
5、行号：140
6、文件名：e:\Net_03.Personal\Net_Project.DosORM\Project\Dos.ORM\Dos.ORM.Common\Helpers\LogHelper.cs
7、详细信息：
Text:	 SELECT   TOP 15 * FROM [SYS_Role]  WHERE (([SYS_Role].[Status] = @Status299) AND ([SYS_Role].[IsEnable] = @IsEnable300)) AND ([SYS_Role].[CompanyId] = @CompanyId301) ORDER BY [SYS_Role].[CrtTime] DESC 	
Parameters:
@Status299[Int32] = 1
@IsEnable300[Int32] = 1
@CompanyId301[Guid] = 078736e6-0cc2-48dc-80f1-6330419b4af1



#############################################################################

1、时间：2016-12-15 16:09:19,947
2、优先级别：DEBUG
3、线程ID：24
4、耗时：468765
5、行号：140
6、文件名：e:\Net_03.Personal\Net_Project.DosORM\Project\Dos.ORM\Dos.ORM.Common\Helpers\LogHelper.cs
7、详细信息：
Text:	 SELECT count(*) as r_cnt FROM [SYS_Post] WHERE (([SYS_Post].[Status] = @Status302) AND ([SYS_Post].[IsEnable] = @IsEnable303)) AND ([SYS_Post].[CompanyId] = @CompanyId304)	
Parameters:
@Status302[Int32] = 1
@IsEnable303[Int32] = 1
@CompanyId304[Guid] = 078736e6-0cc2-48dc-80f1-6330419b4af1



#############################################################################

1、时间：2016-12-15 16:09:19,948
2、优先级别：DEBUG
3、线程ID：24
4、耗时：468766
5、行号：140
6、文件名：e:\Net_03.Personal\Net_Project.DosORM\Project\Dos.ORM\Dos.ORM.Common\Helpers\LogHelper.cs
7、详细信息：
Text:	 SELECT   TOP 15 * FROM [SYS_Post]  WHERE (([SYS_Post].[Status] = @Status302) AND ([SYS_Post].[IsEnable] = @IsEnable303)) AND ([SYS_Post].[CompanyId] = @CompanyId304) ORDER BY [SYS_Post].[CrtTime] DESC 	
Parameters:
@Status302[Int32] = 1
@IsEnable303[Int32] = 1
@CompanyId304[Guid] = 078736e6-0cc2-48dc-80f1-6330419b4af1



#############################################################################

1、时间：2016-12-15 16:09:20,237
2、优先级别：DEBUG
3、线程ID：17
4、耗时：469055
5、行号：140
6、文件名：e:\Net_03.Personal\Net_Project.DosORM\Project\Dos.ORM\Dos.ORM.Common\Helpers\LogHelper.cs
7、详细信息：
Text:	 SELECT   * FROM [CON_AreaCode]  WHERE ([CON_AreaCode].[AreaLevel] = @AreaLevel305) AND ([CON_AreaCode].[ParentAreaCode] = @ParentAreaCode306) 	
Parameters:
@AreaLevel305[Int32] = 4
@ParentAreaCode306[Int32] = 510623



#############################################################################

1、时间：2016-12-15 16:09:20,465
2、优先级别：DEBUG
3、线程ID：21
4、耗时：469283
5、行号：140
6、文件名：e:\Net_03.Personal\Net_Project.DosORM\Project\Dos.ORM\Dos.ORM.Common\Helpers\LogHelper.cs
7、详细信息：
Text:	 SELECT   * FROM [SYS_OperatorDepartmentRelation]  WHERE [SYS_OperatorDepartmentRelation].[OperatorId] = @OperatorId307 	
Parameters:
@OperatorId307[Guid] = 0ad06755-9fde-4ddd-9dcb-448462155a03



#############################################################################

1、时间：2016-12-15 16:09:20,469
2、优先级别：DEBUG
3、线程ID：21
4、耗时：469287
5、行号：140
6、文件名：e:\Net_03.Personal\Net_Project.DosORM\Project\Dos.ORM\Dos.ORM.Common\Helpers\LogHelper.cs
7、详细信息：
Text:	 SELECT   * FROM [SYS_OperatorRoleRelation]  WHERE [SYS_OperatorRoleRelation].[OperatorId] = @OperatorId308 	
Parameters:
@OperatorId308[Guid] = 0ad06755-9fde-4ddd-9dcb-448462155a03



#############################################################################

1、时间：2016-12-15 16:09:20,473
2、优先级别：DEBUG
3、线程ID：21
4、耗时：469291
5、行号：140
6、文件名：e:\Net_03.Personal\Net_Project.DosORM\Project\Dos.ORM\Dos.ORM.Common\Helpers\LogHelper.cs
7、详细信息：
Text:	 SELECT   * FROM [SYS_OperatorPostRelation]  WHERE [SYS_OperatorPostRelation].[OperatorId] = @OperatorId309 	
Parameters:
@OperatorId309[Guid] = 0ad06755-9fde-4ddd-9dcb-448462155a03



#############################################################################

1、时间：2016-12-15 16:09:23,465
2、优先级别：DEBUG
3、线程ID：15
4、耗时：472282
5、行号：140
6、文件名：e:\Net_03.Personal\Net_Project.DosORM\Project\Dos.ORM\Dos.ORM.Common\Helpers\LogHelper.cs
7、详细信息：
Text:	 SELECT   TOP 1 * FROM [SYS_Operator]  WHERE [SYS_Operator].[OperatorId] = @OperatorId310 	
Parameters:
@OperatorId310[Guid] = 0ad06755-9fde-4ddd-9dcb-448462155a03



#############################################################################

1、时间：2016-12-15 16:09:23,735
2、优先级别：DEBUG
3、线程ID：6
4、耗时：472553
5、行号：140
6、文件名：e:\Net_03.Personal\Net_Project.DosORM\Project\Dos.ORM\Dos.ORM.Common\Helpers\LogHelper.cs
7、详细信息：
Text:	 SELECT   * FROM [CON_AreaCode]  WHERE [CON_AreaCode].[AreaLevel] = @AreaLevel311 	
Parameters:
@AreaLevel311[Int32] = 1



#############################################################################

1、时间：2016-12-15 16:09:23,905
2、优先级别：DEBUG
3、线程ID：12
4、耗时：472723
5、行号：140
6、文件名：e:\Net_03.Personal\Net_Project.DosORM\Project\Dos.ORM\Dos.ORM.Common\Helpers\LogHelper.cs
7、详细信息：
Text:	 SELECT   * FROM [CON_AreaCode]  WHERE ([CON_AreaCode].[AreaLevel] = @AreaLevel312) AND ([CON_AreaCode].[ParentAreaCode] = @ParentAreaCode313) 	
Parameters:
@AreaLevel312[Int32] = 2
@ParentAreaCode313[Int32] = 51



#############################################################################

1、时间：2016-12-15 16:09:23,916
2、优先级别：DEBUG
3、线程ID：17
4、耗时：472734
5、行号：140
6、文件名：e:\Net_03.Personal\Net_Project.DosORM\Project\Dos.ORM\Dos.ORM.Common\Helpers\LogHelper.cs
7、详细信息：
Text:	 SELECT   * FROM [CON_AreaCode]  WHERE ([CON_AreaCode].[AreaLevel] = @AreaLevel314) AND ([CON_AreaCode].[ParentAreaCode] = @ParentAreaCode315) 	
Parameters:
@AreaLevel314[Int32] = 4
@ParentAreaCode315[Int32] = 510623



#############################################################################

1、时间：2016-12-15 16:09:23,994
2、优先级别：DEBUG
3、线程ID：9
4、耗时：472812
5、行号：140
6、文件名：e:\Net_03.Personal\Net_Project.DosORM\Project\Dos.ORM\Dos.ORM.Common\Helpers\LogHelper.cs
7、详细信息：
Text:	 SELECT count(*) as r_cnt FROM [SYS_Department] WHERE (([SYS_Department].[Status] = @Status316) AND ([SYS_Department].[IsEnable] = @IsEnable317)) AND ([SYS_Department].[CompanyId] = @CompanyId318)	
Parameters:
@Status316[Int32] = 1
@IsEnable317[Int32] = 1
@CompanyId318[Guid] = 078736e6-0cc2-48dc-80f1-6330419b4af1



#############################################################################

1、时间：2016-12-15 16:09:23,996
2、优先级别：DEBUG
3、线程ID：9
4、耗时：472814
5、行号：140
6、文件名：e:\Net_03.Personal\Net_Project.DosORM\Project\Dos.ORM\Dos.ORM.Common\Helpers\LogHelper.cs
7、详细信息：
Text:	 SELECT   TOP 15 * FROM [SYS_Department]  WHERE (([SYS_Department].[Status] = @Status316) AND ([SYS_Department].[IsEnable] = @IsEnable317)) AND ([SYS_Department].[CompanyId] = @CompanyId318) ORDER BY [SYS_Department].[CrtTime] DESC 	
Parameters:
@Status316[Int32] = 1
@IsEnable317[Int32] = 1
@CompanyId318[Guid] = 078736e6-0cc2-48dc-80f1-6330419b4af1



#############################################################################

1、时间：2016-12-15 16:09:24,061
2、优先级别：DEBUG
3、线程ID：21
4、耗时：472879
5、行号：140
6、文件名：e:\Net_03.Personal\Net_Project.DosORM\Project\Dos.ORM\Dos.ORM.Common\Helpers\LogHelper.cs
7、详细信息：
Text:	 SELECT count(*) as r_cnt FROM [SYS_Role] WHERE (([SYS_Role].[Status] = @Status319) AND ([SYS_Role].[IsEnable] = @IsEnable320)) AND ([SYS_Role].[CompanyId] = @CompanyId321)	
Parameters:
@Status319[Int32] = 1
@IsEnable320[Int32] = 1
@CompanyId321[Guid] = 078736e6-0cc2-48dc-80f1-6330419b4af1



#############################################################################

1、时间：2016-12-15 16:09:24,064
2、优先级别：DEBUG
3、线程ID：21
4、耗时：472882
5、行号：140
6、文件名：e:\Net_03.Personal\Net_Project.DosORM\Project\Dos.ORM\Dos.ORM.Common\Helpers\LogHelper.cs
7、详细信息：
Text:	 SELECT   TOP 15 * FROM [SYS_Role]  WHERE (([SYS_Role].[Status] = @Status319) AND ([SYS_Role].[IsEnable] = @IsEnable320)) AND ([SYS_Role].[CompanyId] = @CompanyId321) ORDER BY [SYS_Role].[CrtTime] DESC 	
Parameters:
@Status319[Int32] = 1
@IsEnable320[Int32] = 1
@CompanyId321[Guid] = 078736e6-0cc2-48dc-80f1-6330419b4af1



#############################################################################

1、时间：2016-12-15 16:09:24,127
2、优先级别：DEBUG
3、线程ID：8
4、耗时：472945
5、行号：140
6、文件名：e:\Net_03.Personal\Net_Project.DosORM\Project\Dos.ORM\Dos.ORM.Common\Helpers\LogHelper.cs
7、详细信息：
Text:	 SELECT count(*) as r_cnt FROM [SYS_Post] WHERE (([SYS_Post].[Status] = @Status322) AND ([SYS_Post].[IsEnable] = @IsEnable323)) AND ([SYS_Post].[CompanyId] = @CompanyId324)	
Parameters:
@Status322[Int32] = 1
@IsEnable323[Int32] = 1
@CompanyId324[Guid] = 078736e6-0cc2-48dc-80f1-6330419b4af1



#############################################################################

1、时间：2016-12-15 16:09:24,130
2、优先级别：DEBUG
3、线程ID：8
4、耗时：472948
5、行号：140
6、文件名：e:\Net_03.Personal\Net_Project.DosORM\Project\Dos.ORM\Dos.ORM.Common\Helpers\LogHelper.cs
7、详细信息：
Text:	 SELECT   TOP 15 * FROM [SYS_Post]  WHERE (([SYS_Post].[Status] = @Status322) AND ([SYS_Post].[IsEnable] = @IsEnable323)) AND ([SYS_Post].[CompanyId] = @CompanyId324) ORDER BY [SYS_Post].[CrtTime] DESC 	
Parameters:
@Status322[Int32] = 1
@IsEnable323[Int32] = 1
@CompanyId324[Guid] = 078736e6-0cc2-48dc-80f1-6330419b4af1



#############################################################################

1、时间：2016-12-15 16:09:24,410
2、优先级别：DEBUG
3、线程ID：6
4、耗时：473228
5、行号：140
6、文件名：e:\Net_03.Personal\Net_Project.DosORM\Project\Dos.ORM\Dos.ORM.Common\Helpers\LogHelper.cs
7、详细信息：
Text:	 SELECT   * FROM [CON_AreaCode]  WHERE ([CON_AreaCode].[AreaLevel] = @AreaLevel325) AND ([CON_AreaCode].[ParentAreaCode] = @ParentAreaCode326) 	
Parameters:
@AreaLevel325[Int32] = 3
@ParentAreaCode326[Int32] = 5106



#############################################################################

1、时间：2016-12-15 16:09:24,630
2、优先级别：DEBUG
3、线程ID：11
4、耗时：473448
5、行号：140
6、文件名：e:\Net_03.Personal\Net_Project.DosORM\Project\Dos.ORM\Dos.ORM.Common\Helpers\LogHelper.cs
7、详细信息：
Text:	 SELECT   * FROM [SYS_OperatorDepartmentRelation]  WHERE [SYS_OperatorDepartmentRelation].[OperatorId] = @OperatorId327 	
Parameters:
@OperatorId327[Guid] = 0ad06755-9fde-4ddd-9dcb-448462155a03



#############################################################################

1、时间：2016-12-15 16:09:24,632
2、优先级别：DEBUG
3、线程ID：11
4、耗时：473450
5、行号：140
6、文件名：e:\Net_03.Personal\Net_Project.DosORM\Project\Dos.ORM\Dos.ORM.Common\Helpers\LogHelper.cs
7、详细信息：
Text:	 SELECT   * FROM [SYS_OperatorRoleRelation]  WHERE [SYS_OperatorRoleRelation].[OperatorId] = @OperatorId328 	
Parameters:
@OperatorId328[Guid] = 0ad06755-9fde-4ddd-9dcb-448462155a03



#############################################################################

1、时间：2016-12-15 16:09:24,634
2、优先级别：DEBUG
3、线程ID：11
4、耗时：473452
5、行号：140
6、文件名：e:\Net_03.Personal\Net_Project.DosORM\Project\Dos.ORM\Dos.ORM.Common\Helpers\LogHelper.cs
7、详细信息：
Text:	 SELECT   * FROM [SYS_OperatorPostRelation]  WHERE [SYS_OperatorPostRelation].[OperatorId] = @OperatorId329 	
Parameters:
@OperatorId329[Guid] = 0ad06755-9fde-4ddd-9dcb-448462155a03



#############################################################################

1、时间：2016-12-15 16:09:31,362
2、优先级别：DEBUG
3、线程ID：21
4、耗时：480180
5、行号：140
6、文件名：e:\Net_03.Personal\Net_Project.DosORM\Project\Dos.ORM\Dos.ORM.Common\Helpers\LogHelper.cs
7、详细信息：
Text:	 SELECT   TOP 1 [SYS_Operator].[OperatorId] FROM [SYS_Operator]  WHERE (([SYS_Operator].[OperatorId] <> @OperatorId330) AND ([SYS_Operator].[CompanyId] = @CompanyId331)) AND ([SYS_Operator].[Account] = @Account332) 	
Parameters:
@OperatorId330[Guid] = 0ad06755-9fde-4ddd-9dcb-448462155a03
@CompanyId331[Guid] = 078736e6-0cc2-48dc-80f1-6330419b4af1
@Account332[String] = quber



#############################################################################

1、时间：2016-12-15 16:09:31,500
2、优先级别：DEBUG
3、线程ID：21
4、耗时：480318
5、行号：140
6、文件名：e:\Net_03.Personal\Net_Project.DosORM\Project\Dos.ORM\Dos.ORM.Common\Helpers\LogHelper.cs
7、详细信息：
Text:	 SELECT   TOP 1 * FROM [SYS_Operator]  WHERE [SYS_Operator].[OperatorId] = @OperatorId333 	
Parameters:
@OperatorId333[Guid] = 0ad06755-9fde-4ddd-9dcb-448462155a03



#############################################################################

1、时间：2016-12-15 16:09:31,509
2、优先级别：DEBUG
3、线程ID：21
4、耗时：480327
5、行号：140
6、文件名：e:\Net_03.Personal\Net_Project.DosORM\Project\Dos.ORM\Dos.ORM.Common\Helpers\LogHelper.cs
7、详细信息：
Text:	UPDATE [SYS_Operator] SET [ModTime]=@ModTime335,[ModOptId]=@ModOptId336,[DtlInfo]=@DtlInfo337,[IsEnable]=@IsEnable338,[Address]=@Address339,[TownId]=@TownId340,[CountyId]=@CountyId341,[CityId]=@CityId342,[ProvinceId]=@ProvinceId343,[Email]=@Email344,[QQ]=@QQ345,[Tel]=@Tel346,[Mobile]=@Mobile347,[Microblog]=@Microblog348,[WeChat]=@WeChat349,[Realname]=@Realname350,[Nickname]=@Nickname351,[PhotoHeight]=@PhotoHeight352,[PhotoWidth]=@PhotoWidth353,[PhotoPath]=@PhotoPath354,[AccountType]=@AccountType355 WHERE [SYS_Operator].[OperatorId] = @OperatorId334	
Parameters:
@ModTime335[DateTime] = 2016/12/15 16:09:31
@ModOptId336[Guid] = 0ad06755-9fde-4ddd-9dcb-448462155a03
@DtlInfo337[String] = 
@IsEnable338[Int32] = 1
@Address339[String] = 成都市中和镇新下街104号
@TownId340[Int32] = 510623121
@CountyId341[Int32] = 510623
@CityId342[Int32] = 5106
@ProvinceId343[Int32] = 51
@Email344[String] = qubernet@163.com
@QQ345[String] = 
@Tel346[String] = 028-7777777
@Mobile347[String] = 13551369067
@Microblog348[String] = qubernet@sina.com
@WeChat349[String] = qubernet
@Realname350[String] = 秦波
@Nickname351[String] = Qubernet
@PhotoHeight352[Int32] = 201
@PhotoWidth353[Int32] = 201
@PhotoPath354[String] = /Content/Upload/Uploadify/Images/SysOperator/20160827/s_pl95frg9lya0hey1usx1.png
@AccountType355[Int32] = 2
@OperatorId334[Guid] = 0ad06755-9fde-4ddd-9dcb-448462155a03



#############################################################################

1、时间：2016-12-15 16:09:31,520
2、优先级别：DEBUG
3、线程ID：21
4、耗时：480338
5、行号：140
6、文件名：e:\Net_03.Personal\Net_Project.DosORM\Project\Dos.ORM\Dos.ORM.Common\Helpers\LogHelper.cs
7、详细信息：
Text:	DELETE FROM [SYS_OperatorDepartmentRelation] WHERE [SYS_OperatorDepartmentRelation].[OperatorId] = @OperatorId356	
Parameters:
@OperatorId356[Guid] = 0ad06755-9fde-4ddd-9dcb-448462155a03



#############################################################################

1、时间：2016-12-15 16:09:31,542
2、优先级别：DEBUG
3、线程ID：21
4、耗时：480360
5、行号：140
6、文件名：e:\Net_03.Personal\Net_Project.DosORM\Project\Dos.ORM\Dos.ORM.Common\Helpers\LogHelper.cs
7、详细信息：
Text:	DELETE FROM [SYS_OperatorRoleRelation] WHERE [SYS_OperatorRoleRelation].[OperatorId] = @OperatorId357	
Parameters:
@OperatorId357[Guid] = 0ad06755-9fde-4ddd-9dcb-448462155a03



#############################################################################

1、时间：2016-12-15 16:09:31,544
2、优先级别：DEBUG
3、线程ID：21
4、耗时：480362
5、行号：140
6、文件名：e:\Net_03.Personal\Net_Project.DosORM\Project\Dos.ORM\Dos.ORM.Common\Helpers\LogHelper.cs
7、详细信息：
Text:	INSERT INTO [SYS_OperatorRoleRelation] ([CrtOptId],[CrtTime],[OperatorId],[RoleId],[OrId]) VALUES (@CrtOptId358,@CrtTime359,@OperatorId360,@RoleId361,@OrId362)	
Parameters:
@CrtOptId358[Guid] = 0ad06755-9fde-4ddd-9dcb-448462155a03
@CrtTime359[DateTime] = 2016/12/15 16:09:31
@OperatorId360[Guid] = 0ad06755-9fde-4ddd-9dcb-448462155a03
@RoleId361[Guid] = ba0bbdcf-f1da-4997-860c-c52d9edd715f
@OrId362[Guid] = 83c8785c-dcb1-43c7-8f44-89c9be75fb1f



#############################################################################

1、时间：2016-12-15 16:09:31,545
2、优先级别：DEBUG
3、线程ID：21
4、耗时：480363
5、行号：140
6、文件名：e:\Net_03.Personal\Net_Project.DosORM\Project\Dos.ORM\Dos.ORM.Common\Helpers\LogHelper.cs
7、详细信息：
Text:	DELETE FROM [SYS_OperatorPostRelation] WHERE [SYS_OperatorPostRelation].[OperatorId] = @OperatorId363	
Parameters:
@OperatorId363[Guid] = 0ad06755-9fde-4ddd-9dcb-448462155a03



#############################################################################

1、时间：2016-12-15 16:09:31,546
2、优先级别：DEBUG
3、线程ID：21
4、耗时：480364
5、行号：140
6、文件名：e:\Net_03.Personal\Net_Project.DosORM\Project\Dos.ORM\Dos.ORM.Common\Helpers\LogHelper.cs
7、详细信息：
Text:	INSERT INTO [SYS_OperatorPostRelation] ([CrtOptId],[CrtTime],[OperatorId],[PostId],[OpId]) VALUES (@CrtOptId364,@CrtTime365,@OperatorId366,@PostId367,@OpId368)	
Parameters:
@CrtOptId364[Guid] = 0ad06755-9fde-4ddd-9dcb-448462155a03
@CrtTime365[DateTime] = 2016/12/15 16:09:31
@OperatorId366[Guid] = 0ad06755-9fde-4ddd-9dcb-448462155a03
@PostId367[Guid] = 1e9e5ebe-e96d-4fb8-8b2a-582fde36522b
@OpId368[Guid] = ed68199c-b930-402f-a9b9-ac80dae073c3



#############################################################################

1、时间：2016-12-15 16:09:31,547
2、优先级别：DEBUG
3、线程ID：21
4、耗时：480365
5、行号：140
6、文件名：e:\Net_03.Personal\Net_Project.DosORM\Project\Dos.ORM\Dos.ORM.Common\Helpers\LogHelper.cs
7、详细信息：
Text:	INSERT INTO [SYS_OperatorPostRelation] ([CrtOptId],[CrtTime],[OperatorId],[PostId],[OpId]) VALUES (@CrtOptId369,@CrtTime370,@OperatorId371,@PostId372,@OpId373)	
Parameters:
@CrtOptId369[Guid] = 0ad06755-9fde-4ddd-9dcb-448462155a03
@CrtTime370[DateTime] = 2016/12/15 16:09:31
@OperatorId371[Guid] = 0ad06755-9fde-4ddd-9dcb-448462155a03
@PostId372[Guid] = 0dd62ce6-431f-49d7-9c3c-9b9df36e5e1c
@OpId373[Guid] = cfe69b7e-7287-4ef5-8023-7603eeff687f



#############################################################################

1、时间：2016-12-15 16:09:31,559
2、优先级别：DEBUG
3、线程ID：21
4、耗时：480377
5、行号：140
6、文件名：e:\Net_03.Personal\Net_Project.DosORM\Project\Dos.ORM\Dos.ORM.Common\Helpers\LogHelper.cs
7、详细信息：
Text:	INSERT INTO [SYS_LogInfo] ([Desc],[OptResultName],[OptResultId],[OptTypeName],[OptTypeId],[OptModulePath],[OptModuleName],[Status],[Mac],[IP],[Browser],[OptSystem],[OptTime],[OptUserName],[OptUserId],[DataId],[CompanyId],[LogTypeName],[LogTypeId],[LogId]) VALUES (@Desc374,@OptResultName375,@OptResultId376,@OptTypeName377,@OptTypeId378,@OptModulePath379,@OptModuleName380,@Status381,@Mac382,@IP383,@Browser384,@OptSystem385,@OptTime386,@OptUserName387,@OptUserId388,@DataId389,@CompanyId390,@LogTypeName391,@LogTypeId392,@LogId393)	
Parameters:
@Desc374[String] = 数据保存成功！
@OptResultName375[String] = 操作成功
@OptResultId376[Int32] = 100
@OptTypeName377[String] = 修改
@OptTypeId378[Int32] = 1002
@OptModulePath379[String] = /MsSys/Operator/SaveData
@OptModuleName380[String] = 管理员管理
@Status381[Int32] = 1
@Mac382[String] = 40:8D:5C:30:F1:7D
@IP383[String] = 127.0.0.1
@Browser384[String] = Chrome 55.0
@OptSystem385[String] = Windows 10
@OptTime386[DateTime] = 2016/12/15 16:09:31
@OptUserName387[String] = 秦波
@OptUserId388[Guid] = 0ad06755-9fde-4ddd-9dcb-448462155a03
@DataId389[String] = 0ad06755-9fde-4ddd-9dcb-448462155a03
@CompanyId390[Guid] = 078736e6-0cc2-48dc-80f1-6330419b4af1
@LogTypeName391[String] = 数据操作
@LogTypeId392[Int32] = 101
@LogId393[Guid] = ac7e431e-9356-4a48-97ee-4c4e1ba1ff4c



#############################################################################

1、时间：2016-12-15 16:09:33,097
2、优先级别：DEBUG
3、线程ID：15
4、耗时：481915
5、行号：140
6、文件名：e:\Net_03.Personal\Net_Project.DosORM\Project\Dos.ORM\Dos.ORM.Common\Helpers\LogHelper.cs
7、详细信息：
Text:	 SELECT count(*) as r_cnt FROM [SYS_Operator] WHERE (([SYS_Operator].[Status] = @Status394) AND ([SYS_Operator].[Account] <> @Account395)) AND ([SYS_Operator].[CompanyId] = @CompanyId396)	
Parameters:
@Status394[Int32] = 1
@Account395[String] = admin
@CompanyId396[Guid] = 078736e6-0cc2-48dc-80f1-6330419b4af1



#############################################################################

1、时间：2016-12-15 16:09:33,102
2、优先级别：DEBUG
3、线程ID：15
4、耗时：481920
5、行号：140
6、文件名：e:\Net_03.Personal\Net_Project.DosORM\Project\Dos.ORM\Dos.ORM.Common\Helpers\LogHelper.cs
7、详细信息：
Text:	 SELECT   TOP 15 * FROM [SYS_Operator]  WHERE (([SYS_Operator].[Status] = @Status394) AND ([SYS_Operator].[Account] <> @Account395)) AND ([SYS_Operator].[CompanyId] = @CompanyId396) ORDER BY [SYS_Operator].[CrtTime] DESC 	
Parameters:
@Status394[Int32] = 1
@Account395[String] = admin
@CompanyId396[Guid] = 078736e6-0cc2-48dc-80f1-6330419b4af1



#############################################################################

1、时间：2016-12-15 16:09:33,142
2、优先级别：DEBUG
3、线程ID：15
4、耗时：481960
5、行号：140
6、文件名：e:\Net_03.Personal\Net_Project.DosORM\Project\Dos.ORM\Dos.ORM.Common\Helpers\LogHelper.cs
7、详细信息：
Text:	INSERT INTO [SYS_LogInfo] ([Desc],[OptResultName],[OptResultId],[OptTypeName],[OptTypeId],[OptModulePath],[OptModuleName],[Status],[Mac],[IP],[Browser],[OptSystem],[OptTime],[OptUserName],[OptUserId],[DataId],[CompanyId],[LogTypeName],[LogTypeId],[LogId]) VALUES (@Desc397,@OptResultName398,@OptResultId399,@OptTypeName400,@OptTypeId401,@OptModulePath402,@OptModuleName403,@Status404,@Mac405,@IP406,@Browser407,@OptSystem408,@OptTime409,@OptUserName410,@OptUserId411,@DataId412,@CompanyId413,@LogTypeName414,@LogTypeId415,@LogId416)	
Parameters:
@Desc397[String] = 数据查询成功！
@OptResultName398[String] = 操作成功
@OptResultId399[Int32] = 100
@OptTypeName400[String] = 查询
@OptTypeId401[Int32] = 1003
@OptModulePath402[String] = /MsSys/Operator/GetList
@OptModuleName403[String] = 管理员管理
@Status404[Int32] = 1
@Mac405[String] = 40:8D:5C:30:F1:7D
@IP406[String] = 127.0.0.1
@Browser407[String] = Chrome 55.0
@OptSystem408[String] = Windows 10
@OptTime409[DateTime] = 2016/12/15 16:09:33
@OptUserName410[String] = 秦波
@OptUserId411[Guid] = 0ad06755-9fde-4ddd-9dcb-448462155a03
@DataId412[String] = 
@CompanyId413[Guid] = 078736e6-0cc2-48dc-80f1-6330419b4af1
@LogTypeName414[String] = 数据操作
@LogTypeId415[Int32] = 101
@LogId416[Guid] = 0e99dace-5a34-471a-99a6-f60925c298be



#############################################################################

1、时间：2016-12-15 16:09:36,904
2、优先级别：DEBUG
3、线程ID：14
4、耗时：485722
5、行号：140
6、文件名：e:\Net_03.Personal\Net_Project.DosORM\Project\Dos.ORM\Dos.ORM.Common\Helpers\LogHelper.cs
7、详细信息：
Text:	 SELECT   TOP 1 * FROM [SYS_Operator]  WHERE [SYS_Operator].[OperatorId] = @OperatorId417 	
Parameters:
@OperatorId417[Guid] = 0ad06755-9fde-4ddd-9dcb-448462155a03



#############################################################################

1、时间：2016-12-15 16:09:37,145
2、优先级别：DEBUG
3、线程ID：24
4、耗时：485963
5、行号：140
6、文件名：e:\Net_03.Personal\Net_Project.DosORM\Project\Dos.ORM\Dos.ORM.Common\Helpers\LogHelper.cs
7、详细信息：
Text:	 SELECT   * FROM [CON_AreaCode]  WHERE [CON_AreaCode].[AreaLevel] = @AreaLevel418 	
Parameters:
@AreaLevel418[Int32] = 1



#############################################################################

1、时间：2016-12-15 16:09:37,294
2、优先级别：DEBUG
3、线程ID：20
4、耗时：486112
5、行号：140
6、文件名：e:\Net_03.Personal\Net_Project.DosORM\Project\Dos.ORM\Dos.ORM.Common\Helpers\LogHelper.cs
7、详细信息：
Text:	 SELECT   * FROM [CON_AreaCode]  WHERE ([CON_AreaCode].[AreaLevel] = @AreaLevel419) AND ([CON_AreaCode].[ParentAreaCode] = @ParentAreaCode420) 	
Parameters:
@AreaLevel419[Int32] = 2
@ParentAreaCode420[Int32] = 51



#############################################################################

1、时间：2016-12-15 16:09:37,307
2、优先级别：DEBUG
3、线程ID：15
4、耗时：486125
5、行号：140
6、文件名：e:\Net_03.Personal\Net_Project.DosORM\Project\Dos.ORM\Dos.ORM.Common\Helpers\LogHelper.cs
7、详细信息：
Text:	 SELECT   * FROM [CON_AreaCode]  WHERE ([CON_AreaCode].[AreaLevel] = @AreaLevel421) AND ([CON_AreaCode].[ParentAreaCode] = @ParentAreaCode422) 	
Parameters:
@AreaLevel421[Int32] = 4
@ParentAreaCode422[Int32] = 510623



#############################################################################

1、时间：2016-12-15 16:09:37,403
2、优先级别：DEBUG
3、线程ID：6
4、耗时：486221
5、行号：140
6、文件名：e:\Net_03.Personal\Net_Project.DosORM\Project\Dos.ORM\Dos.ORM.Common\Helpers\LogHelper.cs
7、详细信息：
Text:	 SELECT count(*) as r_cnt FROM [SYS_Department] WHERE (([SYS_Department].[Status] = @Status423) AND ([SYS_Department].[IsEnable] = @IsEnable424)) AND ([SYS_Department].[CompanyId] = @CompanyId425)	
Parameters:
@Status423[Int32] = 1
@IsEnable424[Int32] = 1
@CompanyId425[Guid] = 078736e6-0cc2-48dc-80f1-6330419b4af1



#############################################################################

1、时间：2016-12-15 16:09:37,406
2、优先级别：DEBUG
3、线程ID：6
4、耗时：486224
5、行号：140
6、文件名：e:\Net_03.Personal\Net_Project.DosORM\Project\Dos.ORM\Dos.ORM.Common\Helpers\LogHelper.cs
7、详细信息：
Text:	 SELECT   TOP 15 * FROM [SYS_Department]  WHERE (([SYS_Department].[Status] = @Status423) AND ([SYS_Department].[IsEnable] = @IsEnable424)) AND ([SYS_Department].[CompanyId] = @CompanyId425) ORDER BY [SYS_Department].[CrtTime] DESC 	
Parameters:
@Status423[Int32] = 1
@IsEnable424[Int32] = 1
@CompanyId425[Guid] = 078736e6-0cc2-48dc-80f1-6330419b4af1



#############################################################################

1、时间：2016-12-15 16:09:37,477
2、优先级别：DEBUG
3、线程ID：11
4、耗时：486295
5、行号：140
6、文件名：e:\Net_03.Personal\Net_Project.DosORM\Project\Dos.ORM\Dos.ORM.Common\Helpers\LogHelper.cs
7、详细信息：
Text:	 SELECT count(*) as r_cnt FROM [SYS_Role] WHERE (([SYS_Role].[Status] = @Status426) AND ([SYS_Role].[IsEnable] = @IsEnable427)) AND ([SYS_Role].[CompanyId] = @CompanyId428)	
Parameters:
@Status426[Int32] = 1
@IsEnable427[Int32] = 1
@CompanyId428[Guid] = 078736e6-0cc2-48dc-80f1-6330419b4af1



#############################################################################

1、时间：2016-12-15 16:09:37,521
2、优先级别：DEBUG
3、线程ID：11
4、耗时：486339
5、行号：140
6、文件名：e:\Net_03.Personal\Net_Project.DosORM\Project\Dos.ORM\Dos.ORM.Common\Helpers\LogHelper.cs
7、详细信息：
Text:	 SELECT   TOP 15 * FROM [SYS_Role]  WHERE (([SYS_Role].[Status] = @Status426) AND ([SYS_Role].[IsEnable] = @IsEnable427)) AND ([SYS_Role].[CompanyId] = @CompanyId428) ORDER BY [SYS_Role].[CrtTime] DESC 	
Parameters:
@Status426[Int32] = 1
@IsEnable427[Int32] = 1
@CompanyId428[Guid] = 078736e6-0cc2-48dc-80f1-6330419b4af1



#############################################################################

1、时间：2016-12-15 16:09:37,549
2、优先级别：DEBUG
3、线程ID：10
4、耗时：486367
5、行号：140
6、文件名：e:\Net_03.Personal\Net_Project.DosORM\Project\Dos.ORM\Dos.ORM.Common\Helpers\LogHelper.cs
7、详细信息：
Text:	 SELECT count(*) as r_cnt FROM [SYS_Post] WHERE (([SYS_Post].[Status] = @Status429) AND ([SYS_Post].[IsEnable] = @IsEnable430)) AND ([SYS_Post].[CompanyId] = @CompanyId431)	
Parameters:
@Status429[Int32] = 1
@IsEnable430[Int32] = 1
@CompanyId431[Guid] = 078736e6-0cc2-48dc-80f1-6330419b4af1



#############################################################################

1、时间：2016-12-15 16:09:37,554
2、优先级别：DEBUG
3、线程ID：10
4、耗时：486372
5、行号：140
6、文件名：e:\Net_03.Personal\Net_Project.DosORM\Project\Dos.ORM\Dos.ORM.Common\Helpers\LogHelper.cs
7、详细信息：
Text:	 SELECT   TOP 15 * FROM [SYS_Post]  WHERE (([SYS_Post].[Status] = @Status429) AND ([SYS_Post].[IsEnable] = @IsEnable430)) AND ([SYS_Post].[CompanyId] = @CompanyId431) ORDER BY [SYS_Post].[CrtTime] DESC 	
Parameters:
@Status429[Int32] = 1
@IsEnable430[Int32] = 1
@CompanyId431[Guid] = 078736e6-0cc2-48dc-80f1-6330419b4af1



#############################################################################

1、时间：2016-12-15 16:09:37,803
2、优先级别：DEBUG
3、线程ID：17
4、耗时：486621
5、行号：140
6、文件名：e:\Net_03.Personal\Net_Project.DosORM\Project\Dos.ORM\Dos.ORM.Common\Helpers\LogHelper.cs
7、详细信息：
Text:	 SELECT   * FROM [CON_AreaCode]  WHERE ([CON_AreaCode].[AreaLevel] = @AreaLevel432) AND ([CON_AreaCode].[ParentAreaCode] = @ParentAreaCode433) 	
Parameters:
@AreaLevel432[Int32] = 3
@ParentAreaCode433[Int32] = 5106



#############################################################################

1、时间：2016-12-15 16:09:38,053
2、优先级别：DEBUG
3、线程ID：8
4、耗时：486871
5、行号：140
6、文件名：e:\Net_03.Personal\Net_Project.DosORM\Project\Dos.ORM\Dos.ORM.Common\Helpers\LogHelper.cs
7、详细信息：
Text:	 SELECT   * FROM [SYS_OperatorDepartmentRelation]  WHERE [SYS_OperatorDepartmentRelation].[OperatorId] = @OperatorId434 	
Parameters:
@OperatorId434[Guid] = 0ad06755-9fde-4ddd-9dcb-448462155a03



#############################################################################

1、时间：2016-12-15 16:09:38,056
2、优先级别：DEBUG
3、线程ID：8
4、耗时：486874
5、行号：140
6、文件名：e:\Net_03.Personal\Net_Project.DosORM\Project\Dos.ORM\Dos.ORM.Common\Helpers\LogHelper.cs
7、详细信息：
Text:	 SELECT   * FROM [SYS_OperatorRoleRelation]  WHERE [SYS_OperatorRoleRelation].[OperatorId] = @OperatorId435 	
Parameters:
@OperatorId435[Guid] = 0ad06755-9fde-4ddd-9dcb-448462155a03



#############################################################################

1、时间：2016-12-15 16:09:38,059
2、优先级别：DEBUG
3、线程ID：8
4、耗时：486877
5、行号：140
6、文件名：e:\Net_03.Personal\Net_Project.DosORM\Project\Dos.ORM\Dos.ORM.Common\Helpers\LogHelper.cs
7、详细信息：
Text:	 SELECT   * FROM [SYS_OperatorPostRelation]  WHERE [SYS_OperatorPostRelation].[OperatorId] = @OperatorId436 	
Parameters:
@OperatorId436[Guid] = 0ad06755-9fde-4ddd-9dcb-448462155a03



#############################################################################

1、时间：2016-12-15 16:09:46,089
2、优先级别：DEBUG
3、线程ID：17
4、耗时：494907
5、行号：140
6、文件名：e:\Net_03.Personal\Net_Project.DosORM\Project\Dos.ORM\Dos.ORM.Common\Helpers\LogHelper.cs
7、详细信息：
Text:	 SELECT   TOP 1 * FROM [SYS_Operator]  WHERE [SYS_Operator].[OperatorId] = @OperatorId437 	
Parameters:
@OperatorId437[Guid] = 0ad06755-9fde-4ddd-9dcb-448462155a03



#############################################################################

1、时间：2016-12-15 16:09:46,311
2、优先级别：DEBUG
3、线程ID：5
4、耗时：495129
5、行号：140
6、文件名：e:\Net_03.Personal\Net_Project.DosORM\Project\Dos.ORM\Dos.ORM.Common\Helpers\LogHelper.cs
7、详细信息：
Text:	 SELECT   * FROM [CON_AreaCode]  WHERE [CON_AreaCode].[AreaLevel] = @AreaLevel438 	
Parameters:
@AreaLevel438[Int32] = 1



#############################################################################

1、时间：2016-12-15 16:09:46,427
2、优先级别：DEBUG
3、线程ID：12
4、耗时：495245
5、行号：140
6、文件名：e:\Net_03.Personal\Net_Project.DosORM\Project\Dos.ORM\Dos.ORM.Common\Helpers\LogHelper.cs
7、详细信息：
Text:	 SELECT   * FROM [CON_AreaCode]  WHERE ([CON_AreaCode].[AreaLevel] = @AreaLevel439) AND ([CON_AreaCode].[ParentAreaCode] = @ParentAreaCode440) 	
Parameters:
@AreaLevel439[Int32] = 2
@ParentAreaCode440[Int32] = 51



#############################################################################

1、时间：2016-12-15 16:09:46,440
2、优先级别：DEBUG
3、线程ID：7
4、耗时：495258
5、行号：140
6、文件名：e:\Net_03.Personal\Net_Project.DosORM\Project\Dos.ORM\Dos.ORM.Common\Helpers\LogHelper.cs
7、详细信息：
Text:	 SELECT   * FROM [CON_AreaCode]  WHERE ([CON_AreaCode].[AreaLevel] = @AreaLevel441) AND ([CON_AreaCode].[ParentAreaCode] = @ParentAreaCode442) 	
Parameters:
@AreaLevel441[Int32] = 4
@ParentAreaCode442[Int32] = 510623



#############################################################################

1、时间：2016-12-15 16:09:46,527
2、优先级别：DEBUG
3、线程ID：20
4、耗时：495345
5、行号：140
6、文件名：e:\Net_03.Personal\Net_Project.DosORM\Project\Dos.ORM\Dos.ORM.Common\Helpers\LogHelper.cs
7、详细信息：
Text:	 SELECT count(*) as r_cnt FROM [SYS_Department] WHERE (([SYS_Department].[Status] = @Status443) AND ([SYS_Department].[IsEnable] = @IsEnable444)) AND ([SYS_Department].[CompanyId] = @CompanyId445)	
Parameters:
@Status443[Int32] = 1
@IsEnable444[Int32] = 1
@CompanyId445[Guid] = 078736e6-0cc2-48dc-80f1-6330419b4af1



#############################################################################

1、时间：2016-12-15 16:09:46,529
2、优先级别：DEBUG
3、线程ID：20
4、耗时：495347
5、行号：140
6、文件名：e:\Net_03.Personal\Net_Project.DosORM\Project\Dos.ORM\Dos.ORM.Common\Helpers\LogHelper.cs
7、详细信息：
Text:	 SELECT   TOP 15 * FROM [SYS_Department]  WHERE (([SYS_Department].[Status] = @Status443) AND ([SYS_Department].[IsEnable] = @IsEnable444)) AND ([SYS_Department].[CompanyId] = @CompanyId445) ORDER BY [SYS_Department].[CrtTime] DESC 	
Parameters:
@Status443[Int32] = 1
@IsEnable444[Int32] = 1
@CompanyId445[Guid] = 078736e6-0cc2-48dc-80f1-6330419b4af1



#############################################################################

1、时间：2016-12-15 16:09:46,595
2、优先级别：DEBUG
3、线程ID：14
4、耗时：495413
5、行号：140
6、文件名：e:\Net_03.Personal\Net_Project.DosORM\Project\Dos.ORM\Dos.ORM.Common\Helpers\LogHelper.cs
7、详细信息：
Text:	 SELECT count(*) as r_cnt FROM [SYS_Role] WHERE (([SYS_Role].[Status] = @Status446) AND ([SYS_Role].[IsEnable] = @IsEnable447)) AND ([SYS_Role].[CompanyId] = @CompanyId448)	
Parameters:
@Status446[Int32] = 1
@IsEnable447[Int32] = 1
@CompanyId448[Guid] = 078736e6-0cc2-48dc-80f1-6330419b4af1



#############################################################################

1、时间：2016-12-15 16:09:46,597
2、优先级别：DEBUG
3、线程ID：14
4、耗时：495415
5、行号：140
6、文件名：e:\Net_03.Personal\Net_Project.DosORM\Project\Dos.ORM\Dos.ORM.Common\Helpers\LogHelper.cs
7、详细信息：
Text:	 SELECT   TOP 15 * FROM [SYS_Role]  WHERE (([SYS_Role].[Status] = @Status446) AND ([SYS_Role].[IsEnable] = @IsEnable447)) AND ([SYS_Role].[CompanyId] = @CompanyId448) ORDER BY [SYS_Role].[CrtTime] DESC 	
Parameters:
@Status446[Int32] = 1
@IsEnable447[Int32] = 1
@CompanyId448[Guid] = 078736e6-0cc2-48dc-80f1-6330419b4af1



#############################################################################

1、时间：2016-12-15 16:09:46,666
2、优先级别：DEBUG
3、线程ID：17
4、耗时：495484
5、行号：140
6、文件名：e:\Net_03.Personal\Net_Project.DosORM\Project\Dos.ORM\Dos.ORM.Common\Helpers\LogHelper.cs
7、详细信息：
Text:	 SELECT count(*) as r_cnt FROM [SYS_Post] WHERE (([SYS_Post].[Status] = @Status449) AND ([SYS_Post].[IsEnable] = @IsEnable450)) AND ([SYS_Post].[CompanyId] = @CompanyId451)	
Parameters:
@Status449[Int32] = 1
@IsEnable450[Int32] = 1
@CompanyId451[Guid] = 078736e6-0cc2-48dc-80f1-6330419b4af1



#############################################################################

1、时间：2016-12-15 16:09:46,667
2、优先级别：DEBUG
3、线程ID：17
4、耗时：495485
5、行号：140
6、文件名：e:\Net_03.Personal\Net_Project.DosORM\Project\Dos.ORM\Dos.ORM.Common\Helpers\LogHelper.cs
7、详细信息：
Text:	 SELECT   TOP 15 * FROM [SYS_Post]  WHERE (([SYS_Post].[Status] = @Status449) AND ([SYS_Post].[IsEnable] = @IsEnable450)) AND ([SYS_Post].[CompanyId] = @CompanyId451) ORDER BY [SYS_Post].[CrtTime] DESC 	
Parameters:
@Status449[Int32] = 1
@IsEnable450[Int32] = 1
@CompanyId451[Guid] = 078736e6-0cc2-48dc-80f1-6330419b4af1



#############################################################################

1、时间：2016-12-15 16:09:46,932
2、优先级别：DEBUG
3、线程ID：6
4、耗时：495750
5、行号：140
6、文件名：e:\Net_03.Personal\Net_Project.DosORM\Project\Dos.ORM\Dos.ORM.Common\Helpers\LogHelper.cs
7、详细信息：
Text:	 SELECT   * FROM [CON_AreaCode]  WHERE ([CON_AreaCode].[AreaLevel] = @AreaLevel452) AND ([CON_AreaCode].[ParentAreaCode] = @ParentAreaCode453) 	
Parameters:
@AreaLevel452[Int32] = 3
@ParentAreaCode453[Int32] = 5106



#############################################################################

1、时间：2016-12-15 16:09:47,169
2、优先级别：DEBUG
3、线程ID：15
4、耗时：495987
5、行号：140
6、文件名：e:\Net_03.Personal\Net_Project.DosORM\Project\Dos.ORM\Dos.ORM.Common\Helpers\LogHelper.cs
7、详细信息：
Text:	 SELECT   * FROM [SYS_OperatorDepartmentRelation]  WHERE [SYS_OperatorDepartmentRelation].[OperatorId] = @OperatorId454 	
Parameters:
@OperatorId454[Guid] = 0ad06755-9fde-4ddd-9dcb-448462155a03



#############################################################################

1、时间：2016-12-15 16:09:47,173
2、优先级别：DEBUG
3、线程ID：15
4、耗时：495991
5、行号：140
6、文件名：e:\Net_03.Personal\Net_Project.DosORM\Project\Dos.ORM\Dos.ORM.Common\Helpers\LogHelper.cs
7、详细信息：
Text:	 SELECT   * FROM [SYS_OperatorRoleRelation]  WHERE [SYS_OperatorRoleRelation].[OperatorId] = @OperatorId455 	
Parameters:
@OperatorId455[Guid] = 0ad06755-9fde-4ddd-9dcb-448462155a03



#############################################################################

1、时间：2016-12-15 16:09:47,176
2、优先级别：DEBUG
3、线程ID：15
4、耗时：495994
5、行号：140
6、文件名：e:\Net_03.Personal\Net_Project.DosORM\Project\Dos.ORM\Dos.ORM.Common\Helpers\LogHelper.cs
7、详细信息：
Text:	 SELECT   * FROM [SYS_OperatorPostRelation]  WHERE [SYS_OperatorPostRelation].[OperatorId] = @OperatorId456 	
Parameters:
@OperatorId456[Guid] = 0ad06755-9fde-4ddd-9dcb-448462155a03



#############################################################################

1、时间：2016-12-15 16:09:56,753
2、优先级别：DEBUG
3、线程ID：8
4、耗时：505571
5、行号：140
6、文件名：e:\Net_03.Personal\Net_Project.DosORM\Project\Dos.ORM\Dos.ORM.Common\Helpers\LogHelper.cs
7、详细信息：
Text:	 SELECT count(*) as r_cnt FROM [SYS_Module] WHERE [SYS_Module].[Status] = @Status457	
Parameters:
@Status457[Int32] = 1



#############################################################################

1、时间：2016-12-15 16:09:56,781
2、优先级别：DEBUG
3、线程ID：8
4、耗时：505599
5、行号：140
6、文件名：e:\Net_03.Personal\Net_Project.DosORM\Project\Dos.ORM\Dos.ORM.Common\Helpers\LogHelper.cs
7、详细信息：
Text:	 SELECT   TOP 1000 * FROM [SYS_Module]  WHERE [SYS_Module].[Status] = @Status457 ORDER BY [SYS_Module].[SortNo] ASC 	
Parameters:
@Status457[Int32] = 1



#############################################################################

1、时间：2016-12-15 16:09:56,831
2、优先级别：DEBUG
3、线程ID：8
4、耗时：505649
5、行号：140
6、文件名：e:\Net_03.Personal\Net_Project.DosORM\Project\Dos.ORM\Dos.ORM.Common\Helpers\LogHelper.cs
7、详细信息：
Text:	INSERT INTO [SYS_LogInfo] ([Desc],[OptResultName],[OptResultId],[OptTypeName],[OptTypeId],[OptModulePath],[OptModuleName],[Status],[Mac],[IP],[Browser],[OptSystem],[OptTime],[OptUserName],[OptUserId],[DataId],[CompanyId],[LogTypeName],[LogTypeId],[LogId]) VALUES (@Desc458,@OptResultName459,@OptResultId460,@OptTypeName461,@OptTypeId462,@OptModulePath463,@OptModuleName464,@Status465,@Mac466,@IP467,@Browser468,@OptSystem469,@OptTime470,@OptUserName471,@OptUserId472,@DataId473,@CompanyId474,@LogTypeName475,@LogTypeId476,@LogId477)	
Parameters:
@Desc458[String] = 数据查询成功！
@OptResultName459[String] = 操作成功
@OptResultId460[Int32] = 100
@OptTypeName461[String] = 查询
@OptTypeId462[Int32] = 1003
@OptModulePath463[String] = /MsSys/Module/GetList
@OptModuleName464[String] = 模块管理
@Status465[Int32] = 1
@Mac466[String] = 40:8D:5C:30:F1:7D
@IP467[String] = 127.0.0.1
@Browser468[String] = Chrome 55.0
@OptSystem469[String] = Windows 10
@OptTime470[DateTime] = 2016/12/15 16:09:56
@OptUserName471[String] = 秦波
@OptUserId472[Guid] = 0ad06755-9fde-4ddd-9dcb-448462155a03
@DataId473[String] = 
@CompanyId474[Guid] = 078736e6-0cc2-48dc-80f1-6330419b4af1
@LogTypeName475[String] = 数据操作
@LogTypeId476[Int32] = 101
@LogId477[Guid] = 41ff6b5d-5b4d-4199-9604-7ae91608ed55



#############################################################################

1、时间：2016-12-15 16:09:58,677
2、优先级别：DEBUG
3、线程ID：21
4、耗时：507495
5、行号：140
6、文件名：e:\Net_03.Personal\Net_Project.DosORM\Project\Dos.ORM\Dos.ORM.Common\Helpers\LogHelper.cs
7、详细信息：
Text:	 SELECT   TOP 1 * FROM [SYS_Module]  WHERE [SYS_Module].[ModuleId] = @ModuleId478 	
Parameters:
@ModuleId478[Guid] = 708f4654-8abf-4adb-8f55-2e3a57e216b6



#############################################################################

1、时间：2016-12-15 16:09:58,987
2、优先级别：DEBUG
3、线程ID：15
4、耗时：507805
5、行号：140
6、文件名：e:\Net_03.Personal\Net_Project.DosORM\Project\Dos.ORM\Dos.ORM.Common\Helpers\LogHelper.cs
7、详细信息：
Text:	 SELECT   * FROM [SYS_Module]  WHERE [SYS_Module].[Status] = @Status479 	
Parameters:
@Status479[Int32] = 1



#############################################################################

1、时间：2016-12-15 16:09:59,487
2、优先级别：DEBUG
3、线程ID：9
4、耗时：508305
5、行号：140
6、文件名：e:\Net_03.Personal\Net_Project.DosORM\Project\Dos.ORM\Dos.ORM.Common\Helpers\LogHelper.cs
7、详细信息：
Text:	 SELECT   * FROM [SYS_Button]  WHERE [SYS_Button].[Status] = @Status480 	
Parameters:
@Status480[Int32] = 1



#############################################################################

1、时间：2016-12-15 16:09:59,543
2、优先级别：DEBUG
3、线程ID：9
4、耗时：508361
5、行号：140
6、文件名：e:\Net_03.Personal\Net_Project.DosORM\Project\Dos.ORM\Dos.ORM.Common\Helpers\LogHelper.cs
7、详细信息：
Text:	 SELECT   * FROM [SYS_ModuleButtonRelation]  WHERE [SYS_ModuleButtonRelation].[ModuleId] = @ModuleId481 	
Parameters:
@ModuleId481[Guid] = 708f4654-8abf-4adb-8f55-2e3a57e216b6



#############################################################################

1、时间：2016-12-15 16:10:33,174
2、优先级别：DEBUG
3、线程ID：10
4、耗时：541992
5、行号：140
6、文件名：e:\Net_03.Personal\Net_Project.DosORM\Project\Dos.ORM\Dos.ORM.Common\Helpers\LogHelper.cs
7、详细信息：
Text:	 SELECT count(*) as r_cnt FROM [SYS_Module] WHERE [SYS_Module].[Status] = @Status482	
Parameters:
@Status482[Int32] = 1



#############################################################################

1、时间：2016-12-15 16:10:33,178
2、优先级别：DEBUG
3、线程ID：10
4、耗时：541996
5、行号：140
6、文件名：e:\Net_03.Personal\Net_Project.DosORM\Project\Dos.ORM\Dos.ORM.Common\Helpers\LogHelper.cs
7、详细信息：
Text:	 SELECT   TOP 1000 * FROM [SYS_Module]  WHERE [SYS_Module].[Status] = @Status482 ORDER BY [SYS_Module].[SortNo] ASC 	
Parameters:
@Status482[Int32] = 1



#############################################################################

1、时间：2016-12-15 16:10:33,209
2、优先级别：DEBUG
3、线程ID：10
4、耗时：542027
5、行号：140
6、文件名：e:\Net_03.Personal\Net_Project.DosORM\Project\Dos.ORM\Dos.ORM.Common\Helpers\LogHelper.cs
7、详细信息：
Text:	INSERT INTO [SYS_LogInfo] ([Desc],[OptResultName],[OptResultId],[OptTypeName],[OptTypeId],[OptModulePath],[OptModuleName],[Status],[Mac],[IP],[Browser],[OptSystem],[OptTime],[OptUserName],[OptUserId],[DataId],[CompanyId],[LogTypeName],[LogTypeId],[LogId]) VALUES (@Desc483,@OptResultName484,@OptResultId485,@OptTypeName486,@OptTypeId487,@OptModulePath488,@OptModuleName489,@Status490,@Mac491,@IP492,@Browser493,@OptSystem494,@OptTime495,@OptUserName496,@OptUserId497,@DataId498,@CompanyId499,@LogTypeName500,@LogTypeId501,@LogId502)	
Parameters:
@Desc483[String] = 数据查询成功！
@OptResultName484[String] = 操作成功
@OptResultId485[Int32] = 100
@OptTypeName486[String] = 查询
@OptTypeId487[Int32] = 1003
@OptModulePath488[String] = /MsSys/Module/GetList
@OptModuleName489[String] = 模块管理
@Status490[Int32] = 1
@Mac491[String] = 40:8D:5C:30:F1:7D
@IP492[String] = 127.0.0.1
@Browser493[String] = Chrome 55.0
@OptSystem494[String] = Windows 10
@OptTime495[DateTime] = 2016/12/15 16:10:33
@OptUserName496[String] = 秦波
@OptUserId497[Guid] = 0ad06755-9fde-4ddd-9dcb-448462155a03
@DataId498[String] = 
@CompanyId499[Guid] = 078736e6-0cc2-48dc-80f1-6330419b4af1
@LogTypeName500[String] = 数据操作
@LogTypeId501[Int32] = 101
@LogId502[Guid] = d9d70acf-816a-42bf-97de-59cb8961be9e



#############################################################################

1、时间：2016-12-15 16:10:36,004
2、优先级别：DEBUG
3、线程ID：5
4、耗时：544822
5、行号：140
6、文件名：e:\Net_03.Personal\Net_Project.DosORM\Project\Dos.ORM\Dos.ORM.Common\Helpers\LogHelper.cs
7、详细信息：
Text:	 SELECT count(*) as r_cnt FROM [SYS_Button] WHERE [SYS_Button].[Status] = @Status503	
Parameters:
@Status503[Int32] = 1



#############################################################################

1、时间：2016-12-15 16:10:36,015
2、优先级别：DEBUG
3、线程ID：5
4、耗时：544833
5、行号：140
6、文件名：e:\Net_03.Personal\Net_Project.DosORM\Project\Dos.ORM\Dos.ORM.Common\Helpers\LogHelper.cs
7、详细信息：
Text:	 SELECT   TOP 15 * FROM [SYS_Button]  WHERE [SYS_Button].[Status] = @Status503 ORDER BY [SYS_Button].[CrtTime] DESC 	
Parameters:
@Status503[Int32] = 1



#############################################################################

1、时间：2016-12-15 16:10:37,651
2、优先级别：DEBUG
3、线程ID：6
4、耗时：546469
5、行号：140
6、文件名：e:\Net_03.Personal\Net_Project.DosORM\Project\Dos.ORM\Dos.ORM.Common\Helpers\LogHelper.cs
7、详细信息：
Text:	 SELECT   TOP 1 * FROM [SYS_Button]  WHERE [SYS_Button].[ButtonId] = @ButtonId504 	
Parameters:
@ButtonId504[Guid] = c14b0652-1b54-488d-aaea-4c18c8e1390c



#############################################################################

1、时间：2016-12-15 16:10:50,261
2、优先级别：DEBUG
3、线程ID：17
4、耗时：559079
5、行号：140
6、文件名：e:\Net_03.Personal\Net_Project.DosORM\Project\Dos.ORM\Dos.ORM.Common\Helpers\LogHelper.cs
7、详细信息：
Text:	 SELECT count(*) as r_cnt FROM [SYS_LogInfo] WHERE ([SYS_LogInfo].[Status] = @Status505) AND ([SYS_LogInfo].[CompanyId] = @CompanyId506)	
Parameters:
@Status505[Int32] = 1
@CompanyId506[Guid] = 078736e6-0cc2-48dc-80f1-6330419b4af1



#############################################################################

1、时间：2016-12-15 16:10:50,328
2、优先级别：DEBUG
3、线程ID：17
4、耗时：559146
5、行号：140
6、文件名：e:\Net_03.Personal\Net_Project.DosORM\Project\Dos.ORM\Dos.ORM.Common\Helpers\LogHelper.cs
7、详细信息：
Text:	 SELECT   TOP 15 * FROM [SYS_LogInfo]  WHERE ([SYS_LogInfo].[Status] = @Status505) AND ([SYS_LogInfo].[CompanyId] = @CompanyId506) 	
Parameters:
@Status505[Int32] = 1
@CompanyId506[Guid] = 078736e6-0cc2-48dc-80f1-6330419b4af1



#############################################################################

1、时间：2016-12-15 16:10:55,262
2、优先级别：DEBUG
3、线程ID：7
4、耗时：564080
5、行号：140
6、文件名：e:\Net_03.Personal\Net_Project.DosORM\Project\Dos.ORM\Dos.ORM.Common\Helpers\LogHelper.cs
7、详细信息：
Text:	 SELECT count(*) as r_cnt FROM [SYS_LogInfo] WHERE ([SYS_LogInfo].[Status] = @Status507) AND ([SYS_LogInfo].[CompanyId] = @CompanyId508)	
Parameters:
@Status507[Int32] = 1
@CompanyId508[Guid] = 078736e6-0cc2-48dc-80f1-6330419b4af1



#############################################################################

1、时间：2016-12-15 16:10:55,270
2、优先级别：DEBUG
3、线程ID：7
4、耗时：564088
5、行号：140
6、文件名：e:\Net_03.Personal\Net_Project.DosORM\Project\Dos.ORM\Dos.ORM.Common\Helpers\LogHelper.cs
7、详细信息：
Text:	 SELECT   * FROM ( SELECT   *,row_number() over( ORDER BY [SYS_LogInfo].[LogId] ASC) AS tmp_rowid FROM [SYS_LogInfo]  WHERE ([SYS_LogInfo].[Status] = @Status507) AND ([SYS_LogInfo].[CompanyId] = @CompanyId508) ) AS tmp_table  WHERE tmp_rowid BETWEEN 16 AND 30 	
Parameters:
@Status507[Int32] = 1
@CompanyId508[Guid] = 078736e6-0cc2-48dc-80f1-6330419b4af1



#############################################################################

1、时间：2016-12-15 16:10:56,700
2、优先级别：DEBUG
3、线程ID：6
4、耗时：565518
5、行号：140
6、文件名：e:\Net_03.Personal\Net_Project.DosORM\Project\Dos.ORM\Dos.ORM.Common\Helpers\LogHelper.cs
7、详细信息：
Text:	 SELECT count(*) as r_cnt FROM [SYS_LogInfo] WHERE ([SYS_LogInfo].[Status] = @Status509) AND ([SYS_LogInfo].[CompanyId] = @CompanyId510)	
Parameters:
@Status509[Int32] = 1
@CompanyId510[Guid] = 078736e6-0cc2-48dc-80f1-6330419b4af1



#############################################################################

1、时间：2016-12-15 16:10:56,704
2、优先级别：DEBUG
3、线程ID：6
4、耗时：565522
5、行号：140
6、文件名：e:\Net_03.Personal\Net_Project.DosORM\Project\Dos.ORM\Dos.ORM.Common\Helpers\LogHelper.cs
7、详细信息：
Text:	 SELECT   * FROM ( SELECT   *,row_number() over( ORDER BY [SYS_LogInfo].[LogId] ASC) AS tmp_rowid FROM [SYS_LogInfo]  WHERE ([SYS_LogInfo].[Status] = @Status509) AND ([SYS_LogInfo].[CompanyId] = @CompanyId510) ) AS tmp_table  WHERE tmp_rowid BETWEEN 31 AND 45 	
Parameters:
@Status509[Int32] = 1
@CompanyId510[Guid] = 078736e6-0cc2-48dc-80f1-6330419b4af1


