
#############################################################################

1、时间：2016-11-02 11:09:18,004
2、优先级别：DEBUG
3、线程ID：9
4、耗时：243328
5、行号：140
6、文件名：e:\Net_03.Personal\Net_Project.DosORM\Project\Dos.ORM\Dos.ORM.Common\Helpers\LogHelper.cs
7、详细信息：
Text:	 SELECT   TOP 1 * FROM [SYS_Operator]  WHERE ([SYS_Operator].[Account] = @Account1) AND ([SYS_Operator].[Pwd] = @Pwd2) 	
Parameters:
@Account1[String] = quber
@Pwd2[String] = C1851CFE23E736DE



#############################################################################

1、时间：2016-11-02 11:09:18,411
2、优先级别：DEBUG
3、线程ID：9
4、耗时：243736
5、行号：140
6、文件名：e:\Net_03.Personal\Net_Project.DosORM\Project\Dos.ORM\Dos.ORM.Common\Helpers\LogHelper.cs
7、详细信息：
Text:	 SELECT   TOP 1 * FROM [SYS_Company]  WHERE [SYS_Company].[CompanyId] = @CompanyId3 	
Parameters:
@CompanyId3[Guid] = 078736e6-0cc2-48dc-80f1-6330419b4af1



#############################################################################

1、时间：2016-11-02 11:09:18,428
2、优先级别：DEBUG
3、线程ID：9
4、耗时：243753
5、行号：140
6、文件名：e:\Net_03.Personal\Net_Project.DosORM\Project\Dos.ORM\Dos.ORM.Common\Helpers\LogHelper.cs
7、详细信息：
Text:	
                SELECT * FROM dbo.SYS_Department a
                LEFT JOIN dbo.SYS_OperatorDepartmentRelation b ON a.DepartmentId=b.DepartmentId
                WHERE b.OperatorId='0ad06755-9fde-4ddd-9dcb-448462155a03';
            	



#############################################################################

1、时间：2016-11-02 11:09:18,440
2、优先级别：DEBUG
3、线程ID：9
4、耗时：243765
5、行号：140
6、文件名：e:\Net_03.Personal\Net_Project.DosORM\Project\Dos.ORM\Dos.ORM.Common\Helpers\LogHelper.cs
7、详细信息：
Text:	
                SELECT * FROM dbo.SYS_Role a
                LEFT JOIN dbo.SYS_OperatorRoleRelation b ON a.RoleId=b.RoleId
                WHERE b.OperatorId='0ad06755-9fde-4ddd-9dcb-448462155a03';
            	



#############################################################################

1、时间：2016-11-02 11:09:18,476
2、优先级别：DEBUG
3、线程ID：9
4、耗时：243801
5、行号：140
6、文件名：e:\Net_03.Personal\Net_Project.DosORM\Project\Dos.ORM\Dos.ORM.Common\Helpers\LogHelper.cs
7、详细信息：
Text:	 SELECT   * FROM [v_SYS_Module]  WHERE [v_SYS_Module].[IsEnable] = @IsEnable4 	
Parameters:
@IsEnable4[Int32] = 1



#############################################################################

1、时间：2016-11-02 11:09:18,499
2、优先级别：DEBUG
3、线程ID：9
4、耗时：243824
5、行号：140
6、文件名：e:\Net_03.Personal\Net_Project.DosORM\Project\Dos.ORM\Dos.ORM.Common\Helpers\LogHelper.cs
7、详细信息：
Text:	 SELECT   * FROM [v_SYS_Button]  WHERE  1=1  	



#############################################################################

1、时间：2016-11-02 11:09:18,685
2、优先级别：DEBUG
3、线程ID：9
4、耗时：244010
5、行号：140
6、文件名：e:\Net_03.Personal\Net_Project.DosORM\Project\Dos.ORM\Dos.ORM.Common\Helpers\LogHelper.cs
7、详细信息：
Text:	INSERT INTO [SYS_LogInfo] ([OptModuleName],[DataId],[Desc],[OptResultName],[OptResultId],[OptTypeName],[OptTypeId],[OptModulePath],[Status],[Mac],[IP],[Browser],[OptSystem],[OptTime],[OptUserName],[OptUserId],[CompanyId],[LogTypeName],[LogTypeId],[LogId]) VALUES (@OptModuleName5,@DataId6,@Desc7,@OptResultName8,@OptResultId9,@OptTypeName10,@OptTypeId11,@OptModulePath12,@Status13,@Mac14,@IP15,@Browser16,@OptSystem17,@OptTime18,@OptUserName19,@OptUserId20,@CompanyId21,@LogTypeName22,@LogTypeId23,@LogId24)	
Parameters:
@OptModuleName5[String] = 登录系统
@DataId6[String] = 
@Desc7[String] = 登录成功！
@OptResultName8[String] = 登录成功
@OptResultId9[Int32] = 300
@OptTypeName10[String] = 登录
@OptTypeId11[Int32] = 2001
@OptModulePath12[String] = /MsSys/Login/CheckLogin
@Status13[Int32] = 1
@Mac14[String] = 40:8D:5C:30:F1:7D
@IP15[String] = 127.0.0.1
@Browser16[String] = Chrome 54.0
@OptSystem17[String] = Windows 10
@OptTime18[DateTime] = 2016/11/2 11:09:18
@OptUserName19[String] = 秦波
@OptUserId20[Guid] = 0ad06755-9fde-4ddd-9dcb-448462155a03
@CompanyId21[Guid] = 078736e6-0cc2-48dc-80f1-6330419b4af1
@LogTypeName22[String] = 登录登出
@LogTypeId23[Int32] = 100
@LogId24[Guid] = f0ab6521-5019-4ac0-9115-e309affda97d



#############################################################################

1、时间：2016-11-02 11:09:21,750
2、优先级别：DEBUG
3、线程ID：10
4、耗时：247074
5、行号：140
6、文件名：e:\Net_03.Personal\Net_Project.DosORM\Project\Dos.ORM\Dos.ORM.Common\Helpers\LogHelper.cs
7、详细信息：
Text:	 SELECT   * FROM [SYS_Module]  WHERE (([SYS_Module].[Status] = @Status25) AND ([SYS_Module].[IsEnable] = @IsEnable26)) AND ([SYS_Module].[OperatePageType] = @OperatePageType27) 	
Parameters:
@Status25[Int32] = 1
@IsEnable26[Int32] = 1
@OperatePageType27[Int32] = 1



#############################################################################

1、时间：2016-11-02 11:09:29,371
2、优先级别：DEBUG
3、线程ID：18
4、耗时：254696
5、行号：140
6、文件名：e:\Net_03.Personal\Net_Project.DosORM\Project\Dos.ORM\Dos.ORM.Common\Helpers\LogHelper.cs
7、详细信息：
Text:	 SELECT count(*) as r_cnt FROM [SYS_Department] WHERE ([SYS_Department].[Status] = @Status28) AND ([SYS_Department].[CompanyId] = @CompanyId29)	
Parameters:
@Status28[Int32] = 1
@CompanyId29[Guid] = 078736e6-0cc2-48dc-80f1-6330419b4af1



#############################################################################

1、时间：2016-11-02 11:09:29,377
2、优先级别：DEBUG
3、线程ID：18
4、耗时：254702
5、行号：140
6、文件名：e:\Net_03.Personal\Net_Project.DosORM\Project\Dos.ORM\Dos.ORM.Common\Helpers\LogHelper.cs
7、详细信息：
Text:	 SELECT   TOP 15 * FROM [SYS_Department]  WHERE ([SYS_Department].[Status] = @Status28) AND ([SYS_Department].[CompanyId] = @CompanyId29) 	
Parameters:
@Status28[Int32] = 1
@CompanyId29[Guid] = 078736e6-0cc2-48dc-80f1-6330419b4af1



#############################################################################

1、时间：2016-11-02 11:09:29,397
2、优先级别：DEBUG
3、线程ID：18
4、耗时：254722
5、行号：140
6、文件名：e:\Net_03.Personal\Net_Project.DosORM\Project\Dos.ORM\Dos.ORM.Common\Helpers\LogHelper.cs
7、详细信息：
Text:	INSERT INTO [SYS_LogInfo] ([Desc],[OptResultName],[OptResultId],[OptTypeName],[OptTypeId],[OptModulePath],[OptModuleName],[Status],[Mac],[IP],[Browser],[OptSystem],[OptTime],[OptUserName],[OptUserId],[DataId],[CompanyId],[LogTypeName],[LogTypeId],[LogId]) VALUES (@Desc30,@OptResultName31,@OptResultId32,@OptTypeName33,@OptTypeId34,@OptModulePath35,@OptModuleName36,@Status37,@Mac38,@IP39,@Browser40,@OptSystem41,@OptTime42,@OptUserName43,@OptUserId44,@DataId45,@CompanyId46,@LogTypeName47,@LogTypeId48,@LogId49)	
Parameters:
@Desc30[String] = 数据查询成功！
@OptResultName31[String] = 操作成功
@OptResultId32[Int32] = 100
@OptTypeName33[String] = 查询
@OptTypeId34[Int32] = 1003
@OptModulePath35[String] = /MsSys/Department/GetList
@OptModuleName36[String] = 部门管理
@Status37[Int32] = 1
@Mac38[String] = 40:8D:5C:30:F1:7D
@IP39[String] = 127.0.0.1
@Browser40[String] = Chrome 54.0
@OptSystem41[String] = Windows 10
@OptTime42[DateTime] = 2016/11/2 11:09:29
@OptUserName43[String] = 秦波
@OptUserId44[Guid] = 0ad06755-9fde-4ddd-9dcb-448462155a03
@DataId45[String] = 
@CompanyId46[Guid] = 078736e6-0cc2-48dc-80f1-6330419b4af1
@LogTypeName47[String] = 数据操作
@LogTypeId48[Int32] = 101
@LogId49[Guid] = 05948471-3151-40ae-b036-4ab5df0a2bbd



#############################################################################

1、时间：2016-11-02 11:10:13,740
2、优先级别：DEBUG
3、线程ID：10
4、耗时：299065
5、行号：140
6、文件名：e:\Net_03.Personal\Net_Project.DosORM\Project\Dos.ORM\Dos.ORM.Common\Helpers\LogHelper.cs
7、详细信息：
Text:	 SELECT count(*) as r_cnt FROM [SYS_Department] WHERE ([SYS_Department].[Status] = @Status50) AND ([SYS_Department].[CompanyId] = @CompanyId51)	
Parameters:
@Status50[Int32] = 1
@CompanyId51[Guid] = 078736e6-0cc2-48dc-80f1-6330419b4af1



#############################################################################

1、时间：2016-11-02 11:10:13,744
2、优先级别：DEBUG
3、线程ID：10
4、耗时：299068
5、行号：140
6、文件名：e:\Net_03.Personal\Net_Project.DosORM\Project\Dos.ORM\Dos.ORM.Common\Helpers\LogHelper.cs
7、详细信息：
Text:	 SELECT   TOP 15 * FROM [SYS_Department]  WHERE ([SYS_Department].[Status] = @Status50) AND ([SYS_Department].[CompanyId] = @CompanyId51) 	
Parameters:
@Status50[Int32] = 1
@CompanyId51[Guid] = 078736e6-0cc2-48dc-80f1-6330419b4af1



#############################################################################

1、时间：2016-11-02 11:10:16,868
2、优先级别：DEBUG
3、线程ID：10
4、耗时：302192
5、行号：140
6、文件名：e:\Net_03.Personal\Net_Project.DosORM\Project\Dos.ORM\Dos.ORM.Common\Helpers\LogHelper.cs
7、详细信息：
Text:	INSERT INTO [SYS_LogInfo] ([Desc],[OptResultName],[OptResultId],[OptTypeName],[OptTypeId],[OptModulePath],[OptModuleName],[Status],[Mac],[IP],[Browser],[OptSystem],[OptTime],[OptUserName],[OptUserId],[DataId],[CompanyId],[LogTypeName],[LogTypeId],[LogId]) VALUES (@Desc52,@OptResultName53,@OptResultId54,@OptTypeName55,@OptTypeId56,@OptModulePath57,@OptModuleName58,@Status59,@Mac60,@IP61,@Browser62,@OptSystem63,@OptTime64,@OptUserName65,@OptUserId66,@DataId67,@CompanyId68,@LogTypeName69,@LogTypeId70,@LogId71)	
Parameters:
@Desc52[String] = 数据查询成功！
@OptResultName53[String] = 操作成功
@OptResultId54[Int32] = 100
@OptTypeName55[String] = 查询
@OptTypeId56[Int32] = 1003
@OptModulePath57[String] = /MsSys/Department/GetList
@OptModuleName58[String] = 部门管理
@Status59[Int32] = 1
@Mac60[String] = 40:8D:5C:30:F1:7D
@IP61[String] = 127.0.0.1
@Browser62[String] = Chrome 54.0
@OptSystem63[String] = Windows 10
@OptTime64[DateTime] = 2016/11/2 11:10:16
@OptUserName65[String] = 秦波
@OptUserId66[Guid] = 0ad06755-9fde-4ddd-9dcb-448462155a03
@DataId67[String] = 
@CompanyId68[Guid] = 078736e6-0cc2-48dc-80f1-6330419b4af1
@LogTypeName69[String] = 数据操作
@LogTypeId70[Int32] = 101
@LogId71[Guid] = 35660995-0232-47f2-9d85-673966ad6191



#############################################################################

1、时间：2016-11-02 11:10:30,780
2、优先级别：DEBUG
3、线程ID：7
4、耗时：316105
5、行号：140
6、文件名：e:\Net_03.Personal\Net_Project.DosORM\Project\Dos.ORM\Dos.ORM.Common\Helpers\LogHelper.cs
7、详细信息：
Text:	 SELECT count(*) as r_cnt FROM [SYS_Department] WHERE ([SYS_Department].[Status] = @Status72) AND ([SYS_Department].[CompanyId] = @CompanyId73)	
Parameters:
@Status72[Int32] = 1
@CompanyId73[Guid] = 078736e6-0cc2-48dc-80f1-6330419b4af1



#############################################################################

1、时间：2016-11-02 11:10:30,785
2、优先级别：DEBUG
3、线程ID：7
4、耗时：316110
5、行号：140
6、文件名：e:\Net_03.Personal\Net_Project.DosORM\Project\Dos.ORM\Dos.ORM.Common\Helpers\LogHelper.cs
7、详细信息：
Text:	 SELECT   TOP 15 * FROM [SYS_Department]  WHERE ([SYS_Department].[Status] = @Status72) AND ([SYS_Department].[CompanyId] = @CompanyId73) ORDER BY [SYS_Department].[DepartmentName] ASC 	
Parameters:
@Status72[Int32] = 1
@CompanyId73[Guid] = 078736e6-0cc2-48dc-80f1-6330419b4af1



#############################################################################

1、时间：2016-11-02 11:10:33,197
2、优先级别：DEBUG
3、线程ID：7
4、耗时：318521
5、行号：140
6、文件名：e:\Net_03.Personal\Net_Project.DosORM\Project\Dos.ORM\Dos.ORM.Common\Helpers\LogHelper.cs
7、详细信息：
Text:	INSERT INTO [SYS_LogInfo] ([Desc],[OptResultName],[OptResultId],[OptTypeName],[OptTypeId],[OptModulePath],[OptModuleName],[Status],[Mac],[IP],[Browser],[OptSystem],[OptTime],[OptUserName],[OptUserId],[DataId],[CompanyId],[LogTypeName],[LogTypeId],[LogId]) VALUES (@Desc74,@OptResultName75,@OptResultId76,@OptTypeName77,@OptTypeId78,@OptModulePath79,@OptModuleName80,@Status81,@Mac82,@IP83,@Browser84,@OptSystem85,@OptTime86,@OptUserName87,@OptUserId88,@DataId89,@CompanyId90,@LogTypeName91,@LogTypeId92,@LogId93)	
Parameters:
@Desc74[String] = 数据查询成功！
@OptResultName75[String] = 操作成功
@OptResultId76[Int32] = 100
@OptTypeName77[String] = 查询
@OptTypeId78[Int32] = 1003
@OptModulePath79[String] = /MsSys/Department/GetList
@OptModuleName80[String] = 部门管理
@Status81[Int32] = 1
@Mac82[String] = 40:8D:5C:30:F1:7D
@IP83[String] = 127.0.0.1
@Browser84[String] = Chrome 54.0
@OptSystem85[String] = Windows 10
@OptTime86[DateTime] = 2016/11/2 11:10:33
@OptUserName87[String] = 秦波
@OptUserId88[Guid] = 0ad06755-9fde-4ddd-9dcb-448462155a03
@DataId89[String] = 
@CompanyId90[Guid] = 078736e6-0cc2-48dc-80f1-6330419b4af1
@LogTypeName91[String] = 数据操作
@LogTypeId92[Int32] = 101
@LogId93[Guid] = 404239f9-1497-4a07-9c8a-b39628030f70


