
#############################################################################

1、时间：2016-10-10 11:35:59,279
2、优先级别：DEBUG
3、线程ID：9
4、耗时：13892
5、行号：140
6、文件名：f:\Net_Project.DosORM\Project\Dos.ORM\Dos.ORM.Common\Helpers\LogHelper.cs
7、详细信息：
Text:	 SELECT   TOP 1 * FROM [SYS_Operator]  WHERE ([SYS_Operator].[Account] = @Account_2) AND ([SYS_Operator].[Pwd] = @Pwd_3) 	
Parameters:
@Account_2[String] = quber
@Pwd_3[String] = C1851CFE23E736DE



#############################################################################

1、时间：2016-10-10 11:35:59,835
2、优先级别：DEBUG
3、线程ID：9
4、耗时：14448
5、行号：140
6、文件名：f:\Net_Project.DosORM\Project\Dos.ORM\Dos.ORM.Common\Helpers\LogHelper.cs
7、详细信息：
Text:	 SELECT   TOP 1 * FROM [SYS_Company]  WHERE [SYS_Company].[CompanyId] = @CompanyId_4 	
Parameters:
@CompanyId_4[Guid] = 078736e6-0cc2-48dc-80f1-6330419b4af1



#############################################################################

1、时间：2016-10-10 11:35:59,998
2、优先级别：DEBUG
3、线程ID：9
4、耗时：14611
5、行号：140
6、文件名：f:\Net_Project.DosORM\Project\Dos.ORM\Dos.ORM.Common\Helpers\LogHelper.cs
7、详细信息：
Text:	
                SELECT * FROM dbo.SYS_Department a
                LEFT JOIN dbo.SYS_OperatorDepartmentRelation b ON a.DepartmentId=b.DepartmentId
                WHERE b.OperatorId='0ad06755-9fde-4ddd-9dcb-448462155a03';
            	



#############################################################################

1、时间：2016-10-10 11:36:00,283
2、优先级别：DEBUG
3、线程ID：9
4、耗时：14896
5、行号：140
6、文件名：f:\Net_Project.DosORM\Project\Dos.ORM\Dos.ORM.Common\Helpers\LogHelper.cs
7、详细信息：
Text:	
                SELECT * FROM dbo.SYS_Role a
                LEFT JOIN dbo.SYS_OperatorRoleRelation b ON a.RoleId=b.RoleId
                WHERE b.OperatorId='0ad06755-9fde-4ddd-9dcb-448462155a03';
            	



#############################################################################

1、时间：2016-10-10 11:36:00,324
2、优先级别：DEBUG
3、线程ID：9
4、耗时：14937
5、行号：140
6、文件名：f:\Net_Project.DosORM\Project\Dos.ORM\Dos.ORM.Common\Helpers\LogHelper.cs
7、详细信息：
Text:	 SELECT   * FROM [v_SYS_Module]  WHERE  1=1  	



#############################################################################

1、时间：2016-10-10 11:36:00,461
2、优先级别：DEBUG
3、线程ID：9
4、耗时：15074
5、行号：140
6、文件名：f:\Net_Project.DosORM\Project\Dos.ORM\Dos.ORM.Common\Helpers\LogHelper.cs
7、详细信息：
Text:	 SELECT   * FROM [v_SYS_Button]  WHERE  1=1  	



#############################################################################

1、时间：2016-10-10 11:36:01,546
2、优先级别：DEBUG
3、线程ID：9
4、耗时：16159
5、行号：140
6、文件名：f:\Net_Project.DosORM\Project\Dos.ORM\Dos.ORM.Common\Helpers\LogHelper.cs
7、详细信息：
Text:	INSERT INTO [SYS_LogInfo] ([OptModuleName],[DataId],[Desc],[OptResultName],[OptResultId],[OptTypeName],[OptTypeId],[OptModulePath],[Status],[Mac],[IP],[Browser],[OptSystem],[OptTime],[OptUserName],[OptUserId],[CompanyId],[LogTypeName],[LogTypeId],[LogId]) VALUES (@OptModuleName0,@DataId1,@Desc2,@OptResultName3,@OptResultId4,@OptTypeName5,@OptTypeId6,@OptModulePath7,@Status8,@Mac9,@IP10,@Browser11,@OptSystem12,@OptTime13,@OptUserName14,@OptUserId15,@CompanyId16,@LogTypeName17,@LogTypeId18,@LogId19)	
Parameters:
@OptModuleName0[String] = 登录系统
@DataId1[String] = 
@Desc2[String] = 登录成功！
@OptResultName3[String] = 登录成功
@OptResultId4[Int32] = 300
@OptTypeName5[String] = 登录
@OptTypeId6[Int32] = 2001
@OptModulePath7[String] = /MsSys/Login/CheckLogin
@Status8[Int32] = 1
@Mac9[String] = 40:8D:5C:30:F1:7D
@IP10[String] = 192.168.0.200
@Browser11[String] = Chrome 53.0
@OptSystem12[String] = Windows 10
@OptTime13[DateTime] = 2016/10/10 11:36:01
@OptUserName14[String] = 秦波
@OptUserId15[Guid] = 0ad06755-9fde-4ddd-9dcb-448462155a03
@CompanyId16[Guid] = 078736e6-0cc2-48dc-80f1-6330419b4af1
@LogTypeName17[String] = 登录登出
@LogTypeId18[Int32] = 100
@LogId19[Guid] = 1379024d-6277-4c7e-b484-2ecf365c519e



#############################################################################

1、时间：2016-10-10 11:36:19,874
2、优先级别：DEBUG
3、线程ID：12
4、耗时：34488
5、行号：140
6、文件名：f:\Net_Project.DosORM\Project\Dos.ORM\Dos.ORM.Common\Helpers\LogHelper.cs
7、详细信息：
Text:	 SELECT   * FROM [SYS_Module]  WHERE ([SYS_Module].[Status] = @Status_5) AND ([SYS_Module].[OperatePageType] = @OperatePageType_6) 	
Parameters:
@Status_5[Int32] = 1
@OperatePageType_6[Int32] = 1



#############################################################################

1、时间：2016-10-10 11:36:33,658
2、优先级别：DEBUG
3、线程ID：13
4、耗时：48271
5、行号：140
6、文件名：f:\Net_Project.DosORM\Project\Dos.ORM\Dos.ORM.Common\Helpers\LogHelper.cs
7、详细信息：
Text:	 SELECT count(*) as r_cnt FROM [BUS_NewsType] WHERE ([BUS_NewsType].[Status] = @Status_7) AND ([BUS_NewsType].[CompanyId] = @CompanyId_8)	
Parameters:
@Status_7[Int32] = 1
@CompanyId_8[Guid] = 078736e6-0cc2-48dc-80f1-6330419b4af1



#############################################################################

1、时间：2016-10-10 11:36:33,689
2、优先级别：DEBUG
3、线程ID：13
4、耗时：48302
5、行号：140
6、文件名：f:\Net_Project.DosORM\Project\Dos.ORM\Dos.ORM.Common\Helpers\LogHelper.cs
7、详细信息：
Text:	 SELECT   TOP 15 * FROM [BUS_NewsType]  WHERE ([BUS_NewsType].[Status] = @Status_7) AND ([BUS_NewsType].[CompanyId] = @CompanyId_8) ORDER BY [BUS_NewsType].[CrtTime] DESC 	
Parameters:
@Status_7[Int32] = 1
@CompanyId_8[Guid] = 078736e6-0cc2-48dc-80f1-6330419b4af1



#############################################################################

1、时间：2016-10-10 11:36:33,752
2、优先级别：DEBUG
3、线程ID：13
4、耗时：48365
5、行号：140
6、文件名：f:\Net_Project.DosORM\Project\Dos.ORM\Dos.ORM.Common\Helpers\LogHelper.cs
7、详细信息：
Text:	INSERT INTO [SYS_LogInfo] ([Desc],[OptResultName],[OptResultId],[OptTypeName],[OptTypeId],[OptModulePath],[OptModuleName],[Status],[Mac],[IP],[Browser],[OptSystem],[OptTime],[OptUserName],[OptUserId],[DataId],[CompanyId],[LogTypeName],[LogTypeId],[LogId]) VALUES (@Desc0,@OptResultName1,@OptResultId2,@OptTypeName3,@OptTypeId4,@OptModulePath5,@OptModuleName6,@Status7,@Mac8,@IP9,@Browser10,@OptSystem11,@OptTime12,@OptUserName13,@OptUserId14,@DataId15,@CompanyId16,@LogTypeName17,@LogTypeId18,@LogId19)	
Parameters:
@Desc0[String] = 数据查询成功！
@OptResultName1[String] = 操作成功
@OptResultId2[Int32] = 100
@OptTypeName3[String] = 查询
@OptTypeId4[Int32] = 1003
@OptModulePath5[String] = /MsBus/NewsType/GetList
@OptModuleName6[String] = 新闻类别管理
@Status7[Int32] = 1
@Mac8[String] = 40:8D:5C:30:F1:7D
@IP9[String] = 192.168.0.200
@Browser10[String] = Chrome 53.0
@OptSystem11[String] = Windows 10
@OptTime12[DateTime] = 2016/10/10 11:36:33
@OptUserName13[String] = 秦波
@OptUserId14[Guid] = 0ad06755-9fde-4ddd-9dcb-448462155a03
@DataId15[String] = 
@CompanyId16[Guid] = 078736e6-0cc2-48dc-80f1-6330419b4af1
@LogTypeName17[String] = 数据操作
@LogTypeId18[Int32] = 101
@LogId19[Guid] = e80e748a-6bc4-4198-a060-ee315b0c7c69



#############################################################################

1、时间：2016-10-10 11:36:40,168
2、优先级别：DEBUG
3、线程ID：15
4、耗时：54781
5、行号：140
6、文件名：f:\Net_Project.DosORM\Project\Dos.ORM\Dos.ORM.Common\Helpers\LogHelper.cs
7、详细信息：
Text:	 SELECT   TOP 1 * FROM [BUS_NewsType]  WHERE [BUS_NewsType].[NewsTypeId] = @NewsTypeId_9 	
Parameters:
@NewsTypeId_9[Guid] = c6aa51d3-8a84-4769-8c14-df22febdd090


