
#############################################################################

1、时间：2016-11-01 16:50:06,628
2、优先级别：DEBUG
3、线程ID：7
4、耗时：14220
5、行号：140
6、文件名：e:\Net_03.Personal\Net_Project.DosORM\Project\Dos.ORM\Dos.ORM.Common\Helpers\LogHelper.cs
7、详细信息：
Text:	 SELECT   TOP 1 * FROM [SYS_Operator]  WHERE ([SYS_Operator].[Account] = @Account_2) AND ([SYS_Operator].[Pwd] = @Pwd_3) 	
Parameters:
@Account_2[String] = quber
@Pwd_3[String] = C1851CFE23E736DE



#############################################################################

1、时间：2016-11-01 16:50:06,801
2、优先级别：DEBUG
3、线程ID：7
4、耗时：14393
5、行号：140
6、文件名：e:\Net_03.Personal\Net_Project.DosORM\Project\Dos.ORM\Dos.ORM.Common\Helpers\LogHelper.cs
7、详细信息：
Text:	 SELECT   TOP 1 * FROM [SYS_Company]  WHERE [SYS_Company].[CompanyId] = @CompanyId_4 	
Parameters:
@CompanyId_4[Guid] = 078736e6-0cc2-48dc-80f1-6330419b4af1



#############################################################################

1、时间：2016-11-01 16:50:06,830
2、优先级别：DEBUG
3、线程ID：7
4、耗时：14422
5、行号：140
6、文件名：e:\Net_03.Personal\Net_Project.DosORM\Project\Dos.ORM\Dos.ORM.Common\Helpers\LogHelper.cs
7、详细信息：
Text:	
                SELECT * FROM dbo.SYS_Department a
                LEFT JOIN dbo.SYS_OperatorDepartmentRelation b ON a.DepartmentId=b.DepartmentId
                WHERE b.OperatorId='0ad06755-9fde-4ddd-9dcb-448462155a03';
            	



#############################################################################

1、时间：2016-11-01 16:50:06,898
2、优先级别：DEBUG
3、线程ID：7
4、耗时：14490
5、行号：140
6、文件名：e:\Net_03.Personal\Net_Project.DosORM\Project\Dos.ORM\Dos.ORM.Common\Helpers\LogHelper.cs
7、详细信息：
Text:	
                SELECT * FROM dbo.SYS_Role a
                LEFT JOIN dbo.SYS_OperatorRoleRelation b ON a.RoleId=b.RoleId
                WHERE b.OperatorId='0ad06755-9fde-4ddd-9dcb-448462155a03';
            	



#############################################################################

1、时间：2016-11-01 16:50:06,938
2、优先级别：DEBUG
3、线程ID：7
4、耗时：14530
5、行号：140
6、文件名：e:\Net_03.Personal\Net_Project.DosORM\Project\Dos.ORM\Dos.ORM.Common\Helpers\LogHelper.cs
7、详细信息：
Text:	 SELECT   * FROM [v_SYS_Module]  WHERE [v_SYS_Module].[IsEnable] = @IsEnable_5 	
Parameters:
@IsEnable_5[Int32] = 1



#############################################################################

1、时间：2016-11-01 16:50:06,964
2、优先级别：DEBUG
3、线程ID：7
4、耗时：14556
5、行号：140
6、文件名：e:\Net_03.Personal\Net_Project.DosORM\Project\Dos.ORM\Dos.ORM.Common\Helpers\LogHelper.cs
7、详细信息：
Text:	 SELECT   * FROM [v_SYS_Button]  WHERE  1=1  	



#############################################################################

1、时间：2016-11-01 16:50:07,892
2、优先级别：DEBUG
3、线程ID：7
4、耗时：15483
5、行号：140
6、文件名：e:\Net_03.Personal\Net_Project.DosORM\Project\Dos.ORM\Dos.ORM.Common\Helpers\LogHelper.cs
7、详细信息：
Text:	INSERT INTO [SYS_LogInfo] ([OptModuleName],[DataId],[Desc],[OptResultName],[OptResultId],[OptTypeName],[OptTypeId],[OptModulePath],[Status],[Mac],[IP],[Browser],[OptSystem],[OptTime],[OptUserName],[OptUserId],[CompanyId],[LogTypeName],[LogTypeId],[LogId]) VALUES (@OptModuleName0,@DataId1,@Desc2,@OptResultName3,@OptResultId4,@OptTypeName5,@OptTypeId6,@OptModulePath7,@Status8,@Mac9,@IP10,@Browser11,@OptSystem12,@OptTime13,@OptUserName14,@OptUserId15,@CompanyId16,@LogTypeName17,@LogTypeId18,@LogId19)	
Parameters:
@OptModuleName0[String] = 登录系统
@DataId1[String] = 
@Desc2[String] = 登录成功！
@OptResultName3[String] = 登录成功
@OptResultId4[Int32] = 300
@OptTypeName5[String] = 登录
@OptTypeId6[Int32] = 2001
@OptModulePath7[String] = /MsSys/Login/CheckLogin
@Status8[Int32] = 1
@Mac9[String] = 40:8D:5C:30:F1:7D
@IP10[String] = 127.0.0.1
@Browser11[String] = Chrome 54.0
@OptSystem12[String] = Windows 10
@OptTime13[DateTime] = 2016/11/1 16:50:07
@OptUserName14[String] = 秦波
@OptUserId15[Guid] = 0ad06755-9fde-4ddd-9dcb-448462155a03
@CompanyId16[Guid] = 078736e6-0cc2-48dc-80f1-6330419b4af1
@LogTypeName17[String] = 登录登出
@LogTypeId18[Int32] = 100
@LogId19[Guid] = 7f898d46-3cd6-4938-8f40-c88b4aa946d2



#############################################################################

1、时间：2016-11-01 16:50:11,788
2、优先级别：DEBUG
3、线程ID：5
4、耗时：19379
5、行号：140
6、文件名：e:\Net_03.Personal\Net_Project.DosORM\Project\Dos.ORM\Dos.ORM.Common\Helpers\LogHelper.cs
7、详细信息：
Text:	 SELECT   * FROM [SYS_Module]  WHERE (([SYS_Module].[Status] = @Status_6) AND ([SYS_Module].[IsEnable] = @IsEnable_7)) AND ([SYS_Module].[OperatePageType] = @OperatePageType_8) 	
Parameters:
@Status_6[Int32] = 1
@IsEnable_7[Int32] = 1
@OperatePageType_8[Int32] = 1



#############################################################################

1、时间：2016-11-01 16:50:22,751
2、优先级别：DEBUG
3、线程ID：7
4、耗时：30343
5、行号：140
6、文件名：e:\Net_03.Personal\Net_Project.DosORM\Project\Dos.ORM\Dos.ORM.Common\Helpers\LogHelper.cs
7、详细信息：
Text:	 SELECT   * FROM [BUS_NewsType]  WHERE (([BUS_NewsType].[Status] = @Status_9) AND ([BUS_NewsType].[IsEnable] = @IsEnable_10)) AND ([BUS_NewsType].[CompanyId] = @CompanyId_11) 	
Parameters:
@Status_9[Int32] = 1
@IsEnable_10[Int32] = 1
@CompanyId_11[Guid] = 078736e6-0cc2-48dc-80f1-6330419b4af1



#############################################################################

1、时间：2016-11-01 16:50:30,647
2、优先级别：DEBUG
3、线程ID：5
4、耗时：38238
5、行号：140
6、文件名：e:\Net_03.Personal\Net_Project.DosORM\Project\Dos.ORM\Dos.ORM.Common\Helpers\LogHelper.cs
7、详细信息：
Text:	 SELECT count(*) as r_cnt FROM [BUS_NewsInfo] INNER JOIN [BUS_NewsType|] ON ([BUS_NewsInfo].[NewsTypeId] = [BUS_NewsType].[NewsTypeId]) WHERE ([BUS_NewsInfo].[Status] = @Status_12) AND ([BUS_NewsInfo].[CompanyId] = @CompanyId_13)	
Parameters:
@Status_12[Int32] = 1
@CompanyId_13[Guid] = 078736e6-0cc2-48dc-80f1-6330419b4af1



#############################################################################

1、时间：2016-11-01 16:50:31,111
2、优先级别：DEBUG
3、线程ID：5
4、耗时：38702
5、行号：140
6、文件名：e:\Net_03.Personal\Net_Project.DosORM\Project\Dos.ORM\Dos.ORM.Common\Helpers\LogHelper.cs
7、详细信息：
Text:	INSERT INTO [SYS_LogInfo] ([Status],[Desc],[Mac],[IP],[Browser],[OptSystem],[OptResultName],[OptResultId],[OptModulePath],[OptModuleName],[OptTime],[OptUserName],[OptUserId],[CompanyId],[LogTypeName],[LogTypeId],[LogId]) VALUES (@Status0,@Desc1,@Mac2,@IP3,@Browser4,@OptSystem5,@OptResultName6,@OptResultId7,@OptModulePath8,@OptModuleName9,@OptTime10,@OptUserName11,@OptUserId12,@CompanyId13,@LogTypeName14,@LogTypeId15,@LogId16)	
Parameters:
@Status0[Int32] = 1
@Desc1[String] = 对象名&nbsp;'BUS_NewsType|'&nbsp;无效。<br/>&nbsp;&nbsp;&nbsp;在&nbsp;System.Data.SqlClient.SqlConnection.OnError(SqlException&nbsp;exception,&nbsp;Boolean&nbsp;breakConnection,&nbsp;Action`1&nbsp;wrapCloseInAction)<br/>&nbsp;&nbsp;&nbsp;在&nbsp;System.Data.SqlClient.TdsParser.ThrowExceptionAndWarning(TdsParserStateObject&nbsp;stateObj,&nbsp;Boolean&nbsp;callerHasConnectionLock,&nbsp;Boolean&nbsp;asyncClose)<br/>&nbsp;&nbsp;&nbsp;在&nbsp;System.Data.SqlClient.TdsParser.TryRun(RunBehavior&nbsp;runBehavior,&nbsp;SqlCommand&nbsp;cmdHandler,&nbsp;SqlDataReader&nbsp;dataStream,&nbsp;BulkCopySimpleResultSet&nbsp;bulkCopyHandler,&nbsp;TdsParserStateObject&nbsp;stateObj,&nbsp;Boolean&&nbsp;dataReady)<br/>&nbsp;&nbsp;&nbsp;在&nbsp;System.Data.SqlClient.SqlDataReader.TryConsumeMetaData()<br/>&nbsp;&nbsp;&nbsp;在&nbsp;System.Data.SqlClient.SqlDataReader.get_MetaData()<br/>&nbsp;&nbsp;&nbsp;在&nbsp;System.Data.SqlClient.SqlCommand.FinishExecuteReader(SqlDataReader&nbsp;ds,&nbsp;RunBehavior&nbsp;runBehavior,&nbsp;String&nbsp;resetOptionsString)<br/>&nbsp;&nbsp;&nbsp;在&nbsp;System.Data.SqlClient.SqlCommand.RunExecuteReaderTds(CommandBehavior&nbsp;cmdBehavior,&nbsp;RunBehavior&nbsp;runBehavior,&nbsp;Boolean&nbsp;returnStream,&nbsp;Boolean&nbsp;async,&nbsp;Int32&nbsp;timeout,&nbsp;Task&&nbsp;task,&nbsp;Boolean&nbsp;asyncWrite,&nbsp;SqlDataReader&nbsp;ds,&nbsp;Boolean&nbsp;describeParameterEncryptionRequest)<br/>&nbsp;&nbsp;&nbsp;在&nbsp;System.Data.SqlClient.SqlCommand.RunExecuteReader(CommandBehavior&nbsp;cmdBehavior,&nbsp;RunBehavior&nbsp;runBehavior,&nbsp;Boolean&nbsp;returnStream,&nbsp;String&nbsp;method,&nbsp;TaskCompletionSource`1&nbsp;completion,&nbsp;Int32&nbsp;timeout,&nbsp;Task&&nbsp;task,&nbsp;Boolean&nbsp;asyncWrite)<br/>&nbsp;&nbsp;&nbsp;在&nbsp;System.Data.SqlClient.SqlCommand.RunExecuteReader(CommandBehavior&nbsp;cmdBehavior,&nbsp;RunBehavior&nbsp;runBehavior,&nbsp;Boolean&nbsp;returnStream,&nbsp;String&nbsp;method)<br/>&nbsp;&nbsp;&nbsp;在&nbsp;System.Data.SqlClient.SqlCommand.ExecuteScalar()<br/>&nbsp;&nbsp;&nbsp;在&nbsp;Dos.ORM.Database.DoExecuteScalar(DbCommand&nbsp;command)<br/>&nbsp;&nbsp;&nbsp;在&nbsp;Dos.ORM.Database.ExecuteScalar(DbCommand&nbsp;command)<br/>&nbsp;&nbsp;&nbsp;在&nbsp;Dos.ORM.FromSection.Count(FromSection&nbsp;from)<br/>&nbsp;&nbsp;&nbsp;在&nbsp;Dos.ORM.FromSection.Count()<br/>&nbsp;&nbsp;&nbsp;在&nbsp;Dos.ORM.Data.Business.BUS_NewsInfoData.GetList(DgConModel&nbsp;dgCon,&nbsp;Expression`1&nbsp;whereLambda)&nbsp;位置&nbsp;e:\Net_03.Personal\Net_Project.DosORM\Project\Dos.ORM\Dos.ORM.Data\Business\BUS_NewsInfoData.cs:行号&nbsp;44<br/>&nbsp;&nbsp;&nbsp;在&nbsp;Dos.ORM.Web.Areas.MsBus.Controllers.NewsInfoController.GetList(DgConModel&nbsp;dgCon)&nbsp;位置&nbsp;e:\Net_03.Personal\Net_Project.DosORM\Project\Dos.ORM\Dos.ORM.Web\Areas\MsBus\Controllers\NewsInfoController.cs:行号&nbsp;62<br/>&nbsp;&nbsp;&nbsp;在&nbsp;lambda_method(Closure&nbsp;,&nbsp;ControllerBase&nbsp;,&nbsp;Object[]&nbsp;)<br/>&nbsp;&nbsp;&nbsp;在&nbsp;System.Web.Mvc.ReflectedActionDescriptor.Execute(ControllerContext&nbsp;controllerContext,&nbsp;IDictionary`2&nbsp;parameters)<br/>&nbsp;&nbsp;&nbsp;在&nbsp;System.Web.Mvc.ControllerActionInvoker.InvokeActionMethod(ControllerContext&nbsp;controllerContext,&nbsp;ActionDescriptor&nbsp;actionDescriptor,&nbsp;IDictionary`2&nbsp;parameters)<br/>&nbsp;&nbsp;&nbsp;在&nbsp;System.Web.Mvc.Async.AsyncControllerActionInvoker.<BeginInvokeSynchronousActionMethod>b__39(IAsyncResult&nbsp;asyncResult,&nbsp;ActionInvocation&nbsp;innerInvokeState)<br/>&nbsp;&nbsp;&nbsp;在&nbsp;System.Web.Mvc.Async.AsyncResultWrapper.WrappedAsyncResult`2.CallEndDelegate(IAsyncResult&nbsp;asyncResult)<br/>&nbsp;&nbsp;&nbsp;在&nbsp;System.Web.Mvc.Async.AsyncControllerActionInvoker.EndInvokeActionMethod(IAsyncResult&nbsp;asyncResult)<br/>&nbsp;&nbsp;&nbsp;在&nbsp;System.Web.Mvc.Async.AsyncControllerActionInvoker.AsyncInvocationWithFilters.<InvokeActionMethodFilterAsynchronouslyRecursive>b__3d()<br/>&nbsp;&nbsp;&nbsp;在&nbsp;System.Web.Mvc.Async.AsyncControllerActionInvoker.AsyncInvocationWithFilters.<>c__DisplayClass46.<InvokeActionMethodFilterAsynchronouslyRecursive>b__3f()<br/>&nbsp;&nbsp;&nbsp;在&nbsp;System.Web.Mvc.Async.AsyncControllerActionInvoker.AsyncInvocationWithFilters.<>c__DisplayClass46.<InvokeActionMethodFilterAsynchronouslyRecursive>b__3f()<br/>&nbsp;&nbsp;&nbsp;在&nbsp;System.Web.Mvc.Async.AsyncControllerActionInvoker.AsyncInvocationWithFilters.<>c__DisplayClass46.<InvokeActionMethodFilterAsynchronouslyRecursive>b__3f()<br/>&nbsp;&nbsp;&nbsp;在&nbsp;System.Web.Mvc.Async.AsyncControllerActionInvoker.EndInvokeActionMethodWithFilters(IAsyncResult&nbsp;asyncResult)<br/>&nbsp;&nbsp;&nbsp;在&nbsp;System.Web.Mvc.Async.AsyncControllerActionInvoker.<>c__DisplayClass21.<>c__DisplayClass2b.<BeginInvokeAction>b__1c()<br/>&nbsp;&nbsp;&nbsp;在&nbsp;System.Web.Mvc.Async.AsyncControllerActionInvoker.<>c__DisplayClass21.<BeginInvokeAction>b__1e(IAsyncResult&nbsp;asyncResult)
@Mac2[String] = 40:8D:5C:30:F1:7D
@IP3[String] = 127.0.0.1
@Browser4[String] = Chrome 54.0
@OptSystem5[String] = Windows 10
@OptResultName6[String] = 操作异常
@OptResultId7[Int32] = 140
@OptModulePath8[String] = /MsBus/NewsInfo/GetList
@OptModuleName9[String] = 新闻信息管理
@OptTime10[DateTime] = 2016/11/1 16:50:31
@OptUserName11[String] = 秦波
@OptUserId12[Guid] = 0ad06755-9fde-4ddd-9dcb-448462155a03
@CompanyId13[Guid] = 078736e6-0cc2-48dc-80f1-6330419b4af1
@LogTypeName14[String] = 异常错误
@LogTypeId15[Int32] = 102
@LogId16[Guid] = fd6aefd6-dd60-4f11-b7b0-20cdeadaabc8



#############################################################################

1、时间：2016-11-01 16:50:43,677
2、优先级别：DEBUG
3、线程ID：8
4、耗时：51268
5、行号：140
6、文件名：e:\Net_03.Personal\Net_Project.DosORM\Project\Dos.ORM\Dos.ORM.Common\Helpers\LogHelper.cs
7、详细信息：
Text:	 SELECT   * FROM [BUS_NewsType]  WHERE (([BUS_NewsType].[Status] = @Status_14) AND ([BUS_NewsType].[IsEnable] = @IsEnable_15)) AND ([BUS_NewsType].[CompanyId] = @CompanyId_16) 	
Parameters:
@Status_14[Int32] = 1
@IsEnable_15[Int32] = 1
@CompanyId_16[Guid] = 078736e6-0cc2-48dc-80f1-6330419b4af1



#############################################################################

1、时间：2016-11-01 16:54:47,496
2、优先级别：DEBUG
3、线程ID：5
4、耗时：295088
5、行号：140
6、文件名：e:\Net_03.Personal\Net_Project.DosORM\Project\Dos.ORM\Dos.ORM.Common\Helpers\LogHelper.cs
7、详细信息：
Text:	 SELECT count(*) as r_cnt FROM [BUS_NewsInfo] INNER JOIN [BUS_NewsType|] ON ([BUS_NewsInfo].[NewsTypeId] = [BUS_NewsType].[NewsTypeId]) WHERE ([BUS_NewsInfo].[Status] = @Status_17) AND ([BUS_NewsInfo].[CompanyId] = @CompanyId_18)	
Parameters:
@Status_17[Int32] = 1
@CompanyId_18[Guid] = 078736e6-0cc2-48dc-80f1-6330419b4af1



#############################################################################

1、时间：2016-11-01 16:54:47,511
2、优先级别：DEBUG
3、线程ID：5
4、耗时：295103
5、行号：140
6、文件名：e:\Net_03.Personal\Net_Project.DosORM\Project\Dos.ORM\Dos.ORM.Common\Helpers\LogHelper.cs
7、详细信息：
Text:	INSERT INTO [SYS_LogInfo] ([Status],[Desc],[Mac],[IP],[Browser],[OptSystem],[OptResultName],[OptResultId],[OptModulePath],[OptModuleName],[OptTime],[OptUserName],[OptUserId],[CompanyId],[LogTypeName],[LogTypeId],[LogId]) VALUES (@Status0,@Desc1,@Mac2,@IP3,@Browser4,@OptSystem5,@OptResultName6,@OptResultId7,@OptModulePath8,@OptModuleName9,@OptTime10,@OptUserName11,@OptUserId12,@CompanyId13,@LogTypeName14,@LogTypeId15,@LogId16)	
Parameters:
@Status0[Int32] = 1
@Desc1[String] = 对象名&nbsp;'BUS_NewsType|'&nbsp;无效。<br/>&nbsp;&nbsp;&nbsp;在&nbsp;System.Data.SqlClient.SqlConnection.OnError(SqlException&nbsp;exception,&nbsp;Boolean&nbsp;breakConnection,&nbsp;Action`1&nbsp;wrapCloseInAction)<br/>&nbsp;&nbsp;&nbsp;在&nbsp;System.Data.SqlClient.TdsParser.ThrowExceptionAndWarning(TdsParserStateObject&nbsp;stateObj,&nbsp;Boolean&nbsp;callerHasConnectionLock,&nbsp;Boolean&nbsp;asyncClose)<br/>&nbsp;&nbsp;&nbsp;在&nbsp;System.Data.SqlClient.TdsParser.TryRun(RunBehavior&nbsp;runBehavior,&nbsp;SqlCommand&nbsp;cmdHandler,&nbsp;SqlDataReader&nbsp;dataStream,&nbsp;BulkCopySimpleResultSet&nbsp;bulkCopyHandler,&nbsp;TdsParserStateObject&nbsp;stateObj,&nbsp;Boolean&&nbsp;dataReady)<br/>&nbsp;&nbsp;&nbsp;在&nbsp;System.Data.SqlClient.SqlDataReader.TryConsumeMetaData()<br/>&nbsp;&nbsp;&nbsp;在&nbsp;System.Data.SqlClient.SqlDataReader.get_MetaData()<br/>&nbsp;&nbsp;&nbsp;在&nbsp;System.Data.SqlClient.SqlCommand.FinishExecuteReader(SqlDataReader&nbsp;ds,&nbsp;RunBehavior&nbsp;runBehavior,&nbsp;String&nbsp;resetOptionsString)<br/>&nbsp;&nbsp;&nbsp;在&nbsp;System.Data.SqlClient.SqlCommand.RunExecuteReaderTds(CommandBehavior&nbsp;cmdBehavior,&nbsp;RunBehavior&nbsp;runBehavior,&nbsp;Boolean&nbsp;returnStream,&nbsp;Boolean&nbsp;async,&nbsp;Int32&nbsp;timeout,&nbsp;Task&&nbsp;task,&nbsp;Boolean&nbsp;asyncWrite,&nbsp;SqlDataReader&nbsp;ds,&nbsp;Boolean&nbsp;describeParameterEncryptionRequest)<br/>&nbsp;&nbsp;&nbsp;在&nbsp;System.Data.SqlClient.SqlCommand.RunExecuteReader(CommandBehavior&nbsp;cmdBehavior,&nbsp;RunBehavior&nbsp;runBehavior,&nbsp;Boolean&nbsp;returnStream,&nbsp;String&nbsp;method,&nbsp;TaskCompletionSource`1&nbsp;completion,&nbsp;Int32&nbsp;timeout,&nbsp;Task&&nbsp;task,&nbsp;Boolean&nbsp;asyncWrite)<br/>&nbsp;&nbsp;&nbsp;在&nbsp;System.Data.SqlClient.SqlCommand.RunExecuteReader(CommandBehavior&nbsp;cmdBehavior,&nbsp;RunBehavior&nbsp;runBehavior,&nbsp;Boolean&nbsp;returnStream,&nbsp;String&nbsp;method)<br/>&nbsp;&nbsp;&nbsp;在&nbsp;System.Data.SqlClient.SqlCommand.ExecuteScalar()<br/>&nbsp;&nbsp;&nbsp;在&nbsp;Dos.ORM.Database.DoExecuteScalar(DbCommand&nbsp;command)<br/>&nbsp;&nbsp;&nbsp;在&nbsp;Dos.ORM.Database.ExecuteScalar(DbCommand&nbsp;command)<br/>&nbsp;&nbsp;&nbsp;在&nbsp;Dos.ORM.FromSection.Count(FromSection&nbsp;from)<br/>&nbsp;&nbsp;&nbsp;在&nbsp;Dos.ORM.FromSection.Count()<br/>&nbsp;&nbsp;&nbsp;在&nbsp;Dos.ORM.Data.Business.BUS_NewsInfoData.GetList(DgConModel&nbsp;dgCon,&nbsp;Expression`1&nbsp;whereLambda)&nbsp;位置&nbsp;e:\Net_03.Personal\Net_Project.DosORM\Project\Dos.ORM\Dos.ORM.Data\Business\BUS_NewsInfoData.cs:行号&nbsp;44<br/>&nbsp;&nbsp;&nbsp;在&nbsp;Dos.ORM.Web.Areas.MsBus.Controllers.NewsInfoController.GetList(DgConModel&nbsp;dgCon)&nbsp;位置&nbsp;e:\Net_03.Personal\Net_Project.DosORM\Project\Dos.ORM\Dos.ORM.Web\Areas\MsBus\Controllers\NewsInfoController.cs:行号&nbsp;62<br/>&nbsp;&nbsp;&nbsp;在&nbsp;lambda_method(Closure&nbsp;,&nbsp;ControllerBase&nbsp;,&nbsp;Object[]&nbsp;)<br/>&nbsp;&nbsp;&nbsp;在&nbsp;System.Web.Mvc.ReflectedActionDescriptor.Execute(ControllerContext&nbsp;controllerContext,&nbsp;IDictionary`2&nbsp;parameters)<br/>&nbsp;&nbsp;&nbsp;在&nbsp;System.Web.Mvc.ControllerActionInvoker.InvokeActionMethod(ControllerContext&nbsp;controllerContext,&nbsp;ActionDescriptor&nbsp;actionDescriptor,&nbsp;IDictionary`2&nbsp;parameters)<br/>&nbsp;&nbsp;&nbsp;在&nbsp;System.Web.Mvc.Async.AsyncControllerActionInvoker.<BeginInvokeSynchronousActionMethod>b__39(IAsyncResult&nbsp;asyncResult,&nbsp;ActionInvocation&nbsp;innerInvokeState)<br/>&nbsp;&nbsp;&nbsp;在&nbsp;System.Web.Mvc.Async.AsyncResultWrapper.WrappedAsyncResult`2.CallEndDelegate(IAsyncResult&nbsp;asyncResult)<br/>&nbsp;&nbsp;&nbsp;在&nbsp;System.Web.Mvc.Async.AsyncControllerActionInvoker.EndInvokeActionMethod(IAsyncResult&nbsp;asyncResult)<br/>&nbsp;&nbsp;&nbsp;在&nbsp;System.Web.Mvc.Async.AsyncControllerActionInvoker.AsyncInvocationWithFilters.<InvokeActionMethodFilterAsynchronouslyRecursive>b__3d()<br/>&nbsp;&nbsp;&nbsp;在&nbsp;System.Web.Mvc.Async.AsyncControllerActionInvoker.AsyncInvocationWithFilters.<>c__DisplayClass46.<InvokeActionMethodFilterAsynchronouslyRecursive>b__3f()<br/>&nbsp;&nbsp;&nbsp;在&nbsp;System.Web.Mvc.Async.AsyncControllerActionInvoker.AsyncInvocationWithFilters.<>c__DisplayClass46.<InvokeActionMethodFilterAsynchronouslyRecursive>b__3f()<br/>&nbsp;&nbsp;&nbsp;在&nbsp;System.Web.Mvc.Async.AsyncControllerActionInvoker.AsyncInvocationWithFilters.<>c__DisplayClass46.<InvokeActionMethodFilterAsynchronouslyRecursive>b__3f()<br/>&nbsp;&nbsp;&nbsp;在&nbsp;System.Web.Mvc.Async.AsyncControllerActionInvoker.EndInvokeActionMethodWithFilters(IAsyncResult&nbsp;asyncResult)<br/>&nbsp;&nbsp;&nbsp;在&nbsp;System.Web.Mvc.Async.AsyncControllerActionInvoker.<>c__DisplayClass21.<>c__DisplayClass2b.<BeginInvokeAction>b__1c()<br/>&nbsp;&nbsp;&nbsp;在&nbsp;System.Web.Mvc.Async.AsyncControllerActionInvoker.<>c__DisplayClass21.<BeginInvokeAction>b__1e(IAsyncResult&nbsp;asyncResult)
@Mac2[String] = 40:8D:5C:30:F1:7D
@IP3[String] = 127.0.0.1
@Browser4[String] = Chrome 54.0
@OptSystem5[String] = Windows 10
@OptResultName6[String] = 操作异常
@OptResultId7[Int32] = 140
@OptModulePath8[String] = /MsBus/NewsInfo/GetList
@OptModuleName9[String] = 新闻信息管理
@OptTime10[DateTime] = 2016/11/1 16:54:47
@OptUserName11[String] = 秦波
@OptUserId12[Guid] = 0ad06755-9fde-4ddd-9dcb-448462155a03
@CompanyId13[Guid] = 078736e6-0cc2-48dc-80f1-6330419b4af1
@LogTypeName14[String] = 异常错误
@LogTypeId15[Int32] = 102
@LogId16[Guid] = 4ff20cdc-1172-4e06-a25d-982b8722c6df



#############################################################################

1、时间：2016-11-01 17:11:08,804
2、优先级别：DEBUG
3、线程ID：42
4、耗时：13546
5、行号：140
6、文件名：e:\Net_03.Personal\Net_Project.DosORM\Project\Dos.ORM\Dos.ORM.Common\Helpers\LogHelper.cs
7、详细信息：
Text:	 SELECT   TOP 1 * FROM [SYS_Operator]  WHERE ([SYS_Operator].[Account] = @Account1) AND ([SYS_Operator].[Pwd] = @Pwd2) 	
Parameters:
@Account1[String] = quber
@Pwd2[String] = C1851CFE23E736DE



#############################################################################

1、时间：2016-11-01 17:11:08,833
2、优先级别：DEBUG
3、线程ID：42
4、耗时：13575
5、行号：140
6、文件名：e:\Net_03.Personal\Net_Project.DosORM\Project\Dos.ORM\Dos.ORM.Common\Helpers\LogHelper.cs
7、详细信息：
Text:	 SELECT   TOP 1 * FROM [SYS_Company]  WHERE [SYS_Company].[CompanyId] = @CompanyId3 	
Parameters:
@CompanyId3[Guid] = 078736e6-0cc2-48dc-80f1-6330419b4af1



#############################################################################

1、时间：2016-11-01 17:11:08,844
2、优先级别：DEBUG
3、线程ID：42
4、耗时：13586
5、行号：140
6、文件名：e:\Net_03.Personal\Net_Project.DosORM\Project\Dos.ORM\Dos.ORM.Common\Helpers\LogHelper.cs
7、详细信息：
Text:	
                SELECT * FROM dbo.SYS_Department a
                LEFT JOIN dbo.SYS_OperatorDepartmentRelation b ON a.DepartmentId=b.DepartmentId
                WHERE b.OperatorId='0ad06755-9fde-4ddd-9dcb-448462155a03';
            	



#############################################################################

1、时间：2016-11-01 17:11:08,853
2、优先级别：DEBUG
3、线程ID：42
4、耗时：13595
5、行号：140
6、文件名：e:\Net_03.Personal\Net_Project.DosORM\Project\Dos.ORM\Dos.ORM.Common\Helpers\LogHelper.cs
7、详细信息：
Text:	
                SELECT * FROM dbo.SYS_Role a
                LEFT JOIN dbo.SYS_OperatorRoleRelation b ON a.RoleId=b.RoleId
                WHERE b.OperatorId='0ad06755-9fde-4ddd-9dcb-448462155a03';
            	



#############################################################################

1、时间：2016-11-01 17:11:08,864
2、优先级别：DEBUG
3、线程ID：42
4、耗时：13606
5、行号：140
6、文件名：e:\Net_03.Personal\Net_Project.DosORM\Project\Dos.ORM\Dos.ORM.Common\Helpers\LogHelper.cs
7、详细信息：
Text:	 SELECT   * FROM [v_SYS_Module]  WHERE [v_SYS_Module].[IsEnable] = @IsEnable4 	
Parameters:
@IsEnable4[Int32] = 1



#############################################################################

1、时间：2016-11-01 17:11:08,877
2、优先级别：DEBUG
3、线程ID：42
4、耗时：13620
5、行号：140
6、文件名：e:\Net_03.Personal\Net_Project.DosORM\Project\Dos.ORM\Dos.ORM.Common\Helpers\LogHelper.cs
7、详细信息：
Text:	 SELECT   * FROM [v_SYS_Button]  WHERE  1=1  	



#############################################################################

1、时间：2016-11-01 17:11:09,021
2、优先级别：DEBUG
3、线程ID：42
4、耗时：13764
5、行号：140
6、文件名：e:\Net_03.Personal\Net_Project.DosORM\Project\Dos.ORM\Dos.ORM.Common\Helpers\LogHelper.cs
7、详细信息：
Text:	INSERT INTO [SYS_LogInfo] ([OptModuleName],[DataId],[Desc],[OptResultName],[OptResultId],[OptTypeName],[OptTypeId],[OptModulePath],[Status],[Mac],[IP],[Browser],[OptSystem],[OptTime],[OptUserName],[OptUserId],[CompanyId],[LogTypeName],[LogTypeId],[LogId]) VALUES (@OptModuleName5,@DataId6,@Desc7,@OptResultName8,@OptResultId9,@OptTypeName10,@OptTypeId11,@OptModulePath12,@Status13,@Mac14,@IP15,@Browser16,@OptSystem17,@OptTime18,@OptUserName19,@OptUserId20,@CompanyId21,@LogTypeName22,@LogTypeId23,@LogId24)	
Parameters:
@OptModuleName5[String] = 登录系统
@DataId6[String] = 
@Desc7[String] = 登录成功！
@OptResultName8[String] = 登录成功
@OptResultId9[Int32] = 300
@OptTypeName10[String] = 登录
@OptTypeId11[Int32] = 2001
@OptModulePath12[String] = /MsSys/Login/CheckLogin
@Status13[Int32] = 1
@Mac14[String] = 40:8D:5C:30:F1:7D
@IP15[String] = 127.0.0.1
@Browser16[String] = Chrome 54.0
@OptSystem17[String] = Windows 10
@OptTime18[DateTime] = 2016/11/1 17:11:08
@OptUserName19[String] = 秦波
@OptUserId20[Guid] = 0ad06755-9fde-4ddd-9dcb-448462155a03
@CompanyId21[Guid] = 078736e6-0cc2-48dc-80f1-6330419b4af1
@LogTypeName22[String] = 登录登出
@LogTypeId23[Int32] = 100
@LogId24[Guid] = 281a5be7-c2f6-40db-806b-4d936e5ecfaf



#############################################################################

1、时间：2016-11-01 17:11:12,687
2、优先级别：DEBUG
3、线程ID：42
4、耗时：17430
5、行号：140
6、文件名：e:\Net_03.Personal\Net_Project.DosORM\Project\Dos.ORM\Dos.ORM.Common\Helpers\LogHelper.cs
7、详细信息：
Text:	 SELECT   * FROM [SYS_Module]  WHERE (([SYS_Module].[Status] = @Status25) AND ([SYS_Module].[IsEnable] = @IsEnable26)) AND ([SYS_Module].[OperatePageType] = @OperatePageType27) 	
Parameters:
@Status25[Int32] = 1
@IsEnable26[Int32] = 1
@OperatePageType27[Int32] = 1



#############################################################################

1、时间：2016-11-01 17:11:15,204
2、优先级别：DEBUG
3、线程ID：8
4、耗时：19946
5、行号：140
6、文件名：e:\Net_03.Personal\Net_Project.DosORM\Project\Dos.ORM\Dos.ORM.Common\Helpers\LogHelper.cs
7、详细信息：
Text:	 SELECT   * FROM [BUS_NewsType]  WHERE (([BUS_NewsType].[Status] = @Status28) AND ([BUS_NewsType].[IsEnable] = @IsEnable29)) AND ([BUS_NewsType].[CompanyId] = @CompanyId30) 	
Parameters:
@Status28[Int32] = 1
@IsEnable29[Int32] = 1
@CompanyId30[Guid] = 078736e6-0cc2-48dc-80f1-6330419b4af1



#############################################################################

1、时间：2016-11-01 17:11:37,603
2、优先级别：DEBUG
3、线程ID：60
4、耗时：42346
5、行号：140
6、文件名：e:\Net_03.Personal\Net_Project.DosORM\Project\Dos.ORM\Dos.ORM.Common\Helpers\LogHelper.cs
7、详细信息：
Text:	 SELECT count(*) as r_cnt FROM [BUS_NewsInfo] INNER JOIN [BUS_NewsType] ON ([BUS_NewsInfo].[NewsTypeId] = [BUS_NewsType].[NewsTypeId]) WHERE ([BUS_NewsInfo].[Status] = @Status31) AND ([BUS_NewsInfo].[CompanyId] = @CompanyId32)	
Parameters:
@Status31[Int32] = 1
@CompanyId32[Guid] = 078736e6-0cc2-48dc-80f1-6330419b4af1



#############################################################################

1、时间：2016-11-01 17:11:37,620
2、优先级别：DEBUG
3、线程ID：60
4、耗时：42363
5、行号：140
6、文件名：e:\Net_03.Personal\Net_Project.DosORM\Project\Dos.ORM\Dos.ORM.Common\Helpers\LogHelper.cs
7、详细信息：
Text:	 SELECT   TOP 15 [BUS_NewsInfo].*,[BUS_NewsType].[NewsTypeName] FROM [BUS_NewsInfo] INNER JOIN [BUS_NewsType] ON ([BUS_NewsInfo].[NewsTypeId] = [BUS_NewsType].[NewsTypeId])  WHERE ([BUS_NewsInfo].[Status] = @Status31) AND ([BUS_NewsInfo].[CompanyId] = @CompanyId32) ORDER BY [BUS_NewsInfo].[CrtTime] DESC 	
Parameters:
@Status31[Int32] = 1
@CompanyId32[Guid] = 078736e6-0cc2-48dc-80f1-6330419b4af1



#############################################################################

1、时间：2016-11-01 17:11:37,667
2、优先级别：DEBUG
3、线程ID：60
4、耗时：42410
5、行号：140
6、文件名：e:\Net_03.Personal\Net_Project.DosORM\Project\Dos.ORM\Dos.ORM.Common\Helpers\LogHelper.cs
7、详细信息：
Text:	INSERT INTO [SYS_LogInfo] ([Desc],[OptResultName],[OptResultId],[OptTypeName],[OptTypeId],[OptModulePath],[OptModuleName],[Status],[Mac],[IP],[Browser],[OptSystem],[OptTime],[OptUserName],[OptUserId],[DataId],[CompanyId],[LogTypeName],[LogTypeId],[LogId]) VALUES (@Desc33,@OptResultName34,@OptResultId35,@OptTypeName36,@OptTypeId37,@OptModulePath38,@OptModuleName39,@Status40,@Mac41,@IP42,@Browser43,@OptSystem44,@OptTime45,@OptUserName46,@OptUserId47,@DataId48,@CompanyId49,@LogTypeName50,@LogTypeId51,@LogId52)	
Parameters:
@Desc33[String] = 数据查询成功！
@OptResultName34[String] = 操作成功
@OptResultId35[Int32] = 100
@OptTypeName36[String] = 查询
@OptTypeId37[Int32] = 1003
@OptModulePath38[String] = /MsBus/NewsInfo/GetList
@OptModuleName39[String] = 新闻信息管理
@Status40[Int32] = 1
@Mac41[String] = 40:8D:5C:30:F1:7D
@IP42[String] = 127.0.0.1
@Browser43[String] = Chrome 54.0
@OptSystem44[String] = Windows 10
@OptTime45[DateTime] = 2016/11/1 17:11:37
@OptUserName46[String] = 秦波
@OptUserId47[Guid] = 0ad06755-9fde-4ddd-9dcb-448462155a03
@DataId48[String] = 
@CompanyId49[Guid] = 078736e6-0cc2-48dc-80f1-6330419b4af1
@LogTypeName50[String] = 数据操作
@LogTypeId51[Int32] = 101
@LogId52[Guid] = 74963788-dce8-46f9-876e-af84b54c1c4c


