
#############################################################################

1、时间：2016-10-24 14:37:12,017
2、优先级别：DEBUG
3、线程ID：10
4、耗时：13563
5、行号：140
6、文件名：f:\Net_Project.DosORM\Project\Dos.ORM\Dos.ORM.Common\Helpers\LogHelper.cs
7、详细信息：
Text:	 SELECT   TOP 1 * FROM [SYS_Operator]  WHERE ([SYS_Operator].[Account] = @Account_2) AND ([SYS_Operator].[Pwd] = @Pwd_3) 	
Parameters:
@Account_2[String] = quber
@Pwd_3[String] = C1851CFE23E736DE



#############################################################################

1、时间：2016-10-24 14:37:12,745
2、优先级别：DEBUG
3、线程ID：10
4、耗时：14291
5、行号：140
6、文件名：f:\Net_Project.DosORM\Project\Dos.ORM\Dos.ORM.Common\Helpers\LogHelper.cs
7、详细信息：
Text:	 SELECT   TOP 1 * FROM [SYS_Company]  WHERE [SYS_Company].[CompanyId] = @CompanyId_4 	
Parameters:
@CompanyId_4[Guid] = 078736e6-0cc2-48dc-80f1-6330419b4af1



#############################################################################

1、时间：2016-10-24 14:37:13,018
2、优先级别：DEBUG
3、线程ID：10
4、耗时：14564
5、行号：140
6、文件名：f:\Net_Project.DosORM\Project\Dos.ORM\Dos.ORM.Common\Helpers\LogHelper.cs
7、详细信息：
Text:	
                SELECT * FROM dbo.SYS_Department a
                LEFT JOIN dbo.SYS_OperatorDepartmentRelation b ON a.DepartmentId=b.DepartmentId
                WHERE b.OperatorId='0ad06755-9fde-4ddd-9dcb-448462155a03';
            	



#############################################################################

1、时间：2016-10-24 14:37:13,876
2、优先级别：DEBUG
3、线程ID：10
4、耗时：15422
5、行号：140
6、文件名：f:\Net_Project.DosORM\Project\Dos.ORM\Dos.ORM.Common\Helpers\LogHelper.cs
7、详细信息：
Text:	
                SELECT * FROM dbo.SYS_Role a
                LEFT JOIN dbo.SYS_OperatorRoleRelation b ON a.RoleId=b.RoleId
                WHERE b.OperatorId='0ad06755-9fde-4ddd-9dcb-448462155a03';
            	



#############################################################################

1、时间：2016-10-24 14:37:13,900
2、优先级别：DEBUG
3、线程ID：10
4、耗时：15446
5、行号：140
6、文件名：f:\Net_Project.DosORM\Project\Dos.ORM\Dos.ORM.Common\Helpers\LogHelper.cs
7、详细信息：
Text:	 SELECT   * FROM [v_SYS_Module]  WHERE  1=1  	



#############################################################################

1、时间：2016-10-24 14:37:14,117
2、优先级别：DEBUG
3、线程ID：10
4、耗时：15664
5、行号：140
6、文件名：f:\Net_Project.DosORM\Project\Dos.ORM\Dos.ORM.Common\Helpers\LogHelper.cs
7、详细信息：
Text:	 SELECT   * FROM [v_SYS_Button]  WHERE  1=1  	



#############################################################################

1、时间：2016-10-24 14:37:14,502
2、优先级别：DEBUG
3、线程ID：10
4、耗时：16049
5、行号：140
6、文件名：f:\Net_Project.DosORM\Project\Dos.ORM\Dos.ORM.Common\Helpers\LogHelper.cs
7、详细信息：
Text:	INSERT INTO [SYS_LogInfo] ([OptModuleName],[DataId],[Desc],[OptResultName],[OptResultId],[OptTypeName],[OptTypeId],[OptModulePath],[Status],[Mac],[IP],[Browser],[OptSystem],[OptTime],[OptUserName],[OptUserId],[CompanyId],[LogTypeName],[LogTypeId],[LogId]) VALUES (@OptModuleName0,@DataId1,@Desc2,@OptResultName3,@OptResultId4,@OptTypeName5,@OptTypeId6,@OptModulePath7,@Status8,@Mac9,@IP10,@Browser11,@OptSystem12,@OptTime13,@OptUserName14,@OptUserId15,@CompanyId16,@LogTypeName17,@LogTypeId18,@LogId19)	
Parameters:
@OptModuleName0[String] = 登录系统
@DataId1[String] = 
@Desc2[String] = 登录成功！
@OptResultName3[String] = 登录成功
@OptResultId4[Int32] = 300
@OptTypeName5[String] = 登录
@OptTypeId6[Int32] = 2001
@OptModulePath7[String] = /MsSys/Login/CheckLogin
@Status8[Int32] = 1
@Mac9[String] = 40:8D:5C:30:F1:7D
@IP10[String] = 127.0.0.1
@Browser11[String] = Chrome 54.0
@OptSystem12[String] = Windows 10
@OptTime13[DateTime] = 2016/10/24 14:37:14
@OptUserName14[String] = 秦波
@OptUserId15[Guid] = 0ad06755-9fde-4ddd-9dcb-448462155a03
@CompanyId16[Guid] = 078736e6-0cc2-48dc-80f1-6330419b4af1
@LogTypeName17[String] = 登录登出
@LogTypeId18[Int32] = 100
@LogId19[Guid] = 7722a8c9-123d-4521-b4b4-9c0f52ed28ff



#############################################################################

1、时间：2016-10-24 14:37:17,516
2、优先级别：DEBUG
3、线程ID：8
4、耗时：19062
5、行号：140
6、文件名：f:\Net_Project.DosORM\Project\Dos.ORM\Dos.ORM.Common\Helpers\LogHelper.cs
7、详细信息：
Text:	 SELECT   * FROM [SYS_Module]  WHERE ([SYS_Module].[Status] = @Status_5) AND ([SYS_Module].[OperatePageType] = @OperatePageType_6) 	
Parameters:
@Status_5[Int32] = 1
@OperatePageType_6[Int32] = 1



#############################################################################

1、时间：2016-10-24 14:37:23,869
2、优先级别：DEBUG
3、线程ID：11
4、耗时：25416
5、行号：140
6、文件名：f:\Net_Project.DosORM\Project\Dos.ORM\Dos.ORM.Common\Helpers\LogHelper.cs
7、详细信息：
Text:	 SELECT count(*) as r_cnt FROM [SYS_Module] WHERE [SYS_Module].[Status] = @Status_7	
Parameters:
@Status_7[Int32] = 1



#############################################################################

1、时间：2016-10-24 14:37:23,935
2、优先级别：DEBUG
3、线程ID：11
4、耗时：25481
5、行号：140
6、文件名：f:\Net_Project.DosORM\Project\Dos.ORM\Dos.ORM.Common\Helpers\LogHelper.cs
7、详细信息：
Text:	 SELECT   TOP 1000 * FROM [SYS_Module]  WHERE [SYS_Module].[Status] = @Status_7 ORDER BY [SYS_Module].[CrtTime] DESC 	
Parameters:
@Status_7[Int32] = 1



#############################################################################

1、时间：2016-10-24 14:37:23,975
2、优先级别：DEBUG
3、线程ID：11
4、耗时：25521
5、行号：140
6、文件名：f:\Net_Project.DosORM\Project\Dos.ORM\Dos.ORM.Common\Helpers\LogHelper.cs
7、详细信息：
Text:	INSERT INTO [SYS_LogInfo] ([Desc],[OptResultName],[OptResultId],[OptTypeName],[OptTypeId],[OptModulePath],[OptModuleName],[Status],[Mac],[IP],[Browser],[OptSystem],[OptTime],[OptUserName],[OptUserId],[DataId],[CompanyId],[LogTypeName],[LogTypeId],[LogId]) VALUES (@Desc0,@OptResultName1,@OptResultId2,@OptTypeName3,@OptTypeId4,@OptModulePath5,@OptModuleName6,@Status7,@Mac8,@IP9,@Browser10,@OptSystem11,@OptTime12,@OptUserName13,@OptUserId14,@DataId15,@CompanyId16,@LogTypeName17,@LogTypeId18,@LogId19)	
Parameters:
@Desc0[String] = 数据查询成功！
@OptResultName1[String] = 操作成功
@OptResultId2[Int32] = 100
@OptTypeName3[String] = 查询
@OptTypeId4[Int32] = 1003
@OptModulePath5[String] = /MsSys/Module/GetList
@OptModuleName6[String] = 模块管理
@Status7[Int32] = 1
@Mac8[String] = 40:8D:5C:30:F1:7D
@IP9[String] = 127.0.0.1
@Browser10[String] = Chrome 54.0
@OptSystem11[String] = Windows 10
@OptTime12[DateTime] = 2016/10/24 14:37:23
@OptUserName13[String] = 秦波
@OptUserId14[Guid] = 0ad06755-9fde-4ddd-9dcb-448462155a03
@DataId15[String] = 
@CompanyId16[Guid] = 078736e6-0cc2-48dc-80f1-6330419b4af1
@LogTypeName17[String] = 数据操作
@LogTypeId18[Int32] = 101
@LogId19[Guid] = e04af274-4dc4-4cba-8382-25ca22985c45



#############################################################################

1、时间：2016-10-24 14:37:26,714
2、优先级别：DEBUG
3、线程ID：10
4、耗时：28260
5、行号：140
6、文件名：f:\Net_Project.DosORM\Project\Dos.ORM\Dos.ORM.Common\Helpers\LogHelper.cs
7、详细信息：
Text:	 SELECT count(*) as r_cnt FROM [SYS_Button] WHERE [SYS_Button].[Status] = @Status_8	
Parameters:
@Status_8[Int32] = 1



#############################################################################

1、时间：2016-10-24 14:37:26,716
2、优先级别：DEBUG
3、线程ID：10
4、耗时：28262
5、行号：140
6、文件名：f:\Net_Project.DosORM\Project\Dos.ORM\Dos.ORM.Common\Helpers\LogHelper.cs
7、详细信息：
Text:	 SELECT   TOP 15 * FROM [SYS_Button]  WHERE [SYS_Button].[Status] = @Status_8 ORDER BY [SYS_Button].[CrtTime] DESC 	
Parameters:
@Status_8[Int32] = 1



#############################################################################

1、时间：2016-10-24 14:37:43,642
2、优先级别：DEBUG
3、线程ID：13
4、耗时：45188
5、行号：140
6、文件名：f:\Net_Project.DosORM\Project\Dos.ORM\Dos.ORM.Common\Helpers\LogHelper.cs
7、详细信息：
Text:	 SELECT   * FROM [SYS_Module]  WHERE ([SYS_Module].[Status] = @Status_9) AND ([SYS_Module].[OperatePageType] = @OperatePageType_10) 	
Parameters:
@Status_9[Int32] = 1
@OperatePageType_10[Int32] = 1



#############################################################################

1、时间：2016-10-24 14:38:25,800
2、优先级别：DEBUG
3、线程ID：12
4、耗时：87346
5、行号：140
6、文件名：f:\Net_Project.DosORM\Project\Dos.ORM\Dos.ORM.Common\Helpers\LogHelper.cs
7、详细信息：
Text:	 SELECT count(*) as r_cnt FROM [SYS_Department] WHERE ([SYS_Department].[Status] = @Status_11) AND ([SYS_Department].[CompanyId] = @CompanyId_12)	
Parameters:
@Status_11[Int32] = 1
@CompanyId_12[Guid] = 078736e6-0cc2-48dc-80f1-6330419b4af1



#############################################################################

1、时间：2016-10-24 14:38:25,811
2、优先级别：DEBUG
3、线程ID：12
4、耗时：87357
5、行号：140
6、文件名：f:\Net_Project.DosORM\Project\Dos.ORM\Dos.ORM.Common\Helpers\LogHelper.cs
7、详细信息：
Text:	 SELECT   TOP 15 * FROM [SYS_Department]  WHERE ([SYS_Department].[Status] = @Status_11) AND ([SYS_Department].[CompanyId] = @CompanyId_12) ORDER BY [SYS_Department].[CrtTime] DESC 	
Parameters:
@Status_11[Int32] = 1
@CompanyId_12[Guid] = 078736e6-0cc2-48dc-80f1-6330419b4af1



#############################################################################

1、时间：2016-10-24 14:38:25,841
2、优先级别：DEBUG
3、线程ID：12
4、耗时：87387
5、行号：140
6、文件名：f:\Net_Project.DosORM\Project\Dos.ORM\Dos.ORM.Common\Helpers\LogHelper.cs
7、详细信息：
Text:	INSERT INTO [SYS_LogInfo] ([Desc],[OptResultName],[OptResultId],[OptTypeName],[OptTypeId],[OptModulePath],[OptModuleName],[Status],[Mac],[IP],[Browser],[OptSystem],[OptTime],[OptUserName],[OptUserId],[DataId],[CompanyId],[LogTypeName],[LogTypeId],[LogId]) VALUES (@Desc0,@OptResultName1,@OptResultId2,@OptTypeName3,@OptTypeId4,@OptModulePath5,@OptModuleName6,@Status7,@Mac8,@IP9,@Browser10,@OptSystem11,@OptTime12,@OptUserName13,@OptUserId14,@DataId15,@CompanyId16,@LogTypeName17,@LogTypeId18,@LogId19)	
Parameters:
@Desc0[String] = 数据查询成功！
@OptResultName1[String] = 操作成功
@OptResultId2[Int32] = 100
@OptTypeName3[String] = 查询
@OptTypeId4[Int32] = 1003
@OptModulePath5[String] = /MsSys/Department/GetList
@OptModuleName6[String] = 部门管理
@Status7[Int32] = 1
@Mac8[String] = 40:8D:5C:30:F1:7D
@IP9[String] = 127.0.0.1
@Browser10[String] = Chrome 54.0
@OptSystem11[String] = Windows 10
@OptTime12[DateTime] = 2016/10/24 14:38:25
@OptUserName13[String] = 秦波
@OptUserId14[Guid] = 0ad06755-9fde-4ddd-9dcb-448462155a03
@DataId15[String] = 
@CompanyId16[Guid] = 078736e6-0cc2-48dc-80f1-6330419b4af1
@LogTypeName17[String] = 数据操作
@LogTypeId18[Int32] = 101
@LogId19[Guid] = 85386df0-205b-4d14-8d18-b9a5b2ef51ed



#############################################################################

1、时间：2016-10-24 14:38:26,999
2、优先级别：DEBUG
3、线程ID：12
4、耗时：88545
5、行号：140
6、文件名：f:\Net_Project.DosORM\Project\Dos.ORM\Dos.ORM.Common\Helpers\LogHelper.cs
7、详细信息：
Text:	 SELECT count(*) as r_cnt FROM [SYS_Role] WHERE ([SYS_Role].[Status] = @Status_13) AND ([SYS_Role].[CompanyId] = @CompanyId_14)	
Parameters:
@Status_13[Int32] = 1
@CompanyId_14[Guid] = 078736e6-0cc2-48dc-80f1-6330419b4af1



#############################################################################

1、时间：2016-10-24 14:38:27,001
2、优先级别：DEBUG
3、线程ID：12
4、耗时：88547
5、行号：140
6、文件名：f:\Net_Project.DosORM\Project\Dos.ORM\Dos.ORM.Common\Helpers\LogHelper.cs
7、详细信息：
Text:	 SELECT   TOP 15 * FROM [SYS_Role]  WHERE ([SYS_Role].[Status] = @Status_13) AND ([SYS_Role].[CompanyId] = @CompanyId_14) ORDER BY [SYS_Role].[CrtTime] DESC 	
Parameters:
@Status_13[Int32] = 1
@CompanyId_14[Guid] = 078736e6-0cc2-48dc-80f1-6330419b4af1



#############################################################################

1、时间：2016-10-24 14:38:27,030
2、优先级别：DEBUG
3、线程ID：12
4、耗时：88576
5、行号：140
6、文件名：f:\Net_Project.DosORM\Project\Dos.ORM\Dos.ORM.Common\Helpers\LogHelper.cs
7、详细信息：
Text:	INSERT INTO [SYS_LogInfo] ([Desc],[OptResultName],[OptResultId],[OptTypeName],[OptTypeId],[OptModulePath],[OptModuleName],[Status],[Mac],[IP],[Browser],[OptSystem],[OptTime],[OptUserName],[OptUserId],[DataId],[CompanyId],[LogTypeName],[LogTypeId],[LogId]) VALUES (@Desc0,@OptResultName1,@OptResultId2,@OptTypeName3,@OptTypeId4,@OptModulePath5,@OptModuleName6,@Status7,@Mac8,@IP9,@Browser10,@OptSystem11,@OptTime12,@OptUserName13,@OptUserId14,@DataId15,@CompanyId16,@LogTypeName17,@LogTypeId18,@LogId19)	
Parameters:
@Desc0[String] = 数据查询成功！
@OptResultName1[String] = 操作成功
@OptResultId2[Int32] = 100
@OptTypeName3[String] = 查询
@OptTypeId4[Int32] = 1003
@OptModulePath5[String] = /MsSys/Role/GetList
@OptModuleName6[String] = 角色管理
@Status7[Int32] = 1
@Mac8[String] = 40:8D:5C:30:F1:7D
@IP9[String] = 127.0.0.1
@Browser10[String] = Chrome 54.0
@OptSystem11[String] = Windows 10
@OptTime12[DateTime] = 2016/10/24 14:38:27
@OptUserName13[String] = 秦波
@OptUserId14[Guid] = 0ad06755-9fde-4ddd-9dcb-448462155a03
@DataId15[String] = 
@CompanyId16[Guid] = 078736e6-0cc2-48dc-80f1-6330419b4af1
@LogTypeName17[String] = 数据操作
@LogTypeId18[Int32] = 101
@LogId19[Guid] = 89e5c77d-2dea-458c-8ea0-f82ae1b7fa5a



#############################################################################

1、时间：2016-10-24 14:38:28,970
2、优先级别：DEBUG
3、线程ID：9
4、耗时：90516
5、行号：140
6、文件名：f:\Net_Project.DosORM\Project\Dos.ORM\Dos.ORM.Common\Helpers\LogHelper.cs
7、详细信息：
Text:	 SELECT   TOP 1 * FROM [SYS_Role]  WHERE [SYS_Role].[RoleId] = @RoleId_15 	
Parameters:
@RoleId_15[Guid] = f5dae1a3-3cfe-4829-b282-a60e5466639e



#############################################################################

1、时间：2016-10-24 14:38:29,229
2、优先级别：DEBUG
3、线程ID：13
4、耗时：90775
5、行号：140
6、文件名：f:\Net_Project.DosORM\Project\Dos.ORM\Dos.ORM.Common\Helpers\LogHelper.cs
7、详细信息：
Text:	 SELECT   * FROM [SYS_RoleModuleRelation]  WHERE [SYS_RoleModuleRelation].[RoleId] = @RoleId_16 	
Parameters:
@RoleId_16[Guid] = f5dae1a3-3cfe-4829-b282-a60e5466639e



#############################################################################

1、时间：2016-10-24 14:38:29,235
2、优先级别：DEBUG
3、线程ID：13
4、耗时：90781
5、行号：140
6、文件名：f:\Net_Project.DosORM\Project\Dos.ORM\Dos.ORM.Common\Helpers\LogHelper.cs
7、详细信息：
Text:	 SELECT   * FROM [SYS_Module]  WHERE [SYS_Module].[Status] = @Status_17 	
Parameters:
@Status_17[Int32] = 1



#############################################################################

1、时间：2016-10-24 14:45:51,105
2、优先级别：DEBUG
3、线程ID：33
4、耗时：532652
5、行号：140
6、文件名：f:\Net_Project.DosORM\Project\Dos.ORM\Dos.ORM.Common\Helpers\LogHelper.cs
7、详细信息：
Text:	 SELECT   TOP 1 * FROM [SYS_Operator]  WHERE ([SYS_Operator].[Account] = @Account_18) AND ([SYS_Operator].[Pwd] = @Pwd_19) 	
Parameters:
@Account_18[String] = quber
@Pwd_19[String] = C1851CFE23E736DE



#############################################################################

1、时间：2016-10-24 14:45:51,219
2、优先级别：DEBUG
3、线程ID：33
4、耗时：532765
5、行号：140
6、文件名：f:\Net_Project.DosORM\Project\Dos.ORM\Dos.ORM.Common\Helpers\LogHelper.cs
7、详细信息：
Text:	 SELECT   TOP 1 * FROM [SYS_Company]  WHERE [SYS_Company].[CompanyId] = @CompanyId_20 	
Parameters:
@CompanyId_20[Guid] = 078736e6-0cc2-48dc-80f1-6330419b4af1



#############################################################################

1、时间：2016-10-24 14:45:51,227
2、优先级别：DEBUG
3、线程ID：33
4、耗时：532773
5、行号：140
6、文件名：f:\Net_Project.DosORM\Project\Dos.ORM\Dos.ORM.Common\Helpers\LogHelper.cs
7、详细信息：
Text:	
                SELECT * FROM dbo.SYS_Department a
                LEFT JOIN dbo.SYS_OperatorDepartmentRelation b ON a.DepartmentId=b.DepartmentId
                WHERE b.OperatorId='0ad06755-9fde-4ddd-9dcb-448462155a03';
            	



#############################################################################

1、时间：2016-10-24 14:45:51,243
2、优先级别：DEBUG
3、线程ID：33
4、耗时：532789
5、行号：140
6、文件名：f:\Net_Project.DosORM\Project\Dos.ORM\Dos.ORM.Common\Helpers\LogHelper.cs
7、详细信息：
Text:	
                SELECT * FROM dbo.SYS_Role a
                LEFT JOIN dbo.SYS_OperatorRoleRelation b ON a.RoleId=b.RoleId
                WHERE b.OperatorId='0ad06755-9fde-4ddd-9dcb-448462155a03';
            	



#############################################################################

1、时间：2016-10-24 14:45:51,257
2、优先级别：DEBUG
3、线程ID：33
4、耗时：532803
5、行号：140
6、文件名：f:\Net_Project.DosORM\Project\Dos.ORM\Dos.ORM.Common\Helpers\LogHelper.cs
7、详细信息：
Text:	 SELECT   * FROM [v_SYS_Module]  WHERE  1=1  	



#############################################################################

1、时间：2016-10-24 14:45:51,266
2、优先级别：DEBUG
3、线程ID：33
4、耗时：532812
5、行号：140
6、文件名：f:\Net_Project.DosORM\Project\Dos.ORM\Dos.ORM.Common\Helpers\LogHelper.cs
7、详细信息：
Text:	 SELECT   * FROM [v_SYS_Button]  WHERE  1=1  	



#############################################################################

1、时间：2016-10-24 14:45:51,283
2、优先级别：DEBUG
3、线程ID：33
4、耗时：532829
5、行号：140
6、文件名：f:\Net_Project.DosORM\Project\Dos.ORM\Dos.ORM.Common\Helpers\LogHelper.cs
7、详细信息：
Text:	INSERT INTO [SYS_LogInfo] ([OptModuleName],[DataId],[Desc],[OptResultName],[OptResultId],[OptTypeName],[OptTypeId],[OptModulePath],[Status],[Mac],[IP],[Browser],[OptSystem],[OptTime],[OptUserName],[OptUserId],[CompanyId],[LogTypeName],[LogTypeId],[LogId]) VALUES (@OptModuleName0,@DataId1,@Desc2,@OptResultName3,@OptResultId4,@OptTypeName5,@OptTypeId6,@OptModulePath7,@Status8,@Mac9,@IP10,@Browser11,@OptSystem12,@OptTime13,@OptUserName14,@OptUserId15,@CompanyId16,@LogTypeName17,@LogTypeId18,@LogId19)	
Parameters:
@OptModuleName0[String] = 登录系统
@DataId1[String] = 
@Desc2[String] = 登录成功！
@OptResultName3[String] = 登录成功
@OptResultId4[Int32] = 300
@OptTypeName5[String] = 登录
@OptTypeId6[Int32] = 2001
@OptModulePath7[String] = /MsSys/Login/CheckLogin
@Status8[Int32] = 1
@Mac9[String] = 40:8D:5C:30:F1:7D
@IP10[String] = 127.0.0.1
@Browser11[String] = InternetExplorer 11.0
@OptSystem12[String] = Windows 10
@OptTime13[DateTime] = 2016/10/24 14:45:51
@OptUserName14[String] = 秦波
@OptUserId15[Guid] = 0ad06755-9fde-4ddd-9dcb-448462155a03
@CompanyId16[Guid] = 078736e6-0cc2-48dc-80f1-6330419b4af1
@LogTypeName17[String] = 登录登出
@LogTypeId18[Int32] = 100
@LogId19[Guid] = 40b14b70-8f17-4934-a521-12c703ee57c1



#############################################################################

1、时间：2016-10-24 14:45:54,111
2、优先级别：DEBUG
3、线程ID：14
4、耗时：535657
5、行号：140
6、文件名：f:\Net_Project.DosORM\Project\Dos.ORM\Dos.ORM.Common\Helpers\LogHelper.cs
7、详细信息：
Text:	 SELECT   * FROM [SYS_Module]  WHERE ([SYS_Module].[Status] = @Status_21) AND ([SYS_Module].[OperatePageType] = @OperatePageType_22) 	
Parameters:
@Status_21[Int32] = 1
@OperatePageType_22[Int32] = 1



#############################################################################

1、时间：2016-10-24 14:46:04,819
2、优先级别：DEBUG
3、线程ID：32
4、耗时：546365
5、行号：140
6、文件名：f:\Net_Project.DosORM\Project\Dos.ORM\Dos.ORM.Common\Helpers\LogHelper.cs
7、详细信息：
Text:	 SELECT   * FROM [SYS_Module]  WHERE ([SYS_Module].[Status] = @Status_23) AND ([SYS_Module].[OperatePageType] = @OperatePageType_24) 	
Parameters:
@Status_23[Int32] = 1
@OperatePageType_24[Int32] = 1



#############################################################################

1、时间：2016-10-24 14:46:08,503
2、优先级别：DEBUG
3、线程ID：9
4、耗时：550049
5、行号：140
6、文件名：f:\Net_Project.DosORM\Project\Dos.ORM\Dos.ORM.Common\Helpers\LogHelper.cs
7、详细信息：
Text:	 SELECT count(*) as r_cnt FROM [SYS_Department] WHERE ([SYS_Department].[Status] = @Status_25) AND ([SYS_Department].[CompanyId] = @CompanyId_26)	
Parameters:
@Status_25[Int32] = 1
@CompanyId_26[Guid] = 078736e6-0cc2-48dc-80f1-6330419b4af1



#############################################################################

1、时间：2016-10-24 14:46:08,562
2、优先级别：DEBUG
3、线程ID：9
4、耗时：550109
5、行号：140
6、文件名：f:\Net_Project.DosORM\Project\Dos.ORM\Dos.ORM.Common\Helpers\LogHelper.cs
7、详细信息：
Text:	 SELECT   TOP 15 * FROM [SYS_Department]  WHERE ([SYS_Department].[Status] = @Status_25) AND ([SYS_Department].[CompanyId] = @CompanyId_26) ORDER BY [SYS_Department].[CrtTime] DESC 	
Parameters:
@Status_25[Int32] = 1
@CompanyId_26[Guid] = 078736e6-0cc2-48dc-80f1-6330419b4af1



#############################################################################

1、时间：2016-10-24 14:46:08,578
2、优先级别：DEBUG
3、线程ID：9
4、耗时：550125
5、行号：140
6、文件名：f:\Net_Project.DosORM\Project\Dos.ORM\Dos.ORM.Common\Helpers\LogHelper.cs
7、详细信息：
Text:	INSERT INTO [SYS_LogInfo] ([Desc],[OptResultName],[OptResultId],[OptTypeName],[OptTypeId],[OptModulePath],[OptModuleName],[Status],[Mac],[IP],[Browser],[OptSystem],[OptTime],[OptUserName],[OptUserId],[DataId],[CompanyId],[LogTypeName],[LogTypeId],[LogId]) VALUES (@Desc0,@OptResultName1,@OptResultId2,@OptTypeName3,@OptTypeId4,@OptModulePath5,@OptModuleName6,@Status7,@Mac8,@IP9,@Browser10,@OptSystem11,@OptTime12,@OptUserName13,@OptUserId14,@DataId15,@CompanyId16,@LogTypeName17,@LogTypeId18,@LogId19)	
Parameters:
@Desc0[String] = 数据查询成功！
@OptResultName1[String] = 操作成功
@OptResultId2[Int32] = 100
@OptTypeName3[String] = 查询
@OptTypeId4[Int32] = 1003
@OptModulePath5[String] = /MsSys/Department/GetList
@OptModuleName6[String] = 部门管理
@Status7[Int32] = 1
@Mac8[String] = 40:8D:5C:30:F1:7D
@IP9[String] = 127.0.0.1
@Browser10[String] = IE 6.0
@OptSystem11[String] = Windows XP
@OptTime12[DateTime] = 2016/10/24 14:46:08
@OptUserName13[String] = 秦波
@OptUserId14[Guid] = 0ad06755-9fde-4ddd-9dcb-448462155a03
@DataId15[String] = 
@CompanyId16[Guid] = 078736e6-0cc2-48dc-80f1-6330419b4af1
@LogTypeName17[String] = 数据操作
@LogTypeId18[Int32] = 101
@LogId19[Guid] = 942c138f-834b-4614-86b9-689420a918b7



#############################################################################

1、时间：2016-10-24 14:46:20,023
2、优先级别：DEBUG
3、线程ID：35
4、耗时：561569
5、行号：140
6、文件名：f:\Net_Project.DosORM\Project\Dos.ORM\Dos.ORM.Common\Helpers\LogHelper.cs
7、详细信息：
Text:	 SELECT   TOP 1 * FROM [SYS_Department]  WHERE [SYS_Department].[DepartmentId] = @DepartmentId_27 	
Parameters:
@DepartmentId_27[Guid] = 8a2d4719-4efe-4745-b327-5c00629591a2



#############################################################################

1、时间：2016-10-24 14:46:27,424
2、优先级别：DEBUG
3、线程ID：21
4、耗时：568970
5、行号：140
6、文件名：f:\Net_Project.DosORM\Project\Dos.ORM\Dos.ORM.Common\Helpers\LogHelper.cs
7、详细信息：
Text:	 SELECT   * FROM [SYS_Module]  WHERE ([SYS_Module].[Status] = @Status_28) AND ([SYS_Module].[OperatePageType] = @OperatePageType_29) 	
Parameters:
@Status_28[Int32] = 1
@OperatePageType_29[Int32] = 1



#############################################################################

1、时间：2016-10-24 14:46:30,251
2、优先级别：DEBUG
3、线程ID：35
4、耗时：571797
5、行号：140
6、文件名：f:\Net_Project.DosORM\Project\Dos.ORM\Dos.ORM.Common\Helpers\LogHelper.cs
7、详细信息：
Text:	 SELECT count(*) as r_cnt FROM [SYS_Department] WHERE ([SYS_Department].[Status] = @Status_30) AND ([SYS_Department].[CompanyId] = @CompanyId_31)	
Parameters:
@Status_30[Int32] = 1
@CompanyId_31[Guid] = 078736e6-0cc2-48dc-80f1-6330419b4af1



#############################################################################

1、时间：2016-10-24 14:46:30,268
2、优先级别：DEBUG
3、线程ID：35
4、耗时：571814
5、行号：140
6、文件名：f:\Net_Project.DosORM\Project\Dos.ORM\Dos.ORM.Common\Helpers\LogHelper.cs
7、详细信息：
Text:	 SELECT   TOP 15 * FROM [SYS_Department]  WHERE ([SYS_Department].[Status] = @Status_30) AND ([SYS_Department].[CompanyId] = @CompanyId_31) ORDER BY [SYS_Department].[CrtTime] DESC 	
Parameters:
@Status_30[Int32] = 1
@CompanyId_31[Guid] = 078736e6-0cc2-48dc-80f1-6330419b4af1



#############################################################################

1、时间：2016-10-24 14:46:30,285
2、优先级别：DEBUG
3、线程ID：35
4、耗时：571831
5、行号：140
6、文件名：f:\Net_Project.DosORM\Project\Dos.ORM\Dos.ORM.Common\Helpers\LogHelper.cs
7、详细信息：
Text:	INSERT INTO [SYS_LogInfo] ([Desc],[OptResultName],[OptResultId],[OptTypeName],[OptTypeId],[OptModulePath],[OptModuleName],[Status],[Mac],[IP],[Browser],[OptSystem],[OptTime],[OptUserName],[OptUserId],[DataId],[CompanyId],[LogTypeName],[LogTypeId],[LogId]) VALUES (@Desc0,@OptResultName1,@OptResultId2,@OptTypeName3,@OptTypeId4,@OptModulePath5,@OptModuleName6,@Status7,@Mac8,@IP9,@Browser10,@OptSystem11,@OptTime12,@OptUserName13,@OptUserId14,@DataId15,@CompanyId16,@LogTypeName17,@LogTypeId18,@LogId19)	
Parameters:
@Desc0[String] = 数据查询成功！
@OptResultName1[String] = 操作成功
@OptResultId2[Int32] = 100
@OptTypeName3[String] = 查询
@OptTypeId4[Int32] = 1003
@OptModulePath5[String] = /MsSys/Department/GetList
@OptModuleName6[String] = 部门管理
@Status7[Int32] = 1
@Mac8[String] = 40:8D:5C:30:F1:7D
@IP9[String] = 127.0.0.1
@Browser10[String] = IE 10.0
@OptSystem11[String] = Windows 8
@OptTime12[DateTime] = 2016/10/24 14:46:30
@OptUserName13[String] = 秦波
@OptUserId14[Guid] = 0ad06755-9fde-4ddd-9dcb-448462155a03
@DataId15[String] = 
@CompanyId16[Guid] = 078736e6-0cc2-48dc-80f1-6330419b4af1
@LogTypeName17[String] = 数据操作
@LogTypeId18[Int32] = 101
@LogId19[Guid] = 2d8380e0-e687-4a89-855b-83f23a97cf38



#############################################################################

1、时间：2016-10-24 14:46:33,322
2、优先级别：DEBUG
3、线程ID：19
4、耗时：574868
5、行号：140
6、文件名：f:\Net_Project.DosORM\Project\Dos.ORM\Dos.ORM.Common\Helpers\LogHelper.cs
7、详细信息：
Text:	 SELECT   TOP 1 * FROM [SYS_Department]  WHERE [SYS_Department].[DepartmentId] = @DepartmentId_32 	
Parameters:
@DepartmentId_32[Guid] = fd76bfd9-0b48-4c19-a6db-b64f5fea730a



#############################################################################

1、时间：2016-10-24 14:46:46,067
2、优先级别：DEBUG
3、线程ID：33
4、耗时：587613
5、行号：140
6、文件名：f:\Net_Project.DosORM\Project\Dos.ORM\Dos.ORM.Common\Helpers\LogHelper.cs
7、详细信息：
Text:	 SELECT   * FROM [SYS_Module]  WHERE ([SYS_Module].[Status] = @Status_33) AND ([SYS_Module].[OperatePageType] = @OperatePageType_34) 	
Parameters:
@Status_33[Int32] = 1
@OperatePageType_34[Int32] = 1



#############################################################################

1、时间：2016-10-24 14:46:52,006
2、优先级别：DEBUG
3、线程ID：24
4、耗时：593552
5、行号：140
6、文件名：f:\Net_Project.DosORM\Project\Dos.ORM\Dos.ORM.Common\Helpers\LogHelper.cs
7、详细信息：
Text:	 SELECT count(*) as r_cnt FROM [SYS_Department] WHERE ([SYS_Department].[Status] = @Status_35) AND ([SYS_Department].[CompanyId] = @CompanyId_36)	
Parameters:
@Status_35[Int32] = 1
@CompanyId_36[Guid] = 078736e6-0cc2-48dc-80f1-6330419b4af1



#############################################################################

1、时间：2016-10-24 14:46:52,021
2、优先级别：DEBUG
3、线程ID：24
4、耗时：593567
5、行号：140
6、文件名：f:\Net_Project.DosORM\Project\Dos.ORM\Dos.ORM.Common\Helpers\LogHelper.cs
7、详细信息：
Text:	 SELECT   TOP 15 * FROM [SYS_Department]  WHERE ([SYS_Department].[Status] = @Status_35) AND ([SYS_Department].[CompanyId] = @CompanyId_36) ORDER BY [SYS_Department].[CrtTime] DESC 	
Parameters:
@Status_35[Int32] = 1
@CompanyId_36[Guid] = 078736e6-0cc2-48dc-80f1-6330419b4af1



#############################################################################

1、时间：2016-10-24 14:46:52,040
2、优先级别：DEBUG
3、线程ID：24
4、耗时：593586
5、行号：140
6、文件名：f:\Net_Project.DosORM\Project\Dos.ORM\Dos.ORM.Common\Helpers\LogHelper.cs
7、详细信息：
Text:	INSERT INTO [SYS_LogInfo] ([Desc],[OptResultName],[OptResultId],[OptTypeName],[OptTypeId],[OptModulePath],[OptModuleName],[Status],[Mac],[IP],[Browser],[OptSystem],[OptTime],[OptUserName],[OptUserId],[DataId],[CompanyId],[LogTypeName],[LogTypeId],[LogId]) VALUES (@Desc0,@OptResultName1,@OptResultId2,@OptTypeName3,@OptTypeId4,@OptModulePath5,@OptModuleName6,@Status7,@Mac8,@IP9,@Browser10,@OptSystem11,@OptTime12,@OptUserName13,@OptUserId14,@DataId15,@CompanyId16,@LogTypeName17,@LogTypeId18,@LogId19)	
Parameters:
@Desc0[String] = 数据查询成功！
@OptResultName1[String] = 操作成功
@OptResultId2[Int32] = 100
@OptTypeName3[String] = 查询
@OptTypeId4[Int32] = 1003
@OptModulePath5[String] = /MsSys/Department/GetList
@OptModuleName6[String] = 部门管理
@Status7[Int32] = 1
@Mac8[String] = 40:8D:5C:30:F1:7D
@IP9[String] = 127.0.0.1
@Browser10[String] = InternetExplorer 11.0
@OptSystem11[String] = Windows 10
@OptTime12[DateTime] = 2016/10/24 14:46:52
@OptUserName13[String] = 秦波
@OptUserId14[Guid] = 0ad06755-9fde-4ddd-9dcb-448462155a03
@DataId15[String] = 
@CompanyId16[Guid] = 078736e6-0cc2-48dc-80f1-6330419b4af1
@LogTypeName17[String] = 数据操作
@LogTypeId18[Int32] = 101
@LogId19[Guid] = a828224c-e678-412e-88fb-28b355d03ee0



#############################################################################

1、时间：2016-10-24 14:47:02,279
2、优先级别：DEBUG
3、线程ID：34
4、耗时：603825
5、行号：140
6、文件名：f:\Net_Project.DosORM\Project\Dos.ORM\Dos.ORM.Common\Helpers\LogHelper.cs
7、详细信息：
Text:	 SELECT   * FROM [SYS_Module]  WHERE ([SYS_Module].[Status] = @Status_37) AND ([SYS_Module].[OperatePageType] = @OperatePageType_38) 	
Parameters:
@Status_37[Int32] = 1
@OperatePageType_38[Int32] = 1



#############################################################################

1、时间：2016-10-24 14:47:06,347
2、优先级别：DEBUG
3、线程ID：25
4、耗时：607893
5、行号：140
6、文件名：f:\Net_Project.DosORM\Project\Dos.ORM\Dos.ORM.Common\Helpers\LogHelper.cs
7、详细信息：
Text:	 SELECT   * FROM [SYS_Module]  WHERE ([SYS_Module].[Status] = @Status_39) AND ([SYS_Module].[OperatePageType] = @OperatePageType_40) 	
Parameters:
@Status_39[Int32] = 1
@OperatePageType_40[Int32] = 1



#############################################################################

1、时间：2016-10-24 14:47:08,649
2、优先级别：DEBUG
3、线程ID：33
4、耗时：610195
5、行号：140
6、文件名：f:\Net_Project.DosORM\Project\Dos.ORM\Dos.ORM.Common\Helpers\LogHelper.cs
7、详细信息：
Text:	 SELECT count(*) as r_cnt FROM [SYS_Role] WHERE ([SYS_Role].[Status] = @Status_41) AND ([SYS_Role].[CompanyId] = @CompanyId_42)	
Parameters:
@Status_41[Int32] = 1
@CompanyId_42[Guid] = 078736e6-0cc2-48dc-80f1-6330419b4af1



#############################################################################

1、时间：2016-10-24 14:47:08,651
2、优先级别：DEBUG
3、线程ID：33
4、耗时：610197
5、行号：140
6、文件名：f:\Net_Project.DosORM\Project\Dos.ORM\Dos.ORM.Common\Helpers\LogHelper.cs
7、详细信息：
Text:	 SELECT   TOP 15 * FROM [SYS_Role]  WHERE ([SYS_Role].[Status] = @Status_41) AND ([SYS_Role].[CompanyId] = @CompanyId_42) ORDER BY [SYS_Role].[CrtTime] DESC 	
Parameters:
@Status_41[Int32] = 1
@CompanyId_42[Guid] = 078736e6-0cc2-48dc-80f1-6330419b4af1



#############################################################################

1、时间：2016-10-24 14:47:08,663
2、优先级别：DEBUG
3、线程ID：33
4、耗时：610209
5、行号：140
6、文件名：f:\Net_Project.DosORM\Project\Dos.ORM\Dos.ORM.Common\Helpers\LogHelper.cs
7、详细信息：
Text:	INSERT INTO [SYS_LogInfo] ([Desc],[OptResultName],[OptResultId],[OptTypeName],[OptTypeId],[OptModulePath],[OptModuleName],[Status],[Mac],[IP],[Browser],[OptSystem],[OptTime],[OptUserName],[OptUserId],[DataId],[CompanyId],[LogTypeName],[LogTypeId],[LogId]) VALUES (@Desc0,@OptResultName1,@OptResultId2,@OptTypeName3,@OptTypeId4,@OptModulePath5,@OptModuleName6,@Status7,@Mac8,@IP9,@Browser10,@OptSystem11,@OptTime12,@OptUserName13,@OptUserId14,@DataId15,@CompanyId16,@LogTypeName17,@LogTypeId18,@LogId19)	
Parameters:
@Desc0[String] = 数据查询成功！
@OptResultName1[String] = 操作成功
@OptResultId2[Int32] = 100
@OptTypeName3[String] = 查询
@OptTypeId4[Int32] = 1003
@OptModulePath5[String] = /MsSys/Role/GetList
@OptModuleName6[String] = 角色管理
@Status7[Int32] = 1
@Mac8[String] = 40:8D:5C:30:F1:7D
@IP9[String] = 127.0.0.1
@Browser10[String] = IE 7.0
@OptSystem11[String] = Windows Vista/Server 2008
@OptTime12[DateTime] = 2016/10/24 14:47:08
@OptUserName13[String] = 秦波
@OptUserId14[Guid] = 0ad06755-9fde-4ddd-9dcb-448462155a03
@DataId15[String] = 
@CompanyId16[Guid] = 078736e6-0cc2-48dc-80f1-6330419b4af1
@LogTypeName17[String] = 数据操作
@LogTypeId18[Int32] = 101
@LogId19[Guid] = 844c33e1-c5ea-48b2-903a-6288692e88e6



#############################################################################

1、时间：2016-10-24 14:47:10,606
2、优先级别：DEBUG
3、线程ID：17
4、耗时：612153
5、行号：140
6、文件名：f:\Net_Project.DosORM\Project\Dos.ORM\Dos.ORM.Common\Helpers\LogHelper.cs
7、详细信息：
Text:	 SELECT   TOP 1 * FROM [SYS_Role]  WHERE [SYS_Role].[RoleId] = @RoleId_43 	
Parameters:
@RoleId_43[Guid] = 8d114224-828c-4d1c-9e32-b70548e7a3db



#############################################################################

1、时间：2016-10-24 14:47:11,031
2、优先级别：DEBUG
3、线程ID：25
4、耗时：612577
5、行号：140
6、文件名：f:\Net_Project.DosORM\Project\Dos.ORM\Dos.ORM.Common\Helpers\LogHelper.cs
7、详细信息：
Text:	 SELECT   * FROM [SYS_RoleModuleRelation]  WHERE [SYS_RoleModuleRelation].[RoleId] = @RoleId_44 	
Parameters:
@RoleId_44[Guid] = 8d114224-828c-4d1c-9e32-b70548e7a3db



#############################################################################

1、时间：2016-10-24 14:47:11,035
2、优先级别：DEBUG
3、线程ID：25
4、耗时：612581
5、行号：140
6、文件名：f:\Net_Project.DosORM\Project\Dos.ORM\Dos.ORM.Common\Helpers\LogHelper.cs
7、详细信息：
Text:	 SELECT   * FROM [SYS_Module]  WHERE [SYS_Module].[Status] = @Status_45 	
Parameters:
@Status_45[Int32] = 1



#############################################################################

1、时间：2016-10-24 14:47:20,593
2、优先级别：DEBUG
3、线程ID：35
4、耗时：622139
5、行号：140
6、文件名：f:\Net_Project.DosORM\Project\Dos.ORM\Dos.ORM.Common\Helpers\LogHelper.cs
7、详细信息：
Text:	 SELECT   * FROM [SYS_Module]  WHERE ([SYS_Module].[Status] = @Status_46) AND ([SYS_Module].[OperatePageType] = @OperatePageType_47) 	
Parameters:
@Status_46[Int32] = 1
@OperatePageType_47[Int32] = 1



#############################################################################

1、时间：2016-10-24 14:52:23,834
2、优先级别：DEBUG
3、线程ID：39
4、耗时：925380
5、行号：140
6、文件名：f:\Net_Project.DosORM\Project\Dos.ORM\Dos.ORM.Common\Helpers\LogHelper.cs
7、详细信息：
Text:	 SELECT   TOP 1 * FROM [SYS_Department]  WHERE [SYS_Department].[DepartmentId] = @DepartmentId_48 	
Parameters:
@DepartmentId_48[Guid] = 4f4cc8c6-6720-42ff-98d4-dbc07eb128f0



#############################################################################

1、时间：2016-10-24 14:52:33,701
2、优先级别：DEBUG
3、线程ID：37
4、耗时：935248
5、行号：140
6、文件名：f:\Net_Project.DosORM\Project\Dos.ORM\Dos.ORM.Common\Helpers\LogHelper.cs
7、详细信息：
Text:	 SELECT count(*) as r_cnt FROM [SYS_Department] WHERE ([SYS_Department].[Status] = @Status_49) AND ([SYS_Department].[CompanyId] = @CompanyId_50)	
Parameters:
@Status_49[Int32] = 1
@CompanyId_50[Guid] = 078736e6-0cc2-48dc-80f1-6330419b4af1



#############################################################################

1、时间：2016-10-24 14:52:33,706
2、优先级别：DEBUG
3、线程ID：37
4、耗时：935253
5、行号：140
6、文件名：f:\Net_Project.DosORM\Project\Dos.ORM\Dos.ORM.Common\Helpers\LogHelper.cs
7、详细信息：
Text:	 SELECT   TOP 15 * FROM [SYS_Department]  WHERE ([SYS_Department].[Status] = @Status_49) AND ([SYS_Department].[CompanyId] = @CompanyId_50) ORDER BY [SYS_Department].[CrtTime] DESC 	
Parameters:
@Status_49[Int32] = 1
@CompanyId_50[Guid] = 078736e6-0cc2-48dc-80f1-6330419b4af1



#############################################################################

1、时间：2016-10-24 14:52:33,731
2、优先级别：DEBUG
3、线程ID：37
4、耗时：935278
5、行号：140
6、文件名：f:\Net_Project.DosORM\Project\Dos.ORM\Dos.ORM.Common\Helpers\LogHelper.cs
7、详细信息：
Text:	INSERT INTO [SYS_LogInfo] ([Desc],[OptResultName],[OptResultId],[OptTypeName],[OptTypeId],[OptModulePath],[OptModuleName],[Status],[Mac],[IP],[Browser],[OptSystem],[OptTime],[OptUserName],[OptUserId],[DataId],[CompanyId],[LogTypeName],[LogTypeId],[LogId]) VALUES (@Desc0,@OptResultName1,@OptResultId2,@OptTypeName3,@OptTypeId4,@OptModulePath5,@OptModuleName6,@Status7,@Mac8,@IP9,@Browser10,@OptSystem11,@OptTime12,@OptUserName13,@OptUserId14,@DataId15,@CompanyId16,@LogTypeName17,@LogTypeId18,@LogId19)	
Parameters:
@Desc0[String] = 数据查询成功！
@OptResultName1[String] = 操作成功
@OptResultId2[Int32] = 100
@OptTypeName3[String] = 查询
@OptTypeId4[Int32] = 1003
@OptModulePath5[String] = /MsSys/Department/GetList
@OptModuleName6[String] = 部门管理
@Status7[Int32] = 1
@Mac8[String] = 40:8D:5C:30:F1:7D
@IP9[String] = 127.0.0.1
@Browser10[String] = Chrome 54.0
@OptSystem11[String] = Windows 10
@OptTime12[DateTime] = 2016/10/24 14:52:33
@OptUserName13[String] = 秦波
@OptUserId14[Guid] = 0ad06755-9fde-4ddd-9dcb-448462155a03
@DataId15[String] = 
@CompanyId16[Guid] = 078736e6-0cc2-48dc-80f1-6330419b4af1
@LogTypeName17[String] = 数据操作
@LogTypeId18[Int32] = 101
@LogId19[Guid] = a4b4d2a0-715b-467c-8aec-6a69b1b5d02c


