
#############################################################################

1、时间：2017-01-22 16:45:02,712
2、优先级别：DEBUG
3、线程ID：13
4、耗时：68963
5、行号：140
6、文件名：e:\Net_03.Personal\Net_Project.DosORM\Project.WithWebApi\Dos.ORM\Dos.ORM.Common\Helpers\LogHelper.cs
7、详细信息：
Text:	 SELECT   TOP 1 * FROM [SYS_Department]  WHERE [SYS_Department].[DepartmentName] = @DepartmentName1 	
Parameters:
@DepartmentName1[String] = 部门1



#############################################################################

1、时间：2017-01-22 16:45:18,947
2、优先级别：DEBUG
3、线程ID：13
4、耗时：85197
5、行号：140
6、文件名：e:\Net_03.Personal\Net_Project.DosORM\Project.WithWebApi\Dos.ORM\Dos.ORM.Common\Helpers\LogHelper.cs
7、详细信息：
Text:	 SELECT   TOP 1 * FROM [SYS_Department]  WHERE [SYS_Department].[DepartmentName] = @DepartmentName2 	
Parameters:
@DepartmentName2[String] = 部门1



#############################################################################

1、时间：2017-01-22 16:52:37,620
2、优先级别：DEBUG
3、线程ID：16
4、耗时：26162
5、行号：140
6、文件名：e:\Net_03.Personal\Net_Project.DosORM\Project.WithWebApi\Dos.ORM\Dos.ORM.Common\Helpers\LogHelper.cs
7、详细信息：
Text:	 SELECT   TOP 1 * FROM [SYS_Department]  WHERE [SYS_Department].[DepartmentName] = @DepartmentName1 	
Parameters:
@DepartmentName1[String] = 部门1



#############################################################################

1、时间：2017-01-22 16:53:17,258
2、优先级别：DEBUG
3、线程ID：30
4、耗时：65800
5、行号：140
6、文件名：e:\Net_03.Personal\Net_Project.DosORM\Project.WithWebApi\Dos.ORM\Dos.ORM.Common\Helpers\LogHelper.cs
7、详细信息：
Text:	 SELECT   * FROM [SYS_Department]  WHERE  1=1  	


