
#############################################################################

1、时间：2016-10-03 17:28:52,538
2、优先级别：DEBUG
3、线程ID：39
4、耗时：1678029
5、行号：140
6、文件名：f:\Net_Project.DosORM\Project\Dos.ORM\Dos.ORM.Common\Helpers\LogHelper.cs
7、详细信息：
Text:	 SELECT   TOP 1 * FROM [SYS_Operator]  WHERE ([SYS_Operator].[Account] = @Account_2) AND ([SYS_Operator].[Pwd] = @Pwd_3) 	
Parameters:
@Account_2[String] = quber
@Pwd_3[String] = C1851CFE23E736DE



#############################################################################

1、时间：2016-10-03 17:28:52,749
2、优先级别：DEBUG
3、线程ID：39
4、耗时：1678240
5、行号：140
6、文件名：f:\Net_Project.DosORM\Project\Dos.ORM\Dos.ORM.Common\Helpers\LogHelper.cs
7、详细信息：
Text:	 SELECT   TOP 1 * FROM [SYS_Company]  WHERE [SYS_Company].[CompanyId] = @CompanyId_4 	
Parameters:
@CompanyId_4[Guid] = 078736e6-0cc2-48dc-80f1-6330419b4af1



#############################################################################

1、时间：2016-10-03 17:28:52,774
2、优先级别：DEBUG
3、线程ID：39
4、耗时：1678265
5、行号：140
6、文件名：f:\Net_Project.DosORM\Project\Dos.ORM\Dos.ORM.Common\Helpers\LogHelper.cs
7、详细信息：
Text:	
                SELECT * FROM dbo.SYS_Department a
                LEFT JOIN dbo.SYS_OperatorDepartmentRelation b ON a.DepartmentId=b.DepartmentId
                WHERE b.OperatorId='0ad06755-9fde-4ddd-9dcb-448462155a03';
            	



#############################################################################

1、时间：2016-10-03 17:28:52,830
2、优先级别：DEBUG
3、线程ID：39
4、耗时：1678321
5、行号：140
6、文件名：f:\Net_Project.DosORM\Project\Dos.ORM\Dos.ORM.Common\Helpers\LogHelper.cs
7、详细信息：
Text:	
                SELECT * FROM dbo.SYS_Role a
                LEFT JOIN dbo.SYS_OperatorRoleRelation b ON a.RoleId=b.RoleId
                WHERE b.OperatorId='0ad06755-9fde-4ddd-9dcb-448462155a03';
            	



#############################################################################

1、时间：2016-10-03 17:28:52,882
2、优先级别：DEBUG
3、线程ID：39
4、耗时：1678373
5、行号：140
6、文件名：f:\Net_Project.DosORM\Project\Dos.ORM\Dos.ORM.Common\Helpers\LogHelper.cs
7、详细信息：
Text:	 SELECT   * FROM [v_SYS_Module]  WHERE  1=1  	



#############################################################################

1、时间：2016-10-03 17:28:52,917
2、优先级别：DEBUG
3、线程ID：39
4、耗时：1678408
5、行号：140
6、文件名：f:\Net_Project.DosORM\Project\Dos.ORM\Dos.ORM.Common\Helpers\LogHelper.cs
7、详细信息：
Text:	 SELECT   * FROM [v_SYS_Button]  WHERE  1=1  	



#############################################################################

1、时间：2016-10-03 17:28:53,349
2、优先级别：DEBUG
3、线程ID：39
4、耗时：1678840
5、行号：140
6、文件名：f:\Net_Project.DosORM\Project\Dos.ORM\Dos.ORM.Common\Helpers\LogHelper.cs
7、详细信息：
Text:	INSERT INTO [SYS_LogInfo] ([OptModuleName],[DataId],[Desc],[OptResultName],[OptResultId],[OptTypeName],[OptTypeId],[OptModulePath],[Status],[Mac],[IP],[Browser],[OptSystem],[OptTime],[OptUserName],[OptUserId],[CompanyId],[LogTypeName],[LogTypeId],[LogId]) VALUES (@OptModuleName0,@DataId1,@Desc2,@OptResultName3,@OptResultId4,@OptTypeName5,@OptTypeId6,@OptModulePath7,@Status8,@Mac9,@IP10,@Browser11,@OptSystem12,@OptTime13,@OptUserName14,@OptUserId15,@CompanyId16,@LogTypeName17,@LogTypeId18,@LogId19)	
Parameters:
@OptModuleName0[String] = 登录系统
@DataId1[String] = 
@Desc2[String] = 登录成功！
@OptResultName3[String] = 登录成功
@OptResultId4[Int32] = 300
@OptTypeName5[String] = 登录
@OptTypeId6[Int32] = 2001
@OptModulePath7[String] = /MsSys/Login/CheckLogin
@Status8[Int32] = 1
@Mac9[String] = B8:76:3F:1F:BC:40
@IP10[String] = 127.0.0.1
@Browser11[String] = Chrome 53.0
@OptSystem12[String] = Windows 10
@OptTime13[DateTime] = 2016/10/3 17:28:53
@OptUserName14[String] = 秦波
@OptUserId15[Guid] = 0ad06755-9fde-4ddd-9dcb-448462155a03
@CompanyId16[Guid] = 078736e6-0cc2-48dc-80f1-6330419b4af1
@LogTypeName17[String] = 登录登出
@LogTypeId18[Int32] = 100
@LogId19[Guid] = c7651446-8222-4d18-9c5f-7174e2bb66d8



#############################################################################

1、时间：2016-10-03 17:28:56,853
2、优先级别：DEBUG
3、线程ID：41
4、耗时：1682344
5、行号：140
6、文件名：f:\Net_Project.DosORM\Project\Dos.ORM\Dos.ORM.Common\Helpers\LogHelper.cs
7、详细信息：
Text:	 SELECT   * FROM [SYS_Module]  WHERE ([SYS_Module].[Status] = @Status_5) AND ([SYS_Module].[OperatePageType] = @OperatePageType_6) 	
Parameters:
@Status_5[Int32] = 1
@OperatePageType_6[Int32] = 1



#############################################################################

1、时间：2016-10-03 17:29:06,853
2、优先级别：DEBUG
3、线程ID：43
4、耗时：1692344
5、行号：140
6、文件名：f:\Net_Project.DosORM\Project\Dos.ORM\Dos.ORM.Common\Helpers\LogHelper.cs
7、详细信息：
Text:	 SELECT   TOP 1 [BUS_Introduction].[IntId] FROM [BUS_Introduction]  WHERE [BUS_Introduction].[IntId] = @IntId_7 	
Parameters:
@IntId_7[Int32] = 200



#############################################################################

1、时间：2016-10-03 17:29:06,901
2、优先级别：DEBUG
3、线程ID：43
4、耗时：1692392
5、行号：140
6、文件名：f:\Net_Project.DosORM\Project\Dos.ORM\Dos.ORM.Common\Helpers\LogHelper.cs
7、详细信息：
Text:	 SELECT   TOP 1 * FROM [BUS_Introduction]  WHERE [BUS_Introduction].[IntId] = @IntId_8 	
Parameters:
@IntId_8[Int32] = 200



#############################################################################

1、时间：2016-10-03 17:38:54,852
2、优先级别：DEBUG
3、线程ID：42
4、耗时：2280344
5、行号：140
6、文件名：f:\Net_Project.DosORM\Project\Dos.ORM\Dos.ORM.Common\Helpers\LogHelper.cs
7、详细信息：
Text:	 SELECT   TOP 1 [BUS_Introduction].[IntId] FROM [BUS_Introduction]  WHERE [BUS_Introduction].[IntId] = @IntId_9 	
Parameters:
@IntId_9[Int32] = 100



#############################################################################

1、时间：2016-10-03 17:38:54,903
2、优先级别：DEBUG
3、线程ID：42
4、耗时：2280394
5、行号：140
6、文件名：f:\Net_Project.DosORM\Project\Dos.ORM\Dos.ORM.Common\Helpers\LogHelper.cs
7、详细信息：
Text:	 SELECT   TOP 1 * FROM [BUS_Introduction]  WHERE [BUS_Introduction].[IntId] = @IntId_10 	
Parameters:
@IntId_10[Int32] = 100


