
#############################################################################

1、时间：2016-09-28 11:02:22,896
2、优先级别：DEBUG
3、线程ID：6
4、耗时：13170
5、行号：140
6、文件名：e:\Net_03.Personal\Net_Project.DosORM\Project\Dos.ORM\Dos.ORM.Common\Helpers\LogHelper.cs
7、详细信息：
Text:	 SELECT   TOP 1 * FROM [SYS_Operator]  WHERE ([SYS_Operator].[Account] = @Account_2) AND ([SYS_Operator].[Pwd] = @Pwd_3) 	
Parameters:
@Account_2[String] = quber
@Pwd_3[String] = C1851CFE23E736DE



#############################################################################

1、时间：2016-09-28 11:02:22,931
2、优先级别：DEBUG
3、线程ID：6
4、耗时：13205
5、行号：140
6、文件名：e:\Net_03.Personal\Net_Project.DosORM\Project\Dos.ORM\Dos.ORM.Common\Helpers\LogHelper.cs
7、详细信息：
Text:	 SELECT   TOP 1 * FROM [SYS_Company]  WHERE [SYS_Company].[CompanyId] = @CompanyId_4 	
Parameters:
@CompanyId_4[Guid] = 078736e6-0cc2-48dc-80f1-6330419b4af1



#############################################################################

1、时间：2016-09-28 11:02:22,957
2、优先级别：DEBUG
3、线程ID：6
4、耗时：13231
5、行号：140
6、文件名：e:\Net_03.Personal\Net_Project.DosORM\Project\Dos.ORM\Dos.ORM.Common\Helpers\LogHelper.cs
7、详细信息：
Text:	
                SELECT * FROM dbo.SYS_Department a
                LEFT JOIN dbo.SYS_OperatorDepartmentRelation b ON a.DepartmentId=b.DepartmentId
                WHERE b.OperatorId='0ad06755-9fde-4ddd-9dcb-448462155a03';
            	



#############################################################################

1、时间：2016-09-28 11:02:22,965
2、优先级别：DEBUG
3、线程ID：6
4、耗时：13239
5、行号：140
6、文件名：e:\Net_03.Personal\Net_Project.DosORM\Project\Dos.ORM\Dos.ORM.Common\Helpers\LogHelper.cs
7、详细信息：
Text:	
                SELECT * FROM dbo.SYS_Role a
                LEFT JOIN dbo.SYS_OperatorRoleRelation b ON a.RoleId=b.RoleId
                WHERE b.OperatorId='0ad06755-9fde-4ddd-9dcb-448462155a03';
            	



#############################################################################

1、时间：2016-09-28 11:02:22,973
2、优先级别：DEBUG
3、线程ID：6
4、耗时：13247
5、行号：140
6、文件名：e:\Net_03.Personal\Net_Project.DosORM\Project\Dos.ORM\Dos.ORM.Common\Helpers\LogHelper.cs
7、详细信息：
Text:	 SELECT   * FROM [v_SYS_Module]  WHERE  1=1  	



#############################################################################

1、时间：2016-09-28 11:02:22,985
2、优先级别：DEBUG
3、线程ID：6
4、耗时：13259
5、行号：140
6、文件名：e:\Net_03.Personal\Net_Project.DosORM\Project\Dos.ORM\Dos.ORM.Common\Helpers\LogHelper.cs
7、详细信息：
Text:	 SELECT   * FROM [v_SYS_Button]  WHERE  1=1  	



#############################################################################

1、时间：2016-09-28 11:02:23,163
2、优先级别：DEBUG
3、线程ID：6
4、耗时：13437
5、行号：140
6、文件名：e:\Net_03.Personal\Net_Project.DosORM\Project\Dos.ORM\Dos.ORM.Common\Helpers\LogHelper.cs
7、详细信息：
Text:	INSERT INTO [SYS_LogInfo] ([OptModuleName],[DataId],[Desc],[OptResultName],[OptResultId],[OptTypeName],[OptTypeId],[OptModulePath],[Status],[Mac],[IP],[Browser],[OptSystem],[OptTime],[OptUserName],[OptUserId],[CompanyId],[LogTypeName],[LogTypeId],[LogId]) VALUES (@OptModuleName0,@DataId1,@Desc2,@OptResultName3,@OptResultId4,@OptTypeName5,@OptTypeId6,@OptModulePath7,@Status8,@Mac9,@IP10,@Browser11,@OptSystem12,@OptTime13,@OptUserName14,@OptUserId15,@CompanyId16,@LogTypeName17,@LogTypeId18,@LogId19)	
Parameters:
@OptModuleName0[String] = 登录系统
@DataId1[String] = 
@Desc2[String] = 登录成功！
@OptResultName3[String] = 登录成功
@OptResultId4[Int32] = 300
@OptTypeName5[String] = 登录
@OptTypeId6[Int32] = 2001
@OptModulePath7[String] = /MsSys/Login/CheckLogin
@Status8[Int32] = 1
@Mac9[String] = 40:8D:5C:30:F1:7D
@IP10[String] = 192.168.0.200
@Browser11[String] = Chrome 53.0
@OptSystem12[String] = Windows 10
@OptTime13[DateTime] = 2016/9/28 11:02:23
@OptUserName14[String] = 秦波
@OptUserId15[Guid] = 0ad06755-9fde-4ddd-9dcb-448462155a03
@CompanyId16[Guid] = 078736e6-0cc2-48dc-80f1-6330419b4af1
@LogTypeName17[String] = 登录登出
@LogTypeId18[Int32] = 100
@LogId19[Guid] = 653eefd0-45f8-4893-b96d-9482a5efc4df



#############################################################################

1、时间：2016-09-28 11:02:25,958
2、优先级别：DEBUG
3、线程ID：15
4、耗时：16232
5、行号：140
6、文件名：e:\Net_03.Personal\Net_Project.DosORM\Project\Dos.ORM\Dos.ORM.Common\Helpers\LogHelper.cs
7、详细信息：
Text:	 SELECT   * FROM [SYS_Module]  WHERE ([SYS_Module].[Status] = @Status_5) AND ([SYS_Module].[OperatePageType] = @OperatePageType_6) 	
Parameters:
@Status_5[Int32] = 1
@OperatePageType_6[Int32] = 1



#############################################################################

1、时间：2016-09-28 11:07:43,891
2、优先级别：DEBUG
3、线程ID：19
4、耗时：334165
5、行号：140
6、文件名：e:\Net_03.Personal\Net_Project.DosORM\Project\Dos.ORM\Dos.ORM.Common\Helpers\LogHelper.cs
7、详细信息：
Text:	 SELECT count(*) as r_cnt FROM [SYS_Company] WHERE ([SYS_Company].[Status] = @Status_7) AND ([SYS_Company].[CompanyId] = @CompanyId_8)	
Parameters:
@Status_7[Int32] = 1
@CompanyId_8[Guid] = 078736e6-0cc2-48dc-80f1-6330419b4af1



#############################################################################

1、时间：2016-09-28 11:07:43,897
2、优先级别：DEBUG
3、线程ID：19
4、耗时：334171
5、行号：140
6、文件名：e:\Net_03.Personal\Net_Project.DosORM\Project\Dos.ORM\Dos.ORM.Common\Helpers\LogHelper.cs
7、详细信息：
Text:	 SELECT   TOP 15 * FROM [SYS_Company]  WHERE ([SYS_Company].[Status] = @Status_7) AND ([SYS_Company].[CompanyId] = @CompanyId_8) ORDER BY [SYS_Company].[CrtTime] DESC 	
Parameters:
@Status_7[Int32] = 1
@CompanyId_8[Guid] = 078736e6-0cc2-48dc-80f1-6330419b4af1



#############################################################################

1、时间：2016-09-28 11:07:43,940
2、优先级别：DEBUG
3、线程ID：19
4、耗时：334214
5、行号：140
6、文件名：e:\Net_03.Personal\Net_Project.DosORM\Project\Dos.ORM\Dos.ORM.Common\Helpers\LogHelper.cs
7、详细信息：
Text:	INSERT INTO [SYS_LogInfo] ([Desc],[OptResultName],[OptResultId],[OptTypeName],[OptTypeId],[OptModulePath],[OptModuleName],[Status],[Mac],[IP],[Browser],[OptSystem],[OptTime],[OptUserName],[OptUserId],[DataId],[CompanyId],[LogTypeName],[LogTypeId],[LogId]) VALUES (@Desc0,@OptResultName1,@OptResultId2,@OptTypeName3,@OptTypeId4,@OptModulePath5,@OptModuleName6,@Status7,@Mac8,@IP9,@Browser10,@OptSystem11,@OptTime12,@OptUserName13,@OptUserId14,@DataId15,@CompanyId16,@LogTypeName17,@LogTypeId18,@LogId19)	
Parameters:
@Desc0[String] = 数据查询成功！
@OptResultName1[String] = 操作成功
@OptResultId2[Int32] = 100
@OptTypeName3[String] = 查询
@OptTypeId4[Int32] = 1003
@OptModulePath5[String] = /MsSys/Company/GetList
@OptModuleName6[String] = 公司管理
@Status7[Int32] = 1
@Mac8[String] = 40:8D:5C:30:F1:7D
@IP9[String] = 192.168.0.200
@Browser10[String] = Chrome 53.0
@OptSystem11[String] = Windows 10
@OptTime12[DateTime] = 2016/9/28 11:07:43
@OptUserName13[String] = 秦波
@OptUserId14[Guid] = 0ad06755-9fde-4ddd-9dcb-448462155a03
@DataId15[String] = 
@CompanyId16[Guid] = 078736e6-0cc2-48dc-80f1-6330419b4af1
@LogTypeName17[String] = 数据操作
@LogTypeId18[Int32] = 101
@LogId19[Guid] = e600cef5-5394-4f70-8ca0-76230b8e8ad5



#############################################################################

1、时间：2016-09-28 11:46:33,141
2、优先级别：DEBUG
3、线程ID：8
4、耗时：7900
5、行号：140
6、文件名：e:\Net_03.Personal\Net_Project.DosORM\Project\Dos.ORM\Dos.ORM.Common\Helpers\LogHelper.cs
7、详细信息：
Text:	 SELECT   TOP 1 * FROM [SYS_Operator]  WHERE ([SYS_Operator].[Account] = @Account_2) AND ([SYS_Operator].[Pwd] = @Pwd_3) 	
Parameters:
@Account_2[String] = quber
@Pwd_3[String] = C1851CFE23E736DE



#############################################################################

1、时间：2016-09-28 11:46:33,179
2、优先级别：DEBUG
3、线程ID：8
4、耗时：7938
5、行号：140
6、文件名：e:\Net_03.Personal\Net_Project.DosORM\Project\Dos.ORM\Dos.ORM.Common\Helpers\LogHelper.cs
7、详细信息：
Text:	 SELECT   TOP 1 * FROM [SYS_Company]  WHERE [SYS_Company].[CompanyId] = @CompanyId_4 	
Parameters:
@CompanyId_4[Guid] = 078736e6-0cc2-48dc-80f1-6330419b4af1



#############################################################################

1、时间：2016-09-28 11:46:33,190
2、优先级别：DEBUG
3、线程ID：8
4、耗时：7949
5、行号：140
6、文件名：e:\Net_03.Personal\Net_Project.DosORM\Project\Dos.ORM\Dos.ORM.Common\Helpers\LogHelper.cs
7、详细信息：
Text:	
                SELECT * FROM dbo.SYS_Department a
                LEFT JOIN dbo.SYS_OperatorDepartmentRelation b ON a.DepartmentId=b.DepartmentId
                WHERE b.OperatorId='0ad06755-9fde-4ddd-9dcb-448462155a03';
            	



#############################################################################

1、时间：2016-09-28 11:46:33,198
2、优先级别：DEBUG
3、线程ID：8
4、耗时：7957
5、行号：140
6、文件名：e:\Net_03.Personal\Net_Project.DosORM\Project\Dos.ORM\Dos.ORM.Common\Helpers\LogHelper.cs
7、详细信息：
Text:	
                SELECT * FROM dbo.SYS_Role a
                LEFT JOIN dbo.SYS_OperatorRoleRelation b ON a.RoleId=b.RoleId
                WHERE b.OperatorId='0ad06755-9fde-4ddd-9dcb-448462155a03';
            	



#############################################################################

1、时间：2016-09-28 11:46:33,207
2、优先级别：DEBUG
3、线程ID：8
4、耗时：7966
5、行号：140
6、文件名：e:\Net_03.Personal\Net_Project.DosORM\Project\Dos.ORM\Dos.ORM.Common\Helpers\LogHelper.cs
7、详细信息：
Text:	 SELECT   * FROM [v_SYS_Module]  WHERE  1=1  	



#############################################################################

1、时间：2016-09-28 11:46:33,218
2、优先级别：DEBUG
3、线程ID：8
4、耗时：7977
5、行号：140
6、文件名：e:\Net_03.Personal\Net_Project.DosORM\Project\Dos.ORM\Dos.ORM.Common\Helpers\LogHelper.cs
7、详细信息：
Text:	 SELECT   * FROM [v_SYS_Button]  WHERE  1=1  	



#############################################################################

1、时间：2016-09-28 11:46:33,380
2、优先级别：DEBUG
3、线程ID：8
4、耗时：8139
5、行号：140
6、文件名：e:\Net_03.Personal\Net_Project.DosORM\Project\Dos.ORM\Dos.ORM.Common\Helpers\LogHelper.cs
7、详细信息：
Text:	INSERT INTO [SYS_LogInfo] ([OptModuleName],[DataId],[Desc],[OptResultName],[OptResultId],[OptTypeName],[OptTypeId],[OptModulePath],[Status],[Mac],[IP],[Browser],[OptSystem],[OptTime],[OptUserName],[OptUserId],[CompanyId],[LogTypeName],[LogTypeId],[LogId]) VALUES (@OptModuleName0,@DataId1,@Desc2,@OptResultName3,@OptResultId4,@OptTypeName5,@OptTypeId6,@OptModulePath7,@Status8,@Mac9,@IP10,@Browser11,@OptSystem12,@OptTime13,@OptUserName14,@OptUserId15,@CompanyId16,@LogTypeName17,@LogTypeId18,@LogId19)	
Parameters:
@OptModuleName0[String] = 登录系统
@DataId1[String] = 
@Desc2[String] = 登录成功！
@OptResultName3[String] = 登录成功
@OptResultId4[Int32] = 300
@OptTypeName5[String] = 登录
@OptTypeId6[Int32] = 2001
@OptModulePath7[String] = /MsSys/Login/CheckLogin
@Status8[Int32] = 1
@Mac9[String] = 40:8D:5C:30:F1:7D
@IP10[String] = 192.168.0.200
@Browser11[String] = Chrome 53.0
@OptSystem12[String] = Windows 10
@OptTime13[DateTime] = 2016/9/28 11:46:33
@OptUserName14[String] = 秦波
@OptUserId15[Guid] = 0ad06755-9fde-4ddd-9dcb-448462155a03
@CompanyId16[Guid] = 078736e6-0cc2-48dc-80f1-6330419b4af1
@LogTypeName17[String] = 登录登出
@LogTypeId18[Int32] = 100
@LogId19[Guid] = 267422fc-1e70-421f-8f3d-435de8050037



#############################################################################

1、时间：2016-09-28 11:46:37,040
2、优先级别：DEBUG
3、线程ID：8
4、耗时：11799
5、行号：140
6、文件名：e:\Net_03.Personal\Net_Project.DosORM\Project\Dos.ORM\Dos.ORM.Common\Helpers\LogHelper.cs
7、详细信息：
Text:	 SELECT   * FROM [SYS_Module]  WHERE ([SYS_Module].[Status] = @Status_5) AND ([SYS_Module].[OperatePageType] = @OperatePageType_6) 	
Parameters:
@Status_5[Int32] = 1
@OperatePageType_6[Int32] = 1



#############################################################################

1、时间：2016-09-28 11:47:16,637
2、优先级别：DEBUG
3、线程ID：15
4、耗时：51396
5、行号：140
6、文件名：e:\Net_03.Personal\Net_Project.DosORM\Project\Dos.ORM\Dos.ORM.Common\Helpers\LogHelper.cs
7、详细信息：
Text:	 SELECT   * FROM [SYS_Module]  WHERE ([SYS_Module].[Status] = @Status_7) AND ([SYS_Module].[OperatePageType] = @OperatePageType_8) 	
Parameters:
@Status_7[Int32] = 1
@OperatePageType_8[Int32] = 1



#############################################################################

1、时间：2016-09-28 11:48:58,625
2、优先级别：DEBUG
3、线程ID：13
4、耗时：153384
5、行号：140
6、文件名：e:\Net_03.Personal\Net_Project.DosORM\Project\Dos.ORM\Dos.ORM.Common\Helpers\LogHelper.cs
7、详细信息：
Text:	 SELECT   * FROM [SYS_Module]  WHERE ([SYS_Module].[Status] = @Status_9) AND ([SYS_Module].[OperatePageType] = @OperatePageType_10) 	
Parameters:
@Status_9[Int32] = 1
@OperatePageType_10[Int32] = 1


