
#############################################################################

1、时间：2016-12-27 09:20:09,785
2、优先级别：DEBUG
3、线程ID：39
4、耗时：1825
5、行号：140
6、文件名：e:\Net_03.Personal\Net_Project.DosORM\Project\Dos.ORM\Dos.ORM.Common\Helpers\LogHelper.cs
7、详细信息：
Text:	 SELECT   * FROM [SYS_Department]  WHERE  1=1  	



#############################################################################

1、时间：2016-12-27 09:30:25,339
2、优先级别：DEBUG
3、线程ID：58
4、耗时：9931
5、行号：140
6、文件名：e:\Net_03.Personal\Net_Project.DosORM\Project\Dos.ORM\Dos.ORM.Common\Helpers\LogHelper.cs
7、详细信息：
Text:	 SELECT   TOP 1 * FROM [SYS_Operator]  WHERE ([SYS_Operator].[Account] = @Account1) AND ([SYS_Operator].[Pwd] = @Pwd2) 	
Parameters:
@Account1[String] = quber
@Pwd2[String] = C1851CFE23E736DE



#############################################################################

1、时间：2016-12-27 09:30:25,449
2、优先级别：DEBUG
3、线程ID：58
4、耗时：10040
5、行号：140
6、文件名：e:\Net_03.Personal\Net_Project.DosORM\Project\Dos.ORM\Dos.ORM.Common\Helpers\LogHelper.cs
7、详细信息：
Text:	 SELECT   TOP 1 * FROM [SYS_Company]  WHERE [SYS_Company].[CompanyId] = @CompanyId3 	
Parameters:
@CompanyId3[Guid] = 078736e6-0cc2-48dc-80f1-6330419b4af1



#############################################################################

1、时间：2016-12-27 09:30:25,461
2、优先级别：DEBUG
3、线程ID：58
4、耗时：10052
5、行号：140
6、文件名：e:\Net_03.Personal\Net_Project.DosORM\Project\Dos.ORM\Dos.ORM.Common\Helpers\LogHelper.cs
7、详细信息：
Text:	
                SELECT * FROM dbo.SYS_Department a
                LEFT JOIN dbo.SYS_OperatorDepartmentRelation b ON a.DepartmentId=b.DepartmentId
                WHERE b.OperatorId='0ad06755-9fde-4ddd-9dcb-448462155a03';
            	



#############################################################################

1、时间：2016-12-27 09:30:25,470
2、优先级别：DEBUG
3、线程ID：58
4、耗时：10061
5、行号：140
6、文件名：e:\Net_03.Personal\Net_Project.DosORM\Project\Dos.ORM\Dos.ORM.Common\Helpers\LogHelper.cs
7、详细信息：
Text:	
                SELECT * FROM dbo.SYS_Role a
                LEFT JOIN dbo.SYS_OperatorRoleRelation b ON a.RoleId=b.RoleId
                WHERE b.OperatorId='0ad06755-9fde-4ddd-9dcb-448462155a03';
            	



#############################################################################

1、时间：2016-12-27 09:30:25,485
2、优先级别：DEBUG
3、线程ID：58
4、耗时：10076
5、行号：140
6、文件名：e:\Net_03.Personal\Net_Project.DosORM\Project\Dos.ORM\Dos.ORM.Common\Helpers\LogHelper.cs
7、详细信息：
Text:	 SELECT   * FROM [v_SYS_Module]  WHERE [v_SYS_Module].[IsEnable] = @IsEnable4 ORDER BY [v_SYS_Module].[SortNo] ASC 	
Parameters:
@IsEnable4[Int32] = 1



#############################################################################

1、时间：2016-12-27 09:30:25,501
2、优先级别：DEBUG
3、线程ID：58
4、耗时：10092
5、行号：140
6、文件名：e:\Net_03.Personal\Net_Project.DosORM\Project\Dos.ORM\Dos.ORM.Common\Helpers\LogHelper.cs
7、详细信息：
Text:	 SELECT   * FROM [v_SYS_Button]  WHERE  1=1  	



#############################################################################

1、时间：2016-12-27 09:30:25,698
2、优先级别：DEBUG
3、线程ID：58
4、耗时：10289
5、行号：140
6、文件名：e:\Net_03.Personal\Net_Project.DosORM\Project\Dos.ORM\Dos.ORM.Common\Helpers\LogHelper.cs
7、详细信息：
Text:	INSERT INTO [SYS_LogInfo] ([OptModuleName],[DataId],[Desc],[OptResultName],[OptResultId],[OptTypeName],[OptTypeId],[OptModulePath],[Status],[Mac],[IP],[Browser],[OptSystem],[OptTime],[OptUserName],[OptUserId],[CompanyId],[LogTypeName],[LogTypeId],[LogId]) VALUES (@OptModuleName5,@DataId6,@Desc7,@OptResultName8,@OptResultId9,@OptTypeName10,@OptTypeId11,@OptModulePath12,@Status13,@Mac14,@IP15,@Browser16,@OptSystem17,@OptTime18,@OptUserName19,@OptUserId20,@CompanyId21,@LogTypeName22,@LogTypeId23,@LogId24)	
Parameters:
@OptModuleName5[String] = 登录系统
@DataId6[String] = 
@Desc7[String] = 登录成功！
@OptResultName8[String] = 登录成功
@OptResultId9[Int32] = 300
@OptTypeName10[String] = 登录
@OptTypeId11[Int32] = 2001
@OptModulePath12[String] = /MsSys/Login/CheckLogin
@Status13[Int32] = 1
@Mac14[String] = 40:8D:5C:30:F1:7D
@IP15[String] = 127.0.0.1
@Browser16[String] = Chrome 55.0
@OptSystem17[String] = Windows 10
@OptTime18[DateTime] = 2016/12/27 9:30:25
@OptUserName19[String] = 秦波
@OptUserId20[Guid] = 0ad06755-9fde-4ddd-9dcb-448462155a03
@CompanyId21[Guid] = 078736e6-0cc2-48dc-80f1-6330419b4af1
@LogTypeName22[String] = 登录登出
@LogTypeId23[Int32] = 100
@LogId24[Guid] = a977bcfd-e535-4a0d-909e-a5f92ecd36ee



#############################################################################

1、时间：2016-12-27 09:30:29,576
2、优先级别：DEBUG
3、线程ID：58
4、耗时：14167
5、行号：140
6、文件名：e:\Net_03.Personal\Net_Project.DosORM\Project\Dos.ORM\Dos.ORM.Common\Helpers\LogHelper.cs
7、详细信息：
Text:	 SELECT   * FROM [SYS_Module]  WHERE (([SYS_Module].[Status] = @Status25) AND ([SYS_Module].[IsEnable] = @IsEnable26)) AND ([SYS_Module].[OperatePageType] = @OperatePageType27) 	
Parameters:
@Status25[Int32] = 1
@IsEnable26[Int32] = 1
@OperatePageType27[Int32] = 1



#############################################################################

1、时间：2016-12-27 09:30:31,895
2、优先级别：DEBUG
3、线程ID：64
4、耗时：16486
5、行号：140
6、文件名：e:\Net_03.Personal\Net_Project.DosORM\Project\Dos.ORM\Dos.ORM.Common\Helpers\LogHelper.cs
7、详细信息：
Text:	 SELECT count(*) as r_cnt FROM [SYS_Department] WHERE ([SYS_Department].[Status] = @Status28) AND ([SYS_Department].[CompanyId] = @CompanyId29)	
Parameters:
@Status28[Int32] = 1
@CompanyId29[Guid] = 078736e6-0cc2-48dc-80f1-6330419b4af1



#############################################################################

1、时间：2016-12-27 09:30:31,898
2、优先级别：DEBUG
3、线程ID：64
4、耗时：16489
5、行号：140
6、文件名：e:\Net_03.Personal\Net_Project.DosORM\Project\Dos.ORM\Dos.ORM.Common\Helpers\LogHelper.cs
7、详细信息：
Text:	 SELECT   TOP 15 * FROM [SYS_Department]  WHERE ([SYS_Department].[Status] = @Status28) AND ([SYS_Department].[CompanyId] = @CompanyId29) ORDER BY [SYS_Department].[CrtTime] DESC 	
Parameters:
@Status28[Int32] = 1
@CompanyId29[Guid] = 078736e6-0cc2-48dc-80f1-6330419b4af1



#############################################################################

1、时间：2016-12-27 09:30:31,955
2、优先级别：DEBUG
3、线程ID：64
4、耗时：16546
5、行号：140
6、文件名：e:\Net_03.Personal\Net_Project.DosORM\Project\Dos.ORM\Dos.ORM.Common\Helpers\LogHelper.cs
7、详细信息：
Text:	INSERT INTO [SYS_LogInfo] ([Desc],[OptResultName],[OptResultId],[OptTypeName],[OptTypeId],[OptModulePath],[OptModuleName],[Status],[Mac],[IP],[Browser],[OptSystem],[OptTime],[OptUserName],[OptUserId],[DataId],[CompanyId],[LogTypeName],[LogTypeId],[LogId]) VALUES (@Desc30,@OptResultName31,@OptResultId32,@OptTypeName33,@OptTypeId34,@OptModulePath35,@OptModuleName36,@Status37,@Mac38,@IP39,@Browser40,@OptSystem41,@OptTime42,@OptUserName43,@OptUserId44,@DataId45,@CompanyId46,@LogTypeName47,@LogTypeId48,@LogId49)	
Parameters:
@Desc30[String] = 数据查询成功！
@OptResultName31[String] = 操作成功
@OptResultId32[Int32] = 100
@OptTypeName33[String] = 查询
@OptTypeId34[Int32] = 1003
@OptModulePath35[String] = /MsSys/Department/GetList
@OptModuleName36[String] = 部门管理
@Status37[Int32] = 1
@Mac38[String] = 40:8D:5C:30:F1:7D
@IP39[String] = 127.0.0.1
@Browser40[String] = Chrome 55.0
@OptSystem41[String] = Windows 10
@OptTime42[DateTime] = 2016/12/27 9:30:31
@OptUserName43[String] = 秦波
@OptUserId44[Guid] = 0ad06755-9fde-4ddd-9dcb-448462155a03
@DataId45[String] = 
@CompanyId46[Guid] = 078736e6-0cc2-48dc-80f1-6330419b4af1
@LogTypeName47[String] = 数据操作
@LogTypeId48[Int32] = 101
@LogId49[Guid] = 3573570c-fb5e-4746-93e1-37461dd9d524



#############################################################################

1、时间：2016-12-27 09:30:33,142
2、优先级别：DEBUG
3、线程ID：7
4、耗时：17733
5、行号：140
6、文件名：e:\Net_03.Personal\Net_Project.DosORM\Project\Dos.ORM\Dos.ORM.Common\Helpers\LogHelper.cs
7、详细信息：
Text:	 SELECT count(*) as r_cnt FROM [SYS_Post] WHERE ([SYS_Post].[Status] = @Status50) AND ([SYS_Post].[CompanyId] = @CompanyId51)	
Parameters:
@Status50[Int32] = 1
@CompanyId51[Guid] = 078736e6-0cc2-48dc-80f1-6330419b4af1



#############################################################################

1、时间：2016-12-27 09:30:33,190
2、优先级别：DEBUG
3、线程ID：7
4、耗时：17781
5、行号：140
6、文件名：e:\Net_03.Personal\Net_Project.DosORM\Project\Dos.ORM\Dos.ORM.Common\Helpers\LogHelper.cs
7、详细信息：
Text:	 SELECT   TOP 15 * FROM [SYS_Post]  WHERE ([SYS_Post].[Status] = @Status50) AND ([SYS_Post].[CompanyId] = @CompanyId51) ORDER BY [SYS_Post].[CrtTime] DESC 	
Parameters:
@Status50[Int32] = 1
@CompanyId51[Guid] = 078736e6-0cc2-48dc-80f1-6330419b4af1



#############################################################################

1、时间：2016-12-27 09:30:33,223
2、优先级别：DEBUG
3、线程ID：7
4、耗时：17814
5、行号：140
6、文件名：e:\Net_03.Personal\Net_Project.DosORM\Project\Dos.ORM\Dos.ORM.Common\Helpers\LogHelper.cs
7、详细信息：
Text:	INSERT INTO [SYS_LogInfo] ([Desc],[OptResultName],[OptResultId],[OptTypeName],[OptTypeId],[OptModulePath],[OptModuleName],[Status],[Mac],[IP],[Browser],[OptSystem],[OptTime],[OptUserName],[OptUserId],[DataId],[CompanyId],[LogTypeName],[LogTypeId],[LogId]) VALUES (@Desc52,@OptResultName53,@OptResultId54,@OptTypeName55,@OptTypeId56,@OptModulePath57,@OptModuleName58,@Status59,@Mac60,@IP61,@Browser62,@OptSystem63,@OptTime64,@OptUserName65,@OptUserId66,@DataId67,@CompanyId68,@LogTypeName69,@LogTypeId70,@LogId71)	
Parameters:
@Desc52[String] = 数据查询成功！
@OptResultName53[String] = 操作成功
@OptResultId54[Int32] = 100
@OptTypeName55[String] = 查询
@OptTypeId56[Int32] = 1003
@OptModulePath57[String] = /MsSys/Post/GetList
@OptModuleName58[String] = 岗位管理
@Status59[Int32] = 1
@Mac60[String] = 40:8D:5C:30:F1:7D
@IP61[String] = 127.0.0.1
@Browser62[String] = Chrome 55.0
@OptSystem63[String] = Windows 10
@OptTime64[DateTime] = 2016/12/27 9:30:33
@OptUserName65[String] = 秦波
@OptUserId66[Guid] = 0ad06755-9fde-4ddd-9dcb-448462155a03
@DataId67[String] = 
@CompanyId68[Guid] = 078736e6-0cc2-48dc-80f1-6330419b4af1
@LogTypeName69[String] = 数据操作
@LogTypeId70[Int32] = 101
@LogId71[Guid] = a8d35040-00a2-4437-b418-63e1501f77a1



#############################################################################

1、时间：2016-12-27 09:30:35,025
2、优先级别：DEBUG
3、线程ID：63
4、耗时：19616
5、行号：140
6、文件名：e:\Net_03.Personal\Net_Project.DosORM\Project\Dos.ORM\Dos.ORM.Common\Helpers\LogHelper.cs
7、详细信息：
Text:	 SELECT count(*) as r_cnt FROM [SYS_Role] WHERE ([SYS_Role].[Status] = @Status72) AND ([SYS_Role].[CompanyId] = @CompanyId73)	
Parameters:
@Status72[Int32] = 1
@CompanyId73[Guid] = 078736e6-0cc2-48dc-80f1-6330419b4af1



#############################################################################

1、时间：2016-12-27 09:30:35,026
2、优先级别：DEBUG
3、线程ID：63
4、耗时：19617
5、行号：140
6、文件名：e:\Net_03.Personal\Net_Project.DosORM\Project\Dos.ORM\Dos.ORM.Common\Helpers\LogHelper.cs
7、详细信息：
Text:	 SELECT   TOP 15 * FROM [SYS_Role]  WHERE ([SYS_Role].[Status] = @Status72) AND ([SYS_Role].[CompanyId] = @CompanyId73) ORDER BY [SYS_Role].[CrtTime] DESC 	
Parameters:
@Status72[Int32] = 1
@CompanyId73[Guid] = 078736e6-0cc2-48dc-80f1-6330419b4af1



#############################################################################

1、时间：2016-12-27 09:30:35,043
2、优先级别：DEBUG
3、线程ID：63
4、耗时：19634
5、行号：140
6、文件名：e:\Net_03.Personal\Net_Project.DosORM\Project\Dos.ORM\Dos.ORM.Common\Helpers\LogHelper.cs
7、详细信息：
Text:	INSERT INTO [SYS_LogInfo] ([Desc],[OptResultName],[OptResultId],[OptTypeName],[OptTypeId],[OptModulePath],[OptModuleName],[Status],[Mac],[IP],[Browser],[OptSystem],[OptTime],[OptUserName],[OptUserId],[DataId],[CompanyId],[LogTypeName],[LogTypeId],[LogId]) VALUES (@Desc74,@OptResultName75,@OptResultId76,@OptTypeName77,@OptTypeId78,@OptModulePath79,@OptModuleName80,@Status81,@Mac82,@IP83,@Browser84,@OptSystem85,@OptTime86,@OptUserName87,@OptUserId88,@DataId89,@CompanyId90,@LogTypeName91,@LogTypeId92,@LogId93)	
Parameters:
@Desc74[String] = 数据查询成功！
@OptResultName75[String] = 操作成功
@OptResultId76[Int32] = 100
@OptTypeName77[String] = 查询
@OptTypeId78[Int32] = 1003
@OptModulePath79[String] = /MsSys/Role/GetList
@OptModuleName80[String] = 角色管理
@Status81[Int32] = 1
@Mac82[String] = 40:8D:5C:30:F1:7D
@IP83[String] = 127.0.0.1
@Browser84[String] = Chrome 55.0
@OptSystem85[String] = Windows 10
@OptTime86[DateTime] = 2016/12/27 9:30:35
@OptUserName87[String] = 秦波
@OptUserId88[Guid] = 0ad06755-9fde-4ddd-9dcb-448462155a03
@DataId89[String] = 
@CompanyId90[Guid] = 078736e6-0cc2-48dc-80f1-6330419b4af1
@LogTypeName91[String] = 数据操作
@LogTypeId92[Int32] = 101
@LogId93[Guid] = 73e018cc-8472-454c-a690-687500c732a1



#############################################################################

1、时间：2016-12-27 09:30:36,862
2、优先级别：DEBUG
3、线程ID：67
4、耗时：21453
5、行号：140
6、文件名：e:\Net_03.Personal\Net_Project.DosORM\Project\Dos.ORM\Dos.ORM.Common\Helpers\LogHelper.cs
7、详细信息：
Text:	 SELECT count(*) as r_cnt FROM [SYS_Operator] WHERE (([SYS_Operator].[Status] = @Status94) AND ([SYS_Operator].[Account] <> @Account95)) AND ([SYS_Operator].[CompanyId] = @CompanyId96)	
Parameters:
@Status94[Int32] = 1
@Account95[String] = admin
@CompanyId96[Guid] = 078736e6-0cc2-48dc-80f1-6330419b4af1



#############################################################################

1、时间：2016-12-27 09:30:36,905
2、优先级别：DEBUG
3、线程ID：67
4、耗时：21496
5、行号：140
6、文件名：e:\Net_03.Personal\Net_Project.DosORM\Project\Dos.ORM\Dos.ORM.Common\Helpers\LogHelper.cs
7、详细信息：
Text:	 SELECT   TOP 15 * FROM [SYS_Operator]  WHERE (([SYS_Operator].[Status] = @Status94) AND ([SYS_Operator].[Account] <> @Account95)) AND ([SYS_Operator].[CompanyId] = @CompanyId96) ORDER BY [SYS_Operator].[CrtTime] DESC 	
Parameters:
@Status94[Int32] = 1
@Account95[String] = admin
@CompanyId96[Guid] = 078736e6-0cc2-48dc-80f1-6330419b4af1



#############################################################################

1、时间：2016-12-27 09:30:36,955
2、优先级别：DEBUG
3、线程ID：67
4、耗时：21546
5、行号：140
6、文件名：e:\Net_03.Personal\Net_Project.DosORM\Project\Dos.ORM\Dos.ORM.Common\Helpers\LogHelper.cs
7、详细信息：
Text:	INSERT INTO [SYS_LogInfo] ([Desc],[OptResultName],[OptResultId],[OptTypeName],[OptTypeId],[OptModulePath],[OptModuleName],[Status],[Mac],[IP],[Browser],[OptSystem],[OptTime],[OptUserName],[OptUserId],[DataId],[CompanyId],[LogTypeName],[LogTypeId],[LogId]) VALUES (@Desc97,@OptResultName98,@OptResultId99,@OptTypeName100,@OptTypeId101,@OptModulePath102,@OptModuleName103,@Status104,@Mac105,@IP106,@Browser107,@OptSystem108,@OptTime109,@OptUserName110,@OptUserId111,@DataId112,@CompanyId113,@LogTypeName114,@LogTypeId115,@LogId116)	
Parameters:
@Desc97[String] = 数据查询成功！
@OptResultName98[String] = 操作成功
@OptResultId99[Int32] = 100
@OptTypeName100[String] = 查询
@OptTypeId101[Int32] = 1003
@OptModulePath102[String] = /MsSys/Operator/GetList
@OptModuleName103[String] = 管理员管理
@Status104[Int32] = 1
@Mac105[String] = 40:8D:5C:30:F1:7D
@IP106[String] = 127.0.0.1
@Browser107[String] = Chrome 55.0
@OptSystem108[String] = Windows 10
@OptTime109[DateTime] = 2016/12/27 9:30:36
@OptUserName110[String] = 秦波
@OptUserId111[Guid] = 0ad06755-9fde-4ddd-9dcb-448462155a03
@DataId112[String] = 
@CompanyId113[Guid] = 078736e6-0cc2-48dc-80f1-6330419b4af1
@LogTypeName114[String] = 数据操作
@LogTypeId115[Int32] = 101
@LogId116[Guid] = c2f6860a-9432-4956-881d-f1c57f826d80



#############################################################################

1、时间：2016-12-27 09:30:42,245
2、优先级别：DEBUG
3、线程ID：66
4、耗时：26836
5、行号：140
6、文件名：e:\Net_03.Personal\Net_Project.DosORM\Project\Dos.ORM\Dos.ORM.Common\Helpers\LogHelper.cs
7、详细信息：
Text:	 SELECT count(*) as r_cnt FROM [SYS_Module] WHERE [SYS_Module].[Status] = @Status117	
Parameters:
@Status117[Int32] = 1



#############################################################################

1、时间：2016-12-27 09:30:42,247
2、优先级别：DEBUG
3、线程ID：66
4、耗时：26838
5、行号：140
6、文件名：e:\Net_03.Personal\Net_Project.DosORM\Project\Dos.ORM\Dos.ORM.Common\Helpers\LogHelper.cs
7、详细信息：
Text:	 SELECT   TOP 1000 * FROM [SYS_Module]  WHERE [SYS_Module].[Status] = @Status117 ORDER BY [SYS_Module].[SortNo] ASC 	
Parameters:
@Status117[Int32] = 1



#############################################################################

1、时间：2016-12-27 09:30:42,282
2、优先级别：DEBUG
3、线程ID：66
4、耗时：26873
5、行号：140
6、文件名：e:\Net_03.Personal\Net_Project.DosORM\Project\Dos.ORM\Dos.ORM.Common\Helpers\LogHelper.cs
7、详细信息：
Text:	INSERT INTO [SYS_LogInfo] ([Desc],[OptResultName],[OptResultId],[OptTypeName],[OptTypeId],[OptModulePath],[OptModuleName],[Status],[Mac],[IP],[Browser],[OptSystem],[OptTime],[OptUserName],[OptUserId],[DataId],[CompanyId],[LogTypeName],[LogTypeId],[LogId]) VALUES (@Desc118,@OptResultName119,@OptResultId120,@OptTypeName121,@OptTypeId122,@OptModulePath123,@OptModuleName124,@Status125,@Mac126,@IP127,@Browser128,@OptSystem129,@OptTime130,@OptUserName131,@OptUserId132,@DataId133,@CompanyId134,@LogTypeName135,@LogTypeId136,@LogId137)	
Parameters:
@Desc118[String] = 数据查询成功！
@OptResultName119[String] = 操作成功
@OptResultId120[Int32] = 100
@OptTypeName121[String] = 查询
@OptTypeId122[Int32] = 1003
@OptModulePath123[String] = /MsSys/Module/GetList
@OptModuleName124[String] = 模块管理
@Status125[Int32] = 1
@Mac126[String] = 40:8D:5C:30:F1:7D
@IP127[String] = 127.0.0.1
@Browser128[String] = Chrome 55.0
@OptSystem129[String] = Windows 10
@OptTime130[DateTime] = 2016/12/27 9:30:42
@OptUserName131[String] = 秦波
@OptUserId132[Guid] = 0ad06755-9fde-4ddd-9dcb-448462155a03
@DataId133[String] = 
@CompanyId134[Guid] = 078736e6-0cc2-48dc-80f1-6330419b4af1
@LogTypeName135[String] = 数据操作
@LogTypeId136[Int32] = 101
@LogId137[Guid] = e5c6429d-197c-4a49-a176-8eeb09719979



#############################################################################

1、时间：2016-12-27 09:32:36,768
2、优先级别：DEBUG
3、线程ID：59
4、耗时：774
5、行号：140
6、文件名：e:\Net_03.Personal\Net_Project.DosORM\Project\Dos.ORM\Dos.ORM.Common\Helpers\LogHelper.cs
7、详细信息：
Text:	 SELECT   * FROM [SYS_Department]  WHERE  1=1  	



#############################################################################

1、时间：2016-12-27 09:33:02,780
2、优先级别：DEBUG
3、线程ID：58
4、耗时：26787
5、行号：140
6、文件名：e:\Net_03.Personal\Net_Project.DosORM\Project\Dos.ORM\Dos.ORM.Common\Helpers\LogHelper.cs
7、详细信息：
Text:	 SELECT   * FROM [SYS_Module]  WHERE  1=1  	



#############################################################################

1、时间：2016-12-27 09:34:39,758
2、优先级别：DEBUG
3、线程ID：56
4、耗时：941
5、行号：140
6、文件名：e:\Net_03.Personal\Net_Project.DosORM\Project\Dos.ORM\Dos.ORM.Common\Helpers\LogHelper.cs
7、详细信息：
Text:	 SELECT   * FROM [SYS_Module]  WHERE  1=1  	



#############################################################################

1、时间：2016-12-27 09:34:39,758
2、优先级别：DEBUG
3、线程ID：57
4、耗时：941
5、行号：140
6、文件名：e:\Net_03.Personal\Net_Project.DosORM\Project\Dos.ORM\Dos.ORM.Common\Helpers\LogHelper.cs
7、详细信息：
Text:	 SELECT   * FROM [SYS_Department]  WHERE  1=1  	



#############################################################################

1、时间：2016-12-27 09:34:44,931
2、优先级别：DEBUG
3、线程ID：41
4、耗时：6114
5、行号：140
6、文件名：e:\Net_03.Personal\Net_Project.DosORM\Project\Dos.ORM\Dos.ORM.Common\Helpers\LogHelper.cs
7、详细信息：
Text:	 SELECT   * FROM [SYS_Module]  WHERE  1=1  	



#############################################################################

1、时间：2016-12-27 09:34:46,186
2、优先级别：DEBUG
3、线程ID：56
4、耗时：7370
5、行号：140
6、文件名：e:\Net_03.Personal\Net_Project.DosORM\Project\Dos.ORM\Dos.ORM.Common\Helpers\LogHelper.cs
7、详细信息：
Text:	 SELECT   * FROM [SYS_Module]  WHERE  1=1  	



#############################################################################

1、时间：2016-12-27 09:34:46,816
2、优先级别：DEBUG
3、线程ID：65
4、耗时：8000
5、行号：140
6、文件名：e:\Net_03.Personal\Net_Project.DosORM\Project\Dos.ORM\Dos.ORM.Common\Helpers\LogHelper.cs
7、详细信息：
Text:	 SELECT   * FROM [SYS_Module]  WHERE  1=1  	



#############################################################################

1、时间：2016-12-27 09:34:47,348
2、优先级别：DEBUG
3、线程ID：59
4、耗时：8532
5、行号：140
6、文件名：e:\Net_03.Personal\Net_Project.DosORM\Project\Dos.ORM\Dos.ORM.Common\Helpers\LogHelper.cs
7、详细信息：
Text:	 SELECT   * FROM [SYS_Module]  WHERE  1=1  	



#############################################################################

1、时间：2016-12-27 09:34:47,938
2、优先级别：DEBUG
3、线程ID：55
4、耗时：9121
5、行号：140
6、文件名：e:\Net_03.Personal\Net_Project.DosORM\Project\Dos.ORM\Dos.ORM.Common\Helpers\LogHelper.cs
7、详细信息：
Text:	 SELECT   * FROM [SYS_Module]  WHERE  1=1  	



#############################################################################

1、时间：2016-12-27 09:34:48,489
2、优先级别：DEBUG
3、线程ID：50
4、耗时：9672
5、行号：140
6、文件名：e:\Net_03.Personal\Net_Project.DosORM\Project\Dos.ORM\Dos.ORM.Common\Helpers\LogHelper.cs
7、详细信息：
Text:	 SELECT   * FROM [SYS_Module]  WHERE  1=1  	



#############################################################################

1、时间：2016-12-27 09:34:49,102
2、优先级别：DEBUG
3、线程ID：59
4、耗时：10286
5、行号：140
6、文件名：e:\Net_03.Personal\Net_Project.DosORM\Project\Dos.ORM\Dos.ORM.Common\Helpers\LogHelper.cs
7、详细信息：
Text:	 SELECT   * FROM [SYS_Module]  WHERE  1=1  	



#############################################################################

1、时间：2016-12-27 09:42:51,944
2、优先级别：DEBUG
3、线程ID：43
4、耗时：1119
5、行号：140
6、文件名：e:\Net_03.Personal\Net_Project.DosORM\Project\Dos.ORM\Dos.ORM.Common\Helpers\LogHelper.cs
7、详细信息：
Text:	 SELECT   * FROM [SYS_Department]  WHERE [SYS_Department].[DepartmentName] LIKE @DepartmentName1 	
Parameters:
@DepartmentName1[String] = %部门%



#############################################################################

1、时间：2016-12-27 09:43:02,850
2、优先级别：DEBUG
3、线程ID：43
4、耗时：12025
5、行号：140
6、文件名：e:\Net_03.Personal\Net_Project.DosORM\Project\Dos.ORM\Dos.ORM.Common\Helpers\LogHelper.cs
7、详细信息：
Text:	 SELECT   * FROM [SYS_Department]  WHERE [SYS_Department].[DepartmentName] LIKE @DepartmentName2 	
Parameters:
@DepartmentName2[String] = %2%



#############################################################################

1、时间：2016-12-27 09:43:18,354
2、优先级别：DEBUG
3、线程ID：43
4、耗时：27529
5、行号：140
6、文件名：e:\Net_03.Personal\Net_Project.DosORM\Project\Dos.ORM\Dos.ORM.Common\Helpers\LogHelper.cs
7、详细信息：
Text:	 SELECT   * FROM [SYS_Department]  WHERE [SYS_Department].[DepartmentName] LIKE @DepartmentName3 	
Parameters:
@DepartmentName3[String] = %2%



#############################################################################

1、时间：2016-12-27 09:43:20,848
2、优先级别：DEBUG
3、线程ID：43
4、耗时：30023
5、行号：140
6、文件名：e:\Net_03.Personal\Net_Project.DosORM\Project\Dos.ORM\Dos.ORM.Common\Helpers\LogHelper.cs
7、详细信息：
Text:	 SELECT   * FROM [SYS_Department]  WHERE  1=1  	



#############################################################################

1、时间：2016-12-27 09:45:41,718
2、优先级别：DEBUG
3、线程ID：46
4、耗时：828
5、行号：140
6、文件名：e:\Net_03.Personal\Net_Project.DosORM\Project\Dos.ORM\Dos.ORM.Common\Helpers\LogHelper.cs
7、详细信息：
Text:	 SELECT   * FROM [SYS_Department]  WHERE  1=1  	



#############################################################################

1、时间：2016-12-27 09:45:41,718
2、优先级别：DEBUG
3、线程ID：32
4、耗时：828
5、行号：140
6、文件名：e:\Net_03.Personal\Net_Project.DosORM\Project\Dos.ORM\Dos.ORM.Common\Helpers\LogHelper.cs
7、详细信息：
Text:	 SELECT   * FROM [SYS_Department]  WHERE [SYS_Department].[DepartmentName] LIKE @DepartmentName2 	
Parameters:
@DepartmentName2[String] = %2%



#############################################################################

1、时间：2016-12-27 09:45:41,718
2、优先级别：DEBUG
3、线程ID：56
4、耗时：828
5、行号：140
6、文件名：e:\Net_03.Personal\Net_Project.DosORM\Project\Dos.ORM\Dos.ORM.Common\Helpers\LogHelper.cs
7、详细信息：
Text:	 SELECT   * FROM [SYS_Department]  WHERE [SYS_Department].[DepartmentName] LIKE @DepartmentName1 	
Parameters:
@DepartmentName1[String] = %286776b1-ac81-4ed1-81d1-09588b6aa389%



#############################################################################

1、时间：2016-12-27 09:46:29,442
2、优先级别：DEBUG
3、线程ID：56
4、耗时：755
5、行号：140
6、文件名：e:\Net_03.Personal\Net_Project.DosORM\Project\Dos.ORM\Dos.ORM.Common\Helpers\LogHelper.cs
7、详细信息：
Text:	 SELECT   TOP 1 * FROM [SYS_Department]  WHERE [SYS_Department].[DepartmentId] = @DepartmentId1 	
Parameters:
@DepartmentId1[Guid] = 286776b1-ac81-4ed1-81d1-09588b6aa389



#############################################################################

1、时间：2016-12-27 10:30:02,235
2、优先级别：DEBUG
3、线程ID：21
4、耗时：98534
5、行号：140
6、文件名：e:\Net_03.Personal\Net_Project.DosORM\Project\Dos.ORM\Dos.ORM.Common\Helpers\LogHelper.cs
7、详细信息：
Text:	 SELECT   TOP 1 * FROM [SYS_Department]  WHERE [SYS_Department].[DepartmentId] = @DepartmentId1 	
Parameters:
@DepartmentId1[Guid] = 286776b1-ac81-4ed1-81d1-09588b6aa389



#############################################################################

1、时间：2016-12-27 10:52:24,263
2、优先级别：DEBUG
3、线程ID：66
4、耗时：898
5、行号：140
6、文件名：e:\Net_03.Personal\Net_Project.DosORM\Project\Dos.ORM\Dos.ORM.Common\Helpers\LogHelper.cs
7、详细信息：
Text:	 SELECT   * FROM [SYS_Department]  WHERE  1=1  	



#############################################################################

1、时间：2016-12-27 10:52:57,793
2、优先级别：DEBUG
3、线程ID：7
4、耗时：780
5、行号：140
6、文件名：e:\Net_03.Personal\Net_Project.DosORM\Project\Dos.ORM\Dos.ORM.Common\Helpers\LogHelper.cs
7、详细信息：
Text:	 SELECT   * FROM [SYS_Department]  WHERE  1=1  	



#############################################################################

1、时间：2016-12-27 10:53:46,954
2、优先级别：DEBUG
3、线程ID：69
4、耗时：1302
5、行号：140
6、文件名：e:\Net_03.Personal\Net_Project.DosORM\Project\Dos.ORM\Dos.ORM.Common\Helpers\LogHelper.cs
7、详细信息：
Text:	 SELECT   * FROM [SYS_Department]  WHERE  1=1  	



#############################################################################

1、时间：2016-12-27 10:54:47,218
2、优先级别：DEBUG
3、线程ID：53
4、耗时：1236
5、行号：140
6、文件名：e:\Net_03.Personal\Net_Project.DosORM\Project\Dos.ORM\Dos.ORM.Common\Helpers\LogHelper.cs
7、详细信息：
Text:	 SELECT   * FROM [SYS_Department]  WHERE  1=1  	



#############################################################################

1、时间：2016-12-27 10:55:36,006
2、优先级别：DEBUG
3、线程ID：12
4、耗时：50024
5、行号：140
6、文件名：e:\Net_03.Personal\Net_Project.DosORM\Project\Dos.ORM\Dos.ORM.Common\Helpers\LogHelper.cs
7、详细信息：
Text:	 SELECT   * FROM [SYS_Department]  WHERE  1=1  	



#############################################################################

1、时间：2016-12-27 10:56:12,459
2、优先级别：DEBUG
3、线程ID：66
4、耗时：86477
5、行号：140
6、文件名：e:\Net_03.Personal\Net_Project.DosORM\Project\Dos.ORM\Dos.ORM.Common\Helpers\LogHelper.cs
7、详细信息：
Text:	 SELECT   * FROM [SYS_Department]  WHERE  1=1  	



#############################################################################

1、时间：2016-12-27 10:57:20,291
2、优先级别：DEBUG
3、线程ID：50
4、耗时：870
5、行号：140
6、文件名：e:\Net_03.Personal\Net_Project.DosORM\Project\Dos.ORM\Dos.ORM.Common\Helpers\LogHelper.cs
7、详细信息：
Text:	 SELECT   * FROM [SYS_Department]  WHERE  1=1  	



#############################################################################

1、时间：2016-12-27 10:58:16,498
2、优先级别：DEBUG
3、线程ID：43
4、耗时：971
5、行号：140
6、文件名：e:\Net_03.Personal\Net_Project.DosORM\Project\Dos.ORM\Dos.ORM.Common\Helpers\LogHelper.cs
7、详细信息：
Text:	 SELECT   * FROM [SYS_Department]  WHERE  1=1  	



#############################################################################

1、时间：2016-12-27 10:59:00,355
2、优先级别：DEBUG
3、线程ID：66
4、耗时：729
5、行号：140
6、文件名：e:\Net_03.Personal\Net_Project.DosORM\Project\Dos.ORM\Dos.ORM.Common\Helpers\LogHelper.cs
7、详细信息：
Text:	 SELECT   * FROM [SYS_Department]  WHERE  1=1  	



#############################################################################

1、时间：2016-12-27 11:08:31,560
2、优先级别：DEBUG
3、线程ID：53
4、耗时：1123
5、行号：140
6、文件名：e:\Net_03.Personal\Net_Project.DosORM\Project\Dos.ORM\Dos.ORM.Common\Helpers\LogHelper.cs
7、详细信息：
Text:	 SELECT   * FROM [SYS_Department]  WHERE  1=1  	



#############################################################################

1、时间：2016-12-27 11:09:16,694
2、优先级别：DEBUG
3、线程ID：36
4、耗时：1300
5、行号：140
6、文件名：e:\Net_03.Personal\Net_Project.DosORM\Project\Dos.ORM\Dos.ORM.Common\Helpers\LogHelper.cs
7、详细信息：
Text:	 SELECT   * FROM [SYS_Department]  WHERE  1=1  	



#############################################################################

1、时间：2016-12-27 11:14:47,270
2、优先级别：DEBUG
3、线程ID：12
4、耗时：1215
5、行号：140
6、文件名：e:\Net_03.Personal\Net_Project.DosORM\Project\Dos.ORM\Dos.ORM.Common\Helpers\LogHelper.cs
7、详细信息：
Text:	 SELECT   * FROM [SYS_Department]  WHERE  1=1  	



#############################################################################

1、时间：2016-12-27 11:14:57,765
2、优先级别：DEBUG
3、线程ID：40
4、耗时：11710
5、行号：140
6、文件名：e:\Net_03.Personal\Net_Project.DosORM\Project\Dos.ORM\Dos.ORM.Common\Helpers\LogHelper.cs
7、详细信息：
Text:	 SELECT   * FROM [SYS_Department]  WHERE  1=1  	



#############################################################################

1、时间：2016-12-27 11:18:37,557
2、优先级别：DEBUG
3、线程ID：59
4、耗时：820
5、行号：140
6、文件名：e:\Net_03.Personal\Net_Project.DosORM\Project\Dos.ORM\Dos.ORM.Common\Helpers\LogHelper.cs
7、详细信息：
Text:	 SELECT   * FROM [SYS_Department]  WHERE  1=1  	



#############################################################################

1、时间：2016-12-27 11:18:38,745
2、优先级别：DEBUG
3、线程ID：36
4、耗时：2007
5、行号：140
6、文件名：e:\Net_03.Personal\Net_Project.DosORM\Project\Dos.ORM\Dos.ORM.Common\Helpers\LogHelper.cs
7、详细信息：
Text:	 SELECT   TOP 1 * FROM [SYS_Department]  WHERE [SYS_Department].[DepartmentId] = @DepartmentId1 	
Parameters:
@DepartmentId1[Guid] = 286776b1-ac81-4ed1-81d1-09588b6aa389



#############################################################################

1、时间：2016-12-27 11:22:19,368
2、优先级别：DEBUG
3、线程ID：22
4、耗时：955
5、行号：140
6、文件名：e:\Net_03.Personal\Net_Project.DosORM\Project\Dos.ORM\Dos.ORM.Common\Helpers\LogHelper.cs
7、详细信息：
Text:	 SELECT   * FROM [SYS_Department]  WHERE  1=1  	



#############################################################################

1、时间：2016-12-27 11:22:37,395
2、优先级别：DEBUG
3、线程ID：22
4、耗时：18983
5、行号：140
6、文件名：e:\Net_03.Personal\Net_Project.DosORM\Project\Dos.ORM\Dos.ORM.Common\Helpers\LogHelper.cs
7、详细信息：
Text:	 SELECT   * FROM [SYS_Department]  WHERE  1=1  	



#############################################################################

1、时间：2016-12-27 11:22:38,516
2、优先级别：DEBUG
3、线程ID：36
4、耗时：20104
5、行号：140
6、文件名：e:\Net_03.Personal\Net_Project.DosORM\Project\Dos.ORM\Dos.ORM.Common\Helpers\LogHelper.cs
7、详细信息：
Text:	 SELECT   * FROM [SYS_Department]  WHERE  1=1  	



#############################################################################

1、时间：2016-12-27 11:22:39,532
2、优先级别：DEBUG
3、线程ID：59
4、耗时：21120
5、行号：140
6、文件名：e:\Net_03.Personal\Net_Project.DosORM\Project\Dos.ORM\Dos.ORM.Common\Helpers\LogHelper.cs
7、详细信息：
Text:	 SELECT   * FROM [SYS_Department]  WHERE  1=1  	



#############################################################################

1、时间：2016-12-27 11:22:40,200
2、优先级别：DEBUG
3、线程ID：77
4、耗时：21787
5、行号：140
6、文件名：e:\Net_03.Personal\Net_Project.DosORM\Project\Dos.ORM\Dos.ORM.Common\Helpers\LogHelper.cs
7、详细信息：
Text:	 SELECT   * FROM [SYS_Department]  WHERE  1=1  	



#############################################################################

1、时间：2016-12-27 11:22:40,578
2、优先级别：DEBUG
3、线程ID：77
4、耗时：22166
5、行号：140
6、文件名：e:\Net_03.Personal\Net_Project.DosORM\Project\Dos.ORM\Dos.ORM.Common\Helpers\LogHelper.cs
7、详细信息：
Text:	 SELECT   * FROM [SYS_Department]  WHERE  1=1  	



#############################################################################

1、时间：2016-12-27 11:22:40,759
2、优先级别：DEBUG
3、线程ID：22
4、耗时：22347
5、行号：140
6、文件名：e:\Net_03.Personal\Net_Project.DosORM\Project\Dos.ORM\Dos.ORM.Common\Helpers\LogHelper.cs
7、详细信息：
Text:	 SELECT   * FROM [SYS_Department]  WHERE  1=1  	



#############################################################################

1、时间：2016-12-27 11:23:07,612
2、优先级别：DEBUG
3、线程ID：22
4、耗时：910
5、行号：140
6、文件名：e:\Net_03.Personal\Net_Project.DosORM\Project\Dos.ORM\Dos.ORM.Common\Helpers\LogHelper.cs
7、详细信息：
Text:	 SELECT   * FROM [SYS_Department]  WHERE  1=1  	



#############################################################################

1、时间：2016-12-27 11:48:39,169
2、优先级别：DEBUG
3、线程ID：7
4、耗时：428
5、行号：140
6、文件名：e:\Net_03.Personal\Net_Project.DosORM\Project\Dos.ORM\Dos.ORM.Common\Helpers\LogHelper.cs
7、详细信息：
Text:	 SELECT   TOP 1 * FROM [SYS_Department]  WHERE [SYS_Department].[DepartmentId] = @DepartmentId2 	
Parameters:
@DepartmentId2[Guid] = 286776b1-ac81-4ed1-81d1-09588b6aa389



#############################################################################

1、时间：2016-12-27 11:48:39,169
2、优先级别：DEBUG
3、线程ID：9
4、耗时：428
5、行号：140
6、文件名：e:\Net_03.Personal\Net_Project.DosORM\Project\Dos.ORM\Dos.ORM.Common\Helpers\LogHelper.cs
7、详细信息：
Text:	 SELECT   * FROM [SYS_Department]  WHERE  1=1  	



#############################################################################

1、时间：2016-12-27 11:48:39,169
2、优先级别：DEBUG
3、线程ID：8
4、耗时：428
5、行号：140
6、文件名：e:\Net_03.Personal\Net_Project.DosORM\Project\Dos.ORM\Dos.ORM.Common\Helpers\LogHelper.cs
7、详细信息：
Text:	 SELECT   * FROM [SYS_Department]  WHERE [SYS_Department].[DepartmentName] LIKE @DepartmentName1 	
Parameters:
@DepartmentName1[String] = %2%


