
#############################################################################

1、时间：2016-10-13 15:01:00,044
2、优先级别：DEBUG
3、线程ID：8
4、耗时：11016
5、行号：140
6、文件名：f:\Net_Project.DosORM\Project\Dos.ORM\Dos.ORM.Common\Helpers\LogHelper.cs
7、详细信息：
Text:	 SELECT   TOP 1 * FROM [SYS_Operator]  WHERE ([SYS_Operator].[Account] = @Account_2) AND ([SYS_Operator].[Pwd] = @Pwd_3) 	
Parameters:
@Account_2[String] = quber
@Pwd_3[String] = C1851CFE23E736DE



#############################################################################

1、时间：2016-10-13 15:01:00,489
2、优先级别：DEBUG
3、线程ID：8
4、耗时：11461
5、行号：140
6、文件名：f:\Net_Project.DosORM\Project\Dos.ORM\Dos.ORM.Common\Helpers\LogHelper.cs
7、详细信息：
Text:	 SELECT   TOP 1 * FROM [SYS_Company]  WHERE [SYS_Company].[CompanyId] = @CompanyId_4 	
Parameters:
@CompanyId_4[Guid] = 078736e6-0cc2-48dc-80f1-6330419b4af1



#############################################################################

1、时间：2016-10-13 15:01:00,778
2、优先级别：DEBUG
3、线程ID：8
4、耗时：11750
5、行号：140
6、文件名：f:\Net_Project.DosORM\Project\Dos.ORM\Dos.ORM.Common\Helpers\LogHelper.cs
7、详细信息：
Text:	
                SELECT * FROM dbo.SYS_Department a
                LEFT JOIN dbo.SYS_OperatorDepartmentRelation b ON a.DepartmentId=b.DepartmentId
                WHERE b.OperatorId='0ad06755-9fde-4ddd-9dcb-448462155a03';
            	



#############################################################################

1、时间：2016-10-13 15:01:00,992
2、优先级别：DEBUG
3、线程ID：8
4、耗时：11964
5、行号：140
6、文件名：f:\Net_Project.DosORM\Project\Dos.ORM\Dos.ORM.Common\Helpers\LogHelper.cs
7、详细信息：
Text:	
                SELECT * FROM dbo.SYS_Role a
                LEFT JOIN dbo.SYS_OperatorRoleRelation b ON a.RoleId=b.RoleId
                WHERE b.OperatorId='0ad06755-9fde-4ddd-9dcb-448462155a03';
            	



#############################################################################

1、时间：2016-10-13 15:01:01,035
2、优先级别：DEBUG
3、线程ID：8
4、耗时：12006
5、行号：140
6、文件名：f:\Net_Project.DosORM\Project\Dos.ORM\Dos.ORM.Common\Helpers\LogHelper.cs
7、详细信息：
Text:	 SELECT   * FROM [v_SYS_Module]  WHERE  1=1  	



#############################################################################

1、时间：2016-10-13 15:01:01,147
2、优先级别：DEBUG
3、线程ID：8
4、耗时：12119
5、行号：140
6、文件名：f:\Net_Project.DosORM\Project\Dos.ORM\Dos.ORM.Common\Helpers\LogHelper.cs
7、详细信息：
Text:	 SELECT   * FROM [v_SYS_Button]  WHERE  1=1  	



#############################################################################

1、时间：2016-10-13 15:01:02,173
2、优先级别：DEBUG
3、线程ID：8
4、耗时：13145
5、行号：140
6、文件名：f:\Net_Project.DosORM\Project\Dos.ORM\Dos.ORM.Common\Helpers\LogHelper.cs
7、详细信息：
Text:	INSERT INTO [SYS_LogInfo] ([OptModuleName],[DataId],[Desc],[OptResultName],[OptResultId],[OptTypeName],[OptTypeId],[OptModulePath],[Status],[Mac],[IP],[Browser],[OptSystem],[OptTime],[OptUserName],[OptUserId],[CompanyId],[LogTypeName],[LogTypeId],[LogId]) VALUES (@OptModuleName0,@DataId1,@Desc2,@OptResultName3,@OptResultId4,@OptTypeName5,@OptTypeId6,@OptModulePath7,@Status8,@Mac9,@IP10,@Browser11,@OptSystem12,@OptTime13,@OptUserName14,@OptUserId15,@CompanyId16,@LogTypeName17,@LogTypeId18,@LogId19)	
Parameters:
@OptModuleName0[String] = 登录系统
@DataId1[String] = 
@Desc2[String] = 登录成功！
@OptResultName3[String] = 登录成功
@OptResultId4[Int32] = 300
@OptTypeName5[String] = 登录
@OptTypeId6[Int32] = 2001
@OptModulePath7[String] = /MsSys/Login/CheckLogin
@Status8[Int32] = 1
@Mac9[String] = 40:8D:5C:30:F1:7D
@IP10[String] = 127.0.0.1
@Browser11[String] = Chrome 54.0
@OptSystem12[String] = Windows 10
@OptTime13[DateTime] = 2016/10/13 15:01:01
@OptUserName14[String] = 秦波
@OptUserId15[Guid] = 0ad06755-9fde-4ddd-9dcb-448462155a03
@CompanyId16[Guid] = 078736e6-0cc2-48dc-80f1-6330419b4af1
@LogTypeName17[String] = 登录登出
@LogTypeId18[Int32] = 100
@LogId19[Guid] = 93e07ff1-a247-4620-bec2-d4f9bd6afc6a



#############################################################################

1、时间：2016-10-13 15:01:05,304
2、优先级别：DEBUG
3、线程ID：11
4、耗时：16275
5、行号：140
6、文件名：f:\Net_Project.DosORM\Project\Dos.ORM\Dos.ORM.Common\Helpers\LogHelper.cs
7、详细信息：
Text:	 SELECT   * FROM [SYS_Module]  WHERE ([SYS_Module].[Status] = @Status_5) AND ([SYS_Module].[OperatePageType] = @OperatePageType_6) 	
Parameters:
@Status_5[Int32] = 1
@OperatePageType_6[Int32] = 1



#############################################################################

1、时间：2016-10-13 15:01:30,342
2、优先级别：DEBUG
3、线程ID：5
4、耗时：41314
5、行号：140
6、文件名：f:\Net_Project.DosORM\Project\Dos.ORM\Dos.ORM.Common\Helpers\LogHelper.cs
7、详细信息：
Text:	 SELECT count(*) as r_cnt FROM [SYS_Department] WHERE ([SYS_Department].[Status] = @Status_7) AND ([SYS_Department].[CompanyId] = @CompanyId_8)	
Parameters:
@Status_7[Int32] = 1
@CompanyId_8[Guid] = 078736e6-0cc2-48dc-80f1-6330419b4af1



#############################################################################

1、时间：2016-10-13 15:01:30,370
2、优先级别：DEBUG
3、线程ID：5
4、耗时：41341
5、行号：140
6、文件名：f:\Net_Project.DosORM\Project\Dos.ORM\Dos.ORM.Common\Helpers\LogHelper.cs
7、详细信息：
Text:	 SELECT   TOP 15 * FROM [SYS_Department]  WHERE ([SYS_Department].[Status] = @Status_7) AND ([SYS_Department].[CompanyId] = @CompanyId_8) ORDER BY [SYS_Department].[CrtTime] DESC 	
Parameters:
@Status_7[Int32] = 1
@CompanyId_8[Guid] = 078736e6-0cc2-48dc-80f1-6330419b4af1



#############################################################################

1、时间：2016-10-13 15:01:30,415
2、优先级别：DEBUG
3、线程ID：5
4、耗时：41386
5、行号：140
6、文件名：f:\Net_Project.DosORM\Project\Dos.ORM\Dos.ORM.Common\Helpers\LogHelper.cs
7、详细信息：
Text:	INSERT INTO [SYS_LogInfo] ([Desc],[OptResultName],[OptResultId],[OptTypeName],[OptTypeId],[OptModulePath],[OptModuleName],[Status],[Mac],[IP],[Browser],[OptSystem],[OptTime],[OptUserName],[OptUserId],[DataId],[CompanyId],[LogTypeName],[LogTypeId],[LogId]) VALUES (@Desc0,@OptResultName1,@OptResultId2,@OptTypeName3,@OptTypeId4,@OptModulePath5,@OptModuleName6,@Status7,@Mac8,@IP9,@Browser10,@OptSystem11,@OptTime12,@OptUserName13,@OptUserId14,@DataId15,@CompanyId16,@LogTypeName17,@LogTypeId18,@LogId19)	
Parameters:
@Desc0[String] = 数据查询成功！
@OptResultName1[String] = 操作成功
@OptResultId2[Int32] = 100
@OptTypeName3[String] = 查询
@OptTypeId4[Int32] = 1003
@OptModulePath5[String] = /MsSys/Department/GetList
@OptModuleName6[String] = 部门管理
@Status7[Int32] = 1
@Mac8[String] = 40:8D:5C:30:F1:7D
@IP9[String] = 127.0.0.1
@Browser10[String] = Chrome 54.0
@OptSystem11[String] = Windows 10
@OptTime12[DateTime] = 2016/10/13 15:01:30
@OptUserName13[String] = 秦波
@OptUserId14[Guid] = 0ad06755-9fde-4ddd-9dcb-448462155a03
@DataId15[String] = 
@CompanyId16[Guid] = 078736e6-0cc2-48dc-80f1-6330419b4af1
@LogTypeName17[String] = 数据操作
@LogTypeId18[Int32] = 101
@LogId19[Guid] = 7b6f0dfc-763f-4198-b4ef-fd07de5f91a9



#############################################################################

1、时间：2016-10-13 18:44:22,838
2、优先级别：DEBUG
3、线程ID：16
4、耗时：188614
5、行号：140
6、文件名：f:\Net_Project.DosORM\Project\Dos.ORM\Dos.ORM.Common\Helpers\LogHelper.cs
7、详细信息：
Text:	 SELECT   TOP 1 * FROM [SYS_Operator]  WHERE ([SYS_Operator].[Account] = @Account_2) AND ([SYS_Operator].[Pwd] = @Pwd_3) 	
Parameters:
@Account_2[String] = quber
@Pwd_3[String] = C1851CFE23E736DE



#############################################################################

1、时间：2016-10-13 18:44:22,968
2、优先级别：DEBUG
3、线程ID：16
4、耗时：188744
5、行号：140
6、文件名：f:\Net_Project.DosORM\Project\Dos.ORM\Dos.ORM.Common\Helpers\LogHelper.cs
7、详细信息：
Text:	 SELECT   TOP 1 * FROM [SYS_Company]  WHERE [SYS_Company].[CompanyId] = @CompanyId_4 	
Parameters:
@CompanyId_4[Guid] = 078736e6-0cc2-48dc-80f1-6330419b4af1



#############################################################################

1、时间：2016-10-13 18:44:22,989
2、优先级别：DEBUG
3、线程ID：16
4、耗时：188765
5、行号：140
6、文件名：f:\Net_Project.DosORM\Project\Dos.ORM\Dos.ORM.Common\Helpers\LogHelper.cs
7、详细信息：
Text:	
                SELECT * FROM dbo.SYS_Department a
                LEFT JOIN dbo.SYS_OperatorDepartmentRelation b ON a.DepartmentId=b.DepartmentId
                WHERE b.OperatorId='0ad06755-9fde-4ddd-9dcb-448462155a03';
            	



#############################################################################

1、时间：2016-10-13 18:44:23,021
2、优先级别：DEBUG
3、线程ID：16
4、耗时：188796
5、行号：140
6、文件名：f:\Net_Project.DosORM\Project\Dos.ORM\Dos.ORM.Common\Helpers\LogHelper.cs
7、详细信息：
Text:	
                SELECT * FROM dbo.SYS_Role a
                LEFT JOIN dbo.SYS_OperatorRoleRelation b ON a.RoleId=b.RoleId
                WHERE b.OperatorId='0ad06755-9fde-4ddd-9dcb-448462155a03';
            	



#############################################################################

1、时间：2016-10-13 18:44:23,047
2、优先级别：DEBUG
3、线程ID：16
4、耗时：188822
5、行号：140
6、文件名：f:\Net_Project.DosORM\Project\Dos.ORM\Dos.ORM.Common\Helpers\LogHelper.cs
7、详细信息：
Text:	 SELECT   * FROM [v_SYS_Module]  WHERE  1=1  	



#############################################################################

1、时间：2016-10-13 18:44:23,113
2、优先级别：DEBUG
3、线程ID：16
4、耗时：188889
5、行号：140
6、文件名：f:\Net_Project.DosORM\Project\Dos.ORM\Dos.ORM.Common\Helpers\LogHelper.cs
7、详细信息：
Text:	 SELECT   * FROM [v_SYS_Button]  WHERE  1=1  	



#############################################################################

1、时间：2016-10-13 18:44:23,394
2、优先级别：DEBUG
3、线程ID：16
4、耗时：189170
5、行号：140
6、文件名：f:\Net_Project.DosORM\Project\Dos.ORM\Dos.ORM.Common\Helpers\LogHelper.cs
7、详细信息：
Text:	INSERT INTO [SYS_LogInfo] ([OptModuleName],[DataId],[Desc],[OptResultName],[OptResultId],[OptTypeName],[OptTypeId],[OptModulePath],[Status],[Mac],[IP],[Browser],[OptSystem],[OptTime],[OptUserName],[OptUserId],[CompanyId],[LogTypeName],[LogTypeId],[LogId]) VALUES (@OptModuleName0,@DataId1,@Desc2,@OptResultName3,@OptResultId4,@OptTypeName5,@OptTypeId6,@OptModulePath7,@Status8,@Mac9,@IP10,@Browser11,@OptSystem12,@OptTime13,@OptUserName14,@OptUserId15,@CompanyId16,@LogTypeName17,@LogTypeId18,@LogId19)	
Parameters:
@OptModuleName0[String] = 登录系统
@DataId1[String] = 
@Desc2[String] = 登录成功！
@OptResultName3[String] = 登录成功
@OptResultId4[Int32] = 300
@OptTypeName5[String] = 登录
@OptTypeId6[Int32] = 2001
@OptModulePath7[String] = /MsSys/Login/CheckLogin
@Status8[Int32] = 1
@Mac9[String] = 40:8D:5C:30:F1:7D
@IP10[String] = 127.0.0.1
@Browser11[String] = Chrome 54.0
@OptSystem12[String] = Windows 10
@OptTime13[DateTime] = 2016/10/13 18:44:23
@OptUserName14[String] = 秦波
@OptUserId15[Guid] = 0ad06755-9fde-4ddd-9dcb-448462155a03
@CompanyId16[Guid] = 078736e6-0cc2-48dc-80f1-6330419b4af1
@LogTypeName17[String] = 登录登出
@LogTypeId18[Int32] = 100
@LogId19[Guid] = 4b6a7318-58b6-4c53-ba69-ef1ce161be49



#############################################################################

1、时间：2016-10-13 18:44:25,934
2、优先级别：DEBUG
3、线程ID：15
4、耗时：191710
5、行号：140
6、文件名：f:\Net_Project.DosORM\Project\Dos.ORM\Dos.ORM.Common\Helpers\LogHelper.cs
7、详细信息：
Text:	 SELECT   TOP 1 * FROM [SYS_Operator]  WHERE ([SYS_Operator].[Account] = @Account_5) AND ([SYS_Operator].[Pwd] = @Pwd_6) 	
Parameters:
@Account_5[String] = quber
@Pwd_6[String] = C1851CFE23E736DE



#############################################################################

1、时间：2016-10-13 18:44:26,045
2、优先级别：DEBUG
3、线程ID：15
4、耗时：191820
5、行号：140
6、文件名：f:\Net_Project.DosORM\Project\Dos.ORM\Dos.ORM.Common\Helpers\LogHelper.cs
7、详细信息：
Text:	 SELECT   TOP 1 * FROM [SYS_Company]  WHERE [SYS_Company].[CompanyId] = @CompanyId_7 	
Parameters:
@CompanyId_7[Guid] = 078736e6-0cc2-48dc-80f1-6330419b4af1



#############################################################################

1、时间：2016-10-13 18:44:26,097
2、优先级别：DEBUG
3、线程ID：15
4、耗时：191873
5、行号：140
6、文件名：f:\Net_Project.DosORM\Project\Dos.ORM\Dos.ORM.Common\Helpers\LogHelper.cs
7、详细信息：
Text:	
                SELECT * FROM dbo.SYS_Department a
                LEFT JOIN dbo.SYS_OperatorDepartmentRelation b ON a.DepartmentId=b.DepartmentId
                WHERE b.OperatorId='0ad06755-9fde-4ddd-9dcb-448462155a03';
            	



#############################################################################

1、时间：2016-10-13 18:44:26,102
2、优先级别：DEBUG
3、线程ID：15
4、耗时：191878
5、行号：140
6、文件名：f:\Net_Project.DosORM\Project\Dos.ORM\Dos.ORM.Common\Helpers\LogHelper.cs
7、详细信息：
Text:	
                SELECT * FROM dbo.SYS_Role a
                LEFT JOIN dbo.SYS_OperatorRoleRelation b ON a.RoleId=b.RoleId
                WHERE b.OperatorId='0ad06755-9fde-4ddd-9dcb-448462155a03';
            	



#############################################################################

1、时间：2016-10-13 18:44:26,105
2、优先级别：DEBUG
3、线程ID：15
4、耗时：191881
5、行号：140
6、文件名：f:\Net_Project.DosORM\Project\Dos.ORM\Dos.ORM.Common\Helpers\LogHelper.cs
7、详细信息：
Text:	 SELECT   * FROM [v_SYS_Module]  WHERE  1=1  	



#############################################################################

1、时间：2016-10-13 18:44:26,110
2、优先级别：DEBUG
3、线程ID：15
4、耗时：191886
5、行号：140
6、文件名：f:\Net_Project.DosORM\Project\Dos.ORM\Dos.ORM.Common\Helpers\LogHelper.cs
7、详细信息：
Text:	 SELECT   * FROM [v_SYS_Button]  WHERE  1=1  	



#############################################################################

1、时间：2016-10-13 18:44:26,124
2、优先级别：DEBUG
3、线程ID：15
4、耗时：191900
5、行号：140
6、文件名：f:\Net_Project.DosORM\Project\Dos.ORM\Dos.ORM.Common\Helpers\LogHelper.cs
7、详细信息：
Text:	INSERT INTO [SYS_LogInfo] ([OptModuleName],[DataId],[Desc],[OptResultName],[OptResultId],[OptTypeName],[OptTypeId],[OptModulePath],[Status],[Mac],[IP],[Browser],[OptSystem],[OptTime],[OptUserName],[OptUserId],[CompanyId],[LogTypeName],[LogTypeId],[LogId]) VALUES (@OptModuleName0,@DataId1,@Desc2,@OptResultName3,@OptResultId4,@OptTypeName5,@OptTypeId6,@OptModulePath7,@Status8,@Mac9,@IP10,@Browser11,@OptSystem12,@OptTime13,@OptUserName14,@OptUserId15,@CompanyId16,@LogTypeName17,@LogTypeId18,@LogId19)	
Parameters:
@OptModuleName0[String] = 登录系统
@DataId1[String] = 
@Desc2[String] = 登录成功！
@OptResultName3[String] = 登录成功
@OptResultId4[Int32] = 300
@OptTypeName5[String] = 登录
@OptTypeId6[Int32] = 2001
@OptModulePath7[String] = /MsSys/Login/CheckLogin
@Status8[Int32] = 1
@Mac9[String] = 40:8D:5C:30:F1:7D
@IP10[String] = 127.0.0.1
@Browser11[String] = Chrome 54.0
@OptSystem12[String] = Windows 10
@OptTime13[DateTime] = 2016/10/13 18:44:26
@OptUserName14[String] = 秦波
@OptUserId15[Guid] = 0ad06755-9fde-4ddd-9dcb-448462155a03
@CompanyId16[Guid] = 078736e6-0cc2-48dc-80f1-6330419b4af1
@LogTypeName17[String] = 登录登出
@LogTypeId18[Int32] = 100
@LogId19[Guid] = 81bb8138-ceab-45ab-8deb-079d02c71caa



#############################################################################

1、时间：2016-10-13 18:44:27,073
2、优先级别：DEBUG
3、线程ID：15
4、耗时：192849
5、行号：140
6、文件名：f:\Net_Project.DosORM\Project\Dos.ORM\Dos.ORM.Common\Helpers\LogHelper.cs
7、详细信息：
Text:	 SELECT   * FROM [SYS_Module]  WHERE ([SYS_Module].[Status] = @Status_8) AND ([SYS_Module].[OperatePageType] = @OperatePageType_9) 	
Parameters:
@Status_8[Int32] = 1
@OperatePageType_9[Int32] = 1



#############################################################################

1、时间：2016-10-13 18:44:54,313
2、优先级别：DEBUG
3、线程ID：19
4、耗时：220088
5、行号：140
6、文件名：f:\Net_Project.DosORM\Project\Dos.ORM\Dos.ORM.Common\Helpers\LogHelper.cs
7、详细信息：
Text:	 SELECT count(*) as r_cnt FROM [SYS_Department] WHERE ([SYS_Department].[Status] = @Status_10) AND ([SYS_Department].[CompanyId] = @CompanyId_11)	
Parameters:
@Status_10[Int32] = 1
@CompanyId_11[Guid] = 078736e6-0cc2-48dc-80f1-6330419b4af1



#############################################################################

1、时间：2016-10-13 18:44:54,339
2、优先级别：DEBUG
3、线程ID：19
4、耗时：220114
5、行号：140
6、文件名：f:\Net_Project.DosORM\Project\Dos.ORM\Dos.ORM.Common\Helpers\LogHelper.cs
7、详细信息：
Text:	 SELECT   TOP 15 * FROM [SYS_Department]  WHERE ([SYS_Department].[Status] = @Status_10) AND ([SYS_Department].[CompanyId] = @CompanyId_11) ORDER BY [SYS_Department].[CrtTime] DESC 	
Parameters:
@Status_10[Int32] = 1
@CompanyId_11[Guid] = 078736e6-0cc2-48dc-80f1-6330419b4af1



#############################################################################

1、时间：2016-10-13 18:44:54,374
2、优先级别：DEBUG
3、线程ID：19
4、耗时：220150
5、行号：140
6、文件名：f:\Net_Project.DosORM\Project\Dos.ORM\Dos.ORM.Common\Helpers\LogHelper.cs
7、详细信息：
Text:	INSERT INTO [SYS_LogInfo] ([Desc],[OptResultName],[OptResultId],[OptTypeName],[OptTypeId],[OptModulePath],[OptModuleName],[Status],[Mac],[IP],[Browser],[OptSystem],[OptTime],[OptUserName],[OptUserId],[DataId],[CompanyId],[LogTypeName],[LogTypeId],[LogId]) VALUES (@Desc0,@OptResultName1,@OptResultId2,@OptTypeName3,@OptTypeId4,@OptModulePath5,@OptModuleName6,@Status7,@Mac8,@IP9,@Browser10,@OptSystem11,@OptTime12,@OptUserName13,@OptUserId14,@DataId15,@CompanyId16,@LogTypeName17,@LogTypeId18,@LogId19)	
Parameters:
@Desc0[String] = 数据查询成功！
@OptResultName1[String] = 操作成功
@OptResultId2[Int32] = 100
@OptTypeName3[String] = 查询
@OptTypeId4[Int32] = 1003
@OptModulePath5[String] = /MsSys/Department/GetList
@OptModuleName6[String] = 部门管理
@Status7[Int32] = 1
@Mac8[String] = 40:8D:5C:30:F1:7D
@IP9[String] = 127.0.0.1
@Browser10[String] = Chrome 54.0
@OptSystem11[String] = Windows 10
@OptTime12[DateTime] = 2016/10/13 18:44:54
@OptUserName13[String] = 秦波
@OptUserId14[Guid] = 0ad06755-9fde-4ddd-9dcb-448462155a03
@DataId15[String] = 
@CompanyId16[Guid] = 078736e6-0cc2-48dc-80f1-6330419b4af1
@LogTypeName17[String] = 数据操作
@LogTypeId18[Int32] = 101
@LogId19[Guid] = 78732d2f-e501-4338-820a-3261f592f4d7



#############################################################################

1、时间：2016-10-13 18:44:57,956
2、优先级别：DEBUG
3、线程ID：16
4、耗时：223732
5、行号：140
6、文件名：f:\Net_Project.DosORM\Project\Dos.ORM\Dos.ORM.Common\Helpers\LogHelper.cs
7、详细信息：
Text:	 SELECT   TOP 1 * FROM [SYS_Department]  WHERE [SYS_Department].[DepartmentId] = @DepartmentId_12 	
Parameters:
@DepartmentId_12[Guid] = f220aaec-1a5b-4223-9347-5b819823f7a2



#############################################################################

1、时间：2016-10-13 18:45:18,589
2、优先级别：DEBUG
3、线程ID：16
4、耗时：244364
5、行号：140
6、文件名：f:\Net_Project.DosORM\Project\Dos.ORM\Dos.ORM.Common\Helpers\LogHelper.cs
7、详细信息：
Text:	 SELECT count(*) as r_cnt FROM [SYS_Department] WHERE ([SYS_Department].[Status] = @Status_13) AND ([SYS_Department].[CompanyId] = @CompanyId_14)	
Parameters:
@Status_13[Int32] = 1
@CompanyId_14[Guid] = 078736e6-0cc2-48dc-80f1-6330419b4af1



#############################################################################

1、时间：2016-10-13 18:45:18,592
2、优先级别：DEBUG
3、线程ID：16
4、耗时：244367
5、行号：140
6、文件名：f:\Net_Project.DosORM\Project\Dos.ORM\Dos.ORM.Common\Helpers\LogHelper.cs
7、详细信息：
Text:	 SELECT   TOP 15 * FROM [SYS_Department]  WHERE ([SYS_Department].[Status] = @Status_13) AND ([SYS_Department].[CompanyId] = @CompanyId_14) ORDER BY [SYS_Department].[CrtTime] DESC 	
Parameters:
@Status_13[Int32] = 1
@CompanyId_14[Guid] = 078736e6-0cc2-48dc-80f1-6330419b4af1



#############################################################################

1、时间：2016-10-13 18:45:18,620
2、优先级别：DEBUG
3、线程ID：16
4、耗时：244396
5、行号：140
6、文件名：f:\Net_Project.DosORM\Project\Dos.ORM\Dos.ORM.Common\Helpers\LogHelper.cs
7、详细信息：
Text:	INSERT INTO [SYS_LogInfo] ([Desc],[OptResultName],[OptResultId],[OptTypeName],[OptTypeId],[OptModulePath],[OptModuleName],[Status],[Mac],[IP],[Browser],[OptSystem],[OptTime],[OptUserName],[OptUserId],[DataId],[CompanyId],[LogTypeName],[LogTypeId],[LogId]) VALUES (@Desc0,@OptResultName1,@OptResultId2,@OptTypeName3,@OptTypeId4,@OptModulePath5,@OptModuleName6,@Status7,@Mac8,@IP9,@Browser10,@OptSystem11,@OptTime12,@OptUserName13,@OptUserId14,@DataId15,@CompanyId16,@LogTypeName17,@LogTypeId18,@LogId19)	
Parameters:
@Desc0[String] = 数据查询成功！
@OptResultName1[String] = 操作成功
@OptResultId2[Int32] = 100
@OptTypeName3[String] = 查询
@OptTypeId4[Int32] = 1003
@OptModulePath5[String] = /MsSys/Department/GetList
@OptModuleName6[String] = 部门管理
@Status7[Int32] = 1
@Mac8[String] = 40:8D:5C:30:F1:7D
@IP9[String] = 127.0.0.1
@Browser10[String] = Chrome 54.0
@OptSystem11[String] = Windows 10
@OptTime12[DateTime] = 2016/10/13 18:45:18
@OptUserName13[String] = 秦波
@OptUserId14[Guid] = 0ad06755-9fde-4ddd-9dcb-448462155a03
@DataId15[String] = 
@CompanyId16[Guid] = 078736e6-0cc2-48dc-80f1-6330419b4af1
@LogTypeName17[String] = 数据操作
@LogTypeId18[Int32] = 101
@LogId19[Guid] = 95da9cb4-079e-4bef-83b2-ff5a5791ef1d



#############################################################################

1、时间：2016-10-13 18:45:23,706
2、优先级别：DEBUG
3、线程ID：14
4、耗时：249482
5、行号：140
6、文件名：f:\Net_Project.DosORM\Project\Dos.ORM\Dos.ORM.Common\Helpers\LogHelper.cs
7、详细信息：
Text:	 SELECT count(*) as r_cnt FROM [SYS_Role] WHERE ([SYS_Role].[Status] = @Status_15) AND ([SYS_Role].[CompanyId] = @CompanyId_16)	
Parameters:
@Status_15[Int32] = 1
@CompanyId_16[Guid] = 078736e6-0cc2-48dc-80f1-6330419b4af1



#############################################################################

1、时间：2016-10-13 18:45:23,714
2、优先级别：DEBUG
3、线程ID：14
4、耗时：249490
5、行号：140
6、文件名：f:\Net_Project.DosORM\Project\Dos.ORM\Dos.ORM.Common\Helpers\LogHelper.cs
7、详细信息：
Text:	 SELECT   TOP 15 * FROM [SYS_Role]  WHERE ([SYS_Role].[Status] = @Status_15) AND ([SYS_Role].[CompanyId] = @CompanyId_16) ORDER BY [SYS_Role].[CrtTime] DESC 	
Parameters:
@Status_15[Int32] = 1
@CompanyId_16[Guid] = 078736e6-0cc2-48dc-80f1-6330419b4af1



#############################################################################

1、时间：2016-10-13 18:45:23,761
2、优先级别：DEBUG
3、线程ID：14
4、耗时：249537
5、行号：140
6、文件名：f:\Net_Project.DosORM\Project\Dos.ORM\Dos.ORM.Common\Helpers\LogHelper.cs
7、详细信息：
Text:	INSERT INTO [SYS_LogInfo] ([Desc],[OptResultName],[OptResultId],[OptTypeName],[OptTypeId],[OptModulePath],[OptModuleName],[Status],[Mac],[IP],[Browser],[OptSystem],[OptTime],[OptUserName],[OptUserId],[DataId],[CompanyId],[LogTypeName],[LogTypeId],[LogId]) VALUES (@Desc0,@OptResultName1,@OptResultId2,@OptTypeName3,@OptTypeId4,@OptModulePath5,@OptModuleName6,@Status7,@Mac8,@IP9,@Browser10,@OptSystem11,@OptTime12,@OptUserName13,@OptUserId14,@DataId15,@CompanyId16,@LogTypeName17,@LogTypeId18,@LogId19)	
Parameters:
@Desc0[String] = 数据查询成功！
@OptResultName1[String] = 操作成功
@OptResultId2[Int32] = 100
@OptTypeName3[String] = 查询
@OptTypeId4[Int32] = 1003
@OptModulePath5[String] = /MsSys/Role/GetList
@OptModuleName6[String] = 角色管理
@Status7[Int32] = 1
@Mac8[String] = 40:8D:5C:30:F1:7D
@IP9[String] = 127.0.0.1
@Browser10[String] = Chrome 54.0
@OptSystem11[String] = Windows 10
@OptTime12[DateTime] = 2016/10/13 18:45:23
@OptUserName13[String] = 秦波
@OptUserId14[Guid] = 0ad06755-9fde-4ddd-9dcb-448462155a03
@DataId15[String] = 
@CompanyId16[Guid] = 078736e6-0cc2-48dc-80f1-6330419b4af1
@LogTypeName17[String] = 数据操作
@LogTypeId18[Int32] = 101
@LogId19[Guid] = adf8ccc5-7a83-45a3-97b0-569a83111949



#############################################################################

1、时间：2016-10-13 18:45:26,863
2、优先级别：DEBUG
3、线程ID：11
4、耗时：252639
5、行号：140
6、文件名：f:\Net_Project.DosORM\Project\Dos.ORM\Dos.ORM.Common\Helpers\LogHelper.cs
7、详细信息：
Text:	 SELECT   TOP 1 * FROM [SYS_Role]  WHERE [SYS_Role].[RoleId] = @RoleId_17 	
Parameters:
@RoleId_17[Guid] = f5dae1a3-3cfe-4829-b282-a60e5466639e



#############################################################################

1、时间：2016-10-13 18:45:27,098
2、优先级别：DEBUG
3、线程ID：12
4、耗时：252874
5、行号：140
6、文件名：f:\Net_Project.DosORM\Project\Dos.ORM\Dos.ORM.Common\Helpers\LogHelper.cs
7、详细信息：
Text:	 SELECT   * FROM [SYS_RoleModuleRelation]  WHERE [SYS_RoleModuleRelation].[RoleId] = @RoleId_18 	
Parameters:
@RoleId_18[Guid] = f5dae1a3-3cfe-4829-b282-a60e5466639e



#############################################################################

1、时间：2016-10-13 18:45:27,106
2、优先级别：DEBUG
3、线程ID：12
4、耗时：252881
5、行号：140
6、文件名：f:\Net_Project.DosORM\Project\Dos.ORM\Dos.ORM.Common\Helpers\LogHelper.cs
7、详细信息：
Text:	 SELECT   * FROM [SYS_Module]  WHERE [SYS_Module].[Status] = @Status_19 	
Parameters:
@Status_19[Int32] = 1



#############################################################################

1、时间：2016-10-13 18:45:47,807
2、优先级别：DEBUG
3、线程ID：13
4、耗时：273583
5、行号：140
6、文件名：f:\Net_Project.DosORM\Project\Dos.ORM\Dos.ORM.Common\Helpers\LogHelper.cs
7、详细信息：
Text:	 SELECT count(*) as r_cnt FROM [SYS_Operator] WHERE (([SYS_Operator].[Status] = @Status_20) AND ([SYS_Operator].[Account] <> @Account_21)) AND ([SYS_Operator].[CompanyId] = @CompanyId_22)	
Parameters:
@Status_20[Int32] = 1
@Account_21[String] = admin
@CompanyId_22[Guid] = 078736e6-0cc2-48dc-80f1-6330419b4af1



#############################################################################

1、时间：2016-10-13 18:45:47,869
2、优先级别：DEBUG
3、线程ID：13
4、耗时：273644
5、行号：140
6、文件名：f:\Net_Project.DosORM\Project\Dos.ORM\Dos.ORM.Common\Helpers\LogHelper.cs
7、详细信息：
Text:	 SELECT   TOP 15 * FROM [SYS_Operator]  WHERE (([SYS_Operator].[Status] = @Status_20) AND ([SYS_Operator].[Account] <> @Account_21)) AND ([SYS_Operator].[CompanyId] = @CompanyId_22) ORDER BY [SYS_Operator].[CrtTime] DESC 	
Parameters:
@Status_20[Int32] = 1
@Account_21[String] = admin
@CompanyId_22[Guid] = 078736e6-0cc2-48dc-80f1-6330419b4af1



#############################################################################

1、时间：2016-10-13 18:45:47,921
2、优先级别：DEBUG
3、线程ID：13
4、耗时：273696
5、行号：140
6、文件名：f:\Net_Project.DosORM\Project\Dos.ORM\Dos.ORM.Common\Helpers\LogHelper.cs
7、详细信息：
Text:	INSERT INTO [SYS_LogInfo] ([Desc],[OptResultName],[OptResultId],[OptTypeName],[OptTypeId],[OptModulePath],[OptModuleName],[Status],[Mac],[IP],[Browser],[OptSystem],[OptTime],[OptUserName],[OptUserId],[DataId],[CompanyId],[LogTypeName],[LogTypeId],[LogId]) VALUES (@Desc0,@OptResultName1,@OptResultId2,@OptTypeName3,@OptTypeId4,@OptModulePath5,@OptModuleName6,@Status7,@Mac8,@IP9,@Browser10,@OptSystem11,@OptTime12,@OptUserName13,@OptUserId14,@DataId15,@CompanyId16,@LogTypeName17,@LogTypeId18,@LogId19)	
Parameters:
@Desc0[String] = 数据查询成功！
@OptResultName1[String] = 操作成功
@OptResultId2[Int32] = 100
@OptTypeName3[String] = 查询
@OptTypeId4[Int32] = 1003
@OptModulePath5[String] = /MsSys/Operator/GetList
@OptModuleName6[String] = 管理员管理
@Status7[Int32] = 1
@Mac8[String] = 40:8D:5C:30:F1:7D
@IP9[String] = 127.0.0.1
@Browser10[String] = Chrome 54.0
@OptSystem11[String] = Windows 10
@OptTime12[DateTime] = 2016/10/13 18:45:47
@OptUserName13[String] = 秦波
@OptUserId14[Guid] = 0ad06755-9fde-4ddd-9dcb-448462155a03
@DataId15[String] = 
@CompanyId16[Guid] = 078736e6-0cc2-48dc-80f1-6330419b4af1
@LogTypeName17[String] = 数据操作
@LogTypeId18[Int32] = 101
@LogId19[Guid] = 789ba8bc-0b4e-4b3e-b172-7e4c55685736



#############################################################################

1、时间：2016-10-13 18:45:50,041
2、优先级别：DEBUG
3、线程ID：19
4、耗时：275817
5、行号：140
6、文件名：f:\Net_Project.DosORM\Project\Dos.ORM\Dos.ORM.Common\Helpers\LogHelper.cs
7、详细信息：
Text:	 SELECT   TOP 1 * FROM [SYS_Operator]  WHERE [SYS_Operator].[OperatorId] = @OperatorId_23 	
Parameters:
@OperatorId_23[Guid] = 0ad06755-9fde-4ddd-9dcb-448462155a03



#############################################################################

1、时间：2016-10-13 18:45:50,670
2、优先级别：DEBUG
3、线程ID：12
4、耗时：276445
5、行号：140
6、文件名：f:\Net_Project.DosORM\Project\Dos.ORM\Dos.ORM.Common\Helpers\LogHelper.cs
7、详细信息：
Text:	 SELECT count(*) as r_cnt FROM [SYS_Department] WHERE (([SYS_Department].[Status] = @Status_24) AND ([SYS_Department].[IsEnable] = @IsEnable_25)) AND ([SYS_Department].[CompanyId] = @CompanyId_26)	
Parameters:
@Status_24[Int32] = 1
@IsEnable_25[Int32] = 1
@CompanyId_26[Guid] = 078736e6-0cc2-48dc-80f1-6330419b4af1



#############################################################################

1、时间：2016-10-13 18:45:50,672
2、优先级别：DEBUG
3、线程ID：12
4、耗时：276447
5、行号：140
6、文件名：f:\Net_Project.DosORM\Project\Dos.ORM\Dos.ORM.Common\Helpers\LogHelper.cs
7、详细信息：
Text:	 SELECT   TOP 15 * FROM [SYS_Department]  WHERE (([SYS_Department].[Status] = @Status_24) AND ([SYS_Department].[IsEnable] = @IsEnable_25)) AND ([SYS_Department].[CompanyId] = @CompanyId_26) ORDER BY [SYS_Department].[CrtTime] DESC 	
Parameters:
@Status_24[Int32] = 1
@IsEnable_25[Int32] = 1
@CompanyId_26[Guid] = 078736e6-0cc2-48dc-80f1-6330419b4af1



#############################################################################

1、时间：2016-10-13 18:45:50,734
2、优先级别：DEBUG
3、线程ID：11
4、耗时：276510
5、行号：140
6、文件名：f:\Net_Project.DosORM\Project\Dos.ORM\Dos.ORM.Common\Helpers\LogHelper.cs
7、详细信息：
Text:	 SELECT count(*) as r_cnt FROM [SYS_Role] WHERE (([SYS_Role].[Status] = @Status_27) AND ([SYS_Role].[IsEnable] = @IsEnable_28)) AND ([SYS_Role].[CompanyId] = @CompanyId_29)	
Parameters:
@Status_27[Int32] = 1
@IsEnable_28[Int32] = 1
@CompanyId_29[Guid] = 078736e6-0cc2-48dc-80f1-6330419b4af1



#############################################################################

1、时间：2016-10-13 18:45:50,756
2、优先级别：DEBUG
3、线程ID：11
4、耗时：276532
5、行号：140
6、文件名：f:\Net_Project.DosORM\Project\Dos.ORM\Dos.ORM.Common\Helpers\LogHelper.cs
7、详细信息：
Text:	 SELECT   TOP 15 * FROM [SYS_Role]  WHERE (([SYS_Role].[Status] = @Status_27) AND ([SYS_Role].[IsEnable] = @IsEnable_28)) AND ([SYS_Role].[CompanyId] = @CompanyId_29) ORDER BY [SYS_Role].[CrtTime] DESC 	
Parameters:
@Status_27[Int32] = 1
@IsEnable_28[Int32] = 1
@CompanyId_29[Guid] = 078736e6-0cc2-48dc-80f1-6330419b4af1



#############################################################################

1、时间：2016-10-13 18:45:51,271
2、优先级别：DEBUG
3、线程ID：19
4、耗时：277047
5、行号：140
6、文件名：f:\Net_Project.DosORM\Project\Dos.ORM\Dos.ORM.Common\Helpers\LogHelper.cs
7、详细信息：
Text:	 SELECT   * FROM [SYS_OperatorDepartmentRelation]  WHERE [SYS_OperatorDepartmentRelation].[OperatorId] = @OperatorId_30 	
Parameters:
@OperatorId_30[Guid] = 0ad06755-9fde-4ddd-9dcb-448462155a03



#############################################################################

1、时间：2016-10-13 18:45:51,280
2、优先级别：DEBUG
3、线程ID：19
4、耗时：277055
5、行号：140
6、文件名：f:\Net_Project.DosORM\Project\Dos.ORM\Dos.ORM.Common\Helpers\LogHelper.cs
7、详细信息：
Text:	 SELECT   * FROM [SYS_OperatorRoleRelation]  WHERE [SYS_OperatorRoleRelation].[OperatorId] = @OperatorId_31 	
Parameters:
@OperatorId_31[Guid] = 0ad06755-9fde-4ddd-9dcb-448462155a03



#############################################################################

1、时间：2016-10-13 18:46:22,753
2、优先级别：DEBUG
3、线程ID：14
4、耗时：308528
5、行号：140
6、文件名：f:\Net_Project.DosORM\Project\Dos.ORM\Dos.ORM.Common\Helpers\LogHelper.cs
7、详细信息：
Text:	 SELECT count(*) as r_cnt FROM [SYS_Module] WHERE [SYS_Module].[Status] = @Status_32	
Parameters:
@Status_32[Int32] = 1



#############################################################################

1、时间：2016-10-13 18:46:22,791
2、优先级别：DEBUG
3、线程ID：14
4、耗时：308566
5、行号：140
6、文件名：f:\Net_Project.DosORM\Project\Dos.ORM\Dos.ORM.Common\Helpers\LogHelper.cs
7、详细信息：
Text:	 SELECT   TOP 1000 * FROM [SYS_Module]  WHERE [SYS_Module].[Status] = @Status_32 ORDER BY [SYS_Module].[CrtTime] DESC 	
Parameters:
@Status_32[Int32] = 1



#############################################################################

1、时间：2016-10-13 18:46:22,839
2、优先级别：DEBUG
3、线程ID：14
4、耗时：308614
5、行号：140
6、文件名：f:\Net_Project.DosORM\Project\Dos.ORM\Dos.ORM.Common\Helpers\LogHelper.cs
7、详细信息：
Text:	INSERT INTO [SYS_LogInfo] ([Desc],[OptResultName],[OptResultId],[OptTypeName],[OptTypeId],[OptModulePath],[OptModuleName],[Status],[Mac],[IP],[Browser],[OptSystem],[OptTime],[OptUserName],[OptUserId],[DataId],[CompanyId],[LogTypeName],[LogTypeId],[LogId]) VALUES (@Desc0,@OptResultName1,@OptResultId2,@OptTypeName3,@OptTypeId4,@OptModulePath5,@OptModuleName6,@Status7,@Mac8,@IP9,@Browser10,@OptSystem11,@OptTime12,@OptUserName13,@OptUserId14,@DataId15,@CompanyId16,@LogTypeName17,@LogTypeId18,@LogId19)	
Parameters:
@Desc0[String] = 数据查询成功！
@OptResultName1[String] = 操作成功
@OptResultId2[Int32] = 100
@OptTypeName3[String] = 查询
@OptTypeId4[Int32] = 1003
@OptModulePath5[String] = /MsSys/Module/GetList
@OptModuleName6[String] = 模块管理
@Status7[Int32] = 1
@Mac8[String] = 40:8D:5C:30:F1:7D
@IP9[String] = 127.0.0.1
@Browser10[String] = Chrome 54.0
@OptSystem11[String] = Windows 10
@OptTime12[DateTime] = 2016/10/13 18:46:22
@OptUserName13[String] = 秦波
@OptUserId14[Guid] = 0ad06755-9fde-4ddd-9dcb-448462155a03
@DataId15[String] = 
@CompanyId16[Guid] = 078736e6-0cc2-48dc-80f1-6330419b4af1
@LogTypeName17[String] = 数据操作
@LogTypeId18[Int32] = 101
@LogId19[Guid] = d0c50232-28b9-4aa9-81f7-823f39feb201



#############################################################################

1、时间：2016-10-13 18:46:25,206
2、优先级别：DEBUG
3、线程ID：16
4、耗时：310982
5、行号：140
6、文件名：f:\Net_Project.DosORM\Project\Dos.ORM\Dos.ORM.Common\Helpers\LogHelper.cs
7、详细信息：
Text:	 SELECT count(*) as r_cnt FROM [SYS_Button] WHERE [SYS_Button].[Status] = @Status_33	
Parameters:
@Status_33[Int32] = 1



#############################################################################

1、时间：2016-10-13 18:46:25,222
2、优先级别：DEBUG
3、线程ID：16
4、耗时：310998
5、行号：140
6、文件名：f:\Net_Project.DosORM\Project\Dos.ORM\Dos.ORM.Common\Helpers\LogHelper.cs
7、详细信息：
Text:	 SELECT   TOP 15 * FROM [SYS_Button]  WHERE [SYS_Button].[Status] = @Status_33 ORDER BY [SYS_Button].[CrtTime] DESC 	
Parameters:
@Status_33[Int32] = 1



#############################################################################

1、时间：2016-10-13 18:46:27,795
2、优先级别：DEBUG
3、线程ID：19
4、耗时：313570
5、行号：140
6、文件名：f:\Net_Project.DosORM\Project\Dos.ORM\Dos.ORM.Common\Helpers\LogHelper.cs
7、详细信息：
Text:	 SELECT   TOP 1 * FROM [SYS_Module]  WHERE [SYS_Module].[ModuleId] = @ModuleId_34 	
Parameters:
@ModuleId_34[Guid] = 346d7165-97fb-43e3-a27a-27f7cb8f528d



#############################################################################

1、时间：2016-10-13 18:46:28,039
2、优先级别：DEBUG
3、线程ID：14
4、耗时：313815
5、行号：140
6、文件名：f:\Net_Project.DosORM\Project\Dos.ORM\Dos.ORM.Common\Helpers\LogHelper.cs
7、详细信息：
Text:	 SELECT   * FROM [SYS_Module]  WHERE [SYS_Module].[Status] = @Status_35 	
Parameters:
@Status_35[Int32] = 1



#############################################################################

1、时间：2016-10-13 18:46:28,527
2、优先级别：DEBUG
3、线程ID：5
4、耗时：314303
5、行号：140
6、文件名：f:\Net_Project.DosORM\Project\Dos.ORM\Dos.ORM.Common\Helpers\LogHelper.cs
7、详细信息：
Text:	 SELECT   * FROM [SYS_Button]  WHERE [SYS_Button].[Status] = @Status_36 	
Parameters:
@Status_36[Int32] = 1



#############################################################################

1、时间：2016-10-13 18:46:28,534
2、优先级别：DEBUG
3、线程ID：5
4、耗时：314310
5、行号：140
6、文件名：f:\Net_Project.DosORM\Project\Dos.ORM\Dos.ORM.Common\Helpers\LogHelper.cs
7、详细信息：
Text:	 SELECT   * FROM [SYS_ModuleButtonRelation]  WHERE [SYS_ModuleButtonRelation].[ModuleId] = @ModuleId_37 	
Parameters:
@ModuleId_37[Guid] = 346d7165-97fb-43e3-a27a-27f7cb8f528d



#############################################################################

1、时间：2016-10-13 18:47:07,526
2、优先级别：DEBUG
3、线程ID：15
4、耗时：353302
5、行号：140
6、文件名：f:\Net_Project.DosORM\Project\Dos.ORM\Dos.ORM.Common\Helpers\LogHelper.cs
7、详细信息：
Text:	 SELECT count(*) as r_cnt FROM [SYS_LogType] WHERE [SYS_LogType].[Status] = @Status_38	
Parameters:
@Status_38[Int32] = 1



#############################################################################

1、时间：2016-10-13 18:47:07,555
2、优先级别：DEBUG
3、线程ID：15
4、耗时：353331
5、行号：140
6、文件名：f:\Net_Project.DosORM\Project\Dos.ORM\Dos.ORM.Common\Helpers\LogHelper.cs
7、详细信息：
Text:	 SELECT   TOP 15 * FROM [SYS_LogType]  WHERE [SYS_LogType].[Status] = @Status_38 ORDER BY [SYS_LogType].[CrtTime] DESC 	
Parameters:
@Status_38[Int32] = 1



#############################################################################

1、时间：2016-10-13 18:47:09,409
2、优先级别：DEBUG
3、线程ID：14
4、耗时：355185
5、行号：140
6、文件名：f:\Net_Project.DosORM\Project\Dos.ORM\Dos.ORM.Common\Helpers\LogHelper.cs
7、详细信息：
Text:	 SELECT count(*) as r_cnt FROM [SYS_LogInfo] WHERE ([SYS_LogInfo].[Status] = @Status_39) AND ([SYS_LogInfo].[CompanyId] = @CompanyId_40)	
Parameters:
@Status_39[Int32] = 1
@CompanyId_40[Guid] = 078736e6-0cc2-48dc-80f1-6330419b4af1



#############################################################################

1、时间：2016-10-13 18:47:09,432
2、优先级别：DEBUG
3、线程ID：14
4、耗时：355208
5、行号：140
6、文件名：f:\Net_Project.DosORM\Project\Dos.ORM\Dos.ORM.Common\Helpers\LogHelper.cs
7、详细信息：
Text:	 SELECT   TOP 15 * FROM [SYS_LogInfo]  WHERE ([SYS_LogInfo].[Status] = @Status_39) AND ([SYS_LogInfo].[CompanyId] = @CompanyId_40) ORDER BY [SYS_LogInfo].[OptTime] DESC 	
Parameters:
@Status_39[Int32] = 1
@CompanyId_40[Guid] = 078736e6-0cc2-48dc-80f1-6330419b4af1



#############################################################################

1、时间：2016-10-13 18:47:19,248
2、优先级别：DEBUG
3、线程ID：21
4、耗时：365024
5、行号：140
6、文件名：f:\Net_Project.DosORM\Project\Dos.ORM\Dos.ORM.Common\Helpers\LogHelper.cs
7、详细信息：
Text:	 SELECT count(*) as r_cnt FROM [SYS_LogInfo] WHERE ([SYS_LogInfo].[Status] = @Status_41) AND ([SYS_LogInfo].[CompanyId] = @CompanyId_42)	
Parameters:
@Status_41[Int32] = 1
@CompanyId_42[Guid] = 078736e6-0cc2-48dc-80f1-6330419b4af1



#############################################################################

1、时间：2016-10-13 18:47:19,255
2、优先级别：DEBUG
3、线程ID：21
4、耗时：365031
5、行号：140
6、文件名：f:\Net_Project.DosORM\Project\Dos.ORM\Dos.ORM.Common\Helpers\LogHelper.cs
7、详细信息：
Text:	 SELECT   * FROM ( SELECT   *,row_number() over( ORDER BY [SYS_LogInfo].[OptTime] DESC) AS tmp_rowid FROM [SYS_LogInfo]  WHERE ([SYS_LogInfo].[Status] = @Status_41) AND ([SYS_LogInfo].[CompanyId] = @CompanyId_42) ) AS tmp_table  WHERE tmp_rowid BETWEEN 16 AND 30 	
Parameters:
@Status_41[Int32] = 1
@CompanyId_42[Guid] = 078736e6-0cc2-48dc-80f1-6330419b4af1



#############################################################################

1、时间：2016-10-13 18:47:23,247
2、优先级别：DEBUG
3、线程ID：7
4、耗时：369022
5、行号：140
6、文件名：f:\Net_Project.DosORM\Project\Dos.ORM\Dos.ORM.Common\Helpers\LogHelper.cs
7、详细信息：
Text:	 SELECT count(*) as r_cnt FROM [SYS_LogInfo] WHERE ([SYS_LogInfo].[Status] = @Status_43) AND ([SYS_LogInfo].[CompanyId] = @CompanyId_44)	
Parameters:
@Status_43[Int32] = 1
@CompanyId_44[Guid] = 078736e6-0cc2-48dc-80f1-6330419b4af1



#############################################################################

1、时间：2016-10-13 18:47:23,250
2、优先级别：DEBUG
3、线程ID：7
4、耗时：369025
5、行号：140
6、文件名：f:\Net_Project.DosORM\Project\Dos.ORM\Dos.ORM.Common\Helpers\LogHelper.cs
7、详细信息：
Text:	 SELECT   TOP 15 * FROM [SYS_LogInfo]  WHERE ([SYS_LogInfo].[Status] = @Status_43) AND ([SYS_LogInfo].[CompanyId] = @CompanyId_44) ORDER BY [SYS_LogInfo].[OptTime] DESC 	
Parameters:
@Status_43[Int32] = 1
@CompanyId_44[Guid] = 078736e6-0cc2-48dc-80f1-6330419b4af1



#############################################################################

1、时间：2016-10-13 18:47:26,528
2、优先级别：DEBUG
3、线程ID：16
4、耗时：372304
5、行号：140
6、文件名：f:\Net_Project.DosORM\Project\Dos.ORM\Dos.ORM.Common\Helpers\LogHelper.cs
7、详细信息：
Text:	 SELECT count(*) as r_cnt FROM [SYS_LogInfo] WHERE ([SYS_LogInfo].[Status] = @Status_45) AND ([SYS_LogInfo].[CompanyId] = @CompanyId_46)	
Parameters:
@Status_45[Int32] = 1
@CompanyId_46[Guid] = 078736e6-0cc2-48dc-80f1-6330419b4af1



#############################################################################

1、时间：2016-10-13 18:47:26,531
2、优先级别：DEBUG
3、线程ID：16
4、耗时：372306
5、行号：140
6、文件名：f:\Net_Project.DosORM\Project\Dos.ORM\Dos.ORM.Common\Helpers\LogHelper.cs
7、详细信息：
Text:	 SELECT   * FROM ( SELECT   *,row_number() over( ORDER BY [SYS_LogInfo].[OptTime] DESC) AS tmp_rowid FROM [SYS_LogInfo]  WHERE ([SYS_LogInfo].[Status] = @Status_45) AND ([SYS_LogInfo].[CompanyId] = @CompanyId_46) ) AS tmp_table  WHERE tmp_rowid BETWEEN 16 AND 30 	
Parameters:
@Status_45[Int32] = 1
@CompanyId_46[Guid] = 078736e6-0cc2-48dc-80f1-6330419b4af1



#############################################################################

1、时间：2016-10-13 18:47:28,912
2、优先级别：DEBUG
3、线程ID：11
4、耗时：374687
5、行号：140
6、文件名：f:\Net_Project.DosORM\Project\Dos.ORM\Dos.ORM.Common\Helpers\LogHelper.cs
7、详细信息：
Text:	 SELECT   TOP 1 * FROM [SYS_LogInfo]  WHERE [SYS_LogInfo].[LogId] = @LogId_47 	
Parameters:
@LogId_47[Guid] = 78bb2e4d-da0a-4c00-82ab-bfd2acfc33f2



#############################################################################

1、时间：2016-10-13 18:47:58,409
2、优先级别：DEBUG
3、线程ID：20
4、耗时：404184
5、行号：140
6、文件名：f:\Net_Project.DosORM\Project\Dos.ORM\Dos.ORM.Common\Helpers\LogHelper.cs
7、详细信息：
Text:	 SELECT count(*) as r_cnt FROM [SYS_LogInfo] WHERE ([SYS_LogInfo].[Status] = @Status_48) AND ([SYS_LogInfo].[CompanyId] = @CompanyId_49)	
Parameters:
@Status_48[Int32] = 1
@CompanyId_49[Guid] = 078736e6-0cc2-48dc-80f1-6330419b4af1



#############################################################################

1、时间：2016-10-13 18:47:58,414
2、优先级别：DEBUG
3、线程ID：20
4、耗时：404189
5、行号：140
6、文件名：f:\Net_Project.DosORM\Project\Dos.ORM\Dos.ORM.Common\Helpers\LogHelper.cs
7、详细信息：
Text:	 SELECT   TOP 15 * FROM [SYS_LogInfo]  WHERE ([SYS_LogInfo].[Status] = @Status_48) AND ([SYS_LogInfo].[CompanyId] = @CompanyId_49) ORDER BY [SYS_LogInfo].[OptTime] DESC 	
Parameters:
@Status_48[Int32] = 1
@CompanyId_49[Guid] = 078736e6-0cc2-48dc-80f1-6330419b4af1



#############################################################################

1、时间：2016-10-13 18:48:04,428
2、优先级别：DEBUG
3、线程ID：14
4、耗时：410204
5、行号：140
6、文件名：f:\Net_Project.DosORM\Project\Dos.ORM\Dos.ORM.Common\Helpers\LogHelper.cs
7、详细信息：
Text:	 SELECT   TOP 1 * FROM [SYS_LogInfo]  WHERE [SYS_LogInfo].[LogId] = @LogId_50 	
Parameters:
@LogId_50[Guid] = d0c50232-28b9-4aa9-81f7-823f39feb201



#############################################################################

1、时间：2016-10-13 18:48:54,195
2、优先级别：DEBUG
3、线程ID：26
4、耗时：459971
5、行号：140
6、文件名：f:\Net_Project.DosORM\Project\Dos.ORM\Dos.ORM.Common\Helpers\LogHelper.cs
7、详细信息：
Text:	 SELECT count(*) as r_cnt FROM [SYS_LogInfo] WHERE ([SYS_LogInfo].[Status] = @Status_51) AND ([SYS_LogInfo].[CompanyId] = @CompanyId_52)	
Parameters:
@Status_51[Int32] = 1
@CompanyId_52[Guid] = 078736e6-0cc2-48dc-80f1-6330419b4af1



#############################################################################

1、时间：2016-10-13 18:48:54,198
2、优先级别：DEBUG
3、线程ID：26
4、耗时：459974
5、行号：140
6、文件名：f:\Net_Project.DosORM\Project\Dos.ORM\Dos.ORM.Common\Helpers\LogHelper.cs
7、详细信息：
Text:	 SELECT   TOP 15 * FROM [SYS_LogInfo]  WHERE ([SYS_LogInfo].[Status] = @Status_51) AND ([SYS_LogInfo].[CompanyId] = @CompanyId_52) ORDER BY [SYS_LogInfo].[OptTime] DESC 	
Parameters:
@Status_51[Int32] = 1
@CompanyId_52[Guid] = 078736e6-0cc2-48dc-80f1-6330419b4af1



#############################################################################

1、时间：2016-10-13 18:48:56,641
2、优先级别：DEBUG
3、线程ID：14
4、耗时：462416
5、行号：140
6、文件名：f:\Net_Project.DosORM\Project\Dos.ORM\Dos.ORM.Common\Helpers\LogHelper.cs
7、详细信息：
Text:	 SELECT count(*) as r_cnt FROM [SYS_LogInfo] WHERE ([SYS_LogInfo].[Status] = @Status_53) AND ([SYS_LogInfo].[CompanyId] = @CompanyId_54)	
Parameters:
@Status_53[Int32] = 1
@CompanyId_54[Guid] = 078736e6-0cc2-48dc-80f1-6330419b4af1



#############################################################################

1、时间：2016-10-13 18:48:56,644
2、优先级别：DEBUG
3、线程ID：14
4、耗时：462420
5、行号：140
6、文件名：f:\Net_Project.DosORM\Project\Dos.ORM\Dos.ORM.Common\Helpers\LogHelper.cs
7、详细信息：
Text:	 SELECT   * FROM ( SELECT   *,row_number() over( ORDER BY [SYS_LogInfo].[OptTime] DESC) AS tmp_rowid FROM [SYS_LogInfo]  WHERE ([SYS_LogInfo].[Status] = @Status_53) AND ([SYS_LogInfo].[CompanyId] = @CompanyId_54) ) AS tmp_table  WHERE tmp_rowid BETWEEN 16 AND 30 	
Parameters:
@Status_53[Int32] = 1
@CompanyId_54[Guid] = 078736e6-0cc2-48dc-80f1-6330419b4af1



#############################################################################

1、时间：2016-10-13 18:48:58,385
2、优先级别：DEBUG
3、线程ID：22
4、耗时：464160
5、行号：140
6、文件名：f:\Net_Project.DosORM\Project\Dos.ORM\Dos.ORM.Common\Helpers\LogHelper.cs
7、详细信息：
Text:	 SELECT count(*) as r_cnt FROM [SYS_LogInfo] WHERE ([SYS_LogInfo].[Status] = @Status_55) AND ([SYS_LogInfo].[CompanyId] = @CompanyId_56)	
Parameters:
@Status_55[Int32] = 1
@CompanyId_56[Guid] = 078736e6-0cc2-48dc-80f1-6330419b4af1



#############################################################################

1、时间：2016-10-13 18:48:58,388
2、优先级别：DEBUG
3、线程ID：22
4、耗时：464163
5、行号：140
6、文件名：f:\Net_Project.DosORM\Project\Dos.ORM\Dos.ORM.Common\Helpers\LogHelper.cs
7、详细信息：
Text:	 SELECT   * FROM ( SELECT   *,row_number() over( ORDER BY [SYS_LogInfo].[OptTime] DESC) AS tmp_rowid FROM [SYS_LogInfo]  WHERE ([SYS_LogInfo].[Status] = @Status_55) AND ([SYS_LogInfo].[CompanyId] = @CompanyId_56) ) AS tmp_table  WHERE tmp_rowid BETWEEN 31 AND 45 	
Parameters:
@Status_55[Int32] = 1
@CompanyId_56[Guid] = 078736e6-0cc2-48dc-80f1-6330419b4af1



#############################################################################

1、时间：2016-10-13 18:49:01,768
2、优先级别：DEBUG
3、线程ID：25
4、耗时：467544
5、行号：140
6、文件名：f:\Net_Project.DosORM\Project\Dos.ORM\Dos.ORM.Common\Helpers\LogHelper.cs
7、详细信息：
Text:	 SELECT   * FROM [v_SYS_LogInfoRpt]  WHERE  1=1  	



#############################################################################

1、时间：2016-10-13 18:49:20,825
2、优先级别：DEBUG
3、线程ID：8
4、耗时：486601
5、行号：140
6、文件名：f:\Net_Project.DosORM\Project\Dos.ORM\Dos.ORM.Common\Helpers\LogHelper.cs
7、详细信息：
Text:	 SELECT count(*) as r_cnt FROM [BUS_NewsType] WHERE ([BUS_NewsType].[Status] = @Status_57) AND ([BUS_NewsType].[CompanyId] = @CompanyId_58)	
Parameters:
@Status_57[Int32] = 1
@CompanyId_58[Guid] = 078736e6-0cc2-48dc-80f1-6330419b4af1



#############################################################################

1、时间：2016-10-13 18:49:20,841
2、优先级别：DEBUG
3、线程ID：8
4、耗时：486617
5、行号：140
6、文件名：f:\Net_Project.DosORM\Project\Dos.ORM\Dos.ORM.Common\Helpers\LogHelper.cs
7、详细信息：
Text:	 SELECT   TOP 15 * FROM [BUS_NewsType]  WHERE ([BUS_NewsType].[Status] = @Status_57) AND ([BUS_NewsType].[CompanyId] = @CompanyId_58) ORDER BY [BUS_NewsType].[CrtTime] DESC 	
Parameters:
@Status_57[Int32] = 1
@CompanyId_58[Guid] = 078736e6-0cc2-48dc-80f1-6330419b4af1



#############################################################################

1、时间：2016-10-13 18:49:20,880
2、优先级别：DEBUG
3、线程ID：8
4、耗时：486655
5、行号：140
6、文件名：f:\Net_Project.DosORM\Project\Dos.ORM\Dos.ORM.Common\Helpers\LogHelper.cs
7、详细信息：
Text:	INSERT INTO [SYS_LogInfo] ([Desc],[OptResultName],[OptResultId],[OptTypeName],[OptTypeId],[OptModulePath],[OptModuleName],[Status],[Mac],[IP],[Browser],[OptSystem],[OptTime],[OptUserName],[OptUserId],[DataId],[CompanyId],[LogTypeName],[LogTypeId],[LogId]) VALUES (@Desc0,@OptResultName1,@OptResultId2,@OptTypeName3,@OptTypeId4,@OptModulePath5,@OptModuleName6,@Status7,@Mac8,@IP9,@Browser10,@OptSystem11,@OptTime12,@OptUserName13,@OptUserId14,@DataId15,@CompanyId16,@LogTypeName17,@LogTypeId18,@LogId19)	
Parameters:
@Desc0[String] = 数据查询成功！
@OptResultName1[String] = 操作成功
@OptResultId2[Int32] = 100
@OptTypeName3[String] = 查询
@OptTypeId4[Int32] = 1003
@OptModulePath5[String] = /MsBus/NewsType/GetList
@OptModuleName6[String] = 新闻类别管理
@Status7[Int32] = 1
@Mac8[String] = 40:8D:5C:30:F1:7D
@IP9[String] = 127.0.0.1
@Browser10[String] = Chrome 54.0
@OptSystem11[String] = Windows 10
@OptTime12[DateTime] = 2016/10/13 18:49:20
@OptUserName13[String] = 秦波
@OptUserId14[Guid] = 0ad06755-9fde-4ddd-9dcb-448462155a03
@DataId15[String] = 
@CompanyId16[Guid] = 078736e6-0cc2-48dc-80f1-6330419b4af1
@LogTypeName17[String] = 数据操作
@LogTypeId18[Int32] = 101
@LogId19[Guid] = a5c089ad-6925-43e7-917c-fb73a09ab6b2



#############################################################################

1、时间：2016-10-13 18:49:24,419
2、优先级别：DEBUG
3、线程ID：19
4、耗时：490195
5、行号：140
6、文件名：f:\Net_Project.DosORM\Project\Dos.ORM\Dos.ORM.Common\Helpers\LogHelper.cs
7、详细信息：
Text:	 SELECT   * FROM [BUS_NewsType]  WHERE (([BUS_NewsType].[Status] = @Status_59) AND ([BUS_NewsType].[IsEnable] = @IsEnable_60)) AND ([BUS_NewsType].[CompanyId] = @CompanyId_61) 	
Parameters:
@Status_59[Int32] = 1
@IsEnable_60[Int32] = 1
@CompanyId_61[Guid] = 078736e6-0cc2-48dc-80f1-6330419b4af1



#############################################################################

1、时间：2016-10-13 18:49:25,021
2、优先级别：DEBUG
3、线程ID：23
4、耗时：490797
5、行号：140
6、文件名：f:\Net_Project.DosORM\Project\Dos.ORM\Dos.ORM.Common\Helpers\LogHelper.cs
7、详细信息：
Text:	 SELECT count(*) as r_cnt FROM [BUS_NewsInfo] LEFT OUTER JOIN [BUS_NewsType] ON ([BUS_NewsInfo].[NewsTypeId] = [BUS_NewsType].[NewsTypeId]) WHERE ([BUS_NewsInfo].[Status] = @Status_62) AND ([BUS_NewsInfo].[CompanyId] = @CompanyId_63)	
Parameters:
@Status_62[Int32] = 1
@CompanyId_63[Guid] = 078736e6-0cc2-48dc-80f1-6330419b4af1



#############################################################################

1、时间：2016-10-13 18:49:25,083
2、优先级别：DEBUG
3、线程ID：23
4、耗时：490859
5、行号：140
6、文件名：f:\Net_Project.DosORM\Project\Dos.ORM\Dos.ORM.Common\Helpers\LogHelper.cs
7、详细信息：
Text:	 SELECT   TOP 15 [BUS_NewsInfo].*,[BUS_NewsType].[NewsTypeName] FROM [BUS_NewsInfo] LEFT OUTER JOIN [BUS_NewsType] ON ([BUS_NewsInfo].[NewsTypeId] = [BUS_NewsType].[NewsTypeId])  WHERE ([BUS_NewsInfo].[Status] = @Status_62) AND ([BUS_NewsInfo].[CompanyId] = @CompanyId_63) ORDER BY [BUS_NewsInfo].[CrtTime] DESC 	
Parameters:
@Status_62[Int32] = 1
@CompanyId_63[Guid] = 078736e6-0cc2-48dc-80f1-6330419b4af1



#############################################################################

1、时间：2016-10-13 18:49:25,146
2、优先级别：DEBUG
3、线程ID：23
4、耗时：490922
5、行号：140
6、文件名：f:\Net_Project.DosORM\Project\Dos.ORM\Dos.ORM.Common\Helpers\LogHelper.cs
7、详细信息：
Text:	INSERT INTO [SYS_LogInfo] ([Desc],[OptResultName],[OptResultId],[OptTypeName],[OptTypeId],[OptModulePath],[OptModuleName],[Status],[Mac],[IP],[Browser],[OptSystem],[OptTime],[OptUserName],[OptUserId],[DataId],[CompanyId],[LogTypeName],[LogTypeId],[LogId]) VALUES (@Desc0,@OptResultName1,@OptResultId2,@OptTypeName3,@OptTypeId4,@OptModulePath5,@OptModuleName6,@Status7,@Mac8,@IP9,@Browser10,@OptSystem11,@OptTime12,@OptUserName13,@OptUserId14,@DataId15,@CompanyId16,@LogTypeName17,@LogTypeId18,@LogId19)	
Parameters:
@Desc0[String] = 数据查询成功！
@OptResultName1[String] = 操作成功
@OptResultId2[Int32] = 100
@OptTypeName3[String] = 查询
@OptTypeId4[Int32] = 1003
@OptModulePath5[String] = /MsBus/NewsInfo/GetList
@OptModuleName6[String] = 新闻信息管理
@Status7[Int32] = 1
@Mac8[String] = 40:8D:5C:30:F1:7D
@IP9[String] = 127.0.0.1
@Browser10[String] = Chrome 54.0
@OptSystem11[String] = Windows 10
@OptTime12[DateTime] = 2016/10/13 18:49:25
@OptUserName13[String] = 秦波
@OptUserId14[Guid] = 0ad06755-9fde-4ddd-9dcb-448462155a03
@DataId15[String] = 
@CompanyId16[Guid] = 078736e6-0cc2-48dc-80f1-6330419b4af1
@LogTypeName17[String] = 数据操作
@LogTypeId18[Int32] = 101
@LogId19[Guid] = 93143cdc-dabf-4fcf-a616-1553abde9825



#############################################################################

1、时间：2016-10-13 19:06:03,882
2、优先级别：DEBUG
3、线程ID：55
4、耗时：1489658
5、行号：140
6、文件名：f:\Net_Project.DosORM\Project\Dos.ORM\Dos.ORM.Common\Helpers\LogHelper.cs
7、详细信息：
Text:	 SELECT   * FROM [SYS_Module]  WHERE ([SYS_Module].[Status] = @Status_64) AND ([SYS_Module].[OperatePageType] = @OperatePageType_65) 	
Parameters:
@Status_64[Int32] = 1
@OperatePageType_65[Int32] = 1


